[2023-08-27T11:24:07.974+0000] {processor.py:154} INFO - Started process (PID=29301) to work on /opt/airflow/dags/user_processing.py
[2023-08-27T11:24:07.976+0000] {processor.py:756} INFO - Processing file /opt/airflow/dags/user_processing.py for tasks to queue
[2023-08-27T11:24:07.979+0000] {logging_mixin.py:120} INFO - [2023-08-27T11:24:07.979+0000] {dagbag.py:537} INFO - Filling up the DagBag from /opt/airflow/dags/user_processing.py
[2023-08-27T11:24:08.326+0000] {processor.py:766} INFO - DAG(s) dict_keys(['user_processing']) retrieved from /opt/airflow/dags/user_processing.py
[2023-08-27T11:24:08.473+0000] {logging_mixin.py:120} INFO - [2023-08-27T11:24:08.472+0000] {dag.py:2585} INFO - Sync 1 DAGs
[2023-08-27T11:24:08.497+0000] {logging_mixin.py:120} INFO - [2023-08-27T11:24:08.497+0000] {dag.py:3340} INFO - Setting next_dagrun for user_processing to 2023-08-27T00:00:00+00:00, run_after=2023-08-28T00:00:00+00:00
[2023-08-27T11:24:08.509+0000] {processor.py:176} INFO - Processing /opt/airflow/dags/user_processing.py took 0.551 seconds
[2023-08-27T11:24:39.263+0000] {processor.py:154} INFO - Started process (PID=29357) to work on /opt/airflow/dags/user_processing.py
[2023-08-27T11:24:39.265+0000] {processor.py:756} INFO - Processing file /opt/airflow/dags/user_processing.py for tasks to queue
[2023-08-27T11:24:39.266+0000] {logging_mixin.py:120} INFO - [2023-08-27T11:24:39.266+0000] {dagbag.py:537} INFO - Filling up the DagBag from /opt/airflow/dags/user_processing.py
[2023-08-27T11:24:39.796+0000] {processor.py:766} INFO - DAG(s) dict_keys(['user_processing']) retrieved from /opt/airflow/dags/user_processing.py
[2023-08-27T11:24:39.959+0000] {logging_mixin.py:120} INFO - [2023-08-27T11:24:39.959+0000] {dag.py:2585} INFO - Sync 1 DAGs
[2023-08-27T11:24:40.261+0000] {logging_mixin.py:120} INFO - [2023-08-27T11:24:40.261+0000] {dag.py:3340} INFO - Setting next_dagrun for user_processing to 2023-08-27T00:00:00+00:00, run_after=2023-08-28T00:00:00+00:00
[2023-08-27T11:24:40.289+0000] {processor.py:176} INFO - Processing /opt/airflow/dags/user_processing.py took 1.033 seconds
[2023-08-27T11:25:10.561+0000] {processor.py:154} INFO - Started process (PID=29422) to work on /opt/airflow/dags/user_processing.py
[2023-08-27T11:25:10.563+0000] {processor.py:756} INFO - Processing file /opt/airflow/dags/user_processing.py for tasks to queue
[2023-08-27T11:25:10.565+0000] {logging_mixin.py:120} INFO - [2023-08-27T11:25:10.564+0000] {dagbag.py:537} INFO - Filling up the DagBag from /opt/airflow/dags/user_processing.py
[2023-08-27T11:25:10.830+0000] {processor.py:766} INFO - DAG(s) dict_keys(['user_processing']) retrieved from /opt/airflow/dags/user_processing.py
[2023-08-27T11:25:10.940+0000] {logging_mixin.py:120} INFO - [2023-08-27T11:25:10.940+0000] {dag.py:2585} INFO - Sync 1 DAGs
[2023-08-27T11:25:10.956+0000] {logging_mixin.py:120} INFO - [2023-08-27T11:25:10.956+0000] {dag.py:3340} INFO - Setting next_dagrun for user_processing to 2023-08-27T00:00:00+00:00, run_after=2023-08-28T00:00:00+00:00
[2023-08-27T11:25:10.973+0000] {processor.py:176} INFO - Processing /opt/airflow/dags/user_processing.py took 0.419 seconds
[2023-08-27T11:25:41.794+0000] {processor.py:154} INFO - Started process (PID=29487) to work on /opt/airflow/dags/user_processing.py
[2023-08-27T11:25:41.795+0000] {processor.py:756} INFO - Processing file /opt/airflow/dags/user_processing.py for tasks to queue
[2023-08-27T11:25:41.797+0000] {logging_mixin.py:120} INFO - [2023-08-27T11:25:41.796+0000] {dagbag.py:537} INFO - Filling up the DagBag from /opt/airflow/dags/user_processing.py
[2023-08-27T11:25:42.037+0000] {processor.py:766} INFO - DAG(s) dict_keys(['user_processing']) retrieved from /opt/airflow/dags/user_processing.py
[2023-08-27T11:25:42.161+0000] {logging_mixin.py:120} INFO - [2023-08-27T11:25:42.161+0000] {dag.py:2585} INFO - Sync 1 DAGs
[2023-08-27T11:25:42.175+0000] {logging_mixin.py:120} INFO - [2023-08-27T11:25:42.175+0000] {dag.py:3340} INFO - Setting next_dagrun for user_processing to 2023-08-27T00:00:00+00:00, run_after=2023-08-28T00:00:00+00:00
[2023-08-27T11:25:42.185+0000] {processor.py:176} INFO - Processing /opt/airflow/dags/user_processing.py took 0.397 seconds
[2023-08-27T11:26:12.321+0000] {processor.py:154} INFO - Started process (PID=29553) to work on /opt/airflow/dags/user_processing.py
[2023-08-27T11:26:12.323+0000] {processor.py:756} INFO - Processing file /opt/airflow/dags/user_processing.py for tasks to queue
[2023-08-27T11:26:12.323+0000] {logging_mixin.py:120} INFO - [2023-08-27T11:26:12.323+0000] {dagbag.py:537} INFO - Filling up the DagBag from /opt/airflow/dags/user_processing.py
[2023-08-27T11:26:12.538+0000] {processor.py:766} INFO - DAG(s) dict_keys(['user_processing']) retrieved from /opt/airflow/dags/user_processing.py
[2023-08-27T11:26:12.630+0000] {logging_mixin.py:120} INFO - [2023-08-27T11:26:12.629+0000] {dag.py:2585} INFO - Sync 1 DAGs
[2023-08-27T11:26:12.643+0000] {logging_mixin.py:120} INFO - [2023-08-27T11:26:12.643+0000] {dag.py:3340} INFO - Setting next_dagrun for user_processing to 2023-08-27T00:00:00+00:00, run_after=2023-08-28T00:00:00+00:00
[2023-08-27T11:26:12.656+0000] {processor.py:176} INFO - Processing /opt/airflow/dags/user_processing.py took 0.338 seconds
[2023-08-27T11:26:42.682+0000] {processor.py:154} INFO - Started process (PID=29618) to work on /opt/airflow/dags/user_processing.py
[2023-08-27T11:26:42.683+0000] {processor.py:756} INFO - Processing file /opt/airflow/dags/user_processing.py for tasks to queue
[2023-08-27T11:26:42.684+0000] {logging_mixin.py:120} INFO - [2023-08-27T11:26:42.684+0000] {dagbag.py:537} INFO - Filling up the DagBag from /opt/airflow/dags/user_processing.py
[2023-08-27T11:26:42.897+0000] {processor.py:766} INFO - DAG(s) dict_keys(['user_processing']) retrieved from /opt/airflow/dags/user_processing.py
[2023-08-27T11:26:42.996+0000] {logging_mixin.py:120} INFO - [2023-08-27T11:26:42.995+0000] {dag.py:2585} INFO - Sync 1 DAGs
[2023-08-27T11:26:43.182+0000] {logging_mixin.py:120} INFO - [2023-08-27T11:26:43.182+0000] {dag.py:3340} INFO - Setting next_dagrun for user_processing to 2023-08-27T00:00:00+00:00, run_after=2023-08-28T00:00:00+00:00
[2023-08-27T11:26:43.192+0000] {processor.py:176} INFO - Processing /opt/airflow/dags/user_processing.py took 0.513 seconds
[2023-08-27T11:27:14.133+0000] {processor.py:154} INFO - Started process (PID=29684) to work on /opt/airflow/dags/user_processing.py
[2023-08-27T11:27:14.136+0000] {processor.py:756} INFO - Processing file /opt/airflow/dags/user_processing.py for tasks to queue
[2023-08-27T11:27:14.137+0000] {logging_mixin.py:120} INFO - [2023-08-27T11:27:14.137+0000] {dagbag.py:537} INFO - Filling up the DagBag from /opt/airflow/dags/user_processing.py
[2023-08-27T11:27:14.358+0000] {processor.py:766} INFO - DAG(s) dict_keys(['user_processing']) retrieved from /opt/airflow/dags/user_processing.py
[2023-08-27T11:27:14.478+0000] {logging_mixin.py:120} INFO - [2023-08-27T11:27:14.477+0000] {dag.py:2585} INFO - Sync 1 DAGs
[2023-08-27T11:27:14.491+0000] {logging_mixin.py:120} INFO - [2023-08-27T11:27:14.491+0000] {dag.py:3340} INFO - Setting next_dagrun for user_processing to 2023-08-27T00:00:00+00:00, run_after=2023-08-28T00:00:00+00:00
[2023-08-27T11:27:14.501+0000] {processor.py:176} INFO - Processing /opt/airflow/dags/user_processing.py took 0.372 seconds
[2023-08-27T11:27:45.389+0000] {processor.py:154} INFO - Started process (PID=29749) to work on /opt/airflow/dags/user_processing.py
[2023-08-27T11:27:45.390+0000] {processor.py:756} INFO - Processing file /opt/airflow/dags/user_processing.py for tasks to queue
[2023-08-27T11:27:45.391+0000] {logging_mixin.py:120} INFO - [2023-08-27T11:27:45.391+0000] {dagbag.py:537} INFO - Filling up the DagBag from /opt/airflow/dags/user_processing.py
[2023-08-27T11:27:45.666+0000] {processor.py:766} INFO - DAG(s) dict_keys(['user_processing']) retrieved from /opt/airflow/dags/user_processing.py
[2023-08-27T11:27:45.798+0000] {logging_mixin.py:120} INFO - [2023-08-27T11:27:45.798+0000] {dag.py:2585} INFO - Sync 1 DAGs
[2023-08-27T11:27:45.812+0000] {logging_mixin.py:120} INFO - [2023-08-27T11:27:45.812+0000] {dag.py:3340} INFO - Setting next_dagrun for user_processing to 2023-08-27T00:00:00+00:00, run_after=2023-08-28T00:00:00+00:00
[2023-08-27T11:27:45.821+0000] {processor.py:176} INFO - Processing /opt/airflow/dags/user_processing.py took 0.435 seconds
[2023-08-27T11:28:16.754+0000] {processor.py:154} INFO - Started process (PID=29805) to work on /opt/airflow/dags/user_processing.py
[2023-08-27T11:28:16.756+0000] {processor.py:756} INFO - Processing file /opt/airflow/dags/user_processing.py for tasks to queue
[2023-08-27T11:28:16.757+0000] {logging_mixin.py:120} INFO - [2023-08-27T11:28:16.757+0000] {dagbag.py:537} INFO - Filling up the DagBag from /opt/airflow/dags/user_processing.py
[2023-08-27T11:28:17.030+0000] {processor.py:766} INFO - DAG(s) dict_keys(['user_processing']) retrieved from /opt/airflow/dags/user_processing.py
[2023-08-27T11:28:17.168+0000] {logging_mixin.py:120} INFO - [2023-08-27T11:28:17.168+0000] {dag.py:2585} INFO - Sync 1 DAGs
[2023-08-27T11:28:17.191+0000] {logging_mixin.py:120} INFO - [2023-08-27T11:28:17.190+0000] {dag.py:3340} INFO - Setting next_dagrun for user_processing to 2023-08-27T00:00:00+00:00, run_after=2023-08-28T00:00:00+00:00
[2023-08-27T11:28:17.206+0000] {processor.py:176} INFO - Processing /opt/airflow/dags/user_processing.py took 0.457 seconds
[2023-08-27T11:28:47.952+0000] {processor.py:154} INFO - Started process (PID=29870) to work on /opt/airflow/dags/user_processing.py
[2023-08-27T11:28:47.954+0000] {processor.py:756} INFO - Processing file /opt/airflow/dags/user_processing.py for tasks to queue
[2023-08-27T11:28:47.956+0000] {logging_mixin.py:120} INFO - [2023-08-27T11:28:47.955+0000] {dagbag.py:537} INFO - Filling up the DagBag from /opt/airflow/dags/user_processing.py
[2023-08-27T11:28:48.188+0000] {processor.py:766} INFO - DAG(s) dict_keys(['user_processing']) retrieved from /opt/airflow/dags/user_processing.py
[2023-08-27T11:28:48.273+0000] {logging_mixin.py:120} INFO - [2023-08-27T11:28:48.273+0000] {dag.py:2585} INFO - Sync 1 DAGs
[2023-08-27T11:28:48.472+0000] {logging_mixin.py:120} INFO - [2023-08-27T11:28:48.472+0000] {dag.py:3340} INFO - Setting next_dagrun for user_processing to 2023-08-27T00:00:00+00:00, run_after=2023-08-28T00:00:00+00:00
[2023-08-27T11:28:48.482+0000] {processor.py:176} INFO - Processing /opt/airflow/dags/user_processing.py took 0.535 seconds
[2023-08-27T11:29:19.299+0000] {processor.py:154} INFO - Started process (PID=29935) to work on /opt/airflow/dags/user_processing.py
[2023-08-27T11:29:19.300+0000] {processor.py:756} INFO - Processing file /opt/airflow/dags/user_processing.py for tasks to queue
[2023-08-27T11:29:19.301+0000] {logging_mixin.py:120} INFO - [2023-08-27T11:29:19.301+0000] {dagbag.py:537} INFO - Filling up the DagBag from /opt/airflow/dags/user_processing.py
[2023-08-27T11:29:19.558+0000] {processor.py:766} INFO - DAG(s) dict_keys(['user_processing']) retrieved from /opt/airflow/dags/user_processing.py
[2023-08-27T11:29:19.686+0000] {logging_mixin.py:120} INFO - [2023-08-27T11:29:19.686+0000] {dag.py:2585} INFO - Sync 1 DAGs
[2023-08-27T11:29:19.703+0000] {logging_mixin.py:120} INFO - [2023-08-27T11:29:19.703+0000] {dag.py:3340} INFO - Setting next_dagrun for user_processing to 2023-08-27T00:00:00+00:00, run_after=2023-08-28T00:00:00+00:00
[2023-08-27T11:29:19.716+0000] {processor.py:176} INFO - Processing /opt/airflow/dags/user_processing.py took 0.419 seconds
[2023-08-27T11:29:50.690+0000] {processor.py:154} INFO - Started process (PID=30001) to work on /opt/airflow/dags/user_processing.py
[2023-08-27T11:29:50.690+0000] {processor.py:756} INFO - Processing file /opt/airflow/dags/user_processing.py for tasks to queue
[2023-08-27T11:29:50.691+0000] {logging_mixin.py:120} INFO - [2023-08-27T11:29:50.691+0000] {dagbag.py:537} INFO - Filling up the DagBag from /opt/airflow/dags/user_processing.py
[2023-08-27T11:29:50.943+0000] {processor.py:766} INFO - DAG(s) dict_keys(['user_processing']) retrieved from /opt/airflow/dags/user_processing.py
[2023-08-27T11:29:51.054+0000] {logging_mixin.py:120} INFO - [2023-08-27T11:29:51.054+0000] {dag.py:2585} INFO - Sync 1 DAGs
[2023-08-27T11:29:51.072+0000] {logging_mixin.py:120} INFO - [2023-08-27T11:29:51.072+0000] {dag.py:3340} INFO - Setting next_dagrun for user_processing to 2023-08-27T00:00:00+00:00, run_after=2023-08-28T00:00:00+00:00
[2023-08-27T11:29:51.085+0000] {processor.py:176} INFO - Processing /opt/airflow/dags/user_processing.py took 0.398 seconds
