[2023-08-26T17:12:34.845+0000] {taskinstance.py:1165} INFO - Dependencies all met for <TaskInstance: example_bash_operator.run_after_loop scheduled__2023-08-25T00:00:00+00:00 [queued]>
[2023-08-26T17:12:34.852+0000] {taskinstance.py:1165} INFO - Dependencies all met for <TaskInstance: example_bash_operator.run_after_loop scheduled__2023-08-25T00:00:00+00:00 [queued]>
[2023-08-26T17:12:34.852+0000] {taskinstance.py:1362} INFO - 
--------------------------------------------------------------------------------
[2023-08-26T17:12:34.852+0000] {taskinstance.py:1363} INFO - Starting attempt 1 of 1
[2023-08-26T17:12:34.853+0000] {taskinstance.py:1364} INFO - 
--------------------------------------------------------------------------------
[2023-08-26T17:12:34.862+0000] {taskinstance.py:1383} INFO - Executing <Task(BashOperator): run_after_loop> on 2023-08-25 00:00:00+00:00
[2023-08-26T17:12:34.866+0000] {standard_task_runner.py:55} INFO - Started process 522 to run task
[2023-08-26T17:12:34.870+0000] {standard_task_runner.py:82} INFO - Running: ['***', 'tasks', 'run', 'example_bash_operator', 'run_after_loop', 'scheduled__2023-08-25T00:00:00+00:00', '--job-id', '8', '--raw', '--subdir', '/home/***/.local/lib/python3.7/site-packages/***/example_dags/example_bash_operator.py', '--cfg-path', '/tmp/tmpwj3r1xe2']
[2023-08-26T17:12:34.871+0000] {standard_task_runner.py:83} INFO - Job 8: Subtask run_after_loop
[2023-08-26T17:12:34.924+0000] {task_command.py:376} INFO - Running <TaskInstance: example_bash_operator.run_after_loop scheduled__2023-08-25T00:00:00+00:00 [running]> on host 637d597ce353
[2023-08-26T17:12:34.977+0000] {taskinstance.py:1592} INFO - Exporting the following env vars:
AIRFLOW_CTX_DAG_OWNER=***
AIRFLOW_CTX_DAG_ID=example_bash_operator
AIRFLOW_CTX_TASK_ID=run_after_loop
AIRFLOW_CTX_EXECUTION_DATE=2023-08-25T00:00:00+00:00
AIRFLOW_CTX_TRY_NUMBER=1
AIRFLOW_CTX_DAG_RUN_ID=scheduled__2023-08-25T00:00:00+00:00
[2023-08-26T17:12:34.977+0000] {subprocess.py:63} INFO - Tmp dir root location: 
 /tmp
[2023-08-26T17:12:34.978+0000] {subprocess.py:75} INFO - Running command: ['/bin/bash', '-c', 'echo 1']
[2023-08-26T17:12:34.987+0000] {subprocess.py:86} INFO - Output:
[2023-08-26T17:12:34.989+0000] {subprocess.py:93} INFO - 1
[2023-08-26T17:12:34.992+0000] {subprocess.py:97} INFO - Command exited with return code 0
[2023-08-26T17:12:35.018+0000] {taskinstance.py:1406} INFO - Marking task as SUCCESS. dag_id=example_bash_operator, task_id=run_after_loop, execution_date=20230825T000000, start_date=20230826T171234, end_date=20230826T171235
[2023-08-26T17:12:35.042+0000] {local_task_job.py:164} INFO - Task exited with return code 0
[2023-08-26T17:12:35.059+0000] {local_task_job.py:273} INFO - 0 downstream tasks scheduled from follow-on schedule check
