[2023-08-26T17:12:32.782+0000] {taskinstance.py:1165} INFO - Dependencies all met for <TaskInstance: example_bash_operator.this_will_skip scheduled__2023-08-25T00:00:00+00:00 [queued]>
[2023-08-26T17:12:32.789+0000] {taskinstance.py:1165} INFO - Dependencies all met for <TaskInstance: example_bash_operator.this_will_skip scheduled__2023-08-25T00:00:00+00:00 [queued]>
[2023-08-26T17:12:32.790+0000] {taskinstance.py:1362} INFO - 
--------------------------------------------------------------------------------
[2023-08-26T17:12:32.790+0000] {taskinstance.py:1363} INFO - Starting attempt 1 of 1
[2023-08-26T17:12:32.790+0000] {taskinstance.py:1364} INFO - 
--------------------------------------------------------------------------------
[2023-08-26T17:12:32.804+0000] {taskinstance.py:1383} INFO - Executing <Task(BashOperator): this_will_skip> on 2023-08-25 00:00:00+00:00
[2023-08-26T17:12:32.810+0000] {standard_task_runner.py:55} INFO - Started process 513 to run task
[2023-08-26T17:12:32.820+0000] {standard_task_runner.py:82} INFO - Running: ['***', 'tasks', 'run', 'example_bash_operator', 'this_will_skip', 'scheduled__2023-08-25T00:00:00+00:00', '--job-id', '6', '--raw', '--subdir', '/home/***/.local/lib/python3.7/site-packages/***/example_dags/example_bash_operator.py', '--cfg-path', '/tmp/tmpe8slyj04']
[2023-08-26T17:12:32.824+0000] {standard_task_runner.py:83} INFO - Job 6: Subtask this_will_skip
[2023-08-26T17:12:32.955+0000] {task_command.py:376} INFO - Running <TaskInstance: example_bash_operator.this_will_skip scheduled__2023-08-25T00:00:00+00:00 [running]> on host 637d597ce353
[2023-08-26T17:12:33.053+0000] {taskinstance.py:1592} INFO - Exporting the following env vars:
AIRFLOW_CTX_DAG_OWNER=***
AIRFLOW_CTX_DAG_ID=example_bash_operator
AIRFLOW_CTX_TASK_ID=this_will_skip
AIRFLOW_CTX_EXECUTION_DATE=2023-08-25T00:00:00+00:00
AIRFLOW_CTX_TRY_NUMBER=1
AIRFLOW_CTX_DAG_RUN_ID=scheduled__2023-08-25T00:00:00+00:00
[2023-08-26T17:12:33.058+0000] {subprocess.py:63} INFO - Tmp dir root location: 
 /tmp
[2023-08-26T17:12:33.059+0000] {subprocess.py:75} INFO - Running command: ['/bin/bash', '-c', 'echo "hello world"; exit 99;']
[2023-08-26T17:12:33.071+0000] {subprocess.py:86} INFO - Output:
[2023-08-26T17:12:33.073+0000] {subprocess.py:93} INFO - hello world
[2023-08-26T17:12:33.074+0000] {subprocess.py:97} INFO - Command exited with return code 99
[2023-08-26T17:12:33.074+0000] {taskinstance.py:1481} INFO - Bash command returned exit code 99. Skipping.
[2023-08-26T17:12:33.085+0000] {taskinstance.py:1406} INFO - Marking task as SKIPPED. dag_id=example_bash_operator, task_id=this_will_skip, execution_date=20230825T000000, start_date=20230826T171232, end_date=20230826T171233
[2023-08-26T17:12:33.119+0000] {local_task_job.py:164} INFO - Task exited with return code 0
[2023-08-26T17:12:33.143+0000] {local_task_job.py:273} INFO - 0 downstream tasks scheduled from follow-on schedule check
