[2023-08-27T11:24:29.993+0000] {processor.py:154} INFO - Started process (PID=29354) to work on /home/airflow/.local/lib/python3.7/site-packages/airflow/example_dags/example_datasets.py
[2023-08-27T11:24:29.994+0000] {processor.py:756} INFO - Processing file /home/airflow/.local/lib/python3.7/site-packages/airflow/example_dags/example_datasets.py for tasks to queue
[2023-08-27T11:24:29.994+0000] {logging_mixin.py:120} INFO - [2023-08-27T11:24:29.994+0000] {dagbag.py:537} INFO - Filling up the DagBag from /home/airflow/.local/lib/python3.7/site-packages/airflow/example_dags/example_datasets.py
[2023-08-27T11:24:30.007+0000] {processor.py:766} INFO - DAG(s) dict_keys(['dataset_consumes_1', 'dataset_consumes_1_never_scheduled', 'dataset_consumes_unknown_never_scheduled', 'dataset_produces_2', 'dataset_produces_1', 'dataset_consumes_1_and_2']) retrieved from /home/airflow/.local/lib/python3.7/site-packages/airflow/example_dags/example_datasets.py
[2023-08-27T11:24:30.050+0000] {logging_mixin.py:120} INFO - [2023-08-27T11:24:30.050+0000] {dag.py:2585} INFO - Sync 6 DAGs
[2023-08-27T11:24:30.069+0000] {logging_mixin.py:120} INFO - [2023-08-27T11:24:30.069+0000] {dag.py:3340} INFO - Setting next_dagrun for dataset_consumes_1 to None, run_after=None
[2023-08-27T11:24:30.071+0000] {logging_mixin.py:120} INFO - [2023-08-27T11:24:30.071+0000] {dag.py:3340} INFO - Setting next_dagrun for dataset_consumes_1_and_2 to None, run_after=None
[2023-08-27T11:24:30.073+0000] {logging_mixin.py:120} INFO - [2023-08-27T11:24:30.072+0000] {dag.py:3340} INFO - Setting next_dagrun for dataset_consumes_1_never_scheduled to None, run_after=None
[2023-08-27T11:24:30.073+0000] {logging_mixin.py:120} INFO - [2023-08-27T11:24:30.073+0000] {dag.py:3340} INFO - Setting next_dagrun for dataset_consumes_unknown_never_scheduled to None, run_after=None
[2023-08-27T11:24:30.075+0000] {logging_mixin.py:120} INFO - [2023-08-27T11:24:30.075+0000] {dag.py:3340} INFO - Setting next_dagrun for dataset_produces_1 to 2023-08-26T00:00:00+00:00, run_after=2023-08-27T00:00:00+00:00
[2023-08-27T11:24:30.076+0000] {logging_mixin.py:120} INFO - [2023-08-27T11:24:30.076+0000] {dag.py:3340} INFO - Setting next_dagrun for dataset_produces_2 to None, run_after=None
[2023-08-27T11:24:30.098+0000] {processor.py:176} INFO - Processing /home/airflow/.local/lib/python3.7/site-packages/airflow/example_dags/example_datasets.py took 0.108 seconds
[2023-08-27T11:25:00.315+0000] {processor.py:154} INFO - Started process (PID=29410) to work on /home/airflow/.local/lib/python3.7/site-packages/airflow/example_dags/example_datasets.py
[2023-08-27T11:25:00.316+0000] {processor.py:756} INFO - Processing file /home/airflow/.local/lib/python3.7/site-packages/airflow/example_dags/example_datasets.py for tasks to queue
[2023-08-27T11:25:00.317+0000] {logging_mixin.py:120} INFO - [2023-08-27T11:25:00.317+0000] {dagbag.py:537} INFO - Filling up the DagBag from /home/airflow/.local/lib/python3.7/site-packages/airflow/example_dags/example_datasets.py
[2023-08-27T11:25:00.331+0000] {processor.py:766} INFO - DAG(s) dict_keys(['dataset_consumes_1_and_2', 'dataset_consumes_unknown_never_scheduled', 'dataset_consumes_1_never_scheduled', 'dataset_produces_1', 'dataset_consumes_1', 'dataset_produces_2']) retrieved from /home/airflow/.local/lib/python3.7/site-packages/airflow/example_dags/example_datasets.py
[2023-08-27T11:25:00.365+0000] {logging_mixin.py:120} INFO - [2023-08-27T11:25:00.365+0000] {dag.py:2585} INFO - Sync 6 DAGs
[2023-08-27T11:25:00.380+0000] {logging_mixin.py:120} INFO - [2023-08-27T11:25:00.380+0000] {dag.py:3340} INFO - Setting next_dagrun for dataset_consumes_1 to None, run_after=None
[2023-08-27T11:25:00.382+0000] {logging_mixin.py:120} INFO - [2023-08-27T11:25:00.382+0000] {dag.py:3340} INFO - Setting next_dagrun for dataset_consumes_1_and_2 to None, run_after=None
[2023-08-27T11:25:00.383+0000] {logging_mixin.py:120} INFO - [2023-08-27T11:25:00.382+0000] {dag.py:3340} INFO - Setting next_dagrun for dataset_consumes_1_never_scheduled to None, run_after=None
[2023-08-27T11:25:00.383+0000] {logging_mixin.py:120} INFO - [2023-08-27T11:25:00.383+0000] {dag.py:3340} INFO - Setting next_dagrun for dataset_consumes_unknown_never_scheduled to None, run_after=None
[2023-08-27T11:25:00.385+0000] {logging_mixin.py:120} INFO - [2023-08-27T11:25:00.385+0000] {dag.py:3340} INFO - Setting next_dagrun for dataset_produces_1 to 2023-08-26T00:00:00+00:00, run_after=2023-08-27T00:00:00+00:00
[2023-08-27T11:25:00.386+0000] {logging_mixin.py:120} INFO - [2023-08-27T11:25:00.385+0000] {dag.py:3340} INFO - Setting next_dagrun for dataset_produces_2 to None, run_after=None
[2023-08-27T11:25:00.400+0000] {processor.py:176} INFO - Processing /home/airflow/.local/lib/python3.7/site-packages/airflow/example_dags/example_datasets.py took 0.088 seconds
[2023-08-27T11:25:30.545+0000] {processor.py:154} INFO - Started process (PID=29475) to work on /home/airflow/.local/lib/python3.7/site-packages/airflow/example_dags/example_datasets.py
[2023-08-27T11:25:30.546+0000] {processor.py:756} INFO - Processing file /home/airflow/.local/lib/python3.7/site-packages/airflow/example_dags/example_datasets.py for tasks to queue
[2023-08-27T11:25:30.547+0000] {logging_mixin.py:120} INFO - [2023-08-27T11:25:30.547+0000] {dagbag.py:537} INFO - Filling up the DagBag from /home/airflow/.local/lib/python3.7/site-packages/airflow/example_dags/example_datasets.py
[2023-08-27T11:25:30.559+0000] {processor.py:766} INFO - DAG(s) dict_keys(['dataset_produces_2', 'dataset_consumes_1', 'dataset_consumes_1_and_2', 'dataset_consumes_unknown_never_scheduled', 'dataset_produces_1', 'dataset_consumes_1_never_scheduled']) retrieved from /home/airflow/.local/lib/python3.7/site-packages/airflow/example_dags/example_datasets.py
[2023-08-27T11:25:30.599+0000] {logging_mixin.py:120} INFO - [2023-08-27T11:25:30.598+0000] {dag.py:2585} INFO - Sync 6 DAGs
[2023-08-27T11:25:30.617+0000] {logging_mixin.py:120} INFO - [2023-08-27T11:25:30.617+0000] {dag.py:3340} INFO - Setting next_dagrun for dataset_consumes_1 to None, run_after=None
[2023-08-27T11:25:30.620+0000] {logging_mixin.py:120} INFO - [2023-08-27T11:25:30.620+0000] {dag.py:3340} INFO - Setting next_dagrun for dataset_consumes_1_and_2 to None, run_after=None
[2023-08-27T11:25:30.621+0000] {logging_mixin.py:120} INFO - [2023-08-27T11:25:30.621+0000] {dag.py:3340} INFO - Setting next_dagrun for dataset_consumes_1_never_scheduled to None, run_after=None
[2023-08-27T11:25:30.622+0000] {logging_mixin.py:120} INFO - [2023-08-27T11:25:30.621+0000] {dag.py:3340} INFO - Setting next_dagrun for dataset_consumes_unknown_never_scheduled to None, run_after=None
[2023-08-27T11:25:30.623+0000] {logging_mixin.py:120} INFO - [2023-08-27T11:25:30.623+0000] {dag.py:3340} INFO - Setting next_dagrun for dataset_produces_1 to 2023-08-26T00:00:00+00:00, run_after=2023-08-27T00:00:00+00:00
[2023-08-27T11:25:30.624+0000] {logging_mixin.py:120} INFO - [2023-08-27T11:25:30.624+0000] {dag.py:3340} INFO - Setting next_dagrun for dataset_produces_2 to None, run_after=None
[2023-08-27T11:25:30.644+0000] {processor.py:176} INFO - Processing /home/airflow/.local/lib/python3.7/site-packages/airflow/example_dags/example_datasets.py took 0.101 seconds
[2023-08-27T11:26:00.920+0000] {processor.py:154} INFO - Started process (PID=29539) to work on /home/airflow/.local/lib/python3.7/site-packages/airflow/example_dags/example_datasets.py
[2023-08-27T11:26:00.921+0000] {processor.py:756} INFO - Processing file /home/airflow/.local/lib/python3.7/site-packages/airflow/example_dags/example_datasets.py for tasks to queue
[2023-08-27T11:26:00.922+0000] {logging_mixin.py:120} INFO - [2023-08-27T11:26:00.922+0000] {dagbag.py:537} INFO - Filling up the DagBag from /home/airflow/.local/lib/python3.7/site-packages/airflow/example_dags/example_datasets.py
[2023-08-27T11:26:00.936+0000] {processor.py:766} INFO - DAG(s) dict_keys(['dataset_consumes_unknown_never_scheduled', 'dataset_produces_1', 'dataset_consumes_1_and_2', 'dataset_consumes_1', 'dataset_consumes_1_never_scheduled', 'dataset_produces_2']) retrieved from /home/airflow/.local/lib/python3.7/site-packages/airflow/example_dags/example_datasets.py
[2023-08-27T11:26:00.975+0000] {logging_mixin.py:120} INFO - [2023-08-27T11:26:00.975+0000] {dag.py:2585} INFO - Sync 6 DAGs
[2023-08-27T11:26:00.992+0000] {logging_mixin.py:120} INFO - [2023-08-27T11:26:00.991+0000] {dag.py:3340} INFO - Setting next_dagrun for dataset_consumes_1 to None, run_after=None
[2023-08-27T11:26:00.994+0000] {logging_mixin.py:120} INFO - [2023-08-27T11:26:00.994+0000] {dag.py:3340} INFO - Setting next_dagrun for dataset_consumes_1_and_2 to None, run_after=None
[2023-08-27T11:26:00.995+0000] {logging_mixin.py:120} INFO - [2023-08-27T11:26:00.995+0000] {dag.py:3340} INFO - Setting next_dagrun for dataset_consumes_1_never_scheduled to None, run_after=None
[2023-08-27T11:26:00.996+0000] {logging_mixin.py:120} INFO - [2023-08-27T11:26:00.996+0000] {dag.py:3340} INFO - Setting next_dagrun for dataset_consumes_unknown_never_scheduled to None, run_after=None
[2023-08-27T11:26:00.997+0000] {logging_mixin.py:120} INFO - [2023-08-27T11:26:00.997+0000] {dag.py:3340} INFO - Setting next_dagrun for dataset_produces_1 to 2023-08-26T00:00:00+00:00, run_after=2023-08-27T00:00:00+00:00
[2023-08-27T11:26:00.998+0000] {logging_mixin.py:120} INFO - [2023-08-27T11:26:00.998+0000] {dag.py:3340} INFO - Setting next_dagrun for dataset_produces_2 to None, run_after=None
[2023-08-27T11:26:01.018+0000] {processor.py:176} INFO - Processing /home/airflow/.local/lib/python3.7/site-packages/airflow/example_dags/example_datasets.py took 0.100 seconds
[2023-08-27T11:26:31.286+0000] {processor.py:154} INFO - Started process (PID=29603) to work on /home/airflow/.local/lib/python3.7/site-packages/airflow/example_dags/example_datasets.py
[2023-08-27T11:26:31.287+0000] {processor.py:756} INFO - Processing file /home/airflow/.local/lib/python3.7/site-packages/airflow/example_dags/example_datasets.py for tasks to queue
[2023-08-27T11:26:31.288+0000] {logging_mixin.py:120} INFO - [2023-08-27T11:26:31.288+0000] {dagbag.py:537} INFO - Filling up the DagBag from /home/airflow/.local/lib/python3.7/site-packages/airflow/example_dags/example_datasets.py
[2023-08-27T11:26:31.301+0000] {processor.py:766} INFO - DAG(s) dict_keys(['dataset_produces_2', 'dataset_produces_1', 'dataset_consumes_1_and_2', 'dataset_consumes_unknown_never_scheduled', 'dataset_consumes_1_never_scheduled', 'dataset_consumes_1']) retrieved from /home/airflow/.local/lib/python3.7/site-packages/airflow/example_dags/example_datasets.py
[2023-08-27T11:26:31.342+0000] {logging_mixin.py:120} INFO - [2023-08-27T11:26:31.342+0000] {dag.py:2585} INFO - Sync 6 DAGs
[2023-08-27T11:26:31.357+0000] {logging_mixin.py:120} INFO - [2023-08-27T11:26:31.357+0000] {dag.py:3340} INFO - Setting next_dagrun for dataset_consumes_1 to None, run_after=None
[2023-08-27T11:26:31.360+0000] {logging_mixin.py:120} INFO - [2023-08-27T11:26:31.359+0000] {dag.py:3340} INFO - Setting next_dagrun for dataset_consumes_1_and_2 to None, run_after=None
[2023-08-27T11:26:31.361+0000] {logging_mixin.py:120} INFO - [2023-08-27T11:26:31.361+0000] {dag.py:3340} INFO - Setting next_dagrun for dataset_consumes_1_never_scheduled to None, run_after=None
[2023-08-27T11:26:31.362+0000] {logging_mixin.py:120} INFO - [2023-08-27T11:26:31.362+0000] {dag.py:3340} INFO - Setting next_dagrun for dataset_consumes_unknown_never_scheduled to None, run_after=None
[2023-08-27T11:26:31.363+0000] {logging_mixin.py:120} INFO - [2023-08-27T11:26:31.363+0000] {dag.py:3340} INFO - Setting next_dagrun for dataset_produces_1 to 2023-08-26T00:00:00+00:00, run_after=2023-08-27T00:00:00+00:00
[2023-08-27T11:26:31.365+0000] {logging_mixin.py:120} INFO - [2023-08-27T11:26:31.365+0000] {dag.py:3340} INFO - Setting next_dagrun for dataset_produces_2 to None, run_after=None
[2023-08-27T11:26:31.383+0000] {processor.py:176} INFO - Processing /home/airflow/.local/lib/python3.7/site-packages/airflow/example_dags/example_datasets.py took 0.101 seconds
[2023-08-27T11:27:01.721+0000] {processor.py:154} INFO - Started process (PID=29668) to work on /home/airflow/.local/lib/python3.7/site-packages/airflow/example_dags/example_datasets.py
[2023-08-27T11:27:01.722+0000] {processor.py:756} INFO - Processing file /home/airflow/.local/lib/python3.7/site-packages/airflow/example_dags/example_datasets.py for tasks to queue
[2023-08-27T11:27:01.723+0000] {logging_mixin.py:120} INFO - [2023-08-27T11:27:01.723+0000] {dagbag.py:537} INFO - Filling up the DagBag from /home/airflow/.local/lib/python3.7/site-packages/airflow/example_dags/example_datasets.py
[2023-08-27T11:27:01.737+0000] {processor.py:766} INFO - DAG(s) dict_keys(['dataset_consumes_1_and_2', 'dataset_produces_2', 'dataset_consumes_1', 'dataset_consumes_1_never_scheduled', 'dataset_consumes_unknown_never_scheduled', 'dataset_produces_1']) retrieved from /home/airflow/.local/lib/python3.7/site-packages/airflow/example_dags/example_datasets.py
[2023-08-27T11:27:01.789+0000] {logging_mixin.py:120} INFO - [2023-08-27T11:27:01.789+0000] {dag.py:2585} INFO - Sync 6 DAGs
[2023-08-27T11:27:01.812+0000] {logging_mixin.py:120} INFO - [2023-08-27T11:27:01.812+0000] {dag.py:3340} INFO - Setting next_dagrun for dataset_consumes_1 to None, run_after=None
[2023-08-27T11:27:01.815+0000] {logging_mixin.py:120} INFO - [2023-08-27T11:27:01.815+0000] {dag.py:3340} INFO - Setting next_dagrun for dataset_consumes_1_and_2 to None, run_after=None
[2023-08-27T11:27:01.817+0000] {logging_mixin.py:120} INFO - [2023-08-27T11:27:01.817+0000] {dag.py:3340} INFO - Setting next_dagrun for dataset_consumes_1_never_scheduled to None, run_after=None
[2023-08-27T11:27:01.818+0000] {logging_mixin.py:120} INFO - [2023-08-27T11:27:01.818+0000] {dag.py:3340} INFO - Setting next_dagrun for dataset_consumes_unknown_never_scheduled to None, run_after=None
[2023-08-27T11:27:01.819+0000] {logging_mixin.py:120} INFO - [2023-08-27T11:27:01.819+0000] {dag.py:3340} INFO - Setting next_dagrun for dataset_produces_1 to 2023-08-26T00:00:00+00:00, run_after=2023-08-27T00:00:00+00:00
[2023-08-27T11:27:01.820+0000] {logging_mixin.py:120} INFO - [2023-08-27T11:27:01.820+0000] {dag.py:3340} INFO - Setting next_dagrun for dataset_produces_2 to None, run_after=None
[2023-08-27T11:27:01.841+0000] {processor.py:176} INFO - Processing /home/airflow/.local/lib/python3.7/site-packages/airflow/example_dags/example_datasets.py took 0.124 seconds
[2023-08-27T11:27:32.090+0000] {processor.py:154} INFO - Started process (PID=29728) to work on /home/airflow/.local/lib/python3.7/site-packages/airflow/example_dags/example_datasets.py
[2023-08-27T11:27:32.090+0000] {processor.py:756} INFO - Processing file /home/airflow/.local/lib/python3.7/site-packages/airflow/example_dags/example_datasets.py for tasks to queue
[2023-08-27T11:27:32.091+0000] {logging_mixin.py:120} INFO - [2023-08-27T11:27:32.091+0000] {dagbag.py:537} INFO - Filling up the DagBag from /home/airflow/.local/lib/python3.7/site-packages/airflow/example_dags/example_datasets.py
[2023-08-27T11:27:32.101+0000] {processor.py:766} INFO - DAG(s) dict_keys(['dataset_consumes_1_and_2', 'dataset_consumes_unknown_never_scheduled', 'dataset_consumes_1', 'dataset_produces_2', 'dataset_consumes_1_never_scheduled', 'dataset_produces_1']) retrieved from /home/airflow/.local/lib/python3.7/site-packages/airflow/example_dags/example_datasets.py
[2023-08-27T11:27:32.133+0000] {logging_mixin.py:120} INFO - [2023-08-27T11:27:32.133+0000] {dag.py:2585} INFO - Sync 6 DAGs
[2023-08-27T11:27:32.147+0000] {logging_mixin.py:120} INFO - [2023-08-27T11:27:32.147+0000] {dag.py:3340} INFO - Setting next_dagrun for dataset_consumes_1 to None, run_after=None
[2023-08-27T11:27:32.149+0000] {logging_mixin.py:120} INFO - [2023-08-27T11:27:32.149+0000] {dag.py:3340} INFO - Setting next_dagrun for dataset_consumes_1_and_2 to None, run_after=None
[2023-08-27T11:27:32.149+0000] {logging_mixin.py:120} INFO - [2023-08-27T11:27:32.149+0000] {dag.py:3340} INFO - Setting next_dagrun for dataset_consumes_1_never_scheduled to None, run_after=None
[2023-08-27T11:27:32.150+0000] {logging_mixin.py:120} INFO - [2023-08-27T11:27:32.150+0000] {dag.py:3340} INFO - Setting next_dagrun for dataset_consumes_unknown_never_scheduled to None, run_after=None
[2023-08-27T11:27:32.151+0000] {logging_mixin.py:120} INFO - [2023-08-27T11:27:32.151+0000] {dag.py:3340} INFO - Setting next_dagrun for dataset_produces_1 to 2023-08-26T00:00:00+00:00, run_after=2023-08-27T00:00:00+00:00
[2023-08-27T11:27:32.152+0000] {logging_mixin.py:120} INFO - [2023-08-27T11:27:32.152+0000] {dag.py:3340} INFO - Setting next_dagrun for dataset_produces_2 to None, run_after=None
[2023-08-27T11:27:32.165+0000] {processor.py:176} INFO - Processing /home/airflow/.local/lib/python3.7/site-packages/airflow/example_dags/example_datasets.py took 0.078 seconds
[2023-08-27T11:28:02.297+0000] {processor.py:154} INFO - Started process (PID=29793) to work on /home/airflow/.local/lib/python3.7/site-packages/airflow/example_dags/example_datasets.py
[2023-08-27T11:28:02.298+0000] {processor.py:756} INFO - Processing file /home/airflow/.local/lib/python3.7/site-packages/airflow/example_dags/example_datasets.py for tasks to queue
[2023-08-27T11:28:02.299+0000] {logging_mixin.py:120} INFO - [2023-08-27T11:28:02.299+0000] {dagbag.py:537} INFO - Filling up the DagBag from /home/airflow/.local/lib/python3.7/site-packages/airflow/example_dags/example_datasets.py
[2023-08-27T11:28:02.310+0000] {processor.py:766} INFO - DAG(s) dict_keys(['dataset_consumes_1', 'dataset_produces_2', 'dataset_produces_1', 'dataset_consumes_unknown_never_scheduled', 'dataset_consumes_1_and_2', 'dataset_consumes_1_never_scheduled']) retrieved from /home/airflow/.local/lib/python3.7/site-packages/airflow/example_dags/example_datasets.py
[2023-08-27T11:28:02.342+0000] {logging_mixin.py:120} INFO - [2023-08-27T11:28:02.342+0000] {dag.py:2585} INFO - Sync 6 DAGs
[2023-08-27T11:28:02.355+0000] {logging_mixin.py:120} INFO - [2023-08-27T11:28:02.355+0000] {dag.py:3340} INFO - Setting next_dagrun for dataset_consumes_1 to None, run_after=None
[2023-08-27T11:28:02.357+0000] {logging_mixin.py:120} INFO - [2023-08-27T11:28:02.357+0000] {dag.py:3340} INFO - Setting next_dagrun for dataset_consumes_1_and_2 to None, run_after=None
[2023-08-27T11:28:02.358+0000] {logging_mixin.py:120} INFO - [2023-08-27T11:28:02.357+0000] {dag.py:3340} INFO - Setting next_dagrun for dataset_consumes_1_never_scheduled to None, run_after=None
[2023-08-27T11:28:02.358+0000] {logging_mixin.py:120} INFO - [2023-08-27T11:28:02.358+0000] {dag.py:3340} INFO - Setting next_dagrun for dataset_consumes_unknown_never_scheduled to None, run_after=None
[2023-08-27T11:28:02.359+0000] {logging_mixin.py:120} INFO - [2023-08-27T11:28:02.359+0000] {dag.py:3340} INFO - Setting next_dagrun for dataset_produces_1 to 2023-08-26T00:00:00+00:00, run_after=2023-08-27T00:00:00+00:00
[2023-08-27T11:28:02.360+0000] {logging_mixin.py:120} INFO - [2023-08-27T11:28:02.360+0000] {dag.py:3340} INFO - Setting next_dagrun for dataset_produces_2 to None, run_after=None
[2023-08-27T11:28:02.373+0000] {processor.py:176} INFO - Processing /home/airflow/.local/lib/python3.7/site-packages/airflow/example_dags/example_datasets.py took 0.078 seconds
[2023-08-27T11:28:32.681+0000] {processor.py:154} INFO - Started process (PID=29858) to work on /home/airflow/.local/lib/python3.7/site-packages/airflow/example_dags/example_datasets.py
[2023-08-27T11:28:32.682+0000] {processor.py:756} INFO - Processing file /home/airflow/.local/lib/python3.7/site-packages/airflow/example_dags/example_datasets.py for tasks to queue
[2023-08-27T11:28:32.682+0000] {logging_mixin.py:120} INFO - [2023-08-27T11:28:32.682+0000] {dagbag.py:537} INFO - Filling up the DagBag from /home/airflow/.local/lib/python3.7/site-packages/airflow/example_dags/example_datasets.py
[2023-08-27T11:28:32.693+0000] {processor.py:766} INFO - DAG(s) dict_keys(['dataset_produces_2', 'dataset_consumes_1', 'dataset_consumes_unknown_never_scheduled', 'dataset_consumes_1_never_scheduled', 'dataset_produces_1', 'dataset_consumes_1_and_2']) retrieved from /home/airflow/.local/lib/python3.7/site-packages/airflow/example_dags/example_datasets.py
[2023-08-27T11:28:32.728+0000] {logging_mixin.py:120} INFO - [2023-08-27T11:28:32.728+0000] {dag.py:2585} INFO - Sync 6 DAGs
[2023-08-27T11:28:32.758+0000] {logging_mixin.py:120} INFO - [2023-08-27T11:28:32.757+0000] {dag.py:3340} INFO - Setting next_dagrun for dataset_consumes_1 to None, run_after=None
[2023-08-27T11:28:32.761+0000] {logging_mixin.py:120} INFO - [2023-08-27T11:28:32.760+0000] {dag.py:3340} INFO - Setting next_dagrun for dataset_consumes_1_and_2 to None, run_after=None
[2023-08-27T11:28:32.761+0000] {logging_mixin.py:120} INFO - [2023-08-27T11:28:32.761+0000] {dag.py:3340} INFO - Setting next_dagrun for dataset_consumes_1_never_scheduled to None, run_after=None
[2023-08-27T11:28:32.762+0000] {logging_mixin.py:120} INFO - [2023-08-27T11:28:32.762+0000] {dag.py:3340} INFO - Setting next_dagrun for dataset_consumes_unknown_never_scheduled to None, run_after=None
[2023-08-27T11:28:32.764+0000] {logging_mixin.py:120} INFO - [2023-08-27T11:28:32.764+0000] {dag.py:3340} INFO - Setting next_dagrun for dataset_produces_1 to 2023-08-26T00:00:00+00:00, run_after=2023-08-27T00:00:00+00:00
[2023-08-27T11:28:32.766+0000] {logging_mixin.py:120} INFO - [2023-08-27T11:28:32.766+0000] {dag.py:3340} INFO - Setting next_dagrun for dataset_produces_2 to None, run_after=None
[2023-08-27T11:28:32.785+0000] {processor.py:176} INFO - Processing /home/airflow/.local/lib/python3.7/site-packages/airflow/example_dags/example_datasets.py took 0.106 seconds
[2023-08-27T11:29:02.924+0000] {processor.py:154} INFO - Started process (PID=29921) to work on /home/airflow/.local/lib/python3.7/site-packages/airflow/example_dags/example_datasets.py
[2023-08-27T11:29:02.925+0000] {processor.py:756} INFO - Processing file /home/airflow/.local/lib/python3.7/site-packages/airflow/example_dags/example_datasets.py for tasks to queue
[2023-08-27T11:29:02.925+0000] {logging_mixin.py:120} INFO - [2023-08-27T11:29:02.925+0000] {dagbag.py:537} INFO - Filling up the DagBag from /home/airflow/.local/lib/python3.7/site-packages/airflow/example_dags/example_datasets.py
[2023-08-27T11:29:02.937+0000] {processor.py:766} INFO - DAG(s) dict_keys(['dataset_consumes_unknown_never_scheduled', 'dataset_produces_1', 'dataset_consumes_1', 'dataset_consumes_1_never_scheduled', 'dataset_produces_2', 'dataset_consumes_1_and_2']) retrieved from /home/airflow/.local/lib/python3.7/site-packages/airflow/example_dags/example_datasets.py
[2023-08-27T11:29:02.971+0000] {logging_mixin.py:120} INFO - [2023-08-27T11:29:02.971+0000] {dag.py:2585} INFO - Sync 6 DAGs
[2023-08-27T11:29:02.986+0000] {logging_mixin.py:120} INFO - [2023-08-27T11:29:02.986+0000] {dag.py:3340} INFO - Setting next_dagrun for dataset_consumes_1 to None, run_after=None
[2023-08-27T11:29:02.988+0000] {logging_mixin.py:120} INFO - [2023-08-27T11:29:02.988+0000] {dag.py:3340} INFO - Setting next_dagrun for dataset_consumes_1_and_2 to None, run_after=None
[2023-08-27T11:29:02.989+0000] {logging_mixin.py:120} INFO - [2023-08-27T11:29:02.989+0000] {dag.py:3340} INFO - Setting next_dagrun for dataset_consumes_1_never_scheduled to None, run_after=None
[2023-08-27T11:29:02.990+0000] {logging_mixin.py:120} INFO - [2023-08-27T11:29:02.990+0000] {dag.py:3340} INFO - Setting next_dagrun for dataset_consumes_unknown_never_scheduled to None, run_after=None
[2023-08-27T11:29:02.991+0000] {logging_mixin.py:120} INFO - [2023-08-27T11:29:02.991+0000] {dag.py:3340} INFO - Setting next_dagrun for dataset_produces_1 to 2023-08-26T00:00:00+00:00, run_after=2023-08-27T00:00:00+00:00
[2023-08-27T11:29:02.992+0000] {logging_mixin.py:120} INFO - [2023-08-27T11:29:02.992+0000] {dag.py:3340} INFO - Setting next_dagrun for dataset_produces_2 to None, run_after=None
[2023-08-27T11:29:03.005+0000] {processor.py:176} INFO - Processing /home/airflow/.local/lib/python3.7/site-packages/airflow/example_dags/example_datasets.py took 0.084 seconds
[2023-08-27T11:29:33.243+0000] {processor.py:154} INFO - Started process (PID=29979) to work on /home/airflow/.local/lib/python3.7/site-packages/airflow/example_dags/example_datasets.py
[2023-08-27T11:29:33.244+0000] {processor.py:756} INFO - Processing file /home/airflow/.local/lib/python3.7/site-packages/airflow/example_dags/example_datasets.py for tasks to queue
[2023-08-27T11:29:33.244+0000] {logging_mixin.py:120} INFO - [2023-08-27T11:29:33.244+0000] {dagbag.py:537} INFO - Filling up the DagBag from /home/airflow/.local/lib/python3.7/site-packages/airflow/example_dags/example_datasets.py
[2023-08-27T11:29:33.262+0000] {processor.py:766} INFO - DAG(s) dict_keys(['dataset_consumes_1_and_2', 'dataset_produces_1', 'dataset_consumes_1', 'dataset_produces_2', 'dataset_consumes_unknown_never_scheduled', 'dataset_consumes_1_never_scheduled']) retrieved from /home/airflow/.local/lib/python3.7/site-packages/airflow/example_dags/example_datasets.py
[2023-08-27T11:29:33.306+0000] {logging_mixin.py:120} INFO - [2023-08-27T11:29:33.306+0000] {dag.py:2585} INFO - Sync 6 DAGs
[2023-08-27T11:29:33.329+0000] {logging_mixin.py:120} INFO - [2023-08-27T11:29:33.329+0000] {dag.py:3340} INFO - Setting next_dagrun for dataset_consumes_1 to None, run_after=None
[2023-08-27T11:29:33.334+0000] {logging_mixin.py:120} INFO - [2023-08-27T11:29:33.334+0000] {dag.py:3340} INFO - Setting next_dagrun for dataset_consumes_1_and_2 to None, run_after=None
[2023-08-27T11:29:33.335+0000] {logging_mixin.py:120} INFO - [2023-08-27T11:29:33.335+0000] {dag.py:3340} INFO - Setting next_dagrun for dataset_consumes_1_never_scheduled to None, run_after=None
[2023-08-27T11:29:33.337+0000] {logging_mixin.py:120} INFO - [2023-08-27T11:29:33.337+0000] {dag.py:3340} INFO - Setting next_dagrun for dataset_consumes_unknown_never_scheduled to None, run_after=None
[2023-08-27T11:29:33.339+0000] {logging_mixin.py:120} INFO - [2023-08-27T11:29:33.339+0000] {dag.py:3340} INFO - Setting next_dagrun for dataset_produces_1 to 2023-08-26T00:00:00+00:00, run_after=2023-08-27T00:00:00+00:00
[2023-08-27T11:29:33.340+0000] {logging_mixin.py:120} INFO - [2023-08-27T11:29:33.340+0000] {dag.py:3340} INFO - Setting next_dagrun for dataset_produces_2 to None, run_after=None
[2023-08-27T11:29:33.362+0000] {processor.py:176} INFO - Processing /home/airflow/.local/lib/python3.7/site-packages/airflow/example_dags/example_datasets.py took 0.122 seconds
[2023-08-27T11:30:03.435+0000] {processor.py:154} INFO - Started process (PID=30043) to work on /home/airflow/.local/lib/python3.7/site-packages/airflow/example_dags/example_datasets.py
[2023-08-27T11:30:03.436+0000] {processor.py:756} INFO - Processing file /home/airflow/.local/lib/python3.7/site-packages/airflow/example_dags/example_datasets.py for tasks to queue
[2023-08-27T11:30:03.437+0000] {logging_mixin.py:120} INFO - [2023-08-27T11:30:03.437+0000] {dagbag.py:537} INFO - Filling up the DagBag from /home/airflow/.local/lib/python3.7/site-packages/airflow/example_dags/example_datasets.py
[2023-08-27T11:30:03.448+0000] {processor.py:766} INFO - DAG(s) dict_keys(['dataset_produces_2', 'dataset_consumes_1_and_2', 'dataset_consumes_1_never_scheduled', 'dataset_consumes_1', 'dataset_consumes_unknown_never_scheduled', 'dataset_produces_1']) retrieved from /home/airflow/.local/lib/python3.7/site-packages/airflow/example_dags/example_datasets.py
[2023-08-27T11:30:03.483+0000] {logging_mixin.py:120} INFO - [2023-08-27T11:30:03.483+0000] {dag.py:2585} INFO - Sync 6 DAGs
[2023-08-27T11:30:03.497+0000] {logging_mixin.py:120} INFO - [2023-08-27T11:30:03.497+0000] {dag.py:3340} INFO - Setting next_dagrun for dataset_consumes_1 to None, run_after=None
[2023-08-27T11:30:03.499+0000] {logging_mixin.py:120} INFO - [2023-08-27T11:30:03.499+0000] {dag.py:3340} INFO - Setting next_dagrun for dataset_consumes_1_and_2 to None, run_after=None
[2023-08-27T11:30:03.500+0000] {logging_mixin.py:120} INFO - [2023-08-27T11:30:03.500+0000] {dag.py:3340} INFO - Setting next_dagrun for dataset_consumes_1_never_scheduled to None, run_after=None
[2023-08-27T11:30:03.501+0000] {logging_mixin.py:120} INFO - [2023-08-27T11:30:03.501+0000] {dag.py:3340} INFO - Setting next_dagrun for dataset_consumes_unknown_never_scheduled to None, run_after=None
[2023-08-27T11:30:03.502+0000] {logging_mixin.py:120} INFO - [2023-08-27T11:30:03.502+0000] {dag.py:3340} INFO - Setting next_dagrun for dataset_produces_1 to 2023-08-26T00:00:00+00:00, run_after=2023-08-27T00:00:00+00:00
[2023-08-27T11:30:03.503+0000] {logging_mixin.py:120} INFO - [2023-08-27T11:30:03.503+0000] {dag.py:3340} INFO - Setting next_dagrun for dataset_produces_2 to None, run_after=None
[2023-08-27T11:30:03.519+0000] {processor.py:176} INFO - Processing /home/airflow/.local/lib/python3.7/site-packages/airflow/example_dags/example_datasets.py took 0.086 seconds
