[2023-08-27T11:24:20.742+0000] {processor.py:154} INFO - Started process (PID=29323) to work on /home/airflow/.local/lib/python3.7/site-packages/airflow/example_dags/example_subdag_operator.py
[2023-08-27T11:24:20.743+0000] {processor.py:756} INFO - Processing file /home/airflow/.local/lib/python3.7/site-packages/airflow/example_dags/example_subdag_operator.py for tasks to queue
[2023-08-27T11:24:20.743+0000] {logging_mixin.py:120} INFO - [2023-08-27T11:24:20.743+0000] {dagbag.py:537} INFO - Filling up the DagBag from /home/airflow/.local/lib/python3.7/site-packages/airflow/example_dags/example_subdag_operator.py
[2023-08-27T11:24:20.767+0000] {processor.py:766} INFO - DAG(s) dict_keys(['example_subdag_operator.section-1', 'example_subdag_operator.section-2', 'example_subdag_operator']) retrieved from /home/airflow/.local/lib/python3.7/site-packages/airflow/example_dags/example_subdag_operator.py
[2023-08-27T11:24:20.894+0000] {logging_mixin.py:120} INFO - [2023-08-27T11:24:20.894+0000] {dag.py:2585} INFO - Sync 3 DAGs
[2023-08-27T11:24:20.907+0000] {logging_mixin.py:120} INFO - [2023-08-27T11:24:20.907+0000] {dag.py:3340} INFO - Setting next_dagrun for example_subdag_operator to 2022-01-01T00:00:00+00:00, run_after=2022-01-01T00:00:00+00:00
[2023-08-27T11:24:20.909+0000] {logging_mixin.py:120} INFO - [2023-08-27T11:24:20.909+0000] {dag.py:3340} INFO - Setting next_dagrun for example_subdag_operator.section-1 to None, run_after=None
[2023-08-27T11:24:20.910+0000] {logging_mixin.py:120} INFO - [2023-08-27T11:24:20.910+0000] {dag.py:3340} INFO - Setting next_dagrun for example_subdag_operator.section-2 to None, run_after=None
[2023-08-27T11:24:20.914+0000] {logging_mixin.py:120} INFO - [2023-08-27T11:24:20.914+0000] {dag.py:2585} INFO - Sync 2 DAGs
[2023-08-27T11:24:20.918+0000] {logging_mixin.py:120} INFO - [2023-08-27T11:24:20.917+0000] {dag.py:3340} INFO - Setting next_dagrun for example_subdag_operator.section-1 to None, run_after=None
[2023-08-27T11:24:20.918+0000] {logging_mixin.py:120} INFO - [2023-08-27T11:24:20.918+0000] {dag.py:3340} INFO - Setting next_dagrun for example_subdag_operator.section-2 to None, run_after=None
[2023-08-27T11:24:20.924+0000] {processor.py:176} INFO - Processing /home/airflow/.local/lib/python3.7/site-packages/airflow/example_dags/example_subdag_operator.py took 0.185 seconds
[2023-08-27T11:24:51.005+0000] {processor.py:154} INFO - Started process (PID=29377) to work on /home/airflow/.local/lib/python3.7/site-packages/airflow/example_dags/example_subdag_operator.py
[2023-08-27T11:24:51.006+0000] {processor.py:756} INFO - Processing file /home/airflow/.local/lib/python3.7/site-packages/airflow/example_dags/example_subdag_operator.py for tasks to queue
[2023-08-27T11:24:51.007+0000] {logging_mixin.py:120} INFO - [2023-08-27T11:24:51.007+0000] {dagbag.py:537} INFO - Filling up the DagBag from /home/airflow/.local/lib/python3.7/site-packages/airflow/example_dags/example_subdag_operator.py
[2023-08-27T11:24:51.031+0000] {processor.py:766} INFO - DAG(s) dict_keys(['example_subdag_operator.section-1', 'example_subdag_operator.section-2', 'example_subdag_operator']) retrieved from /home/airflow/.local/lib/python3.7/site-packages/airflow/example_dags/example_subdag_operator.py
[2023-08-27T11:24:51.154+0000] {logging_mixin.py:120} INFO - [2023-08-27T11:24:51.154+0000] {dag.py:2585} INFO - Sync 3 DAGs
[2023-08-27T11:24:51.169+0000] {logging_mixin.py:120} INFO - [2023-08-27T11:24:51.169+0000] {dag.py:3340} INFO - Setting next_dagrun for example_subdag_operator to 2022-01-01T00:00:00+00:00, run_after=2022-01-01T00:00:00+00:00
[2023-08-27T11:24:51.172+0000] {logging_mixin.py:120} INFO - [2023-08-27T11:24:51.172+0000] {dag.py:3340} INFO - Setting next_dagrun for example_subdag_operator.section-1 to None, run_after=None
[2023-08-27T11:24:51.173+0000] {logging_mixin.py:120} INFO - [2023-08-27T11:24:51.173+0000] {dag.py:3340} INFO - Setting next_dagrun for example_subdag_operator.section-2 to None, run_after=None
[2023-08-27T11:24:51.177+0000] {logging_mixin.py:120} INFO - [2023-08-27T11:24:51.177+0000] {dag.py:2585} INFO - Sync 2 DAGs
[2023-08-27T11:24:51.181+0000] {logging_mixin.py:120} INFO - [2023-08-27T11:24:51.181+0000] {dag.py:3340} INFO - Setting next_dagrun for example_subdag_operator.section-1 to None, run_after=None
[2023-08-27T11:24:51.181+0000] {logging_mixin.py:120} INFO - [2023-08-27T11:24:51.181+0000] {dag.py:3340} INFO - Setting next_dagrun for example_subdag_operator.section-2 to None, run_after=None
[2023-08-27T11:24:51.188+0000] {processor.py:176} INFO - Processing /home/airflow/.local/lib/python3.7/site-packages/airflow/example_dags/example_subdag_operator.py took 0.184 seconds
[2023-08-27T11:25:21.252+0000] {processor.py:154} INFO - Started process (PID=29443) to work on /home/airflow/.local/lib/python3.7/site-packages/airflow/example_dags/example_subdag_operator.py
[2023-08-27T11:25:21.253+0000] {processor.py:756} INFO - Processing file /home/airflow/.local/lib/python3.7/site-packages/airflow/example_dags/example_subdag_operator.py for tasks to queue
[2023-08-27T11:25:21.253+0000] {logging_mixin.py:120} INFO - [2023-08-27T11:25:21.253+0000] {dagbag.py:537} INFO - Filling up the DagBag from /home/airflow/.local/lib/python3.7/site-packages/airflow/example_dags/example_subdag_operator.py
[2023-08-27T11:25:21.279+0000] {processor.py:766} INFO - DAG(s) dict_keys(['example_subdag_operator.section-1', 'example_subdag_operator.section-2', 'example_subdag_operator']) retrieved from /home/airflow/.local/lib/python3.7/site-packages/airflow/example_dags/example_subdag_operator.py
[2023-08-27T11:25:21.375+0000] {logging_mixin.py:120} INFO - [2023-08-27T11:25:21.375+0000] {dag.py:2585} INFO - Sync 3 DAGs
[2023-08-27T11:25:21.389+0000] {logging_mixin.py:120} INFO - [2023-08-27T11:25:21.389+0000] {dag.py:3340} INFO - Setting next_dagrun for example_subdag_operator to 2022-01-01T00:00:00+00:00, run_after=2022-01-01T00:00:00+00:00
[2023-08-27T11:25:21.391+0000] {logging_mixin.py:120} INFO - [2023-08-27T11:25:21.391+0000] {dag.py:3340} INFO - Setting next_dagrun for example_subdag_operator.section-1 to None, run_after=None
[2023-08-27T11:25:21.392+0000] {logging_mixin.py:120} INFO - [2023-08-27T11:25:21.392+0000] {dag.py:3340} INFO - Setting next_dagrun for example_subdag_operator.section-2 to None, run_after=None
[2023-08-27T11:25:21.396+0000] {logging_mixin.py:120} INFO - [2023-08-27T11:25:21.396+0000] {dag.py:2585} INFO - Sync 2 DAGs
[2023-08-27T11:25:21.399+0000] {logging_mixin.py:120} INFO - [2023-08-27T11:25:21.399+0000] {dag.py:3340} INFO - Setting next_dagrun for example_subdag_operator.section-1 to None, run_after=None
[2023-08-27T11:25:21.399+0000] {logging_mixin.py:120} INFO - [2023-08-27T11:25:21.399+0000] {dag.py:3340} INFO - Setting next_dagrun for example_subdag_operator.section-2 to None, run_after=None
[2023-08-27T11:25:21.405+0000] {processor.py:176} INFO - Processing /home/airflow/.local/lib/python3.7/site-packages/airflow/example_dags/example_subdag_operator.py took 0.156 seconds
[2023-08-27T11:25:51.438+0000] {processor.py:154} INFO - Started process (PID=29507) to work on /home/airflow/.local/lib/python3.7/site-packages/airflow/example_dags/example_subdag_operator.py
[2023-08-27T11:25:51.440+0000] {processor.py:756} INFO - Processing file /home/airflow/.local/lib/python3.7/site-packages/airflow/example_dags/example_subdag_operator.py for tasks to queue
[2023-08-27T11:25:51.443+0000] {logging_mixin.py:120} INFO - [2023-08-27T11:25:51.443+0000] {dagbag.py:537} INFO - Filling up the DagBag from /home/airflow/.local/lib/python3.7/site-packages/airflow/example_dags/example_subdag_operator.py
[2023-08-27T11:25:51.486+0000] {processor.py:766} INFO - DAG(s) dict_keys(['example_subdag_operator.section-1', 'example_subdag_operator.section-2', 'example_subdag_operator']) retrieved from /home/airflow/.local/lib/python3.7/site-packages/airflow/example_dags/example_subdag_operator.py
[2023-08-27T11:25:51.600+0000] {logging_mixin.py:120} INFO - [2023-08-27T11:25:51.600+0000] {dag.py:2585} INFO - Sync 3 DAGs
[2023-08-27T11:25:51.615+0000] {logging_mixin.py:120} INFO - [2023-08-27T11:25:51.615+0000] {dag.py:3340} INFO - Setting next_dagrun for example_subdag_operator to 2022-01-01T00:00:00+00:00, run_after=2022-01-01T00:00:00+00:00
[2023-08-27T11:25:51.618+0000] {logging_mixin.py:120} INFO - [2023-08-27T11:25:51.618+0000] {dag.py:3340} INFO - Setting next_dagrun for example_subdag_operator.section-1 to None, run_after=None
[2023-08-27T11:25:51.619+0000] {logging_mixin.py:120} INFO - [2023-08-27T11:25:51.619+0000] {dag.py:3340} INFO - Setting next_dagrun for example_subdag_operator.section-2 to None, run_after=None
[2023-08-27T11:25:51.623+0000] {logging_mixin.py:120} INFO - [2023-08-27T11:25:51.623+0000] {dag.py:2585} INFO - Sync 2 DAGs
[2023-08-27T11:25:51.627+0000] {logging_mixin.py:120} INFO - [2023-08-27T11:25:51.627+0000] {dag.py:3340} INFO - Setting next_dagrun for example_subdag_operator.section-1 to None, run_after=None
[2023-08-27T11:25:51.627+0000] {logging_mixin.py:120} INFO - [2023-08-27T11:25:51.627+0000] {dag.py:3340} INFO - Setting next_dagrun for example_subdag_operator.section-2 to None, run_after=None
[2023-08-27T11:25:51.637+0000] {processor.py:176} INFO - Processing /home/airflow/.local/lib/python3.7/site-packages/airflow/example_dags/example_subdag_operator.py took 0.206 seconds
[2023-08-27T11:26:21.887+0000] {processor.py:154} INFO - Started process (PID=29571) to work on /home/airflow/.local/lib/python3.7/site-packages/airflow/example_dags/example_subdag_operator.py
[2023-08-27T11:26:21.888+0000] {processor.py:756} INFO - Processing file /home/airflow/.local/lib/python3.7/site-packages/airflow/example_dags/example_subdag_operator.py for tasks to queue
[2023-08-27T11:26:21.889+0000] {logging_mixin.py:120} INFO - [2023-08-27T11:26:21.889+0000] {dagbag.py:537} INFO - Filling up the DagBag from /home/airflow/.local/lib/python3.7/site-packages/airflow/example_dags/example_subdag_operator.py
[2023-08-27T11:26:21.918+0000] {processor.py:766} INFO - DAG(s) dict_keys(['example_subdag_operator.section-1', 'example_subdag_operator.section-2', 'example_subdag_operator']) retrieved from /home/airflow/.local/lib/python3.7/site-packages/airflow/example_dags/example_subdag_operator.py
[2023-08-27T11:26:22.030+0000] {logging_mixin.py:120} INFO - [2023-08-27T11:26:22.030+0000] {dag.py:2585} INFO - Sync 3 DAGs
[2023-08-27T11:26:22.047+0000] {logging_mixin.py:120} INFO - [2023-08-27T11:26:22.047+0000] {dag.py:3340} INFO - Setting next_dagrun for example_subdag_operator to 2022-01-01T00:00:00+00:00, run_after=2022-01-01T00:00:00+00:00
[2023-08-27T11:26:22.050+0000] {logging_mixin.py:120} INFO - [2023-08-27T11:26:22.050+0000] {dag.py:3340} INFO - Setting next_dagrun for example_subdag_operator.section-1 to None, run_after=None
[2023-08-27T11:26:22.052+0000] {logging_mixin.py:120} INFO - [2023-08-27T11:26:22.052+0000] {dag.py:3340} INFO - Setting next_dagrun for example_subdag_operator.section-2 to None, run_after=None
[2023-08-27T11:26:22.058+0000] {logging_mixin.py:120} INFO - [2023-08-27T11:26:22.058+0000] {dag.py:2585} INFO - Sync 2 DAGs
[2023-08-27T11:26:22.063+0000] {logging_mixin.py:120} INFO - [2023-08-27T11:26:22.063+0000] {dag.py:3340} INFO - Setting next_dagrun for example_subdag_operator.section-1 to None, run_after=None
[2023-08-27T11:26:22.063+0000] {logging_mixin.py:120} INFO - [2023-08-27T11:26:22.063+0000] {dag.py:3340} INFO - Setting next_dagrun for example_subdag_operator.section-2 to None, run_after=None
[2023-08-27T11:26:22.073+0000] {processor.py:176} INFO - Processing /home/airflow/.local/lib/python3.7/site-packages/airflow/example_dags/example_subdag_operator.py took 0.189 seconds
[2023-08-27T11:26:52.310+0000] {processor.py:154} INFO - Started process (PID=29637) to work on /home/airflow/.local/lib/python3.7/site-packages/airflow/example_dags/example_subdag_operator.py
[2023-08-27T11:26:52.313+0000] {processor.py:756} INFO - Processing file /home/airflow/.local/lib/python3.7/site-packages/airflow/example_dags/example_subdag_operator.py for tasks to queue
[2023-08-27T11:26:52.314+0000] {logging_mixin.py:120} INFO - [2023-08-27T11:26:52.314+0000] {dagbag.py:537} INFO - Filling up the DagBag from /home/airflow/.local/lib/python3.7/site-packages/airflow/example_dags/example_subdag_operator.py
[2023-08-27T11:26:52.351+0000] {processor.py:766} INFO - DAG(s) dict_keys(['example_subdag_operator.section-1', 'example_subdag_operator.section-2', 'example_subdag_operator']) retrieved from /home/airflow/.local/lib/python3.7/site-packages/airflow/example_dags/example_subdag_operator.py
[2023-08-27T11:26:52.485+0000] {logging_mixin.py:120} INFO - [2023-08-27T11:26:52.485+0000] {dag.py:2585} INFO - Sync 3 DAGs
[2023-08-27T11:26:52.503+0000] {logging_mixin.py:120} INFO - [2023-08-27T11:26:52.503+0000] {dag.py:3340} INFO - Setting next_dagrun for example_subdag_operator to 2022-01-01T00:00:00+00:00, run_after=2022-01-01T00:00:00+00:00
[2023-08-27T11:26:52.505+0000] {logging_mixin.py:120} INFO - [2023-08-27T11:26:52.505+0000] {dag.py:3340} INFO - Setting next_dagrun for example_subdag_operator.section-1 to None, run_after=None
[2023-08-27T11:26:52.506+0000] {logging_mixin.py:120} INFO - [2023-08-27T11:26:52.506+0000] {dag.py:3340} INFO - Setting next_dagrun for example_subdag_operator.section-2 to None, run_after=None
[2023-08-27T11:26:52.511+0000] {logging_mixin.py:120} INFO - [2023-08-27T11:26:52.511+0000] {dag.py:2585} INFO - Sync 2 DAGs
[2023-08-27T11:26:52.516+0000] {logging_mixin.py:120} INFO - [2023-08-27T11:26:52.516+0000] {dag.py:3340} INFO - Setting next_dagrun for example_subdag_operator.section-1 to None, run_after=None
[2023-08-27T11:26:52.517+0000] {logging_mixin.py:120} INFO - [2023-08-27T11:26:52.516+0000] {dag.py:3340} INFO - Setting next_dagrun for example_subdag_operator.section-2 to None, run_after=None
[2023-08-27T11:26:52.523+0000] {processor.py:176} INFO - Processing /home/airflow/.local/lib/python3.7/site-packages/airflow/example_dags/example_subdag_operator.py took 0.218 seconds
[2023-08-27T11:27:22.664+0000] {processor.py:154} INFO - Started process (PID=29693) to work on /home/airflow/.local/lib/python3.7/site-packages/airflow/example_dags/example_subdag_operator.py
[2023-08-27T11:27:22.666+0000] {processor.py:756} INFO - Processing file /home/airflow/.local/lib/python3.7/site-packages/airflow/example_dags/example_subdag_operator.py for tasks to queue
[2023-08-27T11:27:22.667+0000] {logging_mixin.py:120} INFO - [2023-08-27T11:27:22.666+0000] {dagbag.py:537} INFO - Filling up the DagBag from /home/airflow/.local/lib/python3.7/site-packages/airflow/example_dags/example_subdag_operator.py
[2023-08-27T11:27:22.707+0000] {processor.py:766} INFO - DAG(s) dict_keys(['example_subdag_operator.section-1', 'example_subdag_operator.section-2', 'example_subdag_operator']) retrieved from /home/airflow/.local/lib/python3.7/site-packages/airflow/example_dags/example_subdag_operator.py
[2023-08-27T11:27:22.829+0000] {logging_mixin.py:120} INFO - [2023-08-27T11:27:22.829+0000] {dag.py:2585} INFO - Sync 3 DAGs
[2023-08-27T11:27:22.847+0000] {logging_mixin.py:120} INFO - [2023-08-27T11:27:22.847+0000] {dag.py:3340} INFO - Setting next_dagrun for example_subdag_operator to 2022-01-01T00:00:00+00:00, run_after=2022-01-01T00:00:00+00:00
[2023-08-27T11:27:22.849+0000] {logging_mixin.py:120} INFO - [2023-08-27T11:27:22.849+0000] {dag.py:3340} INFO - Setting next_dagrun for example_subdag_operator.section-1 to None, run_after=None
[2023-08-27T11:27:22.850+0000] {logging_mixin.py:120} INFO - [2023-08-27T11:27:22.850+0000] {dag.py:3340} INFO - Setting next_dagrun for example_subdag_operator.section-2 to None, run_after=None
[2023-08-27T11:27:22.855+0000] {logging_mixin.py:120} INFO - [2023-08-27T11:27:22.855+0000] {dag.py:2585} INFO - Sync 2 DAGs
[2023-08-27T11:27:22.858+0000] {logging_mixin.py:120} INFO - [2023-08-27T11:27:22.858+0000] {dag.py:3340} INFO - Setting next_dagrun for example_subdag_operator.section-1 to None, run_after=None
[2023-08-27T11:27:22.859+0000] {logging_mixin.py:120} INFO - [2023-08-27T11:27:22.859+0000] {dag.py:3340} INFO - Setting next_dagrun for example_subdag_operator.section-2 to None, run_after=None
[2023-08-27T11:27:22.865+0000] {processor.py:176} INFO - Processing /home/airflow/.local/lib/python3.7/site-packages/airflow/example_dags/example_subdag_operator.py took 0.206 seconds
[2023-08-27T11:27:52.888+0000] {processor.py:154} INFO - Started process (PID=29759) to work on /home/airflow/.local/lib/python3.7/site-packages/airflow/example_dags/example_subdag_operator.py
[2023-08-27T11:27:52.888+0000] {processor.py:756} INFO - Processing file /home/airflow/.local/lib/python3.7/site-packages/airflow/example_dags/example_subdag_operator.py for tasks to queue
[2023-08-27T11:27:52.889+0000] {logging_mixin.py:120} INFO - [2023-08-27T11:27:52.889+0000] {dagbag.py:537} INFO - Filling up the DagBag from /home/airflow/.local/lib/python3.7/site-packages/airflow/example_dags/example_subdag_operator.py
[2023-08-27T11:27:52.914+0000] {processor.py:766} INFO - DAG(s) dict_keys(['example_subdag_operator.section-1', 'example_subdag_operator.section-2', 'example_subdag_operator']) retrieved from /home/airflow/.local/lib/python3.7/site-packages/airflow/example_dags/example_subdag_operator.py
[2023-08-27T11:27:53.011+0000] {logging_mixin.py:120} INFO - [2023-08-27T11:27:53.011+0000] {dag.py:2585} INFO - Sync 3 DAGs
[2023-08-27T11:27:53.033+0000] {logging_mixin.py:120} INFO - [2023-08-27T11:27:53.032+0000] {dag.py:3340} INFO - Setting next_dagrun for example_subdag_operator to 2022-01-01T00:00:00+00:00, run_after=2022-01-01T00:00:00+00:00
[2023-08-27T11:27:53.035+0000] {logging_mixin.py:120} INFO - [2023-08-27T11:27:53.035+0000] {dag.py:3340} INFO - Setting next_dagrun for example_subdag_operator.section-1 to None, run_after=None
[2023-08-27T11:27:53.036+0000] {logging_mixin.py:120} INFO - [2023-08-27T11:27:53.036+0000] {dag.py:3340} INFO - Setting next_dagrun for example_subdag_operator.section-2 to None, run_after=None
[2023-08-27T11:27:53.041+0000] {logging_mixin.py:120} INFO - [2023-08-27T11:27:53.041+0000] {dag.py:2585} INFO - Sync 2 DAGs
[2023-08-27T11:27:53.044+0000] {logging_mixin.py:120} INFO - [2023-08-27T11:27:53.044+0000] {dag.py:3340} INFO - Setting next_dagrun for example_subdag_operator.section-1 to None, run_after=None
[2023-08-27T11:27:53.045+0000] {logging_mixin.py:120} INFO - [2023-08-27T11:27:53.045+0000] {dag.py:3340} INFO - Setting next_dagrun for example_subdag_operator.section-2 to None, run_after=None
[2023-08-27T11:27:53.052+0000] {processor.py:176} INFO - Processing /home/airflow/.local/lib/python3.7/site-packages/airflow/example_dags/example_subdag_operator.py took 0.167 seconds
[2023-08-27T11:28:23.118+0000] {processor.py:154} INFO - Started process (PID=29823) to work on /home/airflow/.local/lib/python3.7/site-packages/airflow/example_dags/example_subdag_operator.py
[2023-08-27T11:28:23.120+0000] {processor.py:756} INFO - Processing file /home/airflow/.local/lib/python3.7/site-packages/airflow/example_dags/example_subdag_operator.py for tasks to queue
[2023-08-27T11:28:23.121+0000] {logging_mixin.py:120} INFO - [2023-08-27T11:28:23.121+0000] {dagbag.py:537} INFO - Filling up the DagBag from /home/airflow/.local/lib/python3.7/site-packages/airflow/example_dags/example_subdag_operator.py
[2023-08-27T11:28:23.164+0000] {processor.py:766} INFO - DAG(s) dict_keys(['example_subdag_operator.section-1', 'example_subdag_operator.section-2', 'example_subdag_operator']) retrieved from /home/airflow/.local/lib/python3.7/site-packages/airflow/example_dags/example_subdag_operator.py
[2023-08-27T11:28:23.258+0000] {logging_mixin.py:120} INFO - [2023-08-27T11:28:23.258+0000] {dag.py:2585} INFO - Sync 3 DAGs
[2023-08-27T11:28:23.272+0000] {logging_mixin.py:120} INFO - [2023-08-27T11:28:23.272+0000] {dag.py:3340} INFO - Setting next_dagrun for example_subdag_operator to 2022-01-01T00:00:00+00:00, run_after=2022-01-01T00:00:00+00:00
[2023-08-27T11:28:23.274+0000] {logging_mixin.py:120} INFO - [2023-08-27T11:28:23.274+0000] {dag.py:3340} INFO - Setting next_dagrun for example_subdag_operator.section-1 to None, run_after=None
[2023-08-27T11:28:23.275+0000] {logging_mixin.py:120} INFO - [2023-08-27T11:28:23.275+0000] {dag.py:3340} INFO - Setting next_dagrun for example_subdag_operator.section-2 to None, run_after=None
[2023-08-27T11:28:23.279+0000] {logging_mixin.py:120} INFO - [2023-08-27T11:28:23.279+0000] {dag.py:2585} INFO - Sync 2 DAGs
[2023-08-27T11:28:23.282+0000] {logging_mixin.py:120} INFO - [2023-08-27T11:28:23.282+0000] {dag.py:3340} INFO - Setting next_dagrun for example_subdag_operator.section-1 to None, run_after=None
[2023-08-27T11:28:23.283+0000] {logging_mixin.py:120} INFO - [2023-08-27T11:28:23.283+0000] {dag.py:3340} INFO - Setting next_dagrun for example_subdag_operator.section-2 to None, run_after=None
[2023-08-27T11:28:23.288+0000] {processor.py:176} INFO - Processing /home/airflow/.local/lib/python3.7/site-packages/airflow/example_dags/example_subdag_operator.py took 0.176 seconds
[2023-08-27T11:28:53.389+0000] {processor.py:154} INFO - Started process (PID=29888) to work on /home/airflow/.local/lib/python3.7/site-packages/airflow/example_dags/example_subdag_operator.py
[2023-08-27T11:28:53.390+0000] {processor.py:756} INFO - Processing file /home/airflow/.local/lib/python3.7/site-packages/airflow/example_dags/example_subdag_operator.py for tasks to queue
[2023-08-27T11:28:53.391+0000] {logging_mixin.py:120} INFO - [2023-08-27T11:28:53.391+0000] {dagbag.py:537} INFO - Filling up the DagBag from /home/airflow/.local/lib/python3.7/site-packages/airflow/example_dags/example_subdag_operator.py
[2023-08-27T11:28:53.425+0000] {processor.py:766} INFO - DAG(s) dict_keys(['example_subdag_operator.section-1', 'example_subdag_operator.section-2', 'example_subdag_operator']) retrieved from /home/airflow/.local/lib/python3.7/site-packages/airflow/example_dags/example_subdag_operator.py
[2023-08-27T11:28:53.531+0000] {logging_mixin.py:120} INFO - [2023-08-27T11:28:53.531+0000] {dag.py:2585} INFO - Sync 3 DAGs
[2023-08-27T11:28:53.545+0000] {logging_mixin.py:120} INFO - [2023-08-27T11:28:53.545+0000] {dag.py:3340} INFO - Setting next_dagrun for example_subdag_operator to 2022-01-01T00:00:00+00:00, run_after=2022-01-01T00:00:00+00:00
[2023-08-27T11:28:53.547+0000] {logging_mixin.py:120} INFO - [2023-08-27T11:28:53.547+0000] {dag.py:3340} INFO - Setting next_dagrun for example_subdag_operator.section-1 to None, run_after=None
[2023-08-27T11:28:53.548+0000] {logging_mixin.py:120} INFO - [2023-08-27T11:28:53.548+0000] {dag.py:3340} INFO - Setting next_dagrun for example_subdag_operator.section-2 to None, run_after=None
[2023-08-27T11:28:53.552+0000] {logging_mixin.py:120} INFO - [2023-08-27T11:28:53.552+0000] {dag.py:2585} INFO - Sync 2 DAGs
[2023-08-27T11:28:53.555+0000] {logging_mixin.py:120} INFO - [2023-08-27T11:28:53.555+0000] {dag.py:3340} INFO - Setting next_dagrun for example_subdag_operator.section-1 to None, run_after=None
[2023-08-27T11:28:53.556+0000] {logging_mixin.py:120} INFO - [2023-08-27T11:28:53.556+0000] {dag.py:3340} INFO - Setting next_dagrun for example_subdag_operator.section-2 to None, run_after=None
[2023-08-27T11:28:53.562+0000] {processor.py:176} INFO - Processing /home/airflow/.local/lib/python3.7/site-packages/airflow/example_dags/example_subdag_operator.py took 0.177 seconds
[2023-08-27T11:29:23.693+0000] {processor.py:154} INFO - Started process (PID=29954) to work on /home/airflow/.local/lib/python3.7/site-packages/airflow/example_dags/example_subdag_operator.py
[2023-08-27T11:29:23.695+0000] {processor.py:756} INFO - Processing file /home/airflow/.local/lib/python3.7/site-packages/airflow/example_dags/example_subdag_operator.py for tasks to queue
[2023-08-27T11:29:23.695+0000] {logging_mixin.py:120} INFO - [2023-08-27T11:29:23.695+0000] {dagbag.py:537} INFO - Filling up the DagBag from /home/airflow/.local/lib/python3.7/site-packages/airflow/example_dags/example_subdag_operator.py
[2023-08-27T11:29:23.733+0000] {processor.py:766} INFO - DAG(s) dict_keys(['example_subdag_operator.section-1', 'example_subdag_operator.section-2', 'example_subdag_operator']) retrieved from /home/airflow/.local/lib/python3.7/site-packages/airflow/example_dags/example_subdag_operator.py
[2023-08-27T11:29:23.833+0000] {logging_mixin.py:120} INFO - [2023-08-27T11:29:23.833+0000] {dag.py:2585} INFO - Sync 3 DAGs
[2023-08-27T11:29:23.849+0000] {logging_mixin.py:120} INFO - [2023-08-27T11:29:23.849+0000] {dag.py:3340} INFO - Setting next_dagrun for example_subdag_operator to 2022-01-01T00:00:00+00:00, run_after=2022-01-01T00:00:00+00:00
[2023-08-27T11:29:23.851+0000] {logging_mixin.py:120} INFO - [2023-08-27T11:29:23.851+0000] {dag.py:3340} INFO - Setting next_dagrun for example_subdag_operator.section-1 to None, run_after=None
[2023-08-27T11:29:23.853+0000] {logging_mixin.py:120} INFO - [2023-08-27T11:29:23.853+0000] {dag.py:3340} INFO - Setting next_dagrun for example_subdag_operator.section-2 to None, run_after=None
[2023-08-27T11:29:23.858+0000] {logging_mixin.py:120} INFO - [2023-08-27T11:29:23.858+0000] {dag.py:2585} INFO - Sync 2 DAGs
[2023-08-27T11:29:23.861+0000] {logging_mixin.py:120} INFO - [2023-08-27T11:29:23.861+0000] {dag.py:3340} INFO - Setting next_dagrun for example_subdag_operator.section-1 to None, run_after=None
[2023-08-27T11:29:23.862+0000] {logging_mixin.py:120} INFO - [2023-08-27T11:29:23.862+0000] {dag.py:3340} INFO - Setting next_dagrun for example_subdag_operator.section-2 to None, run_after=None
[2023-08-27T11:29:23.869+0000] {processor.py:176} INFO - Processing /home/airflow/.local/lib/python3.7/site-packages/airflow/example_dags/example_subdag_operator.py took 0.181 seconds
[2023-08-27T11:29:54.068+0000] {processor.py:154} INFO - Started process (PID=30010) to work on /home/airflow/.local/lib/python3.7/site-packages/airflow/example_dags/example_subdag_operator.py
[2023-08-27T11:29:54.070+0000] {processor.py:756} INFO - Processing file /home/airflow/.local/lib/python3.7/site-packages/airflow/example_dags/example_subdag_operator.py for tasks to queue
[2023-08-27T11:29:54.071+0000] {logging_mixin.py:120} INFO - [2023-08-27T11:29:54.071+0000] {dagbag.py:537} INFO - Filling up the DagBag from /home/airflow/.local/lib/python3.7/site-packages/airflow/example_dags/example_subdag_operator.py
[2023-08-27T11:29:54.105+0000] {processor.py:766} INFO - DAG(s) dict_keys(['example_subdag_operator.section-1', 'example_subdag_operator.section-2', 'example_subdag_operator']) retrieved from /home/airflow/.local/lib/python3.7/site-packages/airflow/example_dags/example_subdag_operator.py
[2023-08-27T11:29:54.197+0000] {logging_mixin.py:120} INFO - [2023-08-27T11:29:54.197+0000] {dag.py:2585} INFO - Sync 3 DAGs
[2023-08-27T11:29:54.211+0000] {logging_mixin.py:120} INFO - [2023-08-27T11:29:54.211+0000] {dag.py:3340} INFO - Setting next_dagrun for example_subdag_operator to 2022-01-01T00:00:00+00:00, run_after=2022-01-01T00:00:00+00:00
[2023-08-27T11:29:54.213+0000] {logging_mixin.py:120} INFO - [2023-08-27T11:29:54.213+0000] {dag.py:3340} INFO - Setting next_dagrun for example_subdag_operator.section-1 to None, run_after=None
[2023-08-27T11:29:54.213+0000] {logging_mixin.py:120} INFO - [2023-08-27T11:29:54.213+0000] {dag.py:3340} INFO - Setting next_dagrun for example_subdag_operator.section-2 to None, run_after=None
[2023-08-27T11:29:54.217+0000] {logging_mixin.py:120} INFO - [2023-08-27T11:29:54.217+0000] {dag.py:2585} INFO - Sync 2 DAGs
[2023-08-27T11:29:54.220+0000] {logging_mixin.py:120} INFO - [2023-08-27T11:29:54.220+0000] {dag.py:3340} INFO - Setting next_dagrun for example_subdag_operator.section-1 to None, run_after=None
[2023-08-27T11:29:54.221+0000] {logging_mixin.py:120} INFO - [2023-08-27T11:29:54.221+0000] {dag.py:3340} INFO - Setting next_dagrun for example_subdag_operator.section-2 to None, run_after=None
[2023-08-27T11:29:54.227+0000] {processor.py:176} INFO - Processing /home/airflow/.local/lib/python3.7/site-packages/airflow/example_dags/example_subdag_operator.py took 0.163 seconds
