[2023-08-27T11:24:11.074+0000] {processor.py:154} INFO - Started process (PID=29304) to work on /home/airflow/.local/lib/python3.7/site-packages/airflow/example_dags/example_branch_day_of_week_operator.py
[2023-08-27T11:24:11.075+0000] {processor.py:756} INFO - Processing file /home/airflow/.local/lib/python3.7/site-packages/airflow/example_dags/example_branch_day_of_week_operator.py for tasks to queue
[2023-08-27T11:24:11.077+0000] {logging_mixin.py:120} INFO - [2023-08-27T11:24:11.077+0000] {dagbag.py:537} INFO - Filling up the DagBag from /home/airflow/.local/lib/python3.7/site-packages/airflow/example_dags/example_branch_day_of_week_operator.py
[2023-08-27T11:24:11.099+0000] {processor.py:766} INFO - DAG(s) dict_keys(['example_weekday_branch_operator']) retrieved from /home/airflow/.local/lib/python3.7/site-packages/airflow/example_dags/example_branch_day_of_week_operator.py
[2023-08-27T11:24:11.134+0000] {logging_mixin.py:120} INFO - [2023-08-27T11:24:11.134+0000] {dag.py:2585} INFO - Sync 1 DAGs
[2023-08-27T11:24:11.150+0000] {logging_mixin.py:120} INFO - [2023-08-27T11:24:11.149+0000] {dag.py:3340} INFO - Setting next_dagrun for example_weekday_branch_operator to 2023-08-26T00:00:00+00:00, run_after=2023-08-27T00:00:00+00:00
[2023-08-27T11:24:11.160+0000] {processor.py:176} INFO - Processing /home/airflow/.local/lib/python3.7/site-packages/airflow/example_dags/example_branch_day_of_week_operator.py took 0.090 seconds
[2023-08-27T11:24:41.324+0000] {processor.py:154} INFO - Started process (PID=29369) to work on /home/airflow/.local/lib/python3.7/site-packages/airflow/example_dags/example_branch_day_of_week_operator.py
[2023-08-27T11:24:41.326+0000] {processor.py:756} INFO - Processing file /home/airflow/.local/lib/python3.7/site-packages/airflow/example_dags/example_branch_day_of_week_operator.py for tasks to queue
[2023-08-27T11:24:41.327+0000] {logging_mixin.py:120} INFO - [2023-08-27T11:24:41.327+0000] {dagbag.py:537} INFO - Filling up the DagBag from /home/airflow/.local/lib/python3.7/site-packages/airflow/example_dags/example_branch_day_of_week_operator.py
[2023-08-27T11:24:41.358+0000] {processor.py:766} INFO - DAG(s) dict_keys(['example_weekday_branch_operator']) retrieved from /home/airflow/.local/lib/python3.7/site-packages/airflow/example_dags/example_branch_day_of_week_operator.py
[2023-08-27T11:24:41.402+0000] {logging_mixin.py:120} INFO - [2023-08-27T11:24:41.402+0000] {dag.py:2585} INFO - Sync 1 DAGs
[2023-08-27T11:24:41.420+0000] {logging_mixin.py:120} INFO - [2023-08-27T11:24:41.420+0000] {dag.py:3340} INFO - Setting next_dagrun for example_weekday_branch_operator to 2023-08-26T00:00:00+00:00, run_after=2023-08-27T00:00:00+00:00
[2023-08-27T11:24:41.434+0000] {processor.py:176} INFO - Processing /home/airflow/.local/lib/python3.7/site-packages/airflow/example_dags/example_branch_day_of_week_operator.py took 0.115 seconds
[2023-08-27T11:25:11.595+0000] {processor.py:154} INFO - Started process (PID=29425) to work on /home/airflow/.local/lib/python3.7/site-packages/airflow/example_dags/example_branch_day_of_week_operator.py
[2023-08-27T11:25:11.596+0000] {processor.py:756} INFO - Processing file /home/airflow/.local/lib/python3.7/site-packages/airflow/example_dags/example_branch_day_of_week_operator.py for tasks to queue
[2023-08-27T11:25:11.597+0000] {logging_mixin.py:120} INFO - [2023-08-27T11:25:11.597+0000] {dagbag.py:537} INFO - Filling up the DagBag from /home/airflow/.local/lib/python3.7/site-packages/airflow/example_dags/example_branch_day_of_week_operator.py
[2023-08-27T11:25:11.613+0000] {processor.py:766} INFO - DAG(s) dict_keys(['example_weekday_branch_operator']) retrieved from /home/airflow/.local/lib/python3.7/site-packages/airflow/example_dags/example_branch_day_of_week_operator.py
[2023-08-27T11:25:11.646+0000] {logging_mixin.py:120} INFO - [2023-08-27T11:25:11.646+0000] {dag.py:2585} INFO - Sync 1 DAGs
[2023-08-27T11:25:11.661+0000] {logging_mixin.py:120} INFO - [2023-08-27T11:25:11.660+0000] {dag.py:3340} INFO - Setting next_dagrun for example_weekday_branch_operator to 2023-08-26T00:00:00+00:00, run_after=2023-08-27T00:00:00+00:00
[2023-08-27T11:25:11.671+0000] {processor.py:176} INFO - Processing /home/airflow/.local/lib/python3.7/site-packages/airflow/example_dags/example_branch_day_of_week_operator.py took 0.081 seconds
[2023-08-27T11:25:41.935+0000] {processor.py:154} INFO - Started process (PID=29490) to work on /home/airflow/.local/lib/python3.7/site-packages/airflow/example_dags/example_branch_day_of_week_operator.py
[2023-08-27T11:25:41.936+0000] {processor.py:756} INFO - Processing file /home/airflow/.local/lib/python3.7/site-packages/airflow/example_dags/example_branch_day_of_week_operator.py for tasks to queue
[2023-08-27T11:25:41.936+0000] {logging_mixin.py:120} INFO - [2023-08-27T11:25:41.936+0000] {dagbag.py:537} INFO - Filling up the DagBag from /home/airflow/.local/lib/python3.7/site-packages/airflow/example_dags/example_branch_day_of_week_operator.py
[2023-08-27T11:25:41.948+0000] {processor.py:766} INFO - DAG(s) dict_keys(['example_weekday_branch_operator']) retrieved from /home/airflow/.local/lib/python3.7/site-packages/airflow/example_dags/example_branch_day_of_week_operator.py
[2023-08-27T11:25:41.976+0000] {logging_mixin.py:120} INFO - [2023-08-27T11:25:41.976+0000] {dag.py:2585} INFO - Sync 1 DAGs
[2023-08-27T11:25:41.992+0000] {logging_mixin.py:120} INFO - [2023-08-27T11:25:41.992+0000] {dag.py:3340} INFO - Setting next_dagrun for example_weekday_branch_operator to 2023-08-26T00:00:00+00:00, run_after=2023-08-27T00:00:00+00:00
[2023-08-27T11:25:42.003+0000] {processor.py:176} INFO - Processing /home/airflow/.local/lib/python3.7/site-packages/airflow/example_dags/example_branch_day_of_week_operator.py took 0.070 seconds
[2023-08-27T11:26:12.219+0000] {processor.py:154} INFO - Started process (PID=29552) to work on /home/airflow/.local/lib/python3.7/site-packages/airflow/example_dags/example_branch_day_of_week_operator.py
[2023-08-27T11:26:12.220+0000] {processor.py:756} INFO - Processing file /home/airflow/.local/lib/python3.7/site-packages/airflow/example_dags/example_branch_day_of_week_operator.py for tasks to queue
[2023-08-27T11:26:12.220+0000] {logging_mixin.py:120} INFO - [2023-08-27T11:26:12.220+0000] {dagbag.py:537} INFO - Filling up the DagBag from /home/airflow/.local/lib/python3.7/site-packages/airflow/example_dags/example_branch_day_of_week_operator.py
[2023-08-27T11:26:12.233+0000] {processor.py:766} INFO - DAG(s) dict_keys(['example_weekday_branch_operator']) retrieved from /home/airflow/.local/lib/python3.7/site-packages/airflow/example_dags/example_branch_day_of_week_operator.py
[2023-08-27T11:26:12.268+0000] {logging_mixin.py:120} INFO - [2023-08-27T11:26:12.267+0000] {dag.py:2585} INFO - Sync 1 DAGs
[2023-08-27T11:26:12.287+0000] {logging_mixin.py:120} INFO - [2023-08-27T11:26:12.287+0000] {dag.py:3340} INFO - Setting next_dagrun for example_weekday_branch_operator to 2023-08-26T00:00:00+00:00, run_after=2023-08-27T00:00:00+00:00
[2023-08-27T11:26:12.300+0000] {processor.py:176} INFO - Processing /home/airflow/.local/lib/python3.7/site-packages/airflow/example_dags/example_branch_day_of_week_operator.py took 0.084 seconds
[2023-08-27T11:26:42.564+0000] {processor.py:154} INFO - Started process (PID=29617) to work on /home/airflow/.local/lib/python3.7/site-packages/airflow/example_dags/example_branch_day_of_week_operator.py
[2023-08-27T11:26:42.565+0000] {processor.py:756} INFO - Processing file /home/airflow/.local/lib/python3.7/site-packages/airflow/example_dags/example_branch_day_of_week_operator.py for tasks to queue
[2023-08-27T11:26:42.566+0000] {logging_mixin.py:120} INFO - [2023-08-27T11:26:42.566+0000] {dagbag.py:537} INFO - Filling up the DagBag from /home/airflow/.local/lib/python3.7/site-packages/airflow/example_dags/example_branch_day_of_week_operator.py
[2023-08-27T11:26:42.590+0000] {processor.py:766} INFO - DAG(s) dict_keys(['example_weekday_branch_operator']) retrieved from /home/airflow/.local/lib/python3.7/site-packages/airflow/example_dags/example_branch_day_of_week_operator.py
[2023-08-27T11:26:42.636+0000] {logging_mixin.py:120} INFO - [2023-08-27T11:26:42.636+0000] {dag.py:2585} INFO - Sync 1 DAGs
[2023-08-27T11:26:42.652+0000] {logging_mixin.py:120} INFO - [2023-08-27T11:26:42.652+0000] {dag.py:3340} INFO - Setting next_dagrun for example_weekday_branch_operator to 2023-08-26T00:00:00+00:00, run_after=2023-08-27T00:00:00+00:00
[2023-08-27T11:26:42.664+0000] {processor.py:176} INFO - Processing /home/airflow/.local/lib/python3.7/site-packages/airflow/example_dags/example_branch_day_of_week_operator.py took 0.104 seconds
[2023-08-27T11:27:12.940+0000] {processor.py:154} INFO - Started process (PID=29683) to work on /home/airflow/.local/lib/python3.7/site-packages/airflow/example_dags/example_branch_day_of_week_operator.py
[2023-08-27T11:27:12.940+0000] {processor.py:756} INFO - Processing file /home/airflow/.local/lib/python3.7/site-packages/airflow/example_dags/example_branch_day_of_week_operator.py for tasks to queue
[2023-08-27T11:27:12.941+0000] {logging_mixin.py:120} INFO - [2023-08-27T11:27:12.941+0000] {dagbag.py:537} INFO - Filling up the DagBag from /home/airflow/.local/lib/python3.7/site-packages/airflow/example_dags/example_branch_day_of_week_operator.py
[2023-08-27T11:27:12.966+0000] {processor.py:766} INFO - DAG(s) dict_keys(['example_weekday_branch_operator']) retrieved from /home/airflow/.local/lib/python3.7/site-packages/airflow/example_dags/example_branch_day_of_week_operator.py
[2023-08-27T11:27:13.049+0000] {logging_mixin.py:120} INFO - [2023-08-27T11:27:13.049+0000] {dag.py:2585} INFO - Sync 1 DAGs
[2023-08-27T11:27:13.072+0000] {logging_mixin.py:120} INFO - [2023-08-27T11:27:13.072+0000] {dag.py:3340} INFO - Setting next_dagrun for example_weekday_branch_operator to 2023-08-26T00:00:00+00:00, run_after=2023-08-27T00:00:00+00:00
[2023-08-27T11:27:13.088+0000] {processor.py:176} INFO - Processing /home/airflow/.local/lib/python3.7/site-packages/airflow/example_dags/example_branch_day_of_week_operator.py took 0.151 seconds
[2023-08-27T11:27:43.261+0000] {processor.py:154} INFO - Started process (PID=29739) to work on /home/airflow/.local/lib/python3.7/site-packages/airflow/example_dags/example_branch_day_of_week_operator.py
[2023-08-27T11:27:43.263+0000] {processor.py:756} INFO - Processing file /home/airflow/.local/lib/python3.7/site-packages/airflow/example_dags/example_branch_day_of_week_operator.py for tasks to queue
[2023-08-27T11:27:43.264+0000] {logging_mixin.py:120} INFO - [2023-08-27T11:27:43.264+0000] {dagbag.py:537} INFO - Filling up the DagBag from /home/airflow/.local/lib/python3.7/site-packages/airflow/example_dags/example_branch_day_of_week_operator.py
[2023-08-27T11:27:43.290+0000] {processor.py:766} INFO - DAG(s) dict_keys(['example_weekday_branch_operator']) retrieved from /home/airflow/.local/lib/python3.7/site-packages/airflow/example_dags/example_branch_day_of_week_operator.py
[2023-08-27T11:27:43.328+0000] {logging_mixin.py:120} INFO - [2023-08-27T11:27:43.328+0000] {dag.py:2585} INFO - Sync 1 DAGs
[2023-08-27T11:27:43.345+0000] {logging_mixin.py:120} INFO - [2023-08-27T11:27:43.345+0000] {dag.py:3340} INFO - Setting next_dagrun for example_weekday_branch_operator to 2023-08-26T00:00:00+00:00, run_after=2023-08-27T00:00:00+00:00
[2023-08-27T11:27:43.357+0000] {processor.py:176} INFO - Processing /home/airflow/.local/lib/python3.7/site-packages/airflow/example_dags/example_branch_day_of_week_operator.py took 0.100 seconds
[2023-08-27T11:28:13.527+0000] {processor.py:154} INFO - Started process (PID=29804) to work on /home/airflow/.local/lib/python3.7/site-packages/airflow/example_dags/example_branch_day_of_week_operator.py
[2023-08-27T11:28:13.530+0000] {processor.py:756} INFO - Processing file /home/airflow/.local/lib/python3.7/site-packages/airflow/example_dags/example_branch_day_of_week_operator.py for tasks to queue
[2023-08-27T11:28:13.532+0000] {logging_mixin.py:120} INFO - [2023-08-27T11:28:13.532+0000] {dagbag.py:537} INFO - Filling up the DagBag from /home/airflow/.local/lib/python3.7/site-packages/airflow/example_dags/example_branch_day_of_week_operator.py
[2023-08-27T11:28:13.587+0000] {processor.py:766} INFO - DAG(s) dict_keys(['example_weekday_branch_operator']) retrieved from /home/airflow/.local/lib/python3.7/site-packages/airflow/example_dags/example_branch_day_of_week_operator.py
[2023-08-27T11:28:13.649+0000] {logging_mixin.py:120} INFO - [2023-08-27T11:28:13.649+0000] {dag.py:2585} INFO - Sync 1 DAGs
[2023-08-27T11:28:13.669+0000] {logging_mixin.py:120} INFO - [2023-08-27T11:28:13.669+0000] {dag.py:3340} INFO - Setting next_dagrun for example_weekday_branch_operator to 2023-08-26T00:00:00+00:00, run_after=2023-08-27T00:00:00+00:00
[2023-08-27T11:28:13.682+0000] {processor.py:176} INFO - Processing /home/airflow/.local/lib/python3.7/site-packages/airflow/example_dags/example_branch_day_of_week_operator.py took 0.185 seconds
[2023-08-27T11:28:43.795+0000] {processor.py:154} INFO - Started process (PID=29869) to work on /home/airflow/.local/lib/python3.7/site-packages/airflow/example_dags/example_branch_day_of_week_operator.py
[2023-08-27T11:28:43.796+0000] {processor.py:756} INFO - Processing file /home/airflow/.local/lib/python3.7/site-packages/airflow/example_dags/example_branch_day_of_week_operator.py for tasks to queue
[2023-08-27T11:28:43.797+0000] {logging_mixin.py:120} INFO - [2023-08-27T11:28:43.797+0000] {dagbag.py:537} INFO - Filling up the DagBag from /home/airflow/.local/lib/python3.7/site-packages/airflow/example_dags/example_branch_day_of_week_operator.py
[2023-08-27T11:28:43.816+0000] {processor.py:766} INFO - DAG(s) dict_keys(['example_weekday_branch_operator']) retrieved from /home/airflow/.local/lib/python3.7/site-packages/airflow/example_dags/example_branch_day_of_week_operator.py
[2023-08-27T11:28:43.849+0000] {logging_mixin.py:120} INFO - [2023-08-27T11:28:43.849+0000] {dag.py:2585} INFO - Sync 1 DAGs
[2023-08-27T11:28:43.863+0000] {logging_mixin.py:120} INFO - [2023-08-27T11:28:43.863+0000] {dag.py:3340} INFO - Setting next_dagrun for example_weekday_branch_operator to 2023-08-26T00:00:00+00:00, run_after=2023-08-27T00:00:00+00:00
[2023-08-27T11:28:43.874+0000] {processor.py:176} INFO - Processing /home/airflow/.local/lib/python3.7/site-packages/airflow/example_dags/example_branch_day_of_week_operator.py took 0.084 seconds
[2023-08-27T11:29:14.136+0000] {processor.py:154} INFO - Started process (PID=29934) to work on /home/airflow/.local/lib/python3.7/site-packages/airflow/example_dags/example_branch_day_of_week_operator.py
[2023-08-27T11:29:14.137+0000] {processor.py:756} INFO - Processing file /home/airflow/.local/lib/python3.7/site-packages/airflow/example_dags/example_branch_day_of_week_operator.py for tasks to queue
[2023-08-27T11:29:14.138+0000] {logging_mixin.py:120} INFO - [2023-08-27T11:29:14.138+0000] {dagbag.py:537} INFO - Filling up the DagBag from /home/airflow/.local/lib/python3.7/site-packages/airflow/example_dags/example_branch_day_of_week_operator.py
[2023-08-27T11:29:14.159+0000] {processor.py:766} INFO - DAG(s) dict_keys(['example_weekday_branch_operator']) retrieved from /home/airflow/.local/lib/python3.7/site-packages/airflow/example_dags/example_branch_day_of_week_operator.py
[2023-08-27T11:29:14.201+0000] {logging_mixin.py:120} INFO - [2023-08-27T11:29:14.201+0000] {dag.py:2585} INFO - Sync 1 DAGs
[2023-08-27T11:29:14.221+0000] {logging_mixin.py:120} INFO - [2023-08-27T11:29:14.221+0000] {dag.py:3340} INFO - Setting next_dagrun for example_weekday_branch_operator to 2023-08-26T00:00:00+00:00, run_after=2023-08-27T00:00:00+00:00
[2023-08-27T11:29:14.236+0000] {processor.py:176} INFO - Processing /home/airflow/.local/lib/python3.7/site-packages/airflow/example_dags/example_branch_day_of_week_operator.py took 0.102 seconds
[2023-08-27T11:29:44.487+0000] {processor.py:154} INFO - Started process (PID=30000) to work on /home/airflow/.local/lib/python3.7/site-packages/airflow/example_dags/example_branch_day_of_week_operator.py
[2023-08-27T11:29:44.488+0000] {processor.py:756} INFO - Processing file /home/airflow/.local/lib/python3.7/site-packages/airflow/example_dags/example_branch_day_of_week_operator.py for tasks to queue
[2023-08-27T11:29:44.488+0000] {logging_mixin.py:120} INFO - [2023-08-27T11:29:44.488+0000] {dagbag.py:537} INFO - Filling up the DagBag from /home/airflow/.local/lib/python3.7/site-packages/airflow/example_dags/example_branch_day_of_week_operator.py
[2023-08-27T11:29:44.502+0000] {processor.py:766} INFO - DAG(s) dict_keys(['example_weekday_branch_operator']) retrieved from /home/airflow/.local/lib/python3.7/site-packages/airflow/example_dags/example_branch_day_of_week_operator.py
[2023-08-27T11:29:44.538+0000] {logging_mixin.py:120} INFO - [2023-08-27T11:29:44.538+0000] {dag.py:2585} INFO - Sync 1 DAGs
[2023-08-27T11:29:44.558+0000] {logging_mixin.py:120} INFO - [2023-08-27T11:29:44.558+0000] {dag.py:3340} INFO - Setting next_dagrun for example_weekday_branch_operator to 2023-08-26T00:00:00+00:00, run_after=2023-08-27T00:00:00+00:00
[2023-08-27T11:29:44.572+0000] {processor.py:176} INFO - Processing /home/airflow/.local/lib/python3.7/site-packages/airflow/example_dags/example_branch_day_of_week_operator.py took 0.089 seconds
[2023-08-27T11:30:14.656+0000] {processor.py:154} INFO - Started process (PID=30056) to work on /home/airflow/.local/lib/python3.7/site-packages/airflow/example_dags/example_branch_day_of_week_operator.py
[2023-08-27T11:30:14.657+0000] {processor.py:756} INFO - Processing file /home/airflow/.local/lib/python3.7/site-packages/airflow/example_dags/example_branch_day_of_week_operator.py for tasks to queue
[2023-08-27T11:30:14.657+0000] {logging_mixin.py:120} INFO - [2023-08-27T11:30:14.657+0000] {dagbag.py:537} INFO - Filling up the DagBag from /home/airflow/.local/lib/python3.7/site-packages/airflow/example_dags/example_branch_day_of_week_operator.py
[2023-08-27T11:30:14.671+0000] {processor.py:766} INFO - DAG(s) dict_keys(['example_weekday_branch_operator']) retrieved from /home/airflow/.local/lib/python3.7/site-packages/airflow/example_dags/example_branch_day_of_week_operator.py
[2023-08-27T11:30:14.705+0000] {logging_mixin.py:120} INFO - [2023-08-27T11:30:14.705+0000] {dag.py:2585} INFO - Sync 1 DAGs
[2023-08-27T11:30:14.722+0000] {logging_mixin.py:120} INFO - [2023-08-27T11:30:14.722+0000] {dag.py:3340} INFO - Setting next_dagrun for example_weekday_branch_operator to 2023-08-26T00:00:00+00:00, run_after=2023-08-27T00:00:00+00:00
[2023-08-27T11:30:14.736+0000] {processor.py:176} INFO - Processing /home/airflow/.local/lib/python3.7/site-packages/airflow/example_dags/example_branch_day_of_week_operator.py took 0.084 seconds
