[2023-08-27T11:24:20.849+0000] {processor.py:154} INFO - Started process (PID=29325) to work on /home/airflow/.local/lib/python3.7/site-packages/airflow/example_dags/example_task_group.py
[2023-08-27T11:24:20.850+0000] {processor.py:756} INFO - Processing file /home/airflow/.local/lib/python3.7/site-packages/airflow/example_dags/example_task_group.py for tasks to queue
[2023-08-27T11:24:20.850+0000] {logging_mixin.py:120} INFO - [2023-08-27T11:24:20.850+0000] {dagbag.py:537} INFO - Filling up the DagBag from /home/airflow/.local/lib/python3.7/site-packages/airflow/example_dags/example_task_group.py
[2023-08-27T11:24:20.862+0000] {processor.py:766} INFO - DAG(s) dict_keys(['example_task_group']) retrieved from /home/airflow/.local/lib/python3.7/site-packages/airflow/example_dags/example_task_group.py
[2023-08-27T11:24:20.890+0000] {logging_mixin.py:120} INFO - [2023-08-27T11:24:20.890+0000] {dag.py:2585} INFO - Sync 1 DAGs
[2023-08-27T11:24:20.903+0000] {logging_mixin.py:120} INFO - [2023-08-27T11:24:20.903+0000] {dag.py:3340} INFO - Setting next_dagrun for example_task_group to 2023-08-26T11:24:20.903708+00:00, run_after=2023-08-27T11:24:20.903708+00:00
[2023-08-27T11:24:20.914+0000] {processor.py:176} INFO - Processing /home/airflow/.local/lib/python3.7/site-packages/airflow/example_dags/example_task_group.py took 0.067 seconds
[2023-08-27T11:24:51.204+0000] {processor.py:154} INFO - Started process (PID=29381) to work on /home/airflow/.local/lib/python3.7/site-packages/airflow/example_dags/example_task_group.py
[2023-08-27T11:24:51.206+0000] {processor.py:756} INFO - Processing file /home/airflow/.local/lib/python3.7/site-packages/airflow/example_dags/example_task_group.py for tasks to queue
[2023-08-27T11:24:51.206+0000] {logging_mixin.py:120} INFO - [2023-08-27T11:24:51.206+0000] {dagbag.py:537} INFO - Filling up the DagBag from /home/airflow/.local/lib/python3.7/site-packages/airflow/example_dags/example_task_group.py
[2023-08-27T11:24:51.217+0000] {processor.py:766} INFO - DAG(s) dict_keys(['example_task_group']) retrieved from /home/airflow/.local/lib/python3.7/site-packages/airflow/example_dags/example_task_group.py
[2023-08-27T11:24:51.244+0000] {logging_mixin.py:120} INFO - [2023-08-27T11:24:51.244+0000] {dag.py:2585} INFO - Sync 1 DAGs
[2023-08-27T11:24:51.258+0000] {logging_mixin.py:120} INFO - [2023-08-27T11:24:51.257+0000] {dag.py:3340} INFO - Setting next_dagrun for example_task_group to 2023-08-26T11:24:51.257736+00:00, run_after=2023-08-27T11:24:51.257736+00:00
[2023-08-27T11:24:51.269+0000] {processor.py:176} INFO - Processing /home/airflow/.local/lib/python3.7/site-packages/airflow/example_dags/example_task_group.py took 0.067 seconds
[2023-08-27T11:25:21.422+0000] {processor.py:154} INFO - Started process (PID=29446) to work on /home/airflow/.local/lib/python3.7/site-packages/airflow/example_dags/example_task_group.py
[2023-08-27T11:25:21.423+0000] {processor.py:756} INFO - Processing file /home/airflow/.local/lib/python3.7/site-packages/airflow/example_dags/example_task_group.py for tasks to queue
[2023-08-27T11:25:21.424+0000] {logging_mixin.py:120} INFO - [2023-08-27T11:25:21.424+0000] {dagbag.py:537} INFO - Filling up the DagBag from /home/airflow/.local/lib/python3.7/site-packages/airflow/example_dags/example_task_group.py
[2023-08-27T11:25:21.434+0000] {processor.py:766} INFO - DAG(s) dict_keys(['example_task_group']) retrieved from /home/airflow/.local/lib/python3.7/site-packages/airflow/example_dags/example_task_group.py
[2023-08-27T11:25:21.465+0000] {logging_mixin.py:120} INFO - [2023-08-27T11:25:21.465+0000] {dag.py:2585} INFO - Sync 1 DAGs
[2023-08-27T11:25:21.481+0000] {logging_mixin.py:120} INFO - [2023-08-27T11:25:21.481+0000] {dag.py:3340} INFO - Setting next_dagrun for example_task_group to 2023-08-26T11:25:21.481592+00:00, run_after=2023-08-27T11:25:21.481592+00:00
[2023-08-27T11:25:21.494+0000] {processor.py:176} INFO - Processing /home/airflow/.local/lib/python3.7/site-packages/airflow/example_dags/example_task_group.py took 0.074 seconds
[2023-08-27T11:25:51.747+0000] {processor.py:154} INFO - Started process (PID=29511) to work on /home/airflow/.local/lib/python3.7/site-packages/airflow/example_dags/example_task_group.py
[2023-08-27T11:25:51.748+0000] {processor.py:756} INFO - Processing file /home/airflow/.local/lib/python3.7/site-packages/airflow/example_dags/example_task_group.py for tasks to queue
[2023-08-27T11:25:51.749+0000] {logging_mixin.py:120} INFO - [2023-08-27T11:25:51.749+0000] {dagbag.py:537} INFO - Filling up the DagBag from /home/airflow/.local/lib/python3.7/site-packages/airflow/example_dags/example_task_group.py
[2023-08-27T11:25:51.760+0000] {processor.py:766} INFO - DAG(s) dict_keys(['example_task_group']) retrieved from /home/airflow/.local/lib/python3.7/site-packages/airflow/example_dags/example_task_group.py
[2023-08-27T11:25:51.790+0000] {logging_mixin.py:120} INFO - [2023-08-27T11:25:51.790+0000] {dag.py:2585} INFO - Sync 1 DAGs
[2023-08-27T11:25:51.807+0000] {logging_mixin.py:120} INFO - [2023-08-27T11:25:51.807+0000] {dag.py:3340} INFO - Setting next_dagrun for example_task_group to 2023-08-26T11:25:51.807118+00:00, run_after=2023-08-27T11:25:51.807118+00:00
[2023-08-27T11:25:51.819+0000] {processor.py:176} INFO - Processing /home/airflow/.local/lib/python3.7/site-packages/airflow/example_dags/example_task_group.py took 0.074 seconds
[2023-08-27T11:26:22.109+0000] {processor.py:154} INFO - Started process (PID=29575) to work on /home/airflow/.local/lib/python3.7/site-packages/airflow/example_dags/example_task_group.py
[2023-08-27T11:26:22.110+0000] {processor.py:756} INFO - Processing file /home/airflow/.local/lib/python3.7/site-packages/airflow/example_dags/example_task_group.py for tasks to queue
[2023-08-27T11:26:22.111+0000] {logging_mixin.py:120} INFO - [2023-08-27T11:26:22.111+0000] {dagbag.py:537} INFO - Filling up the DagBag from /home/airflow/.local/lib/python3.7/site-packages/airflow/example_dags/example_task_group.py
[2023-08-27T11:26:22.124+0000] {processor.py:766} INFO - DAG(s) dict_keys(['example_task_group']) retrieved from /home/airflow/.local/lib/python3.7/site-packages/airflow/example_dags/example_task_group.py
[2023-08-27T11:26:22.158+0000] {logging_mixin.py:120} INFO - [2023-08-27T11:26:22.158+0000] {dag.py:2585} INFO - Sync 1 DAGs
[2023-08-27T11:26:22.173+0000] {logging_mixin.py:120} INFO - [2023-08-27T11:26:22.173+0000] {dag.py:3340} INFO - Setting next_dagrun for example_task_group to 2023-08-26T11:26:22.173314+00:00, run_after=2023-08-27T11:26:22.173314+00:00
[2023-08-27T11:26:22.186+0000] {processor.py:176} INFO - Processing /home/airflow/.local/lib/python3.7/site-packages/airflow/example_dags/example_task_group.py took 0.081 seconds
[2023-08-27T11:26:52.542+0000] {processor.py:154} INFO - Started process (PID=29641) to work on /home/airflow/.local/lib/python3.7/site-packages/airflow/example_dags/example_task_group.py
[2023-08-27T11:26:52.543+0000] {processor.py:756} INFO - Processing file /home/airflow/.local/lib/python3.7/site-packages/airflow/example_dags/example_task_group.py for tasks to queue
[2023-08-27T11:26:52.544+0000] {logging_mixin.py:120} INFO - [2023-08-27T11:26:52.544+0000] {dagbag.py:537} INFO - Filling up the DagBag from /home/airflow/.local/lib/python3.7/site-packages/airflow/example_dags/example_task_group.py
[2023-08-27T11:26:52.555+0000] {processor.py:766} INFO - DAG(s) dict_keys(['example_task_group']) retrieved from /home/airflow/.local/lib/python3.7/site-packages/airflow/example_dags/example_task_group.py
[2023-08-27T11:26:52.584+0000] {logging_mixin.py:120} INFO - [2023-08-27T11:26:52.583+0000] {dag.py:2585} INFO - Sync 1 DAGs
[2023-08-27T11:26:52.597+0000] {logging_mixin.py:120} INFO - [2023-08-27T11:26:52.597+0000] {dag.py:3340} INFO - Setting next_dagrun for example_task_group to 2023-08-26T11:26:52.597358+00:00, run_after=2023-08-27T11:26:52.597358+00:00
[2023-08-27T11:26:52.609+0000] {processor.py:176} INFO - Processing /home/airflow/.local/lib/python3.7/site-packages/airflow/example_dags/example_task_group.py took 0.070 seconds
[2023-08-27T11:27:22.956+0000] {processor.py:154} INFO - Started process (PID=29697) to work on /home/airflow/.local/lib/python3.7/site-packages/airflow/example_dags/example_task_group.py
[2023-08-27T11:27:22.957+0000] {processor.py:756} INFO - Processing file /home/airflow/.local/lib/python3.7/site-packages/airflow/example_dags/example_task_group.py for tasks to queue
[2023-08-27T11:27:22.957+0000] {logging_mixin.py:120} INFO - [2023-08-27T11:27:22.957+0000] {dagbag.py:537} INFO - Filling up the DagBag from /home/airflow/.local/lib/python3.7/site-packages/airflow/example_dags/example_task_group.py
[2023-08-27T11:27:22.968+0000] {processor.py:766} INFO - DAG(s) dict_keys(['example_task_group']) retrieved from /home/airflow/.local/lib/python3.7/site-packages/airflow/example_dags/example_task_group.py
[2023-08-27T11:27:22.993+0000] {logging_mixin.py:120} INFO - [2023-08-27T11:27:22.993+0000] {dag.py:2585} INFO - Sync 1 DAGs
[2023-08-27T11:27:23.006+0000] {logging_mixin.py:120} INFO - [2023-08-27T11:27:23.006+0000] {dag.py:3340} INFO - Setting next_dagrun for example_task_group to 2023-08-26T11:27:23.006504+00:00, run_after=2023-08-27T11:27:23.006504+00:00
[2023-08-27T11:27:23.016+0000] {processor.py:176} INFO - Processing /home/airflow/.local/lib/python3.7/site-packages/airflow/example_dags/example_task_group.py took 0.063 seconds
[2023-08-27T11:27:53.069+0000] {processor.py:154} INFO - Started process (PID=29762) to work on /home/airflow/.local/lib/python3.7/site-packages/airflow/example_dags/example_task_group.py
[2023-08-27T11:27:53.070+0000] {processor.py:756} INFO - Processing file /home/airflow/.local/lib/python3.7/site-packages/airflow/example_dags/example_task_group.py for tasks to queue
[2023-08-27T11:27:53.071+0000] {logging_mixin.py:120} INFO - [2023-08-27T11:27:53.071+0000] {dagbag.py:537} INFO - Filling up the DagBag from /home/airflow/.local/lib/python3.7/site-packages/airflow/example_dags/example_task_group.py
[2023-08-27T11:27:53.084+0000] {processor.py:766} INFO - DAG(s) dict_keys(['example_task_group']) retrieved from /home/airflow/.local/lib/python3.7/site-packages/airflow/example_dags/example_task_group.py
[2023-08-27T11:27:53.110+0000] {logging_mixin.py:120} INFO - [2023-08-27T11:27:53.110+0000] {dag.py:2585} INFO - Sync 1 DAGs
[2023-08-27T11:27:53.123+0000] {logging_mixin.py:120} INFO - [2023-08-27T11:27:53.123+0000] {dag.py:3340} INFO - Setting next_dagrun for example_task_group to 2023-08-26T11:27:53.123261+00:00, run_after=2023-08-27T11:27:53.123261+00:00
[2023-08-27T11:27:53.134+0000] {processor.py:176} INFO - Processing /home/airflow/.local/lib/python3.7/site-packages/airflow/example_dags/example_task_group.py took 0.067 seconds
[2023-08-27T11:28:23.389+0000] {processor.py:154} INFO - Started process (PID=29827) to work on /home/airflow/.local/lib/python3.7/site-packages/airflow/example_dags/example_task_group.py
[2023-08-27T11:28:23.390+0000] {processor.py:756} INFO - Processing file /home/airflow/.local/lib/python3.7/site-packages/airflow/example_dags/example_task_group.py for tasks to queue
[2023-08-27T11:28:23.390+0000] {logging_mixin.py:120} INFO - [2023-08-27T11:28:23.390+0000] {dagbag.py:537} INFO - Filling up the DagBag from /home/airflow/.local/lib/python3.7/site-packages/airflow/example_dags/example_task_group.py
[2023-08-27T11:28:23.402+0000] {processor.py:766} INFO - DAG(s) dict_keys(['example_task_group']) retrieved from /home/airflow/.local/lib/python3.7/site-packages/airflow/example_dags/example_task_group.py
[2023-08-27T11:28:23.430+0000] {logging_mixin.py:120} INFO - [2023-08-27T11:28:23.430+0000] {dag.py:2585} INFO - Sync 1 DAGs
[2023-08-27T11:28:23.444+0000] {logging_mixin.py:120} INFO - [2023-08-27T11:28:23.443+0000] {dag.py:3340} INFO - Setting next_dagrun for example_task_group to 2023-08-26T11:28:23.443772+00:00, run_after=2023-08-27T11:28:23.443772+00:00
[2023-08-27T11:28:23.454+0000] {processor.py:176} INFO - Processing /home/airflow/.local/lib/python3.7/site-packages/airflow/example_dags/example_task_group.py took 0.068 seconds
[2023-08-27T11:28:53.581+0000] {processor.py:154} INFO - Started process (PID=29892) to work on /home/airflow/.local/lib/python3.7/site-packages/airflow/example_dags/example_task_group.py
[2023-08-27T11:28:53.582+0000] {processor.py:756} INFO - Processing file /home/airflow/.local/lib/python3.7/site-packages/airflow/example_dags/example_task_group.py for tasks to queue
[2023-08-27T11:28:53.583+0000] {logging_mixin.py:120} INFO - [2023-08-27T11:28:53.583+0000] {dagbag.py:537} INFO - Filling up the DagBag from /home/airflow/.local/lib/python3.7/site-packages/airflow/example_dags/example_task_group.py
[2023-08-27T11:28:53.593+0000] {processor.py:766} INFO - DAG(s) dict_keys(['example_task_group']) retrieved from /home/airflow/.local/lib/python3.7/site-packages/airflow/example_dags/example_task_group.py
[2023-08-27T11:28:53.619+0000] {logging_mixin.py:120} INFO - [2023-08-27T11:28:53.619+0000] {dag.py:2585} INFO - Sync 1 DAGs
[2023-08-27T11:28:53.632+0000] {logging_mixin.py:120} INFO - [2023-08-27T11:28:53.632+0000] {dag.py:3340} INFO - Setting next_dagrun for example_task_group to 2023-08-26T11:28:53.632667+00:00, run_after=2023-08-27T11:28:53.632667+00:00
[2023-08-27T11:28:53.643+0000] {processor.py:176} INFO - Processing /home/airflow/.local/lib/python3.7/site-packages/airflow/example_dags/example_task_group.py took 0.064 seconds
[2023-08-27T11:29:23.895+0000] {processor.py:154} INFO - Started process (PID=29958) to work on /home/airflow/.local/lib/python3.7/site-packages/airflow/example_dags/example_task_group.py
[2023-08-27T11:29:23.895+0000] {processor.py:756} INFO - Processing file /home/airflow/.local/lib/python3.7/site-packages/airflow/example_dags/example_task_group.py for tasks to queue
[2023-08-27T11:29:23.896+0000] {logging_mixin.py:120} INFO - [2023-08-27T11:29:23.896+0000] {dagbag.py:537} INFO - Filling up the DagBag from /home/airflow/.local/lib/python3.7/site-packages/airflow/example_dags/example_task_group.py
[2023-08-27T11:29:23.907+0000] {processor.py:766} INFO - DAG(s) dict_keys(['example_task_group']) retrieved from /home/airflow/.local/lib/python3.7/site-packages/airflow/example_dags/example_task_group.py
[2023-08-27T11:29:23.935+0000] {logging_mixin.py:120} INFO - [2023-08-27T11:29:23.935+0000] {dag.py:2585} INFO - Sync 1 DAGs
[2023-08-27T11:29:23.949+0000] {logging_mixin.py:120} INFO - [2023-08-27T11:29:23.949+0000] {dag.py:3340} INFO - Setting next_dagrun for example_task_group to 2023-08-26T11:29:23.949458+00:00, run_after=2023-08-27T11:29:23.949458+00:00
[2023-08-27T11:29:23.960+0000] {processor.py:176} INFO - Processing /home/airflow/.local/lib/python3.7/site-packages/airflow/example_dags/example_task_group.py took 0.068 seconds
[2023-08-27T11:29:54.251+0000] {processor.py:154} INFO - Started process (PID=30014) to work on /home/airflow/.local/lib/python3.7/site-packages/airflow/example_dags/example_task_group.py
[2023-08-27T11:29:54.252+0000] {processor.py:756} INFO - Processing file /home/airflow/.local/lib/python3.7/site-packages/airflow/example_dags/example_task_group.py for tasks to queue
[2023-08-27T11:29:54.252+0000] {logging_mixin.py:120} INFO - [2023-08-27T11:29:54.252+0000] {dagbag.py:537} INFO - Filling up the DagBag from /home/airflow/.local/lib/python3.7/site-packages/airflow/example_dags/example_task_group.py
[2023-08-27T11:29:54.262+0000] {processor.py:766} INFO - DAG(s) dict_keys(['example_task_group']) retrieved from /home/airflow/.local/lib/python3.7/site-packages/airflow/example_dags/example_task_group.py
[2023-08-27T11:29:54.288+0000] {logging_mixin.py:120} INFO - [2023-08-27T11:29:54.288+0000] {dag.py:2585} INFO - Sync 1 DAGs
[2023-08-27T11:29:54.301+0000] {logging_mixin.py:120} INFO - [2023-08-27T11:29:54.301+0000] {dag.py:3340} INFO - Setting next_dagrun for example_task_group to 2023-08-26T11:29:54.301065+00:00, run_after=2023-08-27T11:29:54.301065+00:00
[2023-08-27T11:29:54.310+0000] {processor.py:176} INFO - Processing /home/airflow/.local/lib/python3.7/site-packages/airflow/example_dags/example_task_group.py took 0.062 seconds
