[2023-08-27T11:24:28.798+0000] {processor.py:154} INFO - Started process (PID=29339) to work on /home/airflow/.local/lib/python3.7/site-packages/airflow/example_dags/example_local_kubernetes_executor.py
[2023-08-27T11:24:28.799+0000] {processor.py:756} INFO - Processing file /home/airflow/.local/lib/python3.7/site-packages/airflow/example_dags/example_local_kubernetes_executor.py for tasks to queue
[2023-08-27T11:24:28.800+0000] {logging_mixin.py:120} INFO - [2023-08-27T11:24:28.800+0000] {dagbag.py:537} INFO - Filling up the DagBag from /home/airflow/.local/lib/python3.7/site-packages/airflow/example_dags/example_local_kubernetes_executor.py
[2023-08-27T11:24:28.821+0000] {processor.py:766} INFO - DAG(s) dict_keys(['example_local_kubernetes_executor']) retrieved from /home/airflow/.local/lib/python3.7/site-packages/airflow/example_dags/example_local_kubernetes_executor.py
[2023-08-27T11:24:28.861+0000] {logging_mixin.py:120} INFO - [2023-08-27T11:24:28.861+0000] {dag.py:2585} INFO - Sync 1 DAGs
[2023-08-27T11:24:28.876+0000] {logging_mixin.py:120} INFO - [2023-08-27T11:24:28.876+0000] {dag.py:3340} INFO - Setting next_dagrun for example_local_kubernetes_executor to None, run_after=None
[2023-08-27T11:24:28.888+0000] {processor.py:176} INFO - Processing /home/airflow/.local/lib/python3.7/site-packages/airflow/example_dags/example_local_kubernetes_executor.py took 0.092 seconds
[2023-08-27T11:24:59.071+0000] {processor.py:154} INFO - Started process (PID=29404) to work on /home/airflow/.local/lib/python3.7/site-packages/airflow/example_dags/example_local_kubernetes_executor.py
[2023-08-27T11:24:59.072+0000] {processor.py:756} INFO - Processing file /home/airflow/.local/lib/python3.7/site-packages/airflow/example_dags/example_local_kubernetes_executor.py for tasks to queue
[2023-08-27T11:24:59.072+0000] {logging_mixin.py:120} INFO - [2023-08-27T11:24:59.072+0000] {dagbag.py:537} INFO - Filling up the DagBag from /home/airflow/.local/lib/python3.7/site-packages/airflow/example_dags/example_local_kubernetes_executor.py
[2023-08-27T11:24:59.089+0000] {processor.py:766} INFO - DAG(s) dict_keys(['example_local_kubernetes_executor']) retrieved from /home/airflow/.local/lib/python3.7/site-packages/airflow/example_dags/example_local_kubernetes_executor.py
[2023-08-27T11:24:59.123+0000] {logging_mixin.py:120} INFO - [2023-08-27T11:24:59.123+0000] {dag.py:2585} INFO - Sync 1 DAGs
[2023-08-27T11:24:59.143+0000] {logging_mixin.py:120} INFO - [2023-08-27T11:24:59.142+0000] {dag.py:3340} INFO - Setting next_dagrun for example_local_kubernetes_executor to None, run_after=None
[2023-08-27T11:24:59.158+0000] {processor.py:176} INFO - Processing /home/airflow/.local/lib/python3.7/site-packages/airflow/example_dags/example_local_kubernetes_executor.py took 0.091 seconds
[2023-08-27T11:25:29.217+0000] {processor.py:154} INFO - Started process (PID=29469) to work on /home/airflow/.local/lib/python3.7/site-packages/airflow/example_dags/example_local_kubernetes_executor.py
[2023-08-27T11:25:29.218+0000] {processor.py:756} INFO - Processing file /home/airflow/.local/lib/python3.7/site-packages/airflow/example_dags/example_local_kubernetes_executor.py for tasks to queue
[2023-08-27T11:25:29.219+0000] {logging_mixin.py:120} INFO - [2023-08-27T11:25:29.219+0000] {dagbag.py:537} INFO - Filling up the DagBag from /home/airflow/.local/lib/python3.7/site-packages/airflow/example_dags/example_local_kubernetes_executor.py
[2023-08-27T11:25:29.237+0000] {processor.py:766} INFO - DAG(s) dict_keys(['example_local_kubernetes_executor']) retrieved from /home/airflow/.local/lib/python3.7/site-packages/airflow/example_dags/example_local_kubernetes_executor.py
[2023-08-27T11:25:29.268+0000] {logging_mixin.py:120} INFO - [2023-08-27T11:25:29.268+0000] {dag.py:2585} INFO - Sync 1 DAGs
[2023-08-27T11:25:29.283+0000] {logging_mixin.py:120} INFO - [2023-08-27T11:25:29.283+0000] {dag.py:3340} INFO - Setting next_dagrun for example_local_kubernetes_executor to None, run_after=None
[2023-08-27T11:25:29.293+0000] {processor.py:176} INFO - Processing /home/airflow/.local/lib/python3.7/site-packages/airflow/example_dags/example_local_kubernetes_executor.py took 0.080 seconds
[2023-08-27T11:25:59.689+0000] {processor.py:154} INFO - Started process (PID=29534) to work on /home/airflow/.local/lib/python3.7/site-packages/airflow/example_dags/example_local_kubernetes_executor.py
[2023-08-27T11:25:59.690+0000] {processor.py:756} INFO - Processing file /home/airflow/.local/lib/python3.7/site-packages/airflow/example_dags/example_local_kubernetes_executor.py for tasks to queue
[2023-08-27T11:25:59.690+0000] {logging_mixin.py:120} INFO - [2023-08-27T11:25:59.690+0000] {dagbag.py:537} INFO - Filling up the DagBag from /home/airflow/.local/lib/python3.7/site-packages/airflow/example_dags/example_local_kubernetes_executor.py
[2023-08-27T11:25:59.706+0000] {processor.py:766} INFO - DAG(s) dict_keys(['example_local_kubernetes_executor']) retrieved from /home/airflow/.local/lib/python3.7/site-packages/airflow/example_dags/example_local_kubernetes_executor.py
[2023-08-27T11:25:59.731+0000] {logging_mixin.py:120} INFO - [2023-08-27T11:25:59.731+0000] {dag.py:2585} INFO - Sync 1 DAGs
[2023-08-27T11:25:59.744+0000] {logging_mixin.py:120} INFO - [2023-08-27T11:25:59.744+0000] {dag.py:3340} INFO - Setting next_dagrun for example_local_kubernetes_executor to None, run_after=None
[2023-08-27T11:25:59.754+0000] {processor.py:176} INFO - Processing /home/airflow/.local/lib/python3.7/site-packages/airflow/example_dags/example_local_kubernetes_executor.py took 0.068 seconds
[2023-08-27T11:26:30.055+0000] {processor.py:154} INFO - Started process (PID=29598) to work on /home/airflow/.local/lib/python3.7/site-packages/airflow/example_dags/example_local_kubernetes_executor.py
[2023-08-27T11:26:30.056+0000] {processor.py:756} INFO - Processing file /home/airflow/.local/lib/python3.7/site-packages/airflow/example_dags/example_local_kubernetes_executor.py for tasks to queue
[2023-08-27T11:26:30.056+0000] {logging_mixin.py:120} INFO - [2023-08-27T11:26:30.056+0000] {dagbag.py:537} INFO - Filling up the DagBag from /home/airflow/.local/lib/python3.7/site-packages/airflow/example_dags/example_local_kubernetes_executor.py
[2023-08-27T11:26:30.074+0000] {processor.py:766} INFO - DAG(s) dict_keys(['example_local_kubernetes_executor']) retrieved from /home/airflow/.local/lib/python3.7/site-packages/airflow/example_dags/example_local_kubernetes_executor.py
[2023-08-27T11:26:30.111+0000] {logging_mixin.py:120} INFO - [2023-08-27T11:26:30.111+0000] {dag.py:2585} INFO - Sync 1 DAGs
[2023-08-27T11:26:30.128+0000] {logging_mixin.py:120} INFO - [2023-08-27T11:26:30.127+0000] {dag.py:3340} INFO - Setting next_dagrun for example_local_kubernetes_executor to None, run_after=None
[2023-08-27T11:26:30.142+0000] {processor.py:176} INFO - Processing /home/airflow/.local/lib/python3.7/site-packages/airflow/example_dags/example_local_kubernetes_executor.py took 0.090 seconds
[2023-08-27T11:27:00.366+0000] {processor.py:154} INFO - Started process (PID=29655) to work on /home/airflow/.local/lib/python3.7/site-packages/airflow/example_dags/example_local_kubernetes_executor.py
[2023-08-27T11:27:00.367+0000] {processor.py:756} INFO - Processing file /home/airflow/.local/lib/python3.7/site-packages/airflow/example_dags/example_local_kubernetes_executor.py for tasks to queue
[2023-08-27T11:27:00.368+0000] {logging_mixin.py:120} INFO - [2023-08-27T11:27:00.367+0000] {dagbag.py:537} INFO - Filling up the DagBag from /home/airflow/.local/lib/python3.7/site-packages/airflow/example_dags/example_local_kubernetes_executor.py
[2023-08-27T11:27:00.384+0000] {processor.py:766} INFO - DAG(s) dict_keys(['example_local_kubernetes_executor']) retrieved from /home/airflow/.local/lib/python3.7/site-packages/airflow/example_dags/example_local_kubernetes_executor.py
[2023-08-27T11:27:00.414+0000] {logging_mixin.py:120} INFO - [2023-08-27T11:27:00.413+0000] {dag.py:2585} INFO - Sync 1 DAGs
[2023-08-27T11:27:00.429+0000] {logging_mixin.py:120} INFO - [2023-08-27T11:27:00.428+0000] {dag.py:3340} INFO - Setting next_dagrun for example_local_kubernetes_executor to None, run_after=None
[2023-08-27T11:27:00.444+0000] {processor.py:176} INFO - Processing /home/airflow/.local/lib/python3.7/site-packages/airflow/example_dags/example_local_kubernetes_executor.py took 0.081 seconds
[2023-08-27T11:27:30.813+0000] {processor.py:154} INFO - Started process (PID=29720) to work on /home/airflow/.local/lib/python3.7/site-packages/airflow/example_dags/example_local_kubernetes_executor.py
[2023-08-27T11:27:30.813+0000] {processor.py:756} INFO - Processing file /home/airflow/.local/lib/python3.7/site-packages/airflow/example_dags/example_local_kubernetes_executor.py for tasks to queue
[2023-08-27T11:27:30.814+0000] {logging_mixin.py:120} INFO - [2023-08-27T11:27:30.814+0000] {dagbag.py:537} INFO - Filling up the DagBag from /home/airflow/.local/lib/python3.7/site-packages/airflow/example_dags/example_local_kubernetes_executor.py
[2023-08-27T11:27:30.829+0000] {processor.py:766} INFO - DAG(s) dict_keys(['example_local_kubernetes_executor']) retrieved from /home/airflow/.local/lib/python3.7/site-packages/airflow/example_dags/example_local_kubernetes_executor.py
[2023-08-27T11:27:30.858+0000] {logging_mixin.py:120} INFO - [2023-08-27T11:27:30.858+0000] {dag.py:2585} INFO - Sync 1 DAGs
[2023-08-27T11:27:30.877+0000] {logging_mixin.py:120} INFO - [2023-08-27T11:27:30.877+0000] {dag.py:3340} INFO - Setting next_dagrun for example_local_kubernetes_executor to None, run_after=None
[2023-08-27T11:27:30.891+0000] {processor.py:176} INFO - Processing /home/airflow/.local/lib/python3.7/site-packages/airflow/example_dags/example_local_kubernetes_executor.py took 0.080 seconds
[2023-08-27T11:28:01.002+0000] {processor.py:154} INFO - Started process (PID=29785) to work on /home/airflow/.local/lib/python3.7/site-packages/airflow/example_dags/example_local_kubernetes_executor.py
[2023-08-27T11:28:01.003+0000] {processor.py:756} INFO - Processing file /home/airflow/.local/lib/python3.7/site-packages/airflow/example_dags/example_local_kubernetes_executor.py for tasks to queue
[2023-08-27T11:28:01.004+0000] {logging_mixin.py:120} INFO - [2023-08-27T11:28:01.004+0000] {dagbag.py:537} INFO - Filling up the DagBag from /home/airflow/.local/lib/python3.7/site-packages/airflow/example_dags/example_local_kubernetes_executor.py
[2023-08-27T11:28:01.018+0000] {processor.py:766} INFO - DAG(s) dict_keys(['example_local_kubernetes_executor']) retrieved from /home/airflow/.local/lib/python3.7/site-packages/airflow/example_dags/example_local_kubernetes_executor.py
[2023-08-27T11:28:01.045+0000] {logging_mixin.py:120} INFO - [2023-08-27T11:28:01.045+0000] {dag.py:2585} INFO - Sync 1 DAGs
[2023-08-27T11:28:01.058+0000] {logging_mixin.py:120} INFO - [2023-08-27T11:28:01.058+0000] {dag.py:3340} INFO - Setting next_dagrun for example_local_kubernetes_executor to None, run_after=None
[2023-08-27T11:28:01.068+0000] {processor.py:176} INFO - Processing /home/airflow/.local/lib/python3.7/site-packages/airflow/example_dags/example_local_kubernetes_executor.py took 0.068 seconds
[2023-08-27T11:28:31.358+0000] {processor.py:154} INFO - Started process (PID=29850) to work on /home/airflow/.local/lib/python3.7/site-packages/airflow/example_dags/example_local_kubernetes_executor.py
[2023-08-27T11:28:31.359+0000] {processor.py:756} INFO - Processing file /home/airflow/.local/lib/python3.7/site-packages/airflow/example_dags/example_local_kubernetes_executor.py for tasks to queue
[2023-08-27T11:28:31.359+0000] {logging_mixin.py:120} INFO - [2023-08-27T11:28:31.359+0000] {dagbag.py:537} INFO - Filling up the DagBag from /home/airflow/.local/lib/python3.7/site-packages/airflow/example_dags/example_local_kubernetes_executor.py
[2023-08-27T11:28:31.374+0000] {processor.py:766} INFO - DAG(s) dict_keys(['example_local_kubernetes_executor']) retrieved from /home/airflow/.local/lib/python3.7/site-packages/airflow/example_dags/example_local_kubernetes_executor.py
[2023-08-27T11:28:31.400+0000] {logging_mixin.py:120} INFO - [2023-08-27T11:28:31.400+0000] {dag.py:2585} INFO - Sync 1 DAGs
[2023-08-27T11:28:31.413+0000] {logging_mixin.py:120} INFO - [2023-08-27T11:28:31.413+0000] {dag.py:3340} INFO - Setting next_dagrun for example_local_kubernetes_executor to None, run_after=None
[2023-08-27T11:28:31.425+0000] {processor.py:176} INFO - Processing /home/airflow/.local/lib/python3.7/site-packages/airflow/example_dags/example_local_kubernetes_executor.py took 0.069 seconds
[2023-08-27T11:29:01.518+0000] {processor.py:154} INFO - Started process (PID=29915) to work on /home/airflow/.local/lib/python3.7/site-packages/airflow/example_dags/example_local_kubernetes_executor.py
[2023-08-27T11:29:01.520+0000] {processor.py:756} INFO - Processing file /home/airflow/.local/lib/python3.7/site-packages/airflow/example_dags/example_local_kubernetes_executor.py for tasks to queue
[2023-08-27T11:29:01.521+0000] {logging_mixin.py:120} INFO - [2023-08-27T11:29:01.521+0000] {dagbag.py:537} INFO - Filling up the DagBag from /home/airflow/.local/lib/python3.7/site-packages/airflow/example_dags/example_local_kubernetes_executor.py
[2023-08-27T11:29:01.543+0000] {processor.py:766} INFO - DAG(s) dict_keys(['example_local_kubernetes_executor']) retrieved from /home/airflow/.local/lib/python3.7/site-packages/airflow/example_dags/example_local_kubernetes_executor.py
[2023-08-27T11:29:01.580+0000] {logging_mixin.py:120} INFO - [2023-08-27T11:29:01.579+0000] {dag.py:2585} INFO - Sync 1 DAGs
[2023-08-27T11:29:01.602+0000] {logging_mixin.py:120} INFO - [2023-08-27T11:29:01.602+0000] {dag.py:3340} INFO - Setting next_dagrun for example_local_kubernetes_executor to None, run_after=None
[2023-08-27T11:29:01.616+0000] {processor.py:176} INFO - Processing /home/airflow/.local/lib/python3.7/site-packages/airflow/example_dags/example_local_kubernetes_executor.py took 0.101 seconds
[2023-08-27T11:29:31.888+0000] {processor.py:154} INFO - Started process (PID=29972) to work on /home/airflow/.local/lib/python3.7/site-packages/airflow/example_dags/example_local_kubernetes_executor.py
[2023-08-27T11:29:31.888+0000] {processor.py:756} INFO - Processing file /home/airflow/.local/lib/python3.7/site-packages/airflow/example_dags/example_local_kubernetes_executor.py for tasks to queue
[2023-08-27T11:29:31.889+0000] {logging_mixin.py:120} INFO - [2023-08-27T11:29:31.889+0000] {dagbag.py:537} INFO - Filling up the DagBag from /home/airflow/.local/lib/python3.7/site-packages/airflow/example_dags/example_local_kubernetes_executor.py
[2023-08-27T11:29:31.902+0000] {processor.py:766} INFO - DAG(s) dict_keys(['example_local_kubernetes_executor']) retrieved from /home/airflow/.local/lib/python3.7/site-packages/airflow/example_dags/example_local_kubernetes_executor.py
[2023-08-27T11:29:31.927+0000] {logging_mixin.py:120} INFO - [2023-08-27T11:29:31.927+0000] {dag.py:2585} INFO - Sync 1 DAGs
[2023-08-27T11:29:31.940+0000] {logging_mixin.py:120} INFO - [2023-08-27T11:29:31.940+0000] {dag.py:3340} INFO - Setting next_dagrun for example_local_kubernetes_executor to None, run_after=None
[2023-08-27T11:29:31.949+0000] {processor.py:176} INFO - Processing /home/airflow/.local/lib/python3.7/site-packages/airflow/example_dags/example_local_kubernetes_executor.py took 0.064 seconds
[2023-08-27T11:30:02.284+0000] {processor.py:154} INFO - Started process (PID=30037) to work on /home/airflow/.local/lib/python3.7/site-packages/airflow/example_dags/example_local_kubernetes_executor.py
[2023-08-27T11:30:02.284+0000] {processor.py:756} INFO - Processing file /home/airflow/.local/lib/python3.7/site-packages/airflow/example_dags/example_local_kubernetes_executor.py for tasks to queue
[2023-08-27T11:30:02.285+0000] {logging_mixin.py:120} INFO - [2023-08-27T11:30:02.285+0000] {dagbag.py:537} INFO - Filling up the DagBag from /home/airflow/.local/lib/python3.7/site-packages/airflow/example_dags/example_local_kubernetes_executor.py
[2023-08-27T11:30:02.300+0000] {processor.py:766} INFO - DAG(s) dict_keys(['example_local_kubernetes_executor']) retrieved from /home/airflow/.local/lib/python3.7/site-packages/airflow/example_dags/example_local_kubernetes_executor.py
[2023-08-27T11:30:02.330+0000] {logging_mixin.py:120} INFO - [2023-08-27T11:30:02.330+0000] {dag.py:2585} INFO - Sync 1 DAGs
[2023-08-27T11:30:02.348+0000] {logging_mixin.py:120} INFO - [2023-08-27T11:30:02.347+0000] {dag.py:3340} INFO - Setting next_dagrun for example_local_kubernetes_executor to None, run_after=None
[2023-08-27T11:30:02.365+0000] {processor.py:176} INFO - Processing /home/airflow/.local/lib/python3.7/site-packages/airflow/example_dags/example_local_kubernetes_executor.py took 0.084 seconds
