[2023-08-27T11:24:21.127+0000] {processor.py:154} INFO - Started process (PID=29331) to work on /home/airflow/.local/lib/python3.7/site-packages/airflow/example_dags/example_complex.py
[2023-08-27T11:24:21.127+0000] {processor.py:756} INFO - Processing file /home/airflow/.local/lib/python3.7/site-packages/airflow/example_dags/example_complex.py for tasks to queue
[2023-08-27T11:24:21.128+0000] {logging_mixin.py:120} INFO - [2023-08-27T11:24:21.128+0000] {dagbag.py:537} INFO - Filling up the DagBag from /home/airflow/.local/lib/python3.7/site-packages/airflow/example_dags/example_complex.py
[2023-08-27T11:24:21.135+0000] {logging_mixin.py:120} INFO - [2023-08-27T11:24:21.135+0000] {taskmixin.py:205} WARNING - Dependency <Task(BashOperator): create_entry_group>, delete_entry_group already registered for DAG: example_complex
[2023-08-27T11:24:21.135+0000] {logging_mixin.py:120} INFO - [2023-08-27T11:24:21.135+0000] {taskmixin.py:205} WARNING - Dependency <Task(BashOperator): delete_entry_group>, create_entry_group already registered for DAG: example_complex
[2023-08-27T11:24:21.135+0000] {logging_mixin.py:120} INFO - [2023-08-27T11:24:21.135+0000] {taskmixin.py:205} WARNING - Dependency <Task(BashOperator): create_entry_gcs>, delete_entry already registered for DAG: example_complex
[2023-08-27T11:24:21.136+0000] {logging_mixin.py:120} INFO - [2023-08-27T11:24:21.136+0000] {taskmixin.py:205} WARNING - Dependency <Task(BashOperator): delete_entry>, create_entry_gcs already registered for DAG: example_complex
[2023-08-27T11:24:21.136+0000] {logging_mixin.py:120} INFO - [2023-08-27T11:24:21.136+0000] {taskmixin.py:205} WARNING - Dependency <Task(BashOperator): create_tag>, delete_tag already registered for DAG: example_complex
[2023-08-27T11:24:21.136+0000] {logging_mixin.py:120} INFO - [2023-08-27T11:24:21.136+0000] {taskmixin.py:205} WARNING - Dependency <Task(BashOperator): delete_tag>, create_tag already registered for DAG: example_complex
[2023-08-27T11:24:21.141+0000] {processor.py:766} INFO - DAG(s) dict_keys(['example_complex']) retrieved from /home/airflow/.local/lib/python3.7/site-packages/airflow/example_dags/example_complex.py
[2023-08-27T11:24:21.172+0000] {logging_mixin.py:120} INFO - [2023-08-27T11:24:21.172+0000] {dag.py:2585} INFO - Sync 1 DAGs
[2023-08-27T11:24:21.185+0000] {logging_mixin.py:120} INFO - [2023-08-27T11:24:21.185+0000] {dag.py:3340} INFO - Setting next_dagrun for example_complex to None, run_after=None
[2023-08-27T11:24:21.195+0000] {processor.py:176} INFO - Processing /home/airflow/.local/lib/python3.7/site-packages/airflow/example_dags/example_complex.py took 0.071 seconds
[2023-08-27T11:24:51.495+0000] {processor.py:154} INFO - Started process (PID=29394) to work on /home/airflow/.local/lib/python3.7/site-packages/airflow/example_dags/example_complex.py
[2023-08-27T11:24:51.496+0000] {processor.py:756} INFO - Processing file /home/airflow/.local/lib/python3.7/site-packages/airflow/example_dags/example_complex.py for tasks to queue
[2023-08-27T11:24:51.497+0000] {logging_mixin.py:120} INFO - [2023-08-27T11:24:51.497+0000] {dagbag.py:537} INFO - Filling up the DagBag from /home/airflow/.local/lib/python3.7/site-packages/airflow/example_dags/example_complex.py
[2023-08-27T11:24:51.505+0000] {logging_mixin.py:120} INFO - [2023-08-27T11:24:51.505+0000] {taskmixin.py:205} WARNING - Dependency <Task(BashOperator): create_entry_group>, delete_entry_group already registered for DAG: example_complex
[2023-08-27T11:24:51.506+0000] {logging_mixin.py:120} INFO - [2023-08-27T11:24:51.506+0000] {taskmixin.py:205} WARNING - Dependency <Task(BashOperator): delete_entry_group>, create_entry_group already registered for DAG: example_complex
[2023-08-27T11:24:51.506+0000] {logging_mixin.py:120} INFO - [2023-08-27T11:24:51.506+0000] {taskmixin.py:205} WARNING - Dependency <Task(BashOperator): create_entry_gcs>, delete_entry already registered for DAG: example_complex
[2023-08-27T11:24:51.506+0000] {logging_mixin.py:120} INFO - [2023-08-27T11:24:51.506+0000] {taskmixin.py:205} WARNING - Dependency <Task(BashOperator): delete_entry>, create_entry_gcs already registered for DAG: example_complex
[2023-08-27T11:24:51.507+0000] {logging_mixin.py:120} INFO - [2023-08-27T11:24:51.507+0000] {taskmixin.py:205} WARNING - Dependency <Task(BashOperator): create_tag>, delete_tag already registered for DAG: example_complex
[2023-08-27T11:24:51.507+0000] {logging_mixin.py:120} INFO - [2023-08-27T11:24:51.507+0000] {taskmixin.py:205} WARNING - Dependency <Task(BashOperator): delete_tag>, create_tag already registered for DAG: example_complex
[2023-08-27T11:24:51.513+0000] {processor.py:766} INFO - DAG(s) dict_keys(['example_complex']) retrieved from /home/airflow/.local/lib/python3.7/site-packages/airflow/example_dags/example_complex.py
[2023-08-27T11:24:51.547+0000] {logging_mixin.py:120} INFO - [2023-08-27T11:24:51.546+0000] {dag.py:2585} INFO - Sync 1 DAGs
[2023-08-27T11:24:51.564+0000] {logging_mixin.py:120} INFO - [2023-08-27T11:24:51.564+0000] {dag.py:3340} INFO - Setting next_dagrun for example_complex to None, run_after=None
[2023-08-27T11:24:51.581+0000] {processor.py:176} INFO - Processing /home/airflow/.local/lib/python3.7/site-packages/airflow/example_dags/example_complex.py took 0.088 seconds
[2023-08-27T11:25:21.683+0000] {processor.py:154} INFO - Started process (PID=29452) to work on /home/airflow/.local/lib/python3.7/site-packages/airflow/example_dags/example_complex.py
[2023-08-27T11:25:21.684+0000] {processor.py:756} INFO - Processing file /home/airflow/.local/lib/python3.7/site-packages/airflow/example_dags/example_complex.py for tasks to queue
[2023-08-27T11:25:21.684+0000] {logging_mixin.py:120} INFO - [2023-08-27T11:25:21.684+0000] {dagbag.py:537} INFO - Filling up the DagBag from /home/airflow/.local/lib/python3.7/site-packages/airflow/example_dags/example_complex.py
[2023-08-27T11:25:21.691+0000] {logging_mixin.py:120} INFO - [2023-08-27T11:25:21.691+0000] {taskmixin.py:205} WARNING - Dependency <Task(BashOperator): create_entry_group>, delete_entry_group already registered for DAG: example_complex
[2023-08-27T11:25:21.692+0000] {logging_mixin.py:120} INFO - [2023-08-27T11:25:21.692+0000] {taskmixin.py:205} WARNING - Dependency <Task(BashOperator): delete_entry_group>, create_entry_group already registered for DAG: example_complex
[2023-08-27T11:25:21.692+0000] {logging_mixin.py:120} INFO - [2023-08-27T11:25:21.692+0000] {taskmixin.py:205} WARNING - Dependency <Task(BashOperator): create_entry_gcs>, delete_entry already registered for DAG: example_complex
[2023-08-27T11:25:21.692+0000] {logging_mixin.py:120} INFO - [2023-08-27T11:25:21.692+0000] {taskmixin.py:205} WARNING - Dependency <Task(BashOperator): delete_entry>, create_entry_gcs already registered for DAG: example_complex
[2023-08-27T11:25:21.692+0000] {logging_mixin.py:120} INFO - [2023-08-27T11:25:21.692+0000] {taskmixin.py:205} WARNING - Dependency <Task(BashOperator): create_tag>, delete_tag already registered for DAG: example_complex
[2023-08-27T11:25:21.692+0000] {logging_mixin.py:120} INFO - [2023-08-27T11:25:21.692+0000] {taskmixin.py:205} WARNING - Dependency <Task(BashOperator): delete_tag>, create_tag already registered for DAG: example_complex
[2023-08-27T11:25:21.697+0000] {processor.py:766} INFO - DAG(s) dict_keys(['example_complex']) retrieved from /home/airflow/.local/lib/python3.7/site-packages/airflow/example_dags/example_complex.py
[2023-08-27T11:25:21.728+0000] {logging_mixin.py:120} INFO - [2023-08-27T11:25:21.728+0000] {dag.py:2585} INFO - Sync 1 DAGs
[2023-08-27T11:25:21.742+0000] {logging_mixin.py:120} INFO - [2023-08-27T11:25:21.742+0000] {dag.py:3340} INFO - Setting next_dagrun for example_complex to None, run_after=None
[2023-08-27T11:25:21.752+0000] {processor.py:176} INFO - Processing /home/airflow/.local/lib/python3.7/site-packages/airflow/example_dags/example_complex.py took 0.072 seconds
[2023-08-27T11:25:52.132+0000] {processor.py:154} INFO - Started process (PID=29517) to work on /home/airflow/.local/lib/python3.7/site-packages/airflow/example_dags/example_complex.py
[2023-08-27T11:25:52.133+0000] {processor.py:756} INFO - Processing file /home/airflow/.local/lib/python3.7/site-packages/airflow/example_dags/example_complex.py for tasks to queue
[2023-08-27T11:25:52.134+0000] {logging_mixin.py:120} INFO - [2023-08-27T11:25:52.134+0000] {dagbag.py:537} INFO - Filling up the DagBag from /home/airflow/.local/lib/python3.7/site-packages/airflow/example_dags/example_complex.py
[2023-08-27T11:25:52.142+0000] {logging_mixin.py:120} INFO - [2023-08-27T11:25:52.142+0000] {taskmixin.py:205} WARNING - Dependency <Task(BashOperator): create_entry_group>, delete_entry_group already registered for DAG: example_complex
[2023-08-27T11:25:52.142+0000] {logging_mixin.py:120} INFO - [2023-08-27T11:25:52.142+0000] {taskmixin.py:205} WARNING - Dependency <Task(BashOperator): delete_entry_group>, create_entry_group already registered for DAG: example_complex
[2023-08-27T11:25:52.142+0000] {logging_mixin.py:120} INFO - [2023-08-27T11:25:52.142+0000] {taskmixin.py:205} WARNING - Dependency <Task(BashOperator): create_entry_gcs>, delete_entry already registered for DAG: example_complex
[2023-08-27T11:25:52.143+0000] {logging_mixin.py:120} INFO - [2023-08-27T11:25:52.142+0000] {taskmixin.py:205} WARNING - Dependency <Task(BashOperator): delete_entry>, create_entry_gcs already registered for DAG: example_complex
[2023-08-27T11:25:52.143+0000] {logging_mixin.py:120} INFO - [2023-08-27T11:25:52.143+0000] {taskmixin.py:205} WARNING - Dependency <Task(BashOperator): create_tag>, delete_tag already registered for DAG: example_complex
[2023-08-27T11:25:52.143+0000] {logging_mixin.py:120} INFO - [2023-08-27T11:25:52.143+0000] {taskmixin.py:205} WARNING - Dependency <Task(BashOperator): delete_tag>, create_tag already registered for DAG: example_complex
[2023-08-27T11:25:52.149+0000] {processor.py:766} INFO - DAG(s) dict_keys(['example_complex']) retrieved from /home/airflow/.local/lib/python3.7/site-packages/airflow/example_dags/example_complex.py
[2023-08-27T11:25:52.183+0000] {logging_mixin.py:120} INFO - [2023-08-27T11:25:52.183+0000] {dag.py:2585} INFO - Sync 1 DAGs
[2023-08-27T11:25:52.197+0000] {logging_mixin.py:120} INFO - [2023-08-27T11:25:52.197+0000] {dag.py:3340} INFO - Setting next_dagrun for example_complex to None, run_after=None
[2023-08-27T11:25:52.207+0000] {processor.py:176} INFO - Processing /home/airflow/.local/lib/python3.7/site-packages/airflow/example_dags/example_complex.py took 0.078 seconds
[2023-08-27T11:26:22.400+0000] {processor.py:154} INFO - Started process (PID=29581) to work on /home/airflow/.local/lib/python3.7/site-packages/airflow/example_dags/example_complex.py
[2023-08-27T11:26:22.401+0000] {processor.py:756} INFO - Processing file /home/airflow/.local/lib/python3.7/site-packages/airflow/example_dags/example_complex.py for tasks to queue
[2023-08-27T11:26:22.401+0000] {logging_mixin.py:120} INFO - [2023-08-27T11:26:22.401+0000] {dagbag.py:537} INFO - Filling up the DagBag from /home/airflow/.local/lib/python3.7/site-packages/airflow/example_dags/example_complex.py
[2023-08-27T11:26:22.409+0000] {logging_mixin.py:120} INFO - [2023-08-27T11:26:22.409+0000] {taskmixin.py:205} WARNING - Dependency <Task(BashOperator): create_entry_group>, delete_entry_group already registered for DAG: example_complex
[2023-08-27T11:26:22.409+0000] {logging_mixin.py:120} INFO - [2023-08-27T11:26:22.409+0000] {taskmixin.py:205} WARNING - Dependency <Task(BashOperator): delete_entry_group>, create_entry_group already registered for DAG: example_complex
[2023-08-27T11:26:22.409+0000] {logging_mixin.py:120} INFO - [2023-08-27T11:26:22.409+0000] {taskmixin.py:205} WARNING - Dependency <Task(BashOperator): create_entry_gcs>, delete_entry already registered for DAG: example_complex
[2023-08-27T11:26:22.410+0000] {logging_mixin.py:120} INFO - [2023-08-27T11:26:22.410+0000] {taskmixin.py:205} WARNING - Dependency <Task(BashOperator): delete_entry>, create_entry_gcs already registered for DAG: example_complex
[2023-08-27T11:26:22.410+0000] {logging_mixin.py:120} INFO - [2023-08-27T11:26:22.410+0000] {taskmixin.py:205} WARNING - Dependency <Task(BashOperator): create_tag>, delete_tag already registered for DAG: example_complex
[2023-08-27T11:26:22.410+0000] {logging_mixin.py:120} INFO - [2023-08-27T11:26:22.410+0000] {taskmixin.py:205} WARNING - Dependency <Task(BashOperator): delete_tag>, create_tag already registered for DAG: example_complex
[2023-08-27T11:26:22.416+0000] {processor.py:766} INFO - DAG(s) dict_keys(['example_complex']) retrieved from /home/airflow/.local/lib/python3.7/site-packages/airflow/example_dags/example_complex.py
[2023-08-27T11:26:22.453+0000] {logging_mixin.py:120} INFO - [2023-08-27T11:26:22.452+0000] {dag.py:2585} INFO - Sync 1 DAGs
[2023-08-27T11:26:22.469+0000] {logging_mixin.py:120} INFO - [2023-08-27T11:26:22.469+0000] {dag.py:3340} INFO - Setting next_dagrun for example_complex to None, run_after=None
[2023-08-27T11:26:22.481+0000] {processor.py:176} INFO - Processing /home/airflow/.local/lib/python3.7/site-packages/airflow/example_dags/example_complex.py took 0.084 seconds
[2023-08-27T11:26:52.796+0000] {processor.py:154} INFO - Started process (PID=29647) to work on /home/airflow/.local/lib/python3.7/site-packages/airflow/example_dags/example_complex.py
[2023-08-27T11:26:52.797+0000] {processor.py:756} INFO - Processing file /home/airflow/.local/lib/python3.7/site-packages/airflow/example_dags/example_complex.py for tasks to queue
[2023-08-27T11:26:52.798+0000] {logging_mixin.py:120} INFO - [2023-08-27T11:26:52.798+0000] {dagbag.py:537} INFO - Filling up the DagBag from /home/airflow/.local/lib/python3.7/site-packages/airflow/example_dags/example_complex.py
[2023-08-27T11:26:52.804+0000] {logging_mixin.py:120} INFO - [2023-08-27T11:26:52.804+0000] {taskmixin.py:205} WARNING - Dependency <Task(BashOperator): create_entry_group>, delete_entry_group already registered for DAG: example_complex
[2023-08-27T11:26:52.804+0000] {logging_mixin.py:120} INFO - [2023-08-27T11:26:52.804+0000] {taskmixin.py:205} WARNING - Dependency <Task(BashOperator): delete_entry_group>, create_entry_group already registered for DAG: example_complex
[2023-08-27T11:26:52.805+0000] {logging_mixin.py:120} INFO - [2023-08-27T11:26:52.805+0000] {taskmixin.py:205} WARNING - Dependency <Task(BashOperator): create_entry_gcs>, delete_entry already registered for DAG: example_complex
[2023-08-27T11:26:52.805+0000] {logging_mixin.py:120} INFO - [2023-08-27T11:26:52.805+0000] {taskmixin.py:205} WARNING - Dependency <Task(BashOperator): delete_entry>, create_entry_gcs already registered for DAG: example_complex
[2023-08-27T11:26:52.805+0000] {logging_mixin.py:120} INFO - [2023-08-27T11:26:52.805+0000] {taskmixin.py:205} WARNING - Dependency <Task(BashOperator): create_tag>, delete_tag already registered for DAG: example_complex
[2023-08-27T11:26:52.805+0000] {logging_mixin.py:120} INFO - [2023-08-27T11:26:52.805+0000] {taskmixin.py:205} WARNING - Dependency <Task(BashOperator): delete_tag>, create_tag already registered for DAG: example_complex
[2023-08-27T11:26:52.810+0000] {processor.py:766} INFO - DAG(s) dict_keys(['example_complex']) retrieved from /home/airflow/.local/lib/python3.7/site-packages/airflow/example_dags/example_complex.py
[2023-08-27T11:26:52.841+0000] {logging_mixin.py:120} INFO - [2023-08-27T11:26:52.841+0000] {dag.py:2585} INFO - Sync 1 DAGs
[2023-08-27T11:26:52.855+0000] {logging_mixin.py:120} INFO - [2023-08-27T11:26:52.855+0000] {dag.py:3340} INFO - Setting next_dagrun for example_complex to None, run_after=None
[2023-08-27T11:26:52.867+0000] {processor.py:176} INFO - Processing /home/airflow/.local/lib/python3.7/site-packages/airflow/example_dags/example_complex.py took 0.072 seconds
[2023-08-27T11:27:23.284+0000] {processor.py:154} INFO - Started process (PID=29703) to work on /home/airflow/.local/lib/python3.7/site-packages/airflow/example_dags/example_complex.py
[2023-08-27T11:27:23.285+0000] {processor.py:756} INFO - Processing file /home/airflow/.local/lib/python3.7/site-packages/airflow/example_dags/example_complex.py for tasks to queue
[2023-08-27T11:27:23.286+0000] {logging_mixin.py:120} INFO - [2023-08-27T11:27:23.286+0000] {dagbag.py:537} INFO - Filling up the DagBag from /home/airflow/.local/lib/python3.7/site-packages/airflow/example_dags/example_complex.py
[2023-08-27T11:27:23.293+0000] {logging_mixin.py:120} INFO - [2023-08-27T11:27:23.293+0000] {taskmixin.py:205} WARNING - Dependency <Task(BashOperator): create_entry_group>, delete_entry_group already registered for DAG: example_complex
[2023-08-27T11:27:23.293+0000] {logging_mixin.py:120} INFO - [2023-08-27T11:27:23.293+0000] {taskmixin.py:205} WARNING - Dependency <Task(BashOperator): delete_entry_group>, create_entry_group already registered for DAG: example_complex
[2023-08-27T11:27:23.294+0000] {logging_mixin.py:120} INFO - [2023-08-27T11:27:23.294+0000] {taskmixin.py:205} WARNING - Dependency <Task(BashOperator): create_entry_gcs>, delete_entry already registered for DAG: example_complex
[2023-08-27T11:27:23.294+0000] {logging_mixin.py:120} INFO - [2023-08-27T11:27:23.294+0000] {taskmixin.py:205} WARNING - Dependency <Task(BashOperator): delete_entry>, create_entry_gcs already registered for DAG: example_complex
[2023-08-27T11:27:23.294+0000] {logging_mixin.py:120} INFO - [2023-08-27T11:27:23.294+0000] {taskmixin.py:205} WARNING - Dependency <Task(BashOperator): create_tag>, delete_tag already registered for DAG: example_complex
[2023-08-27T11:27:23.294+0000] {logging_mixin.py:120} INFO - [2023-08-27T11:27:23.294+0000] {taskmixin.py:205} WARNING - Dependency <Task(BashOperator): delete_tag>, create_tag already registered for DAG: example_complex
[2023-08-27T11:27:23.299+0000] {processor.py:766} INFO - DAG(s) dict_keys(['example_complex']) retrieved from /home/airflow/.local/lib/python3.7/site-packages/airflow/example_dags/example_complex.py
[2023-08-27T11:27:23.332+0000] {logging_mixin.py:120} INFO - [2023-08-27T11:27:23.332+0000] {dag.py:2585} INFO - Sync 1 DAGs
[2023-08-27T11:27:23.361+0000] {logging_mixin.py:120} INFO - [2023-08-27T11:27:23.361+0000] {dag.py:3340} INFO - Setting next_dagrun for example_complex to None, run_after=None
[2023-08-27T11:27:23.373+0000] {processor.py:176} INFO - Processing /home/airflow/.local/lib/python3.7/site-packages/airflow/example_dags/example_complex.py took 0.092 seconds
[2023-08-27T11:27:53.399+0000] {processor.py:154} INFO - Started process (PID=29768) to work on /home/airflow/.local/lib/python3.7/site-packages/airflow/example_dags/example_complex.py
[2023-08-27T11:27:53.399+0000] {processor.py:756} INFO - Processing file /home/airflow/.local/lib/python3.7/site-packages/airflow/example_dags/example_complex.py for tasks to queue
[2023-08-27T11:27:53.400+0000] {logging_mixin.py:120} INFO - [2023-08-27T11:27:53.400+0000] {dagbag.py:537} INFO - Filling up the DagBag from /home/airflow/.local/lib/python3.7/site-packages/airflow/example_dags/example_complex.py
[2023-08-27T11:27:53.407+0000] {logging_mixin.py:120} INFO - [2023-08-27T11:27:53.407+0000] {taskmixin.py:205} WARNING - Dependency <Task(BashOperator): create_entry_group>, delete_entry_group already registered for DAG: example_complex
[2023-08-27T11:27:53.407+0000] {logging_mixin.py:120} INFO - [2023-08-27T11:27:53.407+0000] {taskmixin.py:205} WARNING - Dependency <Task(BashOperator): delete_entry_group>, create_entry_group already registered for DAG: example_complex
[2023-08-27T11:27:53.407+0000] {logging_mixin.py:120} INFO - [2023-08-27T11:27:53.407+0000] {taskmixin.py:205} WARNING - Dependency <Task(BashOperator): create_entry_gcs>, delete_entry already registered for DAG: example_complex
[2023-08-27T11:27:53.408+0000] {logging_mixin.py:120} INFO - [2023-08-27T11:27:53.408+0000] {taskmixin.py:205} WARNING - Dependency <Task(BashOperator): delete_entry>, create_entry_gcs already registered for DAG: example_complex
[2023-08-27T11:27:53.408+0000] {logging_mixin.py:120} INFO - [2023-08-27T11:27:53.408+0000] {taskmixin.py:205} WARNING - Dependency <Task(BashOperator): create_tag>, delete_tag already registered for DAG: example_complex
[2023-08-27T11:27:53.408+0000] {logging_mixin.py:120} INFO - [2023-08-27T11:27:53.408+0000] {taskmixin.py:205} WARNING - Dependency <Task(BashOperator): delete_tag>, create_tag already registered for DAG: example_complex
[2023-08-27T11:27:53.413+0000] {processor.py:766} INFO - DAG(s) dict_keys(['example_complex']) retrieved from /home/airflow/.local/lib/python3.7/site-packages/airflow/example_dags/example_complex.py
[2023-08-27T11:27:53.441+0000] {logging_mixin.py:120} INFO - [2023-08-27T11:27:53.441+0000] {dag.py:2585} INFO - Sync 1 DAGs
[2023-08-27T11:27:53.454+0000] {logging_mixin.py:120} INFO - [2023-08-27T11:27:53.454+0000] {dag.py:3340} INFO - Setting next_dagrun for example_complex to None, run_after=None
[2023-08-27T11:27:53.464+0000] {processor.py:176} INFO - Processing /home/airflow/.local/lib/python3.7/site-packages/airflow/example_dags/example_complex.py took 0.067 seconds
[2023-08-27T11:28:23.720+0000] {processor.py:154} INFO - Started process (PID=29833) to work on /home/airflow/.local/lib/python3.7/site-packages/airflow/example_dags/example_complex.py
[2023-08-27T11:28:23.721+0000] {processor.py:756} INFO - Processing file /home/airflow/.local/lib/python3.7/site-packages/airflow/example_dags/example_complex.py for tasks to queue
[2023-08-27T11:28:23.722+0000] {logging_mixin.py:120} INFO - [2023-08-27T11:28:23.722+0000] {dagbag.py:537} INFO - Filling up the DagBag from /home/airflow/.local/lib/python3.7/site-packages/airflow/example_dags/example_complex.py
[2023-08-27T11:28:23.728+0000] {logging_mixin.py:120} INFO - [2023-08-27T11:28:23.728+0000] {taskmixin.py:205} WARNING - Dependency <Task(BashOperator): create_entry_group>, delete_entry_group already registered for DAG: example_complex
[2023-08-27T11:28:23.729+0000] {logging_mixin.py:120} INFO - [2023-08-27T11:28:23.729+0000] {taskmixin.py:205} WARNING - Dependency <Task(BashOperator): delete_entry_group>, create_entry_group already registered for DAG: example_complex
[2023-08-27T11:28:23.729+0000] {logging_mixin.py:120} INFO - [2023-08-27T11:28:23.729+0000] {taskmixin.py:205} WARNING - Dependency <Task(BashOperator): create_entry_gcs>, delete_entry already registered for DAG: example_complex
[2023-08-27T11:28:23.729+0000] {logging_mixin.py:120} INFO - [2023-08-27T11:28:23.729+0000] {taskmixin.py:205} WARNING - Dependency <Task(BashOperator): delete_entry>, create_entry_gcs already registered for DAG: example_complex
[2023-08-27T11:28:23.729+0000] {logging_mixin.py:120} INFO - [2023-08-27T11:28:23.729+0000] {taskmixin.py:205} WARNING - Dependency <Task(BashOperator): create_tag>, delete_tag already registered for DAG: example_complex
[2023-08-27T11:28:23.729+0000] {logging_mixin.py:120} INFO - [2023-08-27T11:28:23.729+0000] {taskmixin.py:205} WARNING - Dependency <Task(BashOperator): delete_tag>, create_tag already registered for DAG: example_complex
[2023-08-27T11:28:23.734+0000] {processor.py:766} INFO - DAG(s) dict_keys(['example_complex']) retrieved from /home/airflow/.local/lib/python3.7/site-packages/airflow/example_dags/example_complex.py
[2023-08-27T11:28:23.763+0000] {logging_mixin.py:120} INFO - [2023-08-27T11:28:23.763+0000] {dag.py:2585} INFO - Sync 1 DAGs
[2023-08-27T11:28:23.775+0000] {logging_mixin.py:120} INFO - [2023-08-27T11:28:23.775+0000] {dag.py:3340} INFO - Setting next_dagrun for example_complex to None, run_after=None
[2023-08-27T11:28:23.785+0000] {processor.py:176} INFO - Processing /home/airflow/.local/lib/python3.7/site-packages/airflow/example_dags/example_complex.py took 0.067 seconds
[2023-08-27T11:28:53.974+0000] {processor.py:154} INFO - Started process (PID=29898) to work on /home/airflow/.local/lib/python3.7/site-packages/airflow/example_dags/example_complex.py
[2023-08-27T11:28:53.975+0000] {processor.py:756} INFO - Processing file /home/airflow/.local/lib/python3.7/site-packages/airflow/example_dags/example_complex.py for tasks to queue
[2023-08-27T11:28:53.975+0000] {logging_mixin.py:120} INFO - [2023-08-27T11:28:53.975+0000] {dagbag.py:537} INFO - Filling up the DagBag from /home/airflow/.local/lib/python3.7/site-packages/airflow/example_dags/example_complex.py
[2023-08-27T11:28:53.982+0000] {logging_mixin.py:120} INFO - [2023-08-27T11:28:53.982+0000] {taskmixin.py:205} WARNING - Dependency <Task(BashOperator): create_entry_group>, delete_entry_group already registered for DAG: example_complex
[2023-08-27T11:28:53.982+0000] {logging_mixin.py:120} INFO - [2023-08-27T11:28:53.982+0000] {taskmixin.py:205} WARNING - Dependency <Task(BashOperator): delete_entry_group>, create_entry_group already registered for DAG: example_complex
[2023-08-27T11:28:53.983+0000] {logging_mixin.py:120} INFO - [2023-08-27T11:28:53.983+0000] {taskmixin.py:205} WARNING - Dependency <Task(BashOperator): create_entry_gcs>, delete_entry already registered for DAG: example_complex
[2023-08-27T11:28:53.983+0000] {logging_mixin.py:120} INFO - [2023-08-27T11:28:53.983+0000] {taskmixin.py:205} WARNING - Dependency <Task(BashOperator): delete_entry>, create_entry_gcs already registered for DAG: example_complex
[2023-08-27T11:28:53.983+0000] {logging_mixin.py:120} INFO - [2023-08-27T11:28:53.983+0000] {taskmixin.py:205} WARNING - Dependency <Task(BashOperator): create_tag>, delete_tag already registered for DAG: example_complex
[2023-08-27T11:28:53.983+0000] {logging_mixin.py:120} INFO - [2023-08-27T11:28:53.983+0000] {taskmixin.py:205} WARNING - Dependency <Task(BashOperator): delete_tag>, create_tag already registered for DAG: example_complex
[2023-08-27T11:28:53.988+0000] {processor.py:766} INFO - DAG(s) dict_keys(['example_complex']) retrieved from /home/airflow/.local/lib/python3.7/site-packages/airflow/example_dags/example_complex.py
[2023-08-27T11:28:54.017+0000] {logging_mixin.py:120} INFO - [2023-08-27T11:28:54.017+0000] {dag.py:2585} INFO - Sync 1 DAGs
[2023-08-27T11:28:54.030+0000] {logging_mixin.py:120} INFO - [2023-08-27T11:28:54.030+0000] {dag.py:3340} INFO - Setting next_dagrun for example_complex to None, run_after=None
[2023-08-27T11:28:54.040+0000] {processor.py:176} INFO - Processing /home/airflow/.local/lib/python3.7/site-packages/airflow/example_dags/example_complex.py took 0.068 seconds
[2023-08-27T11:29:24.278+0000] {processor.py:154} INFO - Started process (PID=29964) to work on /home/airflow/.local/lib/python3.7/site-packages/airflow/example_dags/example_complex.py
[2023-08-27T11:29:24.279+0000] {processor.py:756} INFO - Processing file /home/airflow/.local/lib/python3.7/site-packages/airflow/example_dags/example_complex.py for tasks to queue
[2023-08-27T11:29:24.280+0000] {logging_mixin.py:120} INFO - [2023-08-27T11:29:24.280+0000] {dagbag.py:537} INFO - Filling up the DagBag from /home/airflow/.local/lib/python3.7/site-packages/airflow/example_dags/example_complex.py
[2023-08-27T11:29:24.287+0000] {logging_mixin.py:120} INFO - [2023-08-27T11:29:24.287+0000] {taskmixin.py:205} WARNING - Dependency <Task(BashOperator): create_entry_group>, delete_entry_group already registered for DAG: example_complex
[2023-08-27T11:29:24.287+0000] {logging_mixin.py:120} INFO - [2023-08-27T11:29:24.287+0000] {taskmixin.py:205} WARNING - Dependency <Task(BashOperator): delete_entry_group>, create_entry_group already registered for DAG: example_complex
[2023-08-27T11:29:24.288+0000] {logging_mixin.py:120} INFO - [2023-08-27T11:29:24.288+0000] {taskmixin.py:205} WARNING - Dependency <Task(BashOperator): create_entry_gcs>, delete_entry already registered for DAG: example_complex
[2023-08-27T11:29:24.288+0000] {logging_mixin.py:120} INFO - [2023-08-27T11:29:24.288+0000] {taskmixin.py:205} WARNING - Dependency <Task(BashOperator): delete_entry>, create_entry_gcs already registered for DAG: example_complex
[2023-08-27T11:29:24.288+0000] {logging_mixin.py:120} INFO - [2023-08-27T11:29:24.288+0000] {taskmixin.py:205} WARNING - Dependency <Task(BashOperator): create_tag>, delete_tag already registered for DAG: example_complex
[2023-08-27T11:29:24.289+0000] {logging_mixin.py:120} INFO - [2023-08-27T11:29:24.289+0000] {taskmixin.py:205} WARNING - Dependency <Task(BashOperator): delete_tag>, create_tag already registered for DAG: example_complex
[2023-08-27T11:29:24.295+0000] {processor.py:766} INFO - DAG(s) dict_keys(['example_complex']) retrieved from /home/airflow/.local/lib/python3.7/site-packages/airflow/example_dags/example_complex.py
[2023-08-27T11:29:24.328+0000] {logging_mixin.py:120} INFO - [2023-08-27T11:29:24.328+0000] {dag.py:2585} INFO - Sync 1 DAGs
[2023-08-27T11:29:24.343+0000] {logging_mixin.py:120} INFO - [2023-08-27T11:29:24.343+0000] {dag.py:3340} INFO - Setting next_dagrun for example_complex to None, run_after=None
[2023-08-27T11:29:24.354+0000] {processor.py:176} INFO - Processing /home/airflow/.local/lib/python3.7/site-packages/airflow/example_dags/example_complex.py took 0.078 seconds
[2023-08-27T11:29:54.676+0000] {processor.py:154} INFO - Started process (PID=30020) to work on /home/airflow/.local/lib/python3.7/site-packages/airflow/example_dags/example_complex.py
[2023-08-27T11:29:54.676+0000] {processor.py:756} INFO - Processing file /home/airflow/.local/lib/python3.7/site-packages/airflow/example_dags/example_complex.py for tasks to queue
[2023-08-27T11:29:54.677+0000] {logging_mixin.py:120} INFO - [2023-08-27T11:29:54.677+0000] {dagbag.py:537} INFO - Filling up the DagBag from /home/airflow/.local/lib/python3.7/site-packages/airflow/example_dags/example_complex.py
[2023-08-27T11:29:54.684+0000] {logging_mixin.py:120} INFO - [2023-08-27T11:29:54.684+0000] {taskmixin.py:205} WARNING - Dependency <Task(BashOperator): create_entry_group>, delete_entry_group already registered for DAG: example_complex
[2023-08-27T11:29:54.684+0000] {logging_mixin.py:120} INFO - [2023-08-27T11:29:54.684+0000] {taskmixin.py:205} WARNING - Dependency <Task(BashOperator): delete_entry_group>, create_entry_group already registered for DAG: example_complex
[2023-08-27T11:29:54.684+0000] {logging_mixin.py:120} INFO - [2023-08-27T11:29:54.684+0000] {taskmixin.py:205} WARNING - Dependency <Task(BashOperator): create_entry_gcs>, delete_entry already registered for DAG: example_complex
[2023-08-27T11:29:54.684+0000] {logging_mixin.py:120} INFO - [2023-08-27T11:29:54.684+0000] {taskmixin.py:205} WARNING - Dependency <Task(BashOperator): delete_entry>, create_entry_gcs already registered for DAG: example_complex
[2023-08-27T11:29:54.685+0000] {logging_mixin.py:120} INFO - [2023-08-27T11:29:54.685+0000] {taskmixin.py:205} WARNING - Dependency <Task(BashOperator): create_tag>, delete_tag already registered for DAG: example_complex
[2023-08-27T11:29:54.685+0000] {logging_mixin.py:120} INFO - [2023-08-27T11:29:54.685+0000] {taskmixin.py:205} WARNING - Dependency <Task(BashOperator): delete_tag>, create_tag already registered for DAG: example_complex
[2023-08-27T11:29:54.690+0000] {processor.py:766} INFO - DAG(s) dict_keys(['example_complex']) retrieved from /home/airflow/.local/lib/python3.7/site-packages/airflow/example_dags/example_complex.py
[2023-08-27T11:29:54.718+0000] {logging_mixin.py:120} INFO - [2023-08-27T11:29:54.718+0000] {dag.py:2585} INFO - Sync 1 DAGs
[2023-08-27T11:29:54.731+0000] {logging_mixin.py:120} INFO - [2023-08-27T11:29:54.731+0000] {dag.py:3340} INFO - Setting next_dagrun for example_complex to None, run_after=None
[2023-08-27T11:29:54.740+0000] {processor.py:176} INFO - Processing /home/airflow/.local/lib/python3.7/site-packages/airflow/example_dags/example_complex.py took 0.067 seconds
