[2023-08-27T11:24:20.756+0000] {processor.py:154} INFO - Started process (PID=29324) to work on /home/airflow/.local/lib/python3.7/site-packages/airflow/example_dags/example_trigger_target_dag.py
[2023-08-27T11:24:20.757+0000] {processor.py:756} INFO - Processing file /home/airflow/.local/lib/python3.7/site-packages/airflow/example_dags/example_trigger_target_dag.py for tasks to queue
[2023-08-27T11:24:20.757+0000] {logging_mixin.py:120} INFO - [2023-08-27T11:24:20.757+0000] {dagbag.py:537} INFO - Filling up the DagBag from /home/airflow/.local/lib/python3.7/site-packages/airflow/example_dags/example_trigger_target_dag.py
[2023-08-27T11:24:20.771+0000] {processor.py:766} INFO - DAG(s) dict_keys(['example_trigger_target_dag']) retrieved from /home/airflow/.local/lib/python3.7/site-packages/airflow/example_dags/example_trigger_target_dag.py
[2023-08-27T11:24:20.803+0000] {logging_mixin.py:120} INFO - [2023-08-27T11:24:20.803+0000] {dag.py:2585} INFO - Sync 1 DAGs
[2023-08-27T11:24:20.819+0000] {logging_mixin.py:120} INFO - [2023-08-27T11:24:20.819+0000] {dag.py:3340} INFO - Setting next_dagrun for example_trigger_target_dag to None, run_after=None
[2023-08-27T11:24:20.831+0000] {processor.py:176} INFO - Processing /home/airflow/.local/lib/python3.7/site-packages/airflow/example_dags/example_trigger_target_dag.py took 0.077 seconds
[2023-08-27T11:24:51.184+0000] {processor.py:154} INFO - Started process (PID=29380) to work on /home/airflow/.local/lib/python3.7/site-packages/airflow/example_dags/example_trigger_target_dag.py
[2023-08-27T11:24:51.185+0000] {processor.py:756} INFO - Processing file /home/airflow/.local/lib/python3.7/site-packages/airflow/example_dags/example_trigger_target_dag.py for tasks to queue
[2023-08-27T11:24:51.186+0000] {logging_mixin.py:120} INFO - [2023-08-27T11:24:51.185+0000] {dagbag.py:537} INFO - Filling up the DagBag from /home/airflow/.local/lib/python3.7/site-packages/airflow/example_dags/example_trigger_target_dag.py
[2023-08-27T11:24:51.201+0000] {processor.py:766} INFO - DAG(s) dict_keys(['example_trigger_target_dag']) retrieved from /home/airflow/.local/lib/python3.7/site-packages/airflow/example_dags/example_trigger_target_dag.py
[2023-08-27T11:24:51.228+0000] {logging_mixin.py:120} INFO - [2023-08-27T11:24:51.228+0000] {dag.py:2585} INFO - Sync 1 DAGs
[2023-08-27T11:24:51.242+0000] {logging_mixin.py:120} INFO - [2023-08-27T11:24:51.242+0000] {dag.py:3340} INFO - Setting next_dagrun for example_trigger_target_dag to None, run_after=None
[2023-08-27T11:24:51.252+0000] {processor.py:176} INFO - Processing /home/airflow/.local/lib/python3.7/site-packages/airflow/example_dags/example_trigger_target_dag.py took 0.071 seconds
[2023-08-27T11:25:21.380+0000] {processor.py:154} INFO - Started process (PID=29445) to work on /home/airflow/.local/lib/python3.7/site-packages/airflow/example_dags/example_trigger_target_dag.py
[2023-08-27T11:25:21.381+0000] {processor.py:756} INFO - Processing file /home/airflow/.local/lib/python3.7/site-packages/airflow/example_dags/example_trigger_target_dag.py for tasks to queue
[2023-08-27T11:25:21.382+0000] {logging_mixin.py:120} INFO - [2023-08-27T11:25:21.381+0000] {dagbag.py:537} INFO - Filling up the DagBag from /home/airflow/.local/lib/python3.7/site-packages/airflow/example_dags/example_trigger_target_dag.py
[2023-08-27T11:25:21.394+0000] {processor.py:766} INFO - DAG(s) dict_keys(['example_trigger_target_dag']) retrieved from /home/airflow/.local/lib/python3.7/site-packages/airflow/example_dags/example_trigger_target_dag.py
[2023-08-27T11:25:21.422+0000] {logging_mixin.py:120} INFO - [2023-08-27T11:25:21.422+0000] {dag.py:2585} INFO - Sync 1 DAGs
[2023-08-27T11:25:21.437+0000] {logging_mixin.py:120} INFO - [2023-08-27T11:25:21.437+0000] {dag.py:3340} INFO - Setting next_dagrun for example_trigger_target_dag to None, run_after=None
[2023-08-27T11:25:21.447+0000] {processor.py:176} INFO - Processing /home/airflow/.local/lib/python3.7/site-packages/airflow/example_dags/example_trigger_target_dag.py took 0.070 seconds
[2023-08-27T11:25:51.656+0000] {processor.py:154} INFO - Started process (PID=29510) to work on /home/airflow/.local/lib/python3.7/site-packages/airflow/example_dags/example_trigger_target_dag.py
[2023-08-27T11:25:51.657+0000] {processor.py:756} INFO - Processing file /home/airflow/.local/lib/python3.7/site-packages/airflow/example_dags/example_trigger_target_dag.py for tasks to queue
[2023-08-27T11:25:51.657+0000] {logging_mixin.py:120} INFO - [2023-08-27T11:25:51.657+0000] {dagbag.py:537} INFO - Filling up the DagBag from /home/airflow/.local/lib/python3.7/site-packages/airflow/example_dags/example_trigger_target_dag.py
[2023-08-27T11:25:51.673+0000] {processor.py:766} INFO - DAG(s) dict_keys(['example_trigger_target_dag']) retrieved from /home/airflow/.local/lib/python3.7/site-packages/airflow/example_dags/example_trigger_target_dag.py
[2023-08-27T11:25:51.702+0000] {logging_mixin.py:120} INFO - [2023-08-27T11:25:51.702+0000] {dag.py:2585} INFO - Sync 1 DAGs
[2023-08-27T11:25:51.717+0000] {logging_mixin.py:120} INFO - [2023-08-27T11:25:51.717+0000] {dag.py:3340} INFO - Setting next_dagrun for example_trigger_target_dag to None, run_after=None
[2023-08-27T11:25:51.729+0000] {processor.py:176} INFO - Processing /home/airflow/.local/lib/python3.7/site-packages/airflow/example_dags/example_trigger_target_dag.py took 0.075 seconds
[2023-08-27T11:26:22.091+0000] {processor.py:154} INFO - Started process (PID=29574) to work on /home/airflow/.local/lib/python3.7/site-packages/airflow/example_dags/example_trigger_target_dag.py
[2023-08-27T11:26:22.092+0000] {processor.py:756} INFO - Processing file /home/airflow/.local/lib/python3.7/site-packages/airflow/example_dags/example_trigger_target_dag.py for tasks to queue
[2023-08-27T11:26:22.093+0000] {logging_mixin.py:120} INFO - [2023-08-27T11:26:22.093+0000] {dagbag.py:537} INFO - Filling up the DagBag from /home/airflow/.local/lib/python3.7/site-packages/airflow/example_dags/example_trigger_target_dag.py
[2023-08-27T11:26:22.110+0000] {processor.py:766} INFO - DAG(s) dict_keys(['example_trigger_target_dag']) retrieved from /home/airflow/.local/lib/python3.7/site-packages/airflow/example_dags/example_trigger_target_dag.py
[2023-08-27T11:26:22.144+0000] {logging_mixin.py:120} INFO - [2023-08-27T11:26:22.143+0000] {dag.py:2585} INFO - Sync 1 DAGs
[2023-08-27T11:26:22.159+0000] {logging_mixin.py:120} INFO - [2023-08-27T11:26:22.159+0000] {dag.py:3340} INFO - Setting next_dagrun for example_trigger_target_dag to None, run_after=None
[2023-08-27T11:26:22.173+0000] {processor.py:176} INFO - Processing /home/airflow/.local/lib/python3.7/site-packages/airflow/example_dags/example_trigger_target_dag.py took 0.085 seconds
[2023-08-27T11:26:52.527+0000] {processor.py:154} INFO - Started process (PID=29640) to work on /home/airflow/.local/lib/python3.7/site-packages/airflow/example_dags/example_trigger_target_dag.py
[2023-08-27T11:26:52.528+0000] {processor.py:756} INFO - Processing file /home/airflow/.local/lib/python3.7/site-packages/airflow/example_dags/example_trigger_target_dag.py for tasks to queue
[2023-08-27T11:26:52.529+0000] {logging_mixin.py:120} INFO - [2023-08-27T11:26:52.529+0000] {dagbag.py:537} INFO - Filling up the DagBag from /home/airflow/.local/lib/python3.7/site-packages/airflow/example_dags/example_trigger_target_dag.py
[2023-08-27T11:26:52.545+0000] {processor.py:766} INFO - DAG(s) dict_keys(['example_trigger_target_dag']) retrieved from /home/airflow/.local/lib/python3.7/site-packages/airflow/example_dags/example_trigger_target_dag.py
[2023-08-27T11:26:52.573+0000] {logging_mixin.py:120} INFO - [2023-08-27T11:26:52.573+0000] {dag.py:2585} INFO - Sync 1 DAGs
[2023-08-27T11:26:52.588+0000] {logging_mixin.py:120} INFO - [2023-08-27T11:26:52.588+0000] {dag.py:3340} INFO - Setting next_dagrun for example_trigger_target_dag to None, run_after=None
[2023-08-27T11:26:52.598+0000] {processor.py:176} INFO - Processing /home/airflow/.local/lib/python3.7/site-packages/airflow/example_dags/example_trigger_target_dag.py took 0.073 seconds
[2023-08-27T11:27:22.877+0000] {processor.py:154} INFO - Started process (PID=29696) to work on /home/airflow/.local/lib/python3.7/site-packages/airflow/example_dags/example_trigger_target_dag.py
[2023-08-27T11:27:22.877+0000] {processor.py:756} INFO - Processing file /home/airflow/.local/lib/python3.7/site-packages/airflow/example_dags/example_trigger_target_dag.py for tasks to queue
[2023-08-27T11:27:22.878+0000] {logging_mixin.py:120} INFO - [2023-08-27T11:27:22.878+0000] {dagbag.py:537} INFO - Filling up the DagBag from /home/airflow/.local/lib/python3.7/site-packages/airflow/example_dags/example_trigger_target_dag.py
[2023-08-27T11:27:22.891+0000] {processor.py:766} INFO - DAG(s) dict_keys(['example_trigger_target_dag']) retrieved from /home/airflow/.local/lib/python3.7/site-packages/airflow/example_dags/example_trigger_target_dag.py
[2023-08-27T11:27:22.917+0000] {logging_mixin.py:120} INFO - [2023-08-27T11:27:22.917+0000] {dag.py:2585} INFO - Sync 1 DAGs
[2023-08-27T11:27:22.930+0000] {logging_mixin.py:120} INFO - [2023-08-27T11:27:22.930+0000] {dag.py:3340} INFO - Setting next_dagrun for example_trigger_target_dag to None, run_after=None
[2023-08-27T11:27:22.940+0000] {processor.py:176} INFO - Processing /home/airflow/.local/lib/python3.7/site-packages/airflow/example_dags/example_trigger_target_dag.py took 0.066 seconds
[2023-08-27T11:27:52.978+0000] {processor.py:154} INFO - Started process (PID=29761) to work on /home/airflow/.local/lib/python3.7/site-packages/airflow/example_dags/example_trigger_target_dag.py
[2023-08-27T11:27:52.979+0000] {processor.py:756} INFO - Processing file /home/airflow/.local/lib/python3.7/site-packages/airflow/example_dags/example_trigger_target_dag.py for tasks to queue
[2023-08-27T11:27:52.979+0000] {logging_mixin.py:120} INFO - [2023-08-27T11:27:52.979+0000] {dagbag.py:537} INFO - Filling up the DagBag from /home/airflow/.local/lib/python3.7/site-packages/airflow/example_dags/example_trigger_target_dag.py
[2023-08-27T11:27:52.993+0000] {processor.py:766} INFO - DAG(s) dict_keys(['example_trigger_target_dag']) retrieved from /home/airflow/.local/lib/python3.7/site-packages/airflow/example_dags/example_trigger_target_dag.py
[2023-08-27T11:27:53.030+0000] {logging_mixin.py:120} INFO - [2023-08-27T11:27:53.030+0000] {dag.py:2585} INFO - Sync 1 DAGs
[2023-08-27T11:27:53.045+0000] {logging_mixin.py:120} INFO - [2023-08-27T11:27:53.045+0000] {dag.py:3340} INFO - Setting next_dagrun for example_trigger_target_dag to None, run_after=None
[2023-08-27T11:27:53.056+0000] {processor.py:176} INFO - Processing /home/airflow/.local/lib/python3.7/site-packages/airflow/example_dags/example_trigger_target_dag.py took 0.081 seconds
[2023-08-27T11:28:23.305+0000] {processor.py:154} INFO - Started process (PID=29826) to work on /home/airflow/.local/lib/python3.7/site-packages/airflow/example_dags/example_trigger_target_dag.py
[2023-08-27T11:28:23.305+0000] {processor.py:756} INFO - Processing file /home/airflow/.local/lib/python3.7/site-packages/airflow/example_dags/example_trigger_target_dag.py for tasks to queue
[2023-08-27T11:28:23.306+0000] {logging_mixin.py:120} INFO - [2023-08-27T11:28:23.306+0000] {dagbag.py:537} INFO - Filling up the DagBag from /home/airflow/.local/lib/python3.7/site-packages/airflow/example_dags/example_trigger_target_dag.py
[2023-08-27T11:28:23.319+0000] {processor.py:766} INFO - DAG(s) dict_keys(['example_trigger_target_dag']) retrieved from /home/airflow/.local/lib/python3.7/site-packages/airflow/example_dags/example_trigger_target_dag.py
[2023-08-27T11:28:23.345+0000] {logging_mixin.py:120} INFO - [2023-08-27T11:28:23.345+0000] {dag.py:2585} INFO - Sync 1 DAGs
[2023-08-27T11:28:23.357+0000] {logging_mixin.py:120} INFO - [2023-08-27T11:28:23.357+0000] {dag.py:3340} INFO - Setting next_dagrun for example_trigger_target_dag to None, run_after=None
[2023-08-27T11:28:23.367+0000] {processor.py:176} INFO - Processing /home/airflow/.local/lib/python3.7/site-packages/airflow/example_dags/example_trigger_target_dag.py took 0.065 seconds
[2023-08-27T11:28:53.579+0000] {processor.py:154} INFO - Started process (PID=29891) to work on /home/airflow/.local/lib/python3.7/site-packages/airflow/example_dags/example_trigger_target_dag.py
[2023-08-27T11:28:53.580+0000] {processor.py:756} INFO - Processing file /home/airflow/.local/lib/python3.7/site-packages/airflow/example_dags/example_trigger_target_dag.py for tasks to queue
[2023-08-27T11:28:53.580+0000] {logging_mixin.py:120} INFO - [2023-08-27T11:28:53.580+0000] {dagbag.py:537} INFO - Filling up the DagBag from /home/airflow/.local/lib/python3.7/site-packages/airflow/example_dags/example_trigger_target_dag.py
[2023-08-27T11:28:53.593+0000] {processor.py:766} INFO - DAG(s) dict_keys(['example_trigger_target_dag']) retrieved from /home/airflow/.local/lib/python3.7/site-packages/airflow/example_dags/example_trigger_target_dag.py
[2023-08-27T11:28:53.619+0000] {logging_mixin.py:120} INFO - [2023-08-27T11:28:53.619+0000] {dag.py:2585} INFO - Sync 1 DAGs
[2023-08-27T11:28:53.633+0000] {logging_mixin.py:120} INFO - [2023-08-27T11:28:53.633+0000] {dag.py:3340} INFO - Setting next_dagrun for example_trigger_target_dag to None, run_after=None
[2023-08-27T11:28:53.643+0000] {processor.py:176} INFO - Processing /home/airflow/.local/lib/python3.7/site-packages/airflow/example_dags/example_trigger_target_dag.py took 0.066 seconds
[2023-08-27T11:29:23.886+0000] {processor.py:154} INFO - Started process (PID=29957) to work on /home/airflow/.local/lib/python3.7/site-packages/airflow/example_dags/example_trigger_target_dag.py
[2023-08-27T11:29:23.887+0000] {processor.py:756} INFO - Processing file /home/airflow/.local/lib/python3.7/site-packages/airflow/example_dags/example_trigger_target_dag.py for tasks to queue
[2023-08-27T11:29:23.888+0000] {logging_mixin.py:120} INFO - [2023-08-27T11:29:23.888+0000] {dagbag.py:537} INFO - Filling up the DagBag from /home/airflow/.local/lib/python3.7/site-packages/airflow/example_dags/example_trigger_target_dag.py
[2023-08-27T11:29:23.902+0000] {processor.py:766} INFO - DAG(s) dict_keys(['example_trigger_target_dag']) retrieved from /home/airflow/.local/lib/python3.7/site-packages/airflow/example_dags/example_trigger_target_dag.py
[2023-08-27T11:29:23.931+0000] {logging_mixin.py:120} INFO - [2023-08-27T11:29:23.931+0000] {dag.py:2585} INFO - Sync 1 DAGs
[2023-08-27T11:29:23.946+0000] {logging_mixin.py:120} INFO - [2023-08-27T11:29:23.946+0000] {dag.py:3340} INFO - Setting next_dagrun for example_trigger_target_dag to None, run_after=None
[2023-08-27T11:29:23.958+0000] {processor.py:176} INFO - Processing /home/airflow/.local/lib/python3.7/site-packages/airflow/example_dags/example_trigger_target_dag.py took 0.074 seconds
[2023-08-27T11:29:54.243+0000] {processor.py:154} INFO - Started process (PID=30013) to work on /home/airflow/.local/lib/python3.7/site-packages/airflow/example_dags/example_trigger_target_dag.py
[2023-08-27T11:29:54.244+0000] {processor.py:756} INFO - Processing file /home/airflow/.local/lib/python3.7/site-packages/airflow/example_dags/example_trigger_target_dag.py for tasks to queue
[2023-08-27T11:29:54.244+0000] {logging_mixin.py:120} INFO - [2023-08-27T11:29:54.244+0000] {dagbag.py:537} INFO - Filling up the DagBag from /home/airflow/.local/lib/python3.7/site-packages/airflow/example_dags/example_trigger_target_dag.py
[2023-08-27T11:29:54.259+0000] {processor.py:766} INFO - DAG(s) dict_keys(['example_trigger_target_dag']) retrieved from /home/airflow/.local/lib/python3.7/site-packages/airflow/example_dags/example_trigger_target_dag.py
[2023-08-27T11:29:54.286+0000] {logging_mixin.py:120} INFO - [2023-08-27T11:29:54.285+0000] {dag.py:2585} INFO - Sync 1 DAGs
[2023-08-27T11:29:54.299+0000] {logging_mixin.py:120} INFO - [2023-08-27T11:29:54.298+0000] {dag.py:3340} INFO - Setting next_dagrun for example_trigger_target_dag to None, run_after=None
[2023-08-27T11:29:54.308+0000] {processor.py:176} INFO - Processing /home/airflow/.local/lib/python3.7/site-packages/airflow/example_dags/example_trigger_target_dag.py took 0.068 seconds
