[2023-08-27T11:24:19.554+0000] {processor.py:154} INFO - Started process (PID=29320) to work on /home/airflow/.local/lib/python3.7/site-packages/airflow/example_dags/example_branch_operator_decorator.py
[2023-08-27T11:24:19.555+0000] {processor.py:756} INFO - Processing file /home/airflow/.local/lib/python3.7/site-packages/airflow/example_dags/example_branch_operator_decorator.py for tasks to queue
[2023-08-27T11:24:19.555+0000] {logging_mixin.py:120} INFO - [2023-08-27T11:24:19.555+0000] {dagbag.py:537} INFO - Filling up the DagBag from /home/airflow/.local/lib/python3.7/site-packages/airflow/example_dags/example_branch_operator_decorator.py
[2023-08-27T11:24:19.571+0000] {processor.py:766} INFO - DAG(s) dict_keys(['example_branch_python_operator_decorator']) retrieved from /home/airflow/.local/lib/python3.7/site-packages/airflow/example_dags/example_branch_operator_decorator.py
[2023-08-27T11:24:19.599+0000] {logging_mixin.py:120} INFO - [2023-08-27T11:24:19.598+0000] {dag.py:2585} INFO - Sync 1 DAGs
[2023-08-27T11:24:19.612+0000] {logging_mixin.py:120} INFO - [2023-08-27T11:24:19.612+0000] {dag.py:3340} INFO - Setting next_dagrun for example_branch_python_operator_decorator to 2023-08-26T00:00:00+00:00, run_after=2023-08-27T00:00:00+00:00
[2023-08-27T11:24:19.622+0000] {processor.py:176} INFO - Processing /home/airflow/.local/lib/python3.7/site-packages/airflow/example_dags/example_branch_operator_decorator.py took 0.070 seconds
[2023-08-27T11:24:49.999+0000] {processor.py:154} INFO - Started process (PID=29376) to work on /home/airflow/.local/lib/python3.7/site-packages/airflow/example_dags/example_branch_operator_decorator.py
[2023-08-27T11:24:50.000+0000] {processor.py:756} INFO - Processing file /home/airflow/.local/lib/python3.7/site-packages/airflow/example_dags/example_branch_operator_decorator.py for tasks to queue
[2023-08-27T11:24:50.001+0000] {logging_mixin.py:120} INFO - [2023-08-27T11:24:50.001+0000] {dagbag.py:537} INFO - Filling up the DagBag from /home/airflow/.local/lib/python3.7/site-packages/airflow/example_dags/example_branch_operator_decorator.py
[2023-08-27T11:24:50.017+0000] {processor.py:766} INFO - DAG(s) dict_keys(['example_branch_python_operator_decorator']) retrieved from /home/airflow/.local/lib/python3.7/site-packages/airflow/example_dags/example_branch_operator_decorator.py
[2023-08-27T11:24:50.043+0000] {logging_mixin.py:120} INFO - [2023-08-27T11:24:50.043+0000] {dag.py:2585} INFO - Sync 1 DAGs
[2023-08-27T11:24:50.056+0000] {logging_mixin.py:120} INFO - [2023-08-27T11:24:50.056+0000] {dag.py:3340} INFO - Setting next_dagrun for example_branch_python_operator_decorator to 2023-08-26T00:00:00+00:00, run_after=2023-08-27T00:00:00+00:00
[2023-08-27T11:24:50.066+0000] {processor.py:176} INFO - Processing /home/airflow/.local/lib/python3.7/site-packages/airflow/example_dags/example_branch_operator_decorator.py took 0.069 seconds
[2023-08-27T11:25:20.160+0000] {processor.py:154} INFO - Started process (PID=29441) to work on /home/airflow/.local/lib/python3.7/site-packages/airflow/example_dags/example_branch_operator_decorator.py
[2023-08-27T11:25:20.161+0000] {processor.py:756} INFO - Processing file /home/airflow/.local/lib/python3.7/site-packages/airflow/example_dags/example_branch_operator_decorator.py for tasks to queue
[2023-08-27T11:25:20.161+0000] {logging_mixin.py:120} INFO - [2023-08-27T11:25:20.161+0000] {dagbag.py:537} INFO - Filling up the DagBag from /home/airflow/.local/lib/python3.7/site-packages/airflow/example_dags/example_branch_operator_decorator.py
[2023-08-27T11:25:20.178+0000] {processor.py:766} INFO - DAG(s) dict_keys(['example_branch_python_operator_decorator']) retrieved from /home/airflow/.local/lib/python3.7/site-packages/airflow/example_dags/example_branch_operator_decorator.py
[2023-08-27T11:25:20.205+0000] {logging_mixin.py:120} INFO - [2023-08-27T11:25:20.205+0000] {dag.py:2585} INFO - Sync 1 DAGs
[2023-08-27T11:25:20.220+0000] {logging_mixin.py:120} INFO - [2023-08-27T11:25:20.219+0000] {dag.py:3340} INFO - Setting next_dagrun for example_branch_python_operator_decorator to 2023-08-26T00:00:00+00:00, run_after=2023-08-27T00:00:00+00:00
[2023-08-27T11:25:20.229+0000] {processor.py:176} INFO - Processing /home/airflow/.local/lib/python3.7/site-packages/airflow/example_dags/example_branch_operator_decorator.py took 0.071 seconds
[2023-08-27T11:25:50.397+0000] {processor.py:154} INFO - Started process (PID=29506) to work on /home/airflow/.local/lib/python3.7/site-packages/airflow/example_dags/example_branch_operator_decorator.py
[2023-08-27T11:25:50.398+0000] {processor.py:756} INFO - Processing file /home/airflow/.local/lib/python3.7/site-packages/airflow/example_dags/example_branch_operator_decorator.py for tasks to queue
[2023-08-27T11:25:50.399+0000] {logging_mixin.py:120} INFO - [2023-08-27T11:25:50.398+0000] {dagbag.py:537} INFO - Filling up the DagBag from /home/airflow/.local/lib/python3.7/site-packages/airflow/example_dags/example_branch_operator_decorator.py
[2023-08-27T11:25:50.415+0000] {processor.py:766} INFO - DAG(s) dict_keys(['example_branch_python_operator_decorator']) retrieved from /home/airflow/.local/lib/python3.7/site-packages/airflow/example_dags/example_branch_operator_decorator.py
[2023-08-27T11:25:50.441+0000] {logging_mixin.py:120} INFO - [2023-08-27T11:25:50.441+0000] {dag.py:2585} INFO - Sync 1 DAGs
[2023-08-27T11:25:50.453+0000] {logging_mixin.py:120} INFO - [2023-08-27T11:25:50.453+0000] {dag.py:3340} INFO - Setting next_dagrun for example_branch_python_operator_decorator to 2023-08-26T00:00:00+00:00, run_after=2023-08-27T00:00:00+00:00
[2023-08-27T11:25:50.463+0000] {processor.py:176} INFO - Processing /home/airflow/.local/lib/python3.7/site-packages/airflow/example_dags/example_branch_operator_decorator.py took 0.068 seconds
[2023-08-27T11:26:20.870+0000] {processor.py:154} INFO - Started process (PID=29570) to work on /home/airflow/.local/lib/python3.7/site-packages/airflow/example_dags/example_branch_operator_decorator.py
[2023-08-27T11:26:20.871+0000] {processor.py:756} INFO - Processing file /home/airflow/.local/lib/python3.7/site-packages/airflow/example_dags/example_branch_operator_decorator.py for tasks to queue
[2023-08-27T11:26:20.872+0000] {logging_mixin.py:120} INFO - [2023-08-27T11:26:20.872+0000] {dagbag.py:537} INFO - Filling up the DagBag from /home/airflow/.local/lib/python3.7/site-packages/airflow/example_dags/example_branch_operator_decorator.py
[2023-08-27T11:26:20.890+0000] {processor.py:766} INFO - DAG(s) dict_keys(['example_branch_python_operator_decorator']) retrieved from /home/airflow/.local/lib/python3.7/site-packages/airflow/example_dags/example_branch_operator_decorator.py
[2023-08-27T11:26:20.921+0000] {logging_mixin.py:120} INFO - [2023-08-27T11:26:20.921+0000] {dag.py:2585} INFO - Sync 1 DAGs
[2023-08-27T11:26:20.937+0000] {logging_mixin.py:120} INFO - [2023-08-27T11:26:20.937+0000] {dag.py:3340} INFO - Setting next_dagrun for example_branch_python_operator_decorator to 2023-08-26T00:00:00+00:00, run_after=2023-08-27T00:00:00+00:00
[2023-08-27T11:26:20.950+0000] {processor.py:176} INFO - Processing /home/airflow/.local/lib/python3.7/site-packages/airflow/example_dags/example_branch_operator_decorator.py took 0.083 seconds
[2023-08-27T11:26:51.283+0000] {processor.py:154} INFO - Started process (PID=29636) to work on /home/airflow/.local/lib/python3.7/site-packages/airflow/example_dags/example_branch_operator_decorator.py
[2023-08-27T11:26:51.284+0000] {processor.py:756} INFO - Processing file /home/airflow/.local/lib/python3.7/site-packages/airflow/example_dags/example_branch_operator_decorator.py for tasks to queue
[2023-08-27T11:26:51.284+0000] {logging_mixin.py:120} INFO - [2023-08-27T11:26:51.284+0000] {dagbag.py:537} INFO - Filling up the DagBag from /home/airflow/.local/lib/python3.7/site-packages/airflow/example_dags/example_branch_operator_decorator.py
[2023-08-27T11:26:51.301+0000] {processor.py:766} INFO - DAG(s) dict_keys(['example_branch_python_operator_decorator']) retrieved from /home/airflow/.local/lib/python3.7/site-packages/airflow/example_dags/example_branch_operator_decorator.py
[2023-08-27T11:26:51.330+0000] {logging_mixin.py:120} INFO - [2023-08-27T11:26:51.330+0000] {dag.py:2585} INFO - Sync 1 DAGs
[2023-08-27T11:26:51.346+0000] {logging_mixin.py:120} INFO - [2023-08-27T11:26:51.346+0000] {dag.py:3340} INFO - Setting next_dagrun for example_branch_python_operator_decorator to 2023-08-26T00:00:00+00:00, run_after=2023-08-27T00:00:00+00:00
[2023-08-27T11:26:51.359+0000] {processor.py:176} INFO - Processing /home/airflow/.local/lib/python3.7/site-packages/airflow/example_dags/example_branch_operator_decorator.py took 0.078 seconds
[2023-08-27T11:27:21.631+0000] {processor.py:154} INFO - Started process (PID=29692) to work on /home/airflow/.local/lib/python3.7/site-packages/airflow/example_dags/example_branch_operator_decorator.py
[2023-08-27T11:27:21.632+0000] {processor.py:756} INFO - Processing file /home/airflow/.local/lib/python3.7/site-packages/airflow/example_dags/example_branch_operator_decorator.py for tasks to queue
[2023-08-27T11:27:21.632+0000] {logging_mixin.py:120} INFO - [2023-08-27T11:27:21.632+0000] {dagbag.py:537} INFO - Filling up the DagBag from /home/airflow/.local/lib/python3.7/site-packages/airflow/example_dags/example_branch_operator_decorator.py
[2023-08-27T11:27:21.651+0000] {processor.py:766} INFO - DAG(s) dict_keys(['example_branch_python_operator_decorator']) retrieved from /home/airflow/.local/lib/python3.7/site-packages/airflow/example_dags/example_branch_operator_decorator.py
[2023-08-27T11:27:21.679+0000] {logging_mixin.py:120} INFO - [2023-08-27T11:27:21.679+0000] {dag.py:2585} INFO - Sync 1 DAGs
[2023-08-27T11:27:21.694+0000] {logging_mixin.py:120} INFO - [2023-08-27T11:27:21.694+0000] {dag.py:3340} INFO - Setting next_dagrun for example_branch_python_operator_decorator to 2023-08-26T00:00:00+00:00, run_after=2023-08-27T00:00:00+00:00
[2023-08-27T11:27:21.704+0000] {processor.py:176} INFO - Processing /home/airflow/.local/lib/python3.7/site-packages/airflow/example_dags/example_branch_operator_decorator.py took 0.076 seconds
[2023-08-27T11:27:51.768+0000] {processor.py:154} INFO - Started process (PID=29757) to work on /home/airflow/.local/lib/python3.7/site-packages/airflow/example_dags/example_branch_operator_decorator.py
[2023-08-27T11:27:51.769+0000] {processor.py:756} INFO - Processing file /home/airflow/.local/lib/python3.7/site-packages/airflow/example_dags/example_branch_operator_decorator.py for tasks to queue
[2023-08-27T11:27:51.770+0000] {logging_mixin.py:120} INFO - [2023-08-27T11:27:51.770+0000] {dagbag.py:537} INFO - Filling up the DagBag from /home/airflow/.local/lib/python3.7/site-packages/airflow/example_dags/example_branch_operator_decorator.py
[2023-08-27T11:27:51.785+0000] {processor.py:766} INFO - DAG(s) dict_keys(['example_branch_python_operator_decorator']) retrieved from /home/airflow/.local/lib/python3.7/site-packages/airflow/example_dags/example_branch_operator_decorator.py
[2023-08-27T11:27:51.810+0000] {logging_mixin.py:120} INFO - [2023-08-27T11:27:51.810+0000] {dag.py:2585} INFO - Sync 1 DAGs
[2023-08-27T11:27:51.823+0000] {logging_mixin.py:120} INFO - [2023-08-27T11:27:51.823+0000] {dag.py:3340} INFO - Setting next_dagrun for example_branch_python_operator_decorator to 2023-08-26T00:00:00+00:00, run_after=2023-08-27T00:00:00+00:00
[2023-08-27T11:27:51.832+0000] {processor.py:176} INFO - Processing /home/airflow/.local/lib/python3.7/site-packages/airflow/example_dags/example_branch_operator_decorator.py took 0.066 seconds
[2023-08-27T11:28:22.086+0000] {processor.py:154} INFO - Started process (PID=29822) to work on /home/airflow/.local/lib/python3.7/site-packages/airflow/example_dags/example_branch_operator_decorator.py
[2023-08-27T11:28:22.087+0000] {processor.py:756} INFO - Processing file /home/airflow/.local/lib/python3.7/site-packages/airflow/example_dags/example_branch_operator_decorator.py for tasks to queue
[2023-08-27T11:28:22.087+0000] {logging_mixin.py:120} INFO - [2023-08-27T11:28:22.087+0000] {dagbag.py:537} INFO - Filling up the DagBag from /home/airflow/.local/lib/python3.7/site-packages/airflow/example_dags/example_branch_operator_decorator.py
[2023-08-27T11:28:22.102+0000] {processor.py:766} INFO - DAG(s) dict_keys(['example_branch_python_operator_decorator']) retrieved from /home/airflow/.local/lib/python3.7/site-packages/airflow/example_dags/example_branch_operator_decorator.py
[2023-08-27T11:28:22.128+0000] {logging_mixin.py:120} INFO - [2023-08-27T11:28:22.128+0000] {dag.py:2585} INFO - Sync 1 DAGs
[2023-08-27T11:28:22.140+0000] {logging_mixin.py:120} INFO - [2023-08-27T11:28:22.140+0000] {dag.py:3340} INFO - Setting next_dagrun for example_branch_python_operator_decorator to 2023-08-26T00:00:00+00:00, run_after=2023-08-27T00:00:00+00:00
[2023-08-27T11:28:22.150+0000] {processor.py:176} INFO - Processing /home/airflow/.local/lib/python3.7/site-packages/airflow/example_dags/example_branch_operator_decorator.py took 0.066 seconds
[2023-08-27T11:28:52.369+0000] {processor.py:154} INFO - Started process (PID=29887) to work on /home/airflow/.local/lib/python3.7/site-packages/airflow/example_dags/example_branch_operator_decorator.py
[2023-08-27T11:28:52.369+0000] {processor.py:756} INFO - Processing file /home/airflow/.local/lib/python3.7/site-packages/airflow/example_dags/example_branch_operator_decorator.py for tasks to queue
[2023-08-27T11:28:52.370+0000] {logging_mixin.py:120} INFO - [2023-08-27T11:28:52.370+0000] {dagbag.py:537} INFO - Filling up the DagBag from /home/airflow/.local/lib/python3.7/site-packages/airflow/example_dags/example_branch_operator_decorator.py
[2023-08-27T11:28:52.384+0000] {processor.py:766} INFO - DAG(s) dict_keys(['example_branch_python_operator_decorator']) retrieved from /home/airflow/.local/lib/python3.7/site-packages/airflow/example_dags/example_branch_operator_decorator.py
[2023-08-27T11:28:52.410+0000] {logging_mixin.py:120} INFO - [2023-08-27T11:28:52.410+0000] {dag.py:2585} INFO - Sync 1 DAGs
[2023-08-27T11:28:52.423+0000] {logging_mixin.py:120} INFO - [2023-08-27T11:28:52.423+0000] {dag.py:3340} INFO - Setting next_dagrun for example_branch_python_operator_decorator to 2023-08-26T00:00:00+00:00, run_after=2023-08-27T00:00:00+00:00
[2023-08-27T11:28:52.433+0000] {processor.py:176} INFO - Processing /home/airflow/.local/lib/python3.7/site-packages/airflow/example_dags/example_branch_operator_decorator.py took 0.067 seconds
[2023-08-27T11:29:22.657+0000] {processor.py:154} INFO - Started process (PID=29951) to work on /home/airflow/.local/lib/python3.7/site-packages/airflow/example_dags/example_branch_operator_decorator.py
[2023-08-27T11:29:22.658+0000] {processor.py:756} INFO - Processing file /home/airflow/.local/lib/python3.7/site-packages/airflow/example_dags/example_branch_operator_decorator.py for tasks to queue
[2023-08-27T11:29:22.659+0000] {logging_mixin.py:120} INFO - [2023-08-27T11:29:22.659+0000] {dagbag.py:537} INFO - Filling up the DagBag from /home/airflow/.local/lib/python3.7/site-packages/airflow/example_dags/example_branch_operator_decorator.py
[2023-08-27T11:29:22.677+0000] {processor.py:766} INFO - DAG(s) dict_keys(['example_branch_python_operator_decorator']) retrieved from /home/airflow/.local/lib/python3.7/site-packages/airflow/example_dags/example_branch_operator_decorator.py
[2023-08-27T11:29:22.708+0000] {logging_mixin.py:120} INFO - [2023-08-27T11:29:22.708+0000] {dag.py:2585} INFO - Sync 1 DAGs
[2023-08-27T11:29:22.726+0000] {logging_mixin.py:120} INFO - [2023-08-27T11:29:22.726+0000] {dag.py:3340} INFO - Setting next_dagrun for example_branch_python_operator_decorator to 2023-08-26T00:00:00+00:00, run_after=2023-08-27T00:00:00+00:00
[2023-08-27T11:29:22.740+0000] {processor.py:176} INFO - Processing /home/airflow/.local/lib/python3.7/site-packages/airflow/example_dags/example_branch_operator_decorator.py took 0.086 seconds
[2023-08-27T11:29:53.044+0000] {processor.py:154} INFO - Started process (PID=30009) to work on /home/airflow/.local/lib/python3.7/site-packages/airflow/example_dags/example_branch_operator_decorator.py
[2023-08-27T11:29:53.045+0000] {processor.py:756} INFO - Processing file /home/airflow/.local/lib/python3.7/site-packages/airflow/example_dags/example_branch_operator_decorator.py for tasks to queue
[2023-08-27T11:29:53.045+0000] {logging_mixin.py:120} INFO - [2023-08-27T11:29:53.045+0000] {dagbag.py:537} INFO - Filling up the DagBag from /home/airflow/.local/lib/python3.7/site-packages/airflow/example_dags/example_branch_operator_decorator.py
[2023-08-27T11:29:53.060+0000] {processor.py:766} INFO - DAG(s) dict_keys(['example_branch_python_operator_decorator']) retrieved from /home/airflow/.local/lib/python3.7/site-packages/airflow/example_dags/example_branch_operator_decorator.py
[2023-08-27T11:29:53.086+0000] {logging_mixin.py:120} INFO - [2023-08-27T11:29:53.086+0000] {dag.py:2585} INFO - Sync 1 DAGs
[2023-08-27T11:29:53.099+0000] {logging_mixin.py:120} INFO - [2023-08-27T11:29:53.099+0000] {dag.py:3340} INFO - Setting next_dagrun for example_branch_python_operator_decorator to 2023-08-26T00:00:00+00:00, run_after=2023-08-27T00:00:00+00:00
[2023-08-27T11:29:53.108+0000] {processor.py:176} INFO - Processing /home/airflow/.local/lib/python3.7/site-packages/airflow/example_dags/example_branch_operator_decorator.py took 0.067 seconds
