[2023-08-27T11:24:21.037+0000] {processor.py:154} INFO - Started process (PID=29329) to work on /home/airflow/.local/lib/python3.7/site-packages/airflow/example_dags/example_kubernetes_executor.py
[2023-08-27T11:24:21.037+0000] {processor.py:756} INFO - Processing file /home/airflow/.local/lib/python3.7/site-packages/airflow/example_dags/example_kubernetes_executor.py for tasks to queue
[2023-08-27T11:24:21.038+0000] {logging_mixin.py:120} INFO - [2023-08-27T11:24:21.038+0000] {dagbag.py:537} INFO - Filling up the DagBag from /home/airflow/.local/lib/python3.7/site-packages/airflow/example_dags/example_kubernetes_executor.py
[2023-08-27T11:24:21.056+0000] {processor.py:766} INFO - DAG(s) dict_keys(['example_kubernetes_executor']) retrieved from /home/airflow/.local/lib/python3.7/site-packages/airflow/example_dags/example_kubernetes_executor.py
[2023-08-27T11:24:21.083+0000] {logging_mixin.py:120} INFO - [2023-08-27T11:24:21.083+0000] {dag.py:2585} INFO - Sync 1 DAGs
[2023-08-27T11:24:21.097+0000] {logging_mixin.py:120} INFO - [2023-08-27T11:24:21.097+0000] {dag.py:3340} INFO - Setting next_dagrun for example_kubernetes_executor to None, run_after=None
[2023-08-27T11:24:21.108+0000] {processor.py:176} INFO - Processing /home/airflow/.local/lib/python3.7/site-packages/airflow/example_dags/example_kubernetes_executor.py took 0.074 seconds
[2023-08-27T11:24:51.384+0000] {processor.py:154} INFO - Started process (PID=29392) to work on /home/airflow/.local/lib/python3.7/site-packages/airflow/example_dags/example_kubernetes_executor.py
[2023-08-27T11:24:51.385+0000] {processor.py:756} INFO - Processing file /home/airflow/.local/lib/python3.7/site-packages/airflow/example_dags/example_kubernetes_executor.py for tasks to queue
[2023-08-27T11:24:51.385+0000] {logging_mixin.py:120} INFO - [2023-08-27T11:24:51.385+0000] {dagbag.py:537} INFO - Filling up the DagBag from /home/airflow/.local/lib/python3.7/site-packages/airflow/example_dags/example_kubernetes_executor.py
[2023-08-27T11:24:51.407+0000] {processor.py:766} INFO - DAG(s) dict_keys(['example_kubernetes_executor']) retrieved from /home/airflow/.local/lib/python3.7/site-packages/airflow/example_dags/example_kubernetes_executor.py
[2023-08-27T11:24:51.439+0000] {logging_mixin.py:120} INFO - [2023-08-27T11:24:51.439+0000] {dag.py:2585} INFO - Sync 1 DAGs
[2023-08-27T11:24:51.458+0000] {logging_mixin.py:120} INFO - [2023-08-27T11:24:51.458+0000] {dag.py:3340} INFO - Setting next_dagrun for example_kubernetes_executor to None, run_after=None
[2023-08-27T11:24:51.476+0000] {processor.py:176} INFO - Processing /home/airflow/.local/lib/python3.7/site-packages/airflow/example_dags/example_kubernetes_executor.py took 0.094 seconds
[2023-08-27T11:25:21.594+0000] {processor.py:154} INFO - Started process (PID=29450) to work on /home/airflow/.local/lib/python3.7/site-packages/airflow/example_dags/example_kubernetes_executor.py
[2023-08-27T11:25:21.594+0000] {processor.py:756} INFO - Processing file /home/airflow/.local/lib/python3.7/site-packages/airflow/example_dags/example_kubernetes_executor.py for tasks to queue
[2023-08-27T11:25:21.595+0000] {logging_mixin.py:120} INFO - [2023-08-27T11:25:21.595+0000] {dagbag.py:537} INFO - Filling up the DagBag from /home/airflow/.local/lib/python3.7/site-packages/airflow/example_dags/example_kubernetes_executor.py
[2023-08-27T11:25:21.614+0000] {processor.py:766} INFO - DAG(s) dict_keys(['example_kubernetes_executor']) retrieved from /home/airflow/.local/lib/python3.7/site-packages/airflow/example_dags/example_kubernetes_executor.py
[2023-08-27T11:25:21.642+0000] {logging_mixin.py:120} INFO - [2023-08-27T11:25:21.642+0000] {dag.py:2585} INFO - Sync 1 DAGs
[2023-08-27T11:25:21.656+0000] {logging_mixin.py:120} INFO - [2023-08-27T11:25:21.656+0000] {dag.py:3340} INFO - Setting next_dagrun for example_kubernetes_executor to None, run_after=None
[2023-08-27T11:25:21.666+0000] {processor.py:176} INFO - Processing /home/airflow/.local/lib/python3.7/site-packages/airflow/example_dags/example_kubernetes_executor.py took 0.075 seconds
[2023-08-27T11:25:52.025+0000] {processor.py:154} INFO - Started process (PID=29515) to work on /home/airflow/.local/lib/python3.7/site-packages/airflow/example_dags/example_kubernetes_executor.py
[2023-08-27T11:25:52.027+0000] {processor.py:756} INFO - Processing file /home/airflow/.local/lib/python3.7/site-packages/airflow/example_dags/example_kubernetes_executor.py for tasks to queue
[2023-08-27T11:25:52.027+0000] {logging_mixin.py:120} INFO - [2023-08-27T11:25:52.027+0000] {dagbag.py:537} INFO - Filling up the DagBag from /home/airflow/.local/lib/python3.7/site-packages/airflow/example_dags/example_kubernetes_executor.py
[2023-08-27T11:25:52.047+0000] {processor.py:766} INFO - DAG(s) dict_keys(['example_kubernetes_executor']) retrieved from /home/airflow/.local/lib/python3.7/site-packages/airflow/example_dags/example_kubernetes_executor.py
[2023-08-27T11:25:52.076+0000] {logging_mixin.py:120} INFO - [2023-08-27T11:25:52.076+0000] {dag.py:2585} INFO - Sync 1 DAGs
[2023-08-27T11:25:52.096+0000] {logging_mixin.py:120} INFO - [2023-08-27T11:25:52.096+0000] {dag.py:3340} INFO - Setting next_dagrun for example_kubernetes_executor to None, run_after=None
[2023-08-27T11:25:52.114+0000] {processor.py:176} INFO - Processing /home/airflow/.local/lib/python3.7/site-packages/airflow/example_dags/example_kubernetes_executor.py took 0.092 seconds
[2023-08-27T11:26:22.295+0000] {processor.py:154} INFO - Started process (PID=29579) to work on /home/airflow/.local/lib/python3.7/site-packages/airflow/example_dags/example_kubernetes_executor.py
[2023-08-27T11:26:22.296+0000] {processor.py:756} INFO - Processing file /home/airflow/.local/lib/python3.7/site-packages/airflow/example_dags/example_kubernetes_executor.py for tasks to queue
[2023-08-27T11:26:22.296+0000] {logging_mixin.py:120} INFO - [2023-08-27T11:26:22.296+0000] {dagbag.py:537} INFO - Filling up the DagBag from /home/airflow/.local/lib/python3.7/site-packages/airflow/example_dags/example_kubernetes_executor.py
[2023-08-27T11:26:22.318+0000] {processor.py:766} INFO - DAG(s) dict_keys(['example_kubernetes_executor']) retrieved from /home/airflow/.local/lib/python3.7/site-packages/airflow/example_dags/example_kubernetes_executor.py
[2023-08-27T11:26:22.351+0000] {logging_mixin.py:120} INFO - [2023-08-27T11:26:22.351+0000] {dag.py:2585} INFO - Sync 1 DAGs
[2023-08-27T11:26:22.366+0000] {logging_mixin.py:120} INFO - [2023-08-27T11:26:22.366+0000] {dag.py:3340} INFO - Setting next_dagrun for example_kubernetes_executor to None, run_after=None
[2023-08-27T11:26:22.379+0000] {processor.py:176} INFO - Processing /home/airflow/.local/lib/python3.7/site-packages/airflow/example_dags/example_kubernetes_executor.py took 0.087 seconds
[2023-08-27T11:26:52.705+0000] {processor.py:154} INFO - Started process (PID=29645) to work on /home/airflow/.local/lib/python3.7/site-packages/airflow/example_dags/example_kubernetes_executor.py
[2023-08-27T11:26:52.706+0000] {processor.py:756} INFO - Processing file /home/airflow/.local/lib/python3.7/site-packages/airflow/example_dags/example_kubernetes_executor.py for tasks to queue
[2023-08-27T11:26:52.706+0000] {logging_mixin.py:120} INFO - [2023-08-27T11:26:52.706+0000] {dagbag.py:537} INFO - Filling up the DagBag from /home/airflow/.local/lib/python3.7/site-packages/airflow/example_dags/example_kubernetes_executor.py
[2023-08-27T11:26:52.726+0000] {processor.py:766} INFO - DAG(s) dict_keys(['example_kubernetes_executor']) retrieved from /home/airflow/.local/lib/python3.7/site-packages/airflow/example_dags/example_kubernetes_executor.py
[2023-08-27T11:26:52.754+0000] {logging_mixin.py:120} INFO - [2023-08-27T11:26:52.754+0000] {dag.py:2585} INFO - Sync 1 DAGs
[2023-08-27T11:26:52.768+0000] {logging_mixin.py:120} INFO - [2023-08-27T11:26:52.768+0000] {dag.py:3340} INFO - Setting next_dagrun for example_kubernetes_executor to None, run_after=None
[2023-08-27T11:26:52.779+0000] {processor.py:176} INFO - Processing /home/airflow/.local/lib/python3.7/site-packages/airflow/example_dags/example_kubernetes_executor.py took 0.077 seconds
[2023-08-27T11:27:23.197+0000] {processor.py:154} INFO - Started process (PID=29701) to work on /home/airflow/.local/lib/python3.7/site-packages/airflow/example_dags/example_kubernetes_executor.py
[2023-08-27T11:27:23.198+0000] {processor.py:756} INFO - Processing file /home/airflow/.local/lib/python3.7/site-packages/airflow/example_dags/example_kubernetes_executor.py for tasks to queue
[2023-08-27T11:27:23.198+0000] {logging_mixin.py:120} INFO - [2023-08-27T11:27:23.198+0000] {dagbag.py:537} INFO - Filling up the DagBag from /home/airflow/.local/lib/python3.7/site-packages/airflow/example_dags/example_kubernetes_executor.py
[2023-08-27T11:27:23.217+0000] {processor.py:766} INFO - DAG(s) dict_keys(['example_kubernetes_executor']) retrieved from /home/airflow/.local/lib/python3.7/site-packages/airflow/example_dags/example_kubernetes_executor.py
[2023-08-27T11:27:23.243+0000] {logging_mixin.py:120} INFO - [2023-08-27T11:27:23.243+0000] {dag.py:2585} INFO - Sync 1 DAGs
[2023-08-27T11:27:23.257+0000] {logging_mixin.py:120} INFO - [2023-08-27T11:27:23.257+0000] {dag.py:3340} INFO - Setting next_dagrun for example_kubernetes_executor to None, run_after=None
[2023-08-27T11:27:23.267+0000] {processor.py:176} INFO - Processing /home/airflow/.local/lib/python3.7/site-packages/airflow/example_dags/example_kubernetes_executor.py took 0.073 seconds
[2023-08-27T11:27:53.312+0000] {processor.py:154} INFO - Started process (PID=29766) to work on /home/airflow/.local/lib/python3.7/site-packages/airflow/example_dags/example_kubernetes_executor.py
[2023-08-27T11:27:53.313+0000] {processor.py:756} INFO - Processing file /home/airflow/.local/lib/python3.7/site-packages/airflow/example_dags/example_kubernetes_executor.py for tasks to queue
[2023-08-27T11:27:53.313+0000] {logging_mixin.py:120} INFO - [2023-08-27T11:27:53.313+0000] {dagbag.py:537} INFO - Filling up the DagBag from /home/airflow/.local/lib/python3.7/site-packages/airflow/example_dags/example_kubernetes_executor.py
[2023-08-27T11:27:53.333+0000] {processor.py:766} INFO - DAG(s) dict_keys(['example_kubernetes_executor']) retrieved from /home/airflow/.local/lib/python3.7/site-packages/airflow/example_dags/example_kubernetes_executor.py
[2023-08-27T11:27:53.359+0000] {logging_mixin.py:120} INFO - [2023-08-27T11:27:53.359+0000] {dag.py:2585} INFO - Sync 1 DAGs
[2023-08-27T11:27:53.372+0000] {logging_mixin.py:120} INFO - [2023-08-27T11:27:53.372+0000] {dag.py:3340} INFO - Setting next_dagrun for example_kubernetes_executor to None, run_after=None
[2023-08-27T11:27:53.382+0000] {processor.py:176} INFO - Processing /home/airflow/.local/lib/python3.7/site-packages/airflow/example_dags/example_kubernetes_executor.py took 0.073 seconds
[2023-08-27T11:28:23.627+0000] {processor.py:154} INFO - Started process (PID=29831) to work on /home/airflow/.local/lib/python3.7/site-packages/airflow/example_dags/example_kubernetes_executor.py
[2023-08-27T11:28:23.628+0000] {processor.py:756} INFO - Processing file /home/airflow/.local/lib/python3.7/site-packages/airflow/example_dags/example_kubernetes_executor.py for tasks to queue
[2023-08-27T11:28:23.629+0000] {logging_mixin.py:120} INFO - [2023-08-27T11:28:23.629+0000] {dagbag.py:537} INFO - Filling up the DagBag from /home/airflow/.local/lib/python3.7/site-packages/airflow/example_dags/example_kubernetes_executor.py
[2023-08-27T11:28:23.652+0000] {processor.py:766} INFO - DAG(s) dict_keys(['example_kubernetes_executor']) retrieved from /home/airflow/.local/lib/python3.7/site-packages/airflow/example_dags/example_kubernetes_executor.py
[2023-08-27T11:28:23.681+0000] {logging_mixin.py:120} INFO - [2023-08-27T11:28:23.681+0000] {dag.py:2585} INFO - Sync 1 DAGs
[2023-08-27T11:28:23.694+0000] {logging_mixin.py:120} INFO - [2023-08-27T11:28:23.694+0000] {dag.py:3340} INFO - Setting next_dagrun for example_kubernetes_executor to None, run_after=None
[2023-08-27T11:28:23.705+0000] {processor.py:176} INFO - Processing /home/airflow/.local/lib/python3.7/site-packages/airflow/example_dags/example_kubernetes_executor.py took 0.082 seconds
[2023-08-27T11:28:53.811+0000] {processor.py:154} INFO - Started process (PID=29896) to work on /home/airflow/.local/lib/python3.7/site-packages/airflow/example_dags/example_kubernetes_executor.py
[2023-08-27T11:28:53.812+0000] {processor.py:756} INFO - Processing file /home/airflow/.local/lib/python3.7/site-packages/airflow/example_dags/example_kubernetes_executor.py for tasks to queue
[2023-08-27T11:28:53.812+0000] {logging_mixin.py:120} INFO - [2023-08-27T11:28:53.812+0000] {dagbag.py:537} INFO - Filling up the DagBag from /home/airflow/.local/lib/python3.7/site-packages/airflow/example_dags/example_kubernetes_executor.py
[2023-08-27T11:28:53.829+0000] {processor.py:766} INFO - DAG(s) dict_keys(['example_kubernetes_executor']) retrieved from /home/airflow/.local/lib/python3.7/site-packages/airflow/example_dags/example_kubernetes_executor.py
[2023-08-27T11:28:53.854+0000] {logging_mixin.py:120} INFO - [2023-08-27T11:28:53.854+0000] {dag.py:2585} INFO - Sync 1 DAGs
[2023-08-27T11:28:53.868+0000] {logging_mixin.py:120} INFO - [2023-08-27T11:28:53.868+0000] {dag.py:3340} INFO - Setting next_dagrun for example_kubernetes_executor to None, run_after=None
[2023-08-27T11:28:53.879+0000] {processor.py:176} INFO - Processing /home/airflow/.local/lib/python3.7/site-packages/airflow/example_dags/example_kubernetes_executor.py took 0.070 seconds
[2023-08-27T11:29:24.175+0000] {processor.py:154} INFO - Started process (PID=29962) to work on /home/airflow/.local/lib/python3.7/site-packages/airflow/example_dags/example_kubernetes_executor.py
[2023-08-27T11:29:24.177+0000] {processor.py:756} INFO - Processing file /home/airflow/.local/lib/python3.7/site-packages/airflow/example_dags/example_kubernetes_executor.py for tasks to queue
[2023-08-27T11:29:24.178+0000] {logging_mixin.py:120} INFO - [2023-08-27T11:29:24.178+0000] {dagbag.py:537} INFO - Filling up the DagBag from /home/airflow/.local/lib/python3.7/site-packages/airflow/example_dags/example_kubernetes_executor.py
[2023-08-27T11:29:24.203+0000] {processor.py:766} INFO - DAG(s) dict_keys(['example_kubernetes_executor']) retrieved from /home/airflow/.local/lib/python3.7/site-packages/airflow/example_dags/example_kubernetes_executor.py
[2023-08-27T11:29:24.234+0000] {logging_mixin.py:120} INFO - [2023-08-27T11:29:24.234+0000] {dag.py:2585} INFO - Sync 1 DAGs
[2023-08-27T11:29:24.248+0000] {logging_mixin.py:120} INFO - [2023-08-27T11:29:24.248+0000] {dag.py:3340} INFO - Setting next_dagrun for example_kubernetes_executor to None, run_after=None
[2023-08-27T11:29:24.260+0000] {processor.py:176} INFO - Processing /home/airflow/.local/lib/python3.7/site-packages/airflow/example_dags/example_kubernetes_executor.py took 0.089 seconds
[2023-08-27T11:29:54.511+0000] {processor.py:154} INFO - Started process (PID=30018) to work on /home/airflow/.local/lib/python3.7/site-packages/airflow/example_dags/example_kubernetes_executor.py
[2023-08-27T11:29:54.512+0000] {processor.py:756} INFO - Processing file /home/airflow/.local/lib/python3.7/site-packages/airflow/example_dags/example_kubernetes_executor.py for tasks to queue
[2023-08-27T11:29:54.513+0000] {logging_mixin.py:120} INFO - [2023-08-27T11:29:54.513+0000] {dagbag.py:537} INFO - Filling up the DagBag from /home/airflow/.local/lib/python3.7/site-packages/airflow/example_dags/example_kubernetes_executor.py
[2023-08-27T11:29:54.530+0000] {processor.py:766} INFO - DAG(s) dict_keys(['example_kubernetes_executor']) retrieved from /home/airflow/.local/lib/python3.7/site-packages/airflow/example_dags/example_kubernetes_executor.py
[2023-08-27T11:29:54.557+0000] {logging_mixin.py:120} INFO - [2023-08-27T11:29:54.557+0000] {dag.py:2585} INFO - Sync 1 DAGs
[2023-08-27T11:29:54.570+0000] {logging_mixin.py:120} INFO - [2023-08-27T11:29:54.569+0000] {dag.py:3340} INFO - Setting next_dagrun for example_kubernetes_executor to None, run_after=None
[2023-08-27T11:29:54.579+0000] {processor.py:176} INFO - Processing /home/airflow/.local/lib/python3.7/site-packages/airflow/example_dags/example_kubernetes_executor.py took 0.070 seconds
