[2023-08-27T11:24:20.942+0000] {processor.py:154} INFO - Started process (PID=29327) to work on /home/airflow/.local/lib/python3.7/site-packages/airflow/example_dags/example_trigger_controller_dag.py
[2023-08-27T11:24:20.943+0000] {processor.py:756} INFO - Processing file /home/airflow/.local/lib/python3.7/site-packages/airflow/example_dags/example_trigger_controller_dag.py for tasks to queue
[2023-08-27T11:24:20.944+0000] {logging_mixin.py:120} INFO - [2023-08-27T11:24:20.944+0000] {dagbag.py:537} INFO - Filling up the DagBag from /home/airflow/.local/lib/python3.7/site-packages/airflow/example_dags/example_trigger_controller_dag.py
[2023-08-27T11:24:20.952+0000] {processor.py:766} INFO - DAG(s) dict_keys(['example_trigger_controller_dag']) retrieved from /home/airflow/.local/lib/python3.7/site-packages/airflow/example_dags/example_trigger_controller_dag.py
[2023-08-27T11:24:20.979+0000] {logging_mixin.py:120} INFO - [2023-08-27T11:24:20.979+0000] {dag.py:2585} INFO - Sync 1 DAGs
[2023-08-27T11:24:20.994+0000] {logging_mixin.py:120} INFO - [2023-08-27T11:24:20.994+0000] {dag.py:3340} INFO - Setting next_dagrun for example_trigger_controller_dag to 2021-01-01T00:00:00+00:00, run_after=2021-01-01T00:00:00+00:00
[2023-08-27T11:24:21.013+0000] {processor.py:176} INFO - Processing /home/airflow/.local/lib/python3.7/site-packages/airflow/example_dags/example_trigger_controller_dag.py took 0.073 seconds
[2023-08-27T11:24:51.286+0000] {processor.py:154} INFO - Started process (PID=29383) to work on /home/airflow/.local/lib/python3.7/site-packages/airflow/example_dags/example_trigger_controller_dag.py
[2023-08-27T11:24:51.287+0000] {processor.py:756} INFO - Processing file /home/airflow/.local/lib/python3.7/site-packages/airflow/example_dags/example_trigger_controller_dag.py for tasks to queue
[2023-08-27T11:24:51.288+0000] {logging_mixin.py:120} INFO - [2023-08-27T11:24:51.288+0000] {dagbag.py:537} INFO - Filling up the DagBag from /home/airflow/.local/lib/python3.7/site-packages/airflow/example_dags/example_trigger_controller_dag.py
[2023-08-27T11:24:51.296+0000] {processor.py:766} INFO - DAG(s) dict_keys(['example_trigger_controller_dag']) retrieved from /home/airflow/.local/lib/python3.7/site-packages/airflow/example_dags/example_trigger_controller_dag.py
[2023-08-27T11:24:51.329+0000] {logging_mixin.py:120} INFO - [2023-08-27T11:24:51.329+0000] {dag.py:2585} INFO - Sync 1 DAGs
[2023-08-27T11:24:51.350+0000] {logging_mixin.py:120} INFO - [2023-08-27T11:24:51.350+0000] {dag.py:3340} INFO - Setting next_dagrun for example_trigger_controller_dag to 2021-01-01T00:00:00+00:00, run_after=2021-01-01T00:00:00+00:00
[2023-08-27T11:24:51.364+0000] {processor.py:176} INFO - Processing /home/airflow/.local/lib/python3.7/site-packages/airflow/example_dags/example_trigger_controller_dag.py took 0.080 seconds
[2023-08-27T11:25:21.513+0000] {processor.py:154} INFO - Started process (PID=29448) to work on /home/airflow/.local/lib/python3.7/site-packages/airflow/example_dags/example_trigger_controller_dag.py
[2023-08-27T11:25:21.514+0000] {processor.py:756} INFO - Processing file /home/airflow/.local/lib/python3.7/site-packages/airflow/example_dags/example_trigger_controller_dag.py for tasks to queue
[2023-08-27T11:25:21.515+0000] {logging_mixin.py:120} INFO - [2023-08-27T11:25:21.514+0000] {dagbag.py:537} INFO - Filling up the DagBag from /home/airflow/.local/lib/python3.7/site-packages/airflow/example_dags/example_trigger_controller_dag.py
[2023-08-27T11:25:21.524+0000] {processor.py:766} INFO - DAG(s) dict_keys(['example_trigger_controller_dag']) retrieved from /home/airflow/.local/lib/python3.7/site-packages/airflow/example_dags/example_trigger_controller_dag.py
[2023-08-27T11:25:21.552+0000] {logging_mixin.py:120} INFO - [2023-08-27T11:25:21.552+0000] {dag.py:2585} INFO - Sync 1 DAGs
[2023-08-27T11:25:21.567+0000] {logging_mixin.py:120} INFO - [2023-08-27T11:25:21.567+0000] {dag.py:3340} INFO - Setting next_dagrun for example_trigger_controller_dag to 2021-01-01T00:00:00+00:00, run_after=2021-01-01T00:00:00+00:00
[2023-08-27T11:25:21.577+0000] {processor.py:176} INFO - Processing /home/airflow/.local/lib/python3.7/site-packages/airflow/example_dags/example_trigger_controller_dag.py took 0.066 seconds
[2023-08-27T11:25:51.838+0000] {processor.py:154} INFO - Started process (PID=29513) to work on /home/airflow/.local/lib/python3.7/site-packages/airflow/example_dags/example_trigger_controller_dag.py
[2023-08-27T11:25:51.839+0000] {processor.py:756} INFO - Processing file /home/airflow/.local/lib/python3.7/site-packages/airflow/example_dags/example_trigger_controller_dag.py for tasks to queue
[2023-08-27T11:25:51.839+0000] {logging_mixin.py:120} INFO - [2023-08-27T11:25:51.839+0000] {dagbag.py:537} INFO - Filling up the DagBag from /home/airflow/.local/lib/python3.7/site-packages/airflow/example_dags/example_trigger_controller_dag.py
[2023-08-27T11:25:51.848+0000] {processor.py:766} INFO - DAG(s) dict_keys(['example_trigger_controller_dag']) retrieved from /home/airflow/.local/lib/python3.7/site-packages/airflow/example_dags/example_trigger_controller_dag.py
[2023-08-27T11:25:51.880+0000] {logging_mixin.py:120} INFO - [2023-08-27T11:25:51.880+0000] {dag.py:2585} INFO - Sync 1 DAGs
[2023-08-27T11:25:51.896+0000] {logging_mixin.py:120} INFO - [2023-08-27T11:25:51.896+0000] {dag.py:3340} INFO - Setting next_dagrun for example_trigger_controller_dag to 2021-01-01T00:00:00+00:00, run_after=2021-01-01T00:00:00+00:00
[2023-08-27T11:25:51.905+0000] {processor.py:176} INFO - Processing /home/airflow/.local/lib/python3.7/site-packages/airflow/example_dags/example_trigger_controller_dag.py took 0.070 seconds
[2023-08-27T11:26:22.207+0000] {processor.py:154} INFO - Started process (PID=29577) to work on /home/airflow/.local/lib/python3.7/site-packages/airflow/example_dags/example_trigger_controller_dag.py
[2023-08-27T11:26:22.208+0000] {processor.py:756} INFO - Processing file /home/airflow/.local/lib/python3.7/site-packages/airflow/example_dags/example_trigger_controller_dag.py for tasks to queue
[2023-08-27T11:26:22.209+0000] {logging_mixin.py:120} INFO - [2023-08-27T11:26:22.209+0000] {dagbag.py:537} INFO - Filling up the DagBag from /home/airflow/.local/lib/python3.7/site-packages/airflow/example_dags/example_trigger_controller_dag.py
[2023-08-27T11:26:22.218+0000] {processor.py:766} INFO - DAG(s) dict_keys(['example_trigger_controller_dag']) retrieved from /home/airflow/.local/lib/python3.7/site-packages/airflow/example_dags/example_trigger_controller_dag.py
[2023-08-27T11:26:22.249+0000] {logging_mixin.py:120} INFO - [2023-08-27T11:26:22.249+0000] {dag.py:2585} INFO - Sync 1 DAGs
[2023-08-27T11:26:22.262+0000] {logging_mixin.py:120} INFO - [2023-08-27T11:26:22.262+0000] {dag.py:3340} INFO - Setting next_dagrun for example_trigger_controller_dag to 2021-01-01T00:00:00+00:00, run_after=2021-01-01T00:00:00+00:00
[2023-08-27T11:26:22.276+0000] {processor.py:176} INFO - Processing /home/airflow/.local/lib/python3.7/site-packages/airflow/example_dags/example_trigger_controller_dag.py took 0.072 seconds
[2023-08-27T11:26:52.626+0000] {processor.py:154} INFO - Started process (PID=29643) to work on /home/airflow/.local/lib/python3.7/site-packages/airflow/example_dags/example_trigger_controller_dag.py
[2023-08-27T11:26:52.627+0000] {processor.py:756} INFO - Processing file /home/airflow/.local/lib/python3.7/site-packages/airflow/example_dags/example_trigger_controller_dag.py for tasks to queue
[2023-08-27T11:26:52.628+0000] {logging_mixin.py:120} INFO - [2023-08-27T11:26:52.627+0000] {dagbag.py:537} INFO - Filling up the DagBag from /home/airflow/.local/lib/python3.7/site-packages/airflow/example_dags/example_trigger_controller_dag.py
[2023-08-27T11:26:52.636+0000] {processor.py:766} INFO - DAG(s) dict_keys(['example_trigger_controller_dag']) retrieved from /home/airflow/.local/lib/python3.7/site-packages/airflow/example_dags/example_trigger_controller_dag.py
[2023-08-27T11:26:52.664+0000] {logging_mixin.py:120} INFO - [2023-08-27T11:26:52.664+0000] {dag.py:2585} INFO - Sync 1 DAGs
[2023-08-27T11:26:52.677+0000] {logging_mixin.py:120} INFO - [2023-08-27T11:26:52.677+0000] {dag.py:3340} INFO - Setting next_dagrun for example_trigger_controller_dag to 2021-01-01T00:00:00+00:00, run_after=2021-01-01T00:00:00+00:00
[2023-08-27T11:26:52.687+0000] {processor.py:176} INFO - Processing /home/airflow/.local/lib/python3.7/site-packages/airflow/example_dags/example_trigger_controller_dag.py took 0.063 seconds
[2023-08-27T11:27:23.035+0000] {processor.py:154} INFO - Started process (PID=29699) to work on /home/airflow/.local/lib/python3.7/site-packages/airflow/example_dags/example_trigger_controller_dag.py
[2023-08-27T11:27:23.036+0000] {processor.py:756} INFO - Processing file /home/airflow/.local/lib/python3.7/site-packages/airflow/example_dags/example_trigger_controller_dag.py for tasks to queue
[2023-08-27T11:27:23.037+0000] {logging_mixin.py:120} INFO - [2023-08-27T11:27:23.037+0000] {dagbag.py:537} INFO - Filling up the DagBag from /home/airflow/.local/lib/python3.7/site-packages/airflow/example_dags/example_trigger_controller_dag.py
[2023-08-27T11:27:23.044+0000] {processor.py:766} INFO - DAG(s) dict_keys(['example_trigger_controller_dag']) retrieved from /home/airflow/.local/lib/python3.7/site-packages/airflow/example_dags/example_trigger_controller_dag.py
[2023-08-27T11:27:23.071+0000] {logging_mixin.py:120} INFO - [2023-08-27T11:27:23.070+0000] {dag.py:2585} INFO - Sync 1 DAGs
[2023-08-27T11:27:23.087+0000] {logging_mixin.py:120} INFO - [2023-08-27T11:27:23.087+0000] {dag.py:3340} INFO - Setting next_dagrun for example_trigger_controller_dag to 2021-01-01T00:00:00+00:00, run_after=2021-01-01T00:00:00+00:00
[2023-08-27T11:27:23.097+0000] {processor.py:176} INFO - Processing /home/airflow/.local/lib/python3.7/site-packages/airflow/example_dags/example_trigger_controller_dag.py took 0.064 seconds
[2023-08-27T11:27:53.153+0000] {processor.py:154} INFO - Started process (PID=29764) to work on /home/airflow/.local/lib/python3.7/site-packages/airflow/example_dags/example_trigger_controller_dag.py
[2023-08-27T11:27:53.154+0000] {processor.py:756} INFO - Processing file /home/airflow/.local/lib/python3.7/site-packages/airflow/example_dags/example_trigger_controller_dag.py for tasks to queue
[2023-08-27T11:27:53.154+0000] {logging_mixin.py:120} INFO - [2023-08-27T11:27:53.154+0000] {dagbag.py:537} INFO - Filling up the DagBag from /home/airflow/.local/lib/python3.7/site-packages/airflow/example_dags/example_trigger_controller_dag.py
[2023-08-27T11:27:53.162+0000] {processor.py:766} INFO - DAG(s) dict_keys(['example_trigger_controller_dag']) retrieved from /home/airflow/.local/lib/python3.7/site-packages/airflow/example_dags/example_trigger_controller_dag.py
[2023-08-27T11:27:53.188+0000] {logging_mixin.py:120} INFO - [2023-08-27T11:27:53.188+0000] {dag.py:2585} INFO - Sync 1 DAGs
[2023-08-27T11:27:53.202+0000] {logging_mixin.py:120} INFO - [2023-08-27T11:27:53.202+0000] {dag.py:3340} INFO - Setting next_dagrun for example_trigger_controller_dag to 2021-01-01T00:00:00+00:00, run_after=2021-01-01T00:00:00+00:00
[2023-08-27T11:27:53.212+0000] {processor.py:176} INFO - Processing /home/airflow/.local/lib/python3.7/site-packages/airflow/example_dags/example_trigger_controller_dag.py took 0.061 seconds
[2023-08-27T11:28:23.469+0000] {processor.py:154} INFO - Started process (PID=29829) to work on /home/airflow/.local/lib/python3.7/site-packages/airflow/example_dags/example_trigger_controller_dag.py
[2023-08-27T11:28:23.470+0000] {processor.py:756} INFO - Processing file /home/airflow/.local/lib/python3.7/site-packages/airflow/example_dags/example_trigger_controller_dag.py for tasks to queue
[2023-08-27T11:28:23.471+0000] {logging_mixin.py:120} INFO - [2023-08-27T11:28:23.471+0000] {dagbag.py:537} INFO - Filling up the DagBag from /home/airflow/.local/lib/python3.7/site-packages/airflow/example_dags/example_trigger_controller_dag.py
[2023-08-27T11:28:23.479+0000] {processor.py:766} INFO - DAG(s) dict_keys(['example_trigger_controller_dag']) retrieved from /home/airflow/.local/lib/python3.7/site-packages/airflow/example_dags/example_trigger_controller_dag.py
[2023-08-27T11:28:23.505+0000] {logging_mixin.py:120} INFO - [2023-08-27T11:28:23.505+0000] {dag.py:2585} INFO - Sync 1 DAGs
[2023-08-27T11:28:23.518+0000] {logging_mixin.py:120} INFO - [2023-08-27T11:28:23.518+0000] {dag.py:3340} INFO - Setting next_dagrun for example_trigger_controller_dag to 2021-01-01T00:00:00+00:00, run_after=2021-01-01T00:00:00+00:00
[2023-08-27T11:28:23.528+0000] {processor.py:176} INFO - Processing /home/airflow/.local/lib/python3.7/site-packages/airflow/example_dags/example_trigger_controller_dag.py took 0.060 seconds
[2023-08-27T11:28:53.734+0000] {processor.py:154} INFO - Started process (PID=29894) to work on /home/airflow/.local/lib/python3.7/site-packages/airflow/example_dags/example_trigger_controller_dag.py
[2023-08-27T11:28:53.734+0000] {processor.py:756} INFO - Processing file /home/airflow/.local/lib/python3.7/site-packages/airflow/example_dags/example_trigger_controller_dag.py for tasks to queue
[2023-08-27T11:28:53.735+0000] {logging_mixin.py:120} INFO - [2023-08-27T11:28:53.735+0000] {dagbag.py:537} INFO - Filling up the DagBag from /home/airflow/.local/lib/python3.7/site-packages/airflow/example_dags/example_trigger_controller_dag.py
[2023-08-27T11:28:53.743+0000] {processor.py:766} INFO - DAG(s) dict_keys(['example_trigger_controller_dag']) retrieved from /home/airflow/.local/lib/python3.7/site-packages/airflow/example_dags/example_trigger_controller_dag.py
[2023-08-27T11:28:53.769+0000] {logging_mixin.py:120} INFO - [2023-08-27T11:28:53.769+0000] {dag.py:2585} INFO - Sync 1 DAGs
[2023-08-27T11:28:53.782+0000] {logging_mixin.py:120} INFO - [2023-08-27T11:28:53.781+0000] {dag.py:3340} INFO - Setting next_dagrun for example_trigger_controller_dag to 2021-01-01T00:00:00+00:00, run_after=2021-01-01T00:00:00+00:00
[2023-08-27T11:28:53.791+0000] {processor.py:176} INFO - Processing /home/airflow/.local/lib/python3.7/site-packages/airflow/example_dags/example_trigger_controller_dag.py took 0.059 seconds
[2023-08-27T11:29:24.072+0000] {processor.py:154} INFO - Started process (PID=29960) to work on /home/airflow/.local/lib/python3.7/site-packages/airflow/example_dags/example_trigger_controller_dag.py
[2023-08-27T11:29:24.073+0000] {processor.py:756} INFO - Processing file /home/airflow/.local/lib/python3.7/site-packages/airflow/example_dags/example_trigger_controller_dag.py for tasks to queue
[2023-08-27T11:29:24.074+0000] {logging_mixin.py:120} INFO - [2023-08-27T11:29:24.074+0000] {dagbag.py:537} INFO - Filling up the DagBag from /home/airflow/.local/lib/python3.7/site-packages/airflow/example_dags/example_trigger_controller_dag.py
[2023-08-27T11:29:24.084+0000] {processor.py:766} INFO - DAG(s) dict_keys(['example_trigger_controller_dag']) retrieved from /home/airflow/.local/lib/python3.7/site-packages/airflow/example_dags/example_trigger_controller_dag.py
[2023-08-27T11:29:24.116+0000] {logging_mixin.py:120} INFO - [2023-08-27T11:29:24.116+0000] {dag.py:2585} INFO - Sync 1 DAGs
[2023-08-27T11:29:24.133+0000] {logging_mixin.py:120} INFO - [2023-08-27T11:29:24.133+0000] {dag.py:3340} INFO - Setting next_dagrun for example_trigger_controller_dag to 2021-01-01T00:00:00+00:00, run_after=2021-01-01T00:00:00+00:00
[2023-08-27T11:29:24.149+0000] {processor.py:176} INFO - Processing /home/airflow/.local/lib/python3.7/site-packages/airflow/example_dags/example_trigger_controller_dag.py took 0.080 seconds
[2023-08-27T11:29:54.402+0000] {processor.py:154} INFO - Started process (PID=30016) to work on /home/airflow/.local/lib/python3.7/site-packages/airflow/example_dags/example_trigger_controller_dag.py
[2023-08-27T11:29:54.403+0000] {processor.py:756} INFO - Processing file /home/airflow/.local/lib/python3.7/site-packages/airflow/example_dags/example_trigger_controller_dag.py for tasks to queue
[2023-08-27T11:29:54.404+0000] {logging_mixin.py:120} INFO - [2023-08-27T11:29:54.404+0000] {dagbag.py:537} INFO - Filling up the DagBag from /home/airflow/.local/lib/python3.7/site-packages/airflow/example_dags/example_trigger_controller_dag.py
[2023-08-27T11:29:54.421+0000] {processor.py:766} INFO - DAG(s) dict_keys(['example_trigger_controller_dag']) retrieved from /home/airflow/.local/lib/python3.7/site-packages/airflow/example_dags/example_trigger_controller_dag.py
[2023-08-27T11:29:54.468+0000] {logging_mixin.py:120} INFO - [2023-08-27T11:29:54.468+0000] {dag.py:2585} INFO - Sync 1 DAGs
[2023-08-27T11:29:54.484+0000] {logging_mixin.py:120} INFO - [2023-08-27T11:29:54.484+0000] {dag.py:3340} INFO - Setting next_dagrun for example_trigger_controller_dag to 2021-01-01T00:00:00+00:00, run_after=2021-01-01T00:00:00+00:00
[2023-08-27T11:29:54.495+0000] {processor.py:176} INFO - Processing /home/airflow/.local/lib/python3.7/site-packages/airflow/example_dags/example_trigger_controller_dag.py took 0.098 seconds
