[2023-08-27T11:24:30.034+0000] {processor.py:154} INFO - Started process (PID=29355) to work on /home/airflow/.local/lib/python3.7/site-packages/airflow/example_dags/example_latest_only_with_trigger.py
[2023-08-27T11:24:30.035+0000] {processor.py:756} INFO - Processing file /home/airflow/.local/lib/python3.7/site-packages/airflow/example_dags/example_latest_only_with_trigger.py for tasks to queue
[2023-08-27T11:24:30.035+0000] {logging_mixin.py:120} INFO - [2023-08-27T11:24:30.035+0000] {dagbag.py:537} INFO - Filling up the DagBag from /home/airflow/.local/lib/python3.7/site-packages/airflow/example_dags/example_latest_only_with_trigger.py
[2023-08-27T11:24:30.048+0000] {processor.py:766} INFO - DAG(s) dict_keys(['latest_only_with_trigger']) retrieved from /home/airflow/.local/lib/python3.7/site-packages/airflow/example_dags/example_latest_only_with_trigger.py
[2023-08-27T11:24:30.083+0000] {logging_mixin.py:120} INFO - [2023-08-27T11:24:30.083+0000] {dag.py:2585} INFO - Sync 1 DAGs
[2023-08-27T11:24:30.102+0000] {logging_mixin.py:120} INFO - [2023-08-27T11:24:30.102+0000] {dag.py:3340} INFO - Setting next_dagrun for latest_only_with_trigger to 2023-08-27T07:24:30.101795+00:00, run_after=2023-08-27T11:24:30.101795+00:00
[2023-08-27T11:24:30.115+0000] {processor.py:176} INFO - Processing /home/airflow/.local/lib/python3.7/site-packages/airflow/example_dags/example_latest_only_with_trigger.py took 0.083 seconds
[2023-08-27T11:25:00.319+0000] {processor.py:154} INFO - Started process (PID=29411) to work on /home/airflow/.local/lib/python3.7/site-packages/airflow/example_dags/example_latest_only_with_trigger.py
[2023-08-27T11:25:00.320+0000] {processor.py:756} INFO - Processing file /home/airflow/.local/lib/python3.7/site-packages/airflow/example_dags/example_latest_only_with_trigger.py for tasks to queue
[2023-08-27T11:25:00.321+0000] {logging_mixin.py:120} INFO - [2023-08-27T11:25:00.321+0000] {dagbag.py:537} INFO - Filling up the DagBag from /home/airflow/.local/lib/python3.7/site-packages/airflow/example_dags/example_latest_only_with_trigger.py
[2023-08-27T11:25:00.332+0000] {processor.py:766} INFO - DAG(s) dict_keys(['latest_only_with_trigger']) retrieved from /home/airflow/.local/lib/python3.7/site-packages/airflow/example_dags/example_latest_only_with_trigger.py
[2023-08-27T11:25:00.358+0000] {logging_mixin.py:120} INFO - [2023-08-27T11:25:00.358+0000] {dag.py:2585} INFO - Sync 1 DAGs
[2023-08-27T11:25:00.372+0000] {logging_mixin.py:120} INFO - [2023-08-27T11:25:00.372+0000] {dag.py:3340} INFO - Setting next_dagrun for latest_only_with_trigger to 2023-08-27T07:25:00.372158+00:00, run_after=2023-08-27T11:25:00.372158+00:00
[2023-08-27T11:25:00.384+0000] {processor.py:176} INFO - Processing /home/airflow/.local/lib/python3.7/site-packages/airflow/example_dags/example_latest_only_with_trigger.py took 0.067 seconds
[2023-08-27T11:25:30.548+0000] {processor.py:154} INFO - Started process (PID=29476) to work on /home/airflow/.local/lib/python3.7/site-packages/airflow/example_dags/example_latest_only_with_trigger.py
[2023-08-27T11:25:30.549+0000] {processor.py:756} INFO - Processing file /home/airflow/.local/lib/python3.7/site-packages/airflow/example_dags/example_latest_only_with_trigger.py for tasks to queue
[2023-08-27T11:25:30.550+0000] {logging_mixin.py:120} INFO - [2023-08-27T11:25:30.550+0000] {dagbag.py:537} INFO - Filling up the DagBag from /home/airflow/.local/lib/python3.7/site-packages/airflow/example_dags/example_latest_only_with_trigger.py
[2023-08-27T11:25:30.560+0000] {processor.py:766} INFO - DAG(s) dict_keys(['latest_only_with_trigger']) retrieved from /home/airflow/.local/lib/python3.7/site-packages/airflow/example_dags/example_latest_only_with_trigger.py
[2023-08-27T11:25:30.589+0000] {logging_mixin.py:120} INFO - [2023-08-27T11:25:30.589+0000] {dag.py:2585} INFO - Sync 1 DAGs
[2023-08-27T11:25:30.609+0000] {logging_mixin.py:120} INFO - [2023-08-27T11:25:30.609+0000] {dag.py:3340} INFO - Setting next_dagrun for latest_only_with_trigger to 2023-08-27T07:25:30.609490+00:00, run_after=2023-08-27T11:25:30.609490+00:00
[2023-08-27T11:25:30.624+0000] {processor.py:176} INFO - Processing /home/airflow/.local/lib/python3.7/site-packages/airflow/example_dags/example_latest_only_with_trigger.py took 0.078 seconds
[2023-08-27T11:26:00.925+0000] {processor.py:154} INFO - Started process (PID=29540) to work on /home/airflow/.local/lib/python3.7/site-packages/airflow/example_dags/example_latest_only_with_trigger.py
[2023-08-27T11:26:00.926+0000] {processor.py:756} INFO - Processing file /home/airflow/.local/lib/python3.7/site-packages/airflow/example_dags/example_latest_only_with_trigger.py for tasks to queue
[2023-08-27T11:26:00.926+0000] {logging_mixin.py:120} INFO - [2023-08-27T11:26:00.926+0000] {dagbag.py:537} INFO - Filling up the DagBag from /home/airflow/.local/lib/python3.7/site-packages/airflow/example_dags/example_latest_only_with_trigger.py
[2023-08-27T11:26:00.938+0000] {processor.py:766} INFO - DAG(s) dict_keys(['latest_only_with_trigger']) retrieved from /home/airflow/.local/lib/python3.7/site-packages/airflow/example_dags/example_latest_only_with_trigger.py
[2023-08-27T11:26:00.969+0000] {logging_mixin.py:120} INFO - [2023-08-27T11:26:00.969+0000] {dag.py:2585} INFO - Sync 1 DAGs
[2023-08-27T11:26:00.985+0000] {logging_mixin.py:120} INFO - [2023-08-27T11:26:00.985+0000] {dag.py:3340} INFO - Setting next_dagrun for latest_only_with_trigger to 2023-08-27T07:26:00.984893+00:00, run_after=2023-08-27T11:26:00.984893+00:00
[2023-08-27T11:26:00.998+0000] {processor.py:176} INFO - Processing /home/airflow/.local/lib/python3.7/site-packages/airflow/example_dags/example_latest_only_with_trigger.py took 0.076 seconds
[2023-08-27T11:26:31.290+0000] {processor.py:154} INFO - Started process (PID=29604) to work on /home/airflow/.local/lib/python3.7/site-packages/airflow/example_dags/example_latest_only_with_trigger.py
[2023-08-27T11:26:31.291+0000] {processor.py:756} INFO - Processing file /home/airflow/.local/lib/python3.7/site-packages/airflow/example_dags/example_latest_only_with_trigger.py for tasks to queue
[2023-08-27T11:26:31.291+0000] {logging_mixin.py:120} INFO - [2023-08-27T11:26:31.291+0000] {dagbag.py:537} INFO - Filling up the DagBag from /home/airflow/.local/lib/python3.7/site-packages/airflow/example_dags/example_latest_only_with_trigger.py
[2023-08-27T11:26:31.302+0000] {processor.py:766} INFO - DAG(s) dict_keys(['latest_only_with_trigger']) retrieved from /home/airflow/.local/lib/python3.7/site-packages/airflow/example_dags/example_latest_only_with_trigger.py
[2023-08-27T11:26:31.332+0000] {logging_mixin.py:120} INFO - [2023-08-27T11:26:31.332+0000] {dag.py:2585} INFO - Sync 1 DAGs
[2023-08-27T11:26:31.347+0000] {logging_mixin.py:120} INFO - [2023-08-27T11:26:31.347+0000] {dag.py:3340} INFO - Setting next_dagrun for latest_only_with_trigger to 2023-08-27T07:26:31.347090+00:00, run_after=2023-08-27T11:26:31.347090+00:00
[2023-08-27T11:26:31.360+0000] {processor.py:176} INFO - Processing /home/airflow/.local/lib/python3.7/site-packages/airflow/example_dags/example_latest_only_with_trigger.py took 0.073 seconds
[2023-08-27T11:27:01.619+0000] {processor.py:154} INFO - Started process (PID=29667) to work on /home/airflow/.local/lib/python3.7/site-packages/airflow/example_dags/example_latest_only_with_trigger.py
[2023-08-27T11:27:01.621+0000] {processor.py:756} INFO - Processing file /home/airflow/.local/lib/python3.7/site-packages/airflow/example_dags/example_latest_only_with_trigger.py for tasks to queue
[2023-08-27T11:27:01.622+0000] {logging_mixin.py:120} INFO - [2023-08-27T11:27:01.622+0000] {dagbag.py:537} INFO - Filling up the DagBag from /home/airflow/.local/lib/python3.7/site-packages/airflow/example_dags/example_latest_only_with_trigger.py
[2023-08-27T11:27:01.633+0000] {processor.py:766} INFO - DAG(s) dict_keys(['latest_only_with_trigger']) retrieved from /home/airflow/.local/lib/python3.7/site-packages/airflow/example_dags/example_latest_only_with_trigger.py
[2023-08-27T11:27:01.668+0000] {logging_mixin.py:120} INFO - [2023-08-27T11:27:01.668+0000] {dag.py:2585} INFO - Sync 1 DAGs
[2023-08-27T11:27:01.685+0000] {logging_mixin.py:120} INFO - [2023-08-27T11:27:01.685+0000] {dag.py:3340} INFO - Setting next_dagrun for latest_only_with_trigger to 2023-08-27T07:27:01.684859+00:00, run_after=2023-08-27T11:27:01.684859+00:00
[2023-08-27T11:27:01.701+0000] {processor.py:176} INFO - Processing /home/airflow/.local/lib/python3.7/site-packages/airflow/example_dags/example_latest_only_with_trigger.py took 0.086 seconds
[2023-08-27T11:27:31.956+0000] {processor.py:154} INFO - Started process (PID=29725) to work on /home/airflow/.local/lib/python3.7/site-packages/airflow/example_dags/example_latest_only_with_trigger.py
[2023-08-27T11:27:31.956+0000] {processor.py:756} INFO - Processing file /home/airflow/.local/lib/python3.7/site-packages/airflow/example_dags/example_latest_only_with_trigger.py for tasks to queue
[2023-08-27T11:27:31.957+0000] {logging_mixin.py:120} INFO - [2023-08-27T11:27:31.957+0000] {dagbag.py:537} INFO - Filling up the DagBag from /home/airflow/.local/lib/python3.7/site-packages/airflow/example_dags/example_latest_only_with_trigger.py
[2023-08-27T11:27:31.966+0000] {processor.py:766} INFO - DAG(s) dict_keys(['latest_only_with_trigger']) retrieved from /home/airflow/.local/lib/python3.7/site-packages/airflow/example_dags/example_latest_only_with_trigger.py
[2023-08-27T11:27:31.991+0000] {logging_mixin.py:120} INFO - [2023-08-27T11:27:31.991+0000] {dag.py:2585} INFO - Sync 1 DAGs
[2023-08-27T11:27:32.005+0000] {logging_mixin.py:120} INFO - [2023-08-27T11:27:32.005+0000] {dag.py:3340} INFO - Setting next_dagrun for latest_only_with_trigger to 2023-08-27T07:27:32.004971+00:00, run_after=2023-08-27T11:27:32.004971+00:00
[2023-08-27T11:27:32.015+0000] {processor.py:176} INFO - Processing /home/airflow/.local/lib/python3.7/site-packages/airflow/example_dags/example_latest_only_with_trigger.py took 0.061 seconds
[2023-08-27T11:28:02.229+0000] {processor.py:154} INFO - Started process (PID=29790) to work on /home/airflow/.local/lib/python3.7/site-packages/airflow/example_dags/example_latest_only_with_trigger.py
[2023-08-27T11:28:02.231+0000] {processor.py:756} INFO - Processing file /home/airflow/.local/lib/python3.7/site-packages/airflow/example_dags/example_latest_only_with_trigger.py for tasks to queue
[2023-08-27T11:28:02.232+0000] {logging_mixin.py:120} INFO - [2023-08-27T11:28:02.232+0000] {dagbag.py:537} INFO - Filling up the DagBag from /home/airflow/.local/lib/python3.7/site-packages/airflow/example_dags/example_latest_only_with_trigger.py
[2023-08-27T11:28:02.244+0000] {processor.py:766} INFO - DAG(s) dict_keys(['latest_only_with_trigger']) retrieved from /home/airflow/.local/lib/python3.7/site-packages/airflow/example_dags/example_latest_only_with_trigger.py
[2023-08-27T11:28:02.273+0000] {logging_mixin.py:120} INFO - [2023-08-27T11:28:02.273+0000] {dag.py:2585} INFO - Sync 1 DAGs
[2023-08-27T11:28:02.287+0000] {logging_mixin.py:120} INFO - [2023-08-27T11:28:02.287+0000] {dag.py:3340} INFO - Setting next_dagrun for latest_only_with_trigger to 2023-08-27T07:28:02.287636+00:00, run_after=2023-08-27T11:28:02.287636+00:00
[2023-08-27T11:28:02.299+0000] {processor.py:176} INFO - Processing /home/airflow/.local/lib/python3.7/site-packages/airflow/example_dags/example_latest_only_with_trigger.py took 0.073 seconds
[2023-08-27T11:28:32.530+0000] {processor.py:154} INFO - Started process (PID=29855) to work on /home/airflow/.local/lib/python3.7/site-packages/airflow/example_dags/example_latest_only_with_trigger.py
[2023-08-27T11:28:32.531+0000] {processor.py:756} INFO - Processing file /home/airflow/.local/lib/python3.7/site-packages/airflow/example_dags/example_latest_only_with_trigger.py for tasks to queue
[2023-08-27T11:28:32.532+0000] {logging_mixin.py:120} INFO - [2023-08-27T11:28:32.532+0000] {dagbag.py:537} INFO - Filling up the DagBag from /home/airflow/.local/lib/python3.7/site-packages/airflow/example_dags/example_latest_only_with_trigger.py
[2023-08-27T11:28:32.541+0000] {processor.py:766} INFO - DAG(s) dict_keys(['latest_only_with_trigger']) retrieved from /home/airflow/.local/lib/python3.7/site-packages/airflow/example_dags/example_latest_only_with_trigger.py
[2023-08-27T11:28:32.568+0000] {logging_mixin.py:120} INFO - [2023-08-27T11:28:32.568+0000] {dag.py:2585} INFO - Sync 1 DAGs
[2023-08-27T11:28:32.581+0000] {logging_mixin.py:120} INFO - [2023-08-27T11:28:32.581+0000] {dag.py:3340} INFO - Setting next_dagrun for latest_only_with_trigger to 2023-08-27T07:28:32.581515+00:00, run_after=2023-08-27T11:28:32.581515+00:00
[2023-08-27T11:28:32.595+0000] {processor.py:176} INFO - Processing /home/airflow/.local/lib/python3.7/site-packages/airflow/example_dags/example_latest_only_with_trigger.py took 0.067 seconds
[2023-08-27T11:29:02.848+0000] {processor.py:154} INFO - Started process (PID=29920) to work on /home/airflow/.local/lib/python3.7/site-packages/airflow/example_dags/example_latest_only_with_trigger.py
[2023-08-27T11:29:02.849+0000] {processor.py:756} INFO - Processing file /home/airflow/.local/lib/python3.7/site-packages/airflow/example_dags/example_latest_only_with_trigger.py for tasks to queue
[2023-08-27T11:29:02.849+0000] {logging_mixin.py:120} INFO - [2023-08-27T11:29:02.849+0000] {dagbag.py:537} INFO - Filling up the DagBag from /home/airflow/.local/lib/python3.7/site-packages/airflow/example_dags/example_latest_only_with_trigger.py
[2023-08-27T11:29:02.859+0000] {processor.py:766} INFO - DAG(s) dict_keys(['latest_only_with_trigger']) retrieved from /home/airflow/.local/lib/python3.7/site-packages/airflow/example_dags/example_latest_only_with_trigger.py
[2023-08-27T11:29:02.884+0000] {logging_mixin.py:120} INFO - [2023-08-27T11:29:02.884+0000] {dag.py:2585} INFO - Sync 1 DAGs
[2023-08-27T11:29:02.898+0000] {logging_mixin.py:120} INFO - [2023-08-27T11:29:02.898+0000] {dag.py:3340} INFO - Setting next_dagrun for latest_only_with_trigger to 2023-08-27T07:29:02.897214+00:00, run_after=2023-08-27T11:29:02.897214+00:00
[2023-08-27T11:29:02.908+0000] {processor.py:176} INFO - Processing /home/airflow/.local/lib/python3.7/site-packages/airflow/example_dags/example_latest_only_with_trigger.py took 0.062 seconds
[2023-08-27T11:29:33.210+0000] {processor.py:154} INFO - Started process (PID=29977) to work on /home/airflow/.local/lib/python3.7/site-packages/airflow/example_dags/example_latest_only_with_trigger.py
[2023-08-27T11:29:33.211+0000] {processor.py:756} INFO - Processing file /home/airflow/.local/lib/python3.7/site-packages/airflow/example_dags/example_latest_only_with_trigger.py for tasks to queue
[2023-08-27T11:29:33.211+0000] {logging_mixin.py:120} INFO - [2023-08-27T11:29:33.211+0000] {dagbag.py:537} INFO - Filling up the DagBag from /home/airflow/.local/lib/python3.7/site-packages/airflow/example_dags/example_latest_only_with_trigger.py
[2023-08-27T11:29:33.222+0000] {processor.py:766} INFO - DAG(s) dict_keys(['latest_only_with_trigger']) retrieved from /home/airflow/.local/lib/python3.7/site-packages/airflow/example_dags/example_latest_only_with_trigger.py
[2023-08-27T11:29:33.251+0000] {logging_mixin.py:120} INFO - [2023-08-27T11:29:33.251+0000] {dag.py:2585} INFO - Sync 1 DAGs
[2023-08-27T11:29:33.268+0000] {logging_mixin.py:120} INFO - [2023-08-27T11:29:33.268+0000] {dag.py:3340} INFO - Setting next_dagrun for latest_only_with_trigger to 2023-08-27T07:29:33.268175+00:00, run_after=2023-08-27T11:29:33.268175+00:00
[2023-08-27T11:29:33.280+0000] {processor.py:176} INFO - Processing /home/airflow/.local/lib/python3.7/site-packages/airflow/example_dags/example_latest_only_with_trigger.py took 0.074 seconds
[2023-08-27T11:30:03.483+0000] {processor.py:154} INFO - Started process (PID=30044) to work on /home/airflow/.local/lib/python3.7/site-packages/airflow/example_dags/example_latest_only_with_trigger.py
[2023-08-27T11:30:03.483+0000] {processor.py:756} INFO - Processing file /home/airflow/.local/lib/python3.7/site-packages/airflow/example_dags/example_latest_only_with_trigger.py for tasks to queue
[2023-08-27T11:30:03.484+0000] {logging_mixin.py:120} INFO - [2023-08-27T11:30:03.484+0000] {dagbag.py:537} INFO - Filling up the DagBag from /home/airflow/.local/lib/python3.7/site-packages/airflow/example_dags/example_latest_only_with_trigger.py
[2023-08-27T11:30:03.494+0000] {processor.py:766} INFO - DAG(s) dict_keys(['latest_only_with_trigger']) retrieved from /home/airflow/.local/lib/python3.7/site-packages/airflow/example_dags/example_latest_only_with_trigger.py
[2023-08-27T11:30:03.527+0000] {logging_mixin.py:120} INFO - [2023-08-27T11:30:03.527+0000] {dag.py:2585} INFO - Sync 1 DAGs
[2023-08-27T11:30:03.545+0000] {logging_mixin.py:120} INFO - [2023-08-27T11:30:03.545+0000] {dag.py:3340} INFO - Setting next_dagrun for latest_only_with_trigger to 2023-08-27T07:30:03.544902+00:00, run_after=2023-08-27T11:30:03.544902+00:00
[2023-08-27T11:30:03.555+0000] {processor.py:176} INFO - Processing /home/airflow/.local/lib/python3.7/site-packages/airflow/example_dags/example_latest_only_with_trigger.py took 0.074 seconds
