[2023-08-27T11:24:11.068+0000] {processor.py:154} INFO - Started process (PID=29303) to work on /home/airflow/.local/lib/python3.7/site-packages/airflow/example_dags/example_dag_decorator.py
[2023-08-27T11:24:11.069+0000] {processor.py:756} INFO - Processing file /home/airflow/.local/lib/python3.7/site-packages/airflow/example_dags/example_dag_decorator.py for tasks to queue
[2023-08-27T11:24:11.071+0000] {logging_mixin.py:120} INFO - [2023-08-27T11:24:11.071+0000] {dagbag.py:537} INFO - Filling up the DagBag from /home/airflow/.local/lib/python3.7/site-packages/airflow/example_dags/example_dag_decorator.py
[2023-08-27T11:24:11.094+0000] {logging_mixin.py:120} INFO - [2023-08-27T11:24:11.094+0000] {taskmixin.py:205} WARNING - Dependency <Task(_PythonDecoratedOperator): prepare_email>, send_email already registered for DAG: example_dag_decorator
[2023-08-27T11:24:11.094+0000] {logging_mixin.py:120} INFO - [2023-08-27T11:24:11.094+0000] {taskmixin.py:205} WARNING - Dependency <Task(EmailOperator): send_email>, prepare_email already registered for DAG: example_dag_decorator
[2023-08-27T11:24:11.107+0000] {processor.py:766} INFO - DAG(s) dict_keys(['example_dag_decorator']) retrieved from /home/airflow/.local/lib/python3.7/site-packages/airflow/example_dags/example_dag_decorator.py
[2023-08-27T11:24:11.160+0000] {logging_mixin.py:120} INFO - [2023-08-27T11:24:11.160+0000] {dag.py:2585} INFO - Sync 1 DAGs
[2023-08-27T11:24:11.174+0000] {logging_mixin.py:120} INFO - [2023-08-27T11:24:11.174+0000] {dag.py:3340} INFO - Setting next_dagrun for example_dag_decorator to None, run_after=None
[2023-08-27T11:24:11.184+0000] {processor.py:176} INFO - Processing /home/airflow/.local/lib/python3.7/site-packages/airflow/example_dags/example_dag_decorator.py took 0.123 seconds
[2023-08-27T11:24:41.324+0000] {processor.py:154} INFO - Started process (PID=29368) to work on /home/airflow/.local/lib/python3.7/site-packages/airflow/example_dags/example_dag_decorator.py
[2023-08-27T11:24:41.326+0000] {processor.py:756} INFO - Processing file /home/airflow/.local/lib/python3.7/site-packages/airflow/example_dags/example_dag_decorator.py for tasks to queue
[2023-08-27T11:24:41.327+0000] {logging_mixin.py:120} INFO - [2023-08-27T11:24:41.327+0000] {dagbag.py:537} INFO - Filling up the DagBag from /home/airflow/.local/lib/python3.7/site-packages/airflow/example_dags/example_dag_decorator.py
[2023-08-27T11:24:41.354+0000] {logging_mixin.py:120} INFO - [2023-08-27T11:24:41.354+0000] {taskmixin.py:205} WARNING - Dependency <Task(_PythonDecoratedOperator): prepare_email>, send_email already registered for DAG: example_dag_decorator
[2023-08-27T11:24:41.354+0000] {logging_mixin.py:120} INFO - [2023-08-27T11:24:41.354+0000] {taskmixin.py:205} WARNING - Dependency <Task(EmailOperator): send_email>, prepare_email already registered for DAG: example_dag_decorator
[2023-08-27T11:24:41.369+0000] {processor.py:766} INFO - DAG(s) dict_keys(['example_dag_decorator']) retrieved from /home/airflow/.local/lib/python3.7/site-packages/airflow/example_dags/example_dag_decorator.py
[2023-08-27T11:24:41.430+0000] {logging_mixin.py:120} INFO - [2023-08-27T11:24:41.430+0000] {dag.py:2585} INFO - Sync 1 DAGs
[2023-08-27T11:24:41.446+0000] {logging_mixin.py:120} INFO - [2023-08-27T11:24:41.446+0000] {dag.py:3340} INFO - Setting next_dagrun for example_dag_decorator to None, run_after=None
[2023-08-27T11:24:41.460+0000] {processor.py:176} INFO - Processing /home/airflow/.local/lib/python3.7/site-packages/airflow/example_dags/example_dag_decorator.py took 0.147 seconds
[2023-08-27T11:25:11.588+0000] {processor.py:154} INFO - Started process (PID=29424) to work on /home/airflow/.local/lib/python3.7/site-packages/airflow/example_dags/example_dag_decorator.py
[2023-08-27T11:25:11.590+0000] {processor.py:756} INFO - Processing file /home/airflow/.local/lib/python3.7/site-packages/airflow/example_dags/example_dag_decorator.py for tasks to queue
[2023-08-27T11:25:11.591+0000] {logging_mixin.py:120} INFO - [2023-08-27T11:25:11.591+0000] {dagbag.py:537} INFO - Filling up the DagBag from /home/airflow/.local/lib/python3.7/site-packages/airflow/example_dags/example_dag_decorator.py
[2023-08-27T11:25:11.607+0000] {logging_mixin.py:120} INFO - [2023-08-27T11:25:11.607+0000] {taskmixin.py:205} WARNING - Dependency <Task(_PythonDecoratedOperator): prepare_email>, send_email already registered for DAG: example_dag_decorator
[2023-08-27T11:25:11.608+0000] {logging_mixin.py:120} INFO - [2023-08-27T11:25:11.608+0000] {taskmixin.py:205} WARNING - Dependency <Task(EmailOperator): send_email>, prepare_email already registered for DAG: example_dag_decorator
[2023-08-27T11:25:11.620+0000] {processor.py:766} INFO - DAG(s) dict_keys(['example_dag_decorator']) retrieved from /home/airflow/.local/lib/python3.7/site-packages/airflow/example_dags/example_dag_decorator.py
[2023-08-27T11:25:11.670+0000] {logging_mixin.py:120} INFO - [2023-08-27T11:25:11.670+0000] {dag.py:2585} INFO - Sync 1 DAGs
[2023-08-27T11:25:11.683+0000] {logging_mixin.py:120} INFO - [2023-08-27T11:25:11.683+0000] {dag.py:3340} INFO - Setting next_dagrun for example_dag_decorator to None, run_after=None
[2023-08-27T11:25:11.693+0000] {processor.py:176} INFO - Processing /home/airflow/.local/lib/python3.7/site-packages/airflow/example_dags/example_dag_decorator.py took 0.110 seconds
[2023-08-27T11:25:41.794+0000] {processor.py:154} INFO - Started process (PID=29488) to work on /home/airflow/.local/lib/python3.7/site-packages/airflow/example_dags/example_dag_decorator.py
[2023-08-27T11:25:41.796+0000] {processor.py:756} INFO - Processing file /home/airflow/.local/lib/python3.7/site-packages/airflow/example_dags/example_dag_decorator.py for tasks to queue
[2023-08-27T11:25:41.797+0000] {logging_mixin.py:120} INFO - [2023-08-27T11:25:41.797+0000] {dagbag.py:537} INFO - Filling up the DagBag from /home/airflow/.local/lib/python3.7/site-packages/airflow/example_dags/example_dag_decorator.py
[2023-08-27T11:25:41.813+0000] {logging_mixin.py:120} INFO - [2023-08-27T11:25:41.813+0000] {taskmixin.py:205} WARNING - Dependency <Task(_PythonDecoratedOperator): prepare_email>, send_email already registered for DAG: example_dag_decorator
[2023-08-27T11:25:41.814+0000] {logging_mixin.py:120} INFO - [2023-08-27T11:25:41.814+0000] {taskmixin.py:205} WARNING - Dependency <Task(EmailOperator): send_email>, prepare_email already registered for DAG: example_dag_decorator
[2023-08-27T11:25:41.829+0000] {processor.py:766} INFO - DAG(s) dict_keys(['example_dag_decorator']) retrieved from /home/airflow/.local/lib/python3.7/site-packages/airflow/example_dags/example_dag_decorator.py
[2023-08-27T11:25:41.889+0000] {logging_mixin.py:120} INFO - [2023-08-27T11:25:41.888+0000] {dag.py:2585} INFO - Sync 1 DAGs
[2023-08-27T11:25:41.906+0000] {logging_mixin.py:120} INFO - [2023-08-27T11:25:41.906+0000] {dag.py:3340} INFO - Setting next_dagrun for example_dag_decorator to None, run_after=None
[2023-08-27T11:25:41.918+0000] {processor.py:176} INFO - Processing /home/airflow/.local/lib/python3.7/site-packages/airflow/example_dags/example_dag_decorator.py took 0.128 seconds
[2023-08-27T11:26:12.215+0000] {processor.py:154} INFO - Started process (PID=29551) to work on /home/airflow/.local/lib/python3.7/site-packages/airflow/example_dags/example_dag_decorator.py
[2023-08-27T11:26:12.216+0000] {processor.py:756} INFO - Processing file /home/airflow/.local/lib/python3.7/site-packages/airflow/example_dags/example_dag_decorator.py for tasks to queue
[2023-08-27T11:26:12.217+0000] {logging_mixin.py:120} INFO - [2023-08-27T11:26:12.217+0000] {dagbag.py:537} INFO - Filling up the DagBag from /home/airflow/.local/lib/python3.7/site-packages/airflow/example_dags/example_dag_decorator.py
[2023-08-27T11:26:12.228+0000] {logging_mixin.py:120} INFO - [2023-08-27T11:26:12.228+0000] {taskmixin.py:205} WARNING - Dependency <Task(_PythonDecoratedOperator): prepare_email>, send_email already registered for DAG: example_dag_decorator
[2023-08-27T11:26:12.229+0000] {logging_mixin.py:120} INFO - [2023-08-27T11:26:12.229+0000] {taskmixin.py:205} WARNING - Dependency <Task(EmailOperator): send_email>, prepare_email already registered for DAG: example_dag_decorator
[2023-08-27T11:26:12.239+0000] {processor.py:766} INFO - DAG(s) dict_keys(['example_dag_decorator']) retrieved from /home/airflow/.local/lib/python3.7/site-packages/airflow/example_dags/example_dag_decorator.py
[2023-08-27T11:26:12.299+0000] {logging_mixin.py:120} INFO - [2023-08-27T11:26:12.299+0000] {dag.py:2585} INFO - Sync 1 DAGs
[2023-08-27T11:26:12.319+0000] {logging_mixin.py:120} INFO - [2023-08-27T11:26:12.319+0000] {dag.py:3340} INFO - Setting next_dagrun for example_dag_decorator to None, run_after=None
[2023-08-27T11:26:12.333+0000] {processor.py:176} INFO - Processing /home/airflow/.local/lib/python3.7/site-packages/airflow/example_dags/example_dag_decorator.py took 0.123 seconds
[2023-08-27T11:26:42.561+0000] {processor.py:154} INFO - Started process (PID=29616) to work on /home/airflow/.local/lib/python3.7/site-packages/airflow/example_dags/example_dag_decorator.py
[2023-08-27T11:26:42.563+0000] {processor.py:756} INFO - Processing file /home/airflow/.local/lib/python3.7/site-packages/airflow/example_dags/example_dag_decorator.py for tasks to queue
[2023-08-27T11:26:42.564+0000] {logging_mixin.py:120} INFO - [2023-08-27T11:26:42.564+0000] {dagbag.py:537} INFO - Filling up the DagBag from /home/airflow/.local/lib/python3.7/site-packages/airflow/example_dags/example_dag_decorator.py
[2023-08-27T11:26:42.587+0000] {logging_mixin.py:120} INFO - [2023-08-27T11:26:42.587+0000] {taskmixin.py:205} WARNING - Dependency <Task(_PythonDecoratedOperator): prepare_email>, send_email already registered for DAG: example_dag_decorator
[2023-08-27T11:26:42.588+0000] {logging_mixin.py:120} INFO - [2023-08-27T11:26:42.588+0000] {taskmixin.py:205} WARNING - Dependency <Task(EmailOperator): send_email>, prepare_email already registered for DAG: example_dag_decorator
[2023-08-27T11:26:42.602+0000] {processor.py:766} INFO - DAG(s) dict_keys(['example_dag_decorator']) retrieved from /home/airflow/.local/lib/python3.7/site-packages/airflow/example_dags/example_dag_decorator.py
[2023-08-27T11:26:42.667+0000] {logging_mixin.py:120} INFO - [2023-08-27T11:26:42.667+0000] {dag.py:2585} INFO - Sync 1 DAGs
[2023-08-27T11:26:42.681+0000] {logging_mixin.py:120} INFO - [2023-08-27T11:26:42.681+0000] {dag.py:3340} INFO - Setting next_dagrun for example_dag_decorator to None, run_after=None
[2023-08-27T11:26:42.692+0000] {processor.py:176} INFO - Processing /home/airflow/.local/lib/python3.7/site-packages/airflow/example_dags/example_dag_decorator.py took 0.136 seconds
[2023-08-27T11:27:12.938+0000] {processor.py:154} INFO - Started process (PID=29682) to work on /home/airflow/.local/lib/python3.7/site-packages/airflow/example_dags/example_dag_decorator.py
[2023-08-27T11:27:12.940+0000] {processor.py:756} INFO - Processing file /home/airflow/.local/lib/python3.7/site-packages/airflow/example_dags/example_dag_decorator.py for tasks to queue
[2023-08-27T11:27:12.941+0000] {logging_mixin.py:120} INFO - [2023-08-27T11:27:12.941+0000] {dagbag.py:537} INFO - Filling up the DagBag from /home/airflow/.local/lib/python3.7/site-packages/airflow/example_dags/example_dag_decorator.py
[2023-08-27T11:27:12.959+0000] {logging_mixin.py:120} INFO - [2023-08-27T11:27:12.958+0000] {taskmixin.py:205} WARNING - Dependency <Task(_PythonDecoratedOperator): prepare_email>, send_email already registered for DAG: example_dag_decorator
[2023-08-27T11:27:12.959+0000] {logging_mixin.py:120} INFO - [2023-08-27T11:27:12.959+0000] {taskmixin.py:205} WARNING - Dependency <Task(EmailOperator): send_email>, prepare_email already registered for DAG: example_dag_decorator
[2023-08-27T11:27:12.974+0000] {processor.py:766} INFO - DAG(s) dict_keys(['example_dag_decorator']) retrieved from /home/airflow/.local/lib/python3.7/site-packages/airflow/example_dags/example_dag_decorator.py
[2023-08-27T11:27:13.077+0000] {logging_mixin.py:120} INFO - [2023-08-27T11:27:13.077+0000] {dag.py:2585} INFO - Sync 1 DAGs
[2023-08-27T11:27:13.095+0000] {logging_mixin.py:120} INFO - [2023-08-27T11:27:13.095+0000] {dag.py:3340} INFO - Setting next_dagrun for example_dag_decorator to None, run_after=None
[2023-08-27T11:27:13.110+0000] {processor.py:176} INFO - Processing /home/airflow/.local/lib/python3.7/site-packages/airflow/example_dags/example_dag_decorator.py took 0.176 seconds
[2023-08-27T11:27:43.256+0000] {processor.py:154} INFO - Started process (PID=29738) to work on /home/airflow/.local/lib/python3.7/site-packages/airflow/example_dags/example_dag_decorator.py
[2023-08-27T11:27:43.258+0000] {processor.py:756} INFO - Processing file /home/airflow/.local/lib/python3.7/site-packages/airflow/example_dags/example_dag_decorator.py for tasks to queue
[2023-08-27T11:27:43.259+0000] {logging_mixin.py:120} INFO - [2023-08-27T11:27:43.259+0000] {dagbag.py:537} INFO - Filling up the DagBag from /home/airflow/.local/lib/python3.7/site-packages/airflow/example_dags/example_dag_decorator.py
[2023-08-27T11:27:43.283+0000] {logging_mixin.py:120} INFO - [2023-08-27T11:27:43.283+0000] {taskmixin.py:205} WARNING - Dependency <Task(_PythonDecoratedOperator): prepare_email>, send_email already registered for DAG: example_dag_decorator
[2023-08-27T11:27:43.284+0000] {logging_mixin.py:120} INFO - [2023-08-27T11:27:43.284+0000] {taskmixin.py:205} WARNING - Dependency <Task(EmailOperator): send_email>, prepare_email already registered for DAG: example_dag_decorator
[2023-08-27T11:27:43.299+0000] {processor.py:766} INFO - DAG(s) dict_keys(['example_dag_decorator']) retrieved from /home/airflow/.local/lib/python3.7/site-packages/airflow/example_dags/example_dag_decorator.py
[2023-08-27T11:27:43.355+0000] {logging_mixin.py:120} INFO - [2023-08-27T11:27:43.355+0000] {dag.py:2585} INFO - Sync 1 DAGs
[2023-08-27T11:27:43.368+0000] {logging_mixin.py:120} INFO - [2023-08-27T11:27:43.368+0000] {dag.py:3340} INFO - Setting next_dagrun for example_dag_decorator to None, run_after=None
[2023-08-27T11:27:43.379+0000] {processor.py:176} INFO - Processing /home/airflow/.local/lib/python3.7/site-packages/airflow/example_dags/example_dag_decorator.py took 0.130 seconds
[2023-08-27T11:28:13.529+0000] {processor.py:154} INFO - Started process (PID=29803) to work on /home/airflow/.local/lib/python3.7/site-packages/airflow/example_dags/example_dag_decorator.py
[2023-08-27T11:28:13.531+0000] {processor.py:756} INFO - Processing file /home/airflow/.local/lib/python3.7/site-packages/airflow/example_dags/example_dag_decorator.py for tasks to queue
[2023-08-27T11:28:13.532+0000] {logging_mixin.py:120} INFO - [2023-08-27T11:28:13.532+0000] {dagbag.py:537} INFO - Filling up the DagBag from /home/airflow/.local/lib/python3.7/site-packages/airflow/example_dags/example_dag_decorator.py
[2023-08-27T11:28:13.563+0000] {logging_mixin.py:120} INFO - [2023-08-27T11:28:13.563+0000] {taskmixin.py:205} WARNING - Dependency <Task(_PythonDecoratedOperator): prepare_email>, send_email already registered for DAG: example_dag_decorator
[2023-08-27T11:28:13.564+0000] {logging_mixin.py:120} INFO - [2023-08-27T11:28:13.564+0000] {taskmixin.py:205} WARNING - Dependency <Task(EmailOperator): send_email>, prepare_email already registered for DAG: example_dag_decorator
[2023-08-27T11:28:13.592+0000] {processor.py:766} INFO - DAG(s) dict_keys(['example_dag_decorator']) retrieved from /home/airflow/.local/lib/python3.7/site-packages/airflow/example_dags/example_dag_decorator.py
[2023-08-27T11:28:13.673+0000] {logging_mixin.py:120} INFO - [2023-08-27T11:28:13.673+0000] {dag.py:2585} INFO - Sync 1 DAGs
[2023-08-27T11:28:13.688+0000] {logging_mixin.py:120} INFO - [2023-08-27T11:28:13.688+0000] {dag.py:3340} INFO - Setting next_dagrun for example_dag_decorator to None, run_after=None
[2023-08-27T11:28:13.700+0000] {processor.py:176} INFO - Processing /home/airflow/.local/lib/python3.7/site-packages/airflow/example_dags/example_dag_decorator.py took 0.207 seconds
[2023-08-27T11:28:43.787+0000] {processor.py:154} INFO - Started process (PID=29868) to work on /home/airflow/.local/lib/python3.7/site-packages/airflow/example_dags/example_dag_decorator.py
[2023-08-27T11:28:43.789+0000] {processor.py:756} INFO - Processing file /home/airflow/.local/lib/python3.7/site-packages/airflow/example_dags/example_dag_decorator.py for tasks to queue
[2023-08-27T11:28:43.791+0000] {logging_mixin.py:120} INFO - [2023-08-27T11:28:43.791+0000] {dagbag.py:537} INFO - Filling up the DagBag from /home/airflow/.local/lib/python3.7/site-packages/airflow/example_dags/example_dag_decorator.py
[2023-08-27T11:28:43.809+0000] {logging_mixin.py:120} INFO - [2023-08-27T11:28:43.809+0000] {taskmixin.py:205} WARNING - Dependency <Task(_PythonDecoratedOperator): prepare_email>, send_email already registered for DAG: example_dag_decorator
[2023-08-27T11:28:43.810+0000] {logging_mixin.py:120} INFO - [2023-08-27T11:28:43.810+0000] {taskmixin.py:205} WARNING - Dependency <Task(EmailOperator): send_email>, prepare_email already registered for DAG: example_dag_decorator
[2023-08-27T11:28:43.823+0000] {processor.py:766} INFO - DAG(s) dict_keys(['example_dag_decorator']) retrieved from /home/airflow/.local/lib/python3.7/site-packages/airflow/example_dags/example_dag_decorator.py
[2023-08-27T11:28:43.874+0000] {logging_mixin.py:120} INFO - [2023-08-27T11:28:43.874+0000] {dag.py:2585} INFO - Sync 1 DAGs
[2023-08-27T11:28:43.887+0000] {logging_mixin.py:120} INFO - [2023-08-27T11:28:43.887+0000] {dag.py:3340} INFO - Setting next_dagrun for example_dag_decorator to None, run_after=None
[2023-08-27T11:28:43.897+0000] {processor.py:176} INFO - Processing /home/airflow/.local/lib/python3.7/site-packages/airflow/example_dags/example_dag_decorator.py took 0.117 seconds
[2023-08-27T11:29:14.133+0000] {processor.py:154} INFO - Started process (PID=29933) to work on /home/airflow/.local/lib/python3.7/site-packages/airflow/example_dags/example_dag_decorator.py
[2023-08-27T11:29:14.134+0000] {processor.py:756} INFO - Processing file /home/airflow/.local/lib/python3.7/site-packages/airflow/example_dags/example_dag_decorator.py for tasks to queue
[2023-08-27T11:29:14.135+0000] {logging_mixin.py:120} INFO - [2023-08-27T11:29:14.135+0000] {dagbag.py:537} INFO - Filling up the DagBag from /home/airflow/.local/lib/python3.7/site-packages/airflow/example_dags/example_dag_decorator.py
[2023-08-27T11:29:14.152+0000] {logging_mixin.py:120} INFO - [2023-08-27T11:29:14.152+0000] {taskmixin.py:205} WARNING - Dependency <Task(_PythonDecoratedOperator): prepare_email>, send_email already registered for DAG: example_dag_decorator
[2023-08-27T11:29:14.153+0000] {logging_mixin.py:120} INFO - [2023-08-27T11:29:14.153+0000] {taskmixin.py:205} WARNING - Dependency <Task(EmailOperator): send_email>, prepare_email already registered for DAG: example_dag_decorator
[2023-08-27T11:29:14.168+0000] {processor.py:766} INFO - DAG(s) dict_keys(['example_dag_decorator']) retrieved from /home/airflow/.local/lib/python3.7/site-packages/airflow/example_dags/example_dag_decorator.py
[2023-08-27T11:29:14.229+0000] {logging_mixin.py:120} INFO - [2023-08-27T11:29:14.229+0000] {dag.py:2585} INFO - Sync 1 DAGs
[2023-08-27T11:29:14.244+0000] {logging_mixin.py:120} INFO - [2023-08-27T11:29:14.244+0000] {dag.py:3340} INFO - Setting next_dagrun for example_dag_decorator to None, run_after=None
[2023-08-27T11:29:14.259+0000] {processor.py:176} INFO - Processing /home/airflow/.local/lib/python3.7/site-packages/airflow/example_dags/example_dag_decorator.py took 0.130 seconds
[2023-08-27T11:29:44.482+0000] {processor.py:154} INFO - Started process (PID=29999) to work on /home/airflow/.local/lib/python3.7/site-packages/airflow/example_dags/example_dag_decorator.py
[2023-08-27T11:29:44.483+0000] {processor.py:756} INFO - Processing file /home/airflow/.local/lib/python3.7/site-packages/airflow/example_dags/example_dag_decorator.py for tasks to queue
[2023-08-27T11:29:44.484+0000] {logging_mixin.py:120} INFO - [2023-08-27T11:29:44.484+0000] {dagbag.py:537} INFO - Filling up the DagBag from /home/airflow/.local/lib/python3.7/site-packages/airflow/example_dags/example_dag_decorator.py
[2023-08-27T11:29:44.497+0000] {logging_mixin.py:120} INFO - [2023-08-27T11:29:44.497+0000] {taskmixin.py:205} WARNING - Dependency <Task(_PythonDecoratedOperator): prepare_email>, send_email already registered for DAG: example_dag_decorator
[2023-08-27T11:29:44.498+0000] {logging_mixin.py:120} INFO - [2023-08-27T11:29:44.498+0000] {taskmixin.py:205} WARNING - Dependency <Task(EmailOperator): send_email>, prepare_email already registered for DAG: example_dag_decorator
[2023-08-27T11:29:44.509+0000] {processor.py:766} INFO - DAG(s) dict_keys(['example_dag_decorator']) retrieved from /home/airflow/.local/lib/python3.7/site-packages/airflow/example_dags/example_dag_decorator.py
[2023-08-27T11:29:44.569+0000] {logging_mixin.py:120} INFO - [2023-08-27T11:29:44.569+0000] {dag.py:2585} INFO - Sync 1 DAGs
[2023-08-27T11:29:44.587+0000] {logging_mixin.py:120} INFO - [2023-08-27T11:29:44.587+0000] {dag.py:3340} INFO - Setting next_dagrun for example_dag_decorator to None, run_after=None
[2023-08-27T11:29:44.599+0000] {processor.py:176} INFO - Processing /home/airflow/.local/lib/python3.7/site-packages/airflow/example_dags/example_dag_decorator.py took 0.119 seconds
[2023-08-27T11:30:14.651+0000] {processor.py:154} INFO - Started process (PID=30055) to work on /home/airflow/.local/lib/python3.7/site-packages/airflow/example_dags/example_dag_decorator.py
[2023-08-27T11:30:14.652+0000] {processor.py:756} INFO - Processing file /home/airflow/.local/lib/python3.7/site-packages/airflow/example_dags/example_dag_decorator.py for tasks to queue
[2023-08-27T11:30:14.653+0000] {logging_mixin.py:120} INFO - [2023-08-27T11:30:14.653+0000] {dagbag.py:537} INFO - Filling up the DagBag from /home/airflow/.local/lib/python3.7/site-packages/airflow/example_dags/example_dag_decorator.py
[2023-08-27T11:30:14.665+0000] {logging_mixin.py:120} INFO - [2023-08-27T11:30:14.665+0000] {taskmixin.py:205} WARNING - Dependency <Task(_PythonDecoratedOperator): prepare_email>, send_email already registered for DAG: example_dag_decorator
[2023-08-27T11:30:14.666+0000] {logging_mixin.py:120} INFO - [2023-08-27T11:30:14.665+0000] {taskmixin.py:205} WARNING - Dependency <Task(EmailOperator): send_email>, prepare_email already registered for DAG: example_dag_decorator
[2023-08-27T11:30:14.676+0000] {processor.py:766} INFO - DAG(s) dict_keys(['example_dag_decorator']) retrieved from /home/airflow/.local/lib/python3.7/site-packages/airflow/example_dags/example_dag_decorator.py
[2023-08-27T11:30:14.730+0000] {logging_mixin.py:120} INFO - [2023-08-27T11:30:14.730+0000] {dag.py:2585} INFO - Sync 1 DAGs
[2023-08-27T11:30:14.749+0000] {logging_mixin.py:120} INFO - [2023-08-27T11:30:14.749+0000] {dag.py:3340} INFO - Setting next_dagrun for example_dag_decorator to None, run_after=None
[2023-08-27T11:30:14.763+0000] {processor.py:176} INFO - Processing /home/airflow/.local/lib/python3.7/site-packages/airflow/example_dags/example_dag_decorator.py took 0.116 seconds
