[2023-08-27T11:24:27.447+0000] {processor.py:154} INFO - Started process (PID=29335) to work on /home/airflow/.local/lib/python3.7/site-packages/airflow/example_dags/example_short_circuit_operator.py
[2023-08-27T11:24:27.447+0000] {processor.py:756} INFO - Processing file /home/airflow/.local/lib/python3.7/site-packages/airflow/example_dags/example_short_circuit_operator.py for tasks to queue
[2023-08-27T11:24:27.448+0000] {logging_mixin.py:120} INFO - [2023-08-27T11:24:27.448+0000] {dagbag.py:537} INFO - Filling up the DagBag from /home/airflow/.local/lib/python3.7/site-packages/airflow/example_dags/example_short_circuit_operator.py
[2023-08-27T11:24:27.459+0000] {processor.py:766} INFO - DAG(s) dict_keys(['example_short_circuit_operator']) retrieved from /home/airflow/.local/lib/python3.7/site-packages/airflow/example_dags/example_short_circuit_operator.py
[2023-08-27T11:24:27.487+0000] {logging_mixin.py:120} INFO - [2023-08-27T11:24:27.486+0000] {dag.py:2585} INFO - Sync 1 DAGs
[2023-08-27T11:24:27.499+0000] {logging_mixin.py:120} INFO - [2023-08-27T11:24:27.499+0000] {dag.py:3340} INFO - Setting next_dagrun for example_short_circuit_operator to 2023-08-26T11:24:27.499264+00:00, run_after=2023-08-27T11:24:27.499264+00:00
[2023-08-27T11:24:27.508+0000] {processor.py:176} INFO - Processing /home/airflow/.local/lib/python3.7/site-packages/airflow/example_dags/example_short_circuit_operator.py took 0.064 seconds
[2023-08-27T11:24:57.760+0000] {processor.py:154} INFO - Started process (PID=29400) to work on /home/airflow/.local/lib/python3.7/site-packages/airflow/example_dags/example_short_circuit_operator.py
[2023-08-27T11:24:57.761+0000] {processor.py:756} INFO - Processing file /home/airflow/.local/lib/python3.7/site-packages/airflow/example_dags/example_short_circuit_operator.py for tasks to queue
[2023-08-27T11:24:57.761+0000] {logging_mixin.py:120} INFO - [2023-08-27T11:24:57.761+0000] {dagbag.py:537} INFO - Filling up the DagBag from /home/airflow/.local/lib/python3.7/site-packages/airflow/example_dags/example_short_circuit_operator.py
[2023-08-27T11:24:57.773+0000] {processor.py:766} INFO - DAG(s) dict_keys(['example_short_circuit_operator']) retrieved from /home/airflow/.local/lib/python3.7/site-packages/airflow/example_dags/example_short_circuit_operator.py
[2023-08-27T11:24:57.801+0000] {logging_mixin.py:120} INFO - [2023-08-27T11:24:57.800+0000] {dag.py:2585} INFO - Sync 1 DAGs
[2023-08-27T11:24:57.815+0000] {logging_mixin.py:120} INFO - [2023-08-27T11:24:57.815+0000] {dag.py:3340} INFO - Setting next_dagrun for example_short_circuit_operator to 2023-08-26T11:24:57.815257+00:00, run_after=2023-08-27T11:24:57.815257+00:00
[2023-08-27T11:24:57.828+0000] {processor.py:176} INFO - Processing /home/airflow/.local/lib/python3.7/site-packages/airflow/example_dags/example_short_circuit_operator.py took 0.070 seconds
[2023-08-27T11:25:27.964+0000] {processor.py:154} INFO - Started process (PID=29465) to work on /home/airflow/.local/lib/python3.7/site-packages/airflow/example_dags/example_short_circuit_operator.py
[2023-08-27T11:25:27.965+0000] {processor.py:756} INFO - Processing file /home/airflow/.local/lib/python3.7/site-packages/airflow/example_dags/example_short_circuit_operator.py for tasks to queue
[2023-08-27T11:25:27.965+0000] {logging_mixin.py:120} INFO - [2023-08-27T11:25:27.965+0000] {dagbag.py:537} INFO - Filling up the DagBag from /home/airflow/.local/lib/python3.7/site-packages/airflow/example_dags/example_short_circuit_operator.py
[2023-08-27T11:25:27.977+0000] {processor.py:766} INFO - DAG(s) dict_keys(['example_short_circuit_operator']) retrieved from /home/airflow/.local/lib/python3.7/site-packages/airflow/example_dags/example_short_circuit_operator.py
[2023-08-27T11:25:28.011+0000] {logging_mixin.py:120} INFO - [2023-08-27T11:25:28.011+0000] {dag.py:2585} INFO - Sync 1 DAGs
[2023-08-27T11:25:28.026+0000] {logging_mixin.py:120} INFO - [2023-08-27T11:25:28.026+0000] {dag.py:3340} INFO - Setting next_dagrun for example_short_circuit_operator to 2023-08-26T11:25:28.026470+00:00, run_after=2023-08-27T11:25:28.026470+00:00
[2023-08-27T11:25:28.036+0000] {processor.py:176} INFO - Processing /home/airflow/.local/lib/python3.7/site-packages/airflow/example_dags/example_short_circuit_operator.py took 0.075 seconds
[2023-08-27T11:25:58.396+0000] {processor.py:154} INFO - Started process (PID=29530) to work on /home/airflow/.local/lib/python3.7/site-packages/airflow/example_dags/example_short_circuit_operator.py
[2023-08-27T11:25:58.397+0000] {processor.py:756} INFO - Processing file /home/airflow/.local/lib/python3.7/site-packages/airflow/example_dags/example_short_circuit_operator.py for tasks to queue
[2023-08-27T11:25:58.397+0000] {logging_mixin.py:120} INFO - [2023-08-27T11:25:58.397+0000] {dagbag.py:537} INFO - Filling up the DagBag from /home/airflow/.local/lib/python3.7/site-packages/airflow/example_dags/example_short_circuit_operator.py
[2023-08-27T11:25:58.409+0000] {processor.py:766} INFO - DAG(s) dict_keys(['example_short_circuit_operator']) retrieved from /home/airflow/.local/lib/python3.7/site-packages/airflow/example_dags/example_short_circuit_operator.py
[2023-08-27T11:25:58.435+0000] {logging_mixin.py:120} INFO - [2023-08-27T11:25:58.435+0000] {dag.py:2585} INFO - Sync 1 DAGs
[2023-08-27T11:25:58.448+0000] {logging_mixin.py:120} INFO - [2023-08-27T11:25:58.448+0000] {dag.py:3340} INFO - Setting next_dagrun for example_short_circuit_operator to 2023-08-26T11:25:58.447875+00:00, run_after=2023-08-27T11:25:58.447875+00:00
[2023-08-27T11:25:58.457+0000] {processor.py:176} INFO - Processing /home/airflow/.local/lib/python3.7/site-packages/airflow/example_dags/example_short_circuit_operator.py took 0.064 seconds
[2023-08-27T11:26:28.677+0000] {processor.py:154} INFO - Started process (PID=29585) to work on /home/airflow/.local/lib/python3.7/site-packages/airflow/example_dags/example_short_circuit_operator.py
[2023-08-27T11:26:28.678+0000] {processor.py:756} INFO - Processing file /home/airflow/.local/lib/python3.7/site-packages/airflow/example_dags/example_short_circuit_operator.py for tasks to queue
[2023-08-27T11:26:28.679+0000] {logging_mixin.py:120} INFO - [2023-08-27T11:26:28.679+0000] {dagbag.py:537} INFO - Filling up the DagBag from /home/airflow/.local/lib/python3.7/site-packages/airflow/example_dags/example_short_circuit_operator.py
[2023-08-27T11:26:28.692+0000] {processor.py:766} INFO - DAG(s) dict_keys(['example_short_circuit_operator']) retrieved from /home/airflow/.local/lib/python3.7/site-packages/airflow/example_dags/example_short_circuit_operator.py
[2023-08-27T11:26:28.725+0000] {logging_mixin.py:120} INFO - [2023-08-27T11:26:28.725+0000] {dag.py:2585} INFO - Sync 1 DAGs
[2023-08-27T11:26:28.741+0000] {logging_mixin.py:120} INFO - [2023-08-27T11:26:28.741+0000] {dag.py:3340} INFO - Setting next_dagrun for example_short_circuit_operator to 2023-08-26T11:26:28.741618+00:00, run_after=2023-08-27T11:26:28.741618+00:00
[2023-08-27T11:26:28.755+0000] {processor.py:176} INFO - Processing /home/airflow/.local/lib/python3.7/site-packages/airflow/example_dags/example_short_circuit_operator.py took 0.080 seconds
[2023-08-27T11:26:59.072+0000] {processor.py:154} INFO - Started process (PID=29651) to work on /home/airflow/.local/lib/python3.7/site-packages/airflow/example_dags/example_short_circuit_operator.py
[2023-08-27T11:26:59.073+0000] {processor.py:756} INFO - Processing file /home/airflow/.local/lib/python3.7/site-packages/airflow/example_dags/example_short_circuit_operator.py for tasks to queue
[2023-08-27T11:26:59.073+0000] {logging_mixin.py:120} INFO - [2023-08-27T11:26:59.073+0000] {dagbag.py:537} INFO - Filling up the DagBag from /home/airflow/.local/lib/python3.7/site-packages/airflow/example_dags/example_short_circuit_operator.py
[2023-08-27T11:26:59.084+0000] {processor.py:766} INFO - DAG(s) dict_keys(['example_short_circuit_operator']) retrieved from /home/airflow/.local/lib/python3.7/site-packages/airflow/example_dags/example_short_circuit_operator.py
[2023-08-27T11:26:59.110+0000] {logging_mixin.py:120} INFO - [2023-08-27T11:26:59.110+0000] {dag.py:2585} INFO - Sync 1 DAGs
[2023-08-27T11:26:59.123+0000] {logging_mixin.py:120} INFO - [2023-08-27T11:26:59.123+0000] {dag.py:3340} INFO - Setting next_dagrun for example_short_circuit_operator to 2023-08-26T11:26:59.123354+00:00, run_after=2023-08-27T11:26:59.123354+00:00
[2023-08-27T11:26:59.134+0000] {processor.py:176} INFO - Processing /home/airflow/.local/lib/python3.7/site-packages/airflow/example_dags/example_short_circuit_operator.py took 0.064 seconds
[2023-08-27T11:27:29.563+0000] {processor.py:154} INFO - Started process (PID=29716) to work on /home/airflow/.local/lib/python3.7/site-packages/airflow/example_dags/example_short_circuit_operator.py
[2023-08-27T11:27:29.564+0000] {processor.py:756} INFO - Processing file /home/airflow/.local/lib/python3.7/site-packages/airflow/example_dags/example_short_circuit_operator.py for tasks to queue
[2023-08-27T11:27:29.564+0000] {logging_mixin.py:120} INFO - [2023-08-27T11:27:29.564+0000] {dagbag.py:537} INFO - Filling up the DagBag from /home/airflow/.local/lib/python3.7/site-packages/airflow/example_dags/example_short_circuit_operator.py
[2023-08-27T11:27:29.575+0000] {processor.py:766} INFO - DAG(s) dict_keys(['example_short_circuit_operator']) retrieved from /home/airflow/.local/lib/python3.7/site-packages/airflow/example_dags/example_short_circuit_operator.py
[2023-08-27T11:27:29.602+0000] {logging_mixin.py:120} INFO - [2023-08-27T11:27:29.602+0000] {dag.py:2585} INFO - Sync 1 DAGs
[2023-08-27T11:27:29.616+0000] {logging_mixin.py:120} INFO - [2023-08-27T11:27:29.616+0000] {dag.py:3340} INFO - Setting next_dagrun for example_short_circuit_operator to 2023-08-26T11:27:29.616074+00:00, run_after=2023-08-27T11:27:29.616074+00:00
[2023-08-27T11:27:29.625+0000] {processor.py:176} INFO - Processing /home/airflow/.local/lib/python3.7/site-packages/airflow/example_dags/example_short_circuit_operator.py took 0.064 seconds
[2023-08-27T11:28:00.691+0000] {processor.py:154} INFO - Started process (PID=29781) to work on /home/airflow/.local/lib/python3.7/site-packages/airflow/example_dags/example_short_circuit_operator.py
[2023-08-27T11:28:00.692+0000] {processor.py:756} INFO - Processing file /home/airflow/.local/lib/python3.7/site-packages/airflow/example_dags/example_short_circuit_operator.py for tasks to queue
[2023-08-27T11:28:00.693+0000] {logging_mixin.py:120} INFO - [2023-08-27T11:28:00.693+0000] {dagbag.py:537} INFO - Filling up the DagBag from /home/airflow/.local/lib/python3.7/site-packages/airflow/example_dags/example_short_circuit_operator.py
[2023-08-27T11:28:00.704+0000] {processor.py:766} INFO - DAG(s) dict_keys(['example_short_circuit_operator']) retrieved from /home/airflow/.local/lib/python3.7/site-packages/airflow/example_dags/example_short_circuit_operator.py
[2023-08-27T11:28:00.731+0000] {logging_mixin.py:120} INFO - [2023-08-27T11:28:00.731+0000] {dag.py:2585} INFO - Sync 1 DAGs
[2023-08-27T11:28:00.743+0000] {logging_mixin.py:120} INFO - [2023-08-27T11:28:00.743+0000] {dag.py:3340} INFO - Setting next_dagrun for example_short_circuit_operator to 2023-08-26T11:28:00.743364+00:00, run_after=2023-08-27T11:28:00.743364+00:00
[2023-08-27T11:28:00.752+0000] {processor.py:176} INFO - Processing /home/airflow/.local/lib/python3.7/site-packages/airflow/example_dags/example_short_circuit_operator.py took 0.063 seconds
[2023-08-27T11:28:31.041+0000] {processor.py:154} INFO - Started process (PID=29846) to work on /home/airflow/.local/lib/python3.7/site-packages/airflow/example_dags/example_short_circuit_operator.py
[2023-08-27T11:28:31.042+0000] {processor.py:756} INFO - Processing file /home/airflow/.local/lib/python3.7/site-packages/airflow/example_dags/example_short_circuit_operator.py for tasks to queue
[2023-08-27T11:28:31.042+0000] {logging_mixin.py:120} INFO - [2023-08-27T11:28:31.042+0000] {dagbag.py:537} INFO - Filling up the DagBag from /home/airflow/.local/lib/python3.7/site-packages/airflow/example_dags/example_short_circuit_operator.py
[2023-08-27T11:28:31.054+0000] {processor.py:766} INFO - DAG(s) dict_keys(['example_short_circuit_operator']) retrieved from /home/airflow/.local/lib/python3.7/site-packages/airflow/example_dags/example_short_circuit_operator.py
[2023-08-27T11:28:31.082+0000] {logging_mixin.py:120} INFO - [2023-08-27T11:28:31.082+0000] {dag.py:2585} INFO - Sync 1 DAGs
[2023-08-27T11:28:31.094+0000] {logging_mixin.py:120} INFO - [2023-08-27T11:28:31.094+0000] {dag.py:3340} INFO - Setting next_dagrun for example_short_circuit_operator to 2023-08-26T11:28:31.094318+00:00, run_after=2023-08-27T11:28:31.094318+00:00
[2023-08-27T11:28:31.104+0000] {processor.py:176} INFO - Processing /home/airflow/.local/lib/python3.7/site-packages/airflow/example_dags/example_short_circuit_operator.py took 0.065 seconds
[2023-08-27T11:29:01.237+0000] {processor.py:154} INFO - Started process (PID=29911) to work on /home/airflow/.local/lib/python3.7/site-packages/airflow/example_dags/example_short_circuit_operator.py
[2023-08-27T11:29:01.238+0000] {processor.py:756} INFO - Processing file /home/airflow/.local/lib/python3.7/site-packages/airflow/example_dags/example_short_circuit_operator.py for tasks to queue
[2023-08-27T11:29:01.238+0000] {logging_mixin.py:120} INFO - [2023-08-27T11:29:01.238+0000] {dagbag.py:537} INFO - Filling up the DagBag from /home/airflow/.local/lib/python3.7/site-packages/airflow/example_dags/example_short_circuit_operator.py
[2023-08-27T11:29:01.250+0000] {processor.py:766} INFO - DAG(s) dict_keys(['example_short_circuit_operator']) retrieved from /home/airflow/.local/lib/python3.7/site-packages/airflow/example_dags/example_short_circuit_operator.py
[2023-08-27T11:29:01.281+0000] {logging_mixin.py:120} INFO - [2023-08-27T11:29:01.281+0000] {dag.py:2585} INFO - Sync 1 DAGs
[2023-08-27T11:29:01.296+0000] {logging_mixin.py:120} INFO - [2023-08-27T11:29:01.296+0000] {dag.py:3340} INFO - Setting next_dagrun for example_short_circuit_operator to 2023-08-26T11:29:01.296530+00:00, run_after=2023-08-27T11:29:01.296530+00:00
[2023-08-27T11:29:01.308+0000] {processor.py:176} INFO - Processing /home/airflow/.local/lib/python3.7/site-packages/airflow/example_dags/example_short_circuit_operator.py took 0.074 seconds
[2023-08-27T11:29:31.574+0000] {processor.py:154} INFO - Started process (PID=29968) to work on /home/airflow/.local/lib/python3.7/site-packages/airflow/example_dags/example_short_circuit_operator.py
[2023-08-27T11:29:31.575+0000] {processor.py:756} INFO - Processing file /home/airflow/.local/lib/python3.7/site-packages/airflow/example_dags/example_short_circuit_operator.py for tasks to queue
[2023-08-27T11:29:31.576+0000] {logging_mixin.py:120} INFO - [2023-08-27T11:29:31.576+0000] {dagbag.py:537} INFO - Filling up the DagBag from /home/airflow/.local/lib/python3.7/site-packages/airflow/example_dags/example_short_circuit_operator.py
[2023-08-27T11:29:31.587+0000] {processor.py:766} INFO - DAG(s) dict_keys(['example_short_circuit_operator']) retrieved from /home/airflow/.local/lib/python3.7/site-packages/airflow/example_dags/example_short_circuit_operator.py
[2023-08-27T11:29:31.613+0000] {logging_mixin.py:120} INFO - [2023-08-27T11:29:31.613+0000] {dag.py:2585} INFO - Sync 1 DAGs
[2023-08-27T11:29:31.626+0000] {logging_mixin.py:120} INFO - [2023-08-27T11:29:31.626+0000] {dag.py:3340} INFO - Setting next_dagrun for example_short_circuit_operator to 2023-08-26T11:29:31.626265+00:00, run_after=2023-08-27T11:29:31.626265+00:00
[2023-08-27T11:29:31.635+0000] {processor.py:176} INFO - Processing /home/airflow/.local/lib/python3.7/site-packages/airflow/example_dags/example_short_circuit_operator.py took 0.063 seconds
[2023-08-27T11:30:01.968+0000] {processor.py:154} INFO - Started process (PID=30033) to work on /home/airflow/.local/lib/python3.7/site-packages/airflow/example_dags/example_short_circuit_operator.py
[2023-08-27T11:30:01.969+0000] {processor.py:756} INFO - Processing file /home/airflow/.local/lib/python3.7/site-packages/airflow/example_dags/example_short_circuit_operator.py for tasks to queue
[2023-08-27T11:30:01.969+0000] {logging_mixin.py:120} INFO - [2023-08-27T11:30:01.969+0000] {dagbag.py:537} INFO - Filling up the DagBag from /home/airflow/.local/lib/python3.7/site-packages/airflow/example_dags/example_short_circuit_operator.py
[2023-08-27T11:30:01.980+0000] {processor.py:766} INFO - DAG(s) dict_keys(['example_short_circuit_operator']) retrieved from /home/airflow/.local/lib/python3.7/site-packages/airflow/example_dags/example_short_circuit_operator.py
[2023-08-27T11:30:02.007+0000] {logging_mixin.py:120} INFO - [2023-08-27T11:30:02.007+0000] {dag.py:2585} INFO - Sync 1 DAGs
[2023-08-27T11:30:02.019+0000] {logging_mixin.py:120} INFO - [2023-08-27T11:30:02.019+0000] {dag.py:3340} INFO - Setting next_dagrun for example_short_circuit_operator to 2023-08-26T11:30:02.019415+00:00, run_after=2023-08-27T11:30:02.019415+00:00
[2023-08-27T11:30:02.029+0000] {processor.py:176} INFO - Processing /home/airflow/.local/lib/python3.7/site-packages/airflow/example_dags/example_short_circuit_operator.py took 0.063 seconds
