[2023-08-27T11:24:21.028+0000] {processor.py:154} INFO - Started process (PID=29328) to work on /home/airflow/.local/lib/python3.7/site-packages/airflow/example_dags/example_task_group_decorator.py
[2023-08-27T11:24:21.029+0000] {processor.py:756} INFO - Processing file /home/airflow/.local/lib/python3.7/site-packages/airflow/example_dags/example_task_group_decorator.py for tasks to queue
[2023-08-27T11:24:21.029+0000] {logging_mixin.py:120} INFO - [2023-08-27T11:24:21.029+0000] {dagbag.py:537} INFO - Filling up the DagBag from /home/airflow/.local/lib/python3.7/site-packages/airflow/example_dags/example_task_group_decorator.py
[2023-08-27T11:24:21.047+0000] {processor.py:766} INFO - DAG(s) dict_keys(['example_task_group_decorator']) retrieved from /home/airflow/.local/lib/python3.7/site-packages/airflow/example_dags/example_task_group_decorator.py
[2023-08-27T11:24:21.074+0000] {logging_mixin.py:120} INFO - [2023-08-27T11:24:21.074+0000] {dag.py:2585} INFO - Sync 1 DAGs
[2023-08-27T11:24:21.088+0000] {logging_mixin.py:120} INFO - [2023-08-27T11:24:21.087+0000] {dag.py:3340} INFO - Setting next_dagrun for example_task_group_decorator to 2023-08-26T11:24:21.087820+00:00, run_after=2023-08-27T11:24:21.087820+00:00
[2023-08-27T11:24:21.098+0000] {processor.py:176} INFO - Processing /home/airflow/.local/lib/python3.7/site-packages/airflow/example_dags/example_task_group_decorator.py took 0.072 seconds
[2023-08-27T11:24:51.374+0000] {processor.py:154} INFO - Started process (PID=29391) to work on /home/airflow/.local/lib/python3.7/site-packages/airflow/example_dags/example_task_group_decorator.py
[2023-08-27T11:24:51.375+0000] {processor.py:756} INFO - Processing file /home/airflow/.local/lib/python3.7/site-packages/airflow/example_dags/example_task_group_decorator.py for tasks to queue
[2023-08-27T11:24:51.376+0000] {logging_mixin.py:120} INFO - [2023-08-27T11:24:51.376+0000] {dagbag.py:537} INFO - Filling up the DagBag from /home/airflow/.local/lib/python3.7/site-packages/airflow/example_dags/example_task_group_decorator.py
[2023-08-27T11:24:51.398+0000] {processor.py:766} INFO - DAG(s) dict_keys(['example_task_group_decorator']) retrieved from /home/airflow/.local/lib/python3.7/site-packages/airflow/example_dags/example_task_group_decorator.py
[2023-08-27T11:24:51.429+0000] {logging_mixin.py:120} INFO - [2023-08-27T11:24:51.429+0000] {dag.py:2585} INFO - Sync 1 DAGs
[2023-08-27T11:24:51.446+0000] {logging_mixin.py:120} INFO - [2023-08-27T11:24:51.446+0000] {dag.py:3340} INFO - Setting next_dagrun for example_task_group_decorator to 2023-08-26T11:24:51.446121+00:00, run_after=2023-08-27T11:24:51.446121+00:00
[2023-08-27T11:24:51.461+0000] {processor.py:176} INFO - Processing /home/airflow/.local/lib/python3.7/site-packages/airflow/example_dags/example_task_group_decorator.py took 0.089 seconds
[2023-08-27T11:25:21.553+0000] {processor.py:154} INFO - Started process (PID=29449) to work on /home/airflow/.local/lib/python3.7/site-packages/airflow/example_dags/example_task_group_decorator.py
[2023-08-27T11:25:21.553+0000] {processor.py:756} INFO - Processing file /home/airflow/.local/lib/python3.7/site-packages/airflow/example_dags/example_task_group_decorator.py for tasks to queue
[2023-08-27T11:25:21.554+0000] {logging_mixin.py:120} INFO - [2023-08-27T11:25:21.554+0000] {dagbag.py:537} INFO - Filling up the DagBag from /home/airflow/.local/lib/python3.7/site-packages/airflow/example_dags/example_task_group_decorator.py
[2023-08-27T11:25:21.571+0000] {processor.py:766} INFO - DAG(s) dict_keys(['example_task_group_decorator']) retrieved from /home/airflow/.local/lib/python3.7/site-packages/airflow/example_dags/example_task_group_decorator.py
[2023-08-27T11:25:21.599+0000] {logging_mixin.py:120} INFO - [2023-08-27T11:25:21.599+0000] {dag.py:2585} INFO - Sync 1 DAGs
[2023-08-27T11:25:21.613+0000] {logging_mixin.py:120} INFO - [2023-08-27T11:25:21.613+0000] {dag.py:3340} INFO - Setting next_dagrun for example_task_group_decorator to 2023-08-26T11:25:21.613564+00:00, run_after=2023-08-27T11:25:21.613564+00:00
[2023-08-27T11:25:21.624+0000] {processor.py:176} INFO - Processing /home/airflow/.local/lib/python3.7/site-packages/airflow/example_dags/example_task_group_decorator.py took 0.073 seconds
[2023-08-27T11:25:51.923+0000] {processor.py:154} INFO - Started process (PID=29514) to work on /home/airflow/.local/lib/python3.7/site-packages/airflow/example_dags/example_task_group_decorator.py
[2023-08-27T11:25:51.924+0000] {processor.py:756} INFO - Processing file /home/airflow/.local/lib/python3.7/site-packages/airflow/example_dags/example_task_group_decorator.py for tasks to queue
[2023-08-27T11:25:51.925+0000] {logging_mixin.py:120} INFO - [2023-08-27T11:25:51.925+0000] {dagbag.py:537} INFO - Filling up the DagBag from /home/airflow/.local/lib/python3.7/site-packages/airflow/example_dags/example_task_group_decorator.py
[2023-08-27T11:25:51.942+0000] {processor.py:766} INFO - DAG(s) dict_keys(['example_task_group_decorator']) retrieved from /home/airflow/.local/lib/python3.7/site-packages/airflow/example_dags/example_task_group_decorator.py
[2023-08-27T11:25:51.978+0000] {logging_mixin.py:120} INFO - [2023-08-27T11:25:51.978+0000] {dag.py:2585} INFO - Sync 1 DAGs
[2023-08-27T11:25:51.993+0000] {logging_mixin.py:120} INFO - [2023-08-27T11:25:51.993+0000] {dag.py:3340} INFO - Setting next_dagrun for example_task_group_decorator to 2023-08-26T11:25:51.993704+00:00, run_after=2023-08-27T11:25:51.993704+00:00
[2023-08-27T11:25:52.007+0000] {processor.py:176} INFO - Processing /home/airflow/.local/lib/python3.7/site-packages/airflow/example_dags/example_task_group_decorator.py took 0.086 seconds
[2023-08-27T11:26:22.286+0000] {processor.py:154} INFO - Started process (PID=29578) to work on /home/airflow/.local/lib/python3.7/site-packages/airflow/example_dags/example_task_group_decorator.py
[2023-08-27T11:26:22.287+0000] {processor.py:756} INFO - Processing file /home/airflow/.local/lib/python3.7/site-packages/airflow/example_dags/example_task_group_decorator.py for tasks to queue
[2023-08-27T11:26:22.287+0000] {logging_mixin.py:120} INFO - [2023-08-27T11:26:22.287+0000] {dagbag.py:537} INFO - Filling up the DagBag from /home/airflow/.local/lib/python3.7/site-packages/airflow/example_dags/example_task_group_decorator.py
[2023-08-27T11:26:22.307+0000] {processor.py:766} INFO - DAG(s) dict_keys(['example_task_group_decorator']) retrieved from /home/airflow/.local/lib/python3.7/site-packages/airflow/example_dags/example_task_group_decorator.py
[2023-08-27T11:26:22.339+0000] {logging_mixin.py:120} INFO - [2023-08-27T11:26:22.339+0000] {dag.py:2585} INFO - Sync 1 DAGs
[2023-08-27T11:26:22.355+0000] {logging_mixin.py:120} INFO - [2023-08-27T11:26:22.355+0000] {dag.py:3340} INFO - Setting next_dagrun for example_task_group_decorator to 2023-08-26T11:26:22.355461+00:00, run_after=2023-08-27T11:26:22.355461+00:00
[2023-08-27T11:26:22.369+0000] {processor.py:176} INFO - Processing /home/airflow/.local/lib/python3.7/site-packages/airflow/example_dags/example_task_group_decorator.py took 0.086 seconds
[2023-08-27T11:26:52.696+0000] {processor.py:154} INFO - Started process (PID=29644) to work on /home/airflow/.local/lib/python3.7/site-packages/airflow/example_dags/example_task_group_decorator.py
[2023-08-27T11:26:52.697+0000] {processor.py:756} INFO - Processing file /home/airflow/.local/lib/python3.7/site-packages/airflow/example_dags/example_task_group_decorator.py for tasks to queue
[2023-08-27T11:26:52.697+0000] {logging_mixin.py:120} INFO - [2023-08-27T11:26:52.697+0000] {dagbag.py:537} INFO - Filling up the DagBag from /home/airflow/.local/lib/python3.7/site-packages/airflow/example_dags/example_task_group_decorator.py
[2023-08-27T11:26:52.716+0000] {processor.py:766} INFO - DAG(s) dict_keys(['example_task_group_decorator']) retrieved from /home/airflow/.local/lib/python3.7/site-packages/airflow/example_dags/example_task_group_decorator.py
[2023-08-27T11:26:52.744+0000] {logging_mixin.py:120} INFO - [2023-08-27T11:26:52.744+0000] {dag.py:2585} INFO - Sync 1 DAGs
[2023-08-27T11:26:52.759+0000] {logging_mixin.py:120} INFO - [2023-08-27T11:26:52.759+0000] {dag.py:3340} INFO - Setting next_dagrun for example_task_group_decorator to 2023-08-26T11:26:52.759157+00:00, run_after=2023-08-27T11:26:52.759157+00:00
[2023-08-27T11:26:52.771+0000] {processor.py:176} INFO - Processing /home/airflow/.local/lib/python3.7/site-packages/airflow/example_dags/example_task_group_decorator.py took 0.077 seconds
[2023-08-27T11:27:23.113+0000] {processor.py:154} INFO - Started process (PID=29700) to work on /home/airflow/.local/lib/python3.7/site-packages/airflow/example_dags/example_task_group_decorator.py
[2023-08-27T11:27:23.114+0000] {processor.py:756} INFO - Processing file /home/airflow/.local/lib/python3.7/site-packages/airflow/example_dags/example_task_group_decorator.py for tasks to queue
[2023-08-27T11:27:23.114+0000] {logging_mixin.py:120} INFO - [2023-08-27T11:27:23.114+0000] {dagbag.py:537} INFO - Filling up the DagBag from /home/airflow/.local/lib/python3.7/site-packages/airflow/example_dags/example_task_group_decorator.py
[2023-08-27T11:27:23.131+0000] {processor.py:766} INFO - DAG(s) dict_keys(['example_task_group_decorator']) retrieved from /home/airflow/.local/lib/python3.7/site-packages/airflow/example_dags/example_task_group_decorator.py
[2023-08-27T11:27:23.157+0000] {logging_mixin.py:120} INFO - [2023-08-27T11:27:23.157+0000] {dag.py:2585} INFO - Sync 1 DAGs
[2023-08-27T11:27:23.170+0000] {logging_mixin.py:120} INFO - [2023-08-27T11:27:23.170+0000] {dag.py:3340} INFO - Setting next_dagrun for example_task_group_decorator to 2023-08-26T11:27:23.170570+00:00, run_after=2023-08-27T11:27:23.170570+00:00
[2023-08-27T11:27:23.181+0000] {processor.py:176} INFO - Processing /home/airflow/.local/lib/python3.7/site-packages/airflow/example_dags/example_task_group_decorator.py took 0.070 seconds
[2023-08-27T11:27:53.229+0000] {processor.py:154} INFO - Started process (PID=29765) to work on /home/airflow/.local/lib/python3.7/site-packages/airflow/example_dags/example_task_group_decorator.py
[2023-08-27T11:27:53.229+0000] {processor.py:756} INFO - Processing file /home/airflow/.local/lib/python3.7/site-packages/airflow/example_dags/example_task_group_decorator.py for tasks to queue
[2023-08-27T11:27:53.230+0000] {logging_mixin.py:120} INFO - [2023-08-27T11:27:53.230+0000] {dagbag.py:537} INFO - Filling up the DagBag from /home/airflow/.local/lib/python3.7/site-packages/airflow/example_dags/example_task_group_decorator.py
[2023-08-27T11:27:53.246+0000] {processor.py:766} INFO - DAG(s) dict_keys(['example_task_group_decorator']) retrieved from /home/airflow/.local/lib/python3.7/site-packages/airflow/example_dags/example_task_group_decorator.py
[2023-08-27T11:27:53.273+0000] {logging_mixin.py:120} INFO - [2023-08-27T11:27:53.273+0000] {dag.py:2585} INFO - Sync 1 DAGs
[2023-08-27T11:27:53.285+0000] {logging_mixin.py:120} INFO - [2023-08-27T11:27:53.285+0000] {dag.py:3340} INFO - Setting next_dagrun for example_task_group_decorator to 2023-08-26T11:27:53.285367+00:00, run_after=2023-08-27T11:27:53.285367+00:00
[2023-08-27T11:27:53.295+0000] {processor.py:176} INFO - Processing /home/airflow/.local/lib/python3.7/site-packages/airflow/example_dags/example_task_group_decorator.py took 0.068 seconds
[2023-08-27T11:28:23.543+0000] {processor.py:154} INFO - Started process (PID=29830) to work on /home/airflow/.local/lib/python3.7/site-packages/airflow/example_dags/example_task_group_decorator.py
[2023-08-27T11:28:23.544+0000] {processor.py:756} INFO - Processing file /home/airflow/.local/lib/python3.7/site-packages/airflow/example_dags/example_task_group_decorator.py for tasks to queue
[2023-08-27T11:28:23.544+0000] {logging_mixin.py:120} INFO - [2023-08-27T11:28:23.544+0000] {dagbag.py:537} INFO - Filling up the DagBag from /home/airflow/.local/lib/python3.7/site-packages/airflow/example_dags/example_task_group_decorator.py
[2023-08-27T11:28:23.561+0000] {processor.py:766} INFO - DAG(s) dict_keys(['example_task_group_decorator']) retrieved from /home/airflow/.local/lib/python3.7/site-packages/airflow/example_dags/example_task_group_decorator.py
[2023-08-27T11:28:23.586+0000] {logging_mixin.py:120} INFO - [2023-08-27T11:28:23.586+0000] {dag.py:2585} INFO - Sync 1 DAGs
[2023-08-27T11:28:23.599+0000] {logging_mixin.py:120} INFO - [2023-08-27T11:28:23.599+0000] {dag.py:3340} INFO - Setting next_dagrun for example_task_group_decorator to 2023-08-26T11:28:23.599191+00:00, run_after=2023-08-27T11:28:23.599191+00:00
[2023-08-27T11:28:23.609+0000] {processor.py:176} INFO - Processing /home/airflow/.local/lib/python3.7/site-packages/airflow/example_dags/example_task_group_decorator.py took 0.068 seconds
[2023-08-27T11:28:53.807+0000] {processor.py:154} INFO - Started process (PID=29895) to work on /home/airflow/.local/lib/python3.7/site-packages/airflow/example_dags/example_task_group_decorator.py
[2023-08-27T11:28:53.808+0000] {processor.py:756} INFO - Processing file /home/airflow/.local/lib/python3.7/site-packages/airflow/example_dags/example_task_group_decorator.py for tasks to queue
[2023-08-27T11:28:53.809+0000] {logging_mixin.py:120} INFO - [2023-08-27T11:28:53.809+0000] {dagbag.py:537} INFO - Filling up the DagBag from /home/airflow/.local/lib/python3.7/site-packages/airflow/example_dags/example_task_group_decorator.py
[2023-08-27T11:28:53.827+0000] {processor.py:766} INFO - DAG(s) dict_keys(['example_task_group_decorator']) retrieved from /home/airflow/.local/lib/python3.7/site-packages/airflow/example_dags/example_task_group_decorator.py
[2023-08-27T11:28:53.854+0000] {logging_mixin.py:120} INFO - [2023-08-27T11:28:53.854+0000] {dag.py:2585} INFO - Sync 1 DAGs
[2023-08-27T11:28:53.868+0000] {logging_mixin.py:120} INFO - [2023-08-27T11:28:53.868+0000] {dag.py:3340} INFO - Setting next_dagrun for example_task_group_decorator to 2023-08-26T11:28:53.868378+00:00, run_after=2023-08-27T11:28:53.868378+00:00
[2023-08-27T11:28:53.879+0000] {processor.py:176} INFO - Processing /home/airflow/.local/lib/python3.7/site-packages/airflow/example_dags/example_task_group_decorator.py took 0.074 seconds
[2023-08-27T11:29:24.076+0000] {processor.py:154} INFO - Started process (PID=29961) to work on /home/airflow/.local/lib/python3.7/site-packages/airflow/example_dags/example_task_group_decorator.py
[2023-08-27T11:29:24.077+0000] {processor.py:756} INFO - Processing file /home/airflow/.local/lib/python3.7/site-packages/airflow/example_dags/example_task_group_decorator.py for tasks to queue
[2023-08-27T11:29:24.078+0000] {logging_mixin.py:120} INFO - [2023-08-27T11:29:24.078+0000] {dagbag.py:537} INFO - Filling up the DagBag from /home/airflow/.local/lib/python3.7/site-packages/airflow/example_dags/example_task_group_decorator.py
[2023-08-27T11:29:24.099+0000] {processor.py:766} INFO - DAG(s) dict_keys(['example_task_group_decorator']) retrieved from /home/airflow/.local/lib/python3.7/site-packages/airflow/example_dags/example_task_group_decorator.py
[2023-08-27T11:29:24.131+0000] {logging_mixin.py:120} INFO - [2023-08-27T11:29:24.131+0000] {dag.py:2585} INFO - Sync 1 DAGs
[2023-08-27T11:29:24.149+0000] {logging_mixin.py:120} INFO - [2023-08-27T11:29:24.149+0000] {dag.py:3340} INFO - Setting next_dagrun for example_task_group_decorator to 2023-08-26T11:29:24.149468+00:00, run_after=2023-08-27T11:29:24.149468+00:00
[2023-08-27T11:29:24.166+0000] {processor.py:176} INFO - Processing /home/airflow/.local/lib/python3.7/site-packages/airflow/example_dags/example_task_group_decorator.py took 0.093 seconds
[2023-08-27T11:29:54.406+0000] {processor.py:154} INFO - Started process (PID=30017) to work on /home/airflow/.local/lib/python3.7/site-packages/airflow/example_dags/example_task_group_decorator.py
[2023-08-27T11:29:54.408+0000] {processor.py:756} INFO - Processing file /home/airflow/.local/lib/python3.7/site-packages/airflow/example_dags/example_task_group_decorator.py for tasks to queue
[2023-08-27T11:29:54.409+0000] {logging_mixin.py:120} INFO - [2023-08-27T11:29:54.408+0000] {dagbag.py:537} INFO - Filling up the DagBag from /home/airflow/.local/lib/python3.7/site-packages/airflow/example_dags/example_task_group_decorator.py
[2023-08-27T11:29:54.442+0000] {processor.py:766} INFO - DAG(s) dict_keys(['example_task_group_decorator']) retrieved from /home/airflow/.local/lib/python3.7/site-packages/airflow/example_dags/example_task_group_decorator.py
[2023-08-27T11:29:54.475+0000] {logging_mixin.py:120} INFO - [2023-08-27T11:29:54.475+0000] {dag.py:2585} INFO - Sync 1 DAGs
[2023-08-27T11:29:54.490+0000] {logging_mixin.py:120} INFO - [2023-08-27T11:29:54.490+0000] {dag.py:3340} INFO - Setting next_dagrun for example_task_group_decorator to 2023-08-26T11:29:54.490128+00:00, run_after=2023-08-27T11:29:54.490128+00:00
[2023-08-27T11:29:54.500+0000] {processor.py:176} INFO - Processing /home/airflow/.local/lib/python3.7/site-packages/airflow/example_dags/example_task_group_decorator.py took 0.098 seconds
