[2023-08-27T11:24:19.255+0000] {processor.py:154} INFO - Started process (PID=29314) to work on /home/airflow/.local/lib/python3.7/site-packages/airflow/example_dags/example_branch_labels.py
[2023-08-27T11:24:19.257+0000] {processor.py:756} INFO - Processing file /home/airflow/.local/lib/python3.7/site-packages/airflow/example_dags/example_branch_labels.py for tasks to queue
[2023-08-27T11:24:19.258+0000] {logging_mixin.py:120} INFO - [2023-08-27T11:24:19.258+0000] {dagbag.py:537} INFO - Filling up the DagBag from /home/airflow/.local/lib/python3.7/site-packages/airflow/example_dags/example_branch_labels.py
[2023-08-27T11:24:19.272+0000] {processor.py:766} INFO - DAG(s) dict_keys(['example_branch_labels']) retrieved from /home/airflow/.local/lib/python3.7/site-packages/airflow/example_dags/example_branch_labels.py
[2023-08-27T11:24:19.303+0000] {logging_mixin.py:120} INFO - [2023-08-27T11:24:19.302+0000] {dag.py:2585} INFO - Sync 1 DAGs
[2023-08-27T11:24:19.317+0000] {logging_mixin.py:120} INFO - [2023-08-27T11:24:19.317+0000] {dag.py:3340} INFO - Setting next_dagrun for example_branch_labels to 2023-08-26T00:00:00+00:00, run_after=2023-08-27T00:00:00+00:00
[2023-08-27T11:24:19.328+0000] {processor.py:176} INFO - Processing /home/airflow/.local/lib/python3.7/site-packages/airflow/example_dags/example_branch_labels.py took 0.077 seconds
[2023-08-27T11:24:49.578+0000] {processor.py:154} INFO - Started process (PID=29370) to work on /home/airflow/.local/lib/python3.7/site-packages/airflow/example_dags/example_branch_labels.py
[2023-08-27T11:24:49.580+0000] {processor.py:756} INFO - Processing file /home/airflow/.local/lib/python3.7/site-packages/airflow/example_dags/example_branch_labels.py for tasks to queue
[2023-08-27T11:24:49.581+0000] {logging_mixin.py:120} INFO - [2023-08-27T11:24:49.581+0000] {dagbag.py:537} INFO - Filling up the DagBag from /home/airflow/.local/lib/python3.7/site-packages/airflow/example_dags/example_branch_labels.py
[2023-08-27T11:24:49.602+0000] {processor.py:766} INFO - DAG(s) dict_keys(['example_branch_labels']) retrieved from /home/airflow/.local/lib/python3.7/site-packages/airflow/example_dags/example_branch_labels.py
[2023-08-27T11:24:49.639+0000] {logging_mixin.py:120} INFO - [2023-08-27T11:24:49.639+0000] {dag.py:2585} INFO - Sync 1 DAGs
[2023-08-27T11:24:49.656+0000] {logging_mixin.py:120} INFO - [2023-08-27T11:24:49.656+0000] {dag.py:3340} INFO - Setting next_dagrun for example_branch_labels to 2023-08-26T00:00:00+00:00, run_after=2023-08-27T00:00:00+00:00
[2023-08-27T11:24:49.667+0000] {processor.py:176} INFO - Processing /home/airflow/.local/lib/python3.7/site-packages/airflow/example_dags/example_branch_labels.py took 0.096 seconds
[2023-08-27T11:25:19.767+0000] {processor.py:154} INFO - Started process (PID=29435) to work on /home/airflow/.local/lib/python3.7/site-packages/airflow/example_dags/example_branch_labels.py
[2023-08-27T11:25:19.768+0000] {processor.py:756} INFO - Processing file /home/airflow/.local/lib/python3.7/site-packages/airflow/example_dags/example_branch_labels.py for tasks to queue
[2023-08-27T11:25:19.769+0000] {logging_mixin.py:120} INFO - [2023-08-27T11:25:19.769+0000] {dagbag.py:537} INFO - Filling up the DagBag from /home/airflow/.local/lib/python3.7/site-packages/airflow/example_dags/example_branch_labels.py
[2023-08-27T11:25:19.782+0000] {processor.py:766} INFO - DAG(s) dict_keys(['example_branch_labels']) retrieved from /home/airflow/.local/lib/python3.7/site-packages/airflow/example_dags/example_branch_labels.py
[2023-08-27T11:25:19.812+0000] {logging_mixin.py:120} INFO - [2023-08-27T11:25:19.812+0000] {dag.py:2585} INFO - Sync 1 DAGs
[2023-08-27T11:25:19.830+0000] {logging_mixin.py:120} INFO - [2023-08-27T11:25:19.829+0000] {dag.py:3340} INFO - Setting next_dagrun for example_branch_labels to 2023-08-26T00:00:00+00:00, run_after=2023-08-27T00:00:00+00:00
[2023-08-27T11:25:19.843+0000] {processor.py:176} INFO - Processing /home/airflow/.local/lib/python3.7/site-packages/airflow/example_dags/example_branch_labels.py took 0.079 seconds
[2023-08-27T11:25:50.117+0000] {processor.py:154} INFO - Started process (PID=29500) to work on /home/airflow/.local/lib/python3.7/site-packages/airflow/example_dags/example_branch_labels.py
[2023-08-27T11:25:50.118+0000] {processor.py:756} INFO - Processing file /home/airflow/.local/lib/python3.7/site-packages/airflow/example_dags/example_branch_labels.py for tasks to queue
[2023-08-27T11:25:50.119+0000] {logging_mixin.py:120} INFO - [2023-08-27T11:25:50.119+0000] {dagbag.py:537} INFO - Filling up the DagBag from /home/airflow/.local/lib/python3.7/site-packages/airflow/example_dags/example_branch_labels.py
[2023-08-27T11:25:50.139+0000] {processor.py:766} INFO - DAG(s) dict_keys(['example_branch_labels']) retrieved from /home/airflow/.local/lib/python3.7/site-packages/airflow/example_dags/example_branch_labels.py
[2023-08-27T11:25:50.177+0000] {logging_mixin.py:120} INFO - [2023-08-27T11:25:50.177+0000] {dag.py:2585} INFO - Sync 1 DAGs
[2023-08-27T11:25:50.194+0000] {logging_mixin.py:120} INFO - [2023-08-27T11:25:50.194+0000] {dag.py:3340} INFO - Setting next_dagrun for example_branch_labels to 2023-08-26T00:00:00+00:00, run_after=2023-08-27T00:00:00+00:00
[2023-08-27T11:25:50.207+0000] {processor.py:176} INFO - Processing /home/airflow/.local/lib/python3.7/site-packages/airflow/example_dags/example_branch_labels.py took 0.096 seconds
[2023-08-27T11:26:20.445+0000] {processor.py:154} INFO - Started process (PID=29564) to work on /home/airflow/.local/lib/python3.7/site-packages/airflow/example_dags/example_branch_labels.py
[2023-08-27T11:26:20.447+0000] {processor.py:756} INFO - Processing file /home/airflow/.local/lib/python3.7/site-packages/airflow/example_dags/example_branch_labels.py for tasks to queue
[2023-08-27T11:26:20.448+0000] {logging_mixin.py:120} INFO - [2023-08-27T11:26:20.448+0000] {dagbag.py:537} INFO - Filling up the DagBag from /home/airflow/.local/lib/python3.7/site-packages/airflow/example_dags/example_branch_labels.py
[2023-08-27T11:26:20.472+0000] {processor.py:766} INFO - DAG(s) dict_keys(['example_branch_labels']) retrieved from /home/airflow/.local/lib/python3.7/site-packages/airflow/example_dags/example_branch_labels.py
[2023-08-27T11:26:20.524+0000] {logging_mixin.py:120} INFO - [2023-08-27T11:26:20.524+0000] {dag.py:2585} INFO - Sync 1 DAGs
[2023-08-27T11:26:20.547+0000] {logging_mixin.py:120} INFO - [2023-08-27T11:26:20.547+0000] {dag.py:3340} INFO - Setting next_dagrun for example_branch_labels to 2023-08-26T00:00:00+00:00, run_after=2023-08-27T00:00:00+00:00
[2023-08-27T11:26:20.560+0000] {processor.py:176} INFO - Processing /home/airflow/.local/lib/python3.7/site-packages/airflow/example_dags/example_branch_labels.py took 0.119 seconds
[2023-08-27T11:26:50.829+0000] {processor.py:154} INFO - Started process (PID=29628) to work on /home/airflow/.local/lib/python3.7/site-packages/airflow/example_dags/example_branch_labels.py
[2023-08-27T11:26:50.830+0000] {processor.py:756} INFO - Processing file /home/airflow/.local/lib/python3.7/site-packages/airflow/example_dags/example_branch_labels.py for tasks to queue
[2023-08-27T11:26:50.831+0000] {logging_mixin.py:120} INFO - [2023-08-27T11:26:50.831+0000] {dagbag.py:537} INFO - Filling up the DagBag from /home/airflow/.local/lib/python3.7/site-packages/airflow/example_dags/example_branch_labels.py
[2023-08-27T11:26:50.859+0000] {processor.py:766} INFO - DAG(s) dict_keys(['example_branch_labels']) retrieved from /home/airflow/.local/lib/python3.7/site-packages/airflow/example_dags/example_branch_labels.py
[2023-08-27T11:26:50.922+0000] {logging_mixin.py:120} INFO - [2023-08-27T11:26:50.922+0000] {dag.py:2585} INFO - Sync 1 DAGs
[2023-08-27T11:26:50.945+0000] {logging_mixin.py:120} INFO - [2023-08-27T11:26:50.945+0000] {dag.py:3340} INFO - Setting next_dagrun for example_branch_labels to 2023-08-26T00:00:00+00:00, run_after=2023-08-27T00:00:00+00:00
[2023-08-27T11:26:50.961+0000] {processor.py:176} INFO - Processing /home/airflow/.local/lib/python3.7/site-packages/airflow/example_dags/example_branch_labels.py took 0.137 seconds
[2023-08-27T11:27:21.213+0000] {processor.py:154} INFO - Started process (PID=29686) to work on /home/airflow/.local/lib/python3.7/site-packages/airflow/example_dags/example_branch_labels.py
[2023-08-27T11:27:21.215+0000] {processor.py:756} INFO - Processing file /home/airflow/.local/lib/python3.7/site-packages/airflow/example_dags/example_branch_labels.py for tasks to queue
[2023-08-27T11:27:21.216+0000] {logging_mixin.py:120} INFO - [2023-08-27T11:27:21.216+0000] {dagbag.py:537} INFO - Filling up the DagBag from /home/airflow/.local/lib/python3.7/site-packages/airflow/example_dags/example_branch_labels.py
[2023-08-27T11:27:21.235+0000] {processor.py:766} INFO - DAG(s) dict_keys(['example_branch_labels']) retrieved from /home/airflow/.local/lib/python3.7/site-packages/airflow/example_dags/example_branch_labels.py
[2023-08-27T11:27:21.273+0000] {logging_mixin.py:120} INFO - [2023-08-27T11:27:21.273+0000] {dag.py:2585} INFO - Sync 1 DAGs
[2023-08-27T11:27:21.291+0000] {logging_mixin.py:120} INFO - [2023-08-27T11:27:21.291+0000] {dag.py:3340} INFO - Setting next_dagrun for example_branch_labels to 2023-08-26T00:00:00+00:00, run_after=2023-08-27T00:00:00+00:00
[2023-08-27T11:27:21.302+0000] {processor.py:176} INFO - Processing /home/airflow/.local/lib/python3.7/site-packages/airflow/example_dags/example_branch_labels.py took 0.093 seconds
[2023-08-27T11:27:51.489+0000] {processor.py:154} INFO - Started process (PID=29751) to work on /home/airflow/.local/lib/python3.7/site-packages/airflow/example_dags/example_branch_labels.py
[2023-08-27T11:27:51.491+0000] {processor.py:756} INFO - Processing file /home/airflow/.local/lib/python3.7/site-packages/airflow/example_dags/example_branch_labels.py for tasks to queue
[2023-08-27T11:27:51.492+0000] {logging_mixin.py:120} INFO - [2023-08-27T11:27:51.492+0000] {dagbag.py:537} INFO - Filling up the DagBag from /home/airflow/.local/lib/python3.7/site-packages/airflow/example_dags/example_branch_labels.py
[2023-08-27T11:27:51.509+0000] {processor.py:766} INFO - DAG(s) dict_keys(['example_branch_labels']) retrieved from /home/airflow/.local/lib/python3.7/site-packages/airflow/example_dags/example_branch_labels.py
[2023-08-27T11:27:51.543+0000] {logging_mixin.py:120} INFO - [2023-08-27T11:27:51.543+0000] {dag.py:2585} INFO - Sync 1 DAGs
[2023-08-27T11:27:51.566+0000] {logging_mixin.py:120} INFO - [2023-08-27T11:27:51.566+0000] {dag.py:3340} INFO - Setting next_dagrun for example_branch_labels to 2023-08-26T00:00:00+00:00, run_after=2023-08-27T00:00:00+00:00
[2023-08-27T11:27:51.577+0000] {processor.py:176} INFO - Processing /home/airflow/.local/lib/python3.7/site-packages/airflow/example_dags/example_branch_labels.py took 0.093 seconds
[2023-08-27T11:28:21.826+0000] {processor.py:154} INFO - Started process (PID=29816) to work on /home/airflow/.local/lib/python3.7/site-packages/airflow/example_dags/example_branch_labels.py
[2023-08-27T11:28:21.828+0000] {processor.py:756} INFO - Processing file /home/airflow/.local/lib/python3.7/site-packages/airflow/example_dags/example_branch_labels.py for tasks to queue
[2023-08-27T11:28:21.829+0000] {logging_mixin.py:120} INFO - [2023-08-27T11:28:21.829+0000] {dagbag.py:537} INFO - Filling up the DagBag from /home/airflow/.local/lib/python3.7/site-packages/airflow/example_dags/example_branch_labels.py
[2023-08-27T11:28:21.846+0000] {processor.py:766} INFO - DAG(s) dict_keys(['example_branch_labels']) retrieved from /home/airflow/.local/lib/python3.7/site-packages/airflow/example_dags/example_branch_labels.py
[2023-08-27T11:28:21.880+0000] {logging_mixin.py:120} INFO - [2023-08-27T11:28:21.879+0000] {dag.py:2585} INFO - Sync 1 DAGs
[2023-08-27T11:28:21.894+0000] {logging_mixin.py:120} INFO - [2023-08-27T11:28:21.894+0000] {dag.py:3340} INFO - Setting next_dagrun for example_branch_labels to 2023-08-26T00:00:00+00:00, run_after=2023-08-27T00:00:00+00:00
[2023-08-27T11:28:21.904+0000] {processor.py:176} INFO - Processing /home/airflow/.local/lib/python3.7/site-packages/airflow/example_dags/example_branch_labels.py took 0.084 seconds
[2023-08-27T11:28:52.002+0000] {processor.py:154} INFO - Started process (PID=29881) to work on /home/airflow/.local/lib/python3.7/site-packages/airflow/example_dags/example_branch_labels.py
[2023-08-27T11:28:52.004+0000] {processor.py:756} INFO - Processing file /home/airflow/.local/lib/python3.7/site-packages/airflow/example_dags/example_branch_labels.py for tasks to queue
[2023-08-27T11:28:52.005+0000] {logging_mixin.py:120} INFO - [2023-08-27T11:28:52.005+0000] {dagbag.py:537} INFO - Filling up the DagBag from /home/airflow/.local/lib/python3.7/site-packages/airflow/example_dags/example_branch_labels.py
[2023-08-27T11:28:52.028+0000] {processor.py:766} INFO - DAG(s) dict_keys(['example_branch_labels']) retrieved from /home/airflow/.local/lib/python3.7/site-packages/airflow/example_dags/example_branch_labels.py
[2023-08-27T11:28:52.066+0000] {logging_mixin.py:120} INFO - [2023-08-27T11:28:52.066+0000] {dag.py:2585} INFO - Sync 1 DAGs
[2023-08-27T11:28:52.081+0000] {logging_mixin.py:120} INFO - [2023-08-27T11:28:52.081+0000] {dag.py:3340} INFO - Setting next_dagrun for example_branch_labels to 2023-08-26T00:00:00+00:00, run_after=2023-08-27T00:00:00+00:00
[2023-08-27T11:28:52.091+0000] {processor.py:176} INFO - Processing /home/airflow/.local/lib/python3.7/site-packages/airflow/example_dags/example_branch_labels.py took 0.094 seconds
[2023-08-27T11:29:22.337+0000] {processor.py:154} INFO - Started process (PID=29937) to work on /home/airflow/.local/lib/python3.7/site-packages/airflow/example_dags/example_branch_labels.py
[2023-08-27T11:29:22.339+0000] {processor.py:756} INFO - Processing file /home/airflow/.local/lib/python3.7/site-packages/airflow/example_dags/example_branch_labels.py for tasks to queue
[2023-08-27T11:29:22.340+0000] {logging_mixin.py:120} INFO - [2023-08-27T11:29:22.340+0000] {dagbag.py:537} INFO - Filling up the DagBag from /home/airflow/.local/lib/python3.7/site-packages/airflow/example_dags/example_branch_labels.py
[2023-08-27T11:29:22.359+0000] {processor.py:766} INFO - DAG(s) dict_keys(['example_branch_labels']) retrieved from /home/airflow/.local/lib/python3.7/site-packages/airflow/example_dags/example_branch_labels.py
[2023-08-27T11:29:22.392+0000] {logging_mixin.py:120} INFO - [2023-08-27T11:29:22.392+0000] {dag.py:2585} INFO - Sync 1 DAGs
[2023-08-27T11:29:22.408+0000] {logging_mixin.py:120} INFO - [2023-08-27T11:29:22.408+0000] {dag.py:3340} INFO - Setting next_dagrun for example_branch_labels to 2023-08-26T00:00:00+00:00, run_after=2023-08-27T00:00:00+00:00
[2023-08-27T11:29:22.419+0000] {processor.py:176} INFO - Processing /home/airflow/.local/lib/python3.7/site-packages/airflow/example_dags/example_branch_labels.py took 0.086 seconds
[2023-08-27T11:29:52.716+0000] {processor.py:154} INFO - Started process (PID=30003) to work on /home/airflow/.local/lib/python3.7/site-packages/airflow/example_dags/example_branch_labels.py
[2023-08-27T11:29:52.718+0000] {processor.py:756} INFO - Processing file /home/airflow/.local/lib/python3.7/site-packages/airflow/example_dags/example_branch_labels.py for tasks to queue
[2023-08-27T11:29:52.719+0000] {logging_mixin.py:120} INFO - [2023-08-27T11:29:52.718+0000] {dagbag.py:537} INFO - Filling up the DagBag from /home/airflow/.local/lib/python3.7/site-packages/airflow/example_dags/example_branch_labels.py
[2023-08-27T11:29:52.735+0000] {processor.py:766} INFO - DAG(s) dict_keys(['example_branch_labels']) retrieved from /home/airflow/.local/lib/python3.7/site-packages/airflow/example_dags/example_branch_labels.py
[2023-08-27T11:29:52.765+0000] {logging_mixin.py:120} INFO - [2023-08-27T11:29:52.764+0000] {dag.py:2585} INFO - Sync 1 DAGs
[2023-08-27T11:29:52.779+0000] {logging_mixin.py:120} INFO - [2023-08-27T11:29:52.779+0000] {dag.py:3340} INFO - Setting next_dagrun for example_branch_labels to 2023-08-26T00:00:00+00:00, run_after=2023-08-27T00:00:00+00:00
[2023-08-27T11:29:52.791+0000] {processor.py:176} INFO - Processing /home/airflow/.local/lib/python3.7/site-packages/airflow/example_dags/example_branch_labels.py took 0.077 seconds
