[2023-08-27T11:24:20.652+0000] {processor.py:154} INFO - Started process (PID=29322) to work on /home/airflow/.local/lib/python3.7/site-packages/airflow/example_dags/example_bash_operator.py
[2023-08-27T11:24:20.658+0000] {processor.py:756} INFO - Processing file /home/airflow/.local/lib/python3.7/site-packages/airflow/example_dags/example_bash_operator.py for tasks to queue
[2023-08-27T11:24:20.659+0000] {logging_mixin.py:120} INFO - [2023-08-27T11:24:20.659+0000] {dagbag.py:537} INFO - Filling up the DagBag from /home/airflow/.local/lib/python3.7/site-packages/airflow/example_dags/example_bash_operator.py
[2023-08-27T11:24:20.679+0000] {processor.py:766} INFO - DAG(s) dict_keys(['example_bash_operator']) retrieved from /home/airflow/.local/lib/python3.7/site-packages/airflow/example_dags/example_bash_operator.py
[2023-08-27T11:24:20.713+0000] {logging_mixin.py:120} INFO - [2023-08-27T11:24:20.712+0000] {dag.py:2585} INFO - Sync 1 DAGs
[2023-08-27T11:24:20.727+0000] {logging_mixin.py:120} INFO - [2023-08-27T11:24:20.727+0000] {dag.py:3340} INFO - Setting next_dagrun for example_bash_operator to 2023-08-26T00:00:00+00:00, run_after=2023-08-27T00:00:00+00:00
[2023-08-27T11:24:20.738+0000] {processor.py:176} INFO - Processing /home/airflow/.local/lib/python3.7/site-packages/airflow/example_dags/example_bash_operator.py took 0.089 seconds
[2023-08-27T11:24:51.095+0000] {processor.py:154} INFO - Started process (PID=29379) to work on /home/airflow/.local/lib/python3.7/site-packages/airflow/example_dags/example_bash_operator.py
[2023-08-27T11:24:51.096+0000] {processor.py:756} INFO - Processing file /home/airflow/.local/lib/python3.7/site-packages/airflow/example_dags/example_bash_operator.py for tasks to queue
[2023-08-27T11:24:51.096+0000] {logging_mixin.py:120} INFO - [2023-08-27T11:24:51.096+0000] {dagbag.py:537} INFO - Filling up the DagBag from /home/airflow/.local/lib/python3.7/site-packages/airflow/example_dags/example_bash_operator.py
[2023-08-27T11:24:51.111+0000] {processor.py:766} INFO - DAG(s) dict_keys(['example_bash_operator']) retrieved from /home/airflow/.local/lib/python3.7/site-packages/airflow/example_dags/example_bash_operator.py
[2023-08-27T11:24:51.141+0000] {logging_mixin.py:120} INFO - [2023-08-27T11:24:51.140+0000] {dag.py:2585} INFO - Sync 1 DAGs
[2023-08-27T11:24:51.157+0000] {logging_mixin.py:120} INFO - [2023-08-27T11:24:51.157+0000] {dag.py:3340} INFO - Setting next_dagrun for example_bash_operator to 2023-08-26T00:00:00+00:00, run_after=2023-08-27T00:00:00+00:00
[2023-08-27T11:24:51.167+0000] {processor.py:176} INFO - Processing /home/airflow/.local/lib/python3.7/site-packages/airflow/example_dags/example_bash_operator.py took 0.076 seconds
[2023-08-27T11:25:21.289+0000] {processor.py:154} INFO - Started process (PID=29444) to work on /home/airflow/.local/lib/python3.7/site-packages/airflow/example_dags/example_bash_operator.py
[2023-08-27T11:25:21.290+0000] {processor.py:756} INFO - Processing file /home/airflow/.local/lib/python3.7/site-packages/airflow/example_dags/example_bash_operator.py for tasks to queue
[2023-08-27T11:25:21.291+0000] {logging_mixin.py:120} INFO - [2023-08-27T11:25:21.291+0000] {dagbag.py:537} INFO - Filling up the DagBag from /home/airflow/.local/lib/python3.7/site-packages/airflow/example_dags/example_bash_operator.py
[2023-08-27T11:25:21.305+0000] {processor.py:766} INFO - DAG(s) dict_keys(['example_bash_operator']) retrieved from /home/airflow/.local/lib/python3.7/site-packages/airflow/example_dags/example_bash_operator.py
[2023-08-27T11:25:21.335+0000] {logging_mixin.py:120} INFO - [2023-08-27T11:25:21.335+0000] {dag.py:2585} INFO - Sync 1 DAGs
[2023-08-27T11:25:21.352+0000] {logging_mixin.py:120} INFO - [2023-08-27T11:25:21.352+0000] {dag.py:3340} INFO - Setting next_dagrun for example_bash_operator to 2023-08-26T00:00:00+00:00, run_after=2023-08-27T00:00:00+00:00
[2023-08-27T11:25:21.362+0000] {processor.py:176} INFO - Processing /home/airflow/.local/lib/python3.7/site-packages/airflow/example_dags/example_bash_operator.py took 0.077 seconds
[2023-08-27T11:25:51.558+0000] {processor.py:154} INFO - Started process (PID=29509) to work on /home/airflow/.local/lib/python3.7/site-packages/airflow/example_dags/example_bash_operator.py
[2023-08-27T11:25:51.560+0000] {processor.py:756} INFO - Processing file /home/airflow/.local/lib/python3.7/site-packages/airflow/example_dags/example_bash_operator.py for tasks to queue
[2023-08-27T11:25:51.560+0000] {logging_mixin.py:120} INFO - [2023-08-27T11:25:51.560+0000] {dagbag.py:537} INFO - Filling up the DagBag from /home/airflow/.local/lib/python3.7/site-packages/airflow/example_dags/example_bash_operator.py
[2023-08-27T11:25:51.578+0000] {processor.py:766} INFO - DAG(s) dict_keys(['example_bash_operator']) retrieved from /home/airflow/.local/lib/python3.7/site-packages/airflow/example_dags/example_bash_operator.py
[2023-08-27T11:25:51.611+0000] {logging_mixin.py:120} INFO - [2023-08-27T11:25:51.611+0000] {dag.py:2585} INFO - Sync 1 DAGs
[2023-08-27T11:25:51.627+0000] {logging_mixin.py:120} INFO - [2023-08-27T11:25:51.627+0000] {dag.py:3340} INFO - Setting next_dagrun for example_bash_operator to 2023-08-26T00:00:00+00:00, run_after=2023-08-27T00:00:00+00:00
[2023-08-27T11:25:51.642+0000] {processor.py:176} INFO - Processing /home/airflow/.local/lib/python3.7/site-packages/airflow/example_dags/example_bash_operator.py took 0.088 seconds
[2023-08-27T11:26:21.998+0000] {processor.py:154} INFO - Started process (PID=29573) to work on /home/airflow/.local/lib/python3.7/site-packages/airflow/example_dags/example_bash_operator.py
[2023-08-27T11:26:22.000+0000] {processor.py:756} INFO - Processing file /home/airflow/.local/lib/python3.7/site-packages/airflow/example_dags/example_bash_operator.py for tasks to queue
[2023-08-27T11:26:22.000+0000] {logging_mixin.py:120} INFO - [2023-08-27T11:26:22.000+0000] {dagbag.py:537} INFO - Filling up the DagBag from /home/airflow/.local/lib/python3.7/site-packages/airflow/example_dags/example_bash_operator.py
[2023-08-27T11:26:22.021+0000] {processor.py:766} INFO - DAG(s) dict_keys(['example_bash_operator']) retrieved from /home/airflow/.local/lib/python3.7/site-packages/airflow/example_dags/example_bash_operator.py
[2023-08-27T11:26:22.058+0000] {logging_mixin.py:120} INFO - [2023-08-27T11:26:22.058+0000] {dag.py:2585} INFO - Sync 1 DAGs
[2023-08-27T11:26:22.074+0000] {logging_mixin.py:120} INFO - [2023-08-27T11:26:22.074+0000] {dag.py:3340} INFO - Setting next_dagrun for example_bash_operator to 2023-08-26T00:00:00+00:00, run_after=2023-08-27T00:00:00+00:00
[2023-08-27T11:26:22.088+0000] {processor.py:176} INFO - Processing /home/airflow/.local/lib/python3.7/site-packages/airflow/example_dags/example_bash_operator.py took 0.093 seconds
[2023-08-27T11:26:52.427+0000] {processor.py:154} INFO - Started process (PID=29639) to work on /home/airflow/.local/lib/python3.7/site-packages/airflow/example_dags/example_bash_operator.py
[2023-08-27T11:26:52.428+0000] {processor.py:756} INFO - Processing file /home/airflow/.local/lib/python3.7/site-packages/airflow/example_dags/example_bash_operator.py for tasks to queue
[2023-08-27T11:26:52.429+0000] {logging_mixin.py:120} INFO - [2023-08-27T11:26:52.429+0000] {dagbag.py:537} INFO - Filling up the DagBag from /home/airflow/.local/lib/python3.7/site-packages/airflow/example_dags/example_bash_operator.py
[2023-08-27T11:26:52.445+0000] {processor.py:766} INFO - DAG(s) dict_keys(['example_bash_operator']) retrieved from /home/airflow/.local/lib/python3.7/site-packages/airflow/example_dags/example_bash_operator.py
[2023-08-27T11:26:52.476+0000] {logging_mixin.py:120} INFO - [2023-08-27T11:26:52.476+0000] {dag.py:2585} INFO - Sync 1 DAGs
[2023-08-27T11:26:52.494+0000] {logging_mixin.py:120} INFO - [2023-08-27T11:26:52.493+0000] {dag.py:3340} INFO - Setting next_dagrun for example_bash_operator to 2023-08-26T00:00:00+00:00, run_after=2023-08-27T00:00:00+00:00
[2023-08-27T11:26:52.508+0000] {processor.py:176} INFO - Processing /home/airflow/.local/lib/python3.7/site-packages/airflow/example_dags/example_bash_operator.py took 0.084 seconds
[2023-08-27T11:27:22.778+0000] {processor.py:154} INFO - Started process (PID=29695) to work on /home/airflow/.local/lib/python3.7/site-packages/airflow/example_dags/example_bash_operator.py
[2023-08-27T11:27:22.779+0000] {processor.py:756} INFO - Processing file /home/airflow/.local/lib/python3.7/site-packages/airflow/example_dags/example_bash_operator.py for tasks to queue
[2023-08-27T11:27:22.779+0000] {logging_mixin.py:120} INFO - [2023-08-27T11:27:22.779+0000] {dagbag.py:537} INFO - Filling up the DagBag from /home/airflow/.local/lib/python3.7/site-packages/airflow/example_dags/example_bash_operator.py
[2023-08-27T11:27:22.797+0000] {processor.py:766} INFO - DAG(s) dict_keys(['example_bash_operator']) retrieved from /home/airflow/.local/lib/python3.7/site-packages/airflow/example_dags/example_bash_operator.py
[2023-08-27T11:27:22.830+0000] {logging_mixin.py:120} INFO - [2023-08-27T11:27:22.830+0000] {dag.py:2585} INFO - Sync 1 DAGs
[2023-08-27T11:27:22.848+0000] {logging_mixin.py:120} INFO - [2023-08-27T11:27:22.848+0000] {dag.py:3340} INFO - Setting next_dagrun for example_bash_operator to 2023-08-26T00:00:00+00:00, run_after=2023-08-27T00:00:00+00:00
[2023-08-27T11:27:22.860+0000] {processor.py:176} INFO - Processing /home/airflow/.local/lib/python3.7/site-packages/airflow/example_dags/example_bash_operator.py took 0.085 seconds
[2023-08-27T11:27:52.891+0000] {processor.py:154} INFO - Started process (PID=29760) to work on /home/airflow/.local/lib/python3.7/site-packages/airflow/example_dags/example_bash_operator.py
[2023-08-27T11:27:52.892+0000] {processor.py:756} INFO - Processing file /home/airflow/.local/lib/python3.7/site-packages/airflow/example_dags/example_bash_operator.py for tasks to queue
[2023-08-27T11:27:52.892+0000] {logging_mixin.py:120} INFO - [2023-08-27T11:27:52.892+0000] {dagbag.py:537} INFO - Filling up the DagBag from /home/airflow/.local/lib/python3.7/site-packages/airflow/example_dags/example_bash_operator.py
[2023-08-27T11:27:52.907+0000] {processor.py:766} INFO - DAG(s) dict_keys(['example_bash_operator']) retrieved from /home/airflow/.local/lib/python3.7/site-packages/airflow/example_dags/example_bash_operator.py
[2023-08-27T11:27:52.937+0000] {logging_mixin.py:120} INFO - [2023-08-27T11:27:52.937+0000] {dag.py:2585} INFO - Sync 1 DAGs
[2023-08-27T11:27:52.951+0000] {logging_mixin.py:120} INFO - [2023-08-27T11:27:52.951+0000] {dag.py:3340} INFO - Setting next_dagrun for example_bash_operator to 2023-08-26T00:00:00+00:00, run_after=2023-08-27T00:00:00+00:00
[2023-08-27T11:27:52.961+0000] {processor.py:176} INFO - Processing /home/airflow/.local/lib/python3.7/site-packages/airflow/example_dags/example_bash_operator.py took 0.072 seconds
[2023-08-27T11:28:23.218+0000] {processor.py:154} INFO - Started process (PID=29825) to work on /home/airflow/.local/lib/python3.7/site-packages/airflow/example_dags/example_bash_operator.py
[2023-08-27T11:28:23.218+0000] {processor.py:756} INFO - Processing file /home/airflow/.local/lib/python3.7/site-packages/airflow/example_dags/example_bash_operator.py for tasks to queue
[2023-08-27T11:28:23.219+0000] {logging_mixin.py:120} INFO - [2023-08-27T11:28:23.219+0000] {dagbag.py:537} INFO - Filling up the DagBag from /home/airflow/.local/lib/python3.7/site-packages/airflow/example_dags/example_bash_operator.py
[2023-08-27T11:28:23.235+0000] {processor.py:766} INFO - DAG(s) dict_keys(['example_bash_operator']) retrieved from /home/airflow/.local/lib/python3.7/site-packages/airflow/example_dags/example_bash_operator.py
[2023-08-27T11:28:23.267+0000] {logging_mixin.py:120} INFO - [2023-08-27T11:28:23.267+0000] {dag.py:2585} INFO - Sync 1 DAGs
[2023-08-27T11:28:23.282+0000] {logging_mixin.py:120} INFO - [2023-08-27T11:28:23.281+0000] {dag.py:3340} INFO - Setting next_dagrun for example_bash_operator to 2023-08-26T00:00:00+00:00, run_after=2023-08-27T00:00:00+00:00
[2023-08-27T11:28:23.291+0000] {processor.py:176} INFO - Processing /home/airflow/.local/lib/python3.7/site-packages/airflow/example_dags/example_bash_operator.py took 0.076 seconds
[2023-08-27T11:28:53.488+0000] {processor.py:154} INFO - Started process (PID=29890) to work on /home/airflow/.local/lib/python3.7/site-packages/airflow/example_dags/example_bash_operator.py
[2023-08-27T11:28:53.489+0000] {processor.py:756} INFO - Processing file /home/airflow/.local/lib/python3.7/site-packages/airflow/example_dags/example_bash_operator.py for tasks to queue
[2023-08-27T11:28:53.490+0000] {logging_mixin.py:120} INFO - [2023-08-27T11:28:53.490+0000] {dagbag.py:537} INFO - Filling up the DagBag from /home/airflow/.local/lib/python3.7/site-packages/airflow/example_dags/example_bash_operator.py
[2023-08-27T11:28:53.506+0000] {processor.py:766} INFO - DAG(s) dict_keys(['example_bash_operator']) retrieved from /home/airflow/.local/lib/python3.7/site-packages/airflow/example_dags/example_bash_operator.py
[2023-08-27T11:28:53.536+0000] {logging_mixin.py:120} INFO - [2023-08-27T11:28:53.536+0000] {dag.py:2585} INFO - Sync 1 DAGs
[2023-08-27T11:28:53.552+0000] {logging_mixin.py:120} INFO - [2023-08-27T11:28:53.552+0000] {dag.py:3340} INFO - Setting next_dagrun for example_bash_operator to 2023-08-26T00:00:00+00:00, run_after=2023-08-27T00:00:00+00:00
[2023-08-27T11:28:53.562+0000] {processor.py:176} INFO - Processing /home/airflow/.local/lib/python3.7/site-packages/airflow/example_dags/example_bash_operator.py took 0.076 seconds
[2023-08-27T11:29:23.797+0000] {processor.py:154} INFO - Started process (PID=29956) to work on /home/airflow/.local/lib/python3.7/site-packages/airflow/example_dags/example_bash_operator.py
[2023-08-27T11:29:23.798+0000] {processor.py:756} INFO - Processing file /home/airflow/.local/lib/python3.7/site-packages/airflow/example_dags/example_bash_operator.py for tasks to queue
[2023-08-27T11:29:23.799+0000] {logging_mixin.py:120} INFO - [2023-08-27T11:29:23.799+0000] {dagbag.py:537} INFO - Filling up the DagBag from /home/airflow/.local/lib/python3.7/site-packages/airflow/example_dags/example_bash_operator.py
[2023-08-27T11:29:23.815+0000] {processor.py:766} INFO - DAG(s) dict_keys(['example_bash_operator']) retrieved from /home/airflow/.local/lib/python3.7/site-packages/airflow/example_dags/example_bash_operator.py
[2023-08-27T11:29:23.847+0000] {logging_mixin.py:120} INFO - [2023-08-27T11:29:23.847+0000] {dag.py:2585} INFO - Sync 1 DAGs
[2023-08-27T11:29:23.864+0000] {logging_mixin.py:120} INFO - [2023-08-27T11:29:23.863+0000] {dag.py:3340} INFO - Setting next_dagrun for example_bash_operator to 2023-08-26T00:00:00+00:00, run_after=2023-08-27T00:00:00+00:00
[2023-08-27T11:29:23.875+0000] {processor.py:176} INFO - Processing /home/airflow/.local/lib/python3.7/site-packages/airflow/example_dags/example_bash_operator.py took 0.080 seconds
[2023-08-27T11:29:54.165+0000] {processor.py:154} INFO - Started process (PID=30012) to work on /home/airflow/.local/lib/python3.7/site-packages/airflow/example_dags/example_bash_operator.py
[2023-08-27T11:29:54.166+0000] {processor.py:756} INFO - Processing file /home/airflow/.local/lib/python3.7/site-packages/airflow/example_dags/example_bash_operator.py for tasks to queue
[2023-08-27T11:29:54.166+0000] {logging_mixin.py:120} INFO - [2023-08-27T11:29:54.166+0000] {dagbag.py:537} INFO - Filling up the DagBag from /home/airflow/.local/lib/python3.7/site-packages/airflow/example_dags/example_bash_operator.py
[2023-08-27T11:29:54.180+0000] {processor.py:766} INFO - DAG(s) dict_keys(['example_bash_operator']) retrieved from /home/airflow/.local/lib/python3.7/site-packages/airflow/example_dags/example_bash_operator.py
[2023-08-27T11:29:54.209+0000] {logging_mixin.py:120} INFO - [2023-08-27T11:29:54.209+0000] {dag.py:2585} INFO - Sync 1 DAGs
[2023-08-27T11:29:54.223+0000] {logging_mixin.py:120} INFO - [2023-08-27T11:29:54.223+0000] {dag.py:3340} INFO - Setting next_dagrun for example_bash_operator to 2023-08-26T00:00:00+00:00, run_after=2023-08-27T00:00:00+00:00
[2023-08-27T11:29:54.233+0000] {processor.py:176} INFO - Processing /home/airflow/.local/lib/python3.7/site-packages/airflow/example_dags/example_bash_operator.py took 0.071 seconds
