[2023-08-27T11:24:29.813+0000] {processor.py:154} INFO - Started process (PID=29350) to work on /home/airflow/.local/lib/python3.7/site-packages/airflow/example_dags/example_xcom.py
[2023-08-27T11:24:29.814+0000] {processor.py:756} INFO - Processing file /home/airflow/.local/lib/python3.7/site-packages/airflow/example_dags/example_xcom.py for tasks to queue
[2023-08-27T11:24:29.814+0000] {logging_mixin.py:120} INFO - [2023-08-27T11:24:29.814+0000] {dagbag.py:537} INFO - Filling up the DagBag from /home/airflow/.local/lib/python3.7/site-packages/airflow/example_dags/example_xcom.py
[2023-08-27T11:24:29.837+0000] {processor.py:766} INFO - DAG(s) dict_keys(['example_xcom']) retrieved from /home/airflow/.local/lib/python3.7/site-packages/airflow/example_dags/example_xcom.py
[2023-08-27T11:24:29.874+0000] {logging_mixin.py:120} INFO - [2023-08-27T11:24:29.874+0000] {dag.py:2585} INFO - Sync 1 DAGs
[2023-08-27T11:24:29.893+0000] {logging_mixin.py:120} INFO - [2023-08-27T11:24:29.893+0000] {dag.py:3340} INFO - Setting next_dagrun for example_xcom to 2021-01-01T00:00:00+00:00, run_after=2021-01-01T00:00:00+00:00
[2023-08-27T11:24:29.912+0000] {processor.py:176} INFO - Processing /home/airflow/.local/lib/python3.7/site-packages/airflow/example_dags/example_xcom.py took 0.102 seconds
[2023-08-27T11:25:00.100+0000] {processor.py:154} INFO - Started process (PID=29406) to work on /home/airflow/.local/lib/python3.7/site-packages/airflow/example_dags/example_xcom.py
[2023-08-27T11:25:00.101+0000] {processor.py:756} INFO - Processing file /home/airflow/.local/lib/python3.7/site-packages/airflow/example_dags/example_xcom.py for tasks to queue
[2023-08-27T11:25:00.102+0000] {logging_mixin.py:120} INFO - [2023-08-27T11:25:00.102+0000] {dagbag.py:537} INFO - Filling up the DagBag from /home/airflow/.local/lib/python3.7/site-packages/airflow/example_dags/example_xcom.py
[2023-08-27T11:25:00.120+0000] {processor.py:766} INFO - DAG(s) dict_keys(['example_xcom']) retrieved from /home/airflow/.local/lib/python3.7/site-packages/airflow/example_dags/example_xcom.py
[2023-08-27T11:25:00.154+0000] {logging_mixin.py:120} INFO - [2023-08-27T11:25:00.153+0000] {dag.py:2585} INFO - Sync 1 DAGs
[2023-08-27T11:25:00.171+0000] {logging_mixin.py:120} INFO - [2023-08-27T11:25:00.171+0000] {dag.py:3340} INFO - Setting next_dagrun for example_xcom to 2021-01-01T00:00:00+00:00, run_after=2021-01-01T00:00:00+00:00
[2023-08-27T11:25:00.184+0000] {processor.py:176} INFO - Processing /home/airflow/.local/lib/python3.7/site-packages/airflow/example_dags/example_xcom.py took 0.089 seconds
[2023-08-27T11:25:30.317+0000] {processor.py:154} INFO - Started process (PID=29471) to work on /home/airflow/.local/lib/python3.7/site-packages/airflow/example_dags/example_xcom.py
[2023-08-27T11:25:30.321+0000] {processor.py:756} INFO - Processing file /home/airflow/.local/lib/python3.7/site-packages/airflow/example_dags/example_xcom.py for tasks to queue
[2023-08-27T11:25:30.322+0000] {logging_mixin.py:120} INFO - [2023-08-27T11:25:30.322+0000] {dagbag.py:537} INFO - Filling up the DagBag from /home/airflow/.local/lib/python3.7/site-packages/airflow/example_dags/example_xcom.py
[2023-08-27T11:25:30.341+0000] {processor.py:766} INFO - DAG(s) dict_keys(['example_xcom']) retrieved from /home/airflow/.local/lib/python3.7/site-packages/airflow/example_dags/example_xcom.py
[2023-08-27T11:25:30.376+0000] {logging_mixin.py:120} INFO - [2023-08-27T11:25:30.376+0000] {dag.py:2585} INFO - Sync 1 DAGs
[2023-08-27T11:25:30.392+0000] {logging_mixin.py:120} INFO - [2023-08-27T11:25:30.392+0000] {dag.py:3340} INFO - Setting next_dagrun for example_xcom to 2021-01-01T00:00:00+00:00, run_after=2021-01-01T00:00:00+00:00
[2023-08-27T11:25:30.403+0000] {processor.py:176} INFO - Processing /home/airflow/.local/lib/python3.7/site-packages/airflow/example_dags/example_xcom.py took 0.088 seconds
[2023-08-27T11:26:00.719+0000] {processor.py:154} INFO - Started process (PID=29536) to work on /home/airflow/.local/lib/python3.7/site-packages/airflow/example_dags/example_xcom.py
[2023-08-27T11:26:00.721+0000] {processor.py:756} INFO - Processing file /home/airflow/.local/lib/python3.7/site-packages/airflow/example_dags/example_xcom.py for tasks to queue
[2023-08-27T11:26:00.721+0000] {logging_mixin.py:120} INFO - [2023-08-27T11:26:00.721+0000] {dagbag.py:537} INFO - Filling up the DagBag from /home/airflow/.local/lib/python3.7/site-packages/airflow/example_dags/example_xcom.py
[2023-08-27T11:26:00.739+0000] {processor.py:766} INFO - DAG(s) dict_keys(['example_xcom']) retrieved from /home/airflow/.local/lib/python3.7/site-packages/airflow/example_dags/example_xcom.py
[2023-08-27T11:26:00.772+0000] {logging_mixin.py:120} INFO - [2023-08-27T11:26:00.772+0000] {dag.py:2585} INFO - Sync 1 DAGs
[2023-08-27T11:26:00.789+0000] {logging_mixin.py:120} INFO - [2023-08-27T11:26:00.788+0000] {dag.py:3340} INFO - Setting next_dagrun for example_xcom to 2021-01-01T00:00:00+00:00, run_after=2021-01-01T00:00:00+00:00
[2023-08-27T11:26:00.802+0000] {processor.py:176} INFO - Processing /home/airflow/.local/lib/python3.7/site-packages/airflow/example_dags/example_xcom.py took 0.090 seconds
[2023-08-27T11:26:31.083+0000] {processor.py:154} INFO - Started process (PID=29600) to work on /home/airflow/.local/lib/python3.7/site-packages/airflow/example_dags/example_xcom.py
[2023-08-27T11:26:31.085+0000] {processor.py:756} INFO - Processing file /home/airflow/.local/lib/python3.7/site-packages/airflow/example_dags/example_xcom.py for tasks to queue
[2023-08-27T11:26:31.086+0000] {logging_mixin.py:120} INFO - [2023-08-27T11:26:31.086+0000] {dagbag.py:537} INFO - Filling up the DagBag from /home/airflow/.local/lib/python3.7/site-packages/airflow/example_dags/example_xcom.py
[2023-08-27T11:26:31.104+0000] {processor.py:766} INFO - DAG(s) dict_keys(['example_xcom']) retrieved from /home/airflow/.local/lib/python3.7/site-packages/airflow/example_dags/example_xcom.py
[2023-08-27T11:26:31.138+0000] {logging_mixin.py:120} INFO - [2023-08-27T11:26:31.138+0000] {dag.py:2585} INFO - Sync 1 DAGs
[2023-08-27T11:26:31.153+0000] {logging_mixin.py:120} INFO - [2023-08-27T11:26:31.153+0000] {dag.py:3340} INFO - Setting next_dagrun for example_xcom to 2021-01-01T00:00:00+00:00, run_after=2021-01-01T00:00:00+00:00
[2023-08-27T11:26:31.167+0000] {processor.py:176} INFO - Processing /home/airflow/.local/lib/python3.7/site-packages/airflow/example_dags/example_xcom.py took 0.086 seconds
[2023-08-27T11:27:01.396+0000] {processor.py:154} INFO - Started process (PID=29657) to work on /home/airflow/.local/lib/python3.7/site-packages/airflow/example_dags/example_xcom.py
[2023-08-27T11:27:01.398+0000] {processor.py:756} INFO - Processing file /home/airflow/.local/lib/python3.7/site-packages/airflow/example_dags/example_xcom.py for tasks to queue
[2023-08-27T11:27:01.399+0000] {logging_mixin.py:120} INFO - [2023-08-27T11:27:01.399+0000] {dagbag.py:537} INFO - Filling up the DagBag from /home/airflow/.local/lib/python3.7/site-packages/airflow/example_dags/example_xcom.py
[2023-08-27T11:27:01.420+0000] {processor.py:766} INFO - DAG(s) dict_keys(['example_xcom']) retrieved from /home/airflow/.local/lib/python3.7/site-packages/airflow/example_dags/example_xcom.py
[2023-08-27T11:27:01.454+0000] {logging_mixin.py:120} INFO - [2023-08-27T11:27:01.454+0000] {dag.py:2585} INFO - Sync 1 DAGs
[2023-08-27T11:27:01.469+0000] {logging_mixin.py:120} INFO - [2023-08-27T11:27:01.469+0000] {dag.py:3340} INFO - Setting next_dagrun for example_xcom to 2021-01-01T00:00:00+00:00, run_after=2021-01-01T00:00:00+00:00
[2023-08-27T11:27:01.484+0000] {processor.py:176} INFO - Processing /home/airflow/.local/lib/python3.7/site-packages/airflow/example_dags/example_xcom.py took 0.091 seconds
[2023-08-27T11:27:31.842+0000] {processor.py:154} INFO - Started process (PID=29722) to work on /home/airflow/.local/lib/python3.7/site-packages/airflow/example_dags/example_xcom.py
[2023-08-27T11:27:31.844+0000] {processor.py:756} INFO - Processing file /home/airflow/.local/lib/python3.7/site-packages/airflow/example_dags/example_xcom.py for tasks to queue
[2023-08-27T11:27:31.846+0000] {logging_mixin.py:120} INFO - [2023-08-27T11:27:31.846+0000] {dagbag.py:537} INFO - Filling up the DagBag from /home/airflow/.local/lib/python3.7/site-packages/airflow/example_dags/example_xcom.py
[2023-08-27T11:27:31.871+0000] {processor.py:766} INFO - DAG(s) dict_keys(['example_xcom']) retrieved from /home/airflow/.local/lib/python3.7/site-packages/airflow/example_dags/example_xcom.py
[2023-08-27T11:27:31.907+0000] {logging_mixin.py:120} INFO - [2023-08-27T11:27:31.907+0000] {dag.py:2585} INFO - Sync 1 DAGs
[2023-08-27T11:27:31.921+0000] {logging_mixin.py:120} INFO - [2023-08-27T11:27:31.921+0000] {dag.py:3340} INFO - Setting next_dagrun for example_xcom to 2021-01-01T00:00:00+00:00, run_after=2021-01-01T00:00:00+00:00
[2023-08-27T11:27:31.931+0000] {processor.py:176} INFO - Processing /home/airflow/.local/lib/python3.7/site-packages/airflow/example_dags/example_xcom.py took 0.096 seconds
[2023-08-27T11:28:02.031+0000] {processor.py:154} INFO - Started process (PID=29787) to work on /home/airflow/.local/lib/python3.7/site-packages/airflow/example_dags/example_xcom.py
[2023-08-27T11:28:02.032+0000] {processor.py:756} INFO - Processing file /home/airflow/.local/lib/python3.7/site-packages/airflow/example_dags/example_xcom.py for tasks to queue
[2023-08-27T11:28:02.033+0000] {logging_mixin.py:120} INFO - [2023-08-27T11:28:02.033+0000] {dagbag.py:537} INFO - Filling up the DagBag from /home/airflow/.local/lib/python3.7/site-packages/airflow/example_dags/example_xcom.py
[2023-08-27T11:28:02.057+0000] {processor.py:766} INFO - DAG(s) dict_keys(['example_xcom']) retrieved from /home/airflow/.local/lib/python3.7/site-packages/airflow/example_dags/example_xcom.py
[2023-08-27T11:28:02.090+0000] {logging_mixin.py:120} INFO - [2023-08-27T11:28:02.090+0000] {dag.py:2585} INFO - Sync 1 DAGs
[2023-08-27T11:28:02.105+0000] {logging_mixin.py:120} INFO - [2023-08-27T11:28:02.105+0000] {dag.py:3340} INFO - Setting next_dagrun for example_xcom to 2021-01-01T00:00:00+00:00, run_after=2021-01-01T00:00:00+00:00
[2023-08-27T11:28:02.115+0000] {processor.py:176} INFO - Processing /home/airflow/.local/lib/python3.7/site-packages/airflow/example_dags/example_xcom.py took 0.090 seconds
[2023-08-27T11:28:32.395+0000] {processor.py:154} INFO - Started process (PID=29852) to work on /home/airflow/.local/lib/python3.7/site-packages/airflow/example_dags/example_xcom.py
[2023-08-27T11:28:32.397+0000] {processor.py:756} INFO - Processing file /home/airflow/.local/lib/python3.7/site-packages/airflow/example_dags/example_xcom.py for tasks to queue
[2023-08-27T11:28:32.398+0000] {logging_mixin.py:120} INFO - [2023-08-27T11:28:32.398+0000] {dagbag.py:537} INFO - Filling up the DagBag from /home/airflow/.local/lib/python3.7/site-packages/airflow/example_dags/example_xcom.py
[2023-08-27T11:28:32.426+0000] {processor.py:766} INFO - DAG(s) dict_keys(['example_xcom']) retrieved from /home/airflow/.local/lib/python3.7/site-packages/airflow/example_dags/example_xcom.py
[2023-08-27T11:28:32.469+0000] {logging_mixin.py:120} INFO - [2023-08-27T11:28:32.469+0000] {dag.py:2585} INFO - Sync 1 DAGs
[2023-08-27T11:28:32.490+0000] {logging_mixin.py:120} INFO - [2023-08-27T11:28:32.489+0000] {dag.py:3340} INFO - Setting next_dagrun for example_xcom to 2021-01-01T00:00:00+00:00, run_after=2021-01-01T00:00:00+00:00
[2023-08-27T11:28:32.503+0000] {processor.py:176} INFO - Processing /home/airflow/.local/lib/python3.7/site-packages/airflow/example_dags/example_xcom.py took 0.111 seconds
[2023-08-27T11:29:02.666+0000] {processor.py:154} INFO - Started process (PID=29917) to work on /home/airflow/.local/lib/python3.7/site-packages/airflow/example_dags/example_xcom.py
[2023-08-27T11:29:02.667+0000] {processor.py:756} INFO - Processing file /home/airflow/.local/lib/python3.7/site-packages/airflow/example_dags/example_xcom.py for tasks to queue
[2023-08-27T11:29:02.669+0000] {logging_mixin.py:120} INFO - [2023-08-27T11:29:02.668+0000] {dagbag.py:537} INFO - Filling up the DagBag from /home/airflow/.local/lib/python3.7/site-packages/airflow/example_dags/example_xcom.py
[2023-08-27T11:29:02.695+0000] {processor.py:766} INFO - DAG(s) dict_keys(['example_xcom']) retrieved from /home/airflow/.local/lib/python3.7/site-packages/airflow/example_dags/example_xcom.py
[2023-08-27T11:29:02.728+0000] {logging_mixin.py:120} INFO - [2023-08-27T11:29:02.728+0000] {dag.py:2585} INFO - Sync 1 DAGs
[2023-08-27T11:29:02.742+0000] {logging_mixin.py:120} INFO - [2023-08-27T11:29:02.742+0000] {dag.py:3340} INFO - Setting next_dagrun for example_xcom to 2021-01-01T00:00:00+00:00, run_after=2021-01-01T00:00:00+00:00
[2023-08-27T11:29:02.753+0000] {processor.py:176} INFO - Processing /home/airflow/.local/lib/python3.7/site-packages/airflow/example_dags/example_xcom.py took 0.092 seconds
[2023-08-27T11:29:32.996+0000] {processor.py:154} INFO - Started process (PID=29974) to work on /home/airflow/.local/lib/python3.7/site-packages/airflow/example_dags/example_xcom.py
[2023-08-27T11:29:32.998+0000] {processor.py:756} INFO - Processing file /home/airflow/.local/lib/python3.7/site-packages/airflow/example_dags/example_xcom.py for tasks to queue
[2023-08-27T11:29:32.999+0000] {logging_mixin.py:120} INFO - [2023-08-27T11:29:32.998+0000] {dagbag.py:537} INFO - Filling up the DagBag from /home/airflow/.local/lib/python3.7/site-packages/airflow/example_dags/example_xcom.py
[2023-08-27T11:29:33.026+0000] {processor.py:766} INFO - DAG(s) dict_keys(['example_xcom']) retrieved from /home/airflow/.local/lib/python3.7/site-packages/airflow/example_dags/example_xcom.py
[2023-08-27T11:29:33.067+0000] {logging_mixin.py:120} INFO - [2023-08-27T11:29:33.067+0000] {dag.py:2585} INFO - Sync 1 DAGs
[2023-08-27T11:29:33.084+0000] {logging_mixin.py:120} INFO - [2023-08-27T11:29:33.084+0000] {dag.py:3340} INFO - Setting next_dagrun for example_xcom to 2021-01-01T00:00:00+00:00, run_after=2021-01-01T00:00:00+00:00
[2023-08-27T11:29:33.094+0000] {processor.py:176} INFO - Processing /home/airflow/.local/lib/python3.7/site-packages/airflow/example_dags/example_xcom.py took 0.105 seconds
[2023-08-27T11:30:03.294+0000] {processor.py:154} INFO - Started process (PID=30039) to work on /home/airflow/.local/lib/python3.7/site-packages/airflow/example_dags/example_xcom.py
[2023-08-27T11:30:03.295+0000] {processor.py:756} INFO - Processing file /home/airflow/.local/lib/python3.7/site-packages/airflow/example_dags/example_xcom.py for tasks to queue
[2023-08-27T11:30:03.295+0000] {logging_mixin.py:120} INFO - [2023-08-27T11:30:03.295+0000] {dagbag.py:537} INFO - Filling up the DagBag from /home/airflow/.local/lib/python3.7/site-packages/airflow/example_dags/example_xcom.py
[2023-08-27T11:30:03.311+0000] {processor.py:766} INFO - DAG(s) dict_keys(['example_xcom']) retrieved from /home/airflow/.local/lib/python3.7/site-packages/airflow/example_dags/example_xcom.py
[2023-08-27T11:30:03.346+0000] {logging_mixin.py:120} INFO - [2023-08-27T11:30:03.346+0000] {dag.py:2585} INFO - Sync 1 DAGs
[2023-08-27T11:30:03.362+0000] {logging_mixin.py:120} INFO - [2023-08-27T11:30:03.362+0000] {dag.py:3340} INFO - Setting next_dagrun for example_xcom to 2021-01-01T00:00:00+00:00, run_after=2021-01-01T00:00:00+00:00
[2023-08-27T11:30:03.374+0000] {processor.py:176} INFO - Processing /home/airflow/.local/lib/python3.7/site-packages/airflow/example_dags/example_xcom.py took 0.083 seconds
