[2023-08-27T11:24:29.934+0000] {processor.py:154} INFO - Started process (PID=29352) to work on /home/airflow/.local/lib/python3.7/site-packages/airflow/example_dags/example_sla_dag.py
[2023-08-27T11:24:29.935+0000] {processor.py:756} INFO - Processing file /home/airflow/.local/lib/python3.7/site-packages/airflow/example_dags/example_sla_dag.py for tasks to queue
[2023-08-27T11:24:29.936+0000] {logging_mixin.py:120} INFO - [2023-08-27T11:24:29.936+0000] {dagbag.py:537} INFO - Filling up the DagBag from /home/airflow/.local/lib/python3.7/site-packages/airflow/example_dags/example_sla_dag.py
[2023-08-27T11:24:29.956+0000] {processor.py:766} INFO - DAG(s) dict_keys(['example_sla_dag']) retrieved from /home/airflow/.local/lib/python3.7/site-packages/airflow/example_dags/example_sla_dag.py
[2023-08-27T11:24:29.988+0000] {logging_mixin.py:120} INFO - [2023-08-27T11:24:29.988+0000] {dag.py:2585} INFO - Sync 1 DAGs
[2023-08-27T11:24:30.005+0000] {logging_mixin.py:120} INFO - [2023-08-27T11:24:30.005+0000] {dag.py:3340} INFO - Setting next_dagrun for example_sla_dag to 2023-08-27T11:22:00+00:00, run_after=2023-08-27T11:24:00+00:00
[2023-08-27T11:24:30.016+0000] {processor.py:176} INFO - Processing /home/airflow/.local/lib/python3.7/site-packages/airflow/example_dags/example_sla_dag.py took 0.085 seconds
[2023-08-27T11:25:00.199+0000] {processor.py:154} INFO - Started process (PID=29408) to work on /home/airflow/.local/lib/python3.7/site-packages/airflow/example_dags/example_sla_dag.py
[2023-08-27T11:25:00.200+0000] {processor.py:756} INFO - Processing file /home/airflow/.local/lib/python3.7/site-packages/airflow/example_dags/example_sla_dag.py for tasks to queue
[2023-08-27T11:25:00.200+0000] {logging_mixin.py:120} INFO - [2023-08-27T11:25:00.200+0000] {dagbag.py:537} INFO - Filling up the DagBag from /home/airflow/.local/lib/python3.7/site-packages/airflow/example_dags/example_sla_dag.py
[2023-08-27T11:25:00.215+0000] {processor.py:766} INFO - DAG(s) dict_keys(['example_sla_dag']) retrieved from /home/airflow/.local/lib/python3.7/site-packages/airflow/example_dags/example_sla_dag.py
[2023-08-27T11:25:00.240+0000] {logging_mixin.py:120} INFO - [2023-08-27T11:25:00.240+0000] {dag.py:2585} INFO - Sync 1 DAGs
[2023-08-27T11:25:00.254+0000] {logging_mixin.py:120} INFO - [2023-08-27T11:25:00.254+0000] {dag.py:3340} INFO - Setting next_dagrun for example_sla_dag to 2023-08-27T11:22:00+00:00, run_after=2023-08-27T11:24:00+00:00
[2023-08-27T11:25:00.263+0000] {processor.py:176} INFO - Processing /home/airflow/.local/lib/python3.7/site-packages/airflow/example_dags/example_sla_dag.py took 0.066 seconds
[2023-08-27T11:25:30.420+0000] {processor.py:154} INFO - Started process (PID=29473) to work on /home/airflow/.local/lib/python3.7/site-packages/airflow/example_dags/example_sla_dag.py
[2023-08-27T11:25:30.421+0000] {processor.py:756} INFO - Processing file /home/airflow/.local/lib/python3.7/site-packages/airflow/example_dags/example_sla_dag.py for tasks to queue
[2023-08-27T11:25:30.422+0000] {logging_mixin.py:120} INFO - [2023-08-27T11:25:30.422+0000] {dagbag.py:537} INFO - Filling up the DagBag from /home/airflow/.local/lib/python3.7/site-packages/airflow/example_dags/example_sla_dag.py
[2023-08-27T11:25:30.437+0000] {processor.py:766} INFO - DAG(s) dict_keys(['example_sla_dag']) retrieved from /home/airflow/.local/lib/python3.7/site-packages/airflow/example_dags/example_sla_dag.py
[2023-08-27T11:25:30.468+0000] {logging_mixin.py:120} INFO - [2023-08-27T11:25:30.468+0000] {dag.py:2585} INFO - Sync 1 DAGs
[2023-08-27T11:25:30.486+0000] {logging_mixin.py:120} INFO - [2023-08-27T11:25:30.486+0000] {dag.py:3340} INFO - Setting next_dagrun for example_sla_dag to 2023-08-27T11:22:00+00:00, run_after=2023-08-27T11:24:00+00:00
[2023-08-27T11:25:30.497+0000] {processor.py:176} INFO - Processing /home/airflow/.local/lib/python3.7/site-packages/airflow/example_dags/example_sla_dag.py took 0.080 seconds
[2023-08-27T11:26:00.820+0000] {processor.py:154} INFO - Started process (PID=29538) to work on /home/airflow/.local/lib/python3.7/site-packages/airflow/example_dags/example_sla_dag.py
[2023-08-27T11:26:00.821+0000] {processor.py:756} INFO - Processing file /home/airflow/.local/lib/python3.7/site-packages/airflow/example_dags/example_sla_dag.py for tasks to queue
[2023-08-27T11:26:00.822+0000] {logging_mixin.py:120} INFO - [2023-08-27T11:26:00.822+0000] {dagbag.py:537} INFO - Filling up the DagBag from /home/airflow/.local/lib/python3.7/site-packages/airflow/example_dags/example_sla_dag.py
[2023-08-27T11:26:00.840+0000] {processor.py:766} INFO - DAG(s) dict_keys(['example_sla_dag']) retrieved from /home/airflow/.local/lib/python3.7/site-packages/airflow/example_dags/example_sla_dag.py
[2023-08-27T11:26:00.870+0000] {logging_mixin.py:120} INFO - [2023-08-27T11:26:00.870+0000] {dag.py:2585} INFO - Sync 1 DAGs
[2023-08-27T11:26:00.890+0000] {logging_mixin.py:120} INFO - [2023-08-27T11:26:00.889+0000] {dag.py:3340} INFO - Setting next_dagrun for example_sla_dag to 2023-08-27T11:24:00+00:00, run_after=2023-08-27T11:26:00+00:00
[2023-08-27T11:26:00.901+0000] {processor.py:176} INFO - Processing /home/airflow/.local/lib/python3.7/site-packages/airflow/example_dags/example_sla_dag.py took 0.084 seconds
[2023-08-27T11:26:31.185+0000] {processor.py:154} INFO - Started process (PID=29602) to work on /home/airflow/.local/lib/python3.7/site-packages/airflow/example_dags/example_sla_dag.py
[2023-08-27T11:26:31.186+0000] {processor.py:756} INFO - Processing file /home/airflow/.local/lib/python3.7/site-packages/airflow/example_dags/example_sla_dag.py for tasks to queue
[2023-08-27T11:26:31.187+0000] {logging_mixin.py:120} INFO - [2023-08-27T11:26:31.187+0000] {dagbag.py:537} INFO - Filling up the DagBag from /home/airflow/.local/lib/python3.7/site-packages/airflow/example_dags/example_sla_dag.py
[2023-08-27T11:26:31.204+0000] {processor.py:766} INFO - DAG(s) dict_keys(['example_sla_dag']) retrieved from /home/airflow/.local/lib/python3.7/site-packages/airflow/example_dags/example_sla_dag.py
[2023-08-27T11:26:31.235+0000] {logging_mixin.py:120} INFO - [2023-08-27T11:26:31.235+0000] {dag.py:2585} INFO - Sync 1 DAGs
[2023-08-27T11:26:31.253+0000] {logging_mixin.py:120} INFO - [2023-08-27T11:26:31.252+0000] {dag.py:3340} INFO - Setting next_dagrun for example_sla_dag to 2023-08-27T11:24:00+00:00, run_after=2023-08-27T11:26:00+00:00
[2023-08-27T11:26:31.267+0000] {processor.py:176} INFO - Processing /home/airflow/.local/lib/python3.7/site-packages/airflow/example_dags/example_sla_dag.py took 0.085 seconds
[2023-08-27T11:27:01.502+0000] {processor.py:154} INFO - Started process (PID=29659) to work on /home/airflow/.local/lib/python3.7/site-packages/airflow/example_dags/example_sla_dag.py
[2023-08-27T11:27:01.504+0000] {processor.py:756} INFO - Processing file /home/airflow/.local/lib/python3.7/site-packages/airflow/example_dags/example_sla_dag.py for tasks to queue
[2023-08-27T11:27:01.505+0000] {logging_mixin.py:120} INFO - [2023-08-27T11:27:01.505+0000] {dagbag.py:537} INFO - Filling up the DagBag from /home/airflow/.local/lib/python3.7/site-packages/airflow/example_dags/example_sla_dag.py
[2023-08-27T11:27:01.523+0000] {processor.py:766} INFO - DAG(s) dict_keys(['example_sla_dag']) retrieved from /home/airflow/.local/lib/python3.7/site-packages/airflow/example_dags/example_sla_dag.py
[2023-08-27T11:27:01.555+0000] {logging_mixin.py:120} INFO - [2023-08-27T11:27:01.554+0000] {dag.py:2585} INFO - Sync 1 DAGs
[2023-08-27T11:27:01.574+0000] {logging_mixin.py:120} INFO - [2023-08-27T11:27:01.574+0000] {dag.py:3340} INFO - Setting next_dagrun for example_sla_dag to 2023-08-27T11:24:00+00:00, run_after=2023-08-27T11:26:00+00:00
[2023-08-27T11:27:01.594+0000] {processor.py:176} INFO - Processing /home/airflow/.local/lib/python3.7/site-packages/airflow/example_dags/example_sla_dag.py took 0.095 seconds
[2023-08-27T11:27:31.947+0000] {processor.py:154} INFO - Started process (PID=29724) to work on /home/airflow/.local/lib/python3.7/site-packages/airflow/example_dags/example_sla_dag.py
[2023-08-27T11:27:31.947+0000] {processor.py:756} INFO - Processing file /home/airflow/.local/lib/python3.7/site-packages/airflow/example_dags/example_sla_dag.py for tasks to queue
[2023-08-27T11:27:31.948+0000] {logging_mixin.py:120} INFO - [2023-08-27T11:27:31.948+0000] {dagbag.py:537} INFO - Filling up the DagBag from /home/airflow/.local/lib/python3.7/site-packages/airflow/example_dags/example_sla_dag.py
[2023-08-27T11:27:31.963+0000] {processor.py:766} INFO - DAG(s) dict_keys(['example_sla_dag']) retrieved from /home/airflow/.local/lib/python3.7/site-packages/airflow/example_dags/example_sla_dag.py
[2023-08-27T11:27:31.989+0000] {logging_mixin.py:120} INFO - [2023-08-27T11:27:31.989+0000] {dag.py:2585} INFO - Sync 1 DAGs
[2023-08-27T11:27:32.005+0000] {logging_mixin.py:120} INFO - [2023-08-27T11:27:32.004+0000] {dag.py:3340} INFO - Setting next_dagrun for example_sla_dag to 2023-08-27T11:24:00+00:00, run_after=2023-08-27T11:26:00+00:00
[2023-08-27T11:27:32.015+0000] {processor.py:176} INFO - Processing /home/airflow/.local/lib/python3.7/site-packages/airflow/example_dags/example_sla_dag.py took 0.070 seconds
[2023-08-27T11:28:02.131+0000] {processor.py:154} INFO - Started process (PID=29789) to work on /home/airflow/.local/lib/python3.7/site-packages/airflow/example_dags/example_sla_dag.py
[2023-08-27T11:28:02.131+0000] {processor.py:756} INFO - Processing file /home/airflow/.local/lib/python3.7/site-packages/airflow/example_dags/example_sla_dag.py for tasks to queue
[2023-08-27T11:28:02.132+0000] {logging_mixin.py:120} INFO - [2023-08-27T11:28:02.132+0000] {dagbag.py:537} INFO - Filling up the DagBag from /home/airflow/.local/lib/python3.7/site-packages/airflow/example_dags/example_sla_dag.py
[2023-08-27T11:28:02.149+0000] {processor.py:766} INFO - DAG(s) dict_keys(['example_sla_dag']) retrieved from /home/airflow/.local/lib/python3.7/site-packages/airflow/example_dags/example_sla_dag.py
[2023-08-27T11:28:02.186+0000] {logging_mixin.py:120} INFO - [2023-08-27T11:28:02.186+0000] {dag.py:2585} INFO - Sync 1 DAGs
[2023-08-27T11:28:02.200+0000] {logging_mixin.py:120} INFO - [2023-08-27T11:28:02.200+0000] {dag.py:3340} INFO - Setting next_dagrun for example_sla_dag to 2023-08-27T11:26:00+00:00, run_after=2023-08-27T11:28:00+00:00
[2023-08-27T11:28:02.210+0000] {processor.py:176} INFO - Processing /home/airflow/.local/lib/python3.7/site-packages/airflow/example_dags/example_sla_dag.py took 0.081 seconds
[2023-08-27T11:28:32.521+0000] {processor.py:154} INFO - Started process (PID=29854) to work on /home/airflow/.local/lib/python3.7/site-packages/airflow/example_dags/example_sla_dag.py
[2023-08-27T11:28:32.522+0000] {processor.py:756} INFO - Processing file /home/airflow/.local/lib/python3.7/site-packages/airflow/example_dags/example_sla_dag.py for tasks to queue
[2023-08-27T11:28:32.523+0000] {logging_mixin.py:120} INFO - [2023-08-27T11:28:32.523+0000] {dagbag.py:537} INFO - Filling up the DagBag from /home/airflow/.local/lib/python3.7/site-packages/airflow/example_dags/example_sla_dag.py
[2023-08-27T11:28:32.539+0000] {processor.py:766} INFO - DAG(s) dict_keys(['example_sla_dag']) retrieved from /home/airflow/.local/lib/python3.7/site-packages/airflow/example_dags/example_sla_dag.py
[2023-08-27T11:28:32.567+0000] {logging_mixin.py:120} INFO - [2023-08-27T11:28:32.566+0000] {dag.py:2585} INFO - Sync 1 DAGs
[2023-08-27T11:28:32.582+0000] {logging_mixin.py:120} INFO - [2023-08-27T11:28:32.582+0000] {dag.py:3340} INFO - Setting next_dagrun for example_sla_dag to 2023-08-27T11:26:00+00:00, run_after=2023-08-27T11:28:00+00:00
[2023-08-27T11:28:32.599+0000] {processor.py:176} INFO - Processing /home/airflow/.local/lib/python3.7/site-packages/airflow/example_dags/example_sla_dag.py took 0.080 seconds
[2023-08-27T11:29:02.768+0000] {processor.py:154} INFO - Started process (PID=29919) to work on /home/airflow/.local/lib/python3.7/site-packages/airflow/example_dags/example_sla_dag.py
[2023-08-27T11:29:02.768+0000] {processor.py:756} INFO - Processing file /home/airflow/.local/lib/python3.7/site-packages/airflow/example_dags/example_sla_dag.py for tasks to queue
[2023-08-27T11:29:02.769+0000] {logging_mixin.py:120} INFO - [2023-08-27T11:29:02.769+0000] {dagbag.py:537} INFO - Filling up the DagBag from /home/airflow/.local/lib/python3.7/site-packages/airflow/example_dags/example_sla_dag.py
[2023-08-27T11:29:02.784+0000] {processor.py:766} INFO - DAG(s) dict_keys(['example_sla_dag']) retrieved from /home/airflow/.local/lib/python3.7/site-packages/airflow/example_dags/example_sla_dag.py
[2023-08-27T11:29:02.809+0000] {logging_mixin.py:120} INFO - [2023-08-27T11:29:02.808+0000] {dag.py:2585} INFO - Sync 1 DAGs
[2023-08-27T11:29:02.823+0000] {logging_mixin.py:120} INFO - [2023-08-27T11:29:02.823+0000] {dag.py:3340} INFO - Setting next_dagrun for example_sla_dag to 2023-08-27T11:26:00+00:00, run_after=2023-08-27T11:28:00+00:00
[2023-08-27T11:29:02.833+0000] {processor.py:176} INFO - Processing /home/airflow/.local/lib/python3.7/site-packages/airflow/example_dags/example_sla_dag.py took 0.067 seconds
[2023-08-27T11:29:33.112+0000] {processor.py:154} INFO - Started process (PID=29976) to work on /home/airflow/.local/lib/python3.7/site-packages/airflow/example_dags/example_sla_dag.py
[2023-08-27T11:29:33.113+0000] {processor.py:756} INFO - Processing file /home/airflow/.local/lib/python3.7/site-packages/airflow/example_dags/example_sla_dag.py for tasks to queue
[2023-08-27T11:29:33.114+0000] {logging_mixin.py:120} INFO - [2023-08-27T11:29:33.114+0000] {dagbag.py:537} INFO - Filling up the DagBag from /home/airflow/.local/lib/python3.7/site-packages/airflow/example_dags/example_sla_dag.py
[2023-08-27T11:29:33.136+0000] {processor.py:766} INFO - DAG(s) dict_keys(['example_sla_dag']) retrieved from /home/airflow/.local/lib/python3.7/site-packages/airflow/example_dags/example_sla_dag.py
[2023-08-27T11:29:33.166+0000] {logging_mixin.py:120} INFO - [2023-08-27T11:29:33.166+0000] {dag.py:2585} INFO - Sync 1 DAGs
[2023-08-27T11:29:33.180+0000] {logging_mixin.py:120} INFO - [2023-08-27T11:29:33.180+0000] {dag.py:3340} INFO - Setting next_dagrun for example_sla_dag to 2023-08-27T11:26:00+00:00, run_after=2023-08-27T11:28:00+00:00
[2023-08-27T11:29:33.190+0000] {processor.py:176} INFO - Processing /home/airflow/.local/lib/python3.7/site-packages/airflow/example_dags/example_sla_dag.py took 0.082 seconds
[2023-08-27T11:30:03.393+0000] {processor.py:154} INFO - Started process (PID=30041) to work on /home/airflow/.local/lib/python3.7/site-packages/airflow/example_dags/example_sla_dag.py
[2023-08-27T11:30:03.394+0000] {processor.py:756} INFO - Processing file /home/airflow/.local/lib/python3.7/site-packages/airflow/example_dags/example_sla_dag.py for tasks to queue
[2023-08-27T11:30:03.395+0000] {logging_mixin.py:120} INFO - [2023-08-27T11:30:03.395+0000] {dagbag.py:537} INFO - Filling up the DagBag from /home/airflow/.local/lib/python3.7/site-packages/airflow/example_dags/example_sla_dag.py
[2023-08-27T11:30:03.412+0000] {processor.py:766} INFO - DAG(s) dict_keys(['example_sla_dag']) retrieved from /home/airflow/.local/lib/python3.7/site-packages/airflow/example_dags/example_sla_dag.py
[2023-08-27T11:30:03.441+0000] {logging_mixin.py:120} INFO - [2023-08-27T11:30:03.441+0000] {dag.py:2585} INFO - Sync 1 DAGs
[2023-08-27T11:30:03.456+0000] {logging_mixin.py:120} INFO - [2023-08-27T11:30:03.456+0000] {dag.py:3340} INFO - Setting next_dagrun for example_sla_dag to 2023-08-27T11:28:00+00:00, run_after=2023-08-27T11:30:00+00:00
[2023-08-27T11:30:03.466+0000] {processor.py:176} INFO - Processing /home/airflow/.local/lib/python3.7/site-packages/airflow/example_dags/example_sla_dag.py took 0.077 seconds
