[2023-08-27T11:24:28.551+0000] {processor.py:154} INFO - Started process (PID=29337) to work on /home/airflow/.local/lib/python3.7/site-packages/airflow/example_dags/example_external_task_marker_dag.py
[2023-08-27T11:24:28.552+0000] {processor.py:756} INFO - Processing file /home/airflow/.local/lib/python3.7/site-packages/airflow/example_dags/example_external_task_marker_dag.py for tasks to queue
[2023-08-27T11:24:28.553+0000] {logging_mixin.py:120} INFO - [2023-08-27T11:24:28.553+0000] {dagbag.py:537} INFO - Filling up the DagBag from /home/airflow/.local/lib/python3.7/site-packages/airflow/example_dags/example_external_task_marker_dag.py
[2023-08-27T11:24:28.567+0000] {processor.py:766} INFO - DAG(s) dict_keys(['example_external_task_marker_parent', 'example_external_task_marker_child']) retrieved from /home/airflow/.local/lib/python3.7/site-packages/airflow/example_dags/example_external_task_marker_dag.py
[2023-08-27T11:24:28.671+0000] {logging_mixin.py:120} INFO - [2023-08-27T11:24:28.671+0000] {dag.py:2585} INFO - Sync 2 DAGs
[2023-08-27T11:24:28.684+0000] {logging_mixin.py:120} INFO - [2023-08-27T11:24:28.684+0000] {dag.py:3340} INFO - Setting next_dagrun for example_external_task_marker_child to None, run_after=None
[2023-08-27T11:24:28.687+0000] {logging_mixin.py:120} INFO - [2023-08-27T11:24:28.687+0000] {dag.py:3340} INFO - Setting next_dagrun for example_external_task_marker_parent to None, run_after=None
[2023-08-27T11:24:28.697+0000] {processor.py:176} INFO - Processing /home/airflow/.local/lib/python3.7/site-packages/airflow/example_dags/example_external_task_marker_dag.py took 0.152 seconds
[2023-08-27T11:24:58.803+0000] {processor.py:154} INFO - Started process (PID=29402) to work on /home/airflow/.local/lib/python3.7/site-packages/airflow/example_dags/example_external_task_marker_dag.py
[2023-08-27T11:24:58.805+0000] {processor.py:756} INFO - Processing file /home/airflow/.local/lib/python3.7/site-packages/airflow/example_dags/example_external_task_marker_dag.py for tasks to queue
[2023-08-27T11:24:58.806+0000] {logging_mixin.py:120} INFO - [2023-08-27T11:24:58.805+0000] {dagbag.py:537} INFO - Filling up the DagBag from /home/airflow/.local/lib/python3.7/site-packages/airflow/example_dags/example_external_task_marker_dag.py
[2023-08-27T11:24:58.820+0000] {processor.py:766} INFO - DAG(s) dict_keys(['example_external_task_marker_child', 'example_external_task_marker_parent']) retrieved from /home/airflow/.local/lib/python3.7/site-packages/airflow/example_dags/example_external_task_marker_dag.py
[2023-08-27T11:24:58.936+0000] {logging_mixin.py:120} INFO - [2023-08-27T11:24:58.936+0000] {dag.py:2585} INFO - Sync 2 DAGs
[2023-08-27T11:24:58.951+0000] {logging_mixin.py:120} INFO - [2023-08-27T11:24:58.951+0000] {dag.py:3340} INFO - Setting next_dagrun for example_external_task_marker_child to None, run_after=None
[2023-08-27T11:24:58.953+0000] {logging_mixin.py:120} INFO - [2023-08-27T11:24:58.953+0000] {dag.py:3340} INFO - Setting next_dagrun for example_external_task_marker_parent to None, run_after=None
[2023-08-27T11:24:58.964+0000] {processor.py:176} INFO - Processing /home/airflow/.local/lib/python3.7/site-packages/airflow/example_dags/example_external_task_marker_dag.py took 0.166 seconds
[2023-08-27T11:25:29.059+0000] {processor.py:154} INFO - Started process (PID=29467) to work on /home/airflow/.local/lib/python3.7/site-packages/airflow/example_dags/example_external_task_marker_dag.py
[2023-08-27T11:25:29.061+0000] {processor.py:756} INFO - Processing file /home/airflow/.local/lib/python3.7/site-packages/airflow/example_dags/example_external_task_marker_dag.py for tasks to queue
[2023-08-27T11:25:29.062+0000] {logging_mixin.py:120} INFO - [2023-08-27T11:25:29.062+0000] {dagbag.py:537} INFO - Filling up the DagBag from /home/airflow/.local/lib/python3.7/site-packages/airflow/example_dags/example_external_task_marker_dag.py
[2023-08-27T11:25:29.071+0000] {processor.py:766} INFO - DAG(s) dict_keys(['example_external_task_marker_child', 'example_external_task_marker_parent']) retrieved from /home/airflow/.local/lib/python3.7/site-packages/airflow/example_dags/example_external_task_marker_dag.py
[2023-08-27T11:25:29.169+0000] {logging_mixin.py:120} INFO - [2023-08-27T11:25:29.169+0000] {dag.py:2585} INFO - Sync 2 DAGs
[2023-08-27T11:25:29.185+0000] {logging_mixin.py:120} INFO - [2023-08-27T11:25:29.185+0000] {dag.py:3340} INFO - Setting next_dagrun for example_external_task_marker_child to None, run_after=None
[2023-08-27T11:25:29.187+0000] {logging_mixin.py:120} INFO - [2023-08-27T11:25:29.187+0000] {dag.py:3340} INFO - Setting next_dagrun for example_external_task_marker_parent to None, run_after=None
[2023-08-27T11:25:29.197+0000] {processor.py:176} INFO - Processing /home/airflow/.local/lib/python3.7/site-packages/airflow/example_dags/example_external_task_marker_dag.py took 0.140 seconds
[2023-08-27T11:25:59.434+0000] {processor.py:154} INFO - Started process (PID=29532) to work on /home/airflow/.local/lib/python3.7/site-packages/airflow/example_dags/example_external_task_marker_dag.py
[2023-08-27T11:25:59.435+0000] {processor.py:756} INFO - Processing file /home/airflow/.local/lib/python3.7/site-packages/airflow/example_dags/example_external_task_marker_dag.py for tasks to queue
[2023-08-27T11:25:59.436+0000] {logging_mixin.py:120} INFO - [2023-08-27T11:25:59.436+0000] {dagbag.py:537} INFO - Filling up the DagBag from /home/airflow/.local/lib/python3.7/site-packages/airflow/example_dags/example_external_task_marker_dag.py
[2023-08-27T11:25:59.454+0000] {processor.py:766} INFO - DAG(s) dict_keys(['example_external_task_marker_child', 'example_external_task_marker_parent']) retrieved from /home/airflow/.local/lib/python3.7/site-packages/airflow/example_dags/example_external_task_marker_dag.py
[2023-08-27T11:25:59.575+0000] {logging_mixin.py:120} INFO - [2023-08-27T11:25:59.574+0000] {dag.py:2585} INFO - Sync 2 DAGs
[2023-08-27T11:25:59.588+0000] {logging_mixin.py:120} INFO - [2023-08-27T11:25:59.587+0000] {dag.py:3340} INFO - Setting next_dagrun for example_external_task_marker_child to None, run_after=None
[2023-08-27T11:25:59.589+0000] {logging_mixin.py:120} INFO - [2023-08-27T11:25:59.589+0000] {dag.py:3340} INFO - Setting next_dagrun for example_external_task_marker_parent to None, run_after=None
[2023-08-27T11:25:59.598+0000] {processor.py:176} INFO - Processing /home/airflow/.local/lib/python3.7/site-packages/airflow/example_dags/example_external_task_marker_dag.py took 0.167 seconds
[2023-08-27T11:26:29.693+0000] {processor.py:154} INFO - Started process (PID=29596) to work on /home/airflow/.local/lib/python3.7/site-packages/airflow/example_dags/example_external_task_marker_dag.py
[2023-08-27T11:26:29.695+0000] {processor.py:756} INFO - Processing file /home/airflow/.local/lib/python3.7/site-packages/airflow/example_dags/example_external_task_marker_dag.py for tasks to queue
[2023-08-27T11:26:29.696+0000] {logging_mixin.py:120} INFO - [2023-08-27T11:26:29.696+0000] {dagbag.py:537} INFO - Filling up the DagBag from /home/airflow/.local/lib/python3.7/site-packages/airflow/example_dags/example_external_task_marker_dag.py
[2023-08-27T11:26:29.712+0000] {processor.py:766} INFO - DAG(s) dict_keys(['example_external_task_marker_child', 'example_external_task_marker_parent']) retrieved from /home/airflow/.local/lib/python3.7/site-packages/airflow/example_dags/example_external_task_marker_dag.py
[2023-08-27T11:26:29.896+0000] {logging_mixin.py:120} INFO - [2023-08-27T11:26:29.895+0000] {dag.py:2585} INFO - Sync 2 DAGs
[2023-08-27T11:26:29.912+0000] {logging_mixin.py:120} INFO - [2023-08-27T11:26:29.912+0000] {dag.py:3340} INFO - Setting next_dagrun for example_external_task_marker_child to None, run_after=None
[2023-08-27T11:26:29.914+0000] {logging_mixin.py:120} INFO - [2023-08-27T11:26:29.914+0000] {dag.py:3340} INFO - Setting next_dagrun for example_external_task_marker_parent to None, run_after=None
[2023-08-27T11:26:29.927+0000] {processor.py:176} INFO - Processing /home/airflow/.local/lib/python3.7/site-packages/airflow/example_dags/example_external_task_marker_dag.py took 0.238 seconds
[2023-08-27T11:27:00.104+0000] {processor.py:154} INFO - Started process (PID=29653) to work on /home/airflow/.local/lib/python3.7/site-packages/airflow/example_dags/example_external_task_marker_dag.py
[2023-08-27T11:27:00.105+0000] {processor.py:756} INFO - Processing file /home/airflow/.local/lib/python3.7/site-packages/airflow/example_dags/example_external_task_marker_dag.py for tasks to queue
[2023-08-27T11:27:00.106+0000] {logging_mixin.py:120} INFO - [2023-08-27T11:27:00.106+0000] {dagbag.py:537} INFO - Filling up the DagBag from /home/airflow/.local/lib/python3.7/site-packages/airflow/example_dags/example_external_task_marker_dag.py
[2023-08-27T11:27:00.118+0000] {processor.py:766} INFO - DAG(s) dict_keys(['example_external_task_marker_parent', 'example_external_task_marker_child']) retrieved from /home/airflow/.local/lib/python3.7/site-packages/airflow/example_dags/example_external_task_marker_dag.py
[2023-08-27T11:27:00.229+0000] {logging_mixin.py:120} INFO - [2023-08-27T11:27:00.229+0000] {dag.py:2585} INFO - Sync 2 DAGs
[2023-08-27T11:27:00.246+0000] {logging_mixin.py:120} INFO - [2023-08-27T11:27:00.245+0000] {dag.py:3340} INFO - Setting next_dagrun for example_external_task_marker_child to None, run_after=None
[2023-08-27T11:27:00.248+0000] {logging_mixin.py:120} INFO - [2023-08-27T11:27:00.248+0000] {dag.py:3340} INFO - Setting next_dagrun for example_external_task_marker_parent to None, run_after=None
[2023-08-27T11:27:00.259+0000] {processor.py:176} INFO - Processing /home/airflow/.local/lib/python3.7/site-packages/airflow/example_dags/example_external_task_marker_dag.py took 0.159 seconds
[2023-08-27T11:27:30.576+0000] {processor.py:154} INFO - Started process (PID=29718) to work on /home/airflow/.local/lib/python3.7/site-packages/airflow/example_dags/example_external_task_marker_dag.py
[2023-08-27T11:27:30.577+0000] {processor.py:756} INFO - Processing file /home/airflow/.local/lib/python3.7/site-packages/airflow/example_dags/example_external_task_marker_dag.py for tasks to queue
[2023-08-27T11:27:30.577+0000] {logging_mixin.py:120} INFO - [2023-08-27T11:27:30.577+0000] {dagbag.py:537} INFO - Filling up the DagBag from /home/airflow/.local/lib/python3.7/site-packages/airflow/example_dags/example_external_task_marker_dag.py
[2023-08-27T11:27:30.587+0000] {processor.py:766} INFO - DAG(s) dict_keys(['example_external_task_marker_child', 'example_external_task_marker_parent']) retrieved from /home/airflow/.local/lib/python3.7/site-packages/airflow/example_dags/example_external_task_marker_dag.py
[2023-08-27T11:27:30.685+0000] {logging_mixin.py:120} INFO - [2023-08-27T11:27:30.685+0000] {dag.py:2585} INFO - Sync 2 DAGs
[2023-08-27T11:27:30.701+0000] {logging_mixin.py:120} INFO - [2023-08-27T11:27:30.701+0000] {dag.py:3340} INFO - Setting next_dagrun for example_external_task_marker_child to None, run_after=None
[2023-08-27T11:27:30.703+0000] {logging_mixin.py:120} INFO - [2023-08-27T11:27:30.703+0000] {dag.py:3340} INFO - Setting next_dagrun for example_external_task_marker_parent to None, run_after=None
[2023-08-27T11:27:30.714+0000] {processor.py:176} INFO - Processing /home/airflow/.local/lib/python3.7/site-packages/airflow/example_dags/example_external_task_marker_dag.py took 0.141 seconds
[2023-08-27T11:28:00.771+0000] {processor.py:154} INFO - Started process (PID=29783) to work on /home/airflow/.local/lib/python3.7/site-packages/airflow/example_dags/example_external_task_marker_dag.py
[2023-08-27T11:28:00.772+0000] {processor.py:756} INFO - Processing file /home/airflow/.local/lib/python3.7/site-packages/airflow/example_dags/example_external_task_marker_dag.py for tasks to queue
[2023-08-27T11:28:00.772+0000] {logging_mixin.py:120} INFO - [2023-08-27T11:28:00.772+0000] {dagbag.py:537} INFO - Filling up the DagBag from /home/airflow/.local/lib/python3.7/site-packages/airflow/example_dags/example_external_task_marker_dag.py
[2023-08-27T11:28:00.781+0000] {processor.py:766} INFO - DAG(s) dict_keys(['example_external_task_marker_parent', 'example_external_task_marker_child']) retrieved from /home/airflow/.local/lib/python3.7/site-packages/airflow/example_dags/example_external_task_marker_dag.py
[2023-08-27T11:28:00.885+0000] {logging_mixin.py:120} INFO - [2023-08-27T11:28:00.885+0000] {dag.py:2585} INFO - Sync 2 DAGs
[2023-08-27T11:28:00.898+0000] {logging_mixin.py:120} INFO - [2023-08-27T11:28:00.898+0000] {dag.py:3340} INFO - Setting next_dagrun for example_external_task_marker_child to None, run_after=None
[2023-08-27T11:28:00.900+0000] {logging_mixin.py:120} INFO - [2023-08-27T11:28:00.900+0000] {dag.py:3340} INFO - Setting next_dagrun for example_external_task_marker_parent to None, run_after=None
[2023-08-27T11:28:00.910+0000] {processor.py:176} INFO - Processing /home/airflow/.local/lib/python3.7/site-packages/airflow/example_dags/example_external_task_marker_dag.py took 0.142 seconds
[2023-08-27T11:28:31.124+0000] {processor.py:154} INFO - Started process (PID=29848) to work on /home/airflow/.local/lib/python3.7/site-packages/airflow/example_dags/example_external_task_marker_dag.py
[2023-08-27T11:28:31.124+0000] {processor.py:756} INFO - Processing file /home/airflow/.local/lib/python3.7/site-packages/airflow/example_dags/example_external_task_marker_dag.py for tasks to queue
[2023-08-27T11:28:31.125+0000] {logging_mixin.py:120} INFO - [2023-08-27T11:28:31.125+0000] {dagbag.py:537} INFO - Filling up the DagBag from /home/airflow/.local/lib/python3.7/site-packages/airflow/example_dags/example_external_task_marker_dag.py
[2023-08-27T11:28:31.134+0000] {processor.py:766} INFO - DAG(s) dict_keys(['example_external_task_marker_child', 'example_external_task_marker_parent']) retrieved from /home/airflow/.local/lib/python3.7/site-packages/airflow/example_dags/example_external_task_marker_dag.py
[2023-08-27T11:28:31.244+0000] {logging_mixin.py:120} INFO - [2023-08-27T11:28:31.244+0000] {dag.py:2585} INFO - Sync 2 DAGs
[2023-08-27T11:28:31.256+0000] {logging_mixin.py:120} INFO - [2023-08-27T11:28:31.256+0000] {dag.py:3340} INFO - Setting next_dagrun for example_external_task_marker_child to None, run_after=None
[2023-08-27T11:28:31.258+0000] {logging_mixin.py:120} INFO - [2023-08-27T11:28:31.258+0000] {dag.py:3340} INFO - Setting next_dagrun for example_external_task_marker_parent to None, run_after=None
[2023-08-27T11:28:31.268+0000] {processor.py:176} INFO - Processing /home/airflow/.local/lib/python3.7/site-packages/airflow/example_dags/example_external_task_marker_dag.py took 0.146 seconds
[2023-08-27T11:29:01.331+0000] {processor.py:154} INFO - Started process (PID=29913) to work on /home/airflow/.local/lib/python3.7/site-packages/airflow/example_dags/example_external_task_marker_dag.py
[2023-08-27T11:29:01.332+0000] {processor.py:756} INFO - Processing file /home/airflow/.local/lib/python3.7/site-packages/airflow/example_dags/example_external_task_marker_dag.py for tasks to queue
[2023-08-27T11:29:01.332+0000] {logging_mixin.py:120} INFO - [2023-08-27T11:29:01.332+0000] {dagbag.py:537} INFO - Filling up the DagBag from /home/airflow/.local/lib/python3.7/site-packages/airflow/example_dags/example_external_task_marker_dag.py
[2023-08-27T11:29:01.342+0000] {processor.py:766} INFO - DAG(s) dict_keys(['example_external_task_marker_child', 'example_external_task_marker_parent']) retrieved from /home/airflow/.local/lib/python3.7/site-packages/airflow/example_dags/example_external_task_marker_dag.py
[2023-08-27T11:29:01.451+0000] {logging_mixin.py:120} INFO - [2023-08-27T11:29:01.451+0000] {dag.py:2585} INFO - Sync 2 DAGs
[2023-08-27T11:29:01.471+0000] {logging_mixin.py:120} INFO - [2023-08-27T11:29:01.471+0000] {dag.py:3340} INFO - Setting next_dagrun for example_external_task_marker_child to None, run_after=None
[2023-08-27T11:29:01.473+0000] {logging_mixin.py:120} INFO - [2023-08-27T11:29:01.473+0000] {dag.py:3340} INFO - Setting next_dagrun for example_external_task_marker_parent to None, run_after=None
[2023-08-27T11:29:01.490+0000] {processor.py:176} INFO - Processing /home/airflow/.local/lib/python3.7/site-packages/airflow/example_dags/example_external_task_marker_dag.py took 0.161 seconds
[2023-08-27T11:29:31.655+0000] {processor.py:154} INFO - Started process (PID=29970) to work on /home/airflow/.local/lib/python3.7/site-packages/airflow/example_dags/example_external_task_marker_dag.py
[2023-08-27T11:29:31.656+0000] {processor.py:756} INFO - Processing file /home/airflow/.local/lib/python3.7/site-packages/airflow/example_dags/example_external_task_marker_dag.py for tasks to queue
[2023-08-27T11:29:31.656+0000] {logging_mixin.py:120} INFO - [2023-08-27T11:29:31.656+0000] {dagbag.py:537} INFO - Filling up the DagBag from /home/airflow/.local/lib/python3.7/site-packages/airflow/example_dags/example_external_task_marker_dag.py
[2023-08-27T11:29:31.665+0000] {processor.py:766} INFO - DAG(s) dict_keys(['example_external_task_marker_child', 'example_external_task_marker_parent']) retrieved from /home/airflow/.local/lib/python3.7/site-packages/airflow/example_dags/example_external_task_marker_dag.py
[2023-08-27T11:29:31.774+0000] {logging_mixin.py:120} INFO - [2023-08-27T11:29:31.774+0000] {dag.py:2585} INFO - Sync 2 DAGs
[2023-08-27T11:29:31.787+0000] {logging_mixin.py:120} INFO - [2023-08-27T11:29:31.787+0000] {dag.py:3340} INFO - Setting next_dagrun for example_external_task_marker_child to None, run_after=None
[2023-08-27T11:29:31.789+0000] {logging_mixin.py:120} INFO - [2023-08-27T11:29:31.788+0000] {dag.py:3340} INFO - Setting next_dagrun for example_external_task_marker_parent to None, run_after=None
[2023-08-27T11:29:31.797+0000] {processor.py:176} INFO - Processing /home/airflow/.local/lib/python3.7/site-packages/airflow/example_dags/example_external_task_marker_dag.py took 0.145 seconds
[2023-08-27T11:30:02.048+0000] {processor.py:154} INFO - Started process (PID=30035) to work on /home/airflow/.local/lib/python3.7/site-packages/airflow/example_dags/example_external_task_marker_dag.py
[2023-08-27T11:30:02.049+0000] {processor.py:756} INFO - Processing file /home/airflow/.local/lib/python3.7/site-packages/airflow/example_dags/example_external_task_marker_dag.py for tasks to queue
[2023-08-27T11:30:02.049+0000] {logging_mixin.py:120} INFO - [2023-08-27T11:30:02.049+0000] {dagbag.py:537} INFO - Filling up the DagBag from /home/airflow/.local/lib/python3.7/site-packages/airflow/example_dags/example_external_task_marker_dag.py
[2023-08-27T11:30:02.058+0000] {processor.py:766} INFO - DAG(s) dict_keys(['example_external_task_marker_child', 'example_external_task_marker_parent']) retrieved from /home/airflow/.local/lib/python3.7/site-packages/airflow/example_dags/example_external_task_marker_dag.py
[2023-08-27T11:30:02.167+0000] {logging_mixin.py:120} INFO - [2023-08-27T11:30:02.167+0000] {dag.py:2585} INFO - Sync 2 DAGs
[2023-08-27T11:30:02.179+0000] {logging_mixin.py:120} INFO - [2023-08-27T11:30:02.179+0000] {dag.py:3340} INFO - Setting next_dagrun for example_external_task_marker_child to None, run_after=None
[2023-08-27T11:30:02.181+0000] {logging_mixin.py:120} INFO - [2023-08-27T11:30:02.181+0000] {dag.py:3340} INFO - Setting next_dagrun for example_external_task_marker_parent to None, run_after=None
[2023-08-27T11:30:02.190+0000] {processor.py:176} INFO - Processing /home/airflow/.local/lib/python3.7/site-packages/airflow/example_dags/example_external_task_marker_dag.py took 0.145 seconds
