[2023-08-27T11:24:27.319+0000] {processor.py:154} INFO - Started process (PID=29334) to work on /home/airflow/.local/lib/python3.7/site-packages/airflow/example_dags/example_short_circuit_decorator.py
[2023-08-27T11:24:27.320+0000] {processor.py:756} INFO - Processing file /home/airflow/.local/lib/python3.7/site-packages/airflow/example_dags/example_short_circuit_decorator.py for tasks to queue
[2023-08-27T11:24:27.321+0000] {logging_mixin.py:120} INFO - [2023-08-27T11:24:27.321+0000] {dagbag.py:537} INFO - Filling up the DagBag from /home/airflow/.local/lib/python3.7/site-packages/airflow/example_dags/example_short_circuit_decorator.py
[2023-08-27T11:24:27.360+0000] {processor.py:766} INFO - DAG(s) dict_keys(['example_short_circuit_decorator']) retrieved from /home/airflow/.local/lib/python3.7/site-packages/airflow/example_dags/example_short_circuit_decorator.py
[2023-08-27T11:24:27.400+0000] {logging_mixin.py:120} INFO - [2023-08-27T11:24:27.400+0000] {dag.py:2585} INFO - Sync 1 DAGs
[2023-08-27T11:24:27.417+0000] {logging_mixin.py:120} INFO - [2023-08-27T11:24:27.417+0000] {dag.py:3340} INFO - Setting next_dagrun for example_short_circuit_decorator to 2023-08-26T11:24:27.417280+00:00, run_after=2023-08-27T11:24:27.417280+00:00
[2023-08-27T11:24:27.429+0000] {processor.py:176} INFO - Processing /home/airflow/.local/lib/python3.7/site-packages/airflow/example_dags/example_short_circuit_decorator.py took 0.114 seconds
[2023-08-27T11:24:57.663+0000] {processor.py:154} INFO - Started process (PID=29399) to work on /home/airflow/.local/lib/python3.7/site-packages/airflow/example_dags/example_short_circuit_decorator.py
[2023-08-27T11:24:57.665+0000] {processor.py:756} INFO - Processing file /home/airflow/.local/lib/python3.7/site-packages/airflow/example_dags/example_short_circuit_decorator.py for tasks to queue
[2023-08-27T11:24:57.665+0000] {logging_mixin.py:120} INFO - [2023-08-27T11:24:57.665+0000] {dagbag.py:537} INFO - Filling up the DagBag from /home/airflow/.local/lib/python3.7/site-packages/airflow/example_dags/example_short_circuit_decorator.py
[2023-08-27T11:24:57.686+0000] {processor.py:766} INFO - DAG(s) dict_keys(['example_short_circuit_decorator']) retrieved from /home/airflow/.local/lib/python3.7/site-packages/airflow/example_dags/example_short_circuit_decorator.py
[2023-08-27T11:24:57.716+0000] {logging_mixin.py:120} INFO - [2023-08-27T11:24:57.715+0000] {dag.py:2585} INFO - Sync 1 DAGs
[2023-08-27T11:24:57.733+0000] {logging_mixin.py:120} INFO - [2023-08-27T11:24:57.733+0000] {dag.py:3340} INFO - Setting next_dagrun for example_short_circuit_decorator to 2023-08-26T11:24:57.732871+00:00, run_after=2023-08-27T11:24:57.732871+00:00
[2023-08-27T11:24:57.744+0000] {processor.py:176} INFO - Processing /home/airflow/.local/lib/python3.7/site-packages/airflow/example_dags/example_short_circuit_decorator.py took 0.083 seconds
[2023-08-27T11:25:27.863+0000] {processor.py:154} INFO - Started process (PID=29464) to work on /home/airflow/.local/lib/python3.7/site-packages/airflow/example_dags/example_short_circuit_decorator.py
[2023-08-27T11:25:27.864+0000] {processor.py:756} INFO - Processing file /home/airflow/.local/lib/python3.7/site-packages/airflow/example_dags/example_short_circuit_decorator.py for tasks to queue
[2023-08-27T11:25:27.865+0000] {logging_mixin.py:120} INFO - [2023-08-27T11:25:27.865+0000] {dagbag.py:537} INFO - Filling up the DagBag from /home/airflow/.local/lib/python3.7/site-packages/airflow/example_dags/example_short_circuit_decorator.py
[2023-08-27T11:25:27.890+0000] {processor.py:766} INFO - DAG(s) dict_keys(['example_short_circuit_decorator']) retrieved from /home/airflow/.local/lib/python3.7/site-packages/airflow/example_dags/example_short_circuit_decorator.py
[2023-08-27T11:25:27.923+0000] {logging_mixin.py:120} INFO - [2023-08-27T11:25:27.923+0000] {dag.py:2585} INFO - Sync 1 DAGs
[2023-08-27T11:25:27.938+0000] {logging_mixin.py:120} INFO - [2023-08-27T11:25:27.938+0000] {dag.py:3340} INFO - Setting next_dagrun for example_short_circuit_decorator to 2023-08-26T11:25:27.938115+00:00, run_after=2023-08-27T11:25:27.938115+00:00
[2023-08-27T11:25:27.949+0000] {processor.py:176} INFO - Processing /home/airflow/.local/lib/python3.7/site-packages/airflow/example_dags/example_short_circuit_decorator.py took 0.090 seconds
[2023-08-27T11:25:58.297+0000] {processor.py:154} INFO - Started process (PID=29529) to work on /home/airflow/.local/lib/python3.7/site-packages/airflow/example_dags/example_short_circuit_decorator.py
[2023-08-27T11:25:58.298+0000] {processor.py:756} INFO - Processing file /home/airflow/.local/lib/python3.7/site-packages/airflow/example_dags/example_short_circuit_decorator.py for tasks to queue
[2023-08-27T11:25:58.298+0000] {logging_mixin.py:120} INFO - [2023-08-27T11:25:58.298+0000] {dagbag.py:537} INFO - Filling up the DagBag from /home/airflow/.local/lib/python3.7/site-packages/airflow/example_dags/example_short_circuit_decorator.py
[2023-08-27T11:25:58.320+0000] {processor.py:766} INFO - DAG(s) dict_keys(['example_short_circuit_decorator']) retrieved from /home/airflow/.local/lib/python3.7/site-packages/airflow/example_dags/example_short_circuit_decorator.py
[2023-08-27T11:25:58.354+0000] {logging_mixin.py:120} INFO - [2023-08-27T11:25:58.354+0000] {dag.py:2585} INFO - Sync 1 DAGs
[2023-08-27T11:25:58.370+0000] {logging_mixin.py:120} INFO - [2023-08-27T11:25:58.370+0000] {dag.py:3340} INFO - Setting next_dagrun for example_short_circuit_decorator to 2023-08-26T11:25:58.369790+00:00, run_after=2023-08-27T11:25:58.369790+00:00
[2023-08-27T11:25:58.381+0000] {processor.py:176} INFO - Processing /home/airflow/.local/lib/python3.7/site-packages/airflow/example_dags/example_short_circuit_decorator.py took 0.087 seconds
[2023-08-27T11:26:28.573+0000] {processor.py:154} INFO - Started process (PID=29584) to work on /home/airflow/.local/lib/python3.7/site-packages/airflow/example_dags/example_short_circuit_decorator.py
[2023-08-27T11:26:28.574+0000] {processor.py:756} INFO - Processing file /home/airflow/.local/lib/python3.7/site-packages/airflow/example_dags/example_short_circuit_decorator.py for tasks to queue
[2023-08-27T11:26:28.575+0000] {logging_mixin.py:120} INFO - [2023-08-27T11:26:28.574+0000] {dagbag.py:537} INFO - Filling up the DagBag from /home/airflow/.local/lib/python3.7/site-packages/airflow/example_dags/example_short_circuit_decorator.py
[2023-08-27T11:26:28.596+0000] {processor.py:766} INFO - DAG(s) dict_keys(['example_short_circuit_decorator']) retrieved from /home/airflow/.local/lib/python3.7/site-packages/airflow/example_dags/example_short_circuit_decorator.py
[2023-08-27T11:26:28.630+0000] {logging_mixin.py:120} INFO - [2023-08-27T11:26:28.630+0000] {dag.py:2585} INFO - Sync 1 DAGs
[2023-08-27T11:26:28.646+0000] {logging_mixin.py:120} INFO - [2023-08-27T11:26:28.646+0000] {dag.py:3340} INFO - Setting next_dagrun for example_short_circuit_decorator to 2023-08-26T11:26:28.645960+00:00, run_after=2023-08-27T11:26:28.645960+00:00
[2023-08-27T11:26:28.659+0000] {processor.py:176} INFO - Processing /home/airflow/.local/lib/python3.7/site-packages/airflow/example_dags/example_short_circuit_decorator.py took 0.090 seconds
[2023-08-27T11:26:58.974+0000] {processor.py:154} INFO - Started process (PID=29650) to work on /home/airflow/.local/lib/python3.7/site-packages/airflow/example_dags/example_short_circuit_decorator.py
[2023-08-27T11:26:58.976+0000] {processor.py:756} INFO - Processing file /home/airflow/.local/lib/python3.7/site-packages/airflow/example_dags/example_short_circuit_decorator.py for tasks to queue
[2023-08-27T11:26:58.977+0000] {logging_mixin.py:120} INFO - [2023-08-27T11:26:58.977+0000] {dagbag.py:537} INFO - Filling up the DagBag from /home/airflow/.local/lib/python3.7/site-packages/airflow/example_dags/example_short_circuit_decorator.py
[2023-08-27T11:26:59.000+0000] {processor.py:766} INFO - DAG(s) dict_keys(['example_short_circuit_decorator']) retrieved from /home/airflow/.local/lib/python3.7/site-packages/airflow/example_dags/example_short_circuit_decorator.py
[2023-08-27T11:26:59.032+0000] {logging_mixin.py:120} INFO - [2023-08-27T11:26:59.031+0000] {dag.py:2585} INFO - Sync 1 DAGs
[2023-08-27T11:26:59.046+0000] {logging_mixin.py:120} INFO - [2023-08-27T11:26:59.046+0000] {dag.py:3340} INFO - Setting next_dagrun for example_short_circuit_decorator to 2023-08-26T11:26:59.046101+00:00, run_after=2023-08-27T11:26:59.046101+00:00
[2023-08-27T11:26:59.057+0000] {processor.py:176} INFO - Processing /home/airflow/.local/lib/python3.7/site-packages/airflow/example_dags/example_short_circuit_decorator.py took 0.087 seconds
[2023-08-27T11:27:29.470+0000] {processor.py:154} INFO - Started process (PID=29715) to work on /home/airflow/.local/lib/python3.7/site-packages/airflow/example_dags/example_short_circuit_decorator.py
[2023-08-27T11:27:29.471+0000] {processor.py:756} INFO - Processing file /home/airflow/.local/lib/python3.7/site-packages/airflow/example_dags/example_short_circuit_decorator.py for tasks to queue
[2023-08-27T11:27:29.472+0000] {logging_mixin.py:120} INFO - [2023-08-27T11:27:29.472+0000] {dagbag.py:537} INFO - Filling up the DagBag from /home/airflow/.local/lib/python3.7/site-packages/airflow/example_dags/example_short_circuit_decorator.py
[2023-08-27T11:27:29.495+0000] {processor.py:766} INFO - DAG(s) dict_keys(['example_short_circuit_decorator']) retrieved from /home/airflow/.local/lib/python3.7/site-packages/airflow/example_dags/example_short_circuit_decorator.py
[2023-08-27T11:27:29.525+0000] {logging_mixin.py:120} INFO - [2023-08-27T11:27:29.525+0000] {dag.py:2585} INFO - Sync 1 DAGs
[2023-08-27T11:27:29.538+0000] {logging_mixin.py:120} INFO - [2023-08-27T11:27:29.538+0000] {dag.py:3340} INFO - Setting next_dagrun for example_short_circuit_decorator to 2023-08-26T11:27:29.538668+00:00, run_after=2023-08-27T11:27:29.538668+00:00
[2023-08-27T11:27:29.549+0000] {processor.py:176} INFO - Processing /home/airflow/.local/lib/python3.7/site-packages/airflow/example_dags/example_short_circuit_decorator.py took 0.083 seconds
[2023-08-27T11:28:00.585+0000] {processor.py:154} INFO - Started process (PID=29780) to work on /home/airflow/.local/lib/python3.7/site-packages/airflow/example_dags/example_short_circuit_decorator.py
[2023-08-27T11:28:00.586+0000] {processor.py:756} INFO - Processing file /home/airflow/.local/lib/python3.7/site-packages/airflow/example_dags/example_short_circuit_decorator.py for tasks to queue
[2023-08-27T11:28:00.586+0000] {logging_mixin.py:120} INFO - [2023-08-27T11:28:00.586+0000] {dagbag.py:537} INFO - Filling up the DagBag from /home/airflow/.local/lib/python3.7/site-packages/airflow/example_dags/example_short_circuit_decorator.py
[2023-08-27T11:28:00.614+0000] {processor.py:766} INFO - DAG(s) dict_keys(['example_short_circuit_decorator']) retrieved from /home/airflow/.local/lib/python3.7/site-packages/airflow/example_dags/example_short_circuit_decorator.py
[2023-08-27T11:28:00.650+0000] {logging_mixin.py:120} INFO - [2023-08-27T11:28:00.650+0000] {dag.py:2585} INFO - Sync 1 DAGs
[2023-08-27T11:28:00.664+0000] {logging_mixin.py:120} INFO - [2023-08-27T11:28:00.664+0000] {dag.py:3340} INFO - Setting next_dagrun for example_short_circuit_decorator to 2023-08-26T11:28:00.664056+00:00, run_after=2023-08-27T11:28:00.664056+00:00
[2023-08-27T11:28:00.676+0000] {processor.py:176} INFO - Processing /home/airflow/.local/lib/python3.7/site-packages/airflow/example_dags/example_short_circuit_decorator.py took 0.094 seconds
[2023-08-27T11:28:30.897+0000] {processor.py:154} INFO - Started process (PID=29845) to work on /home/airflow/.local/lib/python3.7/site-packages/airflow/example_dags/example_short_circuit_decorator.py
[2023-08-27T11:28:30.898+0000] {processor.py:756} INFO - Processing file /home/airflow/.local/lib/python3.7/site-packages/airflow/example_dags/example_short_circuit_decorator.py for tasks to queue
[2023-08-27T11:28:30.899+0000] {logging_mixin.py:120} INFO - [2023-08-27T11:28:30.899+0000] {dagbag.py:537} INFO - Filling up the DagBag from /home/airflow/.local/lib/python3.7/site-packages/airflow/example_dags/example_short_circuit_decorator.py
[2023-08-27T11:28:30.947+0000] {processor.py:766} INFO - DAG(s) dict_keys(['example_short_circuit_decorator']) retrieved from /home/airflow/.local/lib/python3.7/site-packages/airflow/example_dags/example_short_circuit_decorator.py
[2023-08-27T11:28:30.992+0000] {logging_mixin.py:120} INFO - [2023-08-27T11:28:30.992+0000] {dag.py:2585} INFO - Sync 1 DAGs
[2023-08-27T11:28:31.011+0000] {logging_mixin.py:120} INFO - [2023-08-27T11:28:31.011+0000] {dag.py:3340} INFO - Setting next_dagrun for example_short_circuit_decorator to 2023-08-26T11:28:31.010821+00:00, run_after=2023-08-27T11:28:31.010821+00:00
[2023-08-27T11:28:31.024+0000] {processor.py:176} INFO - Processing /home/airflow/.local/lib/python3.7/site-packages/airflow/example_dags/example_short_circuit_decorator.py took 0.131 seconds
[2023-08-27T11:29:01.132+0000] {processor.py:154} INFO - Started process (PID=29910) to work on /home/airflow/.local/lib/python3.7/site-packages/airflow/example_dags/example_short_circuit_decorator.py
[2023-08-27T11:29:01.133+0000] {processor.py:756} INFO - Processing file /home/airflow/.local/lib/python3.7/site-packages/airflow/example_dags/example_short_circuit_decorator.py for tasks to queue
[2023-08-27T11:29:01.133+0000] {logging_mixin.py:120} INFO - [2023-08-27T11:29:01.133+0000] {dagbag.py:537} INFO - Filling up the DagBag from /home/airflow/.local/lib/python3.7/site-packages/airflow/example_dags/example_short_circuit_decorator.py
[2023-08-27T11:29:01.153+0000] {processor.py:766} INFO - DAG(s) dict_keys(['example_short_circuit_decorator']) retrieved from /home/airflow/.local/lib/python3.7/site-packages/airflow/example_dags/example_short_circuit_decorator.py
[2023-08-27T11:29:01.191+0000] {logging_mixin.py:120} INFO - [2023-08-27T11:29:01.191+0000] {dag.py:2585} INFO - Sync 1 DAGs
[2023-08-27T11:29:01.207+0000] {logging_mixin.py:120} INFO - [2023-08-27T11:29:01.207+0000] {dag.py:3340} INFO - Setting next_dagrun for example_short_circuit_decorator to 2023-08-26T11:29:01.207587+00:00, run_after=2023-08-27T11:29:01.207587+00:00
[2023-08-27T11:29:01.221+0000] {processor.py:176} INFO - Processing /home/airflow/.local/lib/python3.7/site-packages/airflow/example_dags/example_short_circuit_decorator.py took 0.092 seconds
[2023-08-27T11:29:31.466+0000] {processor.py:154} INFO - Started process (PID=29967) to work on /home/airflow/.local/lib/python3.7/site-packages/airflow/example_dags/example_short_circuit_decorator.py
[2023-08-27T11:29:31.467+0000] {processor.py:756} INFO - Processing file /home/airflow/.local/lib/python3.7/site-packages/airflow/example_dags/example_short_circuit_decorator.py for tasks to queue
[2023-08-27T11:29:31.468+0000] {logging_mixin.py:120} INFO - [2023-08-27T11:29:31.468+0000] {dagbag.py:537} INFO - Filling up the DagBag from /home/airflow/.local/lib/python3.7/site-packages/airflow/example_dags/example_short_circuit_decorator.py
[2023-08-27T11:29:31.495+0000] {processor.py:766} INFO - DAG(s) dict_keys(['example_short_circuit_decorator']) retrieved from /home/airflow/.local/lib/python3.7/site-packages/airflow/example_dags/example_short_circuit_decorator.py
[2023-08-27T11:29:31.529+0000] {logging_mixin.py:120} INFO - [2023-08-27T11:29:31.529+0000] {dag.py:2585} INFO - Sync 1 DAGs
[2023-08-27T11:29:31.545+0000] {logging_mixin.py:120} INFO - [2023-08-27T11:29:31.545+0000] {dag.py:3340} INFO - Setting next_dagrun for example_short_circuit_decorator to 2023-08-26T11:29:31.545659+00:00, run_after=2023-08-27T11:29:31.545659+00:00
[2023-08-27T11:29:31.557+0000] {processor.py:176} INFO - Processing /home/airflow/.local/lib/python3.7/site-packages/airflow/example_dags/example_short_circuit_decorator.py took 0.096 seconds
[2023-08-27T11:30:01.861+0000] {processor.py:154} INFO - Started process (PID=30032) to work on /home/airflow/.local/lib/python3.7/site-packages/airflow/example_dags/example_short_circuit_decorator.py
[2023-08-27T11:30:01.863+0000] {processor.py:756} INFO - Processing file /home/airflow/.local/lib/python3.7/site-packages/airflow/example_dags/example_short_circuit_decorator.py for tasks to queue
[2023-08-27T11:30:01.864+0000] {logging_mixin.py:120} INFO - [2023-08-27T11:30:01.863+0000] {dagbag.py:537} INFO - Filling up the DagBag from /home/airflow/.local/lib/python3.7/site-packages/airflow/example_dags/example_short_circuit_decorator.py
[2023-08-27T11:30:01.889+0000] {processor.py:766} INFO - DAG(s) dict_keys(['example_short_circuit_decorator']) retrieved from /home/airflow/.local/lib/python3.7/site-packages/airflow/example_dags/example_short_circuit_decorator.py
[2023-08-27T11:30:01.921+0000] {logging_mixin.py:120} INFO - [2023-08-27T11:30:01.921+0000] {dag.py:2585} INFO - Sync 1 DAGs
[2023-08-27T11:30:01.937+0000] {logging_mixin.py:120} INFO - [2023-08-27T11:30:01.936+0000] {dag.py:3340} INFO - Setting next_dagrun for example_short_circuit_decorator to 2023-08-26T11:30:01.936697+00:00, run_after=2023-08-27T11:30:01.936697+00:00
[2023-08-27T11:30:01.949+0000] {processor.py:176} INFO - Processing /home/airflow/.local/lib/python3.7/site-packages/airflow/example_dags/example_short_circuit_decorator.py took 0.092 seconds
