[2023-08-27T11:24:19.355+0000] {processor.py:154} INFO - Started process (PID=29317) to work on /home/airflow/.local/lib/python3.7/site-packages/airflow/example_dags/example_branch_python_dop_operator_3.py
[2023-08-27T11:24:19.356+0000] {processor.py:756} INFO - Processing file /home/airflow/.local/lib/python3.7/site-packages/airflow/example_dags/example_branch_python_dop_operator_3.py for tasks to queue
[2023-08-27T11:24:19.356+0000] {logging_mixin.py:120} INFO - [2023-08-27T11:24:19.356+0000] {dagbag.py:537} INFO - Filling up the DagBag from /home/airflow/.local/lib/python3.7/site-packages/airflow/example_dags/example_branch_python_dop_operator_3.py
[2023-08-27T11:24:19.372+0000] {processor.py:766} INFO - DAG(s) dict_keys(['example_branch_dop_operator_v3']) retrieved from /home/airflow/.local/lib/python3.7/site-packages/airflow/example_dags/example_branch_python_dop_operator_3.py
[2023-08-27T11:24:19.399+0000] {logging_mixin.py:120} INFO - [2023-08-27T11:24:19.399+0000] {dag.py:2585} INFO - Sync 1 DAGs
[2023-08-27T11:24:19.421+0000] {logging_mixin.py:120} INFO - [2023-08-27T11:24:19.421+0000] {dag.py:3340} INFO - Setting next_dagrun for example_branch_dop_operator_v3 to 2023-08-27T11:23:00+00:00, run_after=2023-08-27T11:24:00+00:00
[2023-08-27T11:24:19.433+0000] {processor.py:176} INFO - Processing /home/airflow/.local/lib/python3.7/site-packages/airflow/example_dags/example_branch_python_dop_operator_3.py took 0.080 seconds
[2023-08-27T11:24:49.802+0000] {processor.py:154} INFO - Started process (PID=29373) to work on /home/airflow/.local/lib/python3.7/site-packages/airflow/example_dags/example_branch_python_dop_operator_3.py
[2023-08-27T11:24:49.803+0000] {processor.py:756} INFO - Processing file /home/airflow/.local/lib/python3.7/site-packages/airflow/example_dags/example_branch_python_dop_operator_3.py for tasks to queue
[2023-08-27T11:24:49.804+0000] {logging_mixin.py:120} INFO - [2023-08-27T11:24:49.804+0000] {dagbag.py:537} INFO - Filling up the DagBag from /home/airflow/.local/lib/python3.7/site-packages/airflow/example_dags/example_branch_python_dop_operator_3.py
[2023-08-27T11:24:49.821+0000] {processor.py:766} INFO - DAG(s) dict_keys(['example_branch_dop_operator_v3']) retrieved from /home/airflow/.local/lib/python3.7/site-packages/airflow/example_dags/example_branch_python_dop_operator_3.py
[2023-08-27T11:24:49.846+0000] {logging_mixin.py:120} INFO - [2023-08-27T11:24:49.846+0000] {dag.py:2585} INFO - Sync 1 DAGs
[2023-08-27T11:24:49.861+0000] {logging_mixin.py:120} INFO - [2023-08-27T11:24:49.861+0000] {dag.py:3340} INFO - Setting next_dagrun for example_branch_dop_operator_v3 to 2023-08-27T11:23:00+00:00, run_after=2023-08-27T11:24:00+00:00
[2023-08-27T11:24:49.871+0000] {processor.py:176} INFO - Processing /home/airflow/.local/lib/python3.7/site-packages/airflow/example_dags/example_branch_python_dop_operator_3.py took 0.072 seconds
[2023-08-27T11:25:19.972+0000] {processor.py:154} INFO - Started process (PID=29438) to work on /home/airflow/.local/lib/python3.7/site-packages/airflow/example_dags/example_branch_python_dop_operator_3.py
[2023-08-27T11:25:19.973+0000] {processor.py:756} INFO - Processing file /home/airflow/.local/lib/python3.7/site-packages/airflow/example_dags/example_branch_python_dop_operator_3.py for tasks to queue
[2023-08-27T11:25:19.974+0000] {logging_mixin.py:120} INFO - [2023-08-27T11:25:19.974+0000] {dagbag.py:537} INFO - Filling up the DagBag from /home/airflow/.local/lib/python3.7/site-packages/airflow/example_dags/example_branch_python_dop_operator_3.py
[2023-08-27T11:25:19.993+0000] {processor.py:766} INFO - DAG(s) dict_keys(['example_branch_dop_operator_v3']) retrieved from /home/airflow/.local/lib/python3.7/site-packages/airflow/example_dags/example_branch_python_dop_operator_3.py
[2023-08-27T11:25:20.029+0000] {logging_mixin.py:120} INFO - [2023-08-27T11:25:20.029+0000] {dag.py:2585} INFO - Sync 1 DAGs
[2023-08-27T11:25:20.046+0000] {logging_mixin.py:120} INFO - [2023-08-27T11:25:20.046+0000] {dag.py:3340} INFO - Setting next_dagrun for example_branch_dop_operator_v3 to 2023-08-27T11:24:00+00:00, run_after=2023-08-27T11:25:00+00:00
[2023-08-27T11:25:20.058+0000] {processor.py:176} INFO - Processing /home/airflow/.local/lib/python3.7/site-packages/airflow/example_dags/example_branch_python_dop_operator_3.py took 0.088 seconds
[2023-08-27T11:25:50.245+0000] {processor.py:154} INFO - Started process (PID=29503) to work on /home/airflow/.local/lib/python3.7/site-packages/airflow/example_dags/example_branch_python_dop_operator_3.py
[2023-08-27T11:25:50.246+0000] {processor.py:756} INFO - Processing file /home/airflow/.local/lib/python3.7/site-packages/airflow/example_dags/example_branch_python_dop_operator_3.py for tasks to queue
[2023-08-27T11:25:50.246+0000] {logging_mixin.py:120} INFO - [2023-08-27T11:25:50.246+0000] {dagbag.py:537} INFO - Filling up the DagBag from /home/airflow/.local/lib/python3.7/site-packages/airflow/example_dags/example_branch_python_dop_operator_3.py
[2023-08-27T11:25:50.261+0000] {processor.py:766} INFO - DAG(s) dict_keys(['example_branch_dop_operator_v3']) retrieved from /home/airflow/.local/lib/python3.7/site-packages/airflow/example_dags/example_branch_python_dop_operator_3.py
[2023-08-27T11:25:50.288+0000] {logging_mixin.py:120} INFO - [2023-08-27T11:25:50.288+0000] {dag.py:2585} INFO - Sync 1 DAGs
[2023-08-27T11:25:50.304+0000] {logging_mixin.py:120} INFO - [2023-08-27T11:25:50.304+0000] {dag.py:3340} INFO - Setting next_dagrun for example_branch_dop_operator_v3 to 2023-08-27T11:24:00+00:00, run_after=2023-08-27T11:25:00+00:00
[2023-08-27T11:25:50.314+0000] {processor.py:176} INFO - Processing /home/airflow/.local/lib/python3.7/site-packages/airflow/example_dags/example_branch_python_dop_operator_3.py took 0.072 seconds
[2023-08-27T11:26:20.682+0000] {processor.py:154} INFO - Started process (PID=29567) to work on /home/airflow/.local/lib/python3.7/site-packages/airflow/example_dags/example_branch_python_dop_operator_3.py
[2023-08-27T11:26:20.683+0000] {processor.py:756} INFO - Processing file /home/airflow/.local/lib/python3.7/site-packages/airflow/example_dags/example_branch_python_dop_operator_3.py for tasks to queue
[2023-08-27T11:26:20.684+0000] {logging_mixin.py:120} INFO - [2023-08-27T11:26:20.684+0000] {dagbag.py:537} INFO - Filling up the DagBag from /home/airflow/.local/lib/python3.7/site-packages/airflow/example_dags/example_branch_python_dop_operator_3.py
[2023-08-27T11:26:20.702+0000] {processor.py:766} INFO - DAG(s) dict_keys(['example_branch_dop_operator_v3']) retrieved from /home/airflow/.local/lib/python3.7/site-packages/airflow/example_dags/example_branch_python_dop_operator_3.py
[2023-08-27T11:26:20.730+0000] {logging_mixin.py:120} INFO - [2023-08-27T11:26:20.730+0000] {dag.py:2585} INFO - Sync 1 DAGs
[2023-08-27T11:26:20.745+0000] {logging_mixin.py:120} INFO - [2023-08-27T11:26:20.744+0000] {dag.py:3340} INFO - Setting next_dagrun for example_branch_dop_operator_v3 to 2023-08-27T11:25:00+00:00, run_after=2023-08-27T11:26:00+00:00
[2023-08-27T11:26:20.757+0000] {processor.py:176} INFO - Processing /home/airflow/.local/lib/python3.7/site-packages/airflow/example_dags/example_branch_python_dop_operator_3.py took 0.078 seconds
[2023-08-27T11:26:51.092+0000] {processor.py:154} INFO - Started process (PID=29633) to work on /home/airflow/.local/lib/python3.7/site-packages/airflow/example_dags/example_branch_python_dop_operator_3.py
[2023-08-27T11:26:51.093+0000] {processor.py:756} INFO - Processing file /home/airflow/.local/lib/python3.7/site-packages/airflow/example_dags/example_branch_python_dop_operator_3.py for tasks to queue
[2023-08-27T11:26:51.094+0000] {logging_mixin.py:120} INFO - [2023-08-27T11:26:51.094+0000] {dagbag.py:537} INFO - Filling up the DagBag from /home/airflow/.local/lib/python3.7/site-packages/airflow/example_dags/example_branch_python_dop_operator_3.py
[2023-08-27T11:26:51.111+0000] {processor.py:766} INFO - DAG(s) dict_keys(['example_branch_dop_operator_v3']) retrieved from /home/airflow/.local/lib/python3.7/site-packages/airflow/example_dags/example_branch_python_dop_operator_3.py
[2023-08-27T11:26:51.144+0000] {logging_mixin.py:120} INFO - [2023-08-27T11:26:51.144+0000] {dag.py:2585} INFO - Sync 1 DAGs
[2023-08-27T11:26:51.163+0000] {logging_mixin.py:120} INFO - [2023-08-27T11:26:51.163+0000] {dag.py:3340} INFO - Setting next_dagrun for example_branch_dop_operator_v3 to 2023-08-27T11:25:00+00:00, run_after=2023-08-27T11:26:00+00:00
[2023-08-27T11:26:51.181+0000] {processor.py:176} INFO - Processing /home/airflow/.local/lib/python3.7/site-packages/airflow/example_dags/example_branch_python_dop_operator_3.py took 0.092 seconds
[2023-08-27T11:27:21.403+0000] {processor.py:154} INFO - Started process (PID=29689) to work on /home/airflow/.local/lib/python3.7/site-packages/airflow/example_dags/example_branch_python_dop_operator_3.py
[2023-08-27T11:27:21.404+0000] {processor.py:756} INFO - Processing file /home/airflow/.local/lib/python3.7/site-packages/airflow/example_dags/example_branch_python_dop_operator_3.py for tasks to queue
[2023-08-27T11:27:21.405+0000] {logging_mixin.py:120} INFO - [2023-08-27T11:27:21.405+0000] {dagbag.py:537} INFO - Filling up the DagBag from /home/airflow/.local/lib/python3.7/site-packages/airflow/example_dags/example_branch_python_dop_operator_3.py
[2023-08-27T11:27:21.420+0000] {processor.py:766} INFO - DAG(s) dict_keys(['example_branch_dop_operator_v3']) retrieved from /home/airflow/.local/lib/python3.7/site-packages/airflow/example_dags/example_branch_python_dop_operator_3.py
[2023-08-27T11:27:21.445+0000] {logging_mixin.py:120} INFO - [2023-08-27T11:27:21.445+0000] {dag.py:2585} INFO - Sync 1 DAGs
[2023-08-27T11:27:21.461+0000] {logging_mixin.py:120} INFO - [2023-08-27T11:27:21.461+0000] {dag.py:3340} INFO - Setting next_dagrun for example_branch_dop_operator_v3 to 2023-08-27T11:26:00+00:00, run_after=2023-08-27T11:27:00+00:00
[2023-08-27T11:27:21.475+0000] {processor.py:176} INFO - Processing /home/airflow/.local/lib/python3.7/site-packages/airflow/example_dags/example_branch_python_dop_operator_3.py took 0.074 seconds
[2023-08-27T11:27:51.608+0000] {processor.py:154} INFO - Started process (PID=29754) to work on /home/airflow/.local/lib/python3.7/site-packages/airflow/example_dags/example_branch_python_dop_operator_3.py
[2023-08-27T11:27:51.609+0000] {processor.py:756} INFO - Processing file /home/airflow/.local/lib/python3.7/site-packages/airflow/example_dags/example_branch_python_dop_operator_3.py for tasks to queue
[2023-08-27T11:27:51.609+0000] {logging_mixin.py:120} INFO - [2023-08-27T11:27:51.609+0000] {dagbag.py:537} INFO - Filling up the DagBag from /home/airflow/.local/lib/python3.7/site-packages/airflow/example_dags/example_branch_python_dop_operator_3.py
[2023-08-27T11:27:51.624+0000] {processor.py:766} INFO - DAG(s) dict_keys(['example_branch_dop_operator_v3']) retrieved from /home/airflow/.local/lib/python3.7/site-packages/airflow/example_dags/example_branch_python_dop_operator_3.py
[2023-08-27T11:27:51.652+0000] {logging_mixin.py:120} INFO - [2023-08-27T11:27:51.652+0000] {dag.py:2585} INFO - Sync 1 DAGs
[2023-08-27T11:27:51.668+0000] {logging_mixin.py:120} INFO - [2023-08-27T11:27:51.668+0000] {dag.py:3340} INFO - Setting next_dagrun for example_branch_dop_operator_v3 to 2023-08-27T11:26:00+00:00, run_after=2023-08-27T11:27:00+00:00
[2023-08-27T11:27:51.679+0000] {processor.py:176} INFO - Processing /home/airflow/.local/lib/python3.7/site-packages/airflow/example_dags/example_branch_python_dop_operator_3.py took 0.074 seconds
[2023-08-27T11:28:21.930+0000] {processor.py:154} INFO - Started process (PID=29819) to work on /home/airflow/.local/lib/python3.7/site-packages/airflow/example_dags/example_branch_python_dop_operator_3.py
[2023-08-27T11:28:21.931+0000] {processor.py:756} INFO - Processing file /home/airflow/.local/lib/python3.7/site-packages/airflow/example_dags/example_branch_python_dop_operator_3.py for tasks to queue
[2023-08-27T11:28:21.931+0000] {logging_mixin.py:120} INFO - [2023-08-27T11:28:21.931+0000] {dagbag.py:537} INFO - Filling up the DagBag from /home/airflow/.local/lib/python3.7/site-packages/airflow/example_dags/example_branch_python_dop_operator_3.py
[2023-08-27T11:28:21.946+0000] {processor.py:766} INFO - DAG(s) dict_keys(['example_branch_dop_operator_v3']) retrieved from /home/airflow/.local/lib/python3.7/site-packages/airflow/example_dags/example_branch_python_dop_operator_3.py
[2023-08-27T11:28:21.973+0000] {logging_mixin.py:120} INFO - [2023-08-27T11:28:21.973+0000] {dag.py:2585} INFO - Sync 1 DAGs
[2023-08-27T11:28:21.989+0000] {logging_mixin.py:120} INFO - [2023-08-27T11:28:21.989+0000] {dag.py:3340} INFO - Setting next_dagrun for example_branch_dop_operator_v3 to 2023-08-27T11:27:00+00:00, run_after=2023-08-27T11:28:00+00:00
[2023-08-27T11:28:21.999+0000] {processor.py:176} INFO - Processing /home/airflow/.local/lib/python3.7/site-packages/airflow/example_dags/example_branch_python_dop_operator_3.py took 0.071 seconds
[2023-08-27T11:28:52.206+0000] {processor.py:154} INFO - Started process (PID=29884) to work on /home/airflow/.local/lib/python3.7/site-packages/airflow/example_dags/example_branch_python_dop_operator_3.py
[2023-08-27T11:28:52.207+0000] {processor.py:756} INFO - Processing file /home/airflow/.local/lib/python3.7/site-packages/airflow/example_dags/example_branch_python_dop_operator_3.py for tasks to queue
[2023-08-27T11:28:52.208+0000] {logging_mixin.py:120} INFO - [2023-08-27T11:28:52.208+0000] {dagbag.py:537} INFO - Filling up the DagBag from /home/airflow/.local/lib/python3.7/site-packages/airflow/example_dags/example_branch_python_dop_operator_3.py
[2023-08-27T11:28:52.223+0000] {processor.py:766} INFO - DAG(s) dict_keys(['example_branch_dop_operator_v3']) retrieved from /home/airflow/.local/lib/python3.7/site-packages/airflow/example_dags/example_branch_python_dop_operator_3.py
[2023-08-27T11:28:52.248+0000] {logging_mixin.py:120} INFO - [2023-08-27T11:28:52.248+0000] {dag.py:2585} INFO - Sync 1 DAGs
[2023-08-27T11:28:52.266+0000] {logging_mixin.py:120} INFO - [2023-08-27T11:28:52.266+0000] {dag.py:3340} INFO - Setting next_dagrun for example_branch_dop_operator_v3 to 2023-08-27T11:27:00+00:00, run_after=2023-08-27T11:28:00+00:00
[2023-08-27T11:28:52.277+0000] {processor.py:176} INFO - Processing /home/airflow/.local/lib/python3.7/site-packages/airflow/example_dags/example_branch_python_dop_operator_3.py took 0.074 seconds
[2023-08-27T11:29:22.450+0000] {processor.py:154} INFO - Started process (PID=29940) to work on /home/airflow/.local/lib/python3.7/site-packages/airflow/example_dags/example_branch_python_dop_operator_3.py
[2023-08-27T11:29:22.451+0000] {processor.py:756} INFO - Processing file /home/airflow/.local/lib/python3.7/site-packages/airflow/example_dags/example_branch_python_dop_operator_3.py for tasks to queue
[2023-08-27T11:29:22.452+0000] {logging_mixin.py:120} INFO - [2023-08-27T11:29:22.452+0000] {dagbag.py:537} INFO - Filling up the DagBag from /home/airflow/.local/lib/python3.7/site-packages/airflow/example_dags/example_branch_python_dop_operator_3.py
[2023-08-27T11:29:22.468+0000] {processor.py:766} INFO - DAG(s) dict_keys(['example_branch_dop_operator_v3']) retrieved from /home/airflow/.local/lib/python3.7/site-packages/airflow/example_dags/example_branch_python_dop_operator_3.py
[2023-08-27T11:29:22.503+0000] {logging_mixin.py:120} INFO - [2023-08-27T11:29:22.502+0000] {dag.py:2585} INFO - Sync 1 DAGs
[2023-08-27T11:29:22.525+0000] {logging_mixin.py:120} INFO - [2023-08-27T11:29:22.525+0000] {dag.py:3340} INFO - Setting next_dagrun for example_branch_dop_operator_v3 to 2023-08-27T11:28:00+00:00, run_after=2023-08-27T11:29:00+00:00
[2023-08-27T11:29:22.545+0000] {processor.py:176} INFO - Processing /home/airflow/.local/lib/python3.7/site-packages/airflow/example_dags/example_branch_python_dop_operator_3.py took 0.097 seconds
[2023-08-27T11:29:52.815+0000] {processor.py:154} INFO - Started process (PID=30006) to work on /home/airflow/.local/lib/python3.7/site-packages/airflow/example_dags/example_branch_python_dop_operator_3.py
[2023-08-27T11:29:52.816+0000] {processor.py:756} INFO - Processing file /home/airflow/.local/lib/python3.7/site-packages/airflow/example_dags/example_branch_python_dop_operator_3.py for tasks to queue
[2023-08-27T11:29:52.817+0000] {logging_mixin.py:120} INFO - [2023-08-27T11:29:52.817+0000] {dagbag.py:537} INFO - Filling up the DagBag from /home/airflow/.local/lib/python3.7/site-packages/airflow/example_dags/example_branch_python_dop_operator_3.py
[2023-08-27T11:29:52.831+0000] {processor.py:766} INFO - DAG(s) dict_keys(['example_branch_dop_operator_v3']) retrieved from /home/airflow/.local/lib/python3.7/site-packages/airflow/example_dags/example_branch_python_dop_operator_3.py
[2023-08-27T11:29:52.857+0000] {logging_mixin.py:120} INFO - [2023-08-27T11:29:52.857+0000] {dag.py:2585} INFO - Sync 1 DAGs
[2023-08-27T11:29:52.872+0000] {logging_mixin.py:120} INFO - [2023-08-27T11:29:52.871+0000] {dag.py:3340} INFO - Setting next_dagrun for example_branch_dop_operator_v3 to 2023-08-27T11:28:00+00:00, run_after=2023-08-27T11:29:00+00:00
[2023-08-27T11:29:52.881+0000] {processor.py:176} INFO - Processing /home/airflow/.local/lib/python3.7/site-packages/airflow/example_dags/example_branch_python_dop_operator_3.py took 0.068 seconds
