[2023-08-27T11:24:19.344+0000] {processor.py:154} INFO - Started process (PID=29316) to work on /home/airflow/.local/lib/python3.7/site-packages/airflow/example_dags/example_python_operator.py
[2023-08-27T11:24:19.345+0000] {processor.py:756} INFO - Processing file /home/airflow/.local/lib/python3.7/site-packages/airflow/example_dags/example_python_operator.py for tasks to queue
[2023-08-27T11:24:19.345+0000] {logging_mixin.py:120} INFO - [2023-08-27T11:24:19.345+0000] {dagbag.py:537} INFO - Filling up the DagBag from /home/airflow/.local/lib/python3.7/site-packages/airflow/example_dags/example_python_operator.py
[2023-08-27T11:24:19.357+0000] {logging_mixin.py:120} INFO - [2023-08-27T11:24:19.356+0000] {taskmixin.py:205} WARNING - Dependency <Task(_PythonDecoratedOperator): print_the_context>, log_sql_query already registered for DAG: example_python_operator
[2023-08-27T11:24:19.357+0000] {logging_mixin.py:120} INFO - [2023-08-27T11:24:19.357+0000] {taskmixin.py:205} WARNING - Dependency <Task(_PythonDecoratedOperator): log_sql_query>, print_the_context already registered for DAG: example_python_operator
[2023-08-27T11:24:19.357+0000] {logging_mixin.py:120} INFO - [2023-08-27T11:24:19.357+0000] {taskmixin.py:205} WARNING - Dependency <Task(_PythonDecoratedOperator): print_the_context>, log_sql_query already registered for DAG: example_python_operator
[2023-08-27T11:24:19.357+0000] {logging_mixin.py:120} INFO - [2023-08-27T11:24:19.357+0000] {taskmixin.py:205} WARNING - Dependency <Task(_PythonDecoratedOperator): log_sql_query>, print_the_context already registered for DAG: example_python_operator
[2023-08-27T11:24:19.358+0000] {logging_mixin.py:120} INFO - [2023-08-27T11:24:19.358+0000] {taskmixin.py:205} WARNING - Dependency <Task(_PythonDecoratedOperator): print_the_context>, log_sql_query already registered for DAG: example_python_operator
[2023-08-27T11:24:19.358+0000] {logging_mixin.py:120} INFO - [2023-08-27T11:24:19.358+0000] {taskmixin.py:205} WARNING - Dependency <Task(_PythonDecoratedOperator): log_sql_query>, print_the_context already registered for DAG: example_python_operator
[2023-08-27T11:24:19.358+0000] {logging_mixin.py:120} INFO - [2023-08-27T11:24:19.358+0000] {taskmixin.py:205} WARNING - Dependency <Task(_PythonDecoratedOperator): print_the_context>, log_sql_query already registered for DAG: example_python_operator
[2023-08-27T11:24:19.358+0000] {logging_mixin.py:120} INFO - [2023-08-27T11:24:19.358+0000] {taskmixin.py:205} WARNING - Dependency <Task(_PythonDecoratedOperator): log_sql_query>, print_the_context already registered for DAG: example_python_operator
[2023-08-27T11:24:19.363+0000] {processor.py:766} INFO - DAG(s) dict_keys(['example_python_operator']) retrieved from /home/airflow/.local/lib/python3.7/site-packages/airflow/example_dags/example_python_operator.py
[2023-08-27T11:24:19.391+0000] {logging_mixin.py:120} INFO - [2023-08-27T11:24:19.391+0000] {dag.py:2585} INFO - Sync 1 DAGs
[2023-08-27T11:24:19.405+0000] {logging_mixin.py:120} INFO - [2023-08-27T11:24:19.405+0000] {dag.py:3340} INFO - Setting next_dagrun for example_python_operator to None, run_after=None
[2023-08-27T11:24:19.427+0000] {processor.py:176} INFO - Processing /home/airflow/.local/lib/python3.7/site-packages/airflow/example_dags/example_python_operator.py took 0.085 seconds
[2023-08-27T11:24:49.683+0000] {processor.py:154} INFO - Started process (PID=29372) to work on /home/airflow/.local/lib/python3.7/site-packages/airflow/example_dags/example_python_operator.py
[2023-08-27T11:24:49.684+0000] {processor.py:756} INFO - Processing file /home/airflow/.local/lib/python3.7/site-packages/airflow/example_dags/example_python_operator.py for tasks to queue
[2023-08-27T11:24:49.684+0000] {logging_mixin.py:120} INFO - [2023-08-27T11:24:49.684+0000] {dagbag.py:537} INFO - Filling up the DagBag from /home/airflow/.local/lib/python3.7/site-packages/airflow/example_dags/example_python_operator.py
[2023-08-27T11:24:49.698+0000] {logging_mixin.py:120} INFO - [2023-08-27T11:24:49.698+0000] {taskmixin.py:205} WARNING - Dependency <Task(_PythonDecoratedOperator): print_the_context>, log_sql_query already registered for DAG: example_python_operator
[2023-08-27T11:24:49.699+0000] {logging_mixin.py:120} INFO - [2023-08-27T11:24:49.699+0000] {taskmixin.py:205} WARNING - Dependency <Task(_PythonDecoratedOperator): log_sql_query>, print_the_context already registered for DAG: example_python_operator
[2023-08-27T11:24:49.700+0000] {logging_mixin.py:120} INFO - [2023-08-27T11:24:49.700+0000] {taskmixin.py:205} WARNING - Dependency <Task(_PythonDecoratedOperator): print_the_context>, log_sql_query already registered for DAG: example_python_operator
[2023-08-27T11:24:49.700+0000] {logging_mixin.py:120} INFO - [2023-08-27T11:24:49.700+0000] {taskmixin.py:205} WARNING - Dependency <Task(_PythonDecoratedOperator): log_sql_query>, print_the_context already registered for DAG: example_python_operator
[2023-08-27T11:24:49.701+0000] {logging_mixin.py:120} INFO - [2023-08-27T11:24:49.701+0000] {taskmixin.py:205} WARNING - Dependency <Task(_PythonDecoratedOperator): print_the_context>, log_sql_query already registered for DAG: example_python_operator
[2023-08-27T11:24:49.702+0000] {logging_mixin.py:120} INFO - [2023-08-27T11:24:49.702+0000] {taskmixin.py:205} WARNING - Dependency <Task(_PythonDecoratedOperator): log_sql_query>, print_the_context already registered for DAG: example_python_operator
[2023-08-27T11:24:49.702+0000] {logging_mixin.py:120} INFO - [2023-08-27T11:24:49.702+0000] {taskmixin.py:205} WARNING - Dependency <Task(_PythonDecoratedOperator): print_the_context>, log_sql_query already registered for DAG: example_python_operator
[2023-08-27T11:24:49.703+0000] {logging_mixin.py:120} INFO - [2023-08-27T11:24:49.703+0000] {taskmixin.py:205} WARNING - Dependency <Task(_PythonDecoratedOperator): log_sql_query>, print_the_context already registered for DAG: example_python_operator
[2023-08-27T11:24:49.711+0000] {processor.py:766} INFO - DAG(s) dict_keys(['example_python_operator']) retrieved from /home/airflow/.local/lib/python3.7/site-packages/airflow/example_dags/example_python_operator.py
[2023-08-27T11:24:49.753+0000] {logging_mixin.py:120} INFO - [2023-08-27T11:24:49.753+0000] {dag.py:2585} INFO - Sync 1 DAGs
[2023-08-27T11:24:49.775+0000] {logging_mixin.py:120} INFO - [2023-08-27T11:24:49.775+0000] {dag.py:3340} INFO - Setting next_dagrun for example_python_operator to None, run_after=None
[2023-08-27T11:24:49.786+0000] {processor.py:176} INFO - Processing /home/airflow/.local/lib/python3.7/site-packages/airflow/example_dags/example_python_operator.py took 0.105 seconds
[2023-08-27T11:25:19.868+0000] {processor.py:154} INFO - Started process (PID=29437) to work on /home/airflow/.local/lib/python3.7/site-packages/airflow/example_dags/example_python_operator.py
[2023-08-27T11:25:19.869+0000] {processor.py:756} INFO - Processing file /home/airflow/.local/lib/python3.7/site-packages/airflow/example_dags/example_python_operator.py for tasks to queue
[2023-08-27T11:25:19.870+0000] {logging_mixin.py:120} INFO - [2023-08-27T11:25:19.870+0000] {dagbag.py:537} INFO - Filling up the DagBag from /home/airflow/.local/lib/python3.7/site-packages/airflow/example_dags/example_python_operator.py
[2023-08-27T11:25:19.885+0000] {logging_mixin.py:120} INFO - [2023-08-27T11:25:19.885+0000] {taskmixin.py:205} WARNING - Dependency <Task(_PythonDecoratedOperator): print_the_context>, log_sql_query already registered for DAG: example_python_operator
[2023-08-27T11:25:19.885+0000] {logging_mixin.py:120} INFO - [2023-08-27T11:25:19.885+0000] {taskmixin.py:205} WARNING - Dependency <Task(_PythonDecoratedOperator): log_sql_query>, print_the_context already registered for DAG: example_python_operator
[2023-08-27T11:25:19.886+0000] {logging_mixin.py:120} INFO - [2023-08-27T11:25:19.886+0000] {taskmixin.py:205} WARNING - Dependency <Task(_PythonDecoratedOperator): print_the_context>, log_sql_query already registered for DAG: example_python_operator
[2023-08-27T11:25:19.886+0000] {logging_mixin.py:120} INFO - [2023-08-27T11:25:19.886+0000] {taskmixin.py:205} WARNING - Dependency <Task(_PythonDecoratedOperator): log_sql_query>, print_the_context already registered for DAG: example_python_operator
[2023-08-27T11:25:19.887+0000] {logging_mixin.py:120} INFO - [2023-08-27T11:25:19.886+0000] {taskmixin.py:205} WARNING - Dependency <Task(_PythonDecoratedOperator): print_the_context>, log_sql_query already registered for DAG: example_python_operator
[2023-08-27T11:25:19.887+0000] {logging_mixin.py:120} INFO - [2023-08-27T11:25:19.887+0000] {taskmixin.py:205} WARNING - Dependency <Task(_PythonDecoratedOperator): log_sql_query>, print_the_context already registered for DAG: example_python_operator
[2023-08-27T11:25:19.887+0000] {logging_mixin.py:120} INFO - [2023-08-27T11:25:19.887+0000] {taskmixin.py:205} WARNING - Dependency <Task(_PythonDecoratedOperator): print_the_context>, log_sql_query already registered for DAG: example_python_operator
[2023-08-27T11:25:19.888+0000] {logging_mixin.py:120} INFO - [2023-08-27T11:25:19.887+0000] {taskmixin.py:205} WARNING - Dependency <Task(_PythonDecoratedOperator): log_sql_query>, print_the_context already registered for DAG: example_python_operator
[2023-08-27T11:25:19.894+0000] {processor.py:766} INFO - DAG(s) dict_keys(['example_python_operator']) retrieved from /home/airflow/.local/lib/python3.7/site-packages/airflow/example_dags/example_python_operator.py
[2023-08-27T11:25:19.927+0000] {logging_mixin.py:120} INFO - [2023-08-27T11:25:19.927+0000] {dag.py:2585} INFO - Sync 1 DAGs
[2023-08-27T11:25:19.941+0000] {logging_mixin.py:120} INFO - [2023-08-27T11:25:19.941+0000] {dag.py:3340} INFO - Setting next_dagrun for example_python_operator to None, run_after=None
[2023-08-27T11:25:19.952+0000] {processor.py:176} INFO - Processing /home/airflow/.local/lib/python3.7/site-packages/airflow/example_dags/example_python_operator.py took 0.089 seconds
[2023-08-27T11:25:50.229+0000] {processor.py:154} INFO - Started process (PID=29502) to work on /home/airflow/.local/lib/python3.7/site-packages/airflow/example_dags/example_python_operator.py
[2023-08-27T11:25:50.230+0000] {processor.py:756} INFO - Processing file /home/airflow/.local/lib/python3.7/site-packages/airflow/example_dags/example_python_operator.py for tasks to queue
[2023-08-27T11:25:50.230+0000] {logging_mixin.py:120} INFO - [2023-08-27T11:25:50.230+0000] {dagbag.py:537} INFO - Filling up the DagBag from /home/airflow/.local/lib/python3.7/site-packages/airflow/example_dags/example_python_operator.py
[2023-08-27T11:25:50.241+0000] {logging_mixin.py:120} INFO - [2023-08-27T11:25:50.241+0000] {taskmixin.py:205} WARNING - Dependency <Task(_PythonDecoratedOperator): print_the_context>, log_sql_query already registered for DAG: example_python_operator
[2023-08-27T11:25:50.242+0000] {logging_mixin.py:120} INFO - [2023-08-27T11:25:50.242+0000] {taskmixin.py:205} WARNING - Dependency <Task(_PythonDecoratedOperator): log_sql_query>, print_the_context already registered for DAG: example_python_operator
[2023-08-27T11:25:50.242+0000] {logging_mixin.py:120} INFO - [2023-08-27T11:25:50.242+0000] {taskmixin.py:205} WARNING - Dependency <Task(_PythonDecoratedOperator): print_the_context>, log_sql_query already registered for DAG: example_python_operator
[2023-08-27T11:25:50.242+0000] {logging_mixin.py:120} INFO - [2023-08-27T11:25:50.242+0000] {taskmixin.py:205} WARNING - Dependency <Task(_PythonDecoratedOperator): log_sql_query>, print_the_context already registered for DAG: example_python_operator
[2023-08-27T11:25:50.243+0000] {logging_mixin.py:120} INFO - [2023-08-27T11:25:50.243+0000] {taskmixin.py:205} WARNING - Dependency <Task(_PythonDecoratedOperator): print_the_context>, log_sql_query already registered for DAG: example_python_operator
[2023-08-27T11:25:50.243+0000] {logging_mixin.py:120} INFO - [2023-08-27T11:25:50.243+0000] {taskmixin.py:205} WARNING - Dependency <Task(_PythonDecoratedOperator): log_sql_query>, print_the_context already registered for DAG: example_python_operator
[2023-08-27T11:25:50.243+0000] {logging_mixin.py:120} INFO - [2023-08-27T11:25:50.243+0000] {taskmixin.py:205} WARNING - Dependency <Task(_PythonDecoratedOperator): print_the_context>, log_sql_query already registered for DAG: example_python_operator
[2023-08-27T11:25:50.243+0000] {logging_mixin.py:120} INFO - [2023-08-27T11:25:50.243+0000] {taskmixin.py:205} WARNING - Dependency <Task(_PythonDecoratedOperator): log_sql_query>, print_the_context already registered for DAG: example_python_operator
[2023-08-27T11:25:50.249+0000] {processor.py:766} INFO - DAG(s) dict_keys(['example_python_operator']) retrieved from /home/airflow/.local/lib/python3.7/site-packages/airflow/example_dags/example_python_operator.py
[2023-08-27T11:25:50.277+0000] {logging_mixin.py:120} INFO - [2023-08-27T11:25:50.277+0000] {dag.py:2585} INFO - Sync 1 DAGs
[2023-08-27T11:25:50.291+0000] {logging_mixin.py:120} INFO - [2023-08-27T11:25:50.291+0000] {dag.py:3340} INFO - Setting next_dagrun for example_python_operator to None, run_after=None
[2023-08-27T11:25:50.301+0000] {processor.py:176} INFO - Processing /home/airflow/.local/lib/python3.7/site-packages/airflow/example_dags/example_python_operator.py took 0.074 seconds
[2023-08-27T11:26:20.581+0000] {processor.py:154} INFO - Started process (PID=29566) to work on /home/airflow/.local/lib/python3.7/site-packages/airflow/example_dags/example_python_operator.py
[2023-08-27T11:26:20.582+0000] {processor.py:756} INFO - Processing file /home/airflow/.local/lib/python3.7/site-packages/airflow/example_dags/example_python_operator.py for tasks to queue
[2023-08-27T11:26:20.583+0000] {logging_mixin.py:120} INFO - [2023-08-27T11:26:20.582+0000] {dagbag.py:537} INFO - Filling up the DagBag from /home/airflow/.local/lib/python3.7/site-packages/airflow/example_dags/example_python_operator.py
[2023-08-27T11:26:20.594+0000] {logging_mixin.py:120} INFO - [2023-08-27T11:26:20.594+0000] {taskmixin.py:205} WARNING - Dependency <Task(_PythonDecoratedOperator): print_the_context>, log_sql_query already registered for DAG: example_python_operator
[2023-08-27T11:26:20.594+0000] {logging_mixin.py:120} INFO - [2023-08-27T11:26:20.594+0000] {taskmixin.py:205} WARNING - Dependency <Task(_PythonDecoratedOperator): log_sql_query>, print_the_context already registered for DAG: example_python_operator
[2023-08-27T11:26:20.595+0000] {logging_mixin.py:120} INFO - [2023-08-27T11:26:20.595+0000] {taskmixin.py:205} WARNING - Dependency <Task(_PythonDecoratedOperator): print_the_context>, log_sql_query already registered for DAG: example_python_operator
[2023-08-27T11:26:20.595+0000] {logging_mixin.py:120} INFO - [2023-08-27T11:26:20.595+0000] {taskmixin.py:205} WARNING - Dependency <Task(_PythonDecoratedOperator): log_sql_query>, print_the_context already registered for DAG: example_python_operator
[2023-08-27T11:26:20.596+0000] {logging_mixin.py:120} INFO - [2023-08-27T11:26:20.596+0000] {taskmixin.py:205} WARNING - Dependency <Task(_PythonDecoratedOperator): print_the_context>, log_sql_query already registered for DAG: example_python_operator
[2023-08-27T11:26:20.596+0000] {logging_mixin.py:120} INFO - [2023-08-27T11:26:20.596+0000] {taskmixin.py:205} WARNING - Dependency <Task(_PythonDecoratedOperator): log_sql_query>, print_the_context already registered for DAG: example_python_operator
[2023-08-27T11:26:20.596+0000] {logging_mixin.py:120} INFO - [2023-08-27T11:26:20.596+0000] {taskmixin.py:205} WARNING - Dependency <Task(_PythonDecoratedOperator): print_the_context>, log_sql_query already registered for DAG: example_python_operator
[2023-08-27T11:26:20.597+0000] {logging_mixin.py:120} INFO - [2023-08-27T11:26:20.597+0000] {taskmixin.py:205} WARNING - Dependency <Task(_PythonDecoratedOperator): log_sql_query>, print_the_context already registered for DAG: example_python_operator
[2023-08-27T11:26:20.602+0000] {processor.py:766} INFO - DAG(s) dict_keys(['example_python_operator']) retrieved from /home/airflow/.local/lib/python3.7/site-packages/airflow/example_dags/example_python_operator.py
[2023-08-27T11:26:20.635+0000] {logging_mixin.py:120} INFO - [2023-08-27T11:26:20.635+0000] {dag.py:2585} INFO - Sync 1 DAGs
[2023-08-27T11:26:20.651+0000] {logging_mixin.py:120} INFO - [2023-08-27T11:26:20.651+0000] {dag.py:3340} INFO - Setting next_dagrun for example_python_operator to None, run_after=None
[2023-08-27T11:26:20.663+0000] {processor.py:176} INFO - Processing /home/airflow/.local/lib/python3.7/site-packages/airflow/example_dags/example_python_operator.py took 0.086 seconds
[2023-08-27T11:26:50.988+0000] {processor.py:154} INFO - Started process (PID=29632) to work on /home/airflow/.local/lib/python3.7/site-packages/airflow/example_dags/example_python_operator.py
[2023-08-27T11:26:50.990+0000] {processor.py:756} INFO - Processing file /home/airflow/.local/lib/python3.7/site-packages/airflow/example_dags/example_python_operator.py for tasks to queue
[2023-08-27T11:26:50.991+0000] {logging_mixin.py:120} INFO - [2023-08-27T11:26:50.991+0000] {dagbag.py:537} INFO - Filling up the DagBag from /home/airflow/.local/lib/python3.7/site-packages/airflow/example_dags/example_python_operator.py
[2023-08-27T11:26:51.004+0000] {logging_mixin.py:120} INFO - [2023-08-27T11:26:51.004+0000] {taskmixin.py:205} WARNING - Dependency <Task(_PythonDecoratedOperator): print_the_context>, log_sql_query already registered for DAG: example_python_operator
[2023-08-27T11:26:51.004+0000] {logging_mixin.py:120} INFO - [2023-08-27T11:26:51.004+0000] {taskmixin.py:205} WARNING - Dependency <Task(_PythonDecoratedOperator): log_sql_query>, print_the_context already registered for DAG: example_python_operator
[2023-08-27T11:26:51.005+0000] {logging_mixin.py:120} INFO - [2023-08-27T11:26:51.005+0000] {taskmixin.py:205} WARNING - Dependency <Task(_PythonDecoratedOperator): print_the_context>, log_sql_query already registered for DAG: example_python_operator
[2023-08-27T11:26:51.005+0000] {logging_mixin.py:120} INFO - [2023-08-27T11:26:51.005+0000] {taskmixin.py:205} WARNING - Dependency <Task(_PythonDecoratedOperator): log_sql_query>, print_the_context already registered for DAG: example_python_operator
[2023-08-27T11:26:51.006+0000] {logging_mixin.py:120} INFO - [2023-08-27T11:26:51.005+0000] {taskmixin.py:205} WARNING - Dependency <Task(_PythonDecoratedOperator): print_the_context>, log_sql_query already registered for DAG: example_python_operator
[2023-08-27T11:26:51.006+0000] {logging_mixin.py:120} INFO - [2023-08-27T11:26:51.006+0000] {taskmixin.py:205} WARNING - Dependency <Task(_PythonDecoratedOperator): log_sql_query>, print_the_context already registered for DAG: example_python_operator
[2023-08-27T11:26:51.006+0000] {logging_mixin.py:120} INFO - [2023-08-27T11:26:51.006+0000] {taskmixin.py:205} WARNING - Dependency <Task(_PythonDecoratedOperator): print_the_context>, log_sql_query already registered for DAG: example_python_operator
[2023-08-27T11:26:51.006+0000] {logging_mixin.py:120} INFO - [2023-08-27T11:26:51.006+0000] {taskmixin.py:205} WARNING - Dependency <Task(_PythonDecoratedOperator): log_sql_query>, print_the_context already registered for DAG: example_python_operator
[2023-08-27T11:26:51.012+0000] {processor.py:766} INFO - DAG(s) dict_keys(['example_python_operator']) retrieved from /home/airflow/.local/lib/python3.7/site-packages/airflow/example_dags/example_python_operator.py
[2023-08-27T11:26:51.045+0000] {logging_mixin.py:120} INFO - [2023-08-27T11:26:51.045+0000] {dag.py:2585} INFO - Sync 1 DAGs
[2023-08-27T11:26:51.060+0000] {logging_mixin.py:120} INFO - [2023-08-27T11:26:51.060+0000] {dag.py:3340} INFO - Setting next_dagrun for example_python_operator to None, run_after=None
[2023-08-27T11:26:51.073+0000] {processor.py:176} INFO - Processing /home/airflow/.local/lib/python3.7/site-packages/airflow/example_dags/example_python_operator.py took 0.091 seconds
[2023-08-27T11:27:21.318+0000] {processor.py:154} INFO - Started process (PID=29688) to work on /home/airflow/.local/lib/python3.7/site-packages/airflow/example_dags/example_python_operator.py
[2023-08-27T11:27:21.319+0000] {processor.py:756} INFO - Processing file /home/airflow/.local/lib/python3.7/site-packages/airflow/example_dags/example_python_operator.py for tasks to queue
[2023-08-27T11:27:21.319+0000] {logging_mixin.py:120} INFO - [2023-08-27T11:27:21.319+0000] {dagbag.py:537} INFO - Filling up the DagBag from /home/airflow/.local/lib/python3.7/site-packages/airflow/example_dags/example_python_operator.py
[2023-08-27T11:27:21.331+0000] {logging_mixin.py:120} INFO - [2023-08-27T11:27:21.330+0000] {taskmixin.py:205} WARNING - Dependency <Task(_PythonDecoratedOperator): print_the_context>, log_sql_query already registered for DAG: example_python_operator
[2023-08-27T11:27:21.331+0000] {logging_mixin.py:120} INFO - [2023-08-27T11:27:21.331+0000] {taskmixin.py:205} WARNING - Dependency <Task(_PythonDecoratedOperator): log_sql_query>, print_the_context already registered for DAG: example_python_operator
[2023-08-27T11:27:21.331+0000] {logging_mixin.py:120} INFO - [2023-08-27T11:27:21.331+0000] {taskmixin.py:205} WARNING - Dependency <Task(_PythonDecoratedOperator): print_the_context>, log_sql_query already registered for DAG: example_python_operator
[2023-08-27T11:27:21.332+0000] {logging_mixin.py:120} INFO - [2023-08-27T11:27:21.332+0000] {taskmixin.py:205} WARNING - Dependency <Task(_PythonDecoratedOperator): log_sql_query>, print_the_context already registered for DAG: example_python_operator
[2023-08-27T11:27:21.332+0000] {logging_mixin.py:120} INFO - [2023-08-27T11:27:21.332+0000] {taskmixin.py:205} WARNING - Dependency <Task(_PythonDecoratedOperator): print_the_context>, log_sql_query already registered for DAG: example_python_operator
[2023-08-27T11:27:21.332+0000] {logging_mixin.py:120} INFO - [2023-08-27T11:27:21.332+0000] {taskmixin.py:205} WARNING - Dependency <Task(_PythonDecoratedOperator): log_sql_query>, print_the_context already registered for DAG: example_python_operator
[2023-08-27T11:27:21.333+0000] {logging_mixin.py:120} INFO - [2023-08-27T11:27:21.333+0000] {taskmixin.py:205} WARNING - Dependency <Task(_PythonDecoratedOperator): print_the_context>, log_sql_query already registered for DAG: example_python_operator
[2023-08-27T11:27:21.333+0000] {logging_mixin.py:120} INFO - [2023-08-27T11:27:21.333+0000] {taskmixin.py:205} WARNING - Dependency <Task(_PythonDecoratedOperator): log_sql_query>, print_the_context already registered for DAG: example_python_operator
[2023-08-27T11:27:21.338+0000] {processor.py:766} INFO - DAG(s) dict_keys(['example_python_operator']) retrieved from /home/airflow/.local/lib/python3.7/site-packages/airflow/example_dags/example_python_operator.py
[2023-08-27T11:27:21.365+0000] {logging_mixin.py:120} INFO - [2023-08-27T11:27:21.365+0000] {dag.py:2585} INFO - Sync 1 DAGs
[2023-08-27T11:27:21.378+0000] {logging_mixin.py:120} INFO - [2023-08-27T11:27:21.378+0000] {dag.py:3340} INFO - Setting next_dagrun for example_python_operator to None, run_after=None
[2023-08-27T11:27:21.388+0000] {processor.py:176} INFO - Processing /home/airflow/.local/lib/python3.7/site-packages/airflow/example_dags/example_python_operator.py took 0.072 seconds
[2023-08-27T11:27:51.596+0000] {processor.py:154} INFO - Started process (PID=29753) to work on /home/airflow/.local/lib/python3.7/site-packages/airflow/example_dags/example_python_operator.py
[2023-08-27T11:27:51.597+0000] {processor.py:756} INFO - Processing file /home/airflow/.local/lib/python3.7/site-packages/airflow/example_dags/example_python_operator.py for tasks to queue
[2023-08-27T11:27:51.597+0000] {logging_mixin.py:120} INFO - [2023-08-27T11:27:51.597+0000] {dagbag.py:537} INFO - Filling up the DagBag from /home/airflow/.local/lib/python3.7/site-packages/airflow/example_dags/example_python_operator.py
[2023-08-27T11:27:51.608+0000] {logging_mixin.py:120} INFO - [2023-08-27T11:27:51.608+0000] {taskmixin.py:205} WARNING - Dependency <Task(_PythonDecoratedOperator): print_the_context>, log_sql_query already registered for DAG: example_python_operator
[2023-08-27T11:27:51.609+0000] {logging_mixin.py:120} INFO - [2023-08-27T11:27:51.609+0000] {taskmixin.py:205} WARNING - Dependency <Task(_PythonDecoratedOperator): log_sql_query>, print_the_context already registered for DAG: example_python_operator
[2023-08-27T11:27:51.609+0000] {logging_mixin.py:120} INFO - [2023-08-27T11:27:51.609+0000] {taskmixin.py:205} WARNING - Dependency <Task(_PythonDecoratedOperator): print_the_context>, log_sql_query already registered for DAG: example_python_operator
[2023-08-27T11:27:51.609+0000] {logging_mixin.py:120} INFO - [2023-08-27T11:27:51.609+0000] {taskmixin.py:205} WARNING - Dependency <Task(_PythonDecoratedOperator): log_sql_query>, print_the_context already registered for DAG: example_python_operator
[2023-08-27T11:27:51.610+0000] {logging_mixin.py:120} INFO - [2023-08-27T11:27:51.610+0000] {taskmixin.py:205} WARNING - Dependency <Task(_PythonDecoratedOperator): print_the_context>, log_sql_query already registered for DAG: example_python_operator
[2023-08-27T11:27:51.610+0000] {logging_mixin.py:120} INFO - [2023-08-27T11:27:51.610+0000] {taskmixin.py:205} WARNING - Dependency <Task(_PythonDecoratedOperator): log_sql_query>, print_the_context already registered for DAG: example_python_operator
[2023-08-27T11:27:51.610+0000] {logging_mixin.py:120} INFO - [2023-08-27T11:27:51.610+0000] {taskmixin.py:205} WARNING - Dependency <Task(_PythonDecoratedOperator): print_the_context>, log_sql_query already registered for DAG: example_python_operator
[2023-08-27T11:27:51.610+0000] {logging_mixin.py:120} INFO - [2023-08-27T11:27:51.610+0000] {taskmixin.py:205} WARNING - Dependency <Task(_PythonDecoratedOperator): log_sql_query>, print_the_context already registered for DAG: example_python_operator
[2023-08-27T11:27:51.615+0000] {processor.py:766} INFO - DAG(s) dict_keys(['example_python_operator']) retrieved from /home/airflow/.local/lib/python3.7/site-packages/airflow/example_dags/example_python_operator.py
[2023-08-27T11:27:51.646+0000] {logging_mixin.py:120} INFO - [2023-08-27T11:27:51.646+0000] {dag.py:2585} INFO - Sync 1 DAGs
[2023-08-27T11:27:51.660+0000] {logging_mixin.py:120} INFO - [2023-08-27T11:27:51.660+0000] {dag.py:3340} INFO - Setting next_dagrun for example_python_operator to None, run_after=None
[2023-08-27T11:27:51.672+0000] {processor.py:176} INFO - Processing /home/airflow/.local/lib/python3.7/site-packages/airflow/example_dags/example_python_operator.py took 0.079 seconds
[2023-08-27T11:28:21.921+0000] {processor.py:154} INFO - Started process (PID=29818) to work on /home/airflow/.local/lib/python3.7/site-packages/airflow/example_dags/example_python_operator.py
[2023-08-27T11:28:21.922+0000] {processor.py:756} INFO - Processing file /home/airflow/.local/lib/python3.7/site-packages/airflow/example_dags/example_python_operator.py for tasks to queue
[2023-08-27T11:28:21.923+0000] {logging_mixin.py:120} INFO - [2023-08-27T11:28:21.923+0000] {dagbag.py:537} INFO - Filling up the DagBag from /home/airflow/.local/lib/python3.7/site-packages/airflow/example_dags/example_python_operator.py
[2023-08-27T11:28:21.933+0000] {logging_mixin.py:120} INFO - [2023-08-27T11:28:21.933+0000] {taskmixin.py:205} WARNING - Dependency <Task(_PythonDecoratedOperator): print_the_context>, log_sql_query already registered for DAG: example_python_operator
[2023-08-27T11:28:21.933+0000] {logging_mixin.py:120} INFO - [2023-08-27T11:28:21.933+0000] {taskmixin.py:205} WARNING - Dependency <Task(_PythonDecoratedOperator): log_sql_query>, print_the_context already registered for DAG: example_python_operator
[2023-08-27T11:28:21.933+0000] {logging_mixin.py:120} INFO - [2023-08-27T11:28:21.933+0000] {taskmixin.py:205} WARNING - Dependency <Task(_PythonDecoratedOperator): print_the_context>, log_sql_query already registered for DAG: example_python_operator
[2023-08-27T11:28:21.934+0000] {logging_mixin.py:120} INFO - [2023-08-27T11:28:21.934+0000] {taskmixin.py:205} WARNING - Dependency <Task(_PythonDecoratedOperator): log_sql_query>, print_the_context already registered for DAG: example_python_operator
[2023-08-27T11:28:21.934+0000] {logging_mixin.py:120} INFO - [2023-08-27T11:28:21.934+0000] {taskmixin.py:205} WARNING - Dependency <Task(_PythonDecoratedOperator): print_the_context>, log_sql_query already registered for DAG: example_python_operator
[2023-08-27T11:28:21.934+0000] {logging_mixin.py:120} INFO - [2023-08-27T11:28:21.934+0000] {taskmixin.py:205} WARNING - Dependency <Task(_PythonDecoratedOperator): log_sql_query>, print_the_context already registered for DAG: example_python_operator
[2023-08-27T11:28:21.935+0000] {logging_mixin.py:120} INFO - [2023-08-27T11:28:21.935+0000] {taskmixin.py:205} WARNING - Dependency <Task(_PythonDecoratedOperator): print_the_context>, log_sql_query already registered for DAG: example_python_operator
[2023-08-27T11:28:21.935+0000] {logging_mixin.py:120} INFO - [2023-08-27T11:28:21.935+0000] {taskmixin.py:205} WARNING - Dependency <Task(_PythonDecoratedOperator): log_sql_query>, print_the_context already registered for DAG: example_python_operator
[2023-08-27T11:28:21.940+0000] {processor.py:766} INFO - DAG(s) dict_keys(['example_python_operator']) retrieved from /home/airflow/.local/lib/python3.7/site-packages/airflow/example_dags/example_python_operator.py
[2023-08-27T11:28:21.967+0000] {logging_mixin.py:120} INFO - [2023-08-27T11:28:21.967+0000] {dag.py:2585} INFO - Sync 1 DAGs
[2023-08-27T11:28:21.981+0000] {logging_mixin.py:120} INFO - [2023-08-27T11:28:21.981+0000] {dag.py:3340} INFO - Setting next_dagrun for example_python_operator to None, run_after=None
[2023-08-27T11:28:21.991+0000] {processor.py:176} INFO - Processing /home/airflow/.local/lib/python3.7/site-packages/airflow/example_dags/example_python_operator.py took 0.072 seconds
[2023-08-27T11:28:52.108+0000] {processor.py:154} INFO - Started process (PID=29883) to work on /home/airflow/.local/lib/python3.7/site-packages/airflow/example_dags/example_python_operator.py
[2023-08-27T11:28:52.109+0000] {processor.py:756} INFO - Processing file /home/airflow/.local/lib/python3.7/site-packages/airflow/example_dags/example_python_operator.py for tasks to queue
[2023-08-27T11:28:52.110+0000] {logging_mixin.py:120} INFO - [2023-08-27T11:28:52.110+0000] {dagbag.py:537} INFO - Filling up the DagBag from /home/airflow/.local/lib/python3.7/site-packages/airflow/example_dags/example_python_operator.py
[2023-08-27T11:28:52.123+0000] {logging_mixin.py:120} INFO - [2023-08-27T11:28:52.123+0000] {taskmixin.py:205} WARNING - Dependency <Task(_PythonDecoratedOperator): print_the_context>, log_sql_query already registered for DAG: example_python_operator
[2023-08-27T11:28:52.123+0000] {logging_mixin.py:120} INFO - [2023-08-27T11:28:52.123+0000] {taskmixin.py:205} WARNING - Dependency <Task(_PythonDecoratedOperator): log_sql_query>, print_the_context already registered for DAG: example_python_operator
[2023-08-27T11:28:52.124+0000] {logging_mixin.py:120} INFO - [2023-08-27T11:28:52.124+0000] {taskmixin.py:205} WARNING - Dependency <Task(_PythonDecoratedOperator): print_the_context>, log_sql_query already registered for DAG: example_python_operator
[2023-08-27T11:28:52.124+0000] {logging_mixin.py:120} INFO - [2023-08-27T11:28:52.124+0000] {taskmixin.py:205} WARNING - Dependency <Task(_PythonDecoratedOperator): log_sql_query>, print_the_context already registered for DAG: example_python_operator
[2023-08-27T11:28:52.124+0000] {logging_mixin.py:120} INFO - [2023-08-27T11:28:52.124+0000] {taskmixin.py:205} WARNING - Dependency <Task(_PythonDecoratedOperator): print_the_context>, log_sql_query already registered for DAG: example_python_operator
[2023-08-27T11:28:52.125+0000] {logging_mixin.py:120} INFO - [2023-08-27T11:28:52.125+0000] {taskmixin.py:205} WARNING - Dependency <Task(_PythonDecoratedOperator): log_sql_query>, print_the_context already registered for DAG: example_python_operator
[2023-08-27T11:28:52.125+0000] {logging_mixin.py:120} INFO - [2023-08-27T11:28:52.125+0000] {taskmixin.py:205} WARNING - Dependency <Task(_PythonDecoratedOperator): print_the_context>, log_sql_query already registered for DAG: example_python_operator
[2023-08-27T11:28:52.125+0000] {logging_mixin.py:120} INFO - [2023-08-27T11:28:52.125+0000] {taskmixin.py:205} WARNING - Dependency <Task(_PythonDecoratedOperator): log_sql_query>, print_the_context already registered for DAG: example_python_operator
[2023-08-27T11:28:52.132+0000] {processor.py:766} INFO - DAG(s) dict_keys(['example_python_operator']) retrieved from /home/airflow/.local/lib/python3.7/site-packages/airflow/example_dags/example_python_operator.py
[2023-08-27T11:28:52.164+0000] {logging_mixin.py:120} INFO - [2023-08-27T11:28:52.164+0000] {dag.py:2585} INFO - Sync 1 DAGs
[2023-08-27T11:28:52.178+0000] {logging_mixin.py:120} INFO - [2023-08-27T11:28:52.178+0000] {dag.py:3340} INFO - Setting next_dagrun for example_python_operator to None, run_after=None
[2023-08-27T11:28:52.188+0000] {processor.py:176} INFO - Processing /home/airflow/.local/lib/python3.7/site-packages/airflow/example_dags/example_python_operator.py took 0.082 seconds
[2023-08-27T11:29:22.436+0000] {processor.py:154} INFO - Started process (PID=29939) to work on /home/airflow/.local/lib/python3.7/site-packages/airflow/example_dags/example_python_operator.py
[2023-08-27T11:29:22.437+0000] {processor.py:756} INFO - Processing file /home/airflow/.local/lib/python3.7/site-packages/airflow/example_dags/example_python_operator.py for tasks to queue
[2023-08-27T11:29:22.438+0000] {logging_mixin.py:120} INFO - [2023-08-27T11:29:22.437+0000] {dagbag.py:537} INFO - Filling up the DagBag from /home/airflow/.local/lib/python3.7/site-packages/airflow/example_dags/example_python_operator.py
[2023-08-27T11:29:22.449+0000] {logging_mixin.py:120} INFO - [2023-08-27T11:29:22.449+0000] {taskmixin.py:205} WARNING - Dependency <Task(_PythonDecoratedOperator): print_the_context>, log_sql_query already registered for DAG: example_python_operator
[2023-08-27T11:29:22.449+0000] {logging_mixin.py:120} INFO - [2023-08-27T11:29:22.449+0000] {taskmixin.py:205} WARNING - Dependency <Task(_PythonDecoratedOperator): log_sql_query>, print_the_context already registered for DAG: example_python_operator
[2023-08-27T11:29:22.449+0000] {logging_mixin.py:120} INFO - [2023-08-27T11:29:22.449+0000] {taskmixin.py:205} WARNING - Dependency <Task(_PythonDecoratedOperator): print_the_context>, log_sql_query already registered for DAG: example_python_operator
[2023-08-27T11:29:22.450+0000] {logging_mixin.py:120} INFO - [2023-08-27T11:29:22.450+0000] {taskmixin.py:205} WARNING - Dependency <Task(_PythonDecoratedOperator): log_sql_query>, print_the_context already registered for DAG: example_python_operator
[2023-08-27T11:29:22.450+0000] {logging_mixin.py:120} INFO - [2023-08-27T11:29:22.450+0000] {taskmixin.py:205} WARNING - Dependency <Task(_PythonDecoratedOperator): print_the_context>, log_sql_query already registered for DAG: example_python_operator
[2023-08-27T11:29:22.450+0000] {logging_mixin.py:120} INFO - [2023-08-27T11:29:22.450+0000] {taskmixin.py:205} WARNING - Dependency <Task(_PythonDecoratedOperator): log_sql_query>, print_the_context already registered for DAG: example_python_operator
[2023-08-27T11:29:22.451+0000] {logging_mixin.py:120} INFO - [2023-08-27T11:29:22.451+0000] {taskmixin.py:205} WARNING - Dependency <Task(_PythonDecoratedOperator): print_the_context>, log_sql_query already registered for DAG: example_python_operator
[2023-08-27T11:29:22.451+0000] {logging_mixin.py:120} INFO - [2023-08-27T11:29:22.451+0000] {taskmixin.py:205} WARNING - Dependency <Task(_PythonDecoratedOperator): log_sql_query>, print_the_context already registered for DAG: example_python_operator
[2023-08-27T11:29:22.457+0000] {processor.py:766} INFO - DAG(s) dict_keys(['example_python_operator']) retrieved from /home/airflow/.local/lib/python3.7/site-packages/airflow/example_dags/example_python_operator.py
[2023-08-27T11:29:22.492+0000] {logging_mixin.py:120} INFO - [2023-08-27T11:29:22.492+0000] {dag.py:2585} INFO - Sync 1 DAGs
[2023-08-27T11:29:22.510+0000] {logging_mixin.py:120} INFO - [2023-08-27T11:29:22.510+0000] {dag.py:3340} INFO - Setting next_dagrun for example_python_operator to None, run_after=None
[2023-08-27T11:29:22.524+0000] {processor.py:176} INFO - Processing /home/airflow/.local/lib/python3.7/site-packages/airflow/example_dags/example_python_operator.py took 0.090 seconds
[2023-08-27T11:29:52.807+0000] {processor.py:154} INFO - Started process (PID=30005) to work on /home/airflow/.local/lib/python3.7/site-packages/airflow/example_dags/example_python_operator.py
[2023-08-27T11:29:52.808+0000] {processor.py:756} INFO - Processing file /home/airflow/.local/lib/python3.7/site-packages/airflow/example_dags/example_python_operator.py for tasks to queue
[2023-08-27T11:29:52.809+0000] {logging_mixin.py:120} INFO - [2023-08-27T11:29:52.809+0000] {dagbag.py:537} INFO - Filling up the DagBag from /home/airflow/.local/lib/python3.7/site-packages/airflow/example_dags/example_python_operator.py
[2023-08-27T11:29:52.821+0000] {logging_mixin.py:120} INFO - [2023-08-27T11:29:52.821+0000] {taskmixin.py:205} WARNING - Dependency <Task(_PythonDecoratedOperator): print_the_context>, log_sql_query already registered for DAG: example_python_operator
[2023-08-27T11:29:52.821+0000] {logging_mixin.py:120} INFO - [2023-08-27T11:29:52.821+0000] {taskmixin.py:205} WARNING - Dependency <Task(_PythonDecoratedOperator): log_sql_query>, print_the_context already registered for DAG: example_python_operator
[2023-08-27T11:29:52.822+0000] {logging_mixin.py:120} INFO - [2023-08-27T11:29:52.821+0000] {taskmixin.py:205} WARNING - Dependency <Task(_PythonDecoratedOperator): print_the_context>, log_sql_query already registered for DAG: example_python_operator
[2023-08-27T11:29:52.822+0000] {logging_mixin.py:120} INFO - [2023-08-27T11:29:52.822+0000] {taskmixin.py:205} WARNING - Dependency <Task(_PythonDecoratedOperator): log_sql_query>, print_the_context already registered for DAG: example_python_operator
[2023-08-27T11:29:52.822+0000] {logging_mixin.py:120} INFO - [2023-08-27T11:29:52.822+0000] {taskmixin.py:205} WARNING - Dependency <Task(_PythonDecoratedOperator): print_the_context>, log_sql_query already registered for DAG: example_python_operator
[2023-08-27T11:29:52.822+0000] {logging_mixin.py:120} INFO - [2023-08-27T11:29:52.822+0000] {taskmixin.py:205} WARNING - Dependency <Task(_PythonDecoratedOperator): log_sql_query>, print_the_context already registered for DAG: example_python_operator
[2023-08-27T11:29:52.823+0000] {logging_mixin.py:120} INFO - [2023-08-27T11:29:52.823+0000] {taskmixin.py:205} WARNING - Dependency <Task(_PythonDecoratedOperator): print_the_context>, log_sql_query already registered for DAG: example_python_operator
[2023-08-27T11:29:52.823+0000] {logging_mixin.py:120} INFO - [2023-08-27T11:29:52.823+0000] {taskmixin.py:205} WARNING - Dependency <Task(_PythonDecoratedOperator): log_sql_query>, print_the_context already registered for DAG: example_python_operator
[2023-08-27T11:29:52.828+0000] {processor.py:766} INFO - DAG(s) dict_keys(['example_python_operator']) retrieved from /home/airflow/.local/lib/python3.7/site-packages/airflow/example_dags/example_python_operator.py
[2023-08-27T11:29:52.856+0000] {logging_mixin.py:120} INFO - [2023-08-27T11:29:52.856+0000] {dag.py:2585} INFO - Sync 1 DAGs
[2023-08-27T11:29:52.869+0000] {logging_mixin.py:120} INFO - [2023-08-27T11:29:52.869+0000] {dag.py:3340} INFO - Setting next_dagrun for example_python_operator to None, run_after=None
[2023-08-27T11:29:52.879+0000] {processor.py:176} INFO - Processing /home/airflow/.local/lib/python3.7/site-packages/airflow/example_dags/example_python_operator.py took 0.074 seconds
