[2023-08-27T11:24:21.115+0000] {processor.py:154} INFO - Started process (PID=29330) to work on /home/airflow/.local/lib/python3.7/site-packages/airflow/example_dags/example_nested_branch_dag.py
[2023-08-27T11:24:21.116+0000] {processor.py:756} INFO - Processing file /home/airflow/.local/lib/python3.7/site-packages/airflow/example_dags/example_nested_branch_dag.py for tasks to queue
[2023-08-27T11:24:21.116+0000] {logging_mixin.py:120} INFO - [2023-08-27T11:24:21.116+0000] {dagbag.py:537} INFO - Filling up the DagBag from /home/airflow/.local/lib/python3.7/site-packages/airflow/example_dags/example_nested_branch_dag.py
[2023-08-27T11:24:21.132+0000] {processor.py:766} INFO - DAG(s) dict_keys(['example_nested_branch_dag']) retrieved from /home/airflow/.local/lib/python3.7/site-packages/airflow/example_dags/example_nested_branch_dag.py
[2023-08-27T11:24:21.160+0000] {logging_mixin.py:120} INFO - [2023-08-27T11:24:21.160+0000] {dag.py:2585} INFO - Sync 1 DAGs
[2023-08-27T11:24:21.174+0000] {logging_mixin.py:120} INFO - [2023-08-27T11:24:21.174+0000] {dag.py:3340} INFO - Setting next_dagrun for example_nested_branch_dag to 2023-08-26T00:00:00+00:00, run_after=2023-08-27T00:00:00+00:00
[2023-08-27T11:24:21.184+0000] {processor.py:176} INFO - Processing /home/airflow/.local/lib/python3.7/site-packages/airflow/example_dags/example_nested_branch_dag.py took 0.071 seconds
[2023-08-27T11:24:51.480+0000] {processor.py:154} INFO - Started process (PID=29393) to work on /home/airflow/.local/lib/python3.7/site-packages/airflow/example_dags/example_nested_branch_dag.py
[2023-08-27T11:24:51.481+0000] {processor.py:756} INFO - Processing file /home/airflow/.local/lib/python3.7/site-packages/airflow/example_dags/example_nested_branch_dag.py for tasks to queue
[2023-08-27T11:24:51.482+0000] {logging_mixin.py:120} INFO - [2023-08-27T11:24:51.481+0000] {dagbag.py:537} INFO - Filling up the DagBag from /home/airflow/.local/lib/python3.7/site-packages/airflow/example_dags/example_nested_branch_dag.py
[2023-08-27T11:24:51.501+0000] {processor.py:766} INFO - DAG(s) dict_keys(['example_nested_branch_dag']) retrieved from /home/airflow/.local/lib/python3.7/site-packages/airflow/example_dags/example_nested_branch_dag.py
[2023-08-27T11:24:51.533+0000] {logging_mixin.py:120} INFO - [2023-08-27T11:24:51.533+0000] {dag.py:2585} INFO - Sync 1 DAGs
[2023-08-27T11:24:51.551+0000] {logging_mixin.py:120} INFO - [2023-08-27T11:24:51.550+0000] {dag.py:3340} INFO - Setting next_dagrun for example_nested_branch_dag to 2023-08-26T00:00:00+00:00, run_after=2023-08-27T00:00:00+00:00
[2023-08-27T11:24:51.566+0000] {processor.py:176} INFO - Processing /home/airflow/.local/lib/python3.7/site-packages/airflow/example_dags/example_nested_branch_dag.py took 0.089 seconds
[2023-08-27T11:25:21.640+0000] {processor.py:154} INFO - Started process (PID=29451) to work on /home/airflow/.local/lib/python3.7/site-packages/airflow/example_dags/example_nested_branch_dag.py
[2023-08-27T11:25:21.641+0000] {processor.py:756} INFO - Processing file /home/airflow/.local/lib/python3.7/site-packages/airflow/example_dags/example_nested_branch_dag.py for tasks to queue
[2023-08-27T11:25:21.642+0000] {logging_mixin.py:120} INFO - [2023-08-27T11:25:21.642+0000] {dagbag.py:537} INFO - Filling up the DagBag from /home/airflow/.local/lib/python3.7/site-packages/airflow/example_dags/example_nested_branch_dag.py
[2023-08-27T11:25:21.657+0000] {processor.py:766} INFO - DAG(s) dict_keys(['example_nested_branch_dag']) retrieved from /home/airflow/.local/lib/python3.7/site-packages/airflow/example_dags/example_nested_branch_dag.py
[2023-08-27T11:25:21.685+0000] {logging_mixin.py:120} INFO - [2023-08-27T11:25:21.685+0000] {dag.py:2585} INFO - Sync 1 DAGs
[2023-08-27T11:25:21.701+0000] {logging_mixin.py:120} INFO - [2023-08-27T11:25:21.701+0000] {dag.py:3340} INFO - Setting next_dagrun for example_nested_branch_dag to 2023-08-26T00:00:00+00:00, run_after=2023-08-27T00:00:00+00:00
[2023-08-27T11:25:21.712+0000] {processor.py:176} INFO - Processing /home/airflow/.local/lib/python3.7/site-packages/airflow/example_dags/example_nested_branch_dag.py took 0.074 seconds
[2023-08-27T11:25:52.029+0000] {processor.py:154} INFO - Started process (PID=29516) to work on /home/airflow/.local/lib/python3.7/site-packages/airflow/example_dags/example_nested_branch_dag.py
[2023-08-27T11:25:52.030+0000] {processor.py:756} INFO - Processing file /home/airflow/.local/lib/python3.7/site-packages/airflow/example_dags/example_nested_branch_dag.py for tasks to queue
[2023-08-27T11:25:52.031+0000] {logging_mixin.py:120} INFO - [2023-08-27T11:25:52.031+0000] {dagbag.py:537} INFO - Filling up the DagBag from /home/airflow/.local/lib/python3.7/site-packages/airflow/example_dags/example_nested_branch_dag.py
[2023-08-27T11:25:52.047+0000] {processor.py:766} INFO - DAG(s) dict_keys(['example_nested_branch_dag']) retrieved from /home/airflow/.local/lib/python3.7/site-packages/airflow/example_dags/example_nested_branch_dag.py
[2023-08-27T11:25:52.076+0000] {logging_mixin.py:120} INFO - [2023-08-27T11:25:52.076+0000] {dag.py:2585} INFO - Sync 1 DAGs
[2023-08-27T11:25:52.096+0000] {logging_mixin.py:120} INFO - [2023-08-27T11:25:52.096+0000] {dag.py:3340} INFO - Setting next_dagrun for example_nested_branch_dag to 2023-08-26T00:00:00+00:00, run_after=2023-08-27T00:00:00+00:00
[2023-08-27T11:25:52.113+0000] {processor.py:176} INFO - Processing /home/airflow/.local/lib/python3.7/site-packages/airflow/example_dags/example_nested_branch_dag.py took 0.086 seconds
[2023-08-27T11:26:22.387+0000] {processor.py:154} INFO - Started process (PID=29580) to work on /home/airflow/.local/lib/python3.7/site-packages/airflow/example_dags/example_nested_branch_dag.py
[2023-08-27T11:26:22.388+0000] {processor.py:756} INFO - Processing file /home/airflow/.local/lib/python3.7/site-packages/airflow/example_dags/example_nested_branch_dag.py for tasks to queue
[2023-08-27T11:26:22.389+0000] {logging_mixin.py:120} INFO - [2023-08-27T11:26:22.389+0000] {dagbag.py:537} INFO - Filling up the DagBag from /home/airflow/.local/lib/python3.7/site-packages/airflow/example_dags/example_nested_branch_dag.py
[2023-08-27T11:26:22.406+0000] {processor.py:766} INFO - DAG(s) dict_keys(['example_nested_branch_dag']) retrieved from /home/airflow/.local/lib/python3.7/site-packages/airflow/example_dags/example_nested_branch_dag.py
[2023-08-27T11:26:22.438+0000] {logging_mixin.py:120} INFO - [2023-08-27T11:26:22.438+0000] {dag.py:2585} INFO - Sync 1 DAGs
[2023-08-27T11:26:22.457+0000] {logging_mixin.py:120} INFO - [2023-08-27T11:26:22.456+0000] {dag.py:3340} INFO - Setting next_dagrun for example_nested_branch_dag to 2023-08-26T00:00:00+00:00, run_after=2023-08-27T00:00:00+00:00
[2023-08-27T11:26:22.469+0000] {processor.py:176} INFO - Processing /home/airflow/.local/lib/python3.7/site-packages/airflow/example_dags/example_nested_branch_dag.py took 0.085 seconds
[2023-08-27T11:26:52.787+0000] {processor.py:154} INFO - Started process (PID=29646) to work on /home/airflow/.local/lib/python3.7/site-packages/airflow/example_dags/example_nested_branch_dag.py
[2023-08-27T11:26:52.788+0000] {processor.py:756} INFO - Processing file /home/airflow/.local/lib/python3.7/site-packages/airflow/example_dags/example_nested_branch_dag.py for tasks to queue
[2023-08-27T11:26:52.789+0000] {logging_mixin.py:120} INFO - [2023-08-27T11:26:52.789+0000] {dagbag.py:537} INFO - Filling up the DagBag from /home/airflow/.local/lib/python3.7/site-packages/airflow/example_dags/example_nested_branch_dag.py
[2023-08-27T11:26:52.805+0000] {processor.py:766} INFO - DAG(s) dict_keys(['example_nested_branch_dag']) retrieved from /home/airflow/.local/lib/python3.7/site-packages/airflow/example_dags/example_nested_branch_dag.py
[2023-08-27T11:26:52.831+0000] {logging_mixin.py:120} INFO - [2023-08-27T11:26:52.831+0000] {dag.py:2585} INFO - Sync 1 DAGs
[2023-08-27T11:26:52.847+0000] {logging_mixin.py:120} INFO - [2023-08-27T11:26:52.847+0000] {dag.py:3340} INFO - Setting next_dagrun for example_nested_branch_dag to 2023-08-26T00:00:00+00:00, run_after=2023-08-27T00:00:00+00:00
[2023-08-27T11:26:52.857+0000] {processor.py:176} INFO - Processing /home/airflow/.local/lib/python3.7/site-packages/airflow/example_dags/example_nested_branch_dag.py took 0.072 seconds
[2023-08-27T11:27:23.200+0000] {processor.py:154} INFO - Started process (PID=29702) to work on /home/airflow/.local/lib/python3.7/site-packages/airflow/example_dags/example_nested_branch_dag.py
[2023-08-27T11:27:23.201+0000] {processor.py:756} INFO - Processing file /home/airflow/.local/lib/python3.7/site-packages/airflow/example_dags/example_nested_branch_dag.py for tasks to queue
[2023-08-27T11:27:23.202+0000] {logging_mixin.py:120} INFO - [2023-08-27T11:27:23.202+0000] {dagbag.py:537} INFO - Filling up the DagBag from /home/airflow/.local/lib/python3.7/site-packages/airflow/example_dags/example_nested_branch_dag.py
[2023-08-27T11:27:23.216+0000] {processor.py:766} INFO - DAG(s) dict_keys(['example_nested_branch_dag']) retrieved from /home/airflow/.local/lib/python3.7/site-packages/airflow/example_dags/example_nested_branch_dag.py
[2023-08-27T11:27:23.243+0000] {logging_mixin.py:120} INFO - [2023-08-27T11:27:23.243+0000] {dag.py:2585} INFO - Sync 1 DAGs
[2023-08-27T11:27:23.258+0000] {logging_mixin.py:120} INFO - [2023-08-27T11:27:23.258+0000] {dag.py:3340} INFO - Setting next_dagrun for example_nested_branch_dag to 2023-08-26T00:00:00+00:00, run_after=2023-08-27T00:00:00+00:00
[2023-08-27T11:27:23.267+0000] {processor.py:176} INFO - Processing /home/airflow/.local/lib/python3.7/site-packages/airflow/example_dags/example_nested_branch_dag.py took 0.070 seconds
[2023-08-27T11:27:53.315+0000] {processor.py:154} INFO - Started process (PID=29767) to work on /home/airflow/.local/lib/python3.7/site-packages/airflow/example_dags/example_nested_branch_dag.py
[2023-08-27T11:27:53.316+0000] {processor.py:756} INFO - Processing file /home/airflow/.local/lib/python3.7/site-packages/airflow/example_dags/example_nested_branch_dag.py for tasks to queue
[2023-08-27T11:27:53.317+0000] {logging_mixin.py:120} INFO - [2023-08-27T11:27:53.317+0000] {dagbag.py:537} INFO - Filling up the DagBag from /home/airflow/.local/lib/python3.7/site-packages/airflow/example_dags/example_nested_branch_dag.py
[2023-08-27T11:27:53.332+0000] {processor.py:766} INFO - DAG(s) dict_keys(['example_nested_branch_dag']) retrieved from /home/airflow/.local/lib/python3.7/site-packages/airflow/example_dags/example_nested_branch_dag.py
[2023-08-27T11:27:53.359+0000] {logging_mixin.py:120} INFO - [2023-08-27T11:27:53.359+0000] {dag.py:2585} INFO - Sync 1 DAGs
[2023-08-27T11:27:53.373+0000] {logging_mixin.py:120} INFO - [2023-08-27T11:27:53.373+0000] {dag.py:3340} INFO - Setting next_dagrun for example_nested_branch_dag to 2023-08-26T00:00:00+00:00, run_after=2023-08-27T00:00:00+00:00
[2023-08-27T11:27:53.382+0000] {processor.py:176} INFO - Processing /home/airflow/.local/lib/python3.7/site-packages/airflow/example_dags/example_nested_branch_dag.py took 0.069 seconds
[2023-08-27T11:28:23.631+0000] {processor.py:154} INFO - Started process (PID=29832) to work on /home/airflow/.local/lib/python3.7/site-packages/airflow/example_dags/example_nested_branch_dag.py
[2023-08-27T11:28:23.632+0000] {processor.py:756} INFO - Processing file /home/airflow/.local/lib/python3.7/site-packages/airflow/example_dags/example_nested_branch_dag.py for tasks to queue
[2023-08-27T11:28:23.632+0000] {logging_mixin.py:120} INFO - [2023-08-27T11:28:23.632+0000] {dagbag.py:537} INFO - Filling up the DagBag from /home/airflow/.local/lib/python3.7/site-packages/airflow/example_dags/example_nested_branch_dag.py
[2023-08-27T11:28:23.652+0000] {processor.py:766} INFO - DAG(s) dict_keys(['example_nested_branch_dag']) retrieved from /home/airflow/.local/lib/python3.7/site-packages/airflow/example_dags/example_nested_branch_dag.py
[2023-08-27T11:28:23.681+0000] {logging_mixin.py:120} INFO - [2023-08-27T11:28:23.681+0000] {dag.py:2585} INFO - Sync 1 DAGs
[2023-08-27T11:28:23.695+0000] {logging_mixin.py:120} INFO - [2023-08-27T11:28:23.695+0000] {dag.py:3340} INFO - Setting next_dagrun for example_nested_branch_dag to 2023-08-26T00:00:00+00:00, run_after=2023-08-27T00:00:00+00:00
[2023-08-27T11:28:23.704+0000] {processor.py:176} INFO - Processing /home/airflow/.local/lib/python3.7/site-packages/airflow/example_dags/example_nested_branch_dag.py took 0.077 seconds
[2023-08-27T11:28:53.894+0000] {processor.py:154} INFO - Started process (PID=29897) to work on /home/airflow/.local/lib/python3.7/site-packages/airflow/example_dags/example_nested_branch_dag.py
[2023-08-27T11:28:53.895+0000] {processor.py:756} INFO - Processing file /home/airflow/.local/lib/python3.7/site-packages/airflow/example_dags/example_nested_branch_dag.py for tasks to queue
[2023-08-27T11:28:53.896+0000] {logging_mixin.py:120} INFO - [2023-08-27T11:28:53.895+0000] {dagbag.py:537} INFO - Filling up the DagBag from /home/airflow/.local/lib/python3.7/site-packages/airflow/example_dags/example_nested_branch_dag.py
[2023-08-27T11:28:53.910+0000] {processor.py:766} INFO - DAG(s) dict_keys(['example_nested_branch_dag']) retrieved from /home/airflow/.local/lib/python3.7/site-packages/airflow/example_dags/example_nested_branch_dag.py
[2023-08-27T11:28:53.936+0000] {logging_mixin.py:120} INFO - [2023-08-27T11:28:53.936+0000] {dag.py:2585} INFO - Sync 1 DAGs
[2023-08-27T11:28:53.949+0000] {logging_mixin.py:120} INFO - [2023-08-27T11:28:53.949+0000] {dag.py:3340} INFO - Setting next_dagrun for example_nested_branch_dag to 2023-08-26T00:00:00+00:00, run_after=2023-08-27T00:00:00+00:00
[2023-08-27T11:28:53.959+0000] {processor.py:176} INFO - Processing /home/airflow/.local/lib/python3.7/site-packages/airflow/example_dags/example_nested_branch_dag.py took 0.066 seconds
[2023-08-27T11:29:24.192+0000] {processor.py:154} INFO - Started process (PID=29963) to work on /home/airflow/.local/lib/python3.7/site-packages/airflow/example_dags/example_nested_branch_dag.py
[2023-08-27T11:29:24.193+0000] {processor.py:756} INFO - Processing file /home/airflow/.local/lib/python3.7/site-packages/airflow/example_dags/example_nested_branch_dag.py for tasks to queue
[2023-08-27T11:29:24.194+0000] {logging_mixin.py:120} INFO - [2023-08-27T11:29:24.194+0000] {dagbag.py:537} INFO - Filling up the DagBag from /home/airflow/.local/lib/python3.7/site-packages/airflow/example_dags/example_nested_branch_dag.py
[2023-08-27T11:29:24.212+0000] {processor.py:766} INFO - DAG(s) dict_keys(['example_nested_branch_dag']) retrieved from /home/airflow/.local/lib/python3.7/site-packages/airflow/example_dags/example_nested_branch_dag.py
[2023-08-27T11:29:24.241+0000] {logging_mixin.py:120} INFO - [2023-08-27T11:29:24.241+0000] {dag.py:2585} INFO - Sync 1 DAGs
[2023-08-27T11:29:24.256+0000] {logging_mixin.py:120} INFO - [2023-08-27T11:29:24.256+0000] {dag.py:3340} INFO - Setting next_dagrun for example_nested_branch_dag to 2023-08-26T00:00:00+00:00, run_after=2023-08-27T00:00:00+00:00
[2023-08-27T11:29:24.268+0000] {processor.py:176} INFO - Processing /home/airflow/.local/lib/python3.7/site-packages/airflow/example_dags/example_nested_branch_dag.py took 0.078 seconds
[2023-08-27T11:29:54.594+0000] {processor.py:154} INFO - Started process (PID=30019) to work on /home/airflow/.local/lib/python3.7/site-packages/airflow/example_dags/example_nested_branch_dag.py
[2023-08-27T11:29:54.595+0000] {processor.py:756} INFO - Processing file /home/airflow/.local/lib/python3.7/site-packages/airflow/example_dags/example_nested_branch_dag.py for tasks to queue
[2023-08-27T11:29:54.596+0000] {logging_mixin.py:120} INFO - [2023-08-27T11:29:54.596+0000] {dagbag.py:537} INFO - Filling up the DagBag from /home/airflow/.local/lib/python3.7/site-packages/airflow/example_dags/example_nested_branch_dag.py
[2023-08-27T11:29:54.611+0000] {processor.py:766} INFO - DAG(s) dict_keys(['example_nested_branch_dag']) retrieved from /home/airflow/.local/lib/python3.7/site-packages/airflow/example_dags/example_nested_branch_dag.py
[2023-08-27T11:29:54.637+0000] {logging_mixin.py:120} INFO - [2023-08-27T11:29:54.637+0000] {dag.py:2585} INFO - Sync 1 DAGs
[2023-08-27T11:29:54.650+0000] {logging_mixin.py:120} INFO - [2023-08-27T11:29:54.650+0000] {dag.py:3340} INFO - Setting next_dagrun for example_nested_branch_dag to 2023-08-26T00:00:00+00:00, run_after=2023-08-27T00:00:00+00:00
[2023-08-27T11:29:54.660+0000] {processor.py:176} INFO - Processing /home/airflow/.local/lib/python3.7/site-packages/airflow/example_dags/example_nested_branch_dag.py took 0.067 seconds
