[2023-08-27T11:24:27.318+0000] {processor.py:154} INFO - Started process (PID=29333) to work on /home/airflow/.local/lib/python3.7/site-packages/airflow/example_dags/example_branch_datetime_operator.py
[2023-08-27T11:24:27.320+0000] {processor.py:756} INFO - Processing file /home/airflow/.local/lib/python3.7/site-packages/airflow/example_dags/example_branch_datetime_operator.py for tasks to queue
[2023-08-27T11:24:27.321+0000] {logging_mixin.py:120} INFO - [2023-08-27T11:24:27.321+0000] {dagbag.py:537} INFO - Filling up the DagBag from /home/airflow/.local/lib/python3.7/site-packages/airflow/example_dags/example_branch_datetime_operator.py
[2023-08-27T11:24:27.359+0000] {processor.py:766} INFO - DAG(s) dict_keys(['example_branch_datetime_operator_2', 'example_branch_datetime_operator', 'example_branch_datetime_operator_3']) retrieved from /home/airflow/.local/lib/python3.7/site-packages/airflow/example_dags/example_branch_datetime_operator.py
[2023-08-27T11:24:27.404+0000] {logging_mixin.py:120} INFO - [2023-08-27T11:24:27.403+0000] {dag.py:2585} INFO - Sync 3 DAGs
[2023-08-27T11:24:27.418+0000] {logging_mixin.py:120} INFO - [2023-08-27T11:24:27.418+0000] {dag.py:3340} INFO - Setting next_dagrun for example_branch_datetime_operator to 2023-08-26T00:00:00+00:00, run_after=2023-08-27T00:00:00+00:00
[2023-08-27T11:24:27.421+0000] {logging_mixin.py:120} INFO - [2023-08-27T11:24:27.421+0000] {dag.py:3340} INFO - Setting next_dagrun for example_branch_datetime_operator_2 to 2023-08-26T00:00:00+00:00, run_after=2023-08-27T00:00:00+00:00
[2023-08-27T11:24:27.422+0000] {logging_mixin.py:120} INFO - [2023-08-27T11:24:27.422+0000] {dag.py:3340} INFO - Setting next_dagrun for example_branch_datetime_operator_3 to 2023-08-26T00:00:00+00:00, run_after=2023-08-27T00:00:00+00:00
[2023-08-27T11:24:27.432+0000] {processor.py:176} INFO - Processing /home/airflow/.local/lib/python3.7/site-packages/airflow/example_dags/example_branch_datetime_operator.py took 0.120 seconds
[2023-08-27T11:24:57.663+0000] {processor.py:154} INFO - Started process (PID=29398) to work on /home/airflow/.local/lib/python3.7/site-packages/airflow/example_dags/example_branch_datetime_operator.py
[2023-08-27T11:24:57.665+0000] {processor.py:756} INFO - Processing file /home/airflow/.local/lib/python3.7/site-packages/airflow/example_dags/example_branch_datetime_operator.py for tasks to queue
[2023-08-27T11:24:57.665+0000] {logging_mixin.py:120} INFO - [2023-08-27T11:24:57.665+0000] {dagbag.py:537} INFO - Filling up the DagBag from /home/airflow/.local/lib/python3.7/site-packages/airflow/example_dags/example_branch_datetime_operator.py
[2023-08-27T11:24:57.681+0000] {processor.py:766} INFO - DAG(s) dict_keys(['example_branch_datetime_operator_3', 'example_branch_datetime_operator', 'example_branch_datetime_operator_2']) retrieved from /home/airflow/.local/lib/python3.7/site-packages/airflow/example_dags/example_branch_datetime_operator.py
[2023-08-27T11:24:57.718+0000] {logging_mixin.py:120} INFO - [2023-08-27T11:24:57.718+0000] {dag.py:2585} INFO - Sync 3 DAGs
[2023-08-27T11:24:57.736+0000] {logging_mixin.py:120} INFO - [2023-08-27T11:24:57.736+0000] {dag.py:3340} INFO - Setting next_dagrun for example_branch_datetime_operator to 2023-08-26T00:00:00+00:00, run_after=2023-08-27T00:00:00+00:00
[2023-08-27T11:24:57.739+0000] {logging_mixin.py:120} INFO - [2023-08-27T11:24:57.738+0000] {dag.py:3340} INFO - Setting next_dagrun for example_branch_datetime_operator_2 to 2023-08-26T00:00:00+00:00, run_after=2023-08-27T00:00:00+00:00
[2023-08-27T11:24:57.740+0000] {logging_mixin.py:120} INFO - [2023-08-27T11:24:57.740+0000] {dag.py:3340} INFO - Setting next_dagrun for example_branch_datetime_operator_3 to 2023-08-26T00:00:00+00:00, run_after=2023-08-27T00:00:00+00:00
[2023-08-27T11:24:57.750+0000] {processor.py:176} INFO - Processing /home/airflow/.local/lib/python3.7/site-packages/airflow/example_dags/example_branch_datetime_operator.py took 0.090 seconds
[2023-08-27T11:25:27.856+0000] {processor.py:154} INFO - Started process (PID=29463) to work on /home/airflow/.local/lib/python3.7/site-packages/airflow/example_dags/example_branch_datetime_operator.py
[2023-08-27T11:25:27.858+0000] {processor.py:756} INFO - Processing file /home/airflow/.local/lib/python3.7/site-packages/airflow/example_dags/example_branch_datetime_operator.py for tasks to queue
[2023-08-27T11:25:27.860+0000] {logging_mixin.py:120} INFO - [2023-08-27T11:25:27.859+0000] {dagbag.py:537} INFO - Filling up the DagBag from /home/airflow/.local/lib/python3.7/site-packages/airflow/example_dags/example_branch_datetime_operator.py
[2023-08-27T11:25:27.883+0000] {processor.py:766} INFO - DAG(s) dict_keys(['example_branch_datetime_operator_2', 'example_branch_datetime_operator_3', 'example_branch_datetime_operator']) retrieved from /home/airflow/.local/lib/python3.7/site-packages/airflow/example_dags/example_branch_datetime_operator.py
[2023-08-27T11:25:27.922+0000] {logging_mixin.py:120} INFO - [2023-08-27T11:25:27.922+0000] {dag.py:2585} INFO - Sync 3 DAGs
[2023-08-27T11:25:27.939+0000] {logging_mixin.py:120} INFO - [2023-08-27T11:25:27.938+0000] {dag.py:3340} INFO - Setting next_dagrun for example_branch_datetime_operator to 2023-08-26T00:00:00+00:00, run_after=2023-08-27T00:00:00+00:00
[2023-08-27T11:25:27.941+0000] {logging_mixin.py:120} INFO - [2023-08-27T11:25:27.941+0000] {dag.py:3340} INFO - Setting next_dagrun for example_branch_datetime_operator_2 to 2023-08-26T00:00:00+00:00, run_after=2023-08-27T00:00:00+00:00
[2023-08-27T11:25:27.942+0000] {logging_mixin.py:120} INFO - [2023-08-27T11:25:27.942+0000] {dag.py:3340} INFO - Setting next_dagrun for example_branch_datetime_operator_3 to 2023-08-26T00:00:00+00:00, run_after=2023-08-27T00:00:00+00:00
[2023-08-27T11:25:27.951+0000] {processor.py:176} INFO - Processing /home/airflow/.local/lib/python3.7/site-packages/airflow/example_dags/example_branch_datetime_operator.py took 0.101 seconds
[2023-08-27T11:25:58.295+0000] {processor.py:154} INFO - Started process (PID=29528) to work on /home/airflow/.local/lib/python3.7/site-packages/airflow/example_dags/example_branch_datetime_operator.py
[2023-08-27T11:25:58.296+0000] {processor.py:756} INFO - Processing file /home/airflow/.local/lib/python3.7/site-packages/airflow/example_dags/example_branch_datetime_operator.py for tasks to queue
[2023-08-27T11:25:58.297+0000] {logging_mixin.py:120} INFO - [2023-08-27T11:25:58.297+0000] {dagbag.py:537} INFO - Filling up the DagBag from /home/airflow/.local/lib/python3.7/site-packages/airflow/example_dags/example_branch_datetime_operator.py
[2023-08-27T11:25:58.318+0000] {processor.py:766} INFO - DAG(s) dict_keys(['example_branch_datetime_operator', 'example_branch_datetime_operator_3', 'example_branch_datetime_operator_2']) retrieved from /home/airflow/.local/lib/python3.7/site-packages/airflow/example_dags/example_branch_datetime_operator.py
[2023-08-27T11:25:58.358+0000] {logging_mixin.py:120} INFO - [2023-08-27T11:25:58.357+0000] {dag.py:2585} INFO - Sync 3 DAGs
[2023-08-27T11:25:58.372+0000] {logging_mixin.py:120} INFO - [2023-08-27T11:25:58.372+0000] {dag.py:3340} INFO - Setting next_dagrun for example_branch_datetime_operator to 2023-08-26T00:00:00+00:00, run_after=2023-08-27T00:00:00+00:00
[2023-08-27T11:25:58.375+0000] {logging_mixin.py:120} INFO - [2023-08-27T11:25:58.375+0000] {dag.py:3340} INFO - Setting next_dagrun for example_branch_datetime_operator_2 to 2023-08-26T00:00:00+00:00, run_after=2023-08-27T00:00:00+00:00
[2023-08-27T11:25:58.376+0000] {logging_mixin.py:120} INFO - [2023-08-27T11:25:58.376+0000] {dag.py:3340} INFO - Setting next_dagrun for example_branch_datetime_operator_3 to 2023-08-26T00:00:00+00:00, run_after=2023-08-27T00:00:00+00:00
[2023-08-27T11:25:58.386+0000] {processor.py:176} INFO - Processing /home/airflow/.local/lib/python3.7/site-packages/airflow/example_dags/example_branch_datetime_operator.py took 0.096 seconds
[2023-08-27T11:26:28.567+0000] {processor.py:154} INFO - Started process (PID=29583) to work on /home/airflow/.local/lib/python3.7/site-packages/airflow/example_dags/example_branch_datetime_operator.py
[2023-08-27T11:26:28.569+0000] {processor.py:756} INFO - Processing file /home/airflow/.local/lib/python3.7/site-packages/airflow/example_dags/example_branch_datetime_operator.py for tasks to queue
[2023-08-27T11:26:28.570+0000] {logging_mixin.py:120} INFO - [2023-08-27T11:26:28.569+0000] {dagbag.py:537} INFO - Filling up the DagBag from /home/airflow/.local/lib/python3.7/site-packages/airflow/example_dags/example_branch_datetime_operator.py
[2023-08-27T11:26:28.588+0000] {processor.py:766} INFO - DAG(s) dict_keys(['example_branch_datetime_operator_2', 'example_branch_datetime_operator_3', 'example_branch_datetime_operator']) retrieved from /home/airflow/.local/lib/python3.7/site-packages/airflow/example_dags/example_branch_datetime_operator.py
[2023-08-27T11:26:28.629+0000] {logging_mixin.py:120} INFO - [2023-08-27T11:26:28.629+0000] {dag.py:2585} INFO - Sync 3 DAGs
[2023-08-27T11:26:28.646+0000] {logging_mixin.py:120} INFO - [2023-08-27T11:26:28.646+0000] {dag.py:3340} INFO - Setting next_dagrun for example_branch_datetime_operator to 2023-08-26T00:00:00+00:00, run_after=2023-08-27T00:00:00+00:00
[2023-08-27T11:26:28.649+0000] {logging_mixin.py:120} INFO - [2023-08-27T11:26:28.649+0000] {dag.py:3340} INFO - Setting next_dagrun for example_branch_datetime_operator_2 to 2023-08-26T00:00:00+00:00, run_after=2023-08-27T00:00:00+00:00
[2023-08-27T11:26:28.651+0000] {logging_mixin.py:120} INFO - [2023-08-27T11:26:28.651+0000] {dag.py:3340} INFO - Setting next_dagrun for example_branch_datetime_operator_3 to 2023-08-26T00:00:00+00:00, run_after=2023-08-27T00:00:00+00:00
[2023-08-27T11:26:28.663+0000] {processor.py:176} INFO - Processing /home/airflow/.local/lib/python3.7/site-packages/airflow/example_dags/example_branch_datetime_operator.py took 0.099 seconds
[2023-08-27T11:26:58.968+0000] {processor.py:154} INFO - Started process (PID=29649) to work on /home/airflow/.local/lib/python3.7/site-packages/airflow/example_dags/example_branch_datetime_operator.py
[2023-08-27T11:26:58.970+0000] {processor.py:756} INFO - Processing file /home/airflow/.local/lib/python3.7/site-packages/airflow/example_dags/example_branch_datetime_operator.py for tasks to queue
[2023-08-27T11:26:58.971+0000] {logging_mixin.py:120} INFO - [2023-08-27T11:26:58.971+0000] {dagbag.py:537} INFO - Filling up the DagBag from /home/airflow/.local/lib/python3.7/site-packages/airflow/example_dags/example_branch_datetime_operator.py
[2023-08-27T11:26:58.991+0000] {processor.py:766} INFO - DAG(s) dict_keys(['example_branch_datetime_operator_3', 'example_branch_datetime_operator', 'example_branch_datetime_operator_2']) retrieved from /home/airflow/.local/lib/python3.7/site-packages/airflow/example_dags/example_branch_datetime_operator.py
[2023-08-27T11:26:59.028+0000] {logging_mixin.py:120} INFO - [2023-08-27T11:26:59.028+0000] {dag.py:2585} INFO - Sync 3 DAGs
[2023-08-27T11:26:59.043+0000] {logging_mixin.py:120} INFO - [2023-08-27T11:26:59.043+0000] {dag.py:3340} INFO - Setting next_dagrun for example_branch_datetime_operator to 2023-08-26T00:00:00+00:00, run_after=2023-08-27T00:00:00+00:00
[2023-08-27T11:26:59.046+0000] {logging_mixin.py:120} INFO - [2023-08-27T11:26:59.046+0000] {dag.py:3340} INFO - Setting next_dagrun for example_branch_datetime_operator_2 to 2023-08-26T00:00:00+00:00, run_after=2023-08-27T00:00:00+00:00
[2023-08-27T11:26:59.048+0000] {logging_mixin.py:120} INFO - [2023-08-27T11:26:59.047+0000] {dag.py:3340} INFO - Setting next_dagrun for example_branch_datetime_operator_3 to 2023-08-26T00:00:00+00:00, run_after=2023-08-27T00:00:00+00:00
[2023-08-27T11:26:59.057+0000] {processor.py:176} INFO - Processing /home/airflow/.local/lib/python3.7/site-packages/airflow/example_dags/example_branch_datetime_operator.py took 0.093 seconds
[2023-08-27T11:27:29.464+0000] {processor.py:154} INFO - Started process (PID=29714) to work on /home/airflow/.local/lib/python3.7/site-packages/airflow/example_dags/example_branch_datetime_operator.py
[2023-08-27T11:27:29.465+0000] {processor.py:756} INFO - Processing file /home/airflow/.local/lib/python3.7/site-packages/airflow/example_dags/example_branch_datetime_operator.py for tasks to queue
[2023-08-27T11:27:29.466+0000] {logging_mixin.py:120} INFO - [2023-08-27T11:27:29.466+0000] {dagbag.py:537} INFO - Filling up the DagBag from /home/airflow/.local/lib/python3.7/site-packages/airflow/example_dags/example_branch_datetime_operator.py
[2023-08-27T11:27:29.487+0000] {processor.py:766} INFO - DAG(s) dict_keys(['example_branch_datetime_operator', 'example_branch_datetime_operator_3', 'example_branch_datetime_operator_2']) retrieved from /home/airflow/.local/lib/python3.7/site-packages/airflow/example_dags/example_branch_datetime_operator.py
[2023-08-27T11:27:29.523+0000] {logging_mixin.py:120} INFO - [2023-08-27T11:27:29.523+0000] {dag.py:2585} INFO - Sync 3 DAGs
[2023-08-27T11:27:29.538+0000] {logging_mixin.py:120} INFO - [2023-08-27T11:27:29.538+0000] {dag.py:3340} INFO - Setting next_dagrun for example_branch_datetime_operator to 2023-08-26T00:00:00+00:00, run_after=2023-08-27T00:00:00+00:00
[2023-08-27T11:27:29.541+0000] {logging_mixin.py:120} INFO - [2023-08-27T11:27:29.541+0000] {dag.py:3340} INFO - Setting next_dagrun for example_branch_datetime_operator_2 to 2023-08-26T00:00:00+00:00, run_after=2023-08-27T00:00:00+00:00
[2023-08-27T11:27:29.542+0000] {logging_mixin.py:120} INFO - [2023-08-27T11:27:29.542+0000] {dag.py:3340} INFO - Setting next_dagrun for example_branch_datetime_operator_3 to 2023-08-26T00:00:00+00:00, run_after=2023-08-27T00:00:00+00:00
[2023-08-27T11:27:29.551+0000] {processor.py:176} INFO - Processing /home/airflow/.local/lib/python3.7/site-packages/airflow/example_dags/example_branch_datetime_operator.py took 0.091 seconds
[2023-08-27T11:28:00.581+0000] {processor.py:154} INFO - Started process (PID=29779) to work on /home/airflow/.local/lib/python3.7/site-packages/airflow/example_dags/example_branch_datetime_operator.py
[2023-08-27T11:28:00.582+0000] {processor.py:756} INFO - Processing file /home/airflow/.local/lib/python3.7/site-packages/airflow/example_dags/example_branch_datetime_operator.py for tasks to queue
[2023-08-27T11:28:00.583+0000] {logging_mixin.py:120} INFO - [2023-08-27T11:28:00.583+0000] {dagbag.py:537} INFO - Filling up the DagBag from /home/airflow/.local/lib/python3.7/site-packages/airflow/example_dags/example_branch_datetime_operator.py
[2023-08-27T11:28:00.606+0000] {processor.py:766} INFO - DAG(s) dict_keys(['example_branch_datetime_operator_3', 'example_branch_datetime_operator', 'example_branch_datetime_operator_2']) retrieved from /home/airflow/.local/lib/python3.7/site-packages/airflow/example_dags/example_branch_datetime_operator.py
[2023-08-27T11:28:00.650+0000] {logging_mixin.py:120} INFO - [2023-08-27T11:28:00.650+0000] {dag.py:2585} INFO - Sync 3 DAGs
[2023-08-27T11:28:00.664+0000] {logging_mixin.py:120} INFO - [2023-08-27T11:28:00.664+0000] {dag.py:3340} INFO - Setting next_dagrun for example_branch_datetime_operator to 2023-08-26T00:00:00+00:00, run_after=2023-08-27T00:00:00+00:00
[2023-08-27T11:28:00.667+0000] {logging_mixin.py:120} INFO - [2023-08-27T11:28:00.667+0000] {dag.py:3340} INFO - Setting next_dagrun for example_branch_datetime_operator_2 to 2023-08-26T00:00:00+00:00, run_after=2023-08-27T00:00:00+00:00
[2023-08-27T11:28:00.668+0000] {logging_mixin.py:120} INFO - [2023-08-27T11:28:00.668+0000] {dag.py:3340} INFO - Setting next_dagrun for example_branch_datetime_operator_3 to 2023-08-26T00:00:00+00:00, run_after=2023-08-27T00:00:00+00:00
[2023-08-27T11:28:00.678+0000] {processor.py:176} INFO - Processing /home/airflow/.local/lib/python3.7/site-packages/airflow/example_dags/example_branch_datetime_operator.py took 0.101 seconds
[2023-08-27T11:28:30.895+0000] {processor.py:154} INFO - Started process (PID=29844) to work on /home/airflow/.local/lib/python3.7/site-packages/airflow/example_dags/example_branch_datetime_operator.py
[2023-08-27T11:28:30.898+0000] {processor.py:756} INFO - Processing file /home/airflow/.local/lib/python3.7/site-packages/airflow/example_dags/example_branch_datetime_operator.py for tasks to queue
[2023-08-27T11:28:30.899+0000] {logging_mixin.py:120} INFO - [2023-08-27T11:28:30.899+0000] {dagbag.py:537} INFO - Filling up the DagBag from /home/airflow/.local/lib/python3.7/site-packages/airflow/example_dags/example_branch_datetime_operator.py
[2023-08-27T11:28:30.949+0000] {processor.py:766} INFO - DAG(s) dict_keys(['example_branch_datetime_operator_2', 'example_branch_datetime_operator', 'example_branch_datetime_operator_3']) retrieved from /home/airflow/.local/lib/python3.7/site-packages/airflow/example_dags/example_branch_datetime_operator.py
[2023-08-27T11:28:30.996+0000] {logging_mixin.py:120} INFO - [2023-08-27T11:28:30.996+0000] {dag.py:2585} INFO - Sync 3 DAGs
[2023-08-27T11:28:31.012+0000] {logging_mixin.py:120} INFO - [2023-08-27T11:28:31.011+0000] {dag.py:3340} INFO - Setting next_dagrun for example_branch_datetime_operator to 2023-08-26T00:00:00+00:00, run_after=2023-08-27T00:00:00+00:00
[2023-08-27T11:28:31.014+0000] {logging_mixin.py:120} INFO - [2023-08-27T11:28:31.014+0000] {dag.py:3340} INFO - Setting next_dagrun for example_branch_datetime_operator_2 to 2023-08-26T00:00:00+00:00, run_after=2023-08-27T00:00:00+00:00
[2023-08-27T11:28:31.016+0000] {logging_mixin.py:120} INFO - [2023-08-27T11:28:31.016+0000] {dag.py:3340} INFO - Setting next_dagrun for example_branch_datetime_operator_3 to 2023-08-26T00:00:00+00:00, run_after=2023-08-27T00:00:00+00:00
[2023-08-27T11:28:31.025+0000] {processor.py:176} INFO - Processing /home/airflow/.local/lib/python3.7/site-packages/airflow/example_dags/example_branch_datetime_operator.py took 0.136 seconds
[2023-08-27T11:29:01.127+0000] {processor.py:154} INFO - Started process (PID=29909) to work on /home/airflow/.local/lib/python3.7/site-packages/airflow/example_dags/example_branch_datetime_operator.py
[2023-08-27T11:29:01.128+0000] {processor.py:756} INFO - Processing file /home/airflow/.local/lib/python3.7/site-packages/airflow/example_dags/example_branch_datetime_operator.py for tasks to queue
[2023-08-27T11:29:01.130+0000] {logging_mixin.py:120} INFO - [2023-08-27T11:29:01.130+0000] {dagbag.py:537} INFO - Filling up the DagBag from /home/airflow/.local/lib/python3.7/site-packages/airflow/example_dags/example_branch_datetime_operator.py
[2023-08-27T11:29:01.144+0000] {processor.py:766} INFO - DAG(s) dict_keys(['example_branch_datetime_operator_3', 'example_branch_datetime_operator_2', 'example_branch_datetime_operator']) retrieved from /home/airflow/.local/lib/python3.7/site-packages/airflow/example_dags/example_branch_datetime_operator.py
[2023-08-27T11:29:01.189+0000] {logging_mixin.py:120} INFO - [2023-08-27T11:29:01.188+0000] {dag.py:2585} INFO - Sync 3 DAGs
[2023-08-27T11:29:01.206+0000] {logging_mixin.py:120} INFO - [2023-08-27T11:29:01.206+0000] {dag.py:3340} INFO - Setting next_dagrun for example_branch_datetime_operator to 2023-08-26T00:00:00+00:00, run_after=2023-08-27T00:00:00+00:00
[2023-08-27T11:29:01.210+0000] {logging_mixin.py:120} INFO - [2023-08-27T11:29:01.210+0000] {dag.py:3340} INFO - Setting next_dagrun for example_branch_datetime_operator_2 to 2023-08-26T00:00:00+00:00, run_after=2023-08-27T00:00:00+00:00
[2023-08-27T11:29:01.212+0000] {logging_mixin.py:120} INFO - [2023-08-27T11:29:01.212+0000] {dag.py:3340} INFO - Setting next_dagrun for example_branch_datetime_operator_3 to 2023-08-26T00:00:00+00:00, run_after=2023-08-27T00:00:00+00:00
[2023-08-27T11:29:01.227+0000] {processor.py:176} INFO - Processing /home/airflow/.local/lib/python3.7/site-packages/airflow/example_dags/example_branch_datetime_operator.py took 0.102 seconds
[2023-08-27T11:29:31.461+0000] {processor.py:154} INFO - Started process (PID=29966) to work on /home/airflow/.local/lib/python3.7/site-packages/airflow/example_dags/example_branch_datetime_operator.py
[2023-08-27T11:29:31.463+0000] {processor.py:756} INFO - Processing file /home/airflow/.local/lib/python3.7/site-packages/airflow/example_dags/example_branch_datetime_operator.py for tasks to queue
[2023-08-27T11:29:31.464+0000] {logging_mixin.py:120} INFO - [2023-08-27T11:29:31.464+0000] {dagbag.py:537} INFO - Filling up the DagBag from /home/airflow/.local/lib/python3.7/site-packages/airflow/example_dags/example_branch_datetime_operator.py
[2023-08-27T11:29:31.488+0000] {processor.py:766} INFO - DAG(s) dict_keys(['example_branch_datetime_operator_2', 'example_branch_datetime_operator', 'example_branch_datetime_operator_3']) retrieved from /home/airflow/.local/lib/python3.7/site-packages/airflow/example_dags/example_branch_datetime_operator.py
[2023-08-27T11:29:31.531+0000] {logging_mixin.py:120} INFO - [2023-08-27T11:29:31.530+0000] {dag.py:2585} INFO - Sync 3 DAGs
[2023-08-27T11:29:31.546+0000] {logging_mixin.py:120} INFO - [2023-08-27T11:29:31.546+0000] {dag.py:3340} INFO - Setting next_dagrun for example_branch_datetime_operator to 2023-08-26T00:00:00+00:00, run_after=2023-08-27T00:00:00+00:00
[2023-08-27T11:29:31.549+0000] {logging_mixin.py:120} INFO - [2023-08-27T11:29:31.549+0000] {dag.py:3340} INFO - Setting next_dagrun for example_branch_datetime_operator_2 to 2023-08-26T00:00:00+00:00, run_after=2023-08-27T00:00:00+00:00
[2023-08-27T11:29:31.550+0000] {logging_mixin.py:120} INFO - [2023-08-27T11:29:31.550+0000] {dag.py:3340} INFO - Setting next_dagrun for example_branch_datetime_operator_3 to 2023-08-26T00:00:00+00:00, run_after=2023-08-27T00:00:00+00:00
[2023-08-27T11:29:31.561+0000] {processor.py:176} INFO - Processing /home/airflow/.local/lib/python3.7/site-packages/airflow/example_dags/example_branch_datetime_operator.py took 0.107 seconds
[2023-08-27T11:30:01.853+0000] {processor.py:154} INFO - Started process (PID=30031) to work on /home/airflow/.local/lib/python3.7/site-packages/airflow/example_dags/example_branch_datetime_operator.py
[2023-08-27T11:30:01.855+0000] {processor.py:756} INFO - Processing file /home/airflow/.local/lib/python3.7/site-packages/airflow/example_dags/example_branch_datetime_operator.py for tasks to queue
[2023-08-27T11:30:01.856+0000] {logging_mixin.py:120} INFO - [2023-08-27T11:30:01.856+0000] {dagbag.py:537} INFO - Filling up the DagBag from /home/airflow/.local/lib/python3.7/site-packages/airflow/example_dags/example_branch_datetime_operator.py
[2023-08-27T11:30:01.880+0000] {processor.py:766} INFO - DAG(s) dict_keys(['example_branch_datetime_operator', 'example_branch_datetime_operator_3', 'example_branch_datetime_operator_2']) retrieved from /home/airflow/.local/lib/python3.7/site-packages/airflow/example_dags/example_branch_datetime_operator.py
[2023-08-27T11:30:01.918+0000] {logging_mixin.py:120} INFO - [2023-08-27T11:30:01.918+0000] {dag.py:2585} INFO - Sync 3 DAGs
[2023-08-27T11:30:01.935+0000] {logging_mixin.py:120} INFO - [2023-08-27T11:30:01.935+0000] {dag.py:3340} INFO - Setting next_dagrun for example_branch_datetime_operator to 2023-08-26T00:00:00+00:00, run_after=2023-08-27T00:00:00+00:00
[2023-08-27T11:30:01.938+0000] {logging_mixin.py:120} INFO - [2023-08-27T11:30:01.938+0000] {dag.py:3340} INFO - Setting next_dagrun for example_branch_datetime_operator_2 to 2023-08-26T00:00:00+00:00, run_after=2023-08-27T00:00:00+00:00
[2023-08-27T11:30:01.939+0000] {logging_mixin.py:120} INFO - [2023-08-27T11:30:01.939+0000] {dag.py:3340} INFO - Setting next_dagrun for example_branch_datetime_operator_3 to 2023-08-26T00:00:00+00:00, run_after=2023-08-27T00:00:00+00:00
[2023-08-27T11:30:01.949+0000] {processor.py:176} INFO - Processing /home/airflow/.local/lib/python3.7/site-packages/airflow/example_dags/example_branch_datetime_operator.py took 0.102 seconds
