[2023-08-27T11:24:28.714+0000] {processor.py:154} INFO - Started process (PID=29338) to work on /home/airflow/.local/lib/python3.7/site-packages/airflow/example_dags/tutorial_dag.py
[2023-08-27T11:24:28.715+0000] {processor.py:756} INFO - Processing file /home/airflow/.local/lib/python3.7/site-packages/airflow/example_dags/tutorial_dag.py for tasks to queue
[2023-08-27T11:24:28.715+0000] {logging_mixin.py:120} INFO - [2023-08-27T11:24:28.715+0000] {dagbag.py:537} INFO - Filling up the DagBag from /home/airflow/.local/lib/python3.7/site-packages/airflow/example_dags/tutorial_dag.py
[2023-08-27T11:24:28.724+0000] {processor.py:766} INFO - DAG(s) dict_keys(['tutorial_dag']) retrieved from /home/airflow/.local/lib/python3.7/site-packages/airflow/example_dags/tutorial_dag.py
[2023-08-27T11:24:28.753+0000] {logging_mixin.py:120} INFO - [2023-08-27T11:24:28.753+0000] {dag.py:2585} INFO - Sync 1 DAGs
[2023-08-27T11:24:28.767+0000] {logging_mixin.py:120} INFO - [2023-08-27T11:24:28.767+0000] {dag.py:3340} INFO - Setting next_dagrun for tutorial_dag to None, run_after=None
[2023-08-27T11:24:28.781+0000] {processor.py:176} INFO - Processing /home/airflow/.local/lib/python3.7/site-packages/airflow/example_dags/tutorial_dag.py took 0.069 seconds
[2023-08-27T11:24:58.978+0000] {processor.py:154} INFO - Started process (PID=29403) to work on /home/airflow/.local/lib/python3.7/site-packages/airflow/example_dags/tutorial_dag.py
[2023-08-27T11:24:58.979+0000] {processor.py:756} INFO - Processing file /home/airflow/.local/lib/python3.7/site-packages/airflow/example_dags/tutorial_dag.py for tasks to queue
[2023-08-27T11:24:58.980+0000] {logging_mixin.py:120} INFO - [2023-08-27T11:24:58.980+0000] {dagbag.py:537} INFO - Filling up the DagBag from /home/airflow/.local/lib/python3.7/site-packages/airflow/example_dags/tutorial_dag.py
[2023-08-27T11:24:58.988+0000] {processor.py:766} INFO - DAG(s) dict_keys(['tutorial_dag']) retrieved from /home/airflow/.local/lib/python3.7/site-packages/airflow/example_dags/tutorial_dag.py
[2023-08-27T11:24:59.022+0000] {logging_mixin.py:120} INFO - [2023-08-27T11:24:59.021+0000] {dag.py:2585} INFO - Sync 1 DAGs
[2023-08-27T11:24:59.037+0000] {logging_mixin.py:120} INFO - [2023-08-27T11:24:59.037+0000] {dag.py:3340} INFO - Setting next_dagrun for tutorial_dag to None, run_after=None
[2023-08-27T11:24:59.051+0000] {processor.py:176} INFO - Processing /home/airflow/.local/lib/python3.7/site-packages/airflow/example_dags/tutorial_dag.py took 0.076 seconds
[2023-08-27T11:25:29.170+0000] {processor.py:154} INFO - Started process (PID=29468) to work on /home/airflow/.local/lib/python3.7/site-packages/airflow/example_dags/tutorial_dag.py
[2023-08-27T11:25:29.171+0000] {processor.py:756} INFO - Processing file /home/airflow/.local/lib/python3.7/site-packages/airflow/example_dags/tutorial_dag.py for tasks to queue
[2023-08-27T11:25:29.172+0000] {logging_mixin.py:120} INFO - [2023-08-27T11:25:29.172+0000] {dagbag.py:537} INFO - Filling up the DagBag from /home/airflow/.local/lib/python3.7/site-packages/airflow/example_dags/tutorial_dag.py
[2023-08-27T11:25:29.181+0000] {processor.py:766} INFO - DAG(s) dict_keys(['tutorial_dag']) retrieved from /home/airflow/.local/lib/python3.7/site-packages/airflow/example_dags/tutorial_dag.py
[2023-08-27T11:25:29.210+0000] {logging_mixin.py:120} INFO - [2023-08-27T11:25:29.210+0000] {dag.py:2585} INFO - Sync 1 DAGs
[2023-08-27T11:25:29.229+0000] {logging_mixin.py:120} INFO - [2023-08-27T11:25:29.228+0000] {dag.py:3340} INFO - Setting next_dagrun for tutorial_dag to None, run_after=None
[2023-08-27T11:25:29.243+0000] {processor.py:176} INFO - Processing /home/airflow/.local/lib/python3.7/site-packages/airflow/example_dags/tutorial_dag.py took 0.076 seconds
[2023-08-27T11:25:59.613+0000] {processor.py:154} INFO - Started process (PID=29533) to work on /home/airflow/.local/lib/python3.7/site-packages/airflow/example_dags/tutorial_dag.py
[2023-08-27T11:25:59.614+0000] {processor.py:756} INFO - Processing file /home/airflow/.local/lib/python3.7/site-packages/airflow/example_dags/tutorial_dag.py for tasks to queue
[2023-08-27T11:25:59.614+0000] {logging_mixin.py:120} INFO - [2023-08-27T11:25:59.614+0000] {dagbag.py:537} INFO - Filling up the DagBag from /home/airflow/.local/lib/python3.7/site-packages/airflow/example_dags/tutorial_dag.py
[2023-08-27T11:25:59.624+0000] {processor.py:766} INFO - DAG(s) dict_keys(['tutorial_dag']) retrieved from /home/airflow/.local/lib/python3.7/site-packages/airflow/example_dags/tutorial_dag.py
[2023-08-27T11:25:59.651+0000] {logging_mixin.py:120} INFO - [2023-08-27T11:25:59.651+0000] {dag.py:2585} INFO - Sync 1 DAGs
[2023-08-27T11:25:59.664+0000] {logging_mixin.py:120} INFO - [2023-08-27T11:25:59.664+0000] {dag.py:3340} INFO - Setting next_dagrun for tutorial_dag to None, run_after=None
[2023-08-27T11:25:59.673+0000] {processor.py:176} INFO - Processing /home/airflow/.local/lib/python3.7/site-packages/airflow/example_dags/tutorial_dag.py took 0.062 seconds
[2023-08-27T11:26:29.949+0000] {processor.py:154} INFO - Started process (PID=29597) to work on /home/airflow/.local/lib/python3.7/site-packages/airflow/example_dags/tutorial_dag.py
[2023-08-27T11:26:29.951+0000] {processor.py:756} INFO - Processing file /home/airflow/.local/lib/python3.7/site-packages/airflow/example_dags/tutorial_dag.py for tasks to queue
[2023-08-27T11:26:29.952+0000] {logging_mixin.py:120} INFO - [2023-08-27T11:26:29.952+0000] {dagbag.py:537} INFO - Filling up the DagBag from /home/airflow/.local/lib/python3.7/site-packages/airflow/example_dags/tutorial_dag.py
[2023-08-27T11:26:29.965+0000] {processor.py:766} INFO - DAG(s) dict_keys(['tutorial_dag']) retrieved from /home/airflow/.local/lib/python3.7/site-packages/airflow/example_dags/tutorial_dag.py
[2023-08-27T11:26:30.004+0000] {logging_mixin.py:120} INFO - [2023-08-27T11:26:30.004+0000] {dag.py:2585} INFO - Sync 1 DAGs
[2023-08-27T11:26:30.022+0000] {logging_mixin.py:120} INFO - [2023-08-27T11:26:30.022+0000] {dag.py:3340} INFO - Setting next_dagrun for tutorial_dag to None, run_after=None
[2023-08-27T11:26:30.035+0000] {processor.py:176} INFO - Processing /home/airflow/.local/lib/python3.7/site-packages/airflow/example_dags/tutorial_dag.py took 0.091 seconds
[2023-08-27T11:27:00.277+0000] {processor.py:154} INFO - Started process (PID=29654) to work on /home/airflow/.local/lib/python3.7/site-packages/airflow/example_dags/tutorial_dag.py
[2023-08-27T11:27:00.278+0000] {processor.py:756} INFO - Processing file /home/airflow/.local/lib/python3.7/site-packages/airflow/example_dags/tutorial_dag.py for tasks to queue
[2023-08-27T11:27:00.278+0000] {logging_mixin.py:120} INFO - [2023-08-27T11:27:00.278+0000] {dagbag.py:537} INFO - Filling up the DagBag from /home/airflow/.local/lib/python3.7/site-packages/airflow/example_dags/tutorial_dag.py
[2023-08-27T11:27:00.288+0000] {processor.py:766} INFO - DAG(s) dict_keys(['tutorial_dag']) retrieved from /home/airflow/.local/lib/python3.7/site-packages/airflow/example_dags/tutorial_dag.py
[2023-08-27T11:27:00.317+0000] {logging_mixin.py:120} INFO - [2023-08-27T11:27:00.317+0000] {dag.py:2585} INFO - Sync 1 DAGs
[2023-08-27T11:27:00.331+0000] {logging_mixin.py:120} INFO - [2023-08-27T11:27:00.330+0000] {dag.py:3340} INFO - Setting next_dagrun for tutorial_dag to None, run_after=None
[2023-08-27T11:27:00.345+0000] {processor.py:176} INFO - Processing /home/airflow/.local/lib/python3.7/site-packages/airflow/example_dags/tutorial_dag.py took 0.071 seconds
[2023-08-27T11:27:30.729+0000] {processor.py:154} INFO - Started process (PID=29719) to work on /home/airflow/.local/lib/python3.7/site-packages/airflow/example_dags/tutorial_dag.py
[2023-08-27T11:27:30.730+0000] {processor.py:756} INFO - Processing file /home/airflow/.local/lib/python3.7/site-packages/airflow/example_dags/tutorial_dag.py for tasks to queue
[2023-08-27T11:27:30.730+0000] {logging_mixin.py:120} INFO - [2023-08-27T11:27:30.730+0000] {dagbag.py:537} INFO - Filling up the DagBag from /home/airflow/.local/lib/python3.7/site-packages/airflow/example_dags/tutorial_dag.py
[2023-08-27T11:27:30.740+0000] {processor.py:766} INFO - DAG(s) dict_keys(['tutorial_dag']) retrieved from /home/airflow/.local/lib/python3.7/site-packages/airflow/example_dags/tutorial_dag.py
[2023-08-27T11:27:30.770+0000] {logging_mixin.py:120} INFO - [2023-08-27T11:27:30.770+0000] {dag.py:2585} INFO - Sync 1 DAGs
[2023-08-27T11:27:30.785+0000] {logging_mixin.py:120} INFO - [2023-08-27T11:27:30.785+0000] {dag.py:3340} INFO - Setting next_dagrun for tutorial_dag to None, run_after=None
[2023-08-27T11:27:30.796+0000] {processor.py:176} INFO - Processing /home/airflow/.local/lib/python3.7/site-packages/airflow/example_dags/tutorial_dag.py took 0.069 seconds
[2023-08-27T11:28:00.927+0000] {processor.py:154} INFO - Started process (PID=29784) to work on /home/airflow/.local/lib/python3.7/site-packages/airflow/example_dags/tutorial_dag.py
[2023-08-27T11:28:00.928+0000] {processor.py:756} INFO - Processing file /home/airflow/.local/lib/python3.7/site-packages/airflow/example_dags/tutorial_dag.py for tasks to queue
[2023-08-27T11:28:00.929+0000] {logging_mixin.py:120} INFO - [2023-08-27T11:28:00.929+0000] {dagbag.py:537} INFO - Filling up the DagBag from /home/airflow/.local/lib/python3.7/site-packages/airflow/example_dags/tutorial_dag.py
[2023-08-27T11:28:00.939+0000] {processor.py:766} INFO - DAG(s) dict_keys(['tutorial_dag']) retrieved from /home/airflow/.local/lib/python3.7/site-packages/airflow/example_dags/tutorial_dag.py
[2023-08-27T11:28:00.966+0000] {logging_mixin.py:120} INFO - [2023-08-27T11:28:00.966+0000] {dag.py:2585} INFO - Sync 1 DAGs
[2023-08-27T11:28:00.978+0000] {logging_mixin.py:120} INFO - [2023-08-27T11:28:00.978+0000] {dag.py:3340} INFO - Setting next_dagrun for tutorial_dag to None, run_after=None
[2023-08-27T11:28:00.987+0000] {processor.py:176} INFO - Processing /home/airflow/.local/lib/python3.7/site-packages/airflow/example_dags/tutorial_dag.py took 0.062 seconds
[2023-08-27T11:28:31.284+0000] {processor.py:154} INFO - Started process (PID=29849) to work on /home/airflow/.local/lib/python3.7/site-packages/airflow/example_dags/tutorial_dag.py
[2023-08-27T11:28:31.285+0000] {processor.py:756} INFO - Processing file /home/airflow/.local/lib/python3.7/site-packages/airflow/example_dags/tutorial_dag.py for tasks to queue
[2023-08-27T11:28:31.285+0000] {logging_mixin.py:120} INFO - [2023-08-27T11:28:31.285+0000] {dagbag.py:537} INFO - Filling up the DagBag from /home/airflow/.local/lib/python3.7/site-packages/airflow/example_dags/tutorial_dag.py
[2023-08-27T11:28:31.294+0000] {processor.py:766} INFO - DAG(s) dict_keys(['tutorial_dag']) retrieved from /home/airflow/.local/lib/python3.7/site-packages/airflow/example_dags/tutorial_dag.py
[2023-08-27T11:28:31.320+0000] {logging_mixin.py:120} INFO - [2023-08-27T11:28:31.320+0000] {dag.py:2585} INFO - Sync 1 DAGs
[2023-08-27T11:28:31.333+0000] {logging_mixin.py:120} INFO - [2023-08-27T11:28:31.333+0000] {dag.py:3340} INFO - Setting next_dagrun for tutorial_dag to None, run_after=None
[2023-08-27T11:28:31.343+0000] {processor.py:176} INFO - Processing /home/airflow/.local/lib/python3.7/site-packages/airflow/example_dags/tutorial_dag.py took 0.061 seconds
[2023-08-27T11:29:01.505+0000] {processor.py:154} INFO - Started process (PID=29914) to work on /home/airflow/.local/lib/python3.7/site-packages/airflow/example_dags/tutorial_dag.py
[2023-08-27T11:29:01.506+0000] {processor.py:756} INFO - Processing file /home/airflow/.local/lib/python3.7/site-packages/airflow/example_dags/tutorial_dag.py for tasks to queue
[2023-08-27T11:29:01.507+0000] {logging_mixin.py:120} INFO - [2023-08-27T11:29:01.507+0000] {dagbag.py:537} INFO - Filling up the DagBag from /home/airflow/.local/lib/python3.7/site-packages/airflow/example_dags/tutorial_dag.py
[2023-08-27T11:29:01.522+0000] {processor.py:766} INFO - DAG(s) dict_keys(['tutorial_dag']) retrieved from /home/airflow/.local/lib/python3.7/site-packages/airflow/example_dags/tutorial_dag.py
[2023-08-27T11:29:01.563+0000] {logging_mixin.py:120} INFO - [2023-08-27T11:29:01.563+0000] {dag.py:2585} INFO - Sync 1 DAGs
[2023-08-27T11:29:01.581+0000] {logging_mixin.py:120} INFO - [2023-08-27T11:29:01.581+0000] {dag.py:3340} INFO - Setting next_dagrun for tutorial_dag to None, run_after=None
[2023-08-27T11:29:01.597+0000] {processor.py:176} INFO - Processing /home/airflow/.local/lib/python3.7/site-packages/airflow/example_dags/tutorial_dag.py took 0.098 seconds
[2023-08-27T11:29:31.812+0000] {processor.py:154} INFO - Started process (PID=29971) to work on /home/airflow/.local/lib/python3.7/site-packages/airflow/example_dags/tutorial_dag.py
[2023-08-27T11:29:31.813+0000] {processor.py:756} INFO - Processing file /home/airflow/.local/lib/python3.7/site-packages/airflow/example_dags/tutorial_dag.py for tasks to queue
[2023-08-27T11:29:31.813+0000] {logging_mixin.py:120} INFO - [2023-08-27T11:29:31.813+0000] {dagbag.py:537} INFO - Filling up the DagBag from /home/airflow/.local/lib/python3.7/site-packages/airflow/example_dags/tutorial_dag.py
[2023-08-27T11:29:31.824+0000] {processor.py:766} INFO - DAG(s) dict_keys(['tutorial_dag']) retrieved from /home/airflow/.local/lib/python3.7/site-packages/airflow/example_dags/tutorial_dag.py
[2023-08-27T11:29:31.849+0000] {logging_mixin.py:120} INFO - [2023-08-27T11:29:31.849+0000] {dag.py:2585} INFO - Sync 1 DAGs
[2023-08-27T11:29:31.863+0000] {logging_mixin.py:120} INFO - [2023-08-27T11:29:31.862+0000] {dag.py:3340} INFO - Setting next_dagrun for tutorial_dag to None, run_after=None
[2023-08-27T11:29:31.872+0000] {processor.py:176} INFO - Processing /home/airflow/.local/lib/python3.7/site-packages/airflow/example_dags/tutorial_dag.py took 0.063 seconds
[2023-08-27T11:30:02.205+0000] {processor.py:154} INFO - Started process (PID=30036) to work on /home/airflow/.local/lib/python3.7/site-packages/airflow/example_dags/tutorial_dag.py
[2023-08-27T11:30:02.206+0000] {processor.py:756} INFO - Processing file /home/airflow/.local/lib/python3.7/site-packages/airflow/example_dags/tutorial_dag.py for tasks to queue
[2023-08-27T11:30:02.206+0000] {logging_mixin.py:120} INFO - [2023-08-27T11:30:02.206+0000] {dagbag.py:537} INFO - Filling up the DagBag from /home/airflow/.local/lib/python3.7/site-packages/airflow/example_dags/tutorial_dag.py
[2023-08-27T11:30:02.217+0000] {processor.py:766} INFO - DAG(s) dict_keys(['tutorial_dag']) retrieved from /home/airflow/.local/lib/python3.7/site-packages/airflow/example_dags/tutorial_dag.py
[2023-08-27T11:30:02.245+0000] {logging_mixin.py:120} INFO - [2023-08-27T11:30:02.245+0000] {dag.py:2585} INFO - Sync 1 DAGs
[2023-08-27T11:30:02.257+0000] {logging_mixin.py:120} INFO - [2023-08-27T11:30:02.257+0000] {dag.py:3340} INFO - Setting next_dagrun for tutorial_dag to None, run_after=None
[2023-08-27T11:30:02.268+0000] {processor.py:176} INFO - Processing /home/airflow/.local/lib/python3.7/site-packages/airflow/example_dags/tutorial_dag.py took 0.064 seconds
