[2023-08-27T11:24:21.201+0000] {processor.py:154} INFO - Started process (PID=29332) to work on /home/airflow/.local/lib/python3.7/site-packages/airflow/example_dags/tutorial_taskflow_api_virtualenv.py
[2023-08-27T11:24:21.201+0000] {processor.py:756} INFO - Processing file /home/airflow/.local/lib/python3.7/site-packages/airflow/example_dags/tutorial_taskflow_api_virtualenv.py for tasks to queue
[2023-08-27T11:24:21.202+0000] {logging_mixin.py:120} INFO - [2023-08-27T11:24:21.202+0000] {dagbag.py:537} INFO - Filling up the DagBag from /home/airflow/.local/lib/python3.7/site-packages/airflow/example_dags/tutorial_taskflow_api_virtualenv.py
[2023-08-27T11:24:21.215+0000] {processor.py:766} INFO - DAG(s) dict_keys(['tutorial_taskflow_api_virtualenv']) retrieved from /home/airflow/.local/lib/python3.7/site-packages/airflow/example_dags/tutorial_taskflow_api_virtualenv.py
[2023-08-27T11:24:21.241+0000] {logging_mixin.py:120} INFO - [2023-08-27T11:24:21.241+0000] {dag.py:2585} INFO - Sync 1 DAGs
[2023-08-27T11:24:21.253+0000] {logging_mixin.py:120} INFO - [2023-08-27T11:24:21.253+0000] {dag.py:3340} INFO - Setting next_dagrun for tutorial_taskflow_api_virtualenv to None, run_after=None
[2023-08-27T11:24:21.263+0000] {processor.py:176} INFO - Processing /home/airflow/.local/lib/python3.7/site-packages/airflow/example_dags/tutorial_taskflow_api_virtualenv.py took 0.065 seconds
[2023-08-27T11:24:51.586+0000] {processor.py:154} INFO - Started process (PID=29397) to work on /home/airflow/.local/lib/python3.7/site-packages/airflow/example_dags/tutorial_taskflow_api_virtualenv.py
[2023-08-27T11:24:51.588+0000] {processor.py:756} INFO - Processing file /home/airflow/.local/lib/python3.7/site-packages/airflow/example_dags/tutorial_taskflow_api_virtualenv.py for tasks to queue
[2023-08-27T11:24:51.588+0000] {logging_mixin.py:120} INFO - [2023-08-27T11:24:51.588+0000] {dagbag.py:537} INFO - Filling up the DagBag from /home/airflow/.local/lib/python3.7/site-packages/airflow/example_dags/tutorial_taskflow_api_virtualenv.py
[2023-08-27T11:24:51.604+0000] {processor.py:766} INFO - DAG(s) dict_keys(['tutorial_taskflow_api_virtualenv']) retrieved from /home/airflow/.local/lib/python3.7/site-packages/airflow/example_dags/tutorial_taskflow_api_virtualenv.py
[2023-08-27T11:24:51.633+0000] {logging_mixin.py:120} INFO - [2023-08-27T11:24:51.633+0000] {dag.py:2585} INFO - Sync 1 DAGs
[2023-08-27T11:24:51.648+0000] {logging_mixin.py:120} INFO - [2023-08-27T11:24:51.648+0000] {dag.py:3340} INFO - Setting next_dagrun for tutorial_taskflow_api_virtualenv to None, run_after=None
[2023-08-27T11:24:51.660+0000] {processor.py:176} INFO - Processing /home/airflow/.local/lib/python3.7/site-packages/airflow/example_dags/tutorial_taskflow_api_virtualenv.py took 0.077 seconds
[2023-08-27T11:25:21.729+0000] {processor.py:154} INFO - Started process (PID=29453) to work on /home/airflow/.local/lib/python3.7/site-packages/airflow/example_dags/tutorial_taskflow_api_virtualenv.py
[2023-08-27T11:25:21.730+0000] {processor.py:756} INFO - Processing file /home/airflow/.local/lib/python3.7/site-packages/airflow/example_dags/tutorial_taskflow_api_virtualenv.py for tasks to queue
[2023-08-27T11:25:21.730+0000] {logging_mixin.py:120} INFO - [2023-08-27T11:25:21.730+0000] {dagbag.py:537} INFO - Filling up the DagBag from /home/airflow/.local/lib/python3.7/site-packages/airflow/example_dags/tutorial_taskflow_api_virtualenv.py
[2023-08-27T11:25:21.744+0000] {processor.py:766} INFO - DAG(s) dict_keys(['tutorial_taskflow_api_virtualenv']) retrieved from /home/airflow/.local/lib/python3.7/site-packages/airflow/example_dags/tutorial_taskflow_api_virtualenv.py
[2023-08-27T11:25:21.771+0000] {logging_mixin.py:120} INFO - [2023-08-27T11:25:21.771+0000] {dag.py:2585} INFO - Sync 1 DAGs
[2023-08-27T11:25:21.784+0000] {logging_mixin.py:120} INFO - [2023-08-27T11:25:21.784+0000] {dag.py:3340} INFO - Setting next_dagrun for tutorial_taskflow_api_virtualenv to None, run_after=None
[2023-08-27T11:25:21.793+0000] {processor.py:176} INFO - Processing /home/airflow/.local/lib/python3.7/site-packages/airflow/example_dags/tutorial_taskflow_api_virtualenv.py took 0.067 seconds
[2023-08-27T11:25:52.224+0000] {processor.py:154} INFO - Started process (PID=29518) to work on /home/airflow/.local/lib/python3.7/site-packages/airflow/example_dags/tutorial_taskflow_api_virtualenv.py
[2023-08-27T11:25:52.225+0000] {processor.py:756} INFO - Processing file /home/airflow/.local/lib/python3.7/site-packages/airflow/example_dags/tutorial_taskflow_api_virtualenv.py for tasks to queue
[2023-08-27T11:25:52.225+0000] {logging_mixin.py:120} INFO - [2023-08-27T11:25:52.225+0000] {dagbag.py:537} INFO - Filling up the DagBag from /home/airflow/.local/lib/python3.7/site-packages/airflow/example_dags/tutorial_taskflow_api_virtualenv.py
[2023-08-27T11:25:52.239+0000] {processor.py:766} INFO - DAG(s) dict_keys(['tutorial_taskflow_api_virtualenv']) retrieved from /home/airflow/.local/lib/python3.7/site-packages/airflow/example_dags/tutorial_taskflow_api_virtualenv.py
[2023-08-27T11:25:52.268+0000] {logging_mixin.py:120} INFO - [2023-08-27T11:25:52.268+0000] {dag.py:2585} INFO - Sync 1 DAGs
[2023-08-27T11:25:52.282+0000] {logging_mixin.py:120} INFO - [2023-08-27T11:25:52.281+0000] {dag.py:3340} INFO - Setting next_dagrun for tutorial_taskflow_api_virtualenv to None, run_after=None
[2023-08-27T11:25:52.292+0000] {processor.py:176} INFO - Processing /home/airflow/.local/lib/python3.7/site-packages/airflow/example_dags/tutorial_taskflow_api_virtualenv.py took 0.070 seconds
[2023-08-27T11:26:22.496+0000] {processor.py:154} INFO - Started process (PID=29582) to work on /home/airflow/.local/lib/python3.7/site-packages/airflow/example_dags/tutorial_taskflow_api_virtualenv.py
[2023-08-27T11:26:22.497+0000] {processor.py:756} INFO - Processing file /home/airflow/.local/lib/python3.7/site-packages/airflow/example_dags/tutorial_taskflow_api_virtualenv.py for tasks to queue
[2023-08-27T11:26:22.497+0000] {logging_mixin.py:120} INFO - [2023-08-27T11:26:22.497+0000] {dagbag.py:537} INFO - Filling up the DagBag from /home/airflow/.local/lib/python3.7/site-packages/airflow/example_dags/tutorial_taskflow_api_virtualenv.py
[2023-08-27T11:26:22.514+0000] {processor.py:766} INFO - DAG(s) dict_keys(['tutorial_taskflow_api_virtualenv']) retrieved from /home/airflow/.local/lib/python3.7/site-packages/airflow/example_dags/tutorial_taskflow_api_virtualenv.py
[2023-08-27T11:26:22.546+0000] {logging_mixin.py:120} INFO - [2023-08-27T11:26:22.546+0000] {dag.py:2585} INFO - Sync 1 DAGs
[2023-08-27T11:26:22.562+0000] {logging_mixin.py:120} INFO - [2023-08-27T11:26:22.562+0000] {dag.py:3340} INFO - Setting next_dagrun for tutorial_taskflow_api_virtualenv to None, run_after=None
[2023-08-27T11:26:22.575+0000] {processor.py:176} INFO - Processing /home/airflow/.local/lib/python3.7/site-packages/airflow/example_dags/tutorial_taskflow_api_virtualenv.py took 0.082 seconds
[2023-08-27T11:26:52.874+0000] {processor.py:154} INFO - Started process (PID=29648) to work on /home/airflow/.local/lib/python3.7/site-packages/airflow/example_dags/tutorial_taskflow_api_virtualenv.py
[2023-08-27T11:26:52.875+0000] {processor.py:756} INFO - Processing file /home/airflow/.local/lib/python3.7/site-packages/airflow/example_dags/tutorial_taskflow_api_virtualenv.py for tasks to queue
[2023-08-27T11:26:52.875+0000] {logging_mixin.py:120} INFO - [2023-08-27T11:26:52.875+0000] {dagbag.py:537} INFO - Filling up the DagBag from /home/airflow/.local/lib/python3.7/site-packages/airflow/example_dags/tutorial_taskflow_api_virtualenv.py
[2023-08-27T11:26:52.892+0000] {processor.py:766} INFO - DAG(s) dict_keys(['tutorial_taskflow_api_virtualenv']) retrieved from /home/airflow/.local/lib/python3.7/site-packages/airflow/example_dags/tutorial_taskflow_api_virtualenv.py
[2023-08-27T11:26:52.922+0000] {logging_mixin.py:120} INFO - [2023-08-27T11:26:52.922+0000] {dag.py:2585} INFO - Sync 1 DAGs
[2023-08-27T11:26:52.935+0000] {logging_mixin.py:120} INFO - [2023-08-27T11:26:52.935+0000] {dag.py:3340} INFO - Setting next_dagrun for tutorial_taskflow_api_virtualenv to None, run_after=None
[2023-08-27T11:26:52.945+0000] {processor.py:176} INFO - Processing /home/airflow/.local/lib/python3.7/site-packages/airflow/example_dags/tutorial_taskflow_api_virtualenv.py took 0.073 seconds
[2023-08-27T11:27:23.395+0000] {processor.py:154} INFO - Started process (PID=29711) to work on /home/airflow/.local/lib/python3.7/site-packages/airflow/example_dags/tutorial_taskflow_api_virtualenv.py
[2023-08-27T11:27:23.396+0000] {processor.py:756} INFO - Processing file /home/airflow/.local/lib/python3.7/site-packages/airflow/example_dags/tutorial_taskflow_api_virtualenv.py for tasks to queue
[2023-08-27T11:27:23.396+0000] {logging_mixin.py:120} INFO - [2023-08-27T11:27:23.396+0000] {dagbag.py:537} INFO - Filling up the DagBag from /home/airflow/.local/lib/python3.7/site-packages/airflow/example_dags/tutorial_taskflow_api_virtualenv.py
[2023-08-27T11:27:23.416+0000] {processor.py:766} INFO - DAG(s) dict_keys(['tutorial_taskflow_api_virtualenv']) retrieved from /home/airflow/.local/lib/python3.7/site-packages/airflow/example_dags/tutorial_taskflow_api_virtualenv.py
[2023-08-27T11:27:23.462+0000] {logging_mixin.py:120} INFO - [2023-08-27T11:27:23.462+0000] {dag.py:2585} INFO - Sync 1 DAGs
[2023-08-27T11:27:23.481+0000] {logging_mixin.py:120} INFO - [2023-08-27T11:27:23.481+0000] {dag.py:3340} INFO - Setting next_dagrun for tutorial_taskflow_api_virtualenv to None, run_after=None
[2023-08-27T11:27:23.493+0000] {processor.py:176} INFO - Processing /home/airflow/.local/lib/python3.7/site-packages/airflow/example_dags/tutorial_taskflow_api_virtualenv.py took 0.102 seconds
[2023-08-27T11:27:54.419+0000] {processor.py:154} INFO - Started process (PID=29769) to work on /home/airflow/.local/lib/python3.7/site-packages/airflow/example_dags/tutorial_taskflow_api_virtualenv.py
[2023-08-27T11:27:54.421+0000] {processor.py:756} INFO - Processing file /home/airflow/.local/lib/python3.7/site-packages/airflow/example_dags/tutorial_taskflow_api_virtualenv.py for tasks to queue
[2023-08-27T11:27:54.422+0000] {logging_mixin.py:120} INFO - [2023-08-27T11:27:54.422+0000] {dagbag.py:537} INFO - Filling up the DagBag from /home/airflow/.local/lib/python3.7/site-packages/airflow/example_dags/tutorial_taskflow_api_virtualenv.py
[2023-08-27T11:27:54.442+0000] {processor.py:766} INFO - DAG(s) dict_keys(['tutorial_taskflow_api_virtualenv']) retrieved from /home/airflow/.local/lib/python3.7/site-packages/airflow/example_dags/tutorial_taskflow_api_virtualenv.py
[2023-08-27T11:27:54.474+0000] {logging_mixin.py:120} INFO - [2023-08-27T11:27:54.473+0000] {dag.py:2585} INFO - Sync 1 DAGs
[2023-08-27T11:27:54.486+0000] {logging_mixin.py:120} INFO - [2023-08-27T11:27:54.486+0000] {dag.py:3340} INFO - Setting next_dagrun for tutorial_taskflow_api_virtualenv to None, run_after=None
[2023-08-27T11:27:54.495+0000] {processor.py:176} INFO - Processing /home/airflow/.local/lib/python3.7/site-packages/airflow/example_dags/tutorial_taskflow_api_virtualenv.py took 0.081 seconds
[2023-08-27T11:28:24.729+0000] {processor.py:154} INFO - Started process (PID=29834) to work on /home/airflow/.local/lib/python3.7/site-packages/airflow/example_dags/tutorial_taskflow_api_virtualenv.py
[2023-08-27T11:28:24.731+0000] {processor.py:756} INFO - Processing file /home/airflow/.local/lib/python3.7/site-packages/airflow/example_dags/tutorial_taskflow_api_virtualenv.py for tasks to queue
[2023-08-27T11:28:24.731+0000] {logging_mixin.py:120} INFO - [2023-08-27T11:28:24.731+0000] {dagbag.py:537} INFO - Filling up the DagBag from /home/airflow/.local/lib/python3.7/site-packages/airflow/example_dags/tutorial_taskflow_api_virtualenv.py
[2023-08-27T11:28:24.745+0000] {processor.py:766} INFO - DAG(s) dict_keys(['tutorial_taskflow_api_virtualenv']) retrieved from /home/airflow/.local/lib/python3.7/site-packages/airflow/example_dags/tutorial_taskflow_api_virtualenv.py
[2023-08-27T11:28:24.772+0000] {logging_mixin.py:120} INFO - [2023-08-27T11:28:24.771+0000] {dag.py:2585} INFO - Sync 1 DAGs
[2023-08-27T11:28:24.785+0000] {logging_mixin.py:120} INFO - [2023-08-27T11:28:24.785+0000] {dag.py:3340} INFO - Setting next_dagrun for tutorial_taskflow_api_virtualenv to None, run_after=None
[2023-08-27T11:28:24.795+0000] {processor.py:176} INFO - Processing /home/airflow/.local/lib/python3.7/site-packages/airflow/example_dags/tutorial_taskflow_api_virtualenv.py took 0.068 seconds
[2023-08-27T11:28:55.006+0000] {processor.py:154} INFO - Started process (PID=29899) to work on /home/airflow/.local/lib/python3.7/site-packages/airflow/example_dags/tutorial_taskflow_api_virtualenv.py
[2023-08-27T11:28:55.007+0000] {processor.py:756} INFO - Processing file /home/airflow/.local/lib/python3.7/site-packages/airflow/example_dags/tutorial_taskflow_api_virtualenv.py for tasks to queue
[2023-08-27T11:28:55.008+0000] {logging_mixin.py:120} INFO - [2023-08-27T11:28:55.008+0000] {dagbag.py:537} INFO - Filling up the DagBag from /home/airflow/.local/lib/python3.7/site-packages/airflow/example_dags/tutorial_taskflow_api_virtualenv.py
[2023-08-27T11:28:55.032+0000] {processor.py:766} INFO - DAG(s) dict_keys(['tutorial_taskflow_api_virtualenv']) retrieved from /home/airflow/.local/lib/python3.7/site-packages/airflow/example_dags/tutorial_taskflow_api_virtualenv.py
[2023-08-27T11:28:55.068+0000] {logging_mixin.py:120} INFO - [2023-08-27T11:28:55.068+0000] {dag.py:2585} INFO - Sync 1 DAGs
[2023-08-27T11:28:55.082+0000] {logging_mixin.py:120} INFO - [2023-08-27T11:28:55.082+0000] {dag.py:3340} INFO - Setting next_dagrun for tutorial_taskflow_api_virtualenv to None, run_after=None
[2023-08-27T11:28:55.091+0000] {processor.py:176} INFO - Processing /home/airflow/.local/lib/python3.7/site-packages/airflow/example_dags/tutorial_taskflow_api_virtualenv.py took 0.089 seconds
[2023-08-27T11:29:25.320+0000] {processor.py:154} INFO - Started process (PID=29965) to work on /home/airflow/.local/lib/python3.7/site-packages/airflow/example_dags/tutorial_taskflow_api_virtualenv.py
[2023-08-27T11:29:25.322+0000] {processor.py:756} INFO - Processing file /home/airflow/.local/lib/python3.7/site-packages/airflow/example_dags/tutorial_taskflow_api_virtualenv.py for tasks to queue
[2023-08-27T11:29:25.323+0000] {logging_mixin.py:120} INFO - [2023-08-27T11:29:25.323+0000] {dagbag.py:537} INFO - Filling up the DagBag from /home/airflow/.local/lib/python3.7/site-packages/airflow/example_dags/tutorial_taskflow_api_virtualenv.py
[2023-08-27T11:29:25.368+0000] {processor.py:766} INFO - DAG(s) dict_keys(['tutorial_taskflow_api_virtualenv']) retrieved from /home/airflow/.local/lib/python3.7/site-packages/airflow/example_dags/tutorial_taskflow_api_virtualenv.py
[2023-08-27T11:29:25.418+0000] {logging_mixin.py:120} INFO - [2023-08-27T11:29:25.418+0000] {dag.py:2585} INFO - Sync 1 DAGs
[2023-08-27T11:29:25.440+0000] {logging_mixin.py:120} INFO - [2023-08-27T11:29:25.440+0000] {dag.py:3340} INFO - Setting next_dagrun for tutorial_taskflow_api_virtualenv to None, run_after=None
[2023-08-27T11:29:25.456+0000] {processor.py:176} INFO - Processing /home/airflow/.local/lib/python3.7/site-packages/airflow/example_dags/tutorial_taskflow_api_virtualenv.py took 0.142 seconds
[2023-08-27T11:29:55.687+0000] {processor.py:154} INFO - Started process (PID=30030) to work on /home/airflow/.local/lib/python3.7/site-packages/airflow/example_dags/tutorial_taskflow_api_virtualenv.py
[2023-08-27T11:29:55.688+0000] {processor.py:756} INFO - Processing file /home/airflow/.local/lib/python3.7/site-packages/airflow/example_dags/tutorial_taskflow_api_virtualenv.py for tasks to queue
[2023-08-27T11:29:55.688+0000] {logging_mixin.py:120} INFO - [2023-08-27T11:29:55.688+0000] {dagbag.py:537} INFO - Filling up the DagBag from /home/airflow/.local/lib/python3.7/site-packages/airflow/example_dags/tutorial_taskflow_api_virtualenv.py
[2023-08-27T11:29:55.704+0000] {processor.py:766} INFO - DAG(s) dict_keys(['tutorial_taskflow_api_virtualenv']) retrieved from /home/airflow/.local/lib/python3.7/site-packages/airflow/example_dags/tutorial_taskflow_api_virtualenv.py
[2023-08-27T11:29:55.744+0000] {logging_mixin.py:120} INFO - [2023-08-27T11:29:55.744+0000] {dag.py:2585} INFO - Sync 1 DAGs
[2023-08-27T11:29:55.764+0000] {logging_mixin.py:120} INFO - [2023-08-27T11:29:55.764+0000] {dag.py:3340} INFO - Setting next_dagrun for tutorial_taskflow_api_virtualenv to None, run_after=None
[2023-08-27T11:29:55.780+0000] {processor.py:176} INFO - Processing /home/airflow/.local/lib/python3.7/site-packages/airflow/example_dags/tutorial_taskflow_api_virtualenv.py took 0.096 seconds
