[2023-08-27T11:24:20.648+0000] {processor.py:154} INFO - Started process (PID=29321) to work on /home/airflow/.local/lib/python3.7/site-packages/airflow/example_dags/tutorial_taskflow_api.py
[2023-08-27T11:24:20.649+0000] {processor.py:756} INFO - Processing file /home/airflow/.local/lib/python3.7/site-packages/airflow/example_dags/tutorial_taskflow_api.py for tasks to queue
[2023-08-27T11:24:20.650+0000] {logging_mixin.py:120} INFO - [2023-08-27T11:24:20.650+0000] {dagbag.py:537} INFO - Filling up the DagBag from /home/airflow/.local/lib/python3.7/site-packages/airflow/example_dags/tutorial_taskflow_api.py
[2023-08-27T11:24:20.667+0000] {processor.py:766} INFO - DAG(s) dict_keys(['tutorial_taskflow_api']) retrieved from /home/airflow/.local/lib/python3.7/site-packages/airflow/example_dags/tutorial_taskflow_api.py
[2023-08-27T11:24:20.700+0000] {logging_mixin.py:120} INFO - [2023-08-27T11:24:20.700+0000] {dag.py:2585} INFO - Sync 1 DAGs
[2023-08-27T11:24:20.713+0000] {logging_mixin.py:120} INFO - [2023-08-27T11:24:20.713+0000] {dag.py:3340} INFO - Setting next_dagrun for tutorial_taskflow_api to None, run_after=None
[2023-08-27T11:24:20.723+0000] {processor.py:176} INFO - Processing /home/airflow/.local/lib/python3.7/site-packages/airflow/example_dags/tutorial_taskflow_api.py took 0.080 seconds
[2023-08-27T11:24:51.009+0000] {processor.py:154} INFO - Started process (PID=29378) to work on /home/airflow/.local/lib/python3.7/site-packages/airflow/example_dags/tutorial_taskflow_api.py
[2023-08-27T11:24:51.010+0000] {processor.py:756} INFO - Processing file /home/airflow/.local/lib/python3.7/site-packages/airflow/example_dags/tutorial_taskflow_api.py for tasks to queue
[2023-08-27T11:24:51.010+0000] {logging_mixin.py:120} INFO - [2023-08-27T11:24:51.010+0000] {dagbag.py:537} INFO - Filling up the DagBag from /home/airflow/.local/lib/python3.7/site-packages/airflow/example_dags/tutorial_taskflow_api.py
[2023-08-27T11:24:51.023+0000] {processor.py:766} INFO - DAG(s) dict_keys(['tutorial_taskflow_api']) retrieved from /home/airflow/.local/lib/python3.7/site-packages/airflow/example_dags/tutorial_taskflow_api.py
[2023-08-27T11:24:51.050+0000] {logging_mixin.py:120} INFO - [2023-08-27T11:24:51.050+0000] {dag.py:2585} INFO - Sync 1 DAGs
[2023-08-27T11:24:51.065+0000] {logging_mixin.py:120} INFO - [2023-08-27T11:24:51.065+0000] {dag.py:3340} INFO - Setting next_dagrun for tutorial_taskflow_api to None, run_after=None
[2023-08-27T11:24:51.076+0000] {processor.py:176} INFO - Processing /home/airflow/.local/lib/python3.7/site-packages/airflow/example_dags/tutorial_taskflow_api.py took 0.070 seconds
[2023-08-27T11:25:21.188+0000] {processor.py:154} INFO - Started process (PID=29442) to work on /home/airflow/.local/lib/python3.7/site-packages/airflow/example_dags/tutorial_taskflow_api.py
[2023-08-27T11:25:21.190+0000] {processor.py:756} INFO - Processing file /home/airflow/.local/lib/python3.7/site-packages/airflow/example_dags/tutorial_taskflow_api.py for tasks to queue
[2023-08-27T11:25:21.192+0000] {logging_mixin.py:120} INFO - [2023-08-27T11:25:21.192+0000] {dagbag.py:537} INFO - Filling up the DagBag from /home/airflow/.local/lib/python3.7/site-packages/airflow/example_dags/tutorial_taskflow_api.py
[2023-08-27T11:25:21.210+0000] {processor.py:766} INFO - DAG(s) dict_keys(['tutorial_taskflow_api']) retrieved from /home/airflow/.local/lib/python3.7/site-packages/airflow/example_dags/tutorial_taskflow_api.py
[2023-08-27T11:25:21.244+0000] {logging_mixin.py:120} INFO - [2023-08-27T11:25:21.244+0000] {dag.py:2585} INFO - Sync 1 DAGs
[2023-08-27T11:25:21.260+0000] {logging_mixin.py:120} INFO - [2023-08-27T11:25:21.259+0000] {dag.py:3340} INFO - Setting next_dagrun for tutorial_taskflow_api to None, run_after=None
[2023-08-27T11:25:21.271+0000] {processor.py:176} INFO - Processing /home/airflow/.local/lib/python3.7/site-packages/airflow/example_dags/tutorial_taskflow_api.py took 0.088 seconds
[2023-08-27T11:25:51.449+0000] {processor.py:154} INFO - Started process (PID=29508) to work on /home/airflow/.local/lib/python3.7/site-packages/airflow/example_dags/tutorial_taskflow_api.py
[2023-08-27T11:25:51.451+0000] {processor.py:756} INFO - Processing file /home/airflow/.local/lib/python3.7/site-packages/airflow/example_dags/tutorial_taskflow_api.py for tasks to queue
[2023-08-27T11:25:51.452+0000] {logging_mixin.py:120} INFO - [2023-08-27T11:25:51.451+0000] {dagbag.py:537} INFO - Filling up the DagBag from /home/airflow/.local/lib/python3.7/site-packages/airflow/example_dags/tutorial_taskflow_api.py
[2023-08-27T11:25:51.475+0000] {processor.py:766} INFO - DAG(s) dict_keys(['tutorial_taskflow_api']) retrieved from /home/airflow/.local/lib/python3.7/site-packages/airflow/example_dags/tutorial_taskflow_api.py
[2023-08-27T11:25:51.512+0000] {logging_mixin.py:120} INFO - [2023-08-27T11:25:51.512+0000] {dag.py:2585} INFO - Sync 1 DAGs
[2023-08-27T11:25:51.527+0000] {logging_mixin.py:120} INFO - [2023-08-27T11:25:51.527+0000] {dag.py:3340} INFO - Setting next_dagrun for tutorial_taskflow_api to None, run_after=None
[2023-08-27T11:25:51.539+0000] {processor.py:176} INFO - Processing /home/airflow/.local/lib/python3.7/site-packages/airflow/example_dags/tutorial_taskflow_api.py took 0.097 seconds
[2023-08-27T11:26:21.891+0000] {processor.py:154} INFO - Started process (PID=29572) to work on /home/airflow/.local/lib/python3.7/site-packages/airflow/example_dags/tutorial_taskflow_api.py
[2023-08-27T11:26:21.893+0000] {processor.py:756} INFO - Processing file /home/airflow/.local/lib/python3.7/site-packages/airflow/example_dags/tutorial_taskflow_api.py for tasks to queue
[2023-08-27T11:26:21.893+0000] {logging_mixin.py:120} INFO - [2023-08-27T11:26:21.893+0000] {dagbag.py:537} INFO - Filling up the DagBag from /home/airflow/.local/lib/python3.7/site-packages/airflow/example_dags/tutorial_taskflow_api.py
[2023-08-27T11:26:21.914+0000] {processor.py:766} INFO - DAG(s) dict_keys(['tutorial_taskflow_api']) retrieved from /home/airflow/.local/lib/python3.7/site-packages/airflow/example_dags/tutorial_taskflow_api.py
[2023-08-27T11:26:21.950+0000] {logging_mixin.py:120} INFO - [2023-08-27T11:26:21.950+0000] {dag.py:2585} INFO - Sync 1 DAGs
[2023-08-27T11:26:21.966+0000] {logging_mixin.py:120} INFO - [2023-08-27T11:26:21.966+0000] {dag.py:3340} INFO - Setting next_dagrun for tutorial_taskflow_api to None, run_after=None
[2023-08-27T11:26:21.980+0000] {processor.py:176} INFO - Processing /home/airflow/.local/lib/python3.7/site-packages/airflow/example_dags/tutorial_taskflow_api.py took 0.091 seconds
[2023-08-27T11:26:52.314+0000] {processor.py:154} INFO - Started process (PID=29638) to work on /home/airflow/.local/lib/python3.7/site-packages/airflow/example_dags/tutorial_taskflow_api.py
[2023-08-27T11:26:52.315+0000] {processor.py:756} INFO - Processing file /home/airflow/.local/lib/python3.7/site-packages/airflow/example_dags/tutorial_taskflow_api.py for tasks to queue
[2023-08-27T11:26:52.316+0000] {logging_mixin.py:120} INFO - [2023-08-27T11:26:52.316+0000] {dagbag.py:537} INFO - Filling up the DagBag from /home/airflow/.local/lib/python3.7/site-packages/airflow/example_dags/tutorial_taskflow_api.py
[2023-08-27T11:26:52.340+0000] {processor.py:766} INFO - DAG(s) dict_keys(['tutorial_taskflow_api']) retrieved from /home/airflow/.local/lib/python3.7/site-packages/airflow/example_dags/tutorial_taskflow_api.py
[2023-08-27T11:26:52.374+0000] {logging_mixin.py:120} INFO - [2023-08-27T11:26:52.373+0000] {dag.py:2585} INFO - Sync 1 DAGs
[2023-08-27T11:26:52.392+0000] {logging_mixin.py:120} INFO - [2023-08-27T11:26:52.392+0000] {dag.py:3340} INFO - Setting next_dagrun for tutorial_taskflow_api to None, run_after=None
[2023-08-27T11:26:52.407+0000] {processor.py:176} INFO - Processing /home/airflow/.local/lib/python3.7/site-packages/airflow/example_dags/tutorial_taskflow_api.py took 0.096 seconds
[2023-08-27T11:27:22.670+0000] {processor.py:154} INFO - Started process (PID=29694) to work on /home/airflow/.local/lib/python3.7/site-packages/airflow/example_dags/tutorial_taskflow_api.py
[2023-08-27T11:27:22.671+0000] {processor.py:756} INFO - Processing file /home/airflow/.local/lib/python3.7/site-packages/airflow/example_dags/tutorial_taskflow_api.py for tasks to queue
[2023-08-27T11:27:22.672+0000] {logging_mixin.py:120} INFO - [2023-08-27T11:27:22.672+0000] {dagbag.py:537} INFO - Filling up the DagBag from /home/airflow/.local/lib/python3.7/site-packages/airflow/example_dags/tutorial_taskflow_api.py
[2023-08-27T11:27:22.696+0000] {processor.py:766} INFO - DAG(s) dict_keys(['tutorial_taskflow_api']) retrieved from /home/airflow/.local/lib/python3.7/site-packages/airflow/example_dags/tutorial_taskflow_api.py
[2023-08-27T11:27:22.731+0000] {logging_mixin.py:120} INFO - [2023-08-27T11:27:22.731+0000] {dag.py:2585} INFO - Sync 1 DAGs
[2023-08-27T11:27:22.748+0000] {logging_mixin.py:120} INFO - [2023-08-27T11:27:22.748+0000] {dag.py:3340} INFO - Setting next_dagrun for tutorial_taskflow_api to None, run_after=None
[2023-08-27T11:27:22.761+0000] {processor.py:176} INFO - Processing /home/airflow/.local/lib/python3.7/site-packages/airflow/example_dags/tutorial_taskflow_api.py took 0.094 seconds
[2023-08-27T11:27:52.794+0000] {processor.py:154} INFO - Started process (PID=29758) to work on /home/airflow/.local/lib/python3.7/site-packages/airflow/example_dags/tutorial_taskflow_api.py
[2023-08-27T11:27:52.795+0000] {processor.py:756} INFO - Processing file /home/airflow/.local/lib/python3.7/site-packages/airflow/example_dags/tutorial_taskflow_api.py for tasks to queue
[2023-08-27T11:27:52.796+0000] {logging_mixin.py:120} INFO - [2023-08-27T11:27:52.796+0000] {dagbag.py:537} INFO - Filling up the DagBag from /home/airflow/.local/lib/python3.7/site-packages/airflow/example_dags/tutorial_taskflow_api.py
[2023-08-27T11:27:52.816+0000] {processor.py:766} INFO - DAG(s) dict_keys(['tutorial_taskflow_api']) retrieved from /home/airflow/.local/lib/python3.7/site-packages/airflow/example_dags/tutorial_taskflow_api.py
[2023-08-27T11:27:52.850+0000] {logging_mixin.py:120} INFO - [2023-08-27T11:27:52.850+0000] {dag.py:2585} INFO - Sync 1 DAGs
[2023-08-27T11:27:52.863+0000] {logging_mixin.py:120} INFO - [2023-08-27T11:27:52.863+0000] {dag.py:3340} INFO - Setting next_dagrun for tutorial_taskflow_api to None, run_after=None
[2023-08-27T11:27:52.872+0000] {processor.py:176} INFO - Processing /home/airflow/.local/lib/python3.7/site-packages/airflow/example_dags/tutorial_taskflow_api.py took 0.082 seconds
[2023-08-27T11:28:23.124+0000] {processor.py:154} INFO - Started process (PID=29824) to work on /home/airflow/.local/lib/python3.7/site-packages/airflow/example_dags/tutorial_taskflow_api.py
[2023-08-27T11:28:23.126+0000] {processor.py:756} INFO - Processing file /home/airflow/.local/lib/python3.7/site-packages/airflow/example_dags/tutorial_taskflow_api.py for tasks to queue
[2023-08-27T11:28:23.127+0000] {logging_mixin.py:120} INFO - [2023-08-27T11:28:23.126+0000] {dagbag.py:537} INFO - Filling up the DagBag from /home/airflow/.local/lib/python3.7/site-packages/airflow/example_dags/tutorial_taskflow_api.py
[2023-08-27T11:28:23.148+0000] {processor.py:766} INFO - DAG(s) dict_keys(['tutorial_taskflow_api']) retrieved from /home/airflow/.local/lib/python3.7/site-packages/airflow/example_dags/tutorial_taskflow_api.py
[2023-08-27T11:28:23.179+0000] {logging_mixin.py:120} INFO - [2023-08-27T11:28:23.179+0000] {dag.py:2585} INFO - Sync 1 DAGs
[2023-08-27T11:28:23.192+0000] {logging_mixin.py:120} INFO - [2023-08-27T11:28:23.192+0000] {dag.py:3340} INFO - Setting next_dagrun for tutorial_taskflow_api to None, run_after=None
[2023-08-27T11:28:23.203+0000] {processor.py:176} INFO - Processing /home/airflow/.local/lib/python3.7/site-packages/airflow/example_dags/tutorial_taskflow_api.py took 0.082 seconds
[2023-08-27T11:28:53.394+0000] {processor.py:154} INFO - Started process (PID=29889) to work on /home/airflow/.local/lib/python3.7/site-packages/airflow/example_dags/tutorial_taskflow_api.py
[2023-08-27T11:28:53.395+0000] {processor.py:756} INFO - Processing file /home/airflow/.local/lib/python3.7/site-packages/airflow/example_dags/tutorial_taskflow_api.py for tasks to queue
[2023-08-27T11:28:53.395+0000] {logging_mixin.py:120} INFO - [2023-08-27T11:28:53.395+0000] {dagbag.py:537} INFO - Filling up the DagBag from /home/airflow/.local/lib/python3.7/site-packages/airflow/example_dags/tutorial_taskflow_api.py
[2023-08-27T11:28:53.415+0000] {processor.py:766} INFO - DAG(s) dict_keys(['tutorial_taskflow_api']) retrieved from /home/airflow/.local/lib/python3.7/site-packages/airflow/example_dags/tutorial_taskflow_api.py
[2023-08-27T11:28:53.445+0000] {logging_mixin.py:120} INFO - [2023-08-27T11:28:53.445+0000] {dag.py:2585} INFO - Sync 1 DAGs
[2023-08-27T11:28:53.461+0000] {logging_mixin.py:120} INFO - [2023-08-27T11:28:53.461+0000] {dag.py:3340} INFO - Setting next_dagrun for tutorial_taskflow_api to None, run_after=None
[2023-08-27T11:28:53.472+0000] {processor.py:176} INFO - Processing /home/airflow/.local/lib/python3.7/site-packages/airflow/example_dags/tutorial_taskflow_api.py took 0.082 seconds
[2023-08-27T11:29:23.696+0000] {processor.py:154} INFO - Started process (PID=29955) to work on /home/airflow/.local/lib/python3.7/site-packages/airflow/example_dags/tutorial_taskflow_api.py
[2023-08-27T11:29:23.697+0000] {processor.py:756} INFO - Processing file /home/airflow/.local/lib/python3.7/site-packages/airflow/example_dags/tutorial_taskflow_api.py for tasks to queue
[2023-08-27T11:29:23.698+0000] {logging_mixin.py:120} INFO - [2023-08-27T11:29:23.698+0000] {dagbag.py:537} INFO - Filling up the DagBag from /home/airflow/.local/lib/python3.7/site-packages/airflow/example_dags/tutorial_taskflow_api.py
[2023-08-27T11:29:23.718+0000] {processor.py:766} INFO - DAG(s) dict_keys(['tutorial_taskflow_api']) retrieved from /home/airflow/.local/lib/python3.7/site-packages/airflow/example_dags/tutorial_taskflow_api.py
[2023-08-27T11:29:23.754+0000] {logging_mixin.py:120} INFO - [2023-08-27T11:29:23.754+0000] {dag.py:2585} INFO - Sync 1 DAGs
[2023-08-27T11:29:23.769+0000] {logging_mixin.py:120} INFO - [2023-08-27T11:29:23.769+0000] {dag.py:3340} INFO - Setting next_dagrun for tutorial_taskflow_api to None, run_after=None
[2023-08-27T11:29:23.780+0000] {processor.py:176} INFO - Processing /home/airflow/.local/lib/python3.7/site-packages/airflow/example_dags/tutorial_taskflow_api.py took 0.088 seconds
[2023-08-27T11:29:54.071+0000] {processor.py:154} INFO - Started process (PID=30011) to work on /home/airflow/.local/lib/python3.7/site-packages/airflow/example_dags/tutorial_taskflow_api.py
[2023-08-27T11:29:54.072+0000] {processor.py:756} INFO - Processing file /home/airflow/.local/lib/python3.7/site-packages/airflow/example_dags/tutorial_taskflow_api.py for tasks to queue
[2023-08-27T11:29:54.074+0000] {logging_mixin.py:120} INFO - [2023-08-27T11:29:54.074+0000] {dagbag.py:537} INFO - Filling up the DagBag from /home/airflow/.local/lib/python3.7/site-packages/airflow/example_dags/tutorial_taskflow_api.py
[2023-08-27T11:29:54.094+0000] {processor.py:766} INFO - DAG(s) dict_keys(['tutorial_taskflow_api']) retrieved from /home/airflow/.local/lib/python3.7/site-packages/airflow/example_dags/tutorial_taskflow_api.py
[2023-08-27T11:29:54.125+0000] {logging_mixin.py:120} INFO - [2023-08-27T11:29:54.125+0000] {dag.py:2585} INFO - Sync 1 DAGs
[2023-08-27T11:29:54.138+0000] {logging_mixin.py:120} INFO - [2023-08-27T11:29:54.138+0000] {dag.py:3340} INFO - Setting next_dagrun for tutorial_taskflow_api to None, run_after=None
[2023-08-27T11:29:54.149+0000] {processor.py:176} INFO - Processing /home/airflow/.local/lib/python3.7/site-packages/airflow/example_dags/tutorial_taskflow_api.py took 0.082 seconds
