[2023-08-27T11:24:19.551+0000] {processor.py:154} INFO - Started process (PID=29319) to work on /home/airflow/.local/lib/python3.7/site-packages/airflow/example_dags/tutorial.py
[2023-08-27T11:24:19.552+0000] {processor.py:756} INFO - Processing file /home/airflow/.local/lib/python3.7/site-packages/airflow/example_dags/tutorial.py for tasks to queue
[2023-08-27T11:24:19.552+0000] {logging_mixin.py:120} INFO - [2023-08-27T11:24:19.552+0000] {dagbag.py:537} INFO - Filling up the DagBag from /home/airflow/.local/lib/python3.7/site-packages/airflow/example_dags/tutorial.py
[2023-08-27T11:24:19.564+0000] {processor.py:766} INFO - DAG(s) dict_keys(['tutorial']) retrieved from /home/airflow/.local/lib/python3.7/site-packages/airflow/example_dags/tutorial.py
[2023-08-27T11:24:19.593+0000] {logging_mixin.py:120} INFO - [2023-08-27T11:24:19.593+0000] {dag.py:2585} INFO - Sync 1 DAGs
[2023-08-27T11:24:19.606+0000] {logging_mixin.py:120} INFO - [2023-08-27T11:24:19.606+0000] {dag.py:3340} INFO - Setting next_dagrun for tutorial to 2023-08-26T11:24:19.606518+00:00, run_after=2023-08-27T11:24:19.606518+00:00
[2023-08-27T11:24:19.616+0000] {processor.py:176} INFO - Processing /home/airflow/.local/lib/python3.7/site-packages/airflow/example_dags/tutorial.py took 0.067 seconds
[2023-08-27T11:24:49.890+0000] {processor.py:154} INFO - Started process (PID=29375) to work on /home/airflow/.local/lib/python3.7/site-packages/airflow/example_dags/tutorial.py
[2023-08-27T11:24:49.892+0000] {processor.py:756} INFO - Processing file /home/airflow/.local/lib/python3.7/site-packages/airflow/example_dags/tutorial.py for tasks to queue
[2023-08-27T11:24:49.892+0000] {logging_mixin.py:120} INFO - [2023-08-27T11:24:49.892+0000] {dagbag.py:537} INFO - Filling up the DagBag from /home/airflow/.local/lib/python3.7/site-packages/airflow/example_dags/tutorial.py
[2023-08-27T11:24:49.908+0000] {processor.py:766} INFO - DAG(s) dict_keys(['tutorial']) retrieved from /home/airflow/.local/lib/python3.7/site-packages/airflow/example_dags/tutorial.py
[2023-08-27T11:24:49.952+0000] {logging_mixin.py:120} INFO - [2023-08-27T11:24:49.952+0000] {dag.py:2585} INFO - Sync 1 DAGs
[2023-08-27T11:24:49.969+0000] {logging_mixin.py:120} INFO - [2023-08-27T11:24:49.969+0000] {dag.py:3340} INFO - Setting next_dagrun for tutorial to 2023-08-26T11:24:49.969097+00:00, run_after=2023-08-27T11:24:49.969097+00:00
[2023-08-27T11:24:49.983+0000] {processor.py:176} INFO - Processing /home/airflow/.local/lib/python3.7/site-packages/airflow/example_dags/tutorial.py took 0.097 seconds
[2023-08-27T11:25:20.074+0000] {processor.py:154} INFO - Started process (PID=29440) to work on /home/airflow/.local/lib/python3.7/site-packages/airflow/example_dags/tutorial.py
[2023-08-27T11:25:20.075+0000] {processor.py:756} INFO - Processing file /home/airflow/.local/lib/python3.7/site-packages/airflow/example_dags/tutorial.py for tasks to queue
[2023-08-27T11:25:20.076+0000] {logging_mixin.py:120} INFO - [2023-08-27T11:25:20.076+0000] {dagbag.py:537} INFO - Filling up the DagBag from /home/airflow/.local/lib/python3.7/site-packages/airflow/example_dags/tutorial.py
[2023-08-27T11:25:20.086+0000] {processor.py:766} INFO - DAG(s) dict_keys(['tutorial']) retrieved from /home/airflow/.local/lib/python3.7/site-packages/airflow/example_dags/tutorial.py
[2023-08-27T11:25:20.119+0000] {logging_mixin.py:120} INFO - [2023-08-27T11:25:20.119+0000] {dag.py:2585} INFO - Sync 1 DAGs
[2023-08-27T11:25:20.133+0000] {logging_mixin.py:120} INFO - [2023-08-27T11:25:20.133+0000] {dag.py:3340} INFO - Setting next_dagrun for tutorial to 2023-08-26T11:25:20.133269+00:00, run_after=2023-08-27T11:25:20.133269+00:00
[2023-08-27T11:25:20.143+0000] {processor.py:176} INFO - Processing /home/airflow/.local/lib/python3.7/site-packages/airflow/example_dags/tutorial.py took 0.071 seconds
[2023-08-27T11:25:50.332+0000] {processor.py:154} INFO - Started process (PID=29505) to work on /home/airflow/.local/lib/python3.7/site-packages/airflow/example_dags/tutorial.py
[2023-08-27T11:25:50.333+0000] {processor.py:756} INFO - Processing file /home/airflow/.local/lib/python3.7/site-packages/airflow/example_dags/tutorial.py for tasks to queue
[2023-08-27T11:25:50.333+0000] {logging_mixin.py:120} INFO - [2023-08-27T11:25:50.333+0000] {dagbag.py:537} INFO - Filling up the DagBag from /home/airflow/.local/lib/python3.7/site-packages/airflow/example_dags/tutorial.py
[2023-08-27T11:25:50.344+0000] {processor.py:766} INFO - DAG(s) dict_keys(['tutorial']) retrieved from /home/airflow/.local/lib/python3.7/site-packages/airflow/example_dags/tutorial.py
[2023-08-27T11:25:50.371+0000] {logging_mixin.py:120} INFO - [2023-08-27T11:25:50.371+0000] {dag.py:2585} INFO - Sync 1 DAGs
[2023-08-27T11:25:50.384+0000] {logging_mixin.py:120} INFO - [2023-08-27T11:25:50.384+0000] {dag.py:3340} INFO - Setting next_dagrun for tutorial to 2023-08-26T11:25:50.384714+00:00, run_after=2023-08-27T11:25:50.384714+00:00
[2023-08-27T11:25:50.395+0000] {processor.py:176} INFO - Processing /home/airflow/.local/lib/python3.7/site-packages/airflow/example_dags/tutorial.py took 0.065 seconds
[2023-08-27T11:26:20.776+0000] {processor.py:154} INFO - Started process (PID=29569) to work on /home/airflow/.local/lib/python3.7/site-packages/airflow/example_dags/tutorial.py
[2023-08-27T11:26:20.777+0000] {processor.py:756} INFO - Processing file /home/airflow/.local/lib/python3.7/site-packages/airflow/example_dags/tutorial.py for tasks to queue
[2023-08-27T11:26:20.778+0000] {logging_mixin.py:120} INFO - [2023-08-27T11:26:20.778+0000] {dagbag.py:537} INFO - Filling up the DagBag from /home/airflow/.local/lib/python3.7/site-packages/airflow/example_dags/tutorial.py
[2023-08-27T11:26:20.790+0000] {processor.py:766} INFO - DAG(s) dict_keys(['tutorial']) retrieved from /home/airflow/.local/lib/python3.7/site-packages/airflow/example_dags/tutorial.py
[2023-08-27T11:26:20.822+0000] {logging_mixin.py:120} INFO - [2023-08-27T11:26:20.822+0000] {dag.py:2585} INFO - Sync 1 DAGs
[2023-08-27T11:26:20.838+0000] {logging_mixin.py:120} INFO - [2023-08-27T11:26:20.838+0000] {dag.py:3340} INFO - Setting next_dagrun for tutorial to 2023-08-26T11:26:20.838011+00:00, run_after=2023-08-27T11:26:20.838011+00:00
[2023-08-27T11:26:20.851+0000] {processor.py:176} INFO - Processing /home/airflow/.local/lib/python3.7/site-packages/airflow/example_dags/tutorial.py took 0.077 seconds
[2023-08-27T11:26:51.195+0000] {processor.py:154} INFO - Started process (PID=29635) to work on /home/airflow/.local/lib/python3.7/site-packages/airflow/example_dags/tutorial.py
[2023-08-27T11:26:51.196+0000] {processor.py:756} INFO - Processing file /home/airflow/.local/lib/python3.7/site-packages/airflow/example_dags/tutorial.py for tasks to queue
[2023-08-27T11:26:51.197+0000] {logging_mixin.py:120} INFO - [2023-08-27T11:26:51.197+0000] {dagbag.py:537} INFO - Filling up the DagBag from /home/airflow/.local/lib/python3.7/site-packages/airflow/example_dags/tutorial.py
[2023-08-27T11:26:51.208+0000] {processor.py:766} INFO - DAG(s) dict_keys(['tutorial']) retrieved from /home/airflow/.local/lib/python3.7/site-packages/airflow/example_dags/tutorial.py
[2023-08-27T11:26:51.237+0000] {logging_mixin.py:120} INFO - [2023-08-27T11:26:51.236+0000] {dag.py:2585} INFO - Sync 1 DAGs
[2023-08-27T11:26:51.252+0000] {logging_mixin.py:120} INFO - [2023-08-27T11:26:51.252+0000] {dag.py:3340} INFO - Setting next_dagrun for tutorial to 2023-08-26T11:26:51.252127+00:00, run_after=2023-08-27T11:26:51.252127+00:00
[2023-08-27T11:26:51.266+0000] {processor.py:176} INFO - Processing /home/airflow/.local/lib/python3.7/site-packages/airflow/example_dags/tutorial.py took 0.073 seconds
[2023-08-27T11:27:21.498+0000] {processor.py:154} INFO - Started process (PID=29691) to work on /home/airflow/.local/lib/python3.7/site-packages/airflow/example_dags/tutorial.py
[2023-08-27T11:27:21.500+0000] {processor.py:756} INFO - Processing file /home/airflow/.local/lib/python3.7/site-packages/airflow/example_dags/tutorial.py for tasks to queue
[2023-08-27T11:27:21.501+0000] {logging_mixin.py:120} INFO - [2023-08-27T11:27:21.501+0000] {dagbag.py:537} INFO - Filling up the DagBag from /home/airflow/.local/lib/python3.7/site-packages/airflow/example_dags/tutorial.py
[2023-08-27T11:27:21.524+0000] {processor.py:766} INFO - DAG(s) dict_keys(['tutorial']) retrieved from /home/airflow/.local/lib/python3.7/site-packages/airflow/example_dags/tutorial.py
[2023-08-27T11:27:21.580+0000] {logging_mixin.py:120} INFO - [2023-08-27T11:27:21.580+0000] {dag.py:2585} INFO - Sync 1 DAGs
[2023-08-27T11:27:21.599+0000] {logging_mixin.py:120} INFO - [2023-08-27T11:27:21.599+0000] {dag.py:3340} INFO - Setting next_dagrun for tutorial to 2023-08-26T11:27:21.599266+00:00, run_after=2023-08-27T11:27:21.599266+00:00
[2023-08-27T11:27:21.612+0000] {processor.py:176} INFO - Processing /home/airflow/.local/lib/python3.7/site-packages/airflow/example_dags/tutorial.py took 0.118 seconds
[2023-08-27T11:27:51.698+0000] {processor.py:154} INFO - Started process (PID=29756) to work on /home/airflow/.local/lib/python3.7/site-packages/airflow/example_dags/tutorial.py
[2023-08-27T11:27:51.699+0000] {processor.py:756} INFO - Processing file /home/airflow/.local/lib/python3.7/site-packages/airflow/example_dags/tutorial.py for tasks to queue
[2023-08-27T11:27:51.699+0000] {logging_mixin.py:120} INFO - [2023-08-27T11:27:51.699+0000] {dagbag.py:537} INFO - Filling up the DagBag from /home/airflow/.local/lib/python3.7/site-packages/airflow/example_dags/tutorial.py
[2023-08-27T11:27:51.709+0000] {processor.py:766} INFO - DAG(s) dict_keys(['tutorial']) retrieved from /home/airflow/.local/lib/python3.7/site-packages/airflow/example_dags/tutorial.py
[2023-08-27T11:27:51.736+0000] {logging_mixin.py:120} INFO - [2023-08-27T11:27:51.736+0000] {dag.py:2585} INFO - Sync 1 DAGs
[2023-08-27T11:27:51.750+0000] {logging_mixin.py:120} INFO - [2023-08-27T11:27:51.750+0000] {dag.py:3340} INFO - Setting next_dagrun for tutorial to 2023-08-26T11:27:51.750607+00:00, run_after=2023-08-27T11:27:51.750607+00:00
[2023-08-27T11:27:51.761+0000] {processor.py:176} INFO - Processing /home/airflow/.local/lib/python3.7/site-packages/airflow/example_dags/tutorial.py took 0.066 seconds
[2023-08-27T11:28:22.016+0000] {processor.py:154} INFO - Started process (PID=29821) to work on /home/airflow/.local/lib/python3.7/site-packages/airflow/example_dags/tutorial.py
[2023-08-27T11:28:22.017+0000] {processor.py:756} INFO - Processing file /home/airflow/.local/lib/python3.7/site-packages/airflow/example_dags/tutorial.py for tasks to queue
[2023-08-27T11:28:22.018+0000] {logging_mixin.py:120} INFO - [2023-08-27T11:28:22.018+0000] {dagbag.py:537} INFO - Filling up the DagBag from /home/airflow/.local/lib/python3.7/site-packages/airflow/example_dags/tutorial.py
[2023-08-27T11:28:22.027+0000] {processor.py:766} INFO - DAG(s) dict_keys(['tutorial']) retrieved from /home/airflow/.local/lib/python3.7/site-packages/airflow/example_dags/tutorial.py
[2023-08-27T11:28:22.054+0000] {logging_mixin.py:120} INFO - [2023-08-27T11:28:22.054+0000] {dag.py:2585} INFO - Sync 1 DAGs
[2023-08-27T11:28:22.068+0000] {logging_mixin.py:120} INFO - [2023-08-27T11:28:22.068+0000] {dag.py:3340} INFO - Setting next_dagrun for tutorial to 2023-08-26T11:28:22.067926+00:00, run_after=2023-08-27T11:28:22.067926+00:00
[2023-08-27T11:28:22.078+0000] {processor.py:176} INFO - Processing /home/airflow/.local/lib/python3.7/site-packages/airflow/example_dags/tutorial.py took 0.064 seconds
[2023-08-27T11:28:52.292+0000] {processor.py:154} INFO - Started process (PID=29886) to work on /home/airflow/.local/lib/python3.7/site-packages/airflow/example_dags/tutorial.py
[2023-08-27T11:28:52.293+0000] {processor.py:756} INFO - Processing file /home/airflow/.local/lib/python3.7/site-packages/airflow/example_dags/tutorial.py for tasks to queue
[2023-08-27T11:28:52.293+0000] {logging_mixin.py:120} INFO - [2023-08-27T11:28:52.293+0000] {dagbag.py:537} INFO - Filling up the DagBag from /home/airflow/.local/lib/python3.7/site-packages/airflow/example_dags/tutorial.py
[2023-08-27T11:28:52.303+0000] {processor.py:766} INFO - DAG(s) dict_keys(['tutorial']) retrieved from /home/airflow/.local/lib/python3.7/site-packages/airflow/example_dags/tutorial.py
[2023-08-27T11:28:52.328+0000] {logging_mixin.py:120} INFO - [2023-08-27T11:28:52.328+0000] {dag.py:2585} INFO - Sync 1 DAGs
[2023-08-27T11:28:52.341+0000] {logging_mixin.py:120} INFO - [2023-08-27T11:28:52.341+0000] {dag.py:3340} INFO - Setting next_dagrun for tutorial to 2023-08-26T11:28:52.341009+00:00, run_after=2023-08-27T11:28:52.341009+00:00
[2023-08-27T11:28:52.351+0000] {processor.py:176} INFO - Processing /home/airflow/.local/lib/python3.7/site-packages/airflow/example_dags/tutorial.py took 0.062 seconds
[2023-08-27T11:29:22.570+0000] {processor.py:154} INFO - Started process (PID=29950) to work on /home/airflow/.local/lib/python3.7/site-packages/airflow/example_dags/tutorial.py
[2023-08-27T11:29:22.572+0000] {processor.py:756} INFO - Processing file /home/airflow/.local/lib/python3.7/site-packages/airflow/example_dags/tutorial.py for tasks to queue
[2023-08-27T11:29:22.573+0000] {logging_mixin.py:120} INFO - [2023-08-27T11:29:22.573+0000] {dagbag.py:537} INFO - Filling up the DagBag from /home/airflow/.local/lib/python3.7/site-packages/airflow/example_dags/tutorial.py
[2023-08-27T11:29:22.585+0000] {processor.py:766} INFO - DAG(s) dict_keys(['tutorial']) retrieved from /home/airflow/.local/lib/python3.7/site-packages/airflow/example_dags/tutorial.py
[2023-08-27T11:29:22.621+0000] {logging_mixin.py:120} INFO - [2023-08-27T11:29:22.621+0000] {dag.py:2585} INFO - Sync 1 DAGs
[2023-08-27T11:29:22.640+0000] {logging_mixin.py:120} INFO - [2023-08-27T11:29:22.640+0000] {dag.py:3340} INFO - Setting next_dagrun for tutorial to 2023-08-26T11:29:22.640003+00:00, run_after=2023-08-27T11:29:22.640003+00:00
[2023-08-27T11:29:22.655+0000] {processor.py:176} INFO - Processing /home/airflow/.local/lib/python3.7/site-packages/airflow/example_dags/tutorial.py took 0.089 seconds
[2023-08-27T11:29:52.969+0000] {processor.py:154} INFO - Started process (PID=30008) to work on /home/airflow/.local/lib/python3.7/site-packages/airflow/example_dags/tutorial.py
[2023-08-27T11:29:52.970+0000] {processor.py:756} INFO - Processing file /home/airflow/.local/lib/python3.7/site-packages/airflow/example_dags/tutorial.py for tasks to queue
[2023-08-27T11:29:52.970+0000] {logging_mixin.py:120} INFO - [2023-08-27T11:29:52.970+0000] {dagbag.py:537} INFO - Filling up the DagBag from /home/airflow/.local/lib/python3.7/site-packages/airflow/example_dags/tutorial.py
[2023-08-27T11:29:52.980+0000] {processor.py:766} INFO - DAG(s) dict_keys(['tutorial']) retrieved from /home/airflow/.local/lib/python3.7/site-packages/airflow/example_dags/tutorial.py
[2023-08-27T11:29:53.006+0000] {logging_mixin.py:120} INFO - [2023-08-27T11:29:53.006+0000] {dag.py:2585} INFO - Sync 1 DAGs
[2023-08-27T11:29:53.019+0000] {logging_mixin.py:120} INFO - [2023-08-27T11:29:53.019+0000] {dag.py:3340} INFO - Setting next_dagrun for tutorial to 2023-08-26T11:29:53.018919+00:00, run_after=2023-08-27T11:29:53.018919+00:00
[2023-08-27T11:29:53.028+0000] {processor.py:176} INFO - Processing /home/airflow/.local/lib/python3.7/site-packages/airflow/example_dags/tutorial.py took 0.061 seconds
