[2023-08-26T17:03:30.708+0000] {processor.py:154} INFO - Started process (PID=34) to work on /home/airflow/.local/lib/python3.7/site-packages/airflow/example_dags/example_branch_labels.py
[2023-08-26T17:03:30.710+0000] {processor.py:756} INFO - Processing file /home/airflow/.local/lib/python3.7/site-packages/airflow/example_dags/example_branch_labels.py for tasks to queue
[2023-08-26T17:03:30.714+0000] {logging_mixin.py:120} INFO - [2023-08-26T17:03:30.714+0000] {dagbag.py:537} INFO - Filling up the DagBag from /home/airflow/.local/lib/python3.7/site-packages/airflow/example_dags/example_branch_labels.py
[2023-08-26T17:03:30.751+0000] {processor.py:766} INFO - DAG(s) dict_keys(['example_branch_labels']) retrieved from /home/airflow/.local/lib/python3.7/site-packages/airflow/example_dags/example_branch_labels.py
[2023-08-26T17:03:30.896+0000] {logging_mixin.py:120} INFO - [2023-08-26T17:03:30.896+0000] {manager.py:507} INFO - Created Permission View: can edit on DAG:example_branch_labels
[2023-08-26T17:03:30.902+0000] {logging_mixin.py:120} INFO - [2023-08-26T17:03:30.902+0000] {manager.py:507} INFO - Created Permission View: can read on DAG:example_branch_labels
[2023-08-26T17:03:30.906+0000] {logging_mixin.py:120} INFO - [2023-08-26T17:03:30.906+0000] {manager.py:507} INFO - Created Permission View: can delete on DAG:example_branch_labels
[2023-08-26T17:03:30.906+0000] {logging_mixin.py:120} INFO - [2023-08-26T17:03:30.906+0000] {dag.py:2585} INFO - Sync 1 DAGs
[2023-08-26T17:03:30.915+0000] {logging_mixin.py:120} INFO - [2023-08-26T17:03:30.914+0000] {dag.py:2606} INFO - Creating ORM DAG for example_branch_labels
[2023-08-26T17:03:30.923+0000] {logging_mixin.py:120} INFO - [2023-08-26T17:03:30.923+0000] {dag.py:3340} INFO - Setting next_dagrun for example_branch_labels to 2023-08-25T00:00:00+00:00, run_after=2023-08-26T00:00:00+00:00
[2023-08-26T17:03:30.935+0000] {processor.py:176} INFO - Processing /home/airflow/.local/lib/python3.7/site-packages/airflow/example_dags/example_branch_labels.py took 0.230 seconds
[2023-08-26T17:04:01.265+0000] {processor.py:154} INFO - Started process (PID=96) to work on /home/airflow/.local/lib/python3.7/site-packages/airflow/example_dags/example_branch_labels.py
[2023-08-26T17:04:01.267+0000] {processor.py:756} INFO - Processing file /home/airflow/.local/lib/python3.7/site-packages/airflow/example_dags/example_branch_labels.py for tasks to queue
[2023-08-26T17:04:01.268+0000] {logging_mixin.py:120} INFO - [2023-08-26T17:04:01.268+0000] {dagbag.py:537} INFO - Filling up the DagBag from /home/airflow/.local/lib/python3.7/site-packages/airflow/example_dags/example_branch_labels.py
[2023-08-26T17:04:01.301+0000] {processor.py:766} INFO - DAG(s) dict_keys(['example_branch_labels']) retrieved from /home/airflow/.local/lib/python3.7/site-packages/airflow/example_dags/example_branch_labels.py
[2023-08-26T17:04:01.349+0000] {logging_mixin.py:120} INFO - [2023-08-26T17:04:01.348+0000] {dag.py:2585} INFO - Sync 1 DAGs
[2023-08-26T17:04:01.368+0000] {logging_mixin.py:120} INFO - [2023-08-26T17:04:01.368+0000] {dag.py:3340} INFO - Setting next_dagrun for example_branch_labels to 2023-08-25T00:00:00+00:00, run_after=2023-08-26T00:00:00+00:00
[2023-08-26T17:04:01.388+0000] {processor.py:176} INFO - Processing /home/airflow/.local/lib/python3.7/site-packages/airflow/example_dags/example_branch_labels.py took 0.131 seconds
[2023-08-26T17:04:32.131+0000] {processor.py:154} INFO - Started process (PID=160) to work on /home/airflow/.local/lib/python3.7/site-packages/airflow/example_dags/example_branch_labels.py
[2023-08-26T17:04:32.132+0000] {processor.py:756} INFO - Processing file /home/airflow/.local/lib/python3.7/site-packages/airflow/example_dags/example_branch_labels.py for tasks to queue
[2023-08-26T17:04:32.133+0000] {logging_mixin.py:120} INFO - [2023-08-26T17:04:32.133+0000] {dagbag.py:537} INFO - Filling up the DagBag from /home/airflow/.local/lib/python3.7/site-packages/airflow/example_dags/example_branch_labels.py
[2023-08-26T17:04:32.149+0000] {processor.py:766} INFO - DAG(s) dict_keys(['example_branch_labels']) retrieved from /home/airflow/.local/lib/python3.7/site-packages/airflow/example_dags/example_branch_labels.py
[2023-08-26T17:04:32.196+0000] {logging_mixin.py:120} INFO - [2023-08-26T17:04:32.196+0000] {dag.py:2585} INFO - Sync 1 DAGs
[2023-08-26T17:04:32.222+0000] {logging_mixin.py:120} INFO - [2023-08-26T17:04:32.222+0000] {dag.py:3340} INFO - Setting next_dagrun for example_branch_labels to 2023-08-25T00:00:00+00:00, run_after=2023-08-26T00:00:00+00:00
[2023-08-26T17:04:32.241+0000] {processor.py:176} INFO - Processing /home/airflow/.local/lib/python3.7/site-packages/airflow/example_dags/example_branch_labels.py took 0.115 seconds
[2023-08-26T17:05:03.064+0000] {processor.py:154} INFO - Started process (PID=223) to work on /home/airflow/.local/lib/python3.7/site-packages/airflow/example_dags/example_branch_labels.py
[2023-08-26T17:05:03.065+0000] {processor.py:756} INFO - Processing file /home/airflow/.local/lib/python3.7/site-packages/airflow/example_dags/example_branch_labels.py for tasks to queue
[2023-08-26T17:05:03.066+0000] {logging_mixin.py:120} INFO - [2023-08-26T17:05:03.066+0000] {dagbag.py:537} INFO - Filling up the DagBag from /home/airflow/.local/lib/python3.7/site-packages/airflow/example_dags/example_branch_labels.py
[2023-08-26T17:05:03.084+0000] {processor.py:766} INFO - DAG(s) dict_keys(['example_branch_labels']) retrieved from /home/airflow/.local/lib/python3.7/site-packages/airflow/example_dags/example_branch_labels.py
[2023-08-26T17:05:03.126+0000] {logging_mixin.py:120} INFO - [2023-08-26T17:05:03.126+0000] {dag.py:2585} INFO - Sync 1 DAGs
[2023-08-26T17:05:03.147+0000] {logging_mixin.py:120} INFO - [2023-08-26T17:05:03.147+0000] {dag.py:3340} INFO - Setting next_dagrun for example_branch_labels to 2023-08-25T00:00:00+00:00, run_after=2023-08-26T00:00:00+00:00
[2023-08-26T17:05:03.168+0000] {processor.py:176} INFO - Processing /home/airflow/.local/lib/python3.7/site-packages/airflow/example_dags/example_branch_labels.py took 0.109 seconds
[2023-08-26T17:05:34.054+0000] {processor.py:154} INFO - Started process (PID=277) to work on /home/airflow/.local/lib/python3.7/site-packages/airflow/example_dags/example_branch_labels.py
[2023-08-26T17:05:34.055+0000] {processor.py:756} INFO - Processing file /home/airflow/.local/lib/python3.7/site-packages/airflow/example_dags/example_branch_labels.py for tasks to queue
[2023-08-26T17:05:34.056+0000] {logging_mixin.py:120} INFO - [2023-08-26T17:05:34.056+0000] {dagbag.py:537} INFO - Filling up the DagBag from /home/airflow/.local/lib/python3.7/site-packages/airflow/example_dags/example_branch_labels.py
[2023-08-26T17:05:34.074+0000] {processor.py:766} INFO - DAG(s) dict_keys(['example_branch_labels']) retrieved from /home/airflow/.local/lib/python3.7/site-packages/airflow/example_dags/example_branch_labels.py
[2023-08-26T17:05:34.113+0000] {logging_mixin.py:120} INFO - [2023-08-26T17:05:34.113+0000] {dag.py:2585} INFO - Sync 1 DAGs
[2023-08-26T17:05:34.130+0000] {logging_mixin.py:120} INFO - [2023-08-26T17:05:34.130+0000] {dag.py:3340} INFO - Setting next_dagrun for example_branch_labels to 2023-08-25T00:00:00+00:00, run_after=2023-08-26T00:00:00+00:00
[2023-08-26T17:05:34.142+0000] {processor.py:176} INFO - Processing /home/airflow/.local/lib/python3.7/site-packages/airflow/example_dags/example_branch_labels.py took 0.093 seconds
[2023-08-26T17:06:04.259+0000] {processor.py:154} INFO - Started process (PID=341) to work on /home/airflow/.local/lib/python3.7/site-packages/airflow/example_dags/example_branch_labels.py
[2023-08-26T17:06:04.260+0000] {processor.py:756} INFO - Processing file /home/airflow/.local/lib/python3.7/site-packages/airflow/example_dags/example_branch_labels.py for tasks to queue
[2023-08-26T17:06:04.261+0000] {logging_mixin.py:120} INFO - [2023-08-26T17:06:04.261+0000] {dagbag.py:537} INFO - Filling up the DagBag from /home/airflow/.local/lib/python3.7/site-packages/airflow/example_dags/example_branch_labels.py
[2023-08-26T17:06:04.276+0000] {processor.py:766} INFO - DAG(s) dict_keys(['example_branch_labels']) retrieved from /home/airflow/.local/lib/python3.7/site-packages/airflow/example_dags/example_branch_labels.py
[2023-08-26T17:06:04.313+0000] {logging_mixin.py:120} INFO - [2023-08-26T17:06:04.313+0000] {dag.py:2585} INFO - Sync 1 DAGs
[2023-08-26T17:06:04.329+0000] {logging_mixin.py:120} INFO - [2023-08-26T17:06:04.329+0000] {dag.py:3340} INFO - Setting next_dagrun for example_branch_labels to 2023-08-25T00:00:00+00:00, run_after=2023-08-26T00:00:00+00:00
[2023-08-26T17:06:04.341+0000] {processor.py:176} INFO - Processing /home/airflow/.local/lib/python3.7/site-packages/airflow/example_dags/example_branch_labels.py took 0.084 seconds
[2023-08-26T17:06:35.358+0000] {processor.py:154} INFO - Started process (PID=404) to work on /home/airflow/.local/lib/python3.7/site-packages/airflow/example_dags/example_branch_labels.py
[2023-08-26T17:06:35.360+0000] {processor.py:756} INFO - Processing file /home/airflow/.local/lib/python3.7/site-packages/airflow/example_dags/example_branch_labels.py for tasks to queue
[2023-08-26T17:06:35.361+0000] {logging_mixin.py:120} INFO - [2023-08-26T17:06:35.361+0000] {dagbag.py:537} INFO - Filling up the DagBag from /home/airflow/.local/lib/python3.7/site-packages/airflow/example_dags/example_branch_labels.py
[2023-08-26T17:06:35.381+0000] {processor.py:766} INFO - DAG(s) dict_keys(['example_branch_labels']) retrieved from /home/airflow/.local/lib/python3.7/site-packages/airflow/example_dags/example_branch_labels.py
[2023-08-26T17:06:35.416+0000] {logging_mixin.py:120} INFO - [2023-08-26T17:06:35.416+0000] {dag.py:2585} INFO - Sync 1 DAGs
[2023-08-26T17:06:35.433+0000] {logging_mixin.py:120} INFO - [2023-08-26T17:06:35.433+0000] {dag.py:3340} INFO - Setting next_dagrun for example_branch_labels to 2023-08-25T00:00:00+00:00, run_after=2023-08-26T00:00:00+00:00
[2023-08-26T17:06:35.445+0000] {processor.py:176} INFO - Processing /home/airflow/.local/lib/python3.7/site-packages/airflow/example_dags/example_branch_labels.py took 0.094 seconds
[2023-08-26T17:07:06.276+0000] {processor.py:154} INFO - Started process (PID=466) to work on /home/airflow/.local/lib/python3.7/site-packages/airflow/example_dags/example_branch_labels.py
[2023-08-26T17:07:06.277+0000] {processor.py:756} INFO - Processing file /home/airflow/.local/lib/python3.7/site-packages/airflow/example_dags/example_branch_labels.py for tasks to queue
[2023-08-26T17:07:06.278+0000] {logging_mixin.py:120} INFO - [2023-08-26T17:07:06.278+0000] {dagbag.py:537} INFO - Filling up the DagBag from /home/airflow/.local/lib/python3.7/site-packages/airflow/example_dags/example_branch_labels.py
[2023-08-26T17:07:06.297+0000] {processor.py:766} INFO - DAG(s) dict_keys(['example_branch_labels']) retrieved from /home/airflow/.local/lib/python3.7/site-packages/airflow/example_dags/example_branch_labels.py
[2023-08-26T17:07:06.331+0000] {logging_mixin.py:120} INFO - [2023-08-26T17:07:06.331+0000] {dag.py:2585} INFO - Sync 1 DAGs
[2023-08-26T17:07:06.346+0000] {logging_mixin.py:120} INFO - [2023-08-26T17:07:06.346+0000] {dag.py:3340} INFO - Setting next_dagrun for example_branch_labels to 2023-08-25T00:00:00+00:00, run_after=2023-08-26T00:00:00+00:00
[2023-08-26T17:07:06.357+0000] {processor.py:176} INFO - Processing /home/airflow/.local/lib/python3.7/site-packages/airflow/example_dags/example_branch_labels.py took 0.088 seconds
[2023-08-26T17:07:37.386+0000] {processor.py:154} INFO - Started process (PID=529) to work on /home/airflow/.local/lib/python3.7/site-packages/airflow/example_dags/example_branch_labels.py
[2023-08-26T17:07:37.387+0000] {processor.py:756} INFO - Processing file /home/airflow/.local/lib/python3.7/site-packages/airflow/example_dags/example_branch_labels.py for tasks to queue
[2023-08-26T17:07:37.388+0000] {logging_mixin.py:120} INFO - [2023-08-26T17:07:37.388+0000] {dagbag.py:537} INFO - Filling up the DagBag from /home/airflow/.local/lib/python3.7/site-packages/airflow/example_dags/example_branch_labels.py
[2023-08-26T17:07:37.405+0000] {processor.py:766} INFO - DAG(s) dict_keys(['example_branch_labels']) retrieved from /home/airflow/.local/lib/python3.7/site-packages/airflow/example_dags/example_branch_labels.py
[2023-08-26T17:07:37.443+0000] {logging_mixin.py:120} INFO - [2023-08-26T17:07:37.443+0000] {dag.py:2585} INFO - Sync 1 DAGs
[2023-08-26T17:07:37.464+0000] {logging_mixin.py:120} INFO - [2023-08-26T17:07:37.464+0000] {dag.py:3340} INFO - Setting next_dagrun for example_branch_labels to 2023-08-25T00:00:00+00:00, run_after=2023-08-26T00:00:00+00:00
[2023-08-26T17:07:37.480+0000] {processor.py:176} INFO - Processing /home/airflow/.local/lib/python3.7/site-packages/airflow/example_dags/example_branch_labels.py took 0.100 seconds
[2023-08-26T17:08:07.561+0000] {processor.py:154} INFO - Started process (PID=592) to work on /home/airflow/.local/lib/python3.7/site-packages/airflow/example_dags/example_branch_labels.py
[2023-08-26T17:08:07.562+0000] {processor.py:756} INFO - Processing file /home/airflow/.local/lib/python3.7/site-packages/airflow/example_dags/example_branch_labels.py for tasks to queue
[2023-08-26T17:08:07.563+0000] {logging_mixin.py:120} INFO - [2023-08-26T17:08:07.563+0000] {dagbag.py:537} INFO - Filling up the DagBag from /home/airflow/.local/lib/python3.7/site-packages/airflow/example_dags/example_branch_labels.py
[2023-08-26T17:08:07.582+0000] {processor.py:766} INFO - DAG(s) dict_keys(['example_branch_labels']) retrieved from /home/airflow/.local/lib/python3.7/site-packages/airflow/example_dags/example_branch_labels.py
[2023-08-26T17:08:07.616+0000] {logging_mixin.py:120} INFO - [2023-08-26T17:08:07.616+0000] {dag.py:2585} INFO - Sync 1 DAGs
[2023-08-26T17:08:07.631+0000] {logging_mixin.py:120} INFO - [2023-08-26T17:08:07.631+0000] {dag.py:3340} INFO - Setting next_dagrun for example_branch_labels to 2023-08-25T00:00:00+00:00, run_after=2023-08-26T00:00:00+00:00
[2023-08-26T17:08:07.642+0000] {processor.py:176} INFO - Processing /home/airflow/.local/lib/python3.7/site-packages/airflow/example_dags/example_branch_labels.py took 0.087 seconds
[2023-08-26T17:08:38.500+0000] {processor.py:154} INFO - Started process (PID=655) to work on /home/airflow/.local/lib/python3.7/site-packages/airflow/example_dags/example_branch_labels.py
[2023-08-26T17:08:38.501+0000] {processor.py:756} INFO - Processing file /home/airflow/.local/lib/python3.7/site-packages/airflow/example_dags/example_branch_labels.py for tasks to queue
[2023-08-26T17:08:38.502+0000] {logging_mixin.py:120} INFO - [2023-08-26T17:08:38.502+0000] {dagbag.py:537} INFO - Filling up the DagBag from /home/airflow/.local/lib/python3.7/site-packages/airflow/example_dags/example_branch_labels.py
[2023-08-26T17:08:38.512+0000] {processor.py:766} INFO - DAG(s) dict_keys(['example_branch_labels']) retrieved from /home/airflow/.local/lib/python3.7/site-packages/airflow/example_dags/example_branch_labels.py
[2023-08-26T17:08:38.543+0000] {logging_mixin.py:120} INFO - [2023-08-26T17:08:38.543+0000] {dag.py:2585} INFO - Sync 1 DAGs
[2023-08-26T17:08:38.562+0000] {logging_mixin.py:120} INFO - [2023-08-26T17:08:38.562+0000] {dag.py:3340} INFO - Setting next_dagrun for example_branch_labels to 2023-08-25T00:00:00+00:00, run_after=2023-08-26T00:00:00+00:00
[2023-08-26T17:08:38.574+0000] {processor.py:176} INFO - Processing /home/airflow/.local/lib/python3.7/site-packages/airflow/example_dags/example_branch_labels.py took 0.075 seconds
[2023-08-26T17:09:08.655+0000] {processor.py:154} INFO - Started process (PID=708) to work on /home/airflow/.local/lib/python3.7/site-packages/airflow/example_dags/example_branch_labels.py
[2023-08-26T17:09:08.656+0000] {processor.py:756} INFO - Processing file /home/airflow/.local/lib/python3.7/site-packages/airflow/example_dags/example_branch_labels.py for tasks to queue
[2023-08-26T17:09:08.657+0000] {logging_mixin.py:120} INFO - [2023-08-26T17:09:08.657+0000] {dagbag.py:537} INFO - Filling up the DagBag from /home/airflow/.local/lib/python3.7/site-packages/airflow/example_dags/example_branch_labels.py
[2023-08-26T17:09:08.675+0000] {processor.py:766} INFO - DAG(s) dict_keys(['example_branch_labels']) retrieved from /home/airflow/.local/lib/python3.7/site-packages/airflow/example_dags/example_branch_labels.py
[2023-08-26T17:09:08.709+0000] {logging_mixin.py:120} INFO - [2023-08-26T17:09:08.709+0000] {dag.py:2585} INFO - Sync 1 DAGs
[2023-08-26T17:09:08.724+0000] {logging_mixin.py:120} INFO - [2023-08-26T17:09:08.724+0000] {dag.py:3340} INFO - Setting next_dagrun for example_branch_labels to 2023-08-25T00:00:00+00:00, run_after=2023-08-26T00:00:00+00:00
[2023-08-26T17:09:08.734+0000] {processor.py:176} INFO - Processing /home/airflow/.local/lib/python3.7/site-packages/airflow/example_dags/example_branch_labels.py took 0.084 seconds
[2023-08-26T17:09:38.975+0000] {processor.py:154} INFO - Started process (PID=771) to work on /home/airflow/.local/lib/python3.7/site-packages/airflow/example_dags/example_branch_labels.py
[2023-08-26T17:09:38.977+0000] {processor.py:756} INFO - Processing file /home/airflow/.local/lib/python3.7/site-packages/airflow/example_dags/example_branch_labels.py for tasks to queue
[2023-08-26T17:09:38.978+0000] {logging_mixin.py:120} INFO - [2023-08-26T17:09:38.978+0000] {dagbag.py:537} INFO - Filling up the DagBag from /home/airflow/.local/lib/python3.7/site-packages/airflow/example_dags/example_branch_labels.py
[2023-08-26T17:09:39.001+0000] {processor.py:766} INFO - DAG(s) dict_keys(['example_branch_labels']) retrieved from /home/airflow/.local/lib/python3.7/site-packages/airflow/example_dags/example_branch_labels.py
[2023-08-26T17:09:39.040+0000] {logging_mixin.py:120} INFO - [2023-08-26T17:09:39.040+0000] {dag.py:2585} INFO - Sync 1 DAGs
[2023-08-26T17:09:39.057+0000] {logging_mixin.py:120} INFO - [2023-08-26T17:09:39.057+0000] {dag.py:3340} INFO - Setting next_dagrun for example_branch_labels to 2023-08-25T00:00:00+00:00, run_after=2023-08-26T00:00:00+00:00
[2023-08-26T17:09:39.069+0000] {processor.py:176} INFO - Processing /home/airflow/.local/lib/python3.7/site-packages/airflow/example_dags/example_branch_labels.py took 0.100 seconds
[2023-08-26T17:10:09.185+0000] {processor.py:154} INFO - Started process (PID=834) to work on /home/airflow/.local/lib/python3.7/site-packages/airflow/example_dags/example_branch_labels.py
[2023-08-26T17:10:09.187+0000] {processor.py:756} INFO - Processing file /home/airflow/.local/lib/python3.7/site-packages/airflow/example_dags/example_branch_labels.py for tasks to queue
[2023-08-26T17:10:09.188+0000] {logging_mixin.py:120} INFO - [2023-08-26T17:10:09.188+0000] {dagbag.py:537} INFO - Filling up the DagBag from /home/airflow/.local/lib/python3.7/site-packages/airflow/example_dags/example_branch_labels.py
[2023-08-26T17:10:09.208+0000] {processor.py:766} INFO - DAG(s) dict_keys(['example_branch_labels']) retrieved from /home/airflow/.local/lib/python3.7/site-packages/airflow/example_dags/example_branch_labels.py
[2023-08-26T17:10:09.245+0000] {logging_mixin.py:120} INFO - [2023-08-26T17:10:09.245+0000] {dag.py:2585} INFO - Sync 1 DAGs
[2023-08-26T17:10:09.260+0000] {logging_mixin.py:120} INFO - [2023-08-26T17:10:09.260+0000] {dag.py:3340} INFO - Setting next_dagrun for example_branch_labels to 2023-08-25T00:00:00+00:00, run_after=2023-08-26T00:00:00+00:00
[2023-08-26T17:10:09.272+0000] {processor.py:176} INFO - Processing /home/airflow/.local/lib/python3.7/site-packages/airflow/example_dags/example_branch_labels.py took 0.089 seconds
[2023-08-26T17:10:39.352+0000] {processor.py:154} INFO - Started process (PID=897) to work on /home/airflow/.local/lib/python3.7/site-packages/airflow/example_dags/example_branch_labels.py
[2023-08-26T17:10:39.354+0000] {processor.py:756} INFO - Processing file /home/airflow/.local/lib/python3.7/site-packages/airflow/example_dags/example_branch_labels.py for tasks to queue
[2023-08-26T17:10:39.355+0000] {logging_mixin.py:120} INFO - [2023-08-26T17:10:39.355+0000] {dagbag.py:537} INFO - Filling up the DagBag from /home/airflow/.local/lib/python3.7/site-packages/airflow/example_dags/example_branch_labels.py
[2023-08-26T17:10:39.380+0000] {processor.py:766} INFO - DAG(s) dict_keys(['example_branch_labels']) retrieved from /home/airflow/.local/lib/python3.7/site-packages/airflow/example_dags/example_branch_labels.py
[2023-08-26T17:10:39.418+0000] {logging_mixin.py:120} INFO - [2023-08-26T17:10:39.418+0000] {dag.py:2585} INFO - Sync 1 DAGs
[2023-08-26T17:10:39.435+0000] {logging_mixin.py:120} INFO - [2023-08-26T17:10:39.435+0000] {dag.py:3340} INFO - Setting next_dagrun for example_branch_labels to 2023-08-25T00:00:00+00:00, run_after=2023-08-26T00:00:00+00:00
[2023-08-26T17:10:39.446+0000] {processor.py:176} INFO - Processing /home/airflow/.local/lib/python3.7/site-packages/airflow/example_dags/example_branch_labels.py took 0.100 seconds
[2023-08-26T17:11:09.601+0000] {processor.py:154} INFO - Started process (PID=960) to work on /home/airflow/.local/lib/python3.7/site-packages/airflow/example_dags/example_branch_labels.py
[2023-08-26T17:11:09.603+0000] {processor.py:756} INFO - Processing file /home/airflow/.local/lib/python3.7/site-packages/airflow/example_dags/example_branch_labels.py for tasks to queue
[2023-08-26T17:11:09.604+0000] {logging_mixin.py:120} INFO - [2023-08-26T17:11:09.604+0000] {dagbag.py:537} INFO - Filling up the DagBag from /home/airflow/.local/lib/python3.7/site-packages/airflow/example_dags/example_branch_labels.py
[2023-08-26T17:11:09.621+0000] {processor.py:766} INFO - DAG(s) dict_keys(['example_branch_labels']) retrieved from /home/airflow/.local/lib/python3.7/site-packages/airflow/example_dags/example_branch_labels.py
[2023-08-26T17:11:09.654+0000] {logging_mixin.py:120} INFO - [2023-08-26T17:11:09.654+0000] {dag.py:2585} INFO - Sync 1 DAGs
[2023-08-26T17:11:09.669+0000] {logging_mixin.py:120} INFO - [2023-08-26T17:11:09.669+0000] {dag.py:3340} INFO - Setting next_dagrun for example_branch_labels to 2023-08-25T00:00:00+00:00, run_after=2023-08-26T00:00:00+00:00
[2023-08-26T17:11:09.679+0000] {processor.py:176} INFO - Processing /home/airflow/.local/lib/python3.7/site-packages/airflow/example_dags/example_branch_labels.py took 0.083 seconds
[2023-08-26T17:11:39.710+0000] {processor.py:154} INFO - Started process (PID=1014) to work on /home/airflow/.local/lib/python3.7/site-packages/airflow/example_dags/example_branch_labels.py
[2023-08-26T17:11:39.712+0000] {processor.py:756} INFO - Processing file /home/airflow/.local/lib/python3.7/site-packages/airflow/example_dags/example_branch_labels.py for tasks to queue
[2023-08-26T17:11:39.712+0000] {logging_mixin.py:120} INFO - [2023-08-26T17:11:39.712+0000] {dagbag.py:537} INFO - Filling up the DagBag from /home/airflow/.local/lib/python3.7/site-packages/airflow/example_dags/example_branch_labels.py
[2023-08-26T17:11:39.730+0000] {processor.py:766} INFO - DAG(s) dict_keys(['example_branch_labels']) retrieved from /home/airflow/.local/lib/python3.7/site-packages/airflow/example_dags/example_branch_labels.py
[2023-08-26T17:11:39.764+0000] {logging_mixin.py:120} INFO - [2023-08-26T17:11:39.764+0000] {dag.py:2585} INFO - Sync 1 DAGs
[2023-08-26T17:11:39.779+0000] {logging_mixin.py:120} INFO - [2023-08-26T17:11:39.779+0000] {dag.py:3340} INFO - Setting next_dagrun for example_branch_labels to 2023-08-25T00:00:00+00:00, run_after=2023-08-26T00:00:00+00:00
[2023-08-26T17:11:39.789+0000] {processor.py:176} INFO - Processing /home/airflow/.local/lib/python3.7/site-packages/airflow/example_dags/example_branch_labels.py took 0.083 seconds
[2023-08-26T17:12:10.676+0000] {processor.py:154} INFO - Started process (PID=1076) to work on /home/airflow/.local/lib/python3.7/site-packages/airflow/example_dags/example_branch_labels.py
[2023-08-26T17:12:10.678+0000] {processor.py:756} INFO - Processing file /home/airflow/.local/lib/python3.7/site-packages/airflow/example_dags/example_branch_labels.py for tasks to queue
[2023-08-26T17:12:10.679+0000] {logging_mixin.py:120} INFO - [2023-08-26T17:12:10.679+0000] {dagbag.py:537} INFO - Filling up the DagBag from /home/airflow/.local/lib/python3.7/site-packages/airflow/example_dags/example_branch_labels.py
[2023-08-26T17:12:10.704+0000] {processor.py:766} INFO - DAG(s) dict_keys(['example_branch_labels']) retrieved from /home/airflow/.local/lib/python3.7/site-packages/airflow/example_dags/example_branch_labels.py
[2023-08-26T17:12:10.750+0000] {logging_mixin.py:120} INFO - [2023-08-26T17:12:10.750+0000] {dag.py:2585} INFO - Sync 1 DAGs
[2023-08-26T17:12:10.769+0000] {logging_mixin.py:120} INFO - [2023-08-26T17:12:10.769+0000] {dag.py:3340} INFO - Setting next_dagrun for example_branch_labels to 2023-08-25T00:00:00+00:00, run_after=2023-08-26T00:00:00+00:00
[2023-08-26T17:12:10.782+0000] {processor.py:176} INFO - Processing /home/airflow/.local/lib/python3.7/site-packages/airflow/example_dags/example_branch_labels.py took 0.113 seconds
[2023-08-26T17:12:41.793+0000] {processor.py:154} INFO - Started process (PID=1145) to work on /home/airflow/.local/lib/python3.7/site-packages/airflow/example_dags/example_branch_labels.py
[2023-08-26T17:12:41.794+0000] {processor.py:756} INFO - Processing file /home/airflow/.local/lib/python3.7/site-packages/airflow/example_dags/example_branch_labels.py for tasks to queue
[2023-08-26T17:12:41.795+0000] {logging_mixin.py:120} INFO - [2023-08-26T17:12:41.795+0000] {dagbag.py:537} INFO - Filling up the DagBag from /home/airflow/.local/lib/python3.7/site-packages/airflow/example_dags/example_branch_labels.py
[2023-08-26T17:12:41.815+0000] {processor.py:766} INFO - DAG(s) dict_keys(['example_branch_labels']) retrieved from /home/airflow/.local/lib/python3.7/site-packages/airflow/example_dags/example_branch_labels.py
[2023-08-26T17:12:41.854+0000] {logging_mixin.py:120} INFO - [2023-08-26T17:12:41.854+0000] {dag.py:2585} INFO - Sync 1 DAGs
[2023-08-26T17:12:41.872+0000] {logging_mixin.py:120} INFO - [2023-08-26T17:12:41.872+0000] {dag.py:3340} INFO - Setting next_dagrun for example_branch_labels to 2023-08-25T00:00:00+00:00, run_after=2023-08-26T00:00:00+00:00
[2023-08-26T17:12:41.883+0000] {processor.py:176} INFO - Processing /home/airflow/.local/lib/python3.7/site-packages/airflow/example_dags/example_branch_labels.py took 0.094 seconds
[2023-08-26T17:13:11.982+0000] {processor.py:154} INFO - Started process (PID=1208) to work on /home/airflow/.local/lib/python3.7/site-packages/airflow/example_dags/example_branch_labels.py
[2023-08-26T17:13:11.984+0000] {processor.py:756} INFO - Processing file /home/airflow/.local/lib/python3.7/site-packages/airflow/example_dags/example_branch_labels.py for tasks to queue
[2023-08-26T17:13:11.985+0000] {logging_mixin.py:120} INFO - [2023-08-26T17:13:11.985+0000] {dagbag.py:537} INFO - Filling up the DagBag from /home/airflow/.local/lib/python3.7/site-packages/airflow/example_dags/example_branch_labels.py
[2023-08-26T17:13:12.005+0000] {processor.py:766} INFO - DAG(s) dict_keys(['example_branch_labels']) retrieved from /home/airflow/.local/lib/python3.7/site-packages/airflow/example_dags/example_branch_labels.py
[2023-08-26T17:13:12.043+0000] {logging_mixin.py:120} INFO - [2023-08-26T17:13:12.043+0000] {dag.py:2585} INFO - Sync 1 DAGs
[2023-08-26T17:13:12.060+0000] {logging_mixin.py:120} INFO - [2023-08-26T17:13:12.060+0000] {dag.py:3340} INFO - Setting next_dagrun for example_branch_labels to 2023-08-25T00:00:00+00:00, run_after=2023-08-26T00:00:00+00:00
[2023-08-26T17:13:12.073+0000] {processor.py:176} INFO - Processing /home/airflow/.local/lib/python3.7/site-packages/airflow/example_dags/example_branch_labels.py took 0.096 seconds
[2023-08-26T17:13:42.370+0000] {processor.py:154} INFO - Started process (PID=1271) to work on /home/airflow/.local/lib/python3.7/site-packages/airflow/example_dags/example_branch_labels.py
[2023-08-26T17:13:42.371+0000] {processor.py:756} INFO - Processing file /home/airflow/.local/lib/python3.7/site-packages/airflow/example_dags/example_branch_labels.py for tasks to queue
[2023-08-26T17:13:42.372+0000] {logging_mixin.py:120} INFO - [2023-08-26T17:13:42.372+0000] {dagbag.py:537} INFO - Filling up the DagBag from /home/airflow/.local/lib/python3.7/site-packages/airflow/example_dags/example_branch_labels.py
[2023-08-26T17:13:42.387+0000] {processor.py:766} INFO - DAG(s) dict_keys(['example_branch_labels']) retrieved from /home/airflow/.local/lib/python3.7/site-packages/airflow/example_dags/example_branch_labels.py
[2023-08-26T17:13:42.424+0000] {logging_mixin.py:120} INFO - [2023-08-26T17:13:42.424+0000] {dag.py:2585} INFO - Sync 1 DAGs
[2023-08-26T17:13:42.441+0000] {logging_mixin.py:120} INFO - [2023-08-26T17:13:42.441+0000] {dag.py:3340} INFO - Setting next_dagrun for example_branch_labels to 2023-08-25T00:00:00+00:00, run_after=2023-08-26T00:00:00+00:00
[2023-08-26T17:13:42.453+0000] {processor.py:176} INFO - Processing /home/airflow/.local/lib/python3.7/site-packages/airflow/example_dags/example_branch_labels.py took 0.086 seconds
[2023-08-26T17:14:13.485+0000] {processor.py:154} INFO - Started process (PID=1334) to work on /home/airflow/.local/lib/python3.7/site-packages/airflow/example_dags/example_branch_labels.py
[2023-08-26T17:14:13.486+0000] {processor.py:756} INFO - Processing file /home/airflow/.local/lib/python3.7/site-packages/airflow/example_dags/example_branch_labels.py for tasks to queue
[2023-08-26T17:14:13.487+0000] {logging_mixin.py:120} INFO - [2023-08-26T17:14:13.487+0000] {dagbag.py:537} INFO - Filling up the DagBag from /home/airflow/.local/lib/python3.7/site-packages/airflow/example_dags/example_branch_labels.py
[2023-08-26T17:14:13.506+0000] {processor.py:766} INFO - DAG(s) dict_keys(['example_branch_labels']) retrieved from /home/airflow/.local/lib/python3.7/site-packages/airflow/example_dags/example_branch_labels.py
[2023-08-26T17:14:13.541+0000] {logging_mixin.py:120} INFO - [2023-08-26T17:14:13.541+0000] {dag.py:2585} INFO - Sync 1 DAGs
[2023-08-26T17:14:13.558+0000] {logging_mixin.py:120} INFO - [2023-08-26T17:14:13.558+0000] {dag.py:3340} INFO - Setting next_dagrun for example_branch_labels to 2023-08-25T00:00:00+00:00, run_after=2023-08-26T00:00:00+00:00
[2023-08-26T17:14:13.569+0000] {processor.py:176} INFO - Processing /home/airflow/.local/lib/python3.7/site-packages/airflow/example_dags/example_branch_labels.py took 0.089 seconds
[2023-08-26T17:14:44.559+0000] {processor.py:154} INFO - Started process (PID=1399) to work on /home/airflow/.local/lib/python3.7/site-packages/airflow/example_dags/example_branch_labels.py
[2023-08-26T17:14:44.560+0000] {processor.py:756} INFO - Processing file /home/airflow/.local/lib/python3.7/site-packages/airflow/example_dags/example_branch_labels.py for tasks to queue
[2023-08-26T17:14:44.561+0000] {logging_mixin.py:120} INFO - [2023-08-26T17:14:44.561+0000] {dagbag.py:537} INFO - Filling up the DagBag from /home/airflow/.local/lib/python3.7/site-packages/airflow/example_dags/example_branch_labels.py
[2023-08-26T17:14:44.582+0000] {processor.py:766} INFO - DAG(s) dict_keys(['example_branch_labels']) retrieved from /home/airflow/.local/lib/python3.7/site-packages/airflow/example_dags/example_branch_labels.py
[2023-08-26T17:14:44.622+0000] {logging_mixin.py:120} INFO - [2023-08-26T17:14:44.622+0000] {dag.py:2585} INFO - Sync 1 DAGs
[2023-08-26T17:14:44.642+0000] {logging_mixin.py:120} INFO - [2023-08-26T17:14:44.642+0000] {dag.py:3340} INFO - Setting next_dagrun for example_branch_labels to 2023-08-25T00:00:00+00:00, run_after=2023-08-26T00:00:00+00:00
[2023-08-26T17:14:44.657+0000] {processor.py:176} INFO - Processing /home/airflow/.local/lib/python3.7/site-packages/airflow/example_dags/example_branch_labels.py took 0.102 seconds
[2023-08-26T17:15:14.766+0000] {processor.py:154} INFO - Started process (PID=1453) to work on /home/airflow/.local/lib/python3.7/site-packages/airflow/example_dags/example_branch_labels.py
[2023-08-26T17:15:14.767+0000] {processor.py:756} INFO - Processing file /home/airflow/.local/lib/python3.7/site-packages/airflow/example_dags/example_branch_labels.py for tasks to queue
[2023-08-26T17:15:14.768+0000] {logging_mixin.py:120} INFO - [2023-08-26T17:15:14.768+0000] {dagbag.py:537} INFO - Filling up the DagBag from /home/airflow/.local/lib/python3.7/site-packages/airflow/example_dags/example_branch_labels.py
[2023-08-26T17:15:14.788+0000] {processor.py:766} INFO - DAG(s) dict_keys(['example_branch_labels']) retrieved from /home/airflow/.local/lib/python3.7/site-packages/airflow/example_dags/example_branch_labels.py
[2023-08-26T17:15:14.827+0000] {logging_mixin.py:120} INFO - [2023-08-26T17:15:14.827+0000] {dag.py:2585} INFO - Sync 1 DAGs
[2023-08-26T17:15:14.844+0000] {logging_mixin.py:120} INFO - [2023-08-26T17:15:14.844+0000] {dag.py:3340} INFO - Setting next_dagrun for example_branch_labels to 2023-08-25T00:00:00+00:00, run_after=2023-08-26T00:00:00+00:00
[2023-08-26T17:15:14.856+0000] {processor.py:176} INFO - Processing /home/airflow/.local/lib/python3.7/site-packages/airflow/example_dags/example_branch_labels.py took 0.095 seconds
[2023-08-26T17:15:44.903+0000] {processor.py:154} INFO - Started process (PID=1517) to work on /home/airflow/.local/lib/python3.7/site-packages/airflow/example_dags/example_branch_labels.py
[2023-08-26T17:15:44.905+0000] {processor.py:756} INFO - Processing file /home/airflow/.local/lib/python3.7/site-packages/airflow/example_dags/example_branch_labels.py for tasks to queue
[2023-08-26T17:15:44.906+0000] {logging_mixin.py:120} INFO - [2023-08-26T17:15:44.906+0000] {dagbag.py:537} INFO - Filling up the DagBag from /home/airflow/.local/lib/python3.7/site-packages/airflow/example_dags/example_branch_labels.py
[2023-08-26T17:15:44.934+0000] {processor.py:766} INFO - DAG(s) dict_keys(['example_branch_labels']) retrieved from /home/airflow/.local/lib/python3.7/site-packages/airflow/example_dags/example_branch_labels.py
[2023-08-26T17:15:44.989+0000] {logging_mixin.py:120} INFO - [2023-08-26T17:15:44.989+0000] {dag.py:2585} INFO - Sync 1 DAGs
[2023-08-26T17:15:45.005+0000] {logging_mixin.py:120} INFO - [2023-08-26T17:15:45.005+0000] {dag.py:3340} INFO - Setting next_dagrun for example_branch_labels to 2023-08-25T00:00:00+00:00, run_after=2023-08-26T00:00:00+00:00
[2023-08-26T17:15:45.016+0000] {processor.py:176} INFO - Processing /home/airflow/.local/lib/python3.7/site-packages/airflow/example_dags/example_branch_labels.py took 0.119 seconds
[2023-08-26T17:16:15.082+0000] {processor.py:154} INFO - Started process (PID=1580) to work on /home/airflow/.local/lib/python3.7/site-packages/airflow/example_dags/example_branch_labels.py
[2023-08-26T17:16:15.085+0000] {processor.py:756} INFO - Processing file /home/airflow/.local/lib/python3.7/site-packages/airflow/example_dags/example_branch_labels.py for tasks to queue
[2023-08-26T17:16:15.086+0000] {logging_mixin.py:120} INFO - [2023-08-26T17:16:15.086+0000] {dagbag.py:537} INFO - Filling up the DagBag from /home/airflow/.local/lib/python3.7/site-packages/airflow/example_dags/example_branch_labels.py
[2023-08-26T17:16:15.107+0000] {processor.py:766} INFO - DAG(s) dict_keys(['example_branch_labels']) retrieved from /home/airflow/.local/lib/python3.7/site-packages/airflow/example_dags/example_branch_labels.py
[2023-08-26T17:16:15.144+0000] {logging_mixin.py:120} INFO - [2023-08-26T17:16:15.144+0000] {dag.py:2585} INFO - Sync 1 DAGs
[2023-08-26T17:16:15.160+0000] {logging_mixin.py:120} INFO - [2023-08-26T17:16:15.160+0000] {dag.py:3340} INFO - Setting next_dagrun for example_branch_labels to 2023-08-25T00:00:00+00:00, run_after=2023-08-26T00:00:00+00:00
[2023-08-26T17:16:15.172+0000] {processor.py:176} INFO - Processing /home/airflow/.local/lib/python3.7/site-packages/airflow/example_dags/example_branch_labels.py took 0.095 seconds
[2023-08-26T17:16:46.033+0000] {processor.py:154} INFO - Started process (PID=1643) to work on /home/airflow/.local/lib/python3.7/site-packages/airflow/example_dags/example_branch_labels.py
[2023-08-26T17:16:46.037+0000] {processor.py:756} INFO - Processing file /home/airflow/.local/lib/python3.7/site-packages/airflow/example_dags/example_branch_labels.py for tasks to queue
[2023-08-26T17:16:46.038+0000] {logging_mixin.py:120} INFO - [2023-08-26T17:16:46.038+0000] {dagbag.py:537} INFO - Filling up the DagBag from /home/airflow/.local/lib/python3.7/site-packages/airflow/example_dags/example_branch_labels.py
[2023-08-26T17:16:46.052+0000] {processor.py:766} INFO - DAG(s) dict_keys(['example_branch_labels']) retrieved from /home/airflow/.local/lib/python3.7/site-packages/airflow/example_dags/example_branch_labels.py
[2023-08-26T17:16:46.091+0000] {logging_mixin.py:120} INFO - [2023-08-26T17:16:46.091+0000] {dag.py:2585} INFO - Sync 1 DAGs
[2023-08-26T17:16:46.117+0000] {logging_mixin.py:120} INFO - [2023-08-26T17:16:46.116+0000] {dag.py:3340} INFO - Setting next_dagrun for example_branch_labels to 2023-08-25T00:00:00+00:00, run_after=2023-08-26T00:00:00+00:00
[2023-08-26T17:16:46.130+0000] {processor.py:176} INFO - Processing /home/airflow/.local/lib/python3.7/site-packages/airflow/example_dags/example_branch_labels.py took 0.101 seconds
[2023-08-26T17:17:17.117+0000] {processor.py:154} INFO - Started process (PID=1707) to work on /home/airflow/.local/lib/python3.7/site-packages/airflow/example_dags/example_branch_labels.py
[2023-08-26T17:17:17.119+0000] {processor.py:756} INFO - Processing file /home/airflow/.local/lib/python3.7/site-packages/airflow/example_dags/example_branch_labels.py for tasks to queue
[2023-08-26T17:17:17.120+0000] {logging_mixin.py:120} INFO - [2023-08-26T17:17:17.120+0000] {dagbag.py:537} INFO - Filling up the DagBag from /home/airflow/.local/lib/python3.7/site-packages/airflow/example_dags/example_branch_labels.py
[2023-08-26T17:17:17.134+0000] {processor.py:766} INFO - DAG(s) dict_keys(['example_branch_labels']) retrieved from /home/airflow/.local/lib/python3.7/site-packages/airflow/example_dags/example_branch_labels.py
[2023-08-26T17:17:17.167+0000] {logging_mixin.py:120} INFO - [2023-08-26T17:17:17.167+0000] {dag.py:2585} INFO - Sync 1 DAGs
[2023-08-26T17:17:17.184+0000] {logging_mixin.py:120} INFO - [2023-08-26T17:17:17.184+0000] {dag.py:3340} INFO - Setting next_dagrun for example_branch_labels to 2023-08-25T00:00:00+00:00, run_after=2023-08-26T00:00:00+00:00
[2023-08-26T17:17:17.197+0000] {processor.py:176} INFO - Processing /home/airflow/.local/lib/python3.7/site-packages/airflow/example_dags/example_branch_labels.py took 0.084 seconds
[2023-08-26T17:17:47.316+0000] {processor.py:154} INFO - Started process (PID=1769) to work on /home/airflow/.local/lib/python3.7/site-packages/airflow/example_dags/example_branch_labels.py
[2023-08-26T17:17:47.318+0000] {processor.py:756} INFO - Processing file /home/airflow/.local/lib/python3.7/site-packages/airflow/example_dags/example_branch_labels.py for tasks to queue
[2023-08-26T17:17:47.318+0000] {logging_mixin.py:120} INFO - [2023-08-26T17:17:47.318+0000] {dagbag.py:537} INFO - Filling up the DagBag from /home/airflow/.local/lib/python3.7/site-packages/airflow/example_dags/example_branch_labels.py
[2023-08-26T17:17:47.340+0000] {processor.py:766} INFO - DAG(s) dict_keys(['example_branch_labels']) retrieved from /home/airflow/.local/lib/python3.7/site-packages/airflow/example_dags/example_branch_labels.py
[2023-08-26T17:17:47.383+0000] {logging_mixin.py:120} INFO - [2023-08-26T17:17:47.383+0000] {dag.py:2585} INFO - Sync 1 DAGs
[2023-08-26T17:17:47.399+0000] {logging_mixin.py:120} INFO - [2023-08-26T17:17:47.399+0000] {dag.py:3340} INFO - Setting next_dagrun for example_branch_labels to 2023-08-25T00:00:00+00:00, run_after=2023-08-26T00:00:00+00:00
[2023-08-26T17:17:47.410+0000] {processor.py:176} INFO - Processing /home/airflow/.local/lib/python3.7/site-packages/airflow/example_dags/example_branch_labels.py took 0.098 seconds
[2023-08-26T17:18:18.346+0000] {processor.py:154} INFO - Started process (PID=1823) to work on /home/airflow/.local/lib/python3.7/site-packages/airflow/example_dags/example_branch_labels.py
[2023-08-26T17:18:18.349+0000] {processor.py:756} INFO - Processing file /home/airflow/.local/lib/python3.7/site-packages/airflow/example_dags/example_branch_labels.py for tasks to queue
[2023-08-26T17:18:18.350+0000] {logging_mixin.py:120} INFO - [2023-08-26T17:18:18.350+0000] {dagbag.py:537} INFO - Filling up the DagBag from /home/airflow/.local/lib/python3.7/site-packages/airflow/example_dags/example_branch_labels.py
[2023-08-26T17:18:18.370+0000] {processor.py:766} INFO - DAG(s) dict_keys(['example_branch_labels']) retrieved from /home/airflow/.local/lib/python3.7/site-packages/airflow/example_dags/example_branch_labels.py
[2023-08-26T17:18:18.409+0000] {logging_mixin.py:120} INFO - [2023-08-26T17:18:18.409+0000] {dag.py:2585} INFO - Sync 1 DAGs
[2023-08-26T17:18:18.426+0000] {logging_mixin.py:120} INFO - [2023-08-26T17:18:18.426+0000] {dag.py:3340} INFO - Setting next_dagrun for example_branch_labels to 2023-08-25T00:00:00+00:00, run_after=2023-08-26T00:00:00+00:00
[2023-08-26T17:18:18.440+0000] {processor.py:176} INFO - Processing /home/airflow/.local/lib/python3.7/site-packages/airflow/example_dags/example_branch_labels.py took 0.100 seconds
[2023-08-26T17:18:48.584+0000] {processor.py:154} INFO - Started process (PID=1885) to work on /home/airflow/.local/lib/python3.7/site-packages/airflow/example_dags/example_branch_labels.py
[2023-08-26T17:18:48.587+0000] {processor.py:756} INFO - Processing file /home/airflow/.local/lib/python3.7/site-packages/airflow/example_dags/example_branch_labels.py for tasks to queue
[2023-08-26T17:18:48.588+0000] {logging_mixin.py:120} INFO - [2023-08-26T17:18:48.588+0000] {dagbag.py:537} INFO - Filling up the DagBag from /home/airflow/.local/lib/python3.7/site-packages/airflow/example_dags/example_branch_labels.py
[2023-08-26T17:18:48.611+0000] {processor.py:766} INFO - DAG(s) dict_keys(['example_branch_labels']) retrieved from /home/airflow/.local/lib/python3.7/site-packages/airflow/example_dags/example_branch_labels.py
[2023-08-26T17:18:48.650+0000] {logging_mixin.py:120} INFO - [2023-08-26T17:18:48.650+0000] {dag.py:2585} INFO - Sync 1 DAGs
[2023-08-26T17:18:48.669+0000] {logging_mixin.py:120} INFO - [2023-08-26T17:18:48.669+0000] {dag.py:3340} INFO - Setting next_dagrun for example_branch_labels to 2023-08-25T00:00:00+00:00, run_after=2023-08-26T00:00:00+00:00
[2023-08-26T17:18:48.681+0000] {processor.py:176} INFO - Processing /home/airflow/.local/lib/python3.7/site-packages/airflow/example_dags/example_branch_labels.py took 0.103 seconds
[2023-08-26T17:19:18.968+0000] {processor.py:154} INFO - Started process (PID=1948) to work on /home/airflow/.local/lib/python3.7/site-packages/airflow/example_dags/example_branch_labels.py
[2023-08-26T17:19:18.969+0000] {processor.py:756} INFO - Processing file /home/airflow/.local/lib/python3.7/site-packages/airflow/example_dags/example_branch_labels.py for tasks to queue
[2023-08-26T17:19:18.971+0000] {logging_mixin.py:120} INFO - [2023-08-26T17:19:18.971+0000] {dagbag.py:537} INFO - Filling up the DagBag from /home/airflow/.local/lib/python3.7/site-packages/airflow/example_dags/example_branch_labels.py
[2023-08-26T17:19:19.002+0000] {processor.py:766} INFO - DAG(s) dict_keys(['example_branch_labels']) retrieved from /home/airflow/.local/lib/python3.7/site-packages/airflow/example_dags/example_branch_labels.py
[2023-08-26T17:19:19.048+0000] {logging_mixin.py:120} INFO - [2023-08-26T17:19:19.048+0000] {dag.py:2585} INFO - Sync 1 DAGs
[2023-08-26T17:19:19.068+0000] {logging_mixin.py:120} INFO - [2023-08-26T17:19:19.067+0000] {dag.py:3340} INFO - Setting next_dagrun for example_branch_labels to 2023-08-25T00:00:00+00:00, run_after=2023-08-26T00:00:00+00:00
[2023-08-26T17:19:19.080+0000] {processor.py:176} INFO - Processing /home/airflow/.local/lib/python3.7/site-packages/airflow/example_dags/example_branch_labels.py took 0.117 seconds
[2023-08-26T17:19:50.115+0000] {processor.py:154} INFO - Started process (PID=2011) to work on /home/airflow/.local/lib/python3.7/site-packages/airflow/example_dags/example_branch_labels.py
[2023-08-26T17:19:50.116+0000] {processor.py:756} INFO - Processing file /home/airflow/.local/lib/python3.7/site-packages/airflow/example_dags/example_branch_labels.py for tasks to queue
[2023-08-26T17:19:50.117+0000] {logging_mixin.py:120} INFO - [2023-08-26T17:19:50.117+0000] {dagbag.py:537} INFO - Filling up the DagBag from /home/airflow/.local/lib/python3.7/site-packages/airflow/example_dags/example_branch_labels.py
[2023-08-26T17:19:50.137+0000] {processor.py:766} INFO - DAG(s) dict_keys(['example_branch_labels']) retrieved from /home/airflow/.local/lib/python3.7/site-packages/airflow/example_dags/example_branch_labels.py
[2023-08-26T17:19:50.177+0000] {logging_mixin.py:120} INFO - [2023-08-26T17:19:50.177+0000] {dag.py:2585} INFO - Sync 1 DAGs
[2023-08-26T17:19:50.194+0000] {logging_mixin.py:120} INFO - [2023-08-26T17:19:50.194+0000] {dag.py:3340} INFO - Setting next_dagrun for example_branch_labels to 2023-08-25T00:00:00+00:00, run_after=2023-08-26T00:00:00+00:00
[2023-08-26T17:19:50.208+0000] {processor.py:176} INFO - Processing /home/airflow/.local/lib/python3.7/site-packages/airflow/example_dags/example_branch_labels.py took 0.100 seconds
[2023-08-26T17:20:21.173+0000] {processor.py:154} INFO - Started process (PID=2074) to work on /home/airflow/.local/lib/python3.7/site-packages/airflow/example_dags/example_branch_labels.py
[2023-08-26T17:20:21.174+0000] {processor.py:756} INFO - Processing file /home/airflow/.local/lib/python3.7/site-packages/airflow/example_dags/example_branch_labels.py for tasks to queue
[2023-08-26T17:20:21.176+0000] {logging_mixin.py:120} INFO - [2023-08-26T17:20:21.176+0000] {dagbag.py:537} INFO - Filling up the DagBag from /home/airflow/.local/lib/python3.7/site-packages/airflow/example_dags/example_branch_labels.py
[2023-08-26T17:20:21.192+0000] {processor.py:766} INFO - DAG(s) dict_keys(['example_branch_labels']) retrieved from /home/airflow/.local/lib/python3.7/site-packages/airflow/example_dags/example_branch_labels.py
[2023-08-26T17:20:21.224+0000] {logging_mixin.py:120} INFO - [2023-08-26T17:20:21.223+0000] {dag.py:2585} INFO - Sync 1 DAGs
[2023-08-26T17:20:21.238+0000] {logging_mixin.py:120} INFO - [2023-08-26T17:20:21.238+0000] {dag.py:3340} INFO - Setting next_dagrun for example_branch_labels to 2023-08-25T00:00:00+00:00, run_after=2023-08-26T00:00:00+00:00
[2023-08-26T17:20:21.249+0000] {processor.py:176} INFO - Processing /home/airflow/.local/lib/python3.7/site-packages/airflow/example_dags/example_branch_labels.py took 0.081 seconds
[2023-08-26T17:20:51.329+0000] {processor.py:154} INFO - Started process (PID=2137) to work on /home/airflow/.local/lib/python3.7/site-packages/airflow/example_dags/example_branch_labels.py
[2023-08-26T17:20:51.332+0000] {processor.py:756} INFO - Processing file /home/airflow/.local/lib/python3.7/site-packages/airflow/example_dags/example_branch_labels.py for tasks to queue
[2023-08-26T17:20:51.333+0000] {logging_mixin.py:120} INFO - [2023-08-26T17:20:51.333+0000] {dagbag.py:537} INFO - Filling up the DagBag from /home/airflow/.local/lib/python3.7/site-packages/airflow/example_dags/example_branch_labels.py
[2023-08-26T17:20:51.367+0000] {processor.py:766} INFO - DAG(s) dict_keys(['example_branch_labels']) retrieved from /home/airflow/.local/lib/python3.7/site-packages/airflow/example_dags/example_branch_labels.py
[2023-08-26T17:20:51.416+0000] {logging_mixin.py:120} INFO - [2023-08-26T17:20:51.416+0000] {dag.py:2585} INFO - Sync 1 DAGs
[2023-08-26T17:20:51.437+0000] {logging_mixin.py:120} INFO - [2023-08-26T17:20:51.437+0000] {dag.py:3340} INFO - Setting next_dagrun for example_branch_labels to 2023-08-25T00:00:00+00:00, run_after=2023-08-26T00:00:00+00:00
[2023-08-26T17:20:51.452+0000] {processor.py:176} INFO - Processing /home/airflow/.local/lib/python3.7/site-packages/airflow/example_dags/example_branch_labels.py took 0.126 seconds
[2023-08-26T17:21:21.617+0000] {processor.py:154} INFO - Started process (PID=2191) to work on /home/airflow/.local/lib/python3.7/site-packages/airflow/example_dags/example_branch_labels.py
[2023-08-26T17:21:21.618+0000] {processor.py:756} INFO - Processing file /home/airflow/.local/lib/python3.7/site-packages/airflow/example_dags/example_branch_labels.py for tasks to queue
[2023-08-26T17:21:21.618+0000] {logging_mixin.py:120} INFO - [2023-08-26T17:21:21.618+0000] {dagbag.py:537} INFO - Filling up the DagBag from /home/airflow/.local/lib/python3.7/site-packages/airflow/example_dags/example_branch_labels.py
[2023-08-26T17:21:21.630+0000] {processor.py:766} INFO - DAG(s) dict_keys(['example_branch_labels']) retrieved from /home/airflow/.local/lib/python3.7/site-packages/airflow/example_dags/example_branch_labels.py
[2023-08-26T17:21:21.671+0000] {logging_mixin.py:120} INFO - [2023-08-26T17:21:21.671+0000] {dag.py:2585} INFO - Sync 1 DAGs
[2023-08-26T17:21:21.690+0000] {logging_mixin.py:120} INFO - [2023-08-26T17:21:21.690+0000] {dag.py:3340} INFO - Setting next_dagrun for example_branch_labels to 2023-08-25T00:00:00+00:00, run_after=2023-08-26T00:00:00+00:00
[2023-08-26T17:21:21.704+0000] {processor.py:176} INFO - Processing /home/airflow/.local/lib/python3.7/site-packages/airflow/example_dags/example_branch_labels.py took 0.090 seconds
[2023-08-26T17:21:52.064+0000] {processor.py:154} INFO - Started process (PID=2254) to work on /home/airflow/.local/lib/python3.7/site-packages/airflow/example_dags/example_branch_labels.py
[2023-08-26T17:21:52.065+0000] {processor.py:756} INFO - Processing file /home/airflow/.local/lib/python3.7/site-packages/airflow/example_dags/example_branch_labels.py for tasks to queue
[2023-08-26T17:21:52.066+0000] {logging_mixin.py:120} INFO - [2023-08-26T17:21:52.066+0000] {dagbag.py:537} INFO - Filling up the DagBag from /home/airflow/.local/lib/python3.7/site-packages/airflow/example_dags/example_branch_labels.py
[2023-08-26T17:21:52.086+0000] {processor.py:766} INFO - DAG(s) dict_keys(['example_branch_labels']) retrieved from /home/airflow/.local/lib/python3.7/site-packages/airflow/example_dags/example_branch_labels.py
[2023-08-26T17:21:52.143+0000] {logging_mixin.py:120} INFO - [2023-08-26T17:21:52.143+0000] {dag.py:2585} INFO - Sync 1 DAGs
[2023-08-26T17:21:52.162+0000] {logging_mixin.py:120} INFO - [2023-08-26T17:21:52.162+0000] {dag.py:3340} INFO - Setting next_dagrun for example_branch_labels to 2023-08-25T00:00:00+00:00, run_after=2023-08-26T00:00:00+00:00
[2023-08-26T17:21:52.178+0000] {processor.py:176} INFO - Processing /home/airflow/.local/lib/python3.7/site-packages/airflow/example_dags/example_branch_labels.py took 0.118 seconds
[2023-08-26T17:22:22.339+0000] {processor.py:154} INFO - Started process (PID=2317) to work on /home/airflow/.local/lib/python3.7/site-packages/airflow/example_dags/example_branch_labels.py
[2023-08-26T17:22:22.340+0000] {processor.py:756} INFO - Processing file /home/airflow/.local/lib/python3.7/site-packages/airflow/example_dags/example_branch_labels.py for tasks to queue
[2023-08-26T17:22:22.341+0000] {logging_mixin.py:120} INFO - [2023-08-26T17:22:22.341+0000] {dagbag.py:537} INFO - Filling up the DagBag from /home/airflow/.local/lib/python3.7/site-packages/airflow/example_dags/example_branch_labels.py
[2023-08-26T17:22:22.355+0000] {processor.py:766} INFO - DAG(s) dict_keys(['example_branch_labels']) retrieved from /home/airflow/.local/lib/python3.7/site-packages/airflow/example_dags/example_branch_labels.py
[2023-08-26T17:22:22.391+0000] {logging_mixin.py:120} INFO - [2023-08-26T17:22:22.391+0000] {dag.py:2585} INFO - Sync 1 DAGs
[2023-08-26T17:22:22.406+0000] {logging_mixin.py:120} INFO - [2023-08-26T17:22:22.406+0000] {dag.py:3340} INFO - Setting next_dagrun for example_branch_labels to 2023-08-25T00:00:00+00:00, run_after=2023-08-26T00:00:00+00:00
[2023-08-26T17:22:22.417+0000] {processor.py:176} INFO - Processing /home/airflow/.local/lib/python3.7/site-packages/airflow/example_dags/example_branch_labels.py took 0.081 seconds
[2023-08-26T17:22:52.554+0000] {processor.py:154} INFO - Started process (PID=2378) to work on /home/airflow/.local/lib/python3.7/site-packages/airflow/example_dags/example_branch_labels.py
[2023-08-26T17:22:52.556+0000] {processor.py:756} INFO - Processing file /home/airflow/.local/lib/python3.7/site-packages/airflow/example_dags/example_branch_labels.py for tasks to queue
[2023-08-26T17:22:52.557+0000] {logging_mixin.py:120} INFO - [2023-08-26T17:22:52.557+0000] {dagbag.py:537} INFO - Filling up the DagBag from /home/airflow/.local/lib/python3.7/site-packages/airflow/example_dags/example_branch_labels.py
[2023-08-26T17:22:52.575+0000] {processor.py:766} INFO - DAG(s) dict_keys(['example_branch_labels']) retrieved from /home/airflow/.local/lib/python3.7/site-packages/airflow/example_dags/example_branch_labels.py
[2023-08-26T17:22:52.620+0000] {logging_mixin.py:120} INFO - [2023-08-26T17:22:52.620+0000] {dag.py:2585} INFO - Sync 1 DAGs
[2023-08-26T17:22:52.640+0000] {logging_mixin.py:120} INFO - [2023-08-26T17:22:52.639+0000] {dag.py:3340} INFO - Setting next_dagrun for example_branch_labels to 2023-08-25T00:00:00+00:00, run_after=2023-08-26T00:00:00+00:00
[2023-08-26T17:22:52.670+0000] {processor.py:176} INFO - Processing /home/airflow/.local/lib/python3.7/site-packages/airflow/example_dags/example_branch_labels.py took 0.120 seconds
[2023-08-26T17:23:22.875+0000] {processor.py:154} INFO - Started process (PID=2441) to work on /home/airflow/.local/lib/python3.7/site-packages/airflow/example_dags/example_branch_labels.py
[2023-08-26T17:23:22.877+0000] {processor.py:756} INFO - Processing file /home/airflow/.local/lib/python3.7/site-packages/airflow/example_dags/example_branch_labels.py for tasks to queue
[2023-08-26T17:23:22.879+0000] {logging_mixin.py:120} INFO - [2023-08-26T17:23:22.879+0000] {dagbag.py:537} INFO - Filling up the DagBag from /home/airflow/.local/lib/python3.7/site-packages/airflow/example_dags/example_branch_labels.py
[2023-08-26T17:23:22.900+0000] {processor.py:766} INFO - DAG(s) dict_keys(['example_branch_labels']) retrieved from /home/airflow/.local/lib/python3.7/site-packages/airflow/example_dags/example_branch_labels.py
[2023-08-26T17:23:22.940+0000] {logging_mixin.py:120} INFO - [2023-08-26T17:23:22.940+0000] {dag.py:2585} INFO - Sync 1 DAGs
[2023-08-26T17:23:22.957+0000] {logging_mixin.py:120} INFO - [2023-08-26T17:23:22.956+0000] {dag.py:3340} INFO - Setting next_dagrun for example_branch_labels to 2023-08-25T00:00:00+00:00, run_after=2023-08-26T00:00:00+00:00
[2023-08-26T17:23:22.967+0000] {processor.py:176} INFO - Processing /home/airflow/.local/lib/python3.7/site-packages/airflow/example_dags/example_branch_labels.py took 0.098 seconds
[2023-08-26T17:23:53.055+0000] {processor.py:154} INFO - Started process (PID=2503) to work on /home/airflow/.local/lib/python3.7/site-packages/airflow/example_dags/example_branch_labels.py
[2023-08-26T17:23:53.056+0000] {processor.py:756} INFO - Processing file /home/airflow/.local/lib/python3.7/site-packages/airflow/example_dags/example_branch_labels.py for tasks to queue
[2023-08-26T17:23:53.057+0000] {logging_mixin.py:120} INFO - [2023-08-26T17:23:53.057+0000] {dagbag.py:537} INFO - Filling up the DagBag from /home/airflow/.local/lib/python3.7/site-packages/airflow/example_dags/example_branch_labels.py
[2023-08-26T17:23:53.074+0000] {processor.py:766} INFO - DAG(s) dict_keys(['example_branch_labels']) retrieved from /home/airflow/.local/lib/python3.7/site-packages/airflow/example_dags/example_branch_labels.py
[2023-08-26T17:23:53.119+0000] {logging_mixin.py:120} INFO - [2023-08-26T17:23:53.119+0000] {dag.py:2585} INFO - Sync 1 DAGs
[2023-08-26T17:23:53.139+0000] {logging_mixin.py:120} INFO - [2023-08-26T17:23:53.139+0000] {dag.py:3340} INFO - Setting next_dagrun for example_branch_labels to 2023-08-25T00:00:00+00:00, run_after=2023-08-26T00:00:00+00:00
[2023-08-26T17:23:53.153+0000] {processor.py:176} INFO - Processing /home/airflow/.local/lib/python3.7/site-packages/airflow/example_dags/example_branch_labels.py took 0.103 seconds
[2023-08-26T17:24:23.301+0000] {processor.py:154} INFO - Started process (PID=2558) to work on /home/airflow/.local/lib/python3.7/site-packages/airflow/example_dags/example_branch_labels.py
[2023-08-26T17:24:23.303+0000] {processor.py:756} INFO - Processing file /home/airflow/.local/lib/python3.7/site-packages/airflow/example_dags/example_branch_labels.py for tasks to queue
[2023-08-26T17:24:23.303+0000] {logging_mixin.py:120} INFO - [2023-08-26T17:24:23.303+0000] {dagbag.py:537} INFO - Filling up the DagBag from /home/airflow/.local/lib/python3.7/site-packages/airflow/example_dags/example_branch_labels.py
[2023-08-26T17:24:23.322+0000] {processor.py:766} INFO - DAG(s) dict_keys(['example_branch_labels']) retrieved from /home/airflow/.local/lib/python3.7/site-packages/airflow/example_dags/example_branch_labels.py
[2023-08-26T17:24:23.359+0000] {logging_mixin.py:120} INFO - [2023-08-26T17:24:23.359+0000] {dag.py:2585} INFO - Sync 1 DAGs
[2023-08-26T17:24:23.376+0000] {logging_mixin.py:120} INFO - [2023-08-26T17:24:23.376+0000] {dag.py:3340} INFO - Setting next_dagrun for example_branch_labels to 2023-08-25T00:00:00+00:00, run_after=2023-08-26T00:00:00+00:00
[2023-08-26T17:24:23.388+0000] {processor.py:176} INFO - Processing /home/airflow/.local/lib/python3.7/site-packages/airflow/example_dags/example_branch_labels.py took 0.092 seconds
[2023-08-26T17:24:53.657+0000] {processor.py:154} INFO - Started process (PID=2622) to work on /home/airflow/.local/lib/python3.7/site-packages/airflow/example_dags/example_branch_labels.py
[2023-08-26T17:24:53.659+0000] {processor.py:756} INFO - Processing file /home/airflow/.local/lib/python3.7/site-packages/airflow/example_dags/example_branch_labels.py for tasks to queue
[2023-08-26T17:24:53.660+0000] {logging_mixin.py:120} INFO - [2023-08-26T17:24:53.660+0000] {dagbag.py:537} INFO - Filling up the DagBag from /home/airflow/.local/lib/python3.7/site-packages/airflow/example_dags/example_branch_labels.py
[2023-08-26T17:24:53.682+0000] {processor.py:766} INFO - DAG(s) dict_keys(['example_branch_labels']) retrieved from /home/airflow/.local/lib/python3.7/site-packages/airflow/example_dags/example_branch_labels.py
[2023-08-26T17:24:53.720+0000] {logging_mixin.py:120} INFO - [2023-08-26T17:24:53.720+0000] {dag.py:2585} INFO - Sync 1 DAGs
[2023-08-26T17:24:53.736+0000] {logging_mixin.py:120} INFO - [2023-08-26T17:24:53.736+0000] {dag.py:3340} INFO - Setting next_dagrun for example_branch_labels to 2023-08-25T00:00:00+00:00, run_after=2023-08-26T00:00:00+00:00
[2023-08-26T17:24:53.747+0000] {processor.py:176} INFO - Processing /home/airflow/.local/lib/python3.7/site-packages/airflow/example_dags/example_branch_labels.py took 0.095 seconds
[2023-08-26T17:25:23.887+0000] {processor.py:154} INFO - Started process (PID=2686) to work on /home/airflow/.local/lib/python3.7/site-packages/airflow/example_dags/example_branch_labels.py
[2023-08-26T17:25:23.889+0000] {processor.py:756} INFO - Processing file /home/airflow/.local/lib/python3.7/site-packages/airflow/example_dags/example_branch_labels.py for tasks to queue
[2023-08-26T17:25:23.890+0000] {logging_mixin.py:120} INFO - [2023-08-26T17:25:23.890+0000] {dagbag.py:537} INFO - Filling up the DagBag from /home/airflow/.local/lib/python3.7/site-packages/airflow/example_dags/example_branch_labels.py
[2023-08-26T17:25:23.909+0000] {processor.py:766} INFO - DAG(s) dict_keys(['example_branch_labels']) retrieved from /home/airflow/.local/lib/python3.7/site-packages/airflow/example_dags/example_branch_labels.py
[2023-08-26T17:25:23.951+0000] {logging_mixin.py:120} INFO - [2023-08-26T17:25:23.951+0000] {dag.py:2585} INFO - Sync 1 DAGs
[2023-08-26T17:25:23.969+0000] {logging_mixin.py:120} INFO - [2023-08-26T17:25:23.969+0000] {dag.py:3340} INFO - Setting next_dagrun for example_branch_labels to 2023-08-25T00:00:00+00:00, run_after=2023-08-26T00:00:00+00:00
[2023-08-26T17:25:23.981+0000] {processor.py:176} INFO - Processing /home/airflow/.local/lib/python3.7/site-packages/airflow/example_dags/example_branch_labels.py took 0.099 seconds
[2023-08-26T17:25:54.096+0000] {processor.py:154} INFO - Started process (PID=2748) to work on /home/airflow/.local/lib/python3.7/site-packages/airflow/example_dags/example_branch_labels.py
[2023-08-26T17:25:54.098+0000] {processor.py:756} INFO - Processing file /home/airflow/.local/lib/python3.7/site-packages/airflow/example_dags/example_branch_labels.py for tasks to queue
[2023-08-26T17:25:54.100+0000] {logging_mixin.py:120} INFO - [2023-08-26T17:25:54.100+0000] {dagbag.py:537} INFO - Filling up the DagBag from /home/airflow/.local/lib/python3.7/site-packages/airflow/example_dags/example_branch_labels.py
[2023-08-26T17:25:54.115+0000] {processor.py:766} INFO - DAG(s) dict_keys(['example_branch_labels']) retrieved from /home/airflow/.local/lib/python3.7/site-packages/airflow/example_dags/example_branch_labels.py
[2023-08-26T17:25:54.162+0000] {logging_mixin.py:120} INFO - [2023-08-26T17:25:54.162+0000] {dag.py:2585} INFO - Sync 1 DAGs
[2023-08-26T17:25:54.179+0000] {logging_mixin.py:120} INFO - [2023-08-26T17:25:54.178+0000] {dag.py:3340} INFO - Setting next_dagrun for example_branch_labels to 2023-08-25T00:00:00+00:00, run_after=2023-08-26T00:00:00+00:00
[2023-08-26T17:25:54.190+0000] {processor.py:176} INFO - Processing /home/airflow/.local/lib/python3.7/site-packages/airflow/example_dags/example_branch_labels.py took 0.100 seconds
[2023-08-26T17:26:24.315+0000] {processor.py:154} INFO - Started process (PID=2811) to work on /home/airflow/.local/lib/python3.7/site-packages/airflow/example_dags/example_branch_labels.py
[2023-08-26T17:26:24.316+0000] {processor.py:756} INFO - Processing file /home/airflow/.local/lib/python3.7/site-packages/airflow/example_dags/example_branch_labels.py for tasks to queue
[2023-08-26T17:26:24.317+0000] {logging_mixin.py:120} INFO - [2023-08-26T17:26:24.317+0000] {dagbag.py:537} INFO - Filling up the DagBag from /home/airflow/.local/lib/python3.7/site-packages/airflow/example_dags/example_branch_labels.py
[2023-08-26T17:26:24.332+0000] {processor.py:766} INFO - DAG(s) dict_keys(['example_branch_labels']) retrieved from /home/airflow/.local/lib/python3.7/site-packages/airflow/example_dags/example_branch_labels.py
[2023-08-26T17:26:24.371+0000] {logging_mixin.py:120} INFO - [2023-08-26T17:26:24.371+0000] {dag.py:2585} INFO - Sync 1 DAGs
[2023-08-26T17:26:24.391+0000] {logging_mixin.py:120} INFO - [2023-08-26T17:26:24.391+0000] {dag.py:3340} INFO - Setting next_dagrun for example_branch_labels to 2023-08-25T00:00:00+00:00, run_after=2023-08-26T00:00:00+00:00
[2023-08-26T17:26:24.407+0000] {processor.py:176} INFO - Processing /home/airflow/.local/lib/python3.7/site-packages/airflow/example_dags/example_branch_labels.py took 0.095 seconds
[2023-08-26T17:26:55.352+0000] {processor.py:154} INFO - Started process (PID=2865) to work on /home/airflow/.local/lib/python3.7/site-packages/airflow/example_dags/example_branch_labels.py
[2023-08-26T17:26:55.353+0000] {processor.py:756} INFO - Processing file /home/airflow/.local/lib/python3.7/site-packages/airflow/example_dags/example_branch_labels.py for tasks to queue
[2023-08-26T17:26:55.354+0000] {logging_mixin.py:120} INFO - [2023-08-26T17:26:55.354+0000] {dagbag.py:537} INFO - Filling up the DagBag from /home/airflow/.local/lib/python3.7/site-packages/airflow/example_dags/example_branch_labels.py
[2023-08-26T17:26:55.370+0000] {processor.py:766} INFO - DAG(s) dict_keys(['example_branch_labels']) retrieved from /home/airflow/.local/lib/python3.7/site-packages/airflow/example_dags/example_branch_labels.py
[2023-08-26T17:26:55.408+0000] {logging_mixin.py:120} INFO - [2023-08-26T17:26:55.408+0000] {dag.py:2585} INFO - Sync 1 DAGs
[2023-08-26T17:26:55.424+0000] {logging_mixin.py:120} INFO - [2023-08-26T17:26:55.424+0000] {dag.py:3340} INFO - Setting next_dagrun for example_branch_labels to 2023-08-25T00:00:00+00:00, run_after=2023-08-26T00:00:00+00:00
[2023-08-26T17:26:55.434+0000] {processor.py:176} INFO - Processing /home/airflow/.local/lib/python3.7/site-packages/airflow/example_dags/example_branch_labels.py took 0.086 seconds
[2023-08-26T17:27:26.316+0000] {processor.py:154} INFO - Started process (PID=2926) to work on /home/airflow/.local/lib/python3.7/site-packages/airflow/example_dags/example_branch_labels.py
[2023-08-26T17:27:26.318+0000] {processor.py:756} INFO - Processing file /home/airflow/.local/lib/python3.7/site-packages/airflow/example_dags/example_branch_labels.py for tasks to queue
[2023-08-26T17:27:26.319+0000] {logging_mixin.py:120} INFO - [2023-08-26T17:27:26.318+0000] {dagbag.py:537} INFO - Filling up the DagBag from /home/airflow/.local/lib/python3.7/site-packages/airflow/example_dags/example_branch_labels.py
[2023-08-26T17:27:26.334+0000] {processor.py:766} INFO - DAG(s) dict_keys(['example_branch_labels']) retrieved from /home/airflow/.local/lib/python3.7/site-packages/airflow/example_dags/example_branch_labels.py
[2023-08-26T17:27:26.370+0000] {logging_mixin.py:120} INFO - [2023-08-26T17:27:26.370+0000] {dag.py:2585} INFO - Sync 1 DAGs
[2023-08-26T17:27:26.387+0000] {logging_mixin.py:120} INFO - [2023-08-26T17:27:26.387+0000] {dag.py:3340} INFO - Setting next_dagrun for example_branch_labels to 2023-08-25T00:00:00+00:00, run_after=2023-08-26T00:00:00+00:00
[2023-08-26T17:27:26.399+0000] {processor.py:176} INFO - Processing /home/airflow/.local/lib/python3.7/site-packages/airflow/example_dags/example_branch_labels.py took 0.086 seconds
[2023-08-26T17:27:56.464+0000] {processor.py:154} INFO - Started process (PID=2988) to work on /home/airflow/.local/lib/python3.7/site-packages/airflow/example_dags/example_branch_labels.py
[2023-08-26T17:27:56.466+0000] {processor.py:756} INFO - Processing file /home/airflow/.local/lib/python3.7/site-packages/airflow/example_dags/example_branch_labels.py for tasks to queue
[2023-08-26T17:27:56.468+0000] {logging_mixin.py:120} INFO - [2023-08-26T17:27:56.468+0000] {dagbag.py:537} INFO - Filling up the DagBag from /home/airflow/.local/lib/python3.7/site-packages/airflow/example_dags/example_branch_labels.py
[2023-08-26T17:27:56.491+0000] {processor.py:766} INFO - DAG(s) dict_keys(['example_branch_labels']) retrieved from /home/airflow/.local/lib/python3.7/site-packages/airflow/example_dags/example_branch_labels.py
[2023-08-26T17:27:56.532+0000] {logging_mixin.py:120} INFO - [2023-08-26T17:27:56.532+0000] {dag.py:2585} INFO - Sync 1 DAGs
[2023-08-26T17:27:56.550+0000] {logging_mixin.py:120} INFO - [2023-08-26T17:27:56.550+0000] {dag.py:3340} INFO - Setting next_dagrun for example_branch_labels to 2023-08-25T00:00:00+00:00, run_after=2023-08-26T00:00:00+00:00
[2023-08-26T17:27:56.562+0000] {processor.py:176} INFO - Processing /home/airflow/.local/lib/python3.7/site-packages/airflow/example_dags/example_branch_labels.py took 0.105 seconds
[2023-08-26T17:28:26.613+0000] {processor.py:154} INFO - Started process (PID=3052) to work on /home/airflow/.local/lib/python3.7/site-packages/airflow/example_dags/example_branch_labels.py
[2023-08-26T17:28:26.614+0000] {processor.py:756} INFO - Processing file /home/airflow/.local/lib/python3.7/site-packages/airflow/example_dags/example_branch_labels.py for tasks to queue
[2023-08-26T17:28:26.614+0000] {logging_mixin.py:120} INFO - [2023-08-26T17:28:26.614+0000] {dagbag.py:537} INFO - Filling up the DagBag from /home/airflow/.local/lib/python3.7/site-packages/airflow/example_dags/example_branch_labels.py
[2023-08-26T17:28:26.631+0000] {processor.py:766} INFO - DAG(s) dict_keys(['example_branch_labels']) retrieved from /home/airflow/.local/lib/python3.7/site-packages/airflow/example_dags/example_branch_labels.py
[2023-08-26T17:28:26.666+0000] {logging_mixin.py:120} INFO - [2023-08-26T17:28:26.666+0000] {dag.py:2585} INFO - Sync 1 DAGs
[2023-08-26T17:28:26.682+0000] {logging_mixin.py:120} INFO - [2023-08-26T17:28:26.682+0000] {dag.py:3340} INFO - Setting next_dagrun for example_branch_labels to 2023-08-25T00:00:00+00:00, run_after=2023-08-26T00:00:00+00:00
[2023-08-26T17:28:26.694+0000] {processor.py:176} INFO - Processing /home/airflow/.local/lib/python3.7/site-packages/airflow/example_dags/example_branch_labels.py took 0.086 seconds
[2023-08-26T17:28:57.718+0000] {processor.py:154} INFO - Started process (PID=3113) to work on /home/airflow/.local/lib/python3.7/site-packages/airflow/example_dags/example_branch_labels.py
[2023-08-26T17:28:57.721+0000] {processor.py:756} INFO - Processing file /home/airflow/.local/lib/python3.7/site-packages/airflow/example_dags/example_branch_labels.py for tasks to queue
[2023-08-26T17:28:57.722+0000] {logging_mixin.py:120} INFO - [2023-08-26T17:28:57.722+0000] {dagbag.py:537} INFO - Filling up the DagBag from /home/airflow/.local/lib/python3.7/site-packages/airflow/example_dags/example_branch_labels.py
[2023-08-26T17:28:57.748+0000] {processor.py:766} INFO - DAG(s) dict_keys(['example_branch_labels']) retrieved from /home/airflow/.local/lib/python3.7/site-packages/airflow/example_dags/example_branch_labels.py
[2023-08-26T17:28:57.792+0000] {logging_mixin.py:120} INFO - [2023-08-26T17:28:57.792+0000] {dag.py:2585} INFO - Sync 1 DAGs
[2023-08-26T17:28:57.813+0000] {logging_mixin.py:120} INFO - [2023-08-26T17:28:57.813+0000] {dag.py:3340} INFO - Setting next_dagrun for example_branch_labels to 2023-08-25T00:00:00+00:00, run_after=2023-08-26T00:00:00+00:00
[2023-08-26T17:28:57.826+0000] {processor.py:176} INFO - Processing /home/airflow/.local/lib/python3.7/site-packages/airflow/example_dags/example_branch_labels.py took 0.114 seconds
[2023-08-26T17:29:27.957+0000] {processor.py:154} INFO - Started process (PID=3176) to work on /home/airflow/.local/lib/python3.7/site-packages/airflow/example_dags/example_branch_labels.py
[2023-08-26T17:29:27.962+0000] {processor.py:756} INFO - Processing file /home/airflow/.local/lib/python3.7/site-packages/airflow/example_dags/example_branch_labels.py for tasks to queue
[2023-08-26T17:29:27.964+0000] {logging_mixin.py:120} INFO - [2023-08-26T17:29:27.963+0000] {dagbag.py:537} INFO - Filling up the DagBag from /home/airflow/.local/lib/python3.7/site-packages/airflow/example_dags/example_branch_labels.py
[2023-08-26T17:29:27.985+0000] {processor.py:766} INFO - DAG(s) dict_keys(['example_branch_labels']) retrieved from /home/airflow/.local/lib/python3.7/site-packages/airflow/example_dags/example_branch_labels.py
[2023-08-26T17:29:28.055+0000] {logging_mixin.py:120} INFO - [2023-08-26T17:29:28.055+0000] {dag.py:2585} INFO - Sync 1 DAGs
[2023-08-26T17:29:28.077+0000] {logging_mixin.py:120} INFO - [2023-08-26T17:29:28.077+0000] {dag.py:3340} INFO - Setting next_dagrun for example_branch_labels to 2023-08-25T00:00:00+00:00, run_after=2023-08-26T00:00:00+00:00
[2023-08-26T17:29:28.090+0000] {processor.py:176} INFO - Processing /home/airflow/.local/lib/python3.7/site-packages/airflow/example_dags/example_branch_labels.py took 0.144 seconds
[2023-08-26T17:29:58.123+0000] {processor.py:154} INFO - Started process (PID=3230) to work on /home/airflow/.local/lib/python3.7/site-packages/airflow/example_dags/example_branch_labels.py
[2023-08-26T17:29:58.124+0000] {processor.py:756} INFO - Processing file /home/airflow/.local/lib/python3.7/site-packages/airflow/example_dags/example_branch_labels.py for tasks to queue
[2023-08-26T17:29:58.125+0000] {logging_mixin.py:120} INFO - [2023-08-26T17:29:58.125+0000] {dagbag.py:537} INFO - Filling up the DagBag from /home/airflow/.local/lib/python3.7/site-packages/airflow/example_dags/example_branch_labels.py
[2023-08-26T17:29:58.147+0000] {processor.py:766} INFO - DAG(s) dict_keys(['example_branch_labels']) retrieved from /home/airflow/.local/lib/python3.7/site-packages/airflow/example_dags/example_branch_labels.py
[2023-08-26T17:29:58.198+0000] {logging_mixin.py:120} INFO - [2023-08-26T17:29:58.198+0000] {dag.py:2585} INFO - Sync 1 DAGs
[2023-08-26T17:29:58.219+0000] {logging_mixin.py:120} INFO - [2023-08-26T17:29:58.219+0000] {dag.py:3340} INFO - Setting next_dagrun for example_branch_labels to 2023-08-25T00:00:00+00:00, run_after=2023-08-26T00:00:00+00:00
[2023-08-26T17:29:58.232+0000] {processor.py:176} INFO - Processing /home/airflow/.local/lib/python3.7/site-packages/airflow/example_dags/example_branch_labels.py took 0.112 seconds
[2023-08-26T17:30:28.461+0000] {processor.py:154} INFO - Started process (PID=3293) to work on /home/airflow/.local/lib/python3.7/site-packages/airflow/example_dags/example_branch_labels.py
[2023-08-26T17:30:28.463+0000] {processor.py:756} INFO - Processing file /home/airflow/.local/lib/python3.7/site-packages/airflow/example_dags/example_branch_labels.py for tasks to queue
[2023-08-26T17:30:28.464+0000] {logging_mixin.py:120} INFO - [2023-08-26T17:30:28.464+0000] {dagbag.py:537} INFO - Filling up the DagBag from /home/airflow/.local/lib/python3.7/site-packages/airflow/example_dags/example_branch_labels.py
[2023-08-26T17:30:28.489+0000] {processor.py:766} INFO - DAG(s) dict_keys(['example_branch_labels']) retrieved from /home/airflow/.local/lib/python3.7/site-packages/airflow/example_dags/example_branch_labels.py
[2023-08-26T17:30:28.531+0000] {logging_mixin.py:120} INFO - [2023-08-26T17:30:28.531+0000] {dag.py:2585} INFO - Sync 1 DAGs
[2023-08-26T17:30:28.550+0000] {logging_mixin.py:120} INFO - [2023-08-26T17:30:28.550+0000] {dag.py:3340} INFO - Setting next_dagrun for example_branch_labels to 2023-08-25T00:00:00+00:00, run_after=2023-08-26T00:00:00+00:00
[2023-08-26T17:30:28.563+0000] {processor.py:176} INFO - Processing /home/airflow/.local/lib/python3.7/site-packages/airflow/example_dags/example_branch_labels.py took 0.111 seconds
[2023-08-26T17:30:58.613+0000] {processor.py:154} INFO - Started process (PID=3356) to work on /home/airflow/.local/lib/python3.7/site-packages/airflow/example_dags/example_branch_labels.py
[2023-08-26T17:30:58.614+0000] {processor.py:756} INFO - Processing file /home/airflow/.local/lib/python3.7/site-packages/airflow/example_dags/example_branch_labels.py for tasks to queue
[2023-08-26T17:30:58.615+0000] {logging_mixin.py:120} INFO - [2023-08-26T17:30:58.615+0000] {dagbag.py:537} INFO - Filling up the DagBag from /home/airflow/.local/lib/python3.7/site-packages/airflow/example_dags/example_branch_labels.py
[2023-08-26T17:30:58.633+0000] {processor.py:766} INFO - DAG(s) dict_keys(['example_branch_labels']) retrieved from /home/airflow/.local/lib/python3.7/site-packages/airflow/example_dags/example_branch_labels.py
[2023-08-26T17:30:58.674+0000] {logging_mixin.py:120} INFO - [2023-08-26T17:30:58.674+0000] {dag.py:2585} INFO - Sync 1 DAGs
[2023-08-26T17:30:58.692+0000] {logging_mixin.py:120} INFO - [2023-08-26T17:30:58.692+0000] {dag.py:3340} INFO - Setting next_dagrun for example_branch_labels to 2023-08-25T00:00:00+00:00, run_after=2023-08-26T00:00:00+00:00
[2023-08-26T17:30:58.705+0000] {processor.py:176} INFO - Processing /home/airflow/.local/lib/python3.7/site-packages/airflow/example_dags/example_branch_labels.py took 0.096 seconds
[2023-08-26T17:31:28.912+0000] {processor.py:154} INFO - Started process (PID=3419) to work on /home/airflow/.local/lib/python3.7/site-packages/airflow/example_dags/example_branch_labels.py
[2023-08-26T17:31:28.913+0000] {processor.py:756} INFO - Processing file /home/airflow/.local/lib/python3.7/site-packages/airflow/example_dags/example_branch_labels.py for tasks to queue
[2023-08-26T17:31:28.915+0000] {logging_mixin.py:120} INFO - [2023-08-26T17:31:28.915+0000] {dagbag.py:537} INFO - Filling up the DagBag from /home/airflow/.local/lib/python3.7/site-packages/airflow/example_dags/example_branch_labels.py
[2023-08-26T17:31:28.936+0000] {processor.py:766} INFO - DAG(s) dict_keys(['example_branch_labels']) retrieved from /home/airflow/.local/lib/python3.7/site-packages/airflow/example_dags/example_branch_labels.py
[2023-08-26T17:31:28.979+0000] {logging_mixin.py:120} INFO - [2023-08-26T17:31:28.979+0000] {dag.py:2585} INFO - Sync 1 DAGs
[2023-08-26T17:31:28.997+0000] {logging_mixin.py:120} INFO - [2023-08-26T17:31:28.997+0000] {dag.py:3340} INFO - Setting next_dagrun for example_branch_labels to 2023-08-25T00:00:00+00:00, run_after=2023-08-26T00:00:00+00:00
[2023-08-26T17:31:29.008+0000] {processor.py:176} INFO - Processing /home/airflow/.local/lib/python3.7/site-packages/airflow/example_dags/example_branch_labels.py took 0.104 seconds
