[2023-08-26T17:03:34.183+0000] {processor.py:154} INFO - Started process (PID=62) to work on /home/airflow/.local/lib/python3.7/site-packages/airflow/example_dags/example_branch_operator.py
[2023-08-26T17:03:34.184+0000] {processor.py:756} INFO - Processing file /home/airflow/.local/lib/python3.7/site-packages/airflow/example_dags/example_branch_operator.py for tasks to queue
[2023-08-26T17:03:34.185+0000] {logging_mixin.py:120} INFO - [2023-08-26T17:03:34.185+0000] {dagbag.py:537} INFO - Filling up the DagBag from /home/airflow/.local/lib/python3.7/site-packages/airflow/example_dags/example_branch_operator.py
[2023-08-26T17:03:34.198+0000] {processor.py:766} INFO - DAG(s) dict_keys(['example_branch_operator']) retrieved from /home/airflow/.local/lib/python3.7/site-packages/airflow/example_dags/example_branch_operator.py
[2023-08-26T17:03:34.300+0000] {logging_mixin.py:120} INFO - [2023-08-26T17:03:34.300+0000] {manager.py:507} INFO - Created Permission View: can edit on DAG:example_branch_operator
[2023-08-26T17:03:34.309+0000] {logging_mixin.py:120} INFO - [2023-08-26T17:03:34.309+0000] {manager.py:507} INFO - Created Permission View: can read on DAG:example_branch_operator
[2023-08-26T17:03:34.314+0000] {logging_mixin.py:120} INFO - [2023-08-26T17:03:34.313+0000] {manager.py:507} INFO - Created Permission View: can delete on DAG:example_branch_operator
[2023-08-26T17:03:34.314+0000] {logging_mixin.py:120} INFO - [2023-08-26T17:03:34.314+0000] {dag.py:2585} INFO - Sync 1 DAGs
[2023-08-26T17:03:34.322+0000] {logging_mixin.py:120} INFO - [2023-08-26T17:03:34.322+0000] {dag.py:2606} INFO - Creating ORM DAG for example_branch_operator
[2023-08-26T17:03:34.331+0000] {logging_mixin.py:120} INFO - [2023-08-26T17:03:34.331+0000] {dag.py:3340} INFO - Setting next_dagrun for example_branch_operator to 2023-08-25T00:00:00+00:00, run_after=2023-08-26T00:00:00+00:00
[2023-08-26T17:03:34.348+0000] {processor.py:176} INFO - Processing /home/airflow/.local/lib/python3.7/site-packages/airflow/example_dags/example_branch_operator.py took 0.168 seconds
[2023-08-26T17:04:04.445+0000] {processor.py:154} INFO - Started process (PID=124) to work on /home/airflow/.local/lib/python3.7/site-packages/airflow/example_dags/example_branch_operator.py
[2023-08-26T17:04:04.446+0000] {processor.py:756} INFO - Processing file /home/airflow/.local/lib/python3.7/site-packages/airflow/example_dags/example_branch_operator.py for tasks to queue
[2023-08-26T17:04:04.447+0000] {logging_mixin.py:120} INFO - [2023-08-26T17:04:04.447+0000] {dagbag.py:537} INFO - Filling up the DagBag from /home/airflow/.local/lib/python3.7/site-packages/airflow/example_dags/example_branch_operator.py
[2023-08-26T17:04:04.461+0000] {processor.py:766} INFO - DAG(s) dict_keys(['example_branch_operator']) retrieved from /home/airflow/.local/lib/python3.7/site-packages/airflow/example_dags/example_branch_operator.py
[2023-08-26T17:04:04.492+0000] {logging_mixin.py:120} INFO - [2023-08-26T17:04:04.491+0000] {dag.py:2585} INFO - Sync 1 DAGs
[2023-08-26T17:04:04.510+0000] {logging_mixin.py:120} INFO - [2023-08-26T17:04:04.509+0000] {dag.py:3340} INFO - Setting next_dagrun for example_branch_operator to 2023-08-25T00:00:00+00:00, run_after=2023-08-26T00:00:00+00:00
[2023-08-26T17:04:04.522+0000] {processor.py:176} INFO - Processing /home/airflow/.local/lib/python3.7/site-packages/airflow/example_dags/example_branch_operator.py took 0.079 seconds
[2023-08-26T17:04:34.578+0000] {processor.py:154} INFO - Started process (PID=188) to work on /home/airflow/.local/lib/python3.7/site-packages/airflow/example_dags/example_branch_operator.py
[2023-08-26T17:04:34.579+0000] {processor.py:756} INFO - Processing file /home/airflow/.local/lib/python3.7/site-packages/airflow/example_dags/example_branch_operator.py for tasks to queue
[2023-08-26T17:04:34.579+0000] {logging_mixin.py:120} INFO - [2023-08-26T17:04:34.579+0000] {dagbag.py:537} INFO - Filling up the DagBag from /home/airflow/.local/lib/python3.7/site-packages/airflow/example_dags/example_branch_operator.py
[2023-08-26T17:04:34.590+0000] {processor.py:766} INFO - DAG(s) dict_keys(['example_branch_operator']) retrieved from /home/airflow/.local/lib/python3.7/site-packages/airflow/example_dags/example_branch_operator.py
[2023-08-26T17:04:34.616+0000] {logging_mixin.py:120} INFO - [2023-08-26T17:04:34.616+0000] {dag.py:2585} INFO - Sync 1 DAGs
[2023-08-26T17:04:34.632+0000] {logging_mixin.py:120} INFO - [2023-08-26T17:04:34.632+0000] {dag.py:3340} INFO - Setting next_dagrun for example_branch_operator to 2023-08-25T00:00:00+00:00, run_after=2023-08-26T00:00:00+00:00
[2023-08-26T17:04:34.642+0000] {processor.py:176} INFO - Processing /home/airflow/.local/lib/python3.7/site-packages/airflow/example_dags/example_branch_operator.py took 0.067 seconds
[2023-08-26T17:05:05.546+0000] {processor.py:154} INFO - Started process (PID=251) to work on /home/airflow/.local/lib/python3.7/site-packages/airflow/example_dags/example_branch_operator.py
[2023-08-26T17:05:05.547+0000] {processor.py:756} INFO - Processing file /home/airflow/.local/lib/python3.7/site-packages/airflow/example_dags/example_branch_operator.py for tasks to queue
[2023-08-26T17:05:05.548+0000] {logging_mixin.py:120} INFO - [2023-08-26T17:05:05.548+0000] {dagbag.py:537} INFO - Filling up the DagBag from /home/airflow/.local/lib/python3.7/site-packages/airflow/example_dags/example_branch_operator.py
[2023-08-26T17:05:05.559+0000] {processor.py:766} INFO - DAG(s) dict_keys(['example_branch_operator']) retrieved from /home/airflow/.local/lib/python3.7/site-packages/airflow/example_dags/example_branch_operator.py
[2023-08-26T17:05:05.587+0000] {logging_mixin.py:120} INFO - [2023-08-26T17:05:05.587+0000] {dag.py:2585} INFO - Sync 1 DAGs
[2023-08-26T17:05:05.602+0000] {logging_mixin.py:120} INFO - [2023-08-26T17:05:05.602+0000] {dag.py:3340} INFO - Setting next_dagrun for example_branch_operator to 2023-08-25T00:00:00+00:00, run_after=2023-08-26T00:00:00+00:00
[2023-08-26T17:05:05.612+0000] {processor.py:176} INFO - Processing /home/airflow/.local/lib/python3.7/site-packages/airflow/example_dags/example_branch_operator.py took 0.068 seconds
[2023-08-26T17:05:35.748+0000] {processor.py:154} INFO - Started process (PID=315) to work on /home/airflow/.local/lib/python3.7/site-packages/airflow/example_dags/example_branch_operator.py
[2023-08-26T17:05:35.749+0000] {processor.py:756} INFO - Processing file /home/airflow/.local/lib/python3.7/site-packages/airflow/example_dags/example_branch_operator.py for tasks to queue
[2023-08-26T17:05:35.749+0000] {logging_mixin.py:120} INFO - [2023-08-26T17:05:35.749+0000] {dagbag.py:537} INFO - Filling up the DagBag from /home/airflow/.local/lib/python3.7/site-packages/airflow/example_dags/example_branch_operator.py
[2023-08-26T17:05:35.760+0000] {processor.py:766} INFO - DAG(s) dict_keys(['example_branch_operator']) retrieved from /home/airflow/.local/lib/python3.7/site-packages/airflow/example_dags/example_branch_operator.py
[2023-08-26T17:05:35.787+0000] {logging_mixin.py:120} INFO - [2023-08-26T17:05:35.787+0000] {dag.py:2585} INFO - Sync 1 DAGs
[2023-08-26T17:05:35.801+0000] {logging_mixin.py:120} INFO - [2023-08-26T17:05:35.801+0000] {dag.py:3340} INFO - Setting next_dagrun for example_branch_operator to 2023-08-25T00:00:00+00:00, run_after=2023-08-26T00:00:00+00:00
[2023-08-26T17:05:35.812+0000] {processor.py:176} INFO - Processing /home/airflow/.local/lib/python3.7/site-packages/airflow/example_dags/example_branch_operator.py took 0.066 seconds
[2023-08-26T17:06:06.779+0000] {processor.py:154} INFO - Started process (PID=378) to work on /home/airflow/.local/lib/python3.7/site-packages/airflow/example_dags/example_branch_operator.py
[2023-08-26T17:06:06.780+0000] {processor.py:756} INFO - Processing file /home/airflow/.local/lib/python3.7/site-packages/airflow/example_dags/example_branch_operator.py for tasks to queue
[2023-08-26T17:06:06.780+0000] {logging_mixin.py:120} INFO - [2023-08-26T17:06:06.780+0000] {dagbag.py:537} INFO - Filling up the DagBag from /home/airflow/.local/lib/python3.7/site-packages/airflow/example_dags/example_branch_operator.py
[2023-08-26T17:06:06.793+0000] {processor.py:766} INFO - DAG(s) dict_keys(['example_branch_operator']) retrieved from /home/airflow/.local/lib/python3.7/site-packages/airflow/example_dags/example_branch_operator.py
[2023-08-26T17:06:06.824+0000] {logging_mixin.py:120} INFO - [2023-08-26T17:06:06.824+0000] {dag.py:2585} INFO - Sync 1 DAGs
[2023-08-26T17:06:06.841+0000] {logging_mixin.py:120} INFO - [2023-08-26T17:06:06.841+0000] {dag.py:3340} INFO - Setting next_dagrun for example_branch_operator to 2023-08-25T00:00:00+00:00, run_after=2023-08-26T00:00:00+00:00
[2023-08-26T17:06:06.853+0000] {processor.py:176} INFO - Processing /home/airflow/.local/lib/python3.7/site-packages/airflow/example_dags/example_branch_operator.py took 0.076 seconds
[2023-08-26T17:06:37.710+0000] {processor.py:154} INFO - Started process (PID=432) to work on /home/airflow/.local/lib/python3.7/site-packages/airflow/example_dags/example_branch_operator.py
[2023-08-26T17:06:37.711+0000] {processor.py:756} INFO - Processing file /home/airflow/.local/lib/python3.7/site-packages/airflow/example_dags/example_branch_operator.py for tasks to queue
[2023-08-26T17:06:37.711+0000] {logging_mixin.py:120} INFO - [2023-08-26T17:06:37.711+0000] {dagbag.py:537} INFO - Filling up the DagBag from /home/airflow/.local/lib/python3.7/site-packages/airflow/example_dags/example_branch_operator.py
[2023-08-26T17:06:37.722+0000] {processor.py:766} INFO - DAG(s) dict_keys(['example_branch_operator']) retrieved from /home/airflow/.local/lib/python3.7/site-packages/airflow/example_dags/example_branch_operator.py
[2023-08-26T17:06:37.750+0000] {logging_mixin.py:120} INFO - [2023-08-26T17:06:37.750+0000] {dag.py:2585} INFO - Sync 1 DAGs
[2023-08-26T17:06:37.766+0000] {logging_mixin.py:120} INFO - [2023-08-26T17:06:37.766+0000] {dag.py:3340} INFO - Setting next_dagrun for example_branch_operator to 2023-08-25T00:00:00+00:00, run_after=2023-08-26T00:00:00+00:00
[2023-08-26T17:06:37.777+0000] {processor.py:176} INFO - Processing /home/airflow/.local/lib/python3.7/site-packages/airflow/example_dags/example_branch_operator.py took 0.069 seconds
[2023-08-26T17:07:08.731+0000] {processor.py:154} INFO - Started process (PID=494) to work on /home/airflow/.local/lib/python3.7/site-packages/airflow/example_dags/example_branch_operator.py
[2023-08-26T17:07:08.731+0000] {processor.py:756} INFO - Processing file /home/airflow/.local/lib/python3.7/site-packages/airflow/example_dags/example_branch_operator.py for tasks to queue
[2023-08-26T17:07:08.732+0000] {logging_mixin.py:120} INFO - [2023-08-26T17:07:08.732+0000] {dagbag.py:537} INFO - Filling up the DagBag from /home/airflow/.local/lib/python3.7/site-packages/airflow/example_dags/example_branch_operator.py
[2023-08-26T17:07:08.744+0000] {processor.py:766} INFO - DAG(s) dict_keys(['example_branch_operator']) retrieved from /home/airflow/.local/lib/python3.7/site-packages/airflow/example_dags/example_branch_operator.py
[2023-08-26T17:07:08.775+0000] {logging_mixin.py:120} INFO - [2023-08-26T17:07:08.775+0000] {dag.py:2585} INFO - Sync 1 DAGs
[2023-08-26T17:07:08.792+0000] {logging_mixin.py:120} INFO - [2023-08-26T17:07:08.792+0000] {dag.py:3340} INFO - Setting next_dagrun for example_branch_operator to 2023-08-25T00:00:00+00:00, run_after=2023-08-26T00:00:00+00:00
[2023-08-26T17:07:08.804+0000] {processor.py:176} INFO - Processing /home/airflow/.local/lib/python3.7/site-packages/airflow/example_dags/example_branch_operator.py took 0.076 seconds
[2023-08-26T17:07:38.997+0000] {processor.py:154} INFO - Started process (PID=557) to work on /home/airflow/.local/lib/python3.7/site-packages/airflow/example_dags/example_branch_operator.py
[2023-08-26T17:07:38.997+0000] {processor.py:756} INFO - Processing file /home/airflow/.local/lib/python3.7/site-packages/airflow/example_dags/example_branch_operator.py for tasks to queue
[2023-08-26T17:07:38.998+0000] {logging_mixin.py:120} INFO - [2023-08-26T17:07:38.998+0000] {dagbag.py:537} INFO - Filling up the DagBag from /home/airflow/.local/lib/python3.7/site-packages/airflow/example_dags/example_branch_operator.py
[2023-08-26T17:07:39.011+0000] {processor.py:766} INFO - DAG(s) dict_keys(['example_branch_operator']) retrieved from /home/airflow/.local/lib/python3.7/site-packages/airflow/example_dags/example_branch_operator.py
[2023-08-26T17:07:39.038+0000] {logging_mixin.py:120} INFO - [2023-08-26T17:07:39.038+0000] {dag.py:2585} INFO - Sync 1 DAGs
[2023-08-26T17:07:39.052+0000] {logging_mixin.py:120} INFO - [2023-08-26T17:07:39.052+0000] {dag.py:3340} INFO - Setting next_dagrun for example_branch_operator to 2023-08-25T00:00:00+00:00, run_after=2023-08-26T00:00:00+00:00
[2023-08-26T17:07:39.062+0000] {processor.py:176} INFO - Processing /home/airflow/.local/lib/python3.7/site-packages/airflow/example_dags/example_branch_operator.py took 0.068 seconds
[2023-08-26T17:08:09.884+0000] {processor.py:154} INFO - Started process (PID=620) to work on /home/airflow/.local/lib/python3.7/site-packages/airflow/example_dags/example_branch_operator.py
[2023-08-26T17:08:09.885+0000] {processor.py:756} INFO - Processing file /home/airflow/.local/lib/python3.7/site-packages/airflow/example_dags/example_branch_operator.py for tasks to queue
[2023-08-26T17:08:09.885+0000] {logging_mixin.py:120} INFO - [2023-08-26T17:08:09.885+0000] {dagbag.py:537} INFO - Filling up the DagBag from /home/airflow/.local/lib/python3.7/site-packages/airflow/example_dags/example_branch_operator.py
[2023-08-26T17:08:09.896+0000] {processor.py:766} INFO - DAG(s) dict_keys(['example_branch_operator']) retrieved from /home/airflow/.local/lib/python3.7/site-packages/airflow/example_dags/example_branch_operator.py
[2023-08-26T17:08:09.921+0000] {logging_mixin.py:120} INFO - [2023-08-26T17:08:09.921+0000] {dag.py:2585} INFO - Sync 1 DAGs
[2023-08-26T17:08:09.937+0000] {logging_mixin.py:120} INFO - [2023-08-26T17:08:09.937+0000] {dag.py:3340} INFO - Setting next_dagrun for example_branch_operator to 2023-08-25T00:00:00+00:00, run_after=2023-08-26T00:00:00+00:00
[2023-08-26T17:08:09.947+0000] {processor.py:176} INFO - Processing /home/airflow/.local/lib/python3.7/site-packages/airflow/example_dags/example_branch_operator.py took 0.065 seconds
[2023-08-26T17:08:40.987+0000] {processor.py:154} INFO - Started process (PID=683) to work on /home/airflow/.local/lib/python3.7/site-packages/airflow/example_dags/example_branch_operator.py
[2023-08-26T17:08:40.988+0000] {processor.py:756} INFO - Processing file /home/airflow/.local/lib/python3.7/site-packages/airflow/example_dags/example_branch_operator.py for tasks to queue
[2023-08-26T17:08:40.989+0000] {logging_mixin.py:120} INFO - [2023-08-26T17:08:40.989+0000] {dagbag.py:537} INFO - Filling up the DagBag from /home/airflow/.local/lib/python3.7/site-packages/airflow/example_dags/example_branch_operator.py
[2023-08-26T17:08:41.001+0000] {processor.py:766} INFO - DAG(s) dict_keys(['example_branch_operator']) retrieved from /home/airflow/.local/lib/python3.7/site-packages/airflow/example_dags/example_branch_operator.py
[2023-08-26T17:08:41.028+0000] {logging_mixin.py:120} INFO - [2023-08-26T17:08:41.028+0000] {dag.py:2585} INFO - Sync 1 DAGs
[2023-08-26T17:08:41.044+0000] {logging_mixin.py:120} INFO - [2023-08-26T17:08:41.044+0000] {dag.py:3340} INFO - Setting next_dagrun for example_branch_operator to 2023-08-25T00:00:00+00:00, run_after=2023-08-26T00:00:00+00:00
[2023-08-26T17:08:41.057+0000] {processor.py:176} INFO - Processing /home/airflow/.local/lib/python3.7/site-packages/airflow/example_dags/example_branch_operator.py took 0.072 seconds
[2023-08-26T17:09:11.359+0000] {processor.py:154} INFO - Started process (PID=745) to work on /home/airflow/.local/lib/python3.7/site-packages/airflow/example_dags/example_branch_operator.py
[2023-08-26T17:09:11.360+0000] {processor.py:756} INFO - Processing file /home/airflow/.local/lib/python3.7/site-packages/airflow/example_dags/example_branch_operator.py for tasks to queue
[2023-08-26T17:09:11.361+0000] {logging_mixin.py:120} INFO - [2023-08-26T17:09:11.361+0000] {dagbag.py:537} INFO - Filling up the DagBag from /home/airflow/.local/lib/python3.7/site-packages/airflow/example_dags/example_branch_operator.py
[2023-08-26T17:09:11.375+0000] {processor.py:766} INFO - DAG(s) dict_keys(['example_branch_operator']) retrieved from /home/airflow/.local/lib/python3.7/site-packages/airflow/example_dags/example_branch_operator.py
[2023-08-26T17:09:11.404+0000] {logging_mixin.py:120} INFO - [2023-08-26T17:09:11.404+0000] {dag.py:2585} INFO - Sync 1 DAGs
[2023-08-26T17:09:11.419+0000] {logging_mixin.py:120} INFO - [2023-08-26T17:09:11.419+0000] {dag.py:3340} INFO - Setting next_dagrun for example_branch_operator to 2023-08-25T00:00:00+00:00, run_after=2023-08-26T00:00:00+00:00
[2023-08-26T17:09:11.432+0000] {processor.py:176} INFO - Processing /home/airflow/.local/lib/python3.7/site-packages/airflow/example_dags/example_branch_operator.py took 0.075 seconds
[2023-08-26T17:09:41.519+0000] {processor.py:154} INFO - Started process (PID=799) to work on /home/airflow/.local/lib/python3.7/site-packages/airflow/example_dags/example_branch_operator.py
[2023-08-26T17:09:41.519+0000] {processor.py:756} INFO - Processing file /home/airflow/.local/lib/python3.7/site-packages/airflow/example_dags/example_branch_operator.py for tasks to queue
[2023-08-26T17:09:41.520+0000] {logging_mixin.py:120} INFO - [2023-08-26T17:09:41.520+0000] {dagbag.py:537} INFO - Filling up the DagBag from /home/airflow/.local/lib/python3.7/site-packages/airflow/example_dags/example_branch_operator.py
[2023-08-26T17:09:41.530+0000] {processor.py:766} INFO - DAG(s) dict_keys(['example_branch_operator']) retrieved from /home/airflow/.local/lib/python3.7/site-packages/airflow/example_dags/example_branch_operator.py
[2023-08-26T17:09:41.557+0000] {logging_mixin.py:120} INFO - [2023-08-26T17:09:41.557+0000] {dag.py:2585} INFO - Sync 1 DAGs
[2023-08-26T17:09:41.572+0000] {logging_mixin.py:120} INFO - [2023-08-26T17:09:41.572+0000] {dag.py:3340} INFO - Setting next_dagrun for example_branch_operator to 2023-08-25T00:00:00+00:00, run_after=2023-08-26T00:00:00+00:00
[2023-08-26T17:09:41.582+0000] {processor.py:176} INFO - Processing /home/airflow/.local/lib/python3.7/site-packages/airflow/example_dags/example_branch_operator.py took 0.065 seconds
[2023-08-26T17:10:11.681+0000] {processor.py:154} INFO - Started process (PID=862) to work on /home/airflow/.local/lib/python3.7/site-packages/airflow/example_dags/example_branch_operator.py
[2023-08-26T17:10:11.682+0000] {processor.py:756} INFO - Processing file /home/airflow/.local/lib/python3.7/site-packages/airflow/example_dags/example_branch_operator.py for tasks to queue
[2023-08-26T17:10:11.683+0000] {logging_mixin.py:120} INFO - [2023-08-26T17:10:11.683+0000] {dagbag.py:537} INFO - Filling up the DagBag from /home/airflow/.local/lib/python3.7/site-packages/airflow/example_dags/example_branch_operator.py
[2023-08-26T17:10:11.693+0000] {processor.py:766} INFO - DAG(s) dict_keys(['example_branch_operator']) retrieved from /home/airflow/.local/lib/python3.7/site-packages/airflow/example_dags/example_branch_operator.py
[2023-08-26T17:10:11.718+0000] {logging_mixin.py:120} INFO - [2023-08-26T17:10:11.718+0000] {dag.py:2585} INFO - Sync 1 DAGs
[2023-08-26T17:10:11.733+0000] {logging_mixin.py:120} INFO - [2023-08-26T17:10:11.733+0000] {dag.py:3340} INFO - Setting next_dagrun for example_branch_operator to 2023-08-25T00:00:00+00:00, run_after=2023-08-26T00:00:00+00:00
[2023-08-26T17:10:11.742+0000] {processor.py:176} INFO - Processing /home/airflow/.local/lib/python3.7/site-packages/airflow/example_dags/example_branch_operator.py took 0.063 seconds
[2023-08-26T17:10:41.903+0000] {processor.py:154} INFO - Started process (PID=925) to work on /home/airflow/.local/lib/python3.7/site-packages/airflow/example_dags/example_branch_operator.py
[2023-08-26T17:10:41.904+0000] {processor.py:756} INFO - Processing file /home/airflow/.local/lib/python3.7/site-packages/airflow/example_dags/example_branch_operator.py for tasks to queue
[2023-08-26T17:10:41.905+0000] {logging_mixin.py:120} INFO - [2023-08-26T17:10:41.905+0000] {dagbag.py:537} INFO - Filling up the DagBag from /home/airflow/.local/lib/python3.7/site-packages/airflow/example_dags/example_branch_operator.py
[2023-08-26T17:10:41.917+0000] {processor.py:766} INFO - DAG(s) dict_keys(['example_branch_operator']) retrieved from /home/airflow/.local/lib/python3.7/site-packages/airflow/example_dags/example_branch_operator.py
[2023-08-26T17:10:41.946+0000] {logging_mixin.py:120} INFO - [2023-08-26T17:10:41.946+0000] {dag.py:2585} INFO - Sync 1 DAGs
[2023-08-26T17:10:41.962+0000] {logging_mixin.py:120} INFO - [2023-08-26T17:10:41.962+0000] {dag.py:3340} INFO - Setting next_dagrun for example_branch_operator to 2023-08-25T00:00:00+00:00, run_after=2023-08-26T00:00:00+00:00
[2023-08-26T17:10:41.974+0000] {processor.py:176} INFO - Processing /home/airflow/.local/lib/python3.7/site-packages/airflow/example_dags/example_branch_operator.py took 0.073 seconds
[2023-08-26T17:11:12.041+0000] {processor.py:154} INFO - Started process (PID=988) to work on /home/airflow/.local/lib/python3.7/site-packages/airflow/example_dags/example_branch_operator.py
[2023-08-26T17:11:12.041+0000] {processor.py:756} INFO - Processing file /home/airflow/.local/lib/python3.7/site-packages/airflow/example_dags/example_branch_operator.py for tasks to queue
[2023-08-26T17:11:12.042+0000] {logging_mixin.py:120} INFO - [2023-08-26T17:11:12.042+0000] {dagbag.py:537} INFO - Filling up the DagBag from /home/airflow/.local/lib/python3.7/site-packages/airflow/example_dags/example_branch_operator.py
[2023-08-26T17:11:12.052+0000] {processor.py:766} INFO - DAG(s) dict_keys(['example_branch_operator']) retrieved from /home/airflow/.local/lib/python3.7/site-packages/airflow/example_dags/example_branch_operator.py
[2023-08-26T17:11:12.077+0000] {logging_mixin.py:120} INFO - [2023-08-26T17:11:12.077+0000] {dag.py:2585} INFO - Sync 1 DAGs
[2023-08-26T17:11:12.092+0000] {logging_mixin.py:120} INFO - [2023-08-26T17:11:12.091+0000] {dag.py:3340} INFO - Setting next_dagrun for example_branch_operator to 2023-08-25T00:00:00+00:00, run_after=2023-08-26T00:00:00+00:00
[2023-08-26T17:11:12.101+0000] {processor.py:176} INFO - Processing /home/airflow/.local/lib/python3.7/site-packages/airflow/example_dags/example_branch_operator.py took 0.062 seconds
[2023-08-26T17:11:43.109+0000] {processor.py:154} INFO - Started process (PID=1050) to work on /home/airflow/.local/lib/python3.7/site-packages/airflow/example_dags/example_branch_operator.py
[2023-08-26T17:11:43.110+0000] {processor.py:756} INFO - Processing file /home/airflow/.local/lib/python3.7/site-packages/airflow/example_dags/example_branch_operator.py for tasks to queue
[2023-08-26T17:11:43.111+0000] {logging_mixin.py:120} INFO - [2023-08-26T17:11:43.111+0000] {dagbag.py:537} INFO - Filling up the DagBag from /home/airflow/.local/lib/python3.7/site-packages/airflow/example_dags/example_branch_operator.py
[2023-08-26T17:11:43.122+0000] {processor.py:766} INFO - DAG(s) dict_keys(['example_branch_operator']) retrieved from /home/airflow/.local/lib/python3.7/site-packages/airflow/example_dags/example_branch_operator.py
[2023-08-26T17:11:43.151+0000] {logging_mixin.py:120} INFO - [2023-08-26T17:11:43.151+0000] {dag.py:2585} INFO - Sync 1 DAGs
[2023-08-26T17:11:43.168+0000] {logging_mixin.py:120} INFO - [2023-08-26T17:11:43.168+0000] {dag.py:3340} INFO - Setting next_dagrun for example_branch_operator to 2023-08-25T00:00:00+00:00, run_after=2023-08-26T00:00:00+00:00
[2023-08-26T17:11:43.181+0000] {processor.py:176} INFO - Processing /home/airflow/.local/lib/python3.7/site-packages/airflow/example_dags/example_branch_operator.py took 0.074 seconds
[2023-08-26T17:12:14.234+0000] {processor.py:154} INFO - Started process (PID=1113) to work on /home/airflow/.local/lib/python3.7/site-packages/airflow/example_dags/example_branch_operator.py
[2023-08-26T17:12:14.235+0000] {processor.py:756} INFO - Processing file /home/airflow/.local/lib/python3.7/site-packages/airflow/example_dags/example_branch_operator.py for tasks to queue
[2023-08-26T17:12:14.236+0000] {logging_mixin.py:120} INFO - [2023-08-26T17:12:14.236+0000] {dagbag.py:537} INFO - Filling up the DagBag from /home/airflow/.local/lib/python3.7/site-packages/airflow/example_dags/example_branch_operator.py
[2023-08-26T17:12:14.247+0000] {processor.py:766} INFO - DAG(s) dict_keys(['example_branch_operator']) retrieved from /home/airflow/.local/lib/python3.7/site-packages/airflow/example_dags/example_branch_operator.py
[2023-08-26T17:12:14.274+0000] {logging_mixin.py:120} INFO - [2023-08-26T17:12:14.274+0000] {dag.py:2585} INFO - Sync 1 DAGs
[2023-08-26T17:12:14.291+0000] {logging_mixin.py:120} INFO - [2023-08-26T17:12:14.291+0000] {dag.py:3340} INFO - Setting next_dagrun for example_branch_operator to 2023-08-25T00:00:00+00:00, run_after=2023-08-26T00:00:00+00:00
[2023-08-26T17:12:14.302+0000] {processor.py:176} INFO - Processing /home/airflow/.local/lib/python3.7/site-packages/airflow/example_dags/example_branch_operator.py took 0.070 seconds
[2023-08-26T17:12:45.452+0000] {processor.py:154} INFO - Started process (PID=1182) to work on /home/airflow/.local/lib/python3.7/site-packages/airflow/example_dags/example_branch_operator.py
[2023-08-26T17:12:45.453+0000] {processor.py:756} INFO - Processing file /home/airflow/.local/lib/python3.7/site-packages/airflow/example_dags/example_branch_operator.py for tasks to queue
[2023-08-26T17:12:45.453+0000] {logging_mixin.py:120} INFO - [2023-08-26T17:12:45.453+0000] {dagbag.py:537} INFO - Filling up the DagBag from /home/airflow/.local/lib/python3.7/site-packages/airflow/example_dags/example_branch_operator.py
[2023-08-26T17:12:45.466+0000] {processor.py:766} INFO - DAG(s) dict_keys(['example_branch_operator']) retrieved from /home/airflow/.local/lib/python3.7/site-packages/airflow/example_dags/example_branch_operator.py
[2023-08-26T17:12:45.497+0000] {logging_mixin.py:120} INFO - [2023-08-26T17:12:45.497+0000] {dag.py:2585} INFO - Sync 1 DAGs
[2023-08-26T17:12:45.513+0000] {logging_mixin.py:120} INFO - [2023-08-26T17:12:45.513+0000] {dag.py:3340} INFO - Setting next_dagrun for example_branch_operator to 2023-08-25T00:00:00+00:00, run_after=2023-08-26T00:00:00+00:00
[2023-08-26T17:12:45.525+0000] {processor.py:176} INFO - Processing /home/airflow/.local/lib/python3.7/site-packages/airflow/example_dags/example_branch_operator.py took 0.077 seconds
[2023-08-26T17:13:15.722+0000] {processor.py:154} INFO - Started process (PID=1236) to work on /home/airflow/.local/lib/python3.7/site-packages/airflow/example_dags/example_branch_operator.py
[2023-08-26T17:13:15.723+0000] {processor.py:756} INFO - Processing file /home/airflow/.local/lib/python3.7/site-packages/airflow/example_dags/example_branch_operator.py for tasks to queue
[2023-08-26T17:13:15.724+0000] {logging_mixin.py:120} INFO - [2023-08-26T17:13:15.724+0000] {dagbag.py:537} INFO - Filling up the DagBag from /home/airflow/.local/lib/python3.7/site-packages/airflow/example_dags/example_branch_operator.py
[2023-08-26T17:13:15.734+0000] {processor.py:766} INFO - DAG(s) dict_keys(['example_branch_operator']) retrieved from /home/airflow/.local/lib/python3.7/site-packages/airflow/example_dags/example_branch_operator.py
[2023-08-26T17:13:15.762+0000] {logging_mixin.py:120} INFO - [2023-08-26T17:13:15.762+0000] {dag.py:2585} INFO - Sync 1 DAGs
[2023-08-26T17:13:15.779+0000] {logging_mixin.py:120} INFO - [2023-08-26T17:13:15.779+0000] {dag.py:3340} INFO - Setting next_dagrun for example_branch_operator to 2023-08-25T00:00:00+00:00, run_after=2023-08-26T00:00:00+00:00
[2023-08-26T17:13:15.791+0000] {processor.py:176} INFO - Processing /home/airflow/.local/lib/python3.7/site-packages/airflow/example_dags/example_branch_operator.py took 0.071 seconds
[2023-08-26T17:13:45.853+0000] {processor.py:154} INFO - Started process (PID=1299) to work on /home/airflow/.local/lib/python3.7/site-packages/airflow/example_dags/example_branch_operator.py
[2023-08-26T17:13:45.854+0000] {processor.py:756} INFO - Processing file /home/airflow/.local/lib/python3.7/site-packages/airflow/example_dags/example_branch_operator.py for tasks to queue
[2023-08-26T17:13:45.854+0000] {logging_mixin.py:120} INFO - [2023-08-26T17:13:45.854+0000] {dagbag.py:537} INFO - Filling up the DagBag from /home/airflow/.local/lib/python3.7/site-packages/airflow/example_dags/example_branch_operator.py
[2023-08-26T17:13:45.864+0000] {processor.py:766} INFO - DAG(s) dict_keys(['example_branch_operator']) retrieved from /home/airflow/.local/lib/python3.7/site-packages/airflow/example_dags/example_branch_operator.py
[2023-08-26T17:13:45.890+0000] {logging_mixin.py:120} INFO - [2023-08-26T17:13:45.890+0000] {dag.py:2585} INFO - Sync 1 DAGs
[2023-08-26T17:13:45.906+0000] {logging_mixin.py:120} INFO - [2023-08-26T17:13:45.905+0000] {dag.py:3340} INFO - Setting next_dagrun for example_branch_operator to 2023-08-25T00:00:00+00:00, run_after=2023-08-26T00:00:00+00:00
[2023-08-26T17:13:45.916+0000] {processor.py:176} INFO - Processing /home/airflow/.local/lib/python3.7/site-packages/airflow/example_dags/example_branch_operator.py took 0.065 seconds
[2023-08-26T17:14:16.886+0000] {processor.py:154} INFO - Started process (PID=1362) to work on /home/airflow/.local/lib/python3.7/site-packages/airflow/example_dags/example_branch_operator.py
[2023-08-26T17:14:16.887+0000] {processor.py:756} INFO - Processing file /home/airflow/.local/lib/python3.7/site-packages/airflow/example_dags/example_branch_operator.py for tasks to queue
[2023-08-26T17:14:16.887+0000] {logging_mixin.py:120} INFO - [2023-08-26T17:14:16.887+0000] {dagbag.py:537} INFO - Filling up the DagBag from /home/airflow/.local/lib/python3.7/site-packages/airflow/example_dags/example_branch_operator.py
[2023-08-26T17:14:16.898+0000] {processor.py:766} INFO - DAG(s) dict_keys(['example_branch_operator']) retrieved from /home/airflow/.local/lib/python3.7/site-packages/airflow/example_dags/example_branch_operator.py
[2023-08-26T17:14:16.923+0000] {logging_mixin.py:120} INFO - [2023-08-26T17:14:16.923+0000] {dag.py:2585} INFO - Sync 1 DAGs
[2023-08-26T17:14:16.938+0000] {logging_mixin.py:120} INFO - [2023-08-26T17:14:16.938+0000] {dag.py:3340} INFO - Setting next_dagrun for example_branch_operator to 2023-08-25T00:00:00+00:00, run_after=2023-08-26T00:00:00+00:00
[2023-08-26T17:14:16.948+0000] {processor.py:176} INFO - Processing /home/airflow/.local/lib/python3.7/site-packages/airflow/example_dags/example_branch_operator.py took 0.064 seconds
[2023-08-26T17:14:47.166+0000] {processor.py:154} INFO - Started process (PID=1427) to work on /home/airflow/.local/lib/python3.7/site-packages/airflow/example_dags/example_branch_operator.py
[2023-08-26T17:14:47.167+0000] {processor.py:756} INFO - Processing file /home/airflow/.local/lib/python3.7/site-packages/airflow/example_dags/example_branch_operator.py for tasks to queue
[2023-08-26T17:14:47.168+0000] {logging_mixin.py:120} INFO - [2023-08-26T17:14:47.168+0000] {dagbag.py:537} INFO - Filling up the DagBag from /home/airflow/.local/lib/python3.7/site-packages/airflow/example_dags/example_branch_operator.py
[2023-08-26T17:14:47.180+0000] {processor.py:766} INFO - DAG(s) dict_keys(['example_branch_operator']) retrieved from /home/airflow/.local/lib/python3.7/site-packages/airflow/example_dags/example_branch_operator.py
[2023-08-26T17:14:47.209+0000] {logging_mixin.py:120} INFO - [2023-08-26T17:14:47.209+0000] {dag.py:2585} INFO - Sync 1 DAGs
[2023-08-26T17:14:47.225+0000] {logging_mixin.py:120} INFO - [2023-08-26T17:14:47.225+0000] {dag.py:3340} INFO - Setting next_dagrun for example_branch_operator to 2023-08-25T00:00:00+00:00, run_after=2023-08-26T00:00:00+00:00
[2023-08-26T17:14:47.235+0000] {processor.py:176} INFO - Processing /home/airflow/.local/lib/python3.7/site-packages/airflow/example_dags/example_branch_operator.py took 0.072 seconds
[2023-08-26T17:15:17.298+0000] {processor.py:154} INFO - Started process (PID=1490) to work on /home/airflow/.local/lib/python3.7/site-packages/airflow/example_dags/example_branch_operator.py
[2023-08-26T17:15:17.299+0000] {processor.py:756} INFO - Processing file /home/airflow/.local/lib/python3.7/site-packages/airflow/example_dags/example_branch_operator.py for tasks to queue
[2023-08-26T17:15:17.299+0000] {logging_mixin.py:120} INFO - [2023-08-26T17:15:17.299+0000] {dagbag.py:537} INFO - Filling up the DagBag from /home/airflow/.local/lib/python3.7/site-packages/airflow/example_dags/example_branch_operator.py
[2023-08-26T17:15:17.309+0000] {processor.py:766} INFO - DAG(s) dict_keys(['example_branch_operator']) retrieved from /home/airflow/.local/lib/python3.7/site-packages/airflow/example_dags/example_branch_operator.py
[2023-08-26T17:15:17.335+0000] {logging_mixin.py:120} INFO - [2023-08-26T17:15:17.335+0000] {dag.py:2585} INFO - Sync 1 DAGs
[2023-08-26T17:15:17.348+0000] {logging_mixin.py:120} INFO - [2023-08-26T17:15:17.348+0000] {dag.py:3340} INFO - Setting next_dagrun for example_branch_operator to 2023-08-25T00:00:00+00:00, run_after=2023-08-26T00:00:00+00:00
[2023-08-26T17:15:17.359+0000] {processor.py:176} INFO - Processing /home/airflow/.local/lib/python3.7/site-packages/airflow/example_dags/example_branch_operator.py took 0.063 seconds
[2023-08-26T17:15:47.467+0000] {processor.py:154} INFO - Started process (PID=1545) to work on /home/airflow/.local/lib/python3.7/site-packages/airflow/example_dags/example_branch_operator.py
[2023-08-26T17:15:47.468+0000] {processor.py:756} INFO - Processing file /home/airflow/.local/lib/python3.7/site-packages/airflow/example_dags/example_branch_operator.py for tasks to queue
[2023-08-26T17:15:47.469+0000] {logging_mixin.py:120} INFO - [2023-08-26T17:15:47.468+0000] {dagbag.py:537} INFO - Filling up the DagBag from /home/airflow/.local/lib/python3.7/site-packages/airflow/example_dags/example_branch_operator.py
[2023-08-26T17:15:47.480+0000] {processor.py:766} INFO - DAG(s) dict_keys(['example_branch_operator']) retrieved from /home/airflow/.local/lib/python3.7/site-packages/airflow/example_dags/example_branch_operator.py
[2023-08-26T17:15:47.506+0000] {logging_mixin.py:120} INFO - [2023-08-26T17:15:47.505+0000] {dag.py:2585} INFO - Sync 1 DAGs
[2023-08-26T17:15:47.520+0000] {logging_mixin.py:120} INFO - [2023-08-26T17:15:47.520+0000] {dag.py:3340} INFO - Setting next_dagrun for example_branch_operator to 2023-08-25T00:00:00+00:00, run_after=2023-08-26T00:00:00+00:00
[2023-08-26T17:15:47.532+0000] {processor.py:176} INFO - Processing /home/airflow/.local/lib/python3.7/site-packages/airflow/example_dags/example_branch_operator.py took 0.067 seconds
[2023-08-26T17:16:18.414+0000] {processor.py:154} INFO - Started process (PID=1608) to work on /home/airflow/.local/lib/python3.7/site-packages/airflow/example_dags/example_branch_operator.py
[2023-08-26T17:16:18.415+0000] {processor.py:756} INFO - Processing file /home/airflow/.local/lib/python3.7/site-packages/airflow/example_dags/example_branch_operator.py for tasks to queue
[2023-08-26T17:16:18.415+0000] {logging_mixin.py:120} INFO - [2023-08-26T17:16:18.415+0000] {dagbag.py:537} INFO - Filling up the DagBag from /home/airflow/.local/lib/python3.7/site-packages/airflow/example_dags/example_branch_operator.py
[2023-08-26T17:16:18.427+0000] {processor.py:766} INFO - DAG(s) dict_keys(['example_branch_operator']) retrieved from /home/airflow/.local/lib/python3.7/site-packages/airflow/example_dags/example_branch_operator.py
[2023-08-26T17:16:18.455+0000] {logging_mixin.py:120} INFO - [2023-08-26T17:16:18.455+0000] {dag.py:2585} INFO - Sync 1 DAGs
[2023-08-26T17:16:18.470+0000] {logging_mixin.py:120} INFO - [2023-08-26T17:16:18.470+0000] {dag.py:3340} INFO - Setting next_dagrun for example_branch_operator to 2023-08-25T00:00:00+00:00, run_after=2023-08-26T00:00:00+00:00
[2023-08-26T17:16:18.480+0000] {processor.py:176} INFO - Processing /home/airflow/.local/lib/python3.7/site-packages/airflow/example_dags/example_branch_operator.py took 0.068 seconds
[2023-08-26T17:16:49.544+0000] {processor.py:154} INFO - Started process (PID=1671) to work on /home/airflow/.local/lib/python3.7/site-packages/airflow/example_dags/example_branch_operator.py
[2023-08-26T17:16:49.546+0000] {processor.py:756} INFO - Processing file /home/airflow/.local/lib/python3.7/site-packages/airflow/example_dags/example_branch_operator.py for tasks to queue
[2023-08-26T17:16:49.546+0000] {logging_mixin.py:120} INFO - [2023-08-26T17:16:49.546+0000] {dagbag.py:537} INFO - Filling up the DagBag from /home/airflow/.local/lib/python3.7/site-packages/airflow/example_dags/example_branch_operator.py
[2023-08-26T17:16:49.561+0000] {processor.py:766} INFO - DAG(s) dict_keys(['example_branch_operator']) retrieved from /home/airflow/.local/lib/python3.7/site-packages/airflow/example_dags/example_branch_operator.py
[2023-08-26T17:16:49.594+0000] {logging_mixin.py:120} INFO - [2023-08-26T17:16:49.594+0000] {dag.py:2585} INFO - Sync 1 DAGs
[2023-08-26T17:16:49.610+0000] {logging_mixin.py:120} INFO - [2023-08-26T17:16:49.610+0000] {dag.py:3340} INFO - Setting next_dagrun for example_branch_operator to 2023-08-25T00:00:00+00:00, run_after=2023-08-26T00:00:00+00:00
[2023-08-26T17:16:49.620+0000] {processor.py:176} INFO - Processing /home/airflow/.local/lib/python3.7/site-packages/airflow/example_dags/example_branch_operator.py took 0.079 seconds
[2023-08-26T17:17:19.722+0000] {processor.py:154} INFO - Started process (PID=1735) to work on /home/airflow/.local/lib/python3.7/site-packages/airflow/example_dags/example_branch_operator.py
[2023-08-26T17:17:19.723+0000] {processor.py:756} INFO - Processing file /home/airflow/.local/lib/python3.7/site-packages/airflow/example_dags/example_branch_operator.py for tasks to queue
[2023-08-26T17:17:19.723+0000] {logging_mixin.py:120} INFO - [2023-08-26T17:17:19.723+0000] {dagbag.py:537} INFO - Filling up the DagBag from /home/airflow/.local/lib/python3.7/site-packages/airflow/example_dags/example_branch_operator.py
[2023-08-26T17:17:19.735+0000] {processor.py:766} INFO - DAG(s) dict_keys(['example_branch_operator']) retrieved from /home/airflow/.local/lib/python3.7/site-packages/airflow/example_dags/example_branch_operator.py
[2023-08-26T17:17:19.769+0000] {logging_mixin.py:120} INFO - [2023-08-26T17:17:19.768+0000] {dag.py:2585} INFO - Sync 1 DAGs
[2023-08-26T17:17:19.786+0000] {logging_mixin.py:120} INFO - [2023-08-26T17:17:19.786+0000] {dag.py:3340} INFO - Setting next_dagrun for example_branch_operator to 2023-08-25T00:00:00+00:00, run_after=2023-08-26T00:00:00+00:00
[2023-08-26T17:17:19.798+0000] {processor.py:176} INFO - Processing /home/airflow/.local/lib/python3.7/site-packages/airflow/example_dags/example_branch_operator.py took 0.079 seconds
[2023-08-26T17:17:50.754+0000] {processor.py:154} INFO - Started process (PID=1797) to work on /home/airflow/.local/lib/python3.7/site-packages/airflow/example_dags/example_branch_operator.py
[2023-08-26T17:17:50.755+0000] {processor.py:756} INFO - Processing file /home/airflow/.local/lib/python3.7/site-packages/airflow/example_dags/example_branch_operator.py for tasks to queue
[2023-08-26T17:17:50.756+0000] {logging_mixin.py:120} INFO - [2023-08-26T17:17:50.756+0000] {dagbag.py:537} INFO - Filling up the DagBag from /home/airflow/.local/lib/python3.7/site-packages/airflow/example_dags/example_branch_operator.py
[2023-08-26T17:17:50.766+0000] {processor.py:766} INFO - DAG(s) dict_keys(['example_branch_operator']) retrieved from /home/airflow/.local/lib/python3.7/site-packages/airflow/example_dags/example_branch_operator.py
[2023-08-26T17:17:50.792+0000] {logging_mixin.py:120} INFO - [2023-08-26T17:17:50.792+0000] {dag.py:2585} INFO - Sync 1 DAGs
[2023-08-26T17:17:50.808+0000] {logging_mixin.py:120} INFO - [2023-08-26T17:17:50.808+0000] {dag.py:3340} INFO - Setting next_dagrun for example_branch_operator to 2023-08-25T00:00:00+00:00, run_after=2023-08-26T00:00:00+00:00
[2023-08-26T17:17:50.818+0000] {processor.py:176} INFO - Processing /home/airflow/.local/lib/python3.7/site-packages/airflow/example_dags/example_branch_operator.py took 0.066 seconds
[2023-08-26T17:18:20.943+0000] {processor.py:154} INFO - Started process (PID=1860) to work on /home/airflow/.local/lib/python3.7/site-packages/airflow/example_dags/example_branch_operator.py
[2023-08-26T17:18:20.943+0000] {processor.py:756} INFO - Processing file /home/airflow/.local/lib/python3.7/site-packages/airflow/example_dags/example_branch_operator.py for tasks to queue
[2023-08-26T17:18:20.944+0000] {logging_mixin.py:120} INFO - [2023-08-26T17:18:20.944+0000] {dagbag.py:537} INFO - Filling up the DagBag from /home/airflow/.local/lib/python3.7/site-packages/airflow/example_dags/example_branch_operator.py
[2023-08-26T17:18:20.956+0000] {processor.py:766} INFO - DAG(s) dict_keys(['example_branch_operator']) retrieved from /home/airflow/.local/lib/python3.7/site-packages/airflow/example_dags/example_branch_operator.py
[2023-08-26T17:18:20.983+0000] {logging_mixin.py:120} INFO - [2023-08-26T17:18:20.983+0000] {dag.py:2585} INFO - Sync 1 DAGs
[2023-08-26T17:18:20.998+0000] {logging_mixin.py:120} INFO - [2023-08-26T17:18:20.998+0000] {dag.py:3340} INFO - Setting next_dagrun for example_branch_operator to 2023-08-25T00:00:00+00:00, run_after=2023-08-26T00:00:00+00:00
[2023-08-26T17:18:21.009+0000] {processor.py:176} INFO - Processing /home/airflow/.local/lib/python3.7/site-packages/airflow/example_dags/example_branch_operator.py took 0.068 seconds
[2023-08-26T17:18:51.336+0000] {processor.py:154} INFO - Started process (PID=1922) to work on /home/airflow/.local/lib/python3.7/site-packages/airflow/example_dags/example_branch_operator.py
[2023-08-26T17:18:51.337+0000] {processor.py:756} INFO - Processing file /home/airflow/.local/lib/python3.7/site-packages/airflow/example_dags/example_branch_operator.py for tasks to queue
[2023-08-26T17:18:51.337+0000] {logging_mixin.py:120} INFO - [2023-08-26T17:18:51.337+0000] {dagbag.py:537} INFO - Filling up the DagBag from /home/airflow/.local/lib/python3.7/site-packages/airflow/example_dags/example_branch_operator.py
[2023-08-26T17:18:51.349+0000] {processor.py:766} INFO - DAG(s) dict_keys(['example_branch_operator']) retrieved from /home/airflow/.local/lib/python3.7/site-packages/airflow/example_dags/example_branch_operator.py
[2023-08-26T17:18:51.379+0000] {logging_mixin.py:120} INFO - [2023-08-26T17:18:51.379+0000] {dag.py:2585} INFO - Sync 1 DAGs
[2023-08-26T17:18:51.397+0000] {logging_mixin.py:120} INFO - [2023-08-26T17:18:51.397+0000] {dag.py:3340} INFO - Setting next_dagrun for example_branch_operator to 2023-08-25T00:00:00+00:00, run_after=2023-08-26T00:00:00+00:00
[2023-08-26T17:18:51.410+0000] {processor.py:176} INFO - Processing /home/airflow/.local/lib/python3.7/site-packages/airflow/example_dags/example_branch_operator.py took 0.077 seconds
[2023-08-26T17:19:21.487+0000] {processor.py:154} INFO - Started process (PID=1976) to work on /home/airflow/.local/lib/python3.7/site-packages/airflow/example_dags/example_branch_operator.py
[2023-08-26T17:19:21.488+0000] {processor.py:756} INFO - Processing file /home/airflow/.local/lib/python3.7/site-packages/airflow/example_dags/example_branch_operator.py for tasks to queue
[2023-08-26T17:19:21.489+0000] {logging_mixin.py:120} INFO - [2023-08-26T17:19:21.489+0000] {dagbag.py:537} INFO - Filling up the DagBag from /home/airflow/.local/lib/python3.7/site-packages/airflow/example_dags/example_branch_operator.py
[2023-08-26T17:19:21.499+0000] {processor.py:766} INFO - DAG(s) dict_keys(['example_branch_operator']) retrieved from /home/airflow/.local/lib/python3.7/site-packages/airflow/example_dags/example_branch_operator.py
[2023-08-26T17:19:21.526+0000] {logging_mixin.py:120} INFO - [2023-08-26T17:19:21.526+0000] {dag.py:2585} INFO - Sync 1 DAGs
[2023-08-26T17:19:21.541+0000] {logging_mixin.py:120} INFO - [2023-08-26T17:19:21.540+0000] {dag.py:3340} INFO - Setting next_dagrun for example_branch_operator to 2023-08-25T00:00:00+00:00, run_after=2023-08-26T00:00:00+00:00
[2023-08-26T17:19:21.550+0000] {processor.py:176} INFO - Processing /home/airflow/.local/lib/python3.7/site-packages/airflow/example_dags/example_branch_operator.py took 0.066 seconds
[2023-08-26T17:19:52.515+0000] {processor.py:154} INFO - Started process (PID=2039) to work on /home/airflow/.local/lib/python3.7/site-packages/airflow/example_dags/example_branch_operator.py
[2023-08-26T17:19:52.516+0000] {processor.py:756} INFO - Processing file /home/airflow/.local/lib/python3.7/site-packages/airflow/example_dags/example_branch_operator.py for tasks to queue
[2023-08-26T17:19:52.516+0000] {logging_mixin.py:120} INFO - [2023-08-26T17:19:52.516+0000] {dagbag.py:537} INFO - Filling up the DagBag from /home/airflow/.local/lib/python3.7/site-packages/airflow/example_dags/example_branch_operator.py
[2023-08-26T17:19:52.525+0000] {processor.py:766} INFO - DAG(s) dict_keys(['example_branch_operator']) retrieved from /home/airflow/.local/lib/python3.7/site-packages/airflow/example_dags/example_branch_operator.py
[2023-08-26T17:19:52.549+0000] {logging_mixin.py:120} INFO - [2023-08-26T17:19:52.549+0000] {dag.py:2585} INFO - Sync 1 DAGs
[2023-08-26T17:19:52.562+0000] {logging_mixin.py:120} INFO - [2023-08-26T17:19:52.562+0000] {dag.py:3340} INFO - Setting next_dagrun for example_branch_operator to 2023-08-25T00:00:00+00:00, run_after=2023-08-26T00:00:00+00:00
[2023-08-26T17:19:52.572+0000] {processor.py:176} INFO - Processing /home/airflow/.local/lib/python3.7/site-packages/airflow/example_dags/example_branch_operator.py took 0.059 seconds
[2023-08-26T17:20:22.737+0000] {processor.py:154} INFO - Started process (PID=2102) to work on /home/airflow/.local/lib/python3.7/site-packages/airflow/example_dags/example_branch_operator.py
[2023-08-26T17:20:22.738+0000] {processor.py:756} INFO - Processing file /home/airflow/.local/lib/python3.7/site-packages/airflow/example_dags/example_branch_operator.py for tasks to queue
[2023-08-26T17:20:22.739+0000] {logging_mixin.py:120} INFO - [2023-08-26T17:20:22.739+0000] {dagbag.py:537} INFO - Filling up the DagBag from /home/airflow/.local/lib/python3.7/site-packages/airflow/example_dags/example_branch_operator.py
[2023-08-26T17:20:22.749+0000] {processor.py:766} INFO - DAG(s) dict_keys(['example_branch_operator']) retrieved from /home/airflow/.local/lib/python3.7/site-packages/airflow/example_dags/example_branch_operator.py
[2023-08-26T17:20:22.775+0000] {logging_mixin.py:120} INFO - [2023-08-26T17:20:22.775+0000] {dag.py:2585} INFO - Sync 1 DAGs
[2023-08-26T17:20:22.791+0000] {logging_mixin.py:120} INFO - [2023-08-26T17:20:22.791+0000] {dag.py:3340} INFO - Setting next_dagrun for example_branch_operator to 2023-08-25T00:00:00+00:00, run_after=2023-08-26T00:00:00+00:00
[2023-08-26T17:20:22.801+0000] {processor.py:176} INFO - Processing /home/airflow/.local/lib/python3.7/site-packages/airflow/example_dags/example_branch_operator.py took 0.066 seconds
[2023-08-26T17:20:53.093+0000] {processor.py:154} INFO - Started process (PID=2165) to work on /home/airflow/.local/lib/python3.7/site-packages/airflow/example_dags/example_branch_operator.py
[2023-08-26T17:20:53.093+0000] {processor.py:756} INFO - Processing file /home/airflow/.local/lib/python3.7/site-packages/airflow/example_dags/example_branch_operator.py for tasks to queue
[2023-08-26T17:20:53.094+0000] {logging_mixin.py:120} INFO - [2023-08-26T17:20:53.094+0000] {dagbag.py:537} INFO - Filling up the DagBag from /home/airflow/.local/lib/python3.7/site-packages/airflow/example_dags/example_branch_operator.py
[2023-08-26T17:20:53.105+0000] {processor.py:766} INFO - DAG(s) dict_keys(['example_branch_operator']) retrieved from /home/airflow/.local/lib/python3.7/site-packages/airflow/example_dags/example_branch_operator.py
[2023-08-26T17:20:53.131+0000] {logging_mixin.py:120} INFO - [2023-08-26T17:20:53.131+0000] {dag.py:2585} INFO - Sync 1 DAGs
[2023-08-26T17:20:53.146+0000] {logging_mixin.py:120} INFO - [2023-08-26T17:20:53.146+0000] {dag.py:3340} INFO - Setting next_dagrun for example_branch_operator to 2023-08-25T00:00:00+00:00, run_after=2023-08-26T00:00:00+00:00
[2023-08-26T17:20:53.157+0000] {processor.py:176} INFO - Processing /home/airflow/.local/lib/python3.7/site-packages/airflow/example_dags/example_branch_operator.py took 0.066 seconds
[2023-08-26T17:21:23.390+0000] {processor.py:154} INFO - Started process (PID=2228) to work on /home/airflow/.local/lib/python3.7/site-packages/airflow/example_dags/example_branch_operator.py
[2023-08-26T17:21:23.391+0000] {processor.py:756} INFO - Processing file /home/airflow/.local/lib/python3.7/site-packages/airflow/example_dags/example_branch_operator.py for tasks to queue
[2023-08-26T17:21:23.391+0000] {logging_mixin.py:120} INFO - [2023-08-26T17:21:23.391+0000] {dagbag.py:537} INFO - Filling up the DagBag from /home/airflow/.local/lib/python3.7/site-packages/airflow/example_dags/example_branch_operator.py
[2023-08-26T17:21:23.405+0000] {processor.py:766} INFO - DAG(s) dict_keys(['example_branch_operator']) retrieved from /home/airflow/.local/lib/python3.7/site-packages/airflow/example_dags/example_branch_operator.py
[2023-08-26T17:21:23.436+0000] {logging_mixin.py:120} INFO - [2023-08-26T17:21:23.436+0000] {dag.py:2585} INFO - Sync 1 DAGs
[2023-08-26T17:21:23.452+0000] {logging_mixin.py:120} INFO - [2023-08-26T17:21:23.452+0000] {dag.py:3340} INFO - Setting next_dagrun for example_branch_operator to 2023-08-25T00:00:00+00:00, run_after=2023-08-26T00:00:00+00:00
[2023-08-26T17:21:23.465+0000] {processor.py:176} INFO - Processing /home/airflow/.local/lib/python3.7/site-packages/airflow/example_dags/example_branch_operator.py took 0.078 seconds
[2023-08-26T17:21:53.758+0000] {processor.py:154} INFO - Started process (PID=2282) to work on /home/airflow/.local/lib/python3.7/site-packages/airflow/example_dags/example_branch_operator.py
[2023-08-26T17:21:53.759+0000] {processor.py:756} INFO - Processing file /home/airflow/.local/lib/python3.7/site-packages/airflow/example_dags/example_branch_operator.py for tasks to queue
[2023-08-26T17:21:53.759+0000] {logging_mixin.py:120} INFO - [2023-08-26T17:21:53.759+0000] {dagbag.py:537} INFO - Filling up the DagBag from /home/airflow/.local/lib/python3.7/site-packages/airflow/example_dags/example_branch_operator.py
[2023-08-26T17:21:53.770+0000] {processor.py:766} INFO - DAG(s) dict_keys(['example_branch_operator']) retrieved from /home/airflow/.local/lib/python3.7/site-packages/airflow/example_dags/example_branch_operator.py
[2023-08-26T17:21:53.795+0000] {logging_mixin.py:120} INFO - [2023-08-26T17:21:53.795+0000] {dag.py:2585} INFO - Sync 1 DAGs
[2023-08-26T17:21:53.810+0000] {logging_mixin.py:120} INFO - [2023-08-26T17:21:53.810+0000] {dag.py:3340} INFO - Setting next_dagrun for example_branch_operator to 2023-08-25T00:00:00+00:00, run_after=2023-08-26T00:00:00+00:00
[2023-08-26T17:21:53.819+0000] {processor.py:176} INFO - Processing /home/airflow/.local/lib/python3.7/site-packages/airflow/example_dags/example_branch_operator.py took 0.064 seconds
[2023-08-26T17:22:23.941+0000] {processor.py:154} INFO - Started process (PID=2345) to work on /home/airflow/.local/lib/python3.7/site-packages/airflow/example_dags/example_branch_operator.py
[2023-08-26T17:22:23.942+0000] {processor.py:756} INFO - Processing file /home/airflow/.local/lib/python3.7/site-packages/airflow/example_dags/example_branch_operator.py for tasks to queue
[2023-08-26T17:22:23.943+0000] {logging_mixin.py:120} INFO - [2023-08-26T17:22:23.943+0000] {dagbag.py:537} INFO - Filling up the DagBag from /home/airflow/.local/lib/python3.7/site-packages/airflow/example_dags/example_branch_operator.py
[2023-08-26T17:22:23.953+0000] {processor.py:766} INFO - DAG(s) dict_keys(['example_branch_operator']) retrieved from /home/airflow/.local/lib/python3.7/site-packages/airflow/example_dags/example_branch_operator.py
[2023-08-26T17:22:23.979+0000] {logging_mixin.py:120} INFO - [2023-08-26T17:22:23.979+0000] {dag.py:2585} INFO - Sync 1 DAGs
[2023-08-26T17:22:23.994+0000] {logging_mixin.py:120} INFO - [2023-08-26T17:22:23.994+0000] {dag.py:3340} INFO - Setting next_dagrun for example_branch_operator to 2023-08-25T00:00:00+00:00, run_after=2023-08-26T00:00:00+00:00
[2023-08-26T17:22:24.004+0000] {processor.py:176} INFO - Processing /home/airflow/.local/lib/python3.7/site-packages/airflow/example_dags/example_branch_operator.py took 0.065 seconds
[2023-08-26T17:22:55.141+0000] {processor.py:154} INFO - Started process (PID=2406) to work on /home/airflow/.local/lib/python3.7/site-packages/airflow/example_dags/example_branch_operator.py
[2023-08-26T17:22:55.145+0000] {processor.py:756} INFO - Processing file /home/airflow/.local/lib/python3.7/site-packages/airflow/example_dags/example_branch_operator.py for tasks to queue
[2023-08-26T17:22:55.146+0000] {logging_mixin.py:120} INFO - [2023-08-26T17:22:55.146+0000] {dagbag.py:537} INFO - Filling up the DagBag from /home/airflow/.local/lib/python3.7/site-packages/airflow/example_dags/example_branch_operator.py
[2023-08-26T17:22:55.159+0000] {processor.py:766} INFO - DAG(s) dict_keys(['example_branch_operator']) retrieved from /home/airflow/.local/lib/python3.7/site-packages/airflow/example_dags/example_branch_operator.py
[2023-08-26T17:22:55.192+0000] {logging_mixin.py:120} INFO - [2023-08-26T17:22:55.192+0000] {dag.py:2585} INFO - Sync 1 DAGs
[2023-08-26T17:22:55.212+0000] {logging_mixin.py:120} INFO - [2023-08-26T17:22:55.212+0000] {dag.py:3340} INFO - Setting next_dagrun for example_branch_operator to 2023-08-25T00:00:00+00:00, run_after=2023-08-26T00:00:00+00:00
[2023-08-26T17:22:55.227+0000] {processor.py:176} INFO - Processing /home/airflow/.local/lib/python3.7/site-packages/airflow/example_dags/example_branch_operator.py took 0.088 seconds
[2023-08-26T17:23:25.347+0000] {processor.py:154} INFO - Started process (PID=2469) to work on /home/airflow/.local/lib/python3.7/site-packages/airflow/example_dags/example_branch_operator.py
[2023-08-26T17:23:25.348+0000] {processor.py:756} INFO - Processing file /home/airflow/.local/lib/python3.7/site-packages/airflow/example_dags/example_branch_operator.py for tasks to queue
[2023-08-26T17:23:25.349+0000] {logging_mixin.py:120} INFO - [2023-08-26T17:23:25.349+0000] {dagbag.py:537} INFO - Filling up the DagBag from /home/airflow/.local/lib/python3.7/site-packages/airflow/example_dags/example_branch_operator.py
[2023-08-26T17:23:25.360+0000] {processor.py:766} INFO - DAG(s) dict_keys(['example_branch_operator']) retrieved from /home/airflow/.local/lib/python3.7/site-packages/airflow/example_dags/example_branch_operator.py
[2023-08-26T17:23:25.392+0000] {logging_mixin.py:120} INFO - [2023-08-26T17:23:25.392+0000] {dag.py:2585} INFO - Sync 1 DAGs
[2023-08-26T17:23:25.410+0000] {logging_mixin.py:120} INFO - [2023-08-26T17:23:25.410+0000] {dag.py:3340} INFO - Setting next_dagrun for example_branch_operator to 2023-08-25T00:00:00+00:00, run_after=2023-08-26T00:00:00+00:00
[2023-08-26T17:23:25.423+0000] {processor.py:176} INFO - Processing /home/airflow/.local/lib/python3.7/site-packages/airflow/example_dags/example_branch_operator.py took 0.078 seconds
[2023-08-26T17:23:55.658+0000] {processor.py:154} INFO - Started process (PID=2531) to work on /home/airflow/.local/lib/python3.7/site-packages/airflow/example_dags/example_branch_operator.py
[2023-08-26T17:23:55.659+0000] {processor.py:756} INFO - Processing file /home/airflow/.local/lib/python3.7/site-packages/airflow/example_dags/example_branch_operator.py for tasks to queue
[2023-08-26T17:23:55.660+0000] {logging_mixin.py:120} INFO - [2023-08-26T17:23:55.660+0000] {dagbag.py:537} INFO - Filling up the DagBag from /home/airflow/.local/lib/python3.7/site-packages/airflow/example_dags/example_branch_operator.py
[2023-08-26T17:23:55.672+0000] {processor.py:766} INFO - DAG(s) dict_keys(['example_branch_operator']) retrieved from /home/airflow/.local/lib/python3.7/site-packages/airflow/example_dags/example_branch_operator.py
[2023-08-26T17:23:55.698+0000] {logging_mixin.py:120} INFO - [2023-08-26T17:23:55.698+0000] {dag.py:2585} INFO - Sync 1 DAGs
[2023-08-26T17:23:55.713+0000] {logging_mixin.py:120} INFO - [2023-08-26T17:23:55.712+0000] {dag.py:3340} INFO - Setting next_dagrun for example_branch_operator to 2023-08-25T00:00:00+00:00, run_after=2023-08-26T00:00:00+00:00
[2023-08-26T17:23:55.725+0000] {processor.py:176} INFO - Processing /home/airflow/.local/lib/python3.7/site-packages/airflow/example_dags/example_branch_operator.py took 0.068 seconds
[2023-08-26T17:24:26.030+0000] {processor.py:154} INFO - Started process (PID=2595) to work on /home/airflow/.local/lib/python3.7/site-packages/airflow/example_dags/example_branch_operator.py
[2023-08-26T17:24:26.031+0000] {processor.py:756} INFO - Processing file /home/airflow/.local/lib/python3.7/site-packages/airflow/example_dags/example_branch_operator.py for tasks to queue
[2023-08-26T17:24:26.032+0000] {logging_mixin.py:120} INFO - [2023-08-26T17:24:26.032+0000] {dagbag.py:537} INFO - Filling up the DagBag from /home/airflow/.local/lib/python3.7/site-packages/airflow/example_dags/example_branch_operator.py
[2023-08-26T17:24:26.045+0000] {processor.py:766} INFO - DAG(s) dict_keys(['example_branch_operator']) retrieved from /home/airflow/.local/lib/python3.7/site-packages/airflow/example_dags/example_branch_operator.py
[2023-08-26T17:24:26.072+0000] {logging_mixin.py:120} INFO - [2023-08-26T17:24:26.072+0000] {dag.py:2585} INFO - Sync 1 DAGs
[2023-08-26T17:24:26.088+0000] {logging_mixin.py:120} INFO - [2023-08-26T17:24:26.088+0000] {dag.py:3340} INFO - Setting next_dagrun for example_branch_operator to 2023-08-25T00:00:00+00:00, run_after=2023-08-26T00:00:00+00:00
[2023-08-26T17:24:26.099+0000] {processor.py:176} INFO - Processing /home/airflow/.local/lib/python3.7/site-packages/airflow/example_dags/example_branch_operator.py took 0.072 seconds
[2023-08-26T17:24:57.173+0000] {processor.py:154} INFO - Started process (PID=2650) to work on /home/airflow/.local/lib/python3.7/site-packages/airflow/example_dags/example_branch_operator.py
[2023-08-26T17:24:57.174+0000] {processor.py:756} INFO - Processing file /home/airflow/.local/lib/python3.7/site-packages/airflow/example_dags/example_branch_operator.py for tasks to queue
[2023-08-26T17:24:57.175+0000] {logging_mixin.py:120} INFO - [2023-08-26T17:24:57.175+0000] {dagbag.py:537} INFO - Filling up the DagBag from /home/airflow/.local/lib/python3.7/site-packages/airflow/example_dags/example_branch_operator.py
[2023-08-26T17:24:57.186+0000] {processor.py:766} INFO - DAG(s) dict_keys(['example_branch_operator']) retrieved from /home/airflow/.local/lib/python3.7/site-packages/airflow/example_dags/example_branch_operator.py
[2023-08-26T17:24:57.213+0000] {logging_mixin.py:120} INFO - [2023-08-26T17:24:57.213+0000] {dag.py:2585} INFO - Sync 1 DAGs
[2023-08-26T17:24:57.228+0000] {logging_mixin.py:120} INFO - [2023-08-26T17:24:57.228+0000] {dag.py:3340} INFO - Setting next_dagrun for example_branch_operator to 2023-08-25T00:00:00+00:00, run_after=2023-08-26T00:00:00+00:00
[2023-08-26T17:24:57.238+0000] {processor.py:176} INFO - Processing /home/airflow/.local/lib/python3.7/site-packages/airflow/example_dags/example_branch_operator.py took 0.068 seconds
[2023-08-26T17:25:27.483+0000] {processor.py:154} INFO - Started process (PID=2714) to work on /home/airflow/.local/lib/python3.7/site-packages/airflow/example_dags/example_branch_operator.py
[2023-08-26T17:25:27.484+0000] {processor.py:756} INFO - Processing file /home/airflow/.local/lib/python3.7/site-packages/airflow/example_dags/example_branch_operator.py for tasks to queue
[2023-08-26T17:25:27.484+0000] {logging_mixin.py:120} INFO - [2023-08-26T17:25:27.484+0000] {dagbag.py:537} INFO - Filling up the DagBag from /home/airflow/.local/lib/python3.7/site-packages/airflow/example_dags/example_branch_operator.py
[2023-08-26T17:25:27.495+0000] {processor.py:766} INFO - DAG(s) dict_keys(['example_branch_operator']) retrieved from /home/airflow/.local/lib/python3.7/site-packages/airflow/example_dags/example_branch_operator.py
[2023-08-26T17:25:27.523+0000] {logging_mixin.py:120} INFO - [2023-08-26T17:25:27.522+0000] {dag.py:2585} INFO - Sync 1 DAGs
[2023-08-26T17:25:27.538+0000] {logging_mixin.py:120} INFO - [2023-08-26T17:25:27.538+0000] {dag.py:3340} INFO - Setting next_dagrun for example_branch_operator to 2023-08-25T00:00:00+00:00, run_after=2023-08-26T00:00:00+00:00
[2023-08-26T17:25:27.550+0000] {processor.py:176} INFO - Processing /home/airflow/.local/lib/python3.7/site-packages/airflow/example_dags/example_branch_operator.py took 0.069 seconds
[2023-08-26T17:25:57.711+0000] {processor.py:154} INFO - Started process (PID=2776) to work on /home/airflow/.local/lib/python3.7/site-packages/airflow/example_dags/example_branch_operator.py
[2023-08-26T17:25:57.712+0000] {processor.py:756} INFO - Processing file /home/airflow/.local/lib/python3.7/site-packages/airflow/example_dags/example_branch_operator.py for tasks to queue
[2023-08-26T17:25:57.712+0000] {logging_mixin.py:120} INFO - [2023-08-26T17:25:57.712+0000] {dagbag.py:537} INFO - Filling up the DagBag from /home/airflow/.local/lib/python3.7/site-packages/airflow/example_dags/example_branch_operator.py
[2023-08-26T17:25:57.725+0000] {processor.py:766} INFO - DAG(s) dict_keys(['example_branch_operator']) retrieved from /home/airflow/.local/lib/python3.7/site-packages/airflow/example_dags/example_branch_operator.py
[2023-08-26T17:25:57.749+0000] {logging_mixin.py:120} INFO - [2023-08-26T17:25:57.749+0000] {dag.py:2585} INFO - Sync 1 DAGs
[2023-08-26T17:25:57.762+0000] {logging_mixin.py:120} INFO - [2023-08-26T17:25:57.762+0000] {dag.py:3340} INFO - Setting next_dagrun for example_branch_operator to 2023-08-25T00:00:00+00:00, run_after=2023-08-26T00:00:00+00:00
[2023-08-26T17:25:57.772+0000] {processor.py:176} INFO - Processing /home/airflow/.local/lib/python3.7/site-packages/airflow/example_dags/example_branch_operator.py took 0.064 seconds
[2023-08-26T17:26:28.761+0000] {processor.py:154} INFO - Started process (PID=2839) to work on /home/airflow/.local/lib/python3.7/site-packages/airflow/example_dags/example_branch_operator.py
[2023-08-26T17:26:28.762+0000] {processor.py:756} INFO - Processing file /home/airflow/.local/lib/python3.7/site-packages/airflow/example_dags/example_branch_operator.py for tasks to queue
[2023-08-26T17:26:28.763+0000] {logging_mixin.py:120} INFO - [2023-08-26T17:26:28.763+0000] {dagbag.py:537} INFO - Filling up the DagBag from /home/airflow/.local/lib/python3.7/site-packages/airflow/example_dags/example_branch_operator.py
[2023-08-26T17:26:28.773+0000] {processor.py:766} INFO - DAG(s) dict_keys(['example_branch_operator']) retrieved from /home/airflow/.local/lib/python3.7/site-packages/airflow/example_dags/example_branch_operator.py
[2023-08-26T17:26:28.799+0000] {logging_mixin.py:120} INFO - [2023-08-26T17:26:28.799+0000] {dag.py:2585} INFO - Sync 1 DAGs
[2023-08-26T17:26:28.813+0000] {logging_mixin.py:120} INFO - [2023-08-26T17:26:28.813+0000] {dag.py:3340} INFO - Setting next_dagrun for example_branch_operator to 2023-08-25T00:00:00+00:00, run_after=2023-08-26T00:00:00+00:00
[2023-08-26T17:26:28.822+0000] {processor.py:176} INFO - Processing /home/airflow/.local/lib/python3.7/site-packages/airflow/example_dags/example_branch_operator.py took 0.063 seconds
[2023-08-26T17:26:59.689+0000] {processor.py:154} INFO - Started process (PID=2901) to work on /home/airflow/.local/lib/python3.7/site-packages/airflow/example_dags/example_branch_operator.py
[2023-08-26T17:26:59.690+0000] {processor.py:756} INFO - Processing file /home/airflow/.local/lib/python3.7/site-packages/airflow/example_dags/example_branch_operator.py for tasks to queue
[2023-08-26T17:26:59.691+0000] {logging_mixin.py:120} INFO - [2023-08-26T17:26:59.690+0000] {dagbag.py:537} INFO - Filling up the DagBag from /home/airflow/.local/lib/python3.7/site-packages/airflow/example_dags/example_branch_operator.py
[2023-08-26T17:26:59.701+0000] {processor.py:766} INFO - DAG(s) dict_keys(['example_branch_operator']) retrieved from /home/airflow/.local/lib/python3.7/site-packages/airflow/example_dags/example_branch_operator.py
[2023-08-26T17:26:59.727+0000] {logging_mixin.py:120} INFO - [2023-08-26T17:26:59.727+0000] {dag.py:2585} INFO - Sync 1 DAGs
[2023-08-26T17:26:59.741+0000] {logging_mixin.py:120} INFO - [2023-08-26T17:26:59.741+0000] {dag.py:3340} INFO - Setting next_dagrun for example_branch_operator to 2023-08-25T00:00:00+00:00, run_after=2023-08-26T00:00:00+00:00
[2023-08-26T17:26:59.750+0000] {processor.py:176} INFO - Processing /home/airflow/.local/lib/python3.7/site-packages/airflow/example_dags/example_branch_operator.py took 0.063 seconds
[2023-08-26T17:27:30.741+0000] {processor.py:154} INFO - Started process (PID=2963) to work on /home/airflow/.local/lib/python3.7/site-packages/airflow/example_dags/example_branch_operator.py
[2023-08-26T17:27:30.742+0000] {processor.py:756} INFO - Processing file /home/airflow/.local/lib/python3.7/site-packages/airflow/example_dags/example_branch_operator.py for tasks to queue
[2023-08-26T17:27:30.742+0000] {logging_mixin.py:120} INFO - [2023-08-26T17:27:30.742+0000] {dagbag.py:537} INFO - Filling up the DagBag from /home/airflow/.local/lib/python3.7/site-packages/airflow/example_dags/example_branch_operator.py
[2023-08-26T17:27:30.752+0000] {processor.py:766} INFO - DAG(s) dict_keys(['example_branch_operator']) retrieved from /home/airflow/.local/lib/python3.7/site-packages/airflow/example_dags/example_branch_operator.py
[2023-08-26T17:27:30.779+0000] {logging_mixin.py:120} INFO - [2023-08-26T17:27:30.779+0000] {dag.py:2585} INFO - Sync 1 DAGs
[2023-08-26T17:27:30.793+0000] {logging_mixin.py:120} INFO - [2023-08-26T17:27:30.793+0000] {dag.py:3340} INFO - Setting next_dagrun for example_branch_operator to 2023-08-25T00:00:00+00:00, run_after=2023-08-26T00:00:00+00:00
[2023-08-26T17:27:30.803+0000] {processor.py:176} INFO - Processing /home/airflow/.local/lib/python3.7/site-packages/airflow/example_dags/example_branch_operator.py took 0.064 seconds
[2023-08-26T17:28:00.971+0000] {processor.py:154} INFO - Started process (PID=3025) to work on /home/airflow/.local/lib/python3.7/site-packages/airflow/example_dags/example_branch_operator.py
[2023-08-26T17:28:00.973+0000] {processor.py:756} INFO - Processing file /home/airflow/.local/lib/python3.7/site-packages/airflow/example_dags/example_branch_operator.py for tasks to queue
[2023-08-26T17:28:00.973+0000] {logging_mixin.py:120} INFO - [2023-08-26T17:28:00.973+0000] {dagbag.py:537} INFO - Filling up the DagBag from /home/airflow/.local/lib/python3.7/site-packages/airflow/example_dags/example_branch_operator.py
[2023-08-26T17:28:00.986+0000] {processor.py:766} INFO - DAG(s) dict_keys(['example_branch_operator']) retrieved from /home/airflow/.local/lib/python3.7/site-packages/airflow/example_dags/example_branch_operator.py
[2023-08-26T17:28:01.019+0000] {logging_mixin.py:120} INFO - [2023-08-26T17:28:01.019+0000] {dag.py:2585} INFO - Sync 1 DAGs
[2023-08-26T17:28:01.036+0000] {logging_mixin.py:120} INFO - [2023-08-26T17:28:01.036+0000] {dag.py:3340} INFO - Setting next_dagrun for example_branch_operator to 2023-08-25T00:00:00+00:00, run_after=2023-08-26T00:00:00+00:00
[2023-08-26T17:28:01.053+0000] {processor.py:176} INFO - Processing /home/airflow/.local/lib/python3.7/site-packages/airflow/example_dags/example_branch_operator.py took 0.085 seconds
[2023-08-26T17:28:32.050+0000] {processor.py:154} INFO - Started process (PID=3079) to work on /home/airflow/.local/lib/python3.7/site-packages/airflow/example_dags/example_branch_operator.py
[2023-08-26T17:28:32.050+0000] {processor.py:756} INFO - Processing file /home/airflow/.local/lib/python3.7/site-packages/airflow/example_dags/example_branch_operator.py for tasks to queue
[2023-08-26T17:28:32.051+0000] {logging_mixin.py:120} INFO - [2023-08-26T17:28:32.051+0000] {dagbag.py:537} INFO - Filling up the DagBag from /home/airflow/.local/lib/python3.7/site-packages/airflow/example_dags/example_branch_operator.py
[2023-08-26T17:28:32.061+0000] {processor.py:766} INFO - DAG(s) dict_keys(['example_branch_operator']) retrieved from /home/airflow/.local/lib/python3.7/site-packages/airflow/example_dags/example_branch_operator.py
[2023-08-26T17:28:32.088+0000] {logging_mixin.py:120} INFO - [2023-08-26T17:28:32.088+0000] {dag.py:2585} INFO - Sync 1 DAGs
[2023-08-26T17:28:32.103+0000] {logging_mixin.py:120} INFO - [2023-08-26T17:28:32.103+0000] {dag.py:3340} INFO - Setting next_dagrun for example_branch_operator to 2023-08-25T00:00:00+00:00, run_after=2023-08-26T00:00:00+00:00
[2023-08-26T17:28:32.113+0000] {processor.py:176} INFO - Processing /home/airflow/.local/lib/python3.7/site-packages/airflow/example_dags/example_branch_operator.py took 0.066 seconds
[2023-08-26T17:29:02.303+0000] {processor.py:154} INFO - Started process (PID=3141) to work on /home/airflow/.local/lib/python3.7/site-packages/airflow/example_dags/example_branch_operator.py
[2023-08-26T17:29:02.304+0000] {processor.py:756} INFO - Processing file /home/airflow/.local/lib/python3.7/site-packages/airflow/example_dags/example_branch_operator.py for tasks to queue
[2023-08-26T17:29:02.304+0000] {logging_mixin.py:120} INFO - [2023-08-26T17:29:02.304+0000] {dagbag.py:537} INFO - Filling up the DagBag from /home/airflow/.local/lib/python3.7/site-packages/airflow/example_dags/example_branch_operator.py
[2023-08-26T17:29:02.315+0000] {processor.py:766} INFO - DAG(s) dict_keys(['example_branch_operator']) retrieved from /home/airflow/.local/lib/python3.7/site-packages/airflow/example_dags/example_branch_operator.py
[2023-08-26T17:29:02.340+0000] {logging_mixin.py:120} INFO - [2023-08-26T17:29:02.340+0000] {dag.py:2585} INFO - Sync 1 DAGs
[2023-08-26T17:29:02.354+0000] {logging_mixin.py:120} INFO - [2023-08-26T17:29:02.354+0000] {dag.py:3340} INFO - Setting next_dagrun for example_branch_operator to 2023-08-25T00:00:00+00:00, run_after=2023-08-26T00:00:00+00:00
[2023-08-26T17:29:02.363+0000] {processor.py:176} INFO - Processing /home/airflow/.local/lib/python3.7/site-packages/airflow/example_dags/example_branch_operator.py took 0.063 seconds
[2023-08-26T17:29:32.479+0000] {processor.py:154} INFO - Started process (PID=3204) to work on /home/airflow/.local/lib/python3.7/site-packages/airflow/example_dags/example_branch_operator.py
[2023-08-26T17:29:32.480+0000] {processor.py:756} INFO - Processing file /home/airflow/.local/lib/python3.7/site-packages/airflow/example_dags/example_branch_operator.py for tasks to queue
[2023-08-26T17:29:32.480+0000] {logging_mixin.py:120} INFO - [2023-08-26T17:29:32.480+0000] {dagbag.py:537} INFO - Filling up the DagBag from /home/airflow/.local/lib/python3.7/site-packages/airflow/example_dags/example_branch_operator.py
[2023-08-26T17:29:32.491+0000] {processor.py:766} INFO - DAG(s) dict_keys(['example_branch_operator']) retrieved from /home/airflow/.local/lib/python3.7/site-packages/airflow/example_dags/example_branch_operator.py
[2023-08-26T17:29:32.520+0000] {logging_mixin.py:120} INFO - [2023-08-26T17:29:32.520+0000] {dag.py:2585} INFO - Sync 1 DAGs
[2023-08-26T17:29:32.538+0000] {logging_mixin.py:120} INFO - [2023-08-26T17:29:32.538+0000] {dag.py:3340} INFO - Setting next_dagrun for example_branch_operator to 2023-08-25T00:00:00+00:00, run_after=2023-08-26T00:00:00+00:00
[2023-08-26T17:29:32.551+0000] {processor.py:176} INFO - Processing /home/airflow/.local/lib/python3.7/site-packages/airflow/example_dags/example_branch_operator.py took 0.075 seconds
[2023-08-26T17:30:02.839+0000] {processor.py:154} INFO - Started process (PID=3266) to work on /home/airflow/.local/lib/python3.7/site-packages/airflow/example_dags/example_branch_operator.py
[2023-08-26T17:30:02.840+0000] {processor.py:756} INFO - Processing file /home/airflow/.local/lib/python3.7/site-packages/airflow/example_dags/example_branch_operator.py for tasks to queue
[2023-08-26T17:30:02.840+0000] {logging_mixin.py:120} INFO - [2023-08-26T17:30:02.840+0000] {dagbag.py:537} INFO - Filling up the DagBag from /home/airflow/.local/lib/python3.7/site-packages/airflow/example_dags/example_branch_operator.py
[2023-08-26T17:30:02.854+0000] {processor.py:766} INFO - DAG(s) dict_keys(['example_branch_operator']) retrieved from /home/airflow/.local/lib/python3.7/site-packages/airflow/example_dags/example_branch_operator.py
[2023-08-26T17:30:02.884+0000] {logging_mixin.py:120} INFO - [2023-08-26T17:30:02.883+0000] {dag.py:2585} INFO - Sync 1 DAGs
[2023-08-26T17:30:02.899+0000] {logging_mixin.py:120} INFO - [2023-08-26T17:30:02.899+0000] {dag.py:3340} INFO - Setting next_dagrun for example_branch_operator to 2023-08-25T00:00:00+00:00, run_after=2023-08-26T00:00:00+00:00
[2023-08-26T17:30:02.913+0000] {processor.py:176} INFO - Processing /home/airflow/.local/lib/python3.7/site-packages/airflow/example_dags/example_branch_operator.py took 0.077 seconds
[2023-08-26T17:30:33.011+0000] {processor.py:154} INFO - Started process (PID=3330) to work on /home/airflow/.local/lib/python3.7/site-packages/airflow/example_dags/example_branch_operator.py
[2023-08-26T17:30:33.011+0000] {processor.py:756} INFO - Processing file /home/airflow/.local/lib/python3.7/site-packages/airflow/example_dags/example_branch_operator.py for tasks to queue
[2023-08-26T17:30:33.012+0000] {logging_mixin.py:120} INFO - [2023-08-26T17:30:33.012+0000] {dagbag.py:537} INFO - Filling up the DagBag from /home/airflow/.local/lib/python3.7/site-packages/airflow/example_dags/example_branch_operator.py
[2023-08-26T17:30:33.024+0000] {processor.py:766} INFO - DAG(s) dict_keys(['example_branch_operator']) retrieved from /home/airflow/.local/lib/python3.7/site-packages/airflow/example_dags/example_branch_operator.py
[2023-08-26T17:30:33.050+0000] {logging_mixin.py:120} INFO - [2023-08-26T17:30:33.050+0000] {dag.py:2585} INFO - Sync 1 DAGs
[2023-08-26T17:30:33.065+0000] {logging_mixin.py:120} INFO - [2023-08-26T17:30:33.065+0000] {dag.py:3340} INFO - Setting next_dagrun for example_branch_operator to 2023-08-25T00:00:00+00:00, run_after=2023-08-26T00:00:00+00:00
[2023-08-26T17:30:33.076+0000] {processor.py:176} INFO - Processing /home/airflow/.local/lib/python3.7/site-packages/airflow/example_dags/example_branch_operator.py took 0.068 seconds
[2023-08-26T17:31:03.134+0000] {processor.py:154} INFO - Started process (PID=3384) to work on /home/airflow/.local/lib/python3.7/site-packages/airflow/example_dags/example_branch_operator.py
[2023-08-26T17:31:03.135+0000] {processor.py:756} INFO - Processing file /home/airflow/.local/lib/python3.7/site-packages/airflow/example_dags/example_branch_operator.py for tasks to queue
[2023-08-26T17:31:03.135+0000] {logging_mixin.py:120} INFO - [2023-08-26T17:31:03.135+0000] {dagbag.py:537} INFO - Filling up the DagBag from /home/airflow/.local/lib/python3.7/site-packages/airflow/example_dags/example_branch_operator.py
[2023-08-26T17:31:03.145+0000] {processor.py:766} INFO - DAG(s) dict_keys(['example_branch_operator']) retrieved from /home/airflow/.local/lib/python3.7/site-packages/airflow/example_dags/example_branch_operator.py
[2023-08-26T17:31:03.172+0000] {logging_mixin.py:120} INFO - [2023-08-26T17:31:03.172+0000] {dag.py:2585} INFO - Sync 1 DAGs
[2023-08-26T17:31:03.186+0000] {logging_mixin.py:120} INFO - [2023-08-26T17:31:03.186+0000] {dag.py:3340} INFO - Setting next_dagrun for example_branch_operator to 2023-08-25T00:00:00+00:00, run_after=2023-08-26T00:00:00+00:00
[2023-08-26T17:31:03.195+0000] {processor.py:176} INFO - Processing /home/airflow/.local/lib/python3.7/site-packages/airflow/example_dags/example_branch_operator.py took 0.064 seconds
[2023-08-26T17:31:33.358+0000] {processor.py:154} INFO - Started process (PID=3447) to work on /home/airflow/.local/lib/python3.7/site-packages/airflow/example_dags/example_branch_operator.py
[2023-08-26T17:31:33.359+0000] {processor.py:756} INFO - Processing file /home/airflow/.local/lib/python3.7/site-packages/airflow/example_dags/example_branch_operator.py for tasks to queue
[2023-08-26T17:31:33.359+0000] {logging_mixin.py:120} INFO - [2023-08-26T17:31:33.359+0000] {dagbag.py:537} INFO - Filling up the DagBag from /home/airflow/.local/lib/python3.7/site-packages/airflow/example_dags/example_branch_operator.py
[2023-08-26T17:31:33.369+0000] {processor.py:766} INFO - DAG(s) dict_keys(['example_branch_operator']) retrieved from /home/airflow/.local/lib/python3.7/site-packages/airflow/example_dags/example_branch_operator.py
[2023-08-26T17:31:33.395+0000] {logging_mixin.py:120} INFO - [2023-08-26T17:31:33.395+0000] {dag.py:2585} INFO - Sync 1 DAGs
[2023-08-26T17:31:33.411+0000] {logging_mixin.py:120} INFO - [2023-08-26T17:31:33.411+0000] {dag.py:3340} INFO - Setting next_dagrun for example_branch_operator to 2023-08-25T00:00:00+00:00, run_after=2023-08-26T00:00:00+00:00
[2023-08-26T17:31:33.420+0000] {processor.py:176} INFO - Processing /home/airflow/.local/lib/python3.7/site-packages/airflow/example_dags/example_branch_operator.py took 0.065 seconds
