[2023-08-26T17:03:34.683+0000] {processor.py:154} INFO - Started process (PID=67) to work on /home/airflow/.local/lib/python3.7/site-packages/airflow/example_dags/example_latest_only_with_trigger.py
[2023-08-26T17:03:34.687+0000] {processor.py:756} INFO - Processing file /home/airflow/.local/lib/python3.7/site-packages/airflow/example_dags/example_latest_only_with_trigger.py for tasks to queue
[2023-08-26T17:03:34.688+0000] {logging_mixin.py:120} INFO - [2023-08-26T17:03:34.687+0000] {dagbag.py:537} INFO - Filling up the DagBag from /home/airflow/.local/lib/python3.7/site-packages/airflow/example_dags/example_latest_only_with_trigger.py
[2023-08-26T17:03:34.699+0000] {processor.py:766} INFO - DAG(s) dict_keys(['latest_only_with_trigger']) retrieved from /home/airflow/.local/lib/python3.7/site-packages/airflow/example_dags/example_latest_only_with_trigger.py
[2023-08-26T17:03:34.780+0000] {logging_mixin.py:120} INFO - [2023-08-26T17:03:34.780+0000] {manager.py:507} INFO - Created Permission View: can edit on DAG:latest_only_with_trigger
[2023-08-26T17:03:34.787+0000] {logging_mixin.py:120} INFO - [2023-08-26T17:03:34.787+0000] {manager.py:507} INFO - Created Permission View: can read on DAG:latest_only_with_trigger
[2023-08-26T17:03:34.794+0000] {logging_mixin.py:120} INFO - [2023-08-26T17:03:34.793+0000] {manager.py:507} INFO - Created Permission View: can delete on DAG:latest_only_with_trigger
[2023-08-26T17:03:34.794+0000] {logging_mixin.py:120} INFO - [2023-08-26T17:03:34.794+0000] {dag.py:2585} INFO - Sync 1 DAGs
[2023-08-26T17:03:34.805+0000] {logging_mixin.py:120} INFO - [2023-08-26T17:03:34.805+0000] {dag.py:2606} INFO - Creating ORM DAG for latest_only_with_trigger
[2023-08-26T17:03:34.815+0000] {logging_mixin.py:120} INFO - [2023-08-26T17:03:34.815+0000] {dag.py:3340} INFO - Setting next_dagrun for latest_only_with_trigger to 2023-08-26T13:03:34.814826+00:00, run_after=2023-08-26T17:03:34.814826+00:00
[2023-08-26T17:03:34.827+0000] {processor.py:176} INFO - Processing /home/airflow/.local/lib/python3.7/site-packages/airflow/example_dags/example_latest_only_with_trigger.py took 0.148 seconds
[2023-08-26T17:04:05.767+0000] {processor.py:154} INFO - Started process (PID=129) to work on /home/airflow/.local/lib/python3.7/site-packages/airflow/example_dags/example_latest_only_with_trigger.py
[2023-08-26T17:04:05.768+0000] {processor.py:756} INFO - Processing file /home/airflow/.local/lib/python3.7/site-packages/airflow/example_dags/example_latest_only_with_trigger.py for tasks to queue
[2023-08-26T17:04:05.769+0000] {logging_mixin.py:120} INFO - [2023-08-26T17:04:05.769+0000] {dagbag.py:537} INFO - Filling up the DagBag from /home/airflow/.local/lib/python3.7/site-packages/airflow/example_dags/example_latest_only_with_trigger.py
[2023-08-26T17:04:05.785+0000] {processor.py:766} INFO - DAG(s) dict_keys(['latest_only_with_trigger']) retrieved from /home/airflow/.local/lib/python3.7/site-packages/airflow/example_dags/example_latest_only_with_trigger.py
[2023-08-26T17:04:05.815+0000] {logging_mixin.py:120} INFO - [2023-08-26T17:04:05.815+0000] {dag.py:2585} INFO - Sync 1 DAGs
[2023-08-26T17:04:05.830+0000] {logging_mixin.py:120} INFO - [2023-08-26T17:04:05.830+0000] {dag.py:3340} INFO - Setting next_dagrun for latest_only_with_trigger to 2023-08-26T13:04:05.830297+00:00, run_after=2023-08-26T17:04:05.830297+00:00
[2023-08-26T17:04:05.840+0000] {processor.py:176} INFO - Processing /home/airflow/.local/lib/python3.7/site-packages/airflow/example_dags/example_latest_only_with_trigger.py took 0.078 seconds
[2023-08-26T17:04:36.729+0000] {processor.py:154} INFO - Started process (PID=193) to work on /home/airflow/.local/lib/python3.7/site-packages/airflow/example_dags/example_latest_only_with_trigger.py
[2023-08-26T17:04:36.730+0000] {processor.py:756} INFO - Processing file /home/airflow/.local/lib/python3.7/site-packages/airflow/example_dags/example_latest_only_with_trigger.py for tasks to queue
[2023-08-26T17:04:36.731+0000] {logging_mixin.py:120} INFO - [2023-08-26T17:04:36.730+0000] {dagbag.py:537} INFO - Filling up the DagBag from /home/airflow/.local/lib/python3.7/site-packages/airflow/example_dags/example_latest_only_with_trigger.py
[2023-08-26T17:04:36.741+0000] {processor.py:766} INFO - DAG(s) dict_keys(['latest_only_with_trigger']) retrieved from /home/airflow/.local/lib/python3.7/site-packages/airflow/example_dags/example_latest_only_with_trigger.py
[2023-08-26T17:04:36.766+0000] {logging_mixin.py:120} INFO - [2023-08-26T17:04:36.766+0000] {dag.py:2585} INFO - Sync 1 DAGs
[2023-08-26T17:04:36.780+0000] {logging_mixin.py:120} INFO - [2023-08-26T17:04:36.780+0000] {dag.py:3340} INFO - Setting next_dagrun for latest_only_with_trigger to 2023-08-26T13:04:36.780075+00:00, run_after=2023-08-26T17:04:36.780075+00:00
[2023-08-26T17:04:36.790+0000] {processor.py:176} INFO - Processing /home/airflow/.local/lib/python3.7/site-packages/airflow/example_dags/example_latest_only_with_trigger.py took 0.063 seconds
[2023-08-26T17:05:07.699+0000] {processor.py:154} INFO - Started process (PID=256) to work on /home/airflow/.local/lib/python3.7/site-packages/airflow/example_dags/example_latest_only_with_trigger.py
[2023-08-26T17:05:07.700+0000] {processor.py:756} INFO - Processing file /home/airflow/.local/lib/python3.7/site-packages/airflow/example_dags/example_latest_only_with_trigger.py for tasks to queue
[2023-08-26T17:05:07.701+0000] {logging_mixin.py:120} INFO - [2023-08-26T17:05:07.701+0000] {dagbag.py:537} INFO - Filling up the DagBag from /home/airflow/.local/lib/python3.7/site-packages/airflow/example_dags/example_latest_only_with_trigger.py
[2023-08-26T17:05:07.712+0000] {processor.py:766} INFO - DAG(s) dict_keys(['latest_only_with_trigger']) retrieved from /home/airflow/.local/lib/python3.7/site-packages/airflow/example_dags/example_latest_only_with_trigger.py
[2023-08-26T17:05:07.753+0000] {logging_mixin.py:120} INFO - [2023-08-26T17:05:07.753+0000] {dag.py:2585} INFO - Sync 1 DAGs
[2023-08-26T17:05:07.773+0000] {logging_mixin.py:120} INFO - [2023-08-26T17:05:07.773+0000] {dag.py:3340} INFO - Setting next_dagrun for latest_only_with_trigger to 2023-08-26T13:05:07.772946+00:00, run_after=2023-08-26T17:05:07.772946+00:00
[2023-08-26T17:05:07.784+0000] {processor.py:176} INFO - Processing /home/airflow/.local/lib/python3.7/site-packages/airflow/example_dags/example_latest_only_with_trigger.py took 0.088 seconds
[2023-08-26T17:05:37.941+0000] {processor.py:154} INFO - Started process (PID=320) to work on /home/airflow/.local/lib/python3.7/site-packages/airflow/example_dags/example_latest_only_with_trigger.py
[2023-08-26T17:05:37.942+0000] {processor.py:756} INFO - Processing file /home/airflow/.local/lib/python3.7/site-packages/airflow/example_dags/example_latest_only_with_trigger.py for tasks to queue
[2023-08-26T17:05:37.943+0000] {logging_mixin.py:120} INFO - [2023-08-26T17:05:37.943+0000] {dagbag.py:537} INFO - Filling up the DagBag from /home/airflow/.local/lib/python3.7/site-packages/airflow/example_dags/example_latest_only_with_trigger.py
[2023-08-26T17:05:37.953+0000] {processor.py:766} INFO - DAG(s) dict_keys(['latest_only_with_trigger']) retrieved from /home/airflow/.local/lib/python3.7/site-packages/airflow/example_dags/example_latest_only_with_trigger.py
[2023-08-26T17:05:37.980+0000] {logging_mixin.py:120} INFO - [2023-08-26T17:05:37.980+0000] {dag.py:2585} INFO - Sync 1 DAGs
[2023-08-26T17:05:37.994+0000] {logging_mixin.py:120} INFO - [2023-08-26T17:05:37.994+0000] {dag.py:3340} INFO - Setting next_dagrun for latest_only_with_trigger to 2023-08-26T13:05:37.994397+00:00, run_after=2023-08-26T17:05:37.994397+00:00
[2023-08-26T17:05:38.004+0000] {processor.py:176} INFO - Processing /home/airflow/.local/lib/python3.7/site-packages/airflow/example_dags/example_latest_only_with_trigger.py took 0.065 seconds
[2023-08-26T17:06:08.914+0000] {processor.py:154} INFO - Started process (PID=383) to work on /home/airflow/.local/lib/python3.7/site-packages/airflow/example_dags/example_latest_only_with_trigger.py
[2023-08-26T17:06:08.916+0000] {processor.py:756} INFO - Processing file /home/airflow/.local/lib/python3.7/site-packages/airflow/example_dags/example_latest_only_with_trigger.py for tasks to queue
[2023-08-26T17:06:08.917+0000] {logging_mixin.py:120} INFO - [2023-08-26T17:06:08.917+0000] {dagbag.py:537} INFO - Filling up the DagBag from /home/airflow/.local/lib/python3.7/site-packages/airflow/example_dags/example_latest_only_with_trigger.py
[2023-08-26T17:06:08.932+0000] {processor.py:766} INFO - DAG(s) dict_keys(['latest_only_with_trigger']) retrieved from /home/airflow/.local/lib/python3.7/site-packages/airflow/example_dags/example_latest_only_with_trigger.py
[2023-08-26T17:06:08.972+0000] {logging_mixin.py:120} INFO - [2023-08-26T17:06:08.972+0000] {dag.py:2585} INFO - Sync 1 DAGs
[2023-08-26T17:06:08.988+0000] {logging_mixin.py:120} INFO - [2023-08-26T17:06:08.988+0000] {dag.py:3340} INFO - Setting next_dagrun for latest_only_with_trigger to 2023-08-26T13:06:08.988007+00:00, run_after=2023-08-26T17:06:08.988007+00:00
[2023-08-26T17:06:08.998+0000] {processor.py:176} INFO - Processing /home/airflow/.local/lib/python3.7/site-packages/airflow/example_dags/example_latest_only_with_trigger.py took 0.087 seconds
[2023-08-26T17:06:39.827+0000] {processor.py:154} INFO - Started process (PID=446) to work on /home/airflow/.local/lib/python3.7/site-packages/airflow/example_dags/example_latest_only_with_trigger.py
[2023-08-26T17:06:39.828+0000] {processor.py:756} INFO - Processing file /home/airflow/.local/lib/python3.7/site-packages/airflow/example_dags/example_latest_only_with_trigger.py for tasks to queue
[2023-08-26T17:06:39.828+0000] {logging_mixin.py:120} INFO - [2023-08-26T17:06:39.828+0000] {dagbag.py:537} INFO - Filling up the DagBag from /home/airflow/.local/lib/python3.7/site-packages/airflow/example_dags/example_latest_only_with_trigger.py
[2023-08-26T17:06:39.839+0000] {processor.py:766} INFO - DAG(s) dict_keys(['latest_only_with_trigger']) retrieved from /home/airflow/.local/lib/python3.7/site-packages/airflow/example_dags/example_latest_only_with_trigger.py
[2023-08-26T17:06:39.867+0000] {logging_mixin.py:120} INFO - [2023-08-26T17:06:39.867+0000] {dag.py:2585} INFO - Sync 1 DAGs
[2023-08-26T17:06:39.884+0000] {logging_mixin.py:120} INFO - [2023-08-26T17:06:39.883+0000] {dag.py:3340} INFO - Setting next_dagrun for latest_only_with_trigger to 2023-08-26T13:06:39.883721+00:00, run_after=2023-08-26T17:06:39.883721+00:00
[2023-08-26T17:06:39.894+0000] {processor.py:176} INFO - Processing /home/airflow/.local/lib/python3.7/site-packages/airflow/example_dags/example_latest_only_with_trigger.py took 0.069 seconds
[2023-08-26T17:07:09.927+0000] {processor.py:154} INFO - Started process (PID=498) to work on /home/airflow/.local/lib/python3.7/site-packages/airflow/example_dags/example_latest_only_with_trigger.py
[2023-08-26T17:07:09.928+0000] {processor.py:756} INFO - Processing file /home/airflow/.local/lib/python3.7/site-packages/airflow/example_dags/example_latest_only_with_trigger.py for tasks to queue
[2023-08-26T17:07:09.929+0000] {logging_mixin.py:120} INFO - [2023-08-26T17:07:09.928+0000] {dagbag.py:537} INFO - Filling up the DagBag from /home/airflow/.local/lib/python3.7/site-packages/airflow/example_dags/example_latest_only_with_trigger.py
[2023-08-26T17:07:09.940+0000] {processor.py:766} INFO - DAG(s) dict_keys(['latest_only_with_trigger']) retrieved from /home/airflow/.local/lib/python3.7/site-packages/airflow/example_dags/example_latest_only_with_trigger.py
[2023-08-26T17:07:09.977+0000] {logging_mixin.py:120} INFO - [2023-08-26T17:07:09.977+0000] {dag.py:2585} INFO - Sync 1 DAGs
[2023-08-26T17:07:09.992+0000] {logging_mixin.py:120} INFO - [2023-08-26T17:07:09.992+0000] {dag.py:3340} INFO - Setting next_dagrun for latest_only_with_trigger to 2023-08-26T13:07:09.992016+00:00, run_after=2023-08-26T17:07:09.992016+00:00
[2023-08-26T17:07:10.004+0000] {processor.py:176} INFO - Processing /home/airflow/.local/lib/python3.7/site-packages/airflow/example_dags/example_latest_only_with_trigger.py took 0.079 seconds
[2023-08-26T17:07:40.189+0000] {processor.py:154} INFO - Started process (PID=562) to work on /home/airflow/.local/lib/python3.7/site-packages/airflow/example_dags/example_latest_only_with_trigger.py
[2023-08-26T17:07:40.190+0000] {processor.py:756} INFO - Processing file /home/airflow/.local/lib/python3.7/site-packages/airflow/example_dags/example_latest_only_with_trigger.py for tasks to queue
[2023-08-26T17:07:40.191+0000] {logging_mixin.py:120} INFO - [2023-08-26T17:07:40.191+0000] {dagbag.py:537} INFO - Filling up the DagBag from /home/airflow/.local/lib/python3.7/site-packages/airflow/example_dags/example_latest_only_with_trigger.py
[2023-08-26T17:07:40.205+0000] {processor.py:766} INFO - DAG(s) dict_keys(['latest_only_with_trigger']) retrieved from /home/airflow/.local/lib/python3.7/site-packages/airflow/example_dags/example_latest_only_with_trigger.py
[2023-08-26T17:07:40.238+0000] {logging_mixin.py:120} INFO - [2023-08-26T17:07:40.238+0000] {dag.py:2585} INFO - Sync 1 DAGs
[2023-08-26T17:07:40.255+0000] {logging_mixin.py:120} INFO - [2023-08-26T17:07:40.255+0000] {dag.py:3340} INFO - Setting next_dagrun for latest_only_with_trigger to 2023-08-26T13:07:40.255390+00:00, run_after=2023-08-26T17:07:40.255390+00:00
[2023-08-26T17:07:40.269+0000] {processor.py:176} INFO - Processing /home/airflow/.local/lib/python3.7/site-packages/airflow/example_dags/example_latest_only_with_trigger.py took 0.083 seconds
[2023-08-26T17:08:11.083+0000] {processor.py:154} INFO - Started process (PID=625) to work on /home/airflow/.local/lib/python3.7/site-packages/airflow/example_dags/example_latest_only_with_trigger.py
[2023-08-26T17:08:11.085+0000] {processor.py:756} INFO - Processing file /home/airflow/.local/lib/python3.7/site-packages/airflow/example_dags/example_latest_only_with_trigger.py for tasks to queue
[2023-08-26T17:08:11.086+0000] {logging_mixin.py:120} INFO - [2023-08-26T17:08:11.085+0000] {dagbag.py:537} INFO - Filling up the DagBag from /home/airflow/.local/lib/python3.7/site-packages/airflow/example_dags/example_latest_only_with_trigger.py
[2023-08-26T17:08:11.104+0000] {processor.py:766} INFO - DAG(s) dict_keys(['latest_only_with_trigger']) retrieved from /home/airflow/.local/lib/python3.7/site-packages/airflow/example_dags/example_latest_only_with_trigger.py
[2023-08-26T17:08:11.137+0000] {logging_mixin.py:120} INFO - [2023-08-26T17:08:11.137+0000] {dag.py:2585} INFO - Sync 1 DAGs
[2023-08-26T17:08:11.153+0000] {logging_mixin.py:120} INFO - [2023-08-26T17:08:11.153+0000] {dag.py:3340} INFO - Setting next_dagrun for latest_only_with_trigger to 2023-08-26T13:08:11.153083+00:00, run_after=2023-08-26T17:08:11.153083+00:00
[2023-08-26T17:08:11.168+0000] {processor.py:176} INFO - Processing /home/airflow/.local/lib/python3.7/site-packages/airflow/example_dags/example_latest_only_with_trigger.py took 0.089 seconds
[2023-08-26T17:08:41.189+0000] {processor.py:154} INFO - Started process (PID=687) to work on /home/airflow/.local/lib/python3.7/site-packages/airflow/example_dags/example_latest_only_with_trigger.py
[2023-08-26T17:08:41.190+0000] {processor.py:756} INFO - Processing file /home/airflow/.local/lib/python3.7/site-packages/airflow/example_dags/example_latest_only_with_trigger.py for tasks to queue
[2023-08-26T17:08:41.190+0000] {logging_mixin.py:120} INFO - [2023-08-26T17:08:41.190+0000] {dagbag.py:537} INFO - Filling up the DagBag from /home/airflow/.local/lib/python3.7/site-packages/airflow/example_dags/example_latest_only_with_trigger.py
[2023-08-26T17:08:41.200+0000] {processor.py:766} INFO - DAG(s) dict_keys(['latest_only_with_trigger']) retrieved from /home/airflow/.local/lib/python3.7/site-packages/airflow/example_dags/example_latest_only_with_trigger.py
[2023-08-26T17:08:41.229+0000] {logging_mixin.py:120} INFO - [2023-08-26T17:08:41.229+0000] {dag.py:2585} INFO - Sync 1 DAGs
[2023-08-26T17:08:41.246+0000] {logging_mixin.py:120} INFO - [2023-08-26T17:08:41.246+0000] {dag.py:3340} INFO - Setting next_dagrun for latest_only_with_trigger to 2023-08-26T13:08:41.245839+00:00, run_after=2023-08-26T17:08:41.245839+00:00
[2023-08-26T17:08:41.258+0000] {processor.py:176} INFO - Processing /home/airflow/.local/lib/python3.7/site-packages/airflow/example_dags/example_latest_only_with_trigger.py took 0.072 seconds
