[2023-08-26T17:03:33.892+0000] {processor.py:154} INFO - Started process (PID=59) to work on /home/airflow/.local/lib/python3.7/site-packages/airflow/example_dags/example_external_task_marker_dag.py
[2023-08-26T17:03:33.893+0000] {processor.py:756} INFO - Processing file /home/airflow/.local/lib/python3.7/site-packages/airflow/example_dags/example_external_task_marker_dag.py for tasks to queue
[2023-08-26T17:03:33.893+0000] {logging_mixin.py:120} INFO - [2023-08-26T17:03:33.893+0000] {dagbag.py:537} INFO - Filling up the DagBag from /home/airflow/.local/lib/python3.7/site-packages/airflow/example_dags/example_external_task_marker_dag.py
[2023-08-26T17:03:33.904+0000] {processor.py:766} INFO - DAG(s) dict_keys(['example_external_task_marker_child', 'example_external_task_marker_parent']) retrieved from /home/airflow/.local/lib/python3.7/site-packages/airflow/example_dags/example_external_task_marker_dag.py
[2023-08-26T17:03:34.069+0000] {logging_mixin.py:120} INFO - [2023-08-26T17:03:34.069+0000] {manager.py:507} INFO - Created Permission View: can edit on DAG:example_external_task_marker_child
[2023-08-26T17:03:34.076+0000] {logging_mixin.py:120} INFO - [2023-08-26T17:03:34.076+0000] {manager.py:507} INFO - Created Permission View: can read on DAG:example_external_task_marker_child
[2023-08-26T17:03:34.081+0000] {logging_mixin.py:120} INFO - [2023-08-26T17:03:34.081+0000] {manager.py:507} INFO - Created Permission View: can delete on DAG:example_external_task_marker_child
[2023-08-26T17:03:34.096+0000] {logging_mixin.py:120} INFO - [2023-08-26T17:03:34.096+0000] {manager.py:507} INFO - Created Permission View: can edit on DAG:example_external_task_marker_parent
[2023-08-26T17:03:34.103+0000] {logging_mixin.py:120} INFO - [2023-08-26T17:03:34.103+0000] {manager.py:507} INFO - Created Permission View: can read on DAG:example_external_task_marker_parent
[2023-08-26T17:03:34.111+0000] {logging_mixin.py:120} INFO - [2023-08-26T17:03:34.111+0000] {manager.py:507} INFO - Created Permission View: can delete on DAG:example_external_task_marker_parent
[2023-08-26T17:03:34.112+0000] {logging_mixin.py:120} INFO - [2023-08-26T17:03:34.112+0000] {dag.py:2585} INFO - Sync 2 DAGs
[2023-08-26T17:03:34.134+0000] {logging_mixin.py:120} INFO - [2023-08-26T17:03:34.134+0000] {dag.py:2606} INFO - Creating ORM DAG for example_external_task_marker_child
[2023-08-26T17:03:34.135+0000] {logging_mixin.py:120} INFO - [2023-08-26T17:03:34.135+0000] {dag.py:2606} INFO - Creating ORM DAG for example_external_task_marker_parent
[2023-08-26T17:03:34.142+0000] {logging_mixin.py:120} INFO - [2023-08-26T17:03:34.142+0000] {dag.py:3340} INFO - Setting next_dagrun for example_external_task_marker_child to None, run_after=None
[2023-08-26T17:03:34.143+0000] {logging_mixin.py:120} INFO - [2023-08-26T17:03:34.143+0000] {dag.py:3340} INFO - Setting next_dagrun for example_external_task_marker_parent to None, run_after=None
[2023-08-26T17:03:34.163+0000] {processor.py:176} INFO - Processing /home/airflow/.local/lib/python3.7/site-packages/airflow/example_dags/example_external_task_marker_dag.py took 0.274 seconds
[2023-08-26T17:04:04.190+0000] {processor.py:154} INFO - Started process (PID=122) to work on /home/airflow/.local/lib/python3.7/site-packages/airflow/example_dags/example_external_task_marker_dag.py
[2023-08-26T17:04:04.191+0000] {processor.py:756} INFO - Processing file /home/airflow/.local/lib/python3.7/site-packages/airflow/example_dags/example_external_task_marker_dag.py for tasks to queue
[2023-08-26T17:04:04.192+0000] {logging_mixin.py:120} INFO - [2023-08-26T17:04:04.192+0000] {dagbag.py:537} INFO - Filling up the DagBag from /home/airflow/.local/lib/python3.7/site-packages/airflow/example_dags/example_external_task_marker_dag.py
[2023-08-26T17:04:04.204+0000] {processor.py:766} INFO - DAG(s) dict_keys(['example_external_task_marker_child', 'example_external_task_marker_parent']) retrieved from /home/airflow/.local/lib/python3.7/site-packages/airflow/example_dags/example_external_task_marker_dag.py
[2023-08-26T17:04:04.305+0000] {logging_mixin.py:120} INFO - [2023-08-26T17:04:04.305+0000] {dag.py:2585} INFO - Sync 2 DAGs
[2023-08-26T17:04:04.318+0000] {logging_mixin.py:120} INFO - [2023-08-26T17:04:04.318+0000] {dag.py:3340} INFO - Setting next_dagrun for example_external_task_marker_child to None, run_after=None
[2023-08-26T17:04:04.321+0000] {logging_mixin.py:120} INFO - [2023-08-26T17:04:04.321+0000] {dag.py:3340} INFO - Setting next_dagrun for example_external_task_marker_parent to None, run_after=None
[2023-08-26T17:04:04.334+0000] {processor.py:176} INFO - Processing /home/airflow/.local/lib/python3.7/site-packages/airflow/example_dags/example_external_task_marker_dag.py took 0.146 seconds
[2023-08-26T17:04:34.471+0000] {processor.py:154} INFO - Started process (PID=186) to work on /home/airflow/.local/lib/python3.7/site-packages/airflow/example_dags/example_external_task_marker_dag.py
[2023-08-26T17:04:34.472+0000] {processor.py:756} INFO - Processing file /home/airflow/.local/lib/python3.7/site-packages/airflow/example_dags/example_external_task_marker_dag.py for tasks to queue
[2023-08-26T17:04:34.472+0000] {logging_mixin.py:120} INFO - [2023-08-26T17:04:34.472+0000] {dagbag.py:537} INFO - Filling up the DagBag from /home/airflow/.local/lib/python3.7/site-packages/airflow/example_dags/example_external_task_marker_dag.py
[2023-08-26T17:04:34.485+0000] {processor.py:766} INFO - DAG(s) dict_keys(['example_external_task_marker_child', 'example_external_task_marker_parent']) retrieved from /home/airflow/.local/lib/python3.7/site-packages/airflow/example_dags/example_external_task_marker_dag.py
[2023-08-26T17:04:34.594+0000] {logging_mixin.py:120} INFO - [2023-08-26T17:04:34.594+0000] {dag.py:2585} INFO - Sync 2 DAGs
[2023-08-26T17:04:34.607+0000] {logging_mixin.py:120} INFO - [2023-08-26T17:04:34.607+0000] {dag.py:3340} INFO - Setting next_dagrun for example_external_task_marker_child to None, run_after=None
[2023-08-26T17:04:34.609+0000] {logging_mixin.py:120} INFO - [2023-08-26T17:04:34.609+0000] {dag.py:3340} INFO - Setting next_dagrun for example_external_task_marker_parent to None, run_after=None
[2023-08-26T17:04:34.619+0000] {processor.py:176} INFO - Processing /home/airflow/.local/lib/python3.7/site-packages/airflow/example_dags/example_external_task_marker_dag.py took 0.151 seconds
[2023-08-26T17:05:05.358+0000] {processor.py:154} INFO - Started process (PID=248) to work on /home/airflow/.local/lib/python3.7/site-packages/airflow/example_dags/example_external_task_marker_dag.py
[2023-08-26T17:05:05.359+0000] {processor.py:756} INFO - Processing file /home/airflow/.local/lib/python3.7/site-packages/airflow/example_dags/example_external_task_marker_dag.py for tasks to queue
[2023-08-26T17:05:05.359+0000] {logging_mixin.py:120} INFO - [2023-08-26T17:05:05.359+0000] {dagbag.py:537} INFO - Filling up the DagBag from /home/airflow/.local/lib/python3.7/site-packages/airflow/example_dags/example_external_task_marker_dag.py
[2023-08-26T17:05:05.369+0000] {processor.py:766} INFO - DAG(s) dict_keys(['example_external_task_marker_child', 'example_external_task_marker_parent']) retrieved from /home/airflow/.local/lib/python3.7/site-packages/airflow/example_dags/example_external_task_marker_dag.py
[2023-08-26T17:05:05.482+0000] {logging_mixin.py:120} INFO - [2023-08-26T17:05:05.482+0000] {dag.py:2585} INFO - Sync 2 DAGs
[2023-08-26T17:05:05.496+0000] {logging_mixin.py:120} INFO - [2023-08-26T17:05:05.496+0000] {dag.py:3340} INFO - Setting next_dagrun for example_external_task_marker_child to None, run_after=None
[2023-08-26T17:05:05.498+0000] {logging_mixin.py:120} INFO - [2023-08-26T17:05:05.498+0000] {dag.py:3340} INFO - Setting next_dagrun for example_external_task_marker_parent to None, run_after=None
[2023-08-26T17:05:05.508+0000] {processor.py:176} INFO - Processing /home/airflow/.local/lib/python3.7/site-packages/airflow/example_dags/example_external_task_marker_dag.py took 0.153 seconds
[2023-08-26T17:05:35.576+0000] {processor.py:154} INFO - Started process (PID=312) to work on /home/airflow/.local/lib/python3.7/site-packages/airflow/example_dags/example_external_task_marker_dag.py
[2023-08-26T17:05:35.578+0000] {processor.py:756} INFO - Processing file /home/airflow/.local/lib/python3.7/site-packages/airflow/example_dags/example_external_task_marker_dag.py for tasks to queue
[2023-08-26T17:05:35.578+0000] {logging_mixin.py:120} INFO - [2023-08-26T17:05:35.578+0000] {dagbag.py:537} INFO - Filling up the DagBag from /home/airflow/.local/lib/python3.7/site-packages/airflow/example_dags/example_external_task_marker_dag.py
[2023-08-26T17:05:35.587+0000] {processor.py:766} INFO - DAG(s) dict_keys(['example_external_task_marker_child', 'example_external_task_marker_parent']) retrieved from /home/airflow/.local/lib/python3.7/site-packages/airflow/example_dags/example_external_task_marker_dag.py
[2023-08-26T17:05:35.686+0000] {logging_mixin.py:120} INFO - [2023-08-26T17:05:35.686+0000] {dag.py:2585} INFO - Sync 2 DAGs
[2023-08-26T17:05:35.702+0000] {logging_mixin.py:120} INFO - [2023-08-26T17:05:35.702+0000] {dag.py:3340} INFO - Setting next_dagrun for example_external_task_marker_child to None, run_after=None
[2023-08-26T17:05:35.705+0000] {logging_mixin.py:120} INFO - [2023-08-26T17:05:35.705+0000] {dag.py:3340} INFO - Setting next_dagrun for example_external_task_marker_parent to None, run_after=None
[2023-08-26T17:05:35.717+0000] {processor.py:176} INFO - Processing /home/airflow/.local/lib/python3.7/site-packages/airflow/example_dags/example_external_task_marker_dag.py took 0.143 seconds
[2023-08-26T17:06:06.547+0000] {processor.py:154} INFO - Started process (PID=373) to work on /home/airflow/.local/lib/python3.7/site-packages/airflow/example_dags/example_external_task_marker_dag.py
[2023-08-26T17:06:06.548+0000] {processor.py:756} INFO - Processing file /home/airflow/.local/lib/python3.7/site-packages/airflow/example_dags/example_external_task_marker_dag.py for tasks to queue
[2023-08-26T17:06:06.549+0000] {logging_mixin.py:120} INFO - [2023-08-26T17:06:06.549+0000] {dagbag.py:537} INFO - Filling up the DagBag from /home/airflow/.local/lib/python3.7/site-packages/airflow/example_dags/example_external_task_marker_dag.py
[2023-08-26T17:06:06.558+0000] {processor.py:766} INFO - DAG(s) dict_keys(['example_external_task_marker_parent', 'example_external_task_marker_child']) retrieved from /home/airflow/.local/lib/python3.7/site-packages/airflow/example_dags/example_external_task_marker_dag.py
[2023-08-26T17:06:06.659+0000] {logging_mixin.py:120} INFO - [2023-08-26T17:06:06.659+0000] {dag.py:2585} INFO - Sync 2 DAGs
[2023-08-26T17:06:06.674+0000] {logging_mixin.py:120} INFO - [2023-08-26T17:06:06.674+0000] {dag.py:3340} INFO - Setting next_dagrun for example_external_task_marker_child to None, run_after=None
[2023-08-26T17:06:06.676+0000] {logging_mixin.py:120} INFO - [2023-08-26T17:06:06.676+0000] {dag.py:3340} INFO - Setting next_dagrun for example_external_task_marker_parent to None, run_after=None
[2023-08-26T17:06:06.686+0000] {processor.py:176} INFO - Processing /home/airflow/.local/lib/python3.7/site-packages/airflow/example_dags/example_external_task_marker_dag.py took 0.141 seconds
[2023-08-26T17:06:37.485+0000] {processor.py:154} INFO - Started process (PID=429) to work on /home/airflow/.local/lib/python3.7/site-packages/airflow/example_dags/example_external_task_marker_dag.py
[2023-08-26T17:06:37.485+0000] {processor.py:756} INFO - Processing file /home/airflow/.local/lib/python3.7/site-packages/airflow/example_dags/example_external_task_marker_dag.py for tasks to queue
[2023-08-26T17:06:37.486+0000] {logging_mixin.py:120} INFO - [2023-08-26T17:06:37.486+0000] {dagbag.py:537} INFO - Filling up the DagBag from /home/airflow/.local/lib/python3.7/site-packages/airflow/example_dags/example_external_task_marker_dag.py
[2023-08-26T17:06:37.495+0000] {processor.py:766} INFO - DAG(s) dict_keys(['example_external_task_marker_parent', 'example_external_task_marker_child']) retrieved from /home/airflow/.local/lib/python3.7/site-packages/airflow/example_dags/example_external_task_marker_dag.py
[2023-08-26T17:06:37.593+0000] {logging_mixin.py:120} INFO - [2023-08-26T17:06:37.593+0000] {dag.py:2585} INFO - Sync 2 DAGs
[2023-08-26T17:06:37.606+0000] {logging_mixin.py:120} INFO - [2023-08-26T17:06:37.606+0000] {dag.py:3340} INFO - Setting next_dagrun for example_external_task_marker_child to None, run_after=None
[2023-08-26T17:06:37.608+0000] {logging_mixin.py:120} INFO - [2023-08-26T17:06:37.608+0000] {dag.py:3340} INFO - Setting next_dagrun for example_external_task_marker_parent to None, run_after=None
[2023-08-26T17:06:37.616+0000] {processor.py:176} INFO - Processing /home/airflow/.local/lib/python3.7/site-packages/airflow/example_dags/example_external_task_marker_dag.py took 0.133 seconds
[2023-08-26T17:07:08.474+0000] {processor.py:154} INFO - Started process (PID=491) to work on /home/airflow/.local/lib/python3.7/site-packages/airflow/example_dags/example_external_task_marker_dag.py
[2023-08-26T17:07:08.475+0000] {processor.py:756} INFO - Processing file /home/airflow/.local/lib/python3.7/site-packages/airflow/example_dags/example_external_task_marker_dag.py for tasks to queue
[2023-08-26T17:07:08.475+0000] {logging_mixin.py:120} INFO - [2023-08-26T17:07:08.475+0000] {dagbag.py:537} INFO - Filling up the DagBag from /home/airflow/.local/lib/python3.7/site-packages/airflow/example_dags/example_external_task_marker_dag.py
[2023-08-26T17:07:08.487+0000] {processor.py:766} INFO - DAG(s) dict_keys(['example_external_task_marker_parent', 'example_external_task_marker_child']) retrieved from /home/airflow/.local/lib/python3.7/site-packages/airflow/example_dags/example_external_task_marker_dag.py
[2023-08-26T17:07:08.598+0000] {logging_mixin.py:120} INFO - [2023-08-26T17:07:08.598+0000] {dag.py:2585} INFO - Sync 2 DAGs
[2023-08-26T17:07:08.617+0000] {logging_mixin.py:120} INFO - [2023-08-26T17:07:08.617+0000] {dag.py:3340} INFO - Setting next_dagrun for example_external_task_marker_child to None, run_after=None
[2023-08-26T17:07:08.620+0000] {logging_mixin.py:120} INFO - [2023-08-26T17:07:08.620+0000] {dag.py:3340} INFO - Setting next_dagrun for example_external_task_marker_parent to None, run_after=None
[2023-08-26T17:07:08.630+0000] {processor.py:176} INFO - Processing /home/airflow/.local/lib/python3.7/site-packages/airflow/example_dags/example_external_task_marker_dag.py took 0.158 seconds
[2023-08-26T17:07:38.764+0000] {processor.py:154} INFO - Started process (PID=554) to work on /home/airflow/.local/lib/python3.7/site-packages/airflow/example_dags/example_external_task_marker_dag.py
[2023-08-26T17:07:38.768+0000] {processor.py:756} INFO - Processing file /home/airflow/.local/lib/python3.7/site-packages/airflow/example_dags/example_external_task_marker_dag.py for tasks to queue
[2023-08-26T17:07:38.769+0000] {logging_mixin.py:120} INFO - [2023-08-26T17:07:38.769+0000] {dagbag.py:537} INFO - Filling up the DagBag from /home/airflow/.local/lib/python3.7/site-packages/airflow/example_dags/example_external_task_marker_dag.py
[2023-08-26T17:07:38.777+0000] {processor.py:766} INFO - DAG(s) dict_keys(['example_external_task_marker_parent', 'example_external_task_marker_child']) retrieved from /home/airflow/.local/lib/python3.7/site-packages/airflow/example_dags/example_external_task_marker_dag.py
[2023-08-26T17:07:38.876+0000] {logging_mixin.py:120} INFO - [2023-08-26T17:07:38.876+0000] {dag.py:2585} INFO - Sync 2 DAGs
[2023-08-26T17:07:38.890+0000] {logging_mixin.py:120} INFO - [2023-08-26T17:07:38.890+0000] {dag.py:3340} INFO - Setting next_dagrun for example_external_task_marker_child to None, run_after=None
[2023-08-26T17:07:38.892+0000] {logging_mixin.py:120} INFO - [2023-08-26T17:07:38.892+0000] {dag.py:3340} INFO - Setting next_dagrun for example_external_task_marker_parent to None, run_after=None
[2023-08-26T17:07:38.902+0000] {processor.py:176} INFO - Processing /home/airflow/.local/lib/python3.7/site-packages/airflow/example_dags/example_external_task_marker_dag.py took 0.140 seconds
[2023-08-26T17:08:09.740+0000] {processor.py:154} INFO - Started process (PID=617) to work on /home/airflow/.local/lib/python3.7/site-packages/airflow/example_dags/example_external_task_marker_dag.py
[2023-08-26T17:08:09.741+0000] {processor.py:756} INFO - Processing file /home/airflow/.local/lib/python3.7/site-packages/airflow/example_dags/example_external_task_marker_dag.py for tasks to queue
[2023-08-26T17:08:09.741+0000] {logging_mixin.py:120} INFO - [2023-08-26T17:08:09.741+0000] {dagbag.py:537} INFO - Filling up the DagBag from /home/airflow/.local/lib/python3.7/site-packages/airflow/example_dags/example_external_task_marker_dag.py
[2023-08-26T17:08:09.750+0000] {processor.py:766} INFO - DAG(s) dict_keys(['example_external_task_marker_child', 'example_external_task_marker_parent']) retrieved from /home/airflow/.local/lib/python3.7/site-packages/airflow/example_dags/example_external_task_marker_dag.py
[2023-08-26T17:08:09.843+0000] {logging_mixin.py:120} INFO - [2023-08-26T17:08:09.843+0000] {dag.py:2585} INFO - Sync 2 DAGs
[2023-08-26T17:08:09.857+0000] {logging_mixin.py:120} INFO - [2023-08-26T17:08:09.857+0000] {dag.py:3340} INFO - Setting next_dagrun for example_external_task_marker_child to None, run_after=None
[2023-08-26T17:08:09.859+0000] {logging_mixin.py:120} INFO - [2023-08-26T17:08:09.859+0000] {dag.py:3340} INFO - Setting next_dagrun for example_external_task_marker_parent to None, run_after=None
[2023-08-26T17:08:09.868+0000] {processor.py:176} INFO - Processing /home/airflow/.local/lib/python3.7/site-packages/airflow/example_dags/example_external_task_marker_dag.py took 0.130 seconds
[2023-08-26T17:08:40.828+0000] {processor.py:154} INFO - Started process (PID=680) to work on /home/airflow/.local/lib/python3.7/site-packages/airflow/example_dags/example_external_task_marker_dag.py
[2023-08-26T17:08:40.829+0000] {processor.py:756} INFO - Processing file /home/airflow/.local/lib/python3.7/site-packages/airflow/example_dags/example_external_task_marker_dag.py for tasks to queue
[2023-08-26T17:08:40.829+0000] {logging_mixin.py:120} INFO - [2023-08-26T17:08:40.829+0000] {dagbag.py:537} INFO - Filling up the DagBag from /home/airflow/.local/lib/python3.7/site-packages/airflow/example_dags/example_external_task_marker_dag.py
[2023-08-26T17:08:40.840+0000] {processor.py:766} INFO - DAG(s) dict_keys(['example_external_task_marker_parent', 'example_external_task_marker_child']) retrieved from /home/airflow/.local/lib/python3.7/site-packages/airflow/example_dags/example_external_task_marker_dag.py
[2023-08-26T17:08:40.943+0000] {logging_mixin.py:120} INFO - [2023-08-26T17:08:40.943+0000] {dag.py:2585} INFO - Sync 2 DAGs
[2023-08-26T17:08:40.957+0000] {logging_mixin.py:120} INFO - [2023-08-26T17:08:40.957+0000] {dag.py:3340} INFO - Setting next_dagrun for example_external_task_marker_child to None, run_after=None
[2023-08-26T17:08:40.959+0000] {logging_mixin.py:120} INFO - [2023-08-26T17:08:40.959+0000] {dag.py:3340} INFO - Setting next_dagrun for example_external_task_marker_parent to None, run_after=None
[2023-08-26T17:08:40.971+0000] {processor.py:176} INFO - Processing /home/airflow/.local/lib/python3.7/site-packages/airflow/example_dags/example_external_task_marker_dag.py took 0.145 seconds
[2023-08-26T17:09:11.198+0000] {processor.py:154} INFO - Started process (PID=742) to work on /home/airflow/.local/lib/python3.7/site-packages/airflow/example_dags/example_external_task_marker_dag.py
[2023-08-26T17:09:11.199+0000] {processor.py:756} INFO - Processing file /home/airflow/.local/lib/python3.7/site-packages/airflow/example_dags/example_external_task_marker_dag.py for tasks to queue
[2023-08-26T17:09:11.199+0000] {logging_mixin.py:120} INFO - [2023-08-26T17:09:11.199+0000] {dagbag.py:537} INFO - Filling up the DagBag from /home/airflow/.local/lib/python3.7/site-packages/airflow/example_dags/example_external_task_marker_dag.py
[2023-08-26T17:09:11.209+0000] {processor.py:766} INFO - DAG(s) dict_keys(['example_external_task_marker_parent', 'example_external_task_marker_child']) retrieved from /home/airflow/.local/lib/python3.7/site-packages/airflow/example_dags/example_external_task_marker_dag.py
[2023-08-26T17:09:11.311+0000] {logging_mixin.py:120} INFO - [2023-08-26T17:09:11.311+0000] {dag.py:2585} INFO - Sync 2 DAGs
[2023-08-26T17:09:11.326+0000] {logging_mixin.py:120} INFO - [2023-08-26T17:09:11.326+0000] {dag.py:3340} INFO - Setting next_dagrun for example_external_task_marker_child to None, run_after=None
[2023-08-26T17:09:11.328+0000] {logging_mixin.py:120} INFO - [2023-08-26T17:09:11.328+0000] {dag.py:3340} INFO - Setting next_dagrun for example_external_task_marker_parent to None, run_after=None
[2023-08-26T17:09:11.341+0000] {processor.py:176} INFO - Processing /home/airflow/.local/lib/python3.7/site-packages/airflow/example_dags/example_external_task_marker_dag.py took 0.145 seconds
[2023-08-26T17:09:41.373+0000] {processor.py:154} INFO - Started process (PID=797) to work on /home/airflow/.local/lib/python3.7/site-packages/airflow/example_dags/example_external_task_marker_dag.py
[2023-08-26T17:09:41.374+0000] {processor.py:756} INFO - Processing file /home/airflow/.local/lib/python3.7/site-packages/airflow/example_dags/example_external_task_marker_dag.py for tasks to queue
[2023-08-26T17:09:41.374+0000] {logging_mixin.py:120} INFO - [2023-08-26T17:09:41.374+0000] {dagbag.py:537} INFO - Filling up the DagBag from /home/airflow/.local/lib/python3.7/site-packages/airflow/example_dags/example_external_task_marker_dag.py
[2023-08-26T17:09:41.383+0000] {processor.py:766} INFO - DAG(s) dict_keys(['example_external_task_marker_parent', 'example_external_task_marker_child']) retrieved from /home/airflow/.local/lib/python3.7/site-packages/airflow/example_dags/example_external_task_marker_dag.py
[2023-08-26T17:09:41.479+0000] {logging_mixin.py:120} INFO - [2023-08-26T17:09:41.479+0000] {dag.py:2585} INFO - Sync 2 DAGs
[2023-08-26T17:09:41.492+0000] {logging_mixin.py:120} INFO - [2023-08-26T17:09:41.492+0000] {dag.py:3340} INFO - Setting next_dagrun for example_external_task_marker_child to None, run_after=None
[2023-08-26T17:09:41.494+0000] {logging_mixin.py:120} INFO - [2023-08-26T17:09:41.494+0000] {dag.py:3340} INFO - Setting next_dagrun for example_external_task_marker_parent to None, run_after=None
[2023-08-26T17:09:41.502+0000] {processor.py:176} INFO - Processing /home/airflow/.local/lib/python3.7/site-packages/airflow/example_dags/example_external_task_marker_dag.py took 0.132 seconds
[2023-08-26T17:10:11.537+0000] {processor.py:154} INFO - Started process (PID=860) to work on /home/airflow/.local/lib/python3.7/site-packages/airflow/example_dags/example_external_task_marker_dag.py
[2023-08-26T17:10:11.538+0000] {processor.py:756} INFO - Processing file /home/airflow/.local/lib/python3.7/site-packages/airflow/example_dags/example_external_task_marker_dag.py for tasks to queue
[2023-08-26T17:10:11.538+0000] {logging_mixin.py:120} INFO - [2023-08-26T17:10:11.538+0000] {dagbag.py:537} INFO - Filling up the DagBag from /home/airflow/.local/lib/python3.7/site-packages/airflow/example_dags/example_external_task_marker_dag.py
[2023-08-26T17:10:11.546+0000] {processor.py:766} INFO - DAG(s) dict_keys(['example_external_task_marker_child', 'example_external_task_marker_parent']) retrieved from /home/airflow/.local/lib/python3.7/site-packages/airflow/example_dags/example_external_task_marker_dag.py
[2023-08-26T17:10:11.638+0000] {logging_mixin.py:120} INFO - [2023-08-26T17:10:11.638+0000] {dag.py:2585} INFO - Sync 2 DAGs
[2023-08-26T17:10:11.653+0000] {logging_mixin.py:120} INFO - [2023-08-26T17:10:11.653+0000] {dag.py:3340} INFO - Setting next_dagrun for example_external_task_marker_child to None, run_after=None
[2023-08-26T17:10:11.655+0000] {logging_mixin.py:120} INFO - [2023-08-26T17:10:11.655+0000] {dag.py:3340} INFO - Setting next_dagrun for example_external_task_marker_parent to None, run_after=None
[2023-08-26T17:10:11.663+0000] {processor.py:176} INFO - Processing /home/airflow/.local/lib/python3.7/site-packages/airflow/example_dags/example_external_task_marker_dag.py took 0.128 seconds
[2023-08-26T17:10:41.739+0000] {processor.py:154} INFO - Started process (PID=923) to work on /home/airflow/.local/lib/python3.7/site-packages/airflow/example_dags/example_external_task_marker_dag.py
[2023-08-26T17:10:41.740+0000] {processor.py:756} INFO - Processing file /home/airflow/.local/lib/python3.7/site-packages/airflow/example_dags/example_external_task_marker_dag.py for tasks to queue
[2023-08-26T17:10:41.741+0000] {logging_mixin.py:120} INFO - [2023-08-26T17:10:41.740+0000] {dagbag.py:537} INFO - Filling up the DagBag from /home/airflow/.local/lib/python3.7/site-packages/airflow/example_dags/example_external_task_marker_dag.py
[2023-08-26T17:10:41.751+0000] {processor.py:766} INFO - DAG(s) dict_keys(['example_external_task_marker_child', 'example_external_task_marker_parent']) retrieved from /home/airflow/.local/lib/python3.7/site-packages/airflow/example_dags/example_external_task_marker_dag.py
[2023-08-26T17:10:41.851+0000] {logging_mixin.py:120} INFO - [2023-08-26T17:10:41.851+0000] {dag.py:2585} INFO - Sync 2 DAGs
[2023-08-26T17:10:41.867+0000] {logging_mixin.py:120} INFO - [2023-08-26T17:10:41.867+0000] {dag.py:3340} INFO - Setting next_dagrun for example_external_task_marker_child to None, run_after=None
[2023-08-26T17:10:41.870+0000] {logging_mixin.py:120} INFO - [2023-08-26T17:10:41.870+0000] {dag.py:3340} INFO - Setting next_dagrun for example_external_task_marker_parent to None, run_after=None
[2023-08-26T17:10:41.882+0000] {processor.py:176} INFO - Processing /home/airflow/.local/lib/python3.7/site-packages/airflow/example_dags/example_external_task_marker_dag.py took 0.145 seconds
[2023-08-26T17:11:11.900+0000] {processor.py:154} INFO - Started process (PID=986) to work on /home/airflow/.local/lib/python3.7/site-packages/airflow/example_dags/example_external_task_marker_dag.py
[2023-08-26T17:11:11.901+0000] {processor.py:756} INFO - Processing file /home/airflow/.local/lib/python3.7/site-packages/airflow/example_dags/example_external_task_marker_dag.py for tasks to queue
[2023-08-26T17:11:11.901+0000] {logging_mixin.py:120} INFO - [2023-08-26T17:11:11.901+0000] {dagbag.py:537} INFO - Filling up the DagBag from /home/airflow/.local/lib/python3.7/site-packages/airflow/example_dags/example_external_task_marker_dag.py
[2023-08-26T17:11:11.911+0000] {processor.py:766} INFO - DAG(s) dict_keys(['example_external_task_marker_child', 'example_external_task_marker_parent']) retrieved from /home/airflow/.local/lib/python3.7/site-packages/airflow/example_dags/example_external_task_marker_dag.py
[2023-08-26T17:11:12.000+0000] {logging_mixin.py:120} INFO - [2023-08-26T17:11:12.000+0000] {dag.py:2585} INFO - Sync 2 DAGs
[2023-08-26T17:11:12.013+0000] {logging_mixin.py:120} INFO - [2023-08-26T17:11:12.013+0000] {dag.py:3340} INFO - Setting next_dagrun for example_external_task_marker_child to None, run_after=None
[2023-08-26T17:11:12.014+0000] {logging_mixin.py:120} INFO - [2023-08-26T17:11:12.014+0000] {dag.py:3340} INFO - Setting next_dagrun for example_external_task_marker_parent to None, run_after=None
[2023-08-26T17:11:12.023+0000] {processor.py:176} INFO - Processing /home/airflow/.local/lib/python3.7/site-packages/airflow/example_dags/example_external_task_marker_dag.py took 0.125 seconds
[2023-08-26T17:11:42.990+0000] {processor.py:154} INFO - Started process (PID=1048) to work on /home/airflow/.local/lib/python3.7/site-packages/airflow/example_dags/example_external_task_marker_dag.py
[2023-08-26T17:11:42.990+0000] {processor.py:756} INFO - Processing file /home/airflow/.local/lib/python3.7/site-packages/airflow/example_dags/example_external_task_marker_dag.py for tasks to queue
[2023-08-26T17:11:42.991+0000] {logging_mixin.py:120} INFO - [2023-08-26T17:11:42.991+0000] {dagbag.py:537} INFO - Filling up the DagBag from /home/airflow/.local/lib/python3.7/site-packages/airflow/example_dags/example_external_task_marker_dag.py
[2023-08-26T17:11:43.000+0000] {processor.py:766} INFO - DAG(s) dict_keys(['example_external_task_marker_parent', 'example_external_task_marker_child']) retrieved from /home/airflow/.local/lib/python3.7/site-packages/airflow/example_dags/example_external_task_marker_dag.py
[2023-08-26T17:11:43.105+0000] {logging_mixin.py:120} INFO - [2023-08-26T17:11:43.105+0000] {dag.py:2585} INFO - Sync 2 DAGs
[2023-08-26T17:11:43.121+0000] {logging_mixin.py:120} INFO - [2023-08-26T17:11:43.121+0000] {dag.py:3340} INFO - Setting next_dagrun for example_external_task_marker_child to None, run_after=None
[2023-08-26T17:11:43.124+0000] {logging_mixin.py:120} INFO - [2023-08-26T17:11:43.124+0000] {dag.py:3340} INFO - Setting next_dagrun for example_external_task_marker_parent to None, run_after=None
[2023-08-26T17:11:43.135+0000] {processor.py:176} INFO - Processing /home/airflow/.local/lib/python3.7/site-packages/airflow/example_dags/example_external_task_marker_dag.py took 0.148 seconds
[2023-08-26T17:12:14.079+0000] {processor.py:154} INFO - Started process (PID=1110) to work on /home/airflow/.local/lib/python3.7/site-packages/airflow/example_dags/example_external_task_marker_dag.py
[2023-08-26T17:12:14.080+0000] {processor.py:756} INFO - Processing file /home/airflow/.local/lib/python3.7/site-packages/airflow/example_dags/example_external_task_marker_dag.py for tasks to queue
[2023-08-26T17:12:14.080+0000] {logging_mixin.py:120} INFO - [2023-08-26T17:12:14.080+0000] {dagbag.py:537} INFO - Filling up the DagBag from /home/airflow/.local/lib/python3.7/site-packages/airflow/example_dags/example_external_task_marker_dag.py
[2023-08-26T17:12:14.091+0000] {processor.py:766} INFO - DAG(s) dict_keys(['example_external_task_marker_parent', 'example_external_task_marker_child']) retrieved from /home/airflow/.local/lib/python3.7/site-packages/airflow/example_dags/example_external_task_marker_dag.py
[2023-08-26T17:12:14.191+0000] {logging_mixin.py:120} INFO - [2023-08-26T17:12:14.191+0000] {dag.py:2585} INFO - Sync 2 DAGs
[2023-08-26T17:12:14.207+0000] {logging_mixin.py:120} INFO - [2023-08-26T17:12:14.207+0000] {dag.py:3340} INFO - Setting next_dagrun for example_external_task_marker_child to None, run_after=None
[2023-08-26T17:12:14.209+0000] {logging_mixin.py:120} INFO - [2023-08-26T17:12:14.209+0000] {dag.py:3340} INFO - Setting next_dagrun for example_external_task_marker_parent to None, run_after=None
[2023-08-26T17:12:14.219+0000] {processor.py:176} INFO - Processing /home/airflow/.local/lib/python3.7/site-packages/airflow/example_dags/example_external_task_marker_dag.py took 0.142 seconds
[2023-08-26T17:12:45.276+0000] {processor.py:154} INFO - Started process (PID=1179) to work on /home/airflow/.local/lib/python3.7/site-packages/airflow/example_dags/example_external_task_marker_dag.py
[2023-08-26T17:12:45.277+0000] {processor.py:756} INFO - Processing file /home/airflow/.local/lib/python3.7/site-packages/airflow/example_dags/example_external_task_marker_dag.py for tasks to queue
[2023-08-26T17:12:45.278+0000] {logging_mixin.py:120} INFO - [2023-08-26T17:12:45.277+0000] {dagbag.py:537} INFO - Filling up the DagBag from /home/airflow/.local/lib/python3.7/site-packages/airflow/example_dags/example_external_task_marker_dag.py
[2023-08-26T17:12:45.288+0000] {processor.py:766} INFO - DAG(s) dict_keys(['example_external_task_marker_parent', 'example_external_task_marker_child']) retrieved from /home/airflow/.local/lib/python3.7/site-packages/airflow/example_dags/example_external_task_marker_dag.py
[2023-08-26T17:12:45.405+0000] {logging_mixin.py:120} INFO - [2023-08-26T17:12:45.405+0000] {dag.py:2585} INFO - Sync 2 DAGs
[2023-08-26T17:12:45.420+0000] {logging_mixin.py:120} INFO - [2023-08-26T17:12:45.420+0000] {dag.py:3340} INFO - Setting next_dagrun for example_external_task_marker_child to None, run_after=None
[2023-08-26T17:12:45.422+0000] {logging_mixin.py:120} INFO - [2023-08-26T17:12:45.422+0000] {dag.py:3340} INFO - Setting next_dagrun for example_external_task_marker_parent to None, run_after=None
[2023-08-26T17:12:45.432+0000] {processor.py:176} INFO - Processing /home/airflow/.local/lib/python3.7/site-packages/airflow/example_dags/example_external_task_marker_dag.py took 0.158 seconds
[2023-08-26T17:13:15.554+0000] {processor.py:154} INFO - Started process (PID=1233) to work on /home/airflow/.local/lib/python3.7/site-packages/airflow/example_dags/example_external_task_marker_dag.py
[2023-08-26T17:13:15.555+0000] {processor.py:756} INFO - Processing file /home/airflow/.local/lib/python3.7/site-packages/airflow/example_dags/example_external_task_marker_dag.py for tasks to queue
[2023-08-26T17:13:15.556+0000] {logging_mixin.py:120} INFO - [2023-08-26T17:13:15.556+0000] {dagbag.py:537} INFO - Filling up the DagBag from /home/airflow/.local/lib/python3.7/site-packages/airflow/example_dags/example_external_task_marker_dag.py
[2023-08-26T17:13:15.567+0000] {processor.py:766} INFO - DAG(s) dict_keys(['example_external_task_marker_parent', 'example_external_task_marker_child']) retrieved from /home/airflow/.local/lib/python3.7/site-packages/airflow/example_dags/example_external_task_marker_dag.py
[2023-08-26T17:13:15.674+0000] {logging_mixin.py:120} INFO - [2023-08-26T17:13:15.673+0000] {dag.py:2585} INFO - Sync 2 DAGs
[2023-08-26T17:13:15.690+0000] {logging_mixin.py:120} INFO - [2023-08-26T17:13:15.690+0000] {dag.py:3340} INFO - Setting next_dagrun for example_external_task_marker_child to None, run_after=None
[2023-08-26T17:13:15.693+0000] {logging_mixin.py:120} INFO - [2023-08-26T17:13:15.693+0000] {dag.py:3340} INFO - Setting next_dagrun for example_external_task_marker_parent to None, run_after=None
[2023-08-26T17:13:15.705+0000] {processor.py:176} INFO - Processing /home/airflow/.local/lib/python3.7/site-packages/airflow/example_dags/example_external_task_marker_dag.py took 0.153 seconds
[2023-08-26T17:13:45.762+0000] {processor.py:154} INFO - Started process (PID=1297) to work on /home/airflow/.local/lib/python3.7/site-packages/airflow/example_dags/example_external_task_marker_dag.py
[2023-08-26T17:13:45.763+0000] {processor.py:756} INFO - Processing file /home/airflow/.local/lib/python3.7/site-packages/airflow/example_dags/example_external_task_marker_dag.py for tasks to queue
[2023-08-26T17:13:45.764+0000] {logging_mixin.py:120} INFO - [2023-08-26T17:13:45.764+0000] {dagbag.py:537} INFO - Filling up the DagBag from /home/airflow/.local/lib/python3.7/site-packages/airflow/example_dags/example_external_task_marker_dag.py
[2023-08-26T17:13:45.773+0000] {processor.py:766} INFO - DAG(s) dict_keys(['example_external_task_marker_child', 'example_external_task_marker_parent']) retrieved from /home/airflow/.local/lib/python3.7/site-packages/airflow/example_dags/example_external_task_marker_dag.py
[2023-08-26T17:13:45.871+0000] {logging_mixin.py:120} INFO - [2023-08-26T17:13:45.871+0000] {dag.py:2585} INFO - Sync 2 DAGs
[2023-08-26T17:13:45.886+0000] {logging_mixin.py:120} INFO - [2023-08-26T17:13:45.885+0000] {dag.py:3340} INFO - Setting next_dagrun for example_external_task_marker_child to None, run_after=None
[2023-08-26T17:13:45.888+0000] {logging_mixin.py:120} INFO - [2023-08-26T17:13:45.888+0000] {dag.py:3340} INFO - Setting next_dagrun for example_external_task_marker_parent to None, run_after=None
[2023-08-26T17:13:45.900+0000] {processor.py:176} INFO - Processing /home/airflow/.local/lib/python3.7/site-packages/airflow/example_dags/example_external_task_marker_dag.py took 0.140 seconds
[2023-08-26T17:14:16.852+0000] {processor.py:154} INFO - Started process (PID=1361) to work on /home/airflow/.local/lib/python3.7/site-packages/airflow/example_dags/example_external_task_marker_dag.py
[2023-08-26T17:14:16.853+0000] {processor.py:756} INFO - Processing file /home/airflow/.local/lib/python3.7/site-packages/airflow/example_dags/example_external_task_marker_dag.py for tasks to queue
[2023-08-26T17:14:16.854+0000] {logging_mixin.py:120} INFO - [2023-08-26T17:14:16.853+0000] {dagbag.py:537} INFO - Filling up the DagBag from /home/airflow/.local/lib/python3.7/site-packages/airflow/example_dags/example_external_task_marker_dag.py
[2023-08-26T17:14:16.862+0000] {processor.py:766} INFO - DAG(s) dict_keys(['example_external_task_marker_parent', 'example_external_task_marker_child']) retrieved from /home/airflow/.local/lib/python3.7/site-packages/airflow/example_dags/example_external_task_marker_dag.py
[2023-08-26T17:14:16.957+0000] {logging_mixin.py:120} INFO - [2023-08-26T17:14:16.957+0000] {dag.py:2585} INFO - Sync 2 DAGs
[2023-08-26T17:14:16.971+0000] {logging_mixin.py:120} INFO - [2023-08-26T17:14:16.971+0000] {dag.py:3340} INFO - Setting next_dagrun for example_external_task_marker_child to None, run_after=None
[2023-08-26T17:14:16.974+0000] {logging_mixin.py:120} INFO - [2023-08-26T17:14:16.973+0000] {dag.py:3340} INFO - Setting next_dagrun for example_external_task_marker_parent to None, run_after=None
[2023-08-26T17:14:16.982+0000] {processor.py:176} INFO - Processing /home/airflow/.local/lib/python3.7/site-packages/airflow/example_dags/example_external_task_marker_dag.py took 0.132 seconds
[2023-08-26T17:14:47.018+0000] {processor.py:154} INFO - Started process (PID=1425) to work on /home/airflow/.local/lib/python3.7/site-packages/airflow/example_dags/example_external_task_marker_dag.py
[2023-08-26T17:14:47.019+0000] {processor.py:756} INFO - Processing file /home/airflow/.local/lib/python3.7/site-packages/airflow/example_dags/example_external_task_marker_dag.py for tasks to queue
[2023-08-26T17:14:47.020+0000] {logging_mixin.py:120} INFO - [2023-08-26T17:14:47.020+0000] {dagbag.py:537} INFO - Filling up the DagBag from /home/airflow/.local/lib/python3.7/site-packages/airflow/example_dags/example_external_task_marker_dag.py
[2023-08-26T17:14:47.028+0000] {processor.py:766} INFO - DAG(s) dict_keys(['example_external_task_marker_parent', 'example_external_task_marker_child']) retrieved from /home/airflow/.local/lib/python3.7/site-packages/airflow/example_dags/example_external_task_marker_dag.py
[2023-08-26T17:14:47.157+0000] {logging_mixin.py:120} INFO - [2023-08-26T17:14:47.157+0000] {dag.py:2585} INFO - Sync 2 DAGs
[2023-08-26T17:14:47.173+0000] {logging_mixin.py:120} INFO - [2023-08-26T17:14:47.173+0000] {dag.py:3340} INFO - Setting next_dagrun for example_external_task_marker_child to None, run_after=None
[2023-08-26T17:14:47.175+0000] {logging_mixin.py:120} INFO - [2023-08-26T17:14:47.175+0000] {dag.py:3340} INFO - Setting next_dagrun for example_external_task_marker_parent to None, run_after=None
[2023-08-26T17:14:47.185+0000] {processor.py:176} INFO - Processing /home/airflow/.local/lib/python3.7/site-packages/airflow/example_dags/example_external_task_marker_dag.py took 0.170 seconds
[2023-08-26T17:15:17.218+0000] {processor.py:154} INFO - Started process (PID=1488) to work on /home/airflow/.local/lib/python3.7/site-packages/airflow/example_dags/example_external_task_marker_dag.py
[2023-08-26T17:15:17.219+0000] {processor.py:756} INFO - Processing file /home/airflow/.local/lib/python3.7/site-packages/airflow/example_dags/example_external_task_marker_dag.py for tasks to queue
[2023-08-26T17:15:17.219+0000] {logging_mixin.py:120} INFO - [2023-08-26T17:15:17.219+0000] {dagbag.py:537} INFO - Filling up the DagBag from /home/airflow/.local/lib/python3.7/site-packages/airflow/example_dags/example_external_task_marker_dag.py
[2023-08-26T17:15:17.228+0000] {processor.py:766} INFO - DAG(s) dict_keys(['example_external_task_marker_parent', 'example_external_task_marker_child']) retrieved from /home/airflow/.local/lib/python3.7/site-packages/airflow/example_dags/example_external_task_marker_dag.py
[2023-08-26T17:15:17.321+0000] {logging_mixin.py:120} INFO - [2023-08-26T17:15:17.321+0000] {dag.py:2585} INFO - Sync 2 DAGs
[2023-08-26T17:15:17.334+0000] {logging_mixin.py:120} INFO - [2023-08-26T17:15:17.334+0000] {dag.py:3340} INFO - Setting next_dagrun for example_external_task_marker_child to None, run_after=None
[2023-08-26T17:15:17.336+0000] {logging_mixin.py:120} INFO - [2023-08-26T17:15:17.336+0000] {dag.py:3340} INFO - Setting next_dagrun for example_external_task_marker_parent to None, run_after=None
[2023-08-26T17:15:17.347+0000] {processor.py:176} INFO - Processing /home/airflow/.local/lib/python3.7/site-packages/airflow/example_dags/example_external_task_marker_dag.py took 0.131 seconds
[2023-08-26T17:15:47.367+0000] {processor.py:154} INFO - Started process (PID=1543) to work on /home/airflow/.local/lib/python3.7/site-packages/airflow/example_dags/example_external_task_marker_dag.py
[2023-08-26T17:15:47.368+0000] {processor.py:756} INFO - Processing file /home/airflow/.local/lib/python3.7/site-packages/airflow/example_dags/example_external_task_marker_dag.py for tasks to queue
[2023-08-26T17:15:47.372+0000] {logging_mixin.py:120} INFO - [2023-08-26T17:15:47.372+0000] {dagbag.py:537} INFO - Filling up the DagBag from /home/airflow/.local/lib/python3.7/site-packages/airflow/example_dags/example_external_task_marker_dag.py
[2023-08-26T17:15:47.382+0000] {processor.py:766} INFO - DAG(s) dict_keys(['example_external_task_marker_child', 'example_external_task_marker_parent']) retrieved from /home/airflow/.local/lib/python3.7/site-packages/airflow/example_dags/example_external_task_marker_dag.py
[2023-08-26T17:15:47.483+0000] {logging_mixin.py:120} INFO - [2023-08-26T17:15:47.483+0000] {dag.py:2585} INFO - Sync 2 DAGs
[2023-08-26T17:15:47.497+0000] {logging_mixin.py:120} INFO - [2023-08-26T17:15:47.497+0000] {dag.py:3340} INFO - Setting next_dagrun for example_external_task_marker_child to None, run_after=None
[2023-08-26T17:15:47.499+0000] {logging_mixin.py:120} INFO - [2023-08-26T17:15:47.499+0000] {dag.py:3340} INFO - Setting next_dagrun for example_external_task_marker_parent to None, run_after=None
[2023-08-26T17:15:47.508+0000] {processor.py:176} INFO - Processing /home/airflow/.local/lib/python3.7/site-packages/airflow/example_dags/example_external_task_marker_dag.py took 0.144 seconds
[2023-08-26T17:16:18.399+0000] {processor.py:154} INFO - Started process (PID=1607) to work on /home/airflow/.local/lib/python3.7/site-packages/airflow/example_dags/example_external_task_marker_dag.py
[2023-08-26T17:16:18.399+0000] {processor.py:756} INFO - Processing file /home/airflow/.local/lib/python3.7/site-packages/airflow/example_dags/example_external_task_marker_dag.py for tasks to queue
[2023-08-26T17:16:18.400+0000] {logging_mixin.py:120} INFO - [2023-08-26T17:16:18.400+0000] {dagbag.py:537} INFO - Filling up the DagBag from /home/airflow/.local/lib/python3.7/site-packages/airflow/example_dags/example_external_task_marker_dag.py
[2023-08-26T17:16:18.410+0000] {processor.py:766} INFO - DAG(s) dict_keys(['example_external_task_marker_child', 'example_external_task_marker_parent']) retrieved from /home/airflow/.local/lib/python3.7/site-packages/airflow/example_dags/example_external_task_marker_dag.py
[2023-08-26T17:16:18.506+0000] {logging_mixin.py:120} INFO - [2023-08-26T17:16:18.506+0000] {dag.py:2585} INFO - Sync 2 DAGs
[2023-08-26T17:16:18.522+0000] {logging_mixin.py:120} INFO - [2023-08-26T17:16:18.522+0000] {dag.py:3340} INFO - Setting next_dagrun for example_external_task_marker_child to None, run_after=None
[2023-08-26T17:16:18.524+0000] {logging_mixin.py:120} INFO - [2023-08-26T17:16:18.524+0000] {dag.py:3340} INFO - Setting next_dagrun for example_external_task_marker_parent to None, run_after=None
[2023-08-26T17:16:18.533+0000] {processor.py:176} INFO - Processing /home/airflow/.local/lib/python3.7/site-packages/airflow/example_dags/example_external_task_marker_dag.py took 0.137 seconds
[2023-08-26T17:16:49.388+0000] {processor.py:154} INFO - Started process (PID=1668) to work on /home/airflow/.local/lib/python3.7/site-packages/airflow/example_dags/example_external_task_marker_dag.py
[2023-08-26T17:16:49.388+0000] {processor.py:756} INFO - Processing file /home/airflow/.local/lib/python3.7/site-packages/airflow/example_dags/example_external_task_marker_dag.py for tasks to queue
[2023-08-26T17:16:49.389+0000] {logging_mixin.py:120} INFO - [2023-08-26T17:16:49.389+0000] {dagbag.py:537} INFO - Filling up the DagBag from /home/airflow/.local/lib/python3.7/site-packages/airflow/example_dags/example_external_task_marker_dag.py
[2023-08-26T17:16:49.398+0000] {processor.py:766} INFO - DAG(s) dict_keys(['example_external_task_marker_parent', 'example_external_task_marker_child']) retrieved from /home/airflow/.local/lib/python3.7/site-packages/airflow/example_dags/example_external_task_marker_dag.py
[2023-08-26T17:16:49.502+0000] {logging_mixin.py:120} INFO - [2023-08-26T17:16:49.502+0000] {dag.py:2585} INFO - Sync 2 DAGs
[2023-08-26T17:16:49.516+0000] {logging_mixin.py:120} INFO - [2023-08-26T17:16:49.516+0000] {dag.py:3340} INFO - Setting next_dagrun for example_external_task_marker_child to None, run_after=None
[2023-08-26T17:16:49.518+0000] {logging_mixin.py:120} INFO - [2023-08-26T17:16:49.518+0000] {dag.py:3340} INFO - Setting next_dagrun for example_external_task_marker_parent to None, run_after=None
[2023-08-26T17:16:49.527+0000] {processor.py:176} INFO - Processing /home/airflow/.local/lib/python3.7/site-packages/airflow/example_dags/example_external_task_marker_dag.py took 0.141 seconds
[2023-08-26T17:17:19.564+0000] {processor.py:154} INFO - Started process (PID=1732) to work on /home/airflow/.local/lib/python3.7/site-packages/airflow/example_dags/example_external_task_marker_dag.py
[2023-08-26T17:17:19.565+0000] {processor.py:756} INFO - Processing file /home/airflow/.local/lib/python3.7/site-packages/airflow/example_dags/example_external_task_marker_dag.py for tasks to queue
[2023-08-26T17:17:19.565+0000] {logging_mixin.py:120} INFO - [2023-08-26T17:17:19.565+0000] {dagbag.py:537} INFO - Filling up the DagBag from /home/airflow/.local/lib/python3.7/site-packages/airflow/example_dags/example_external_task_marker_dag.py
[2023-08-26T17:17:19.575+0000] {processor.py:766} INFO - DAG(s) dict_keys(['example_external_task_marker_child', 'example_external_task_marker_parent']) retrieved from /home/airflow/.local/lib/python3.7/site-packages/airflow/example_dags/example_external_task_marker_dag.py
[2023-08-26T17:17:19.678+0000] {logging_mixin.py:120} INFO - [2023-08-26T17:17:19.678+0000] {dag.py:2585} INFO - Sync 2 DAGs
[2023-08-26T17:17:19.693+0000] {logging_mixin.py:120} INFO - [2023-08-26T17:17:19.693+0000] {dag.py:3340} INFO - Setting next_dagrun for example_external_task_marker_child to None, run_after=None
[2023-08-26T17:17:19.695+0000] {logging_mixin.py:120} INFO - [2023-08-26T17:17:19.695+0000] {dag.py:3340} INFO - Setting next_dagrun for example_external_task_marker_parent to None, run_after=None
[2023-08-26T17:17:19.704+0000] {processor.py:176} INFO - Processing /home/airflow/.local/lib/python3.7/site-packages/airflow/example_dags/example_external_task_marker_dag.py took 0.142 seconds
[2023-08-26T17:17:50.607+0000] {processor.py:154} INFO - Started process (PID=1794) to work on /home/airflow/.local/lib/python3.7/site-packages/airflow/example_dags/example_external_task_marker_dag.py
[2023-08-26T17:17:50.608+0000] {processor.py:756} INFO - Processing file /home/airflow/.local/lib/python3.7/site-packages/airflow/example_dags/example_external_task_marker_dag.py for tasks to queue
[2023-08-26T17:17:50.608+0000] {logging_mixin.py:120} INFO - [2023-08-26T17:17:50.608+0000] {dagbag.py:537} INFO - Filling up the DagBag from /home/airflow/.local/lib/python3.7/site-packages/airflow/example_dags/example_external_task_marker_dag.py
[2023-08-26T17:17:50.617+0000] {processor.py:766} INFO - DAG(s) dict_keys(['example_external_task_marker_parent', 'example_external_task_marker_child']) retrieved from /home/airflow/.local/lib/python3.7/site-packages/airflow/example_dags/example_external_task_marker_dag.py
[2023-08-26T17:17:50.712+0000] {logging_mixin.py:120} INFO - [2023-08-26T17:17:50.711+0000] {dag.py:2585} INFO - Sync 2 DAGs
[2023-08-26T17:17:50.726+0000] {logging_mixin.py:120} INFO - [2023-08-26T17:17:50.726+0000] {dag.py:3340} INFO - Setting next_dagrun for example_external_task_marker_child to None, run_after=None
[2023-08-26T17:17:50.728+0000] {logging_mixin.py:120} INFO - [2023-08-26T17:17:50.728+0000] {dag.py:3340} INFO - Setting next_dagrun for example_external_task_marker_parent to None, run_after=None
[2023-08-26T17:17:50.738+0000] {processor.py:176} INFO - Processing /home/airflow/.local/lib/python3.7/site-packages/airflow/example_dags/example_external_task_marker_dag.py took 0.133 seconds
[2023-08-26T17:18:20.807+0000] {processor.py:154} INFO - Started process (PID=1858) to work on /home/airflow/.local/lib/python3.7/site-packages/airflow/example_dags/example_external_task_marker_dag.py
[2023-08-26T17:18:20.808+0000] {processor.py:756} INFO - Processing file /home/airflow/.local/lib/python3.7/site-packages/airflow/example_dags/example_external_task_marker_dag.py for tasks to queue
[2023-08-26T17:18:20.809+0000] {logging_mixin.py:120} INFO - [2023-08-26T17:18:20.808+0000] {dagbag.py:537} INFO - Filling up the DagBag from /home/airflow/.local/lib/python3.7/site-packages/airflow/example_dags/example_external_task_marker_dag.py
[2023-08-26T17:18:20.817+0000] {processor.py:766} INFO - DAG(s) dict_keys(['example_external_task_marker_parent', 'example_external_task_marker_child']) retrieved from /home/airflow/.local/lib/python3.7/site-packages/airflow/example_dags/example_external_task_marker_dag.py
[2023-08-26T17:18:20.914+0000] {logging_mixin.py:120} INFO - [2023-08-26T17:18:20.914+0000] {dag.py:2585} INFO - Sync 2 DAGs
[2023-08-26T17:18:20.928+0000] {logging_mixin.py:120} INFO - [2023-08-26T17:18:20.928+0000] {dag.py:3340} INFO - Setting next_dagrun for example_external_task_marker_child to None, run_after=None
[2023-08-26T17:18:20.930+0000] {logging_mixin.py:120} INFO - [2023-08-26T17:18:20.930+0000] {dag.py:3340} INFO - Setting next_dagrun for example_external_task_marker_parent to None, run_after=None
[2023-08-26T17:18:20.940+0000] {processor.py:176} INFO - Processing /home/airflow/.local/lib/python3.7/site-packages/airflow/example_dags/example_external_task_marker_dag.py took 0.135 seconds
[2023-08-26T17:18:51.068+0000] {processor.py:154} INFO - Started process (PID=1917) to work on /home/airflow/.local/lib/python3.7/site-packages/airflow/example_dags/example_external_task_marker_dag.py
[2023-08-26T17:18:51.069+0000] {processor.py:756} INFO - Processing file /home/airflow/.local/lib/python3.7/site-packages/airflow/example_dags/example_external_task_marker_dag.py for tasks to queue
[2023-08-26T17:18:51.069+0000] {logging_mixin.py:120} INFO - [2023-08-26T17:18:51.069+0000] {dagbag.py:537} INFO - Filling up the DagBag from /home/airflow/.local/lib/python3.7/site-packages/airflow/example_dags/example_external_task_marker_dag.py
[2023-08-26T17:18:51.079+0000] {processor.py:766} INFO - DAG(s) dict_keys(['example_external_task_marker_parent', 'example_external_task_marker_child']) retrieved from /home/airflow/.local/lib/python3.7/site-packages/airflow/example_dags/example_external_task_marker_dag.py
[2023-08-26T17:18:51.204+0000] {logging_mixin.py:120} INFO - [2023-08-26T17:18:51.204+0000] {dag.py:2585} INFO - Sync 2 DAGs
[2023-08-26T17:18:51.220+0000] {logging_mixin.py:120} INFO - [2023-08-26T17:18:51.220+0000] {dag.py:3340} INFO - Setting next_dagrun for example_external_task_marker_child to None, run_after=None
[2023-08-26T17:18:51.222+0000] {logging_mixin.py:120} INFO - [2023-08-26T17:18:51.222+0000] {dag.py:3340} INFO - Setting next_dagrun for example_external_task_marker_parent to None, run_after=None
[2023-08-26T17:18:51.236+0000] {processor.py:176} INFO - Processing /home/airflow/.local/lib/python3.7/site-packages/airflow/example_dags/example_external_task_marker_dag.py took 0.171 seconds
[2023-08-26T17:19:21.293+0000] {processor.py:154} INFO - Started process (PID=1973) to work on /home/airflow/.local/lib/python3.7/site-packages/airflow/example_dags/example_external_task_marker_dag.py
[2023-08-26T17:19:21.293+0000] {processor.py:756} INFO - Processing file /home/airflow/.local/lib/python3.7/site-packages/airflow/example_dags/example_external_task_marker_dag.py for tasks to queue
[2023-08-26T17:19:21.294+0000] {logging_mixin.py:120} INFO - [2023-08-26T17:19:21.294+0000] {dagbag.py:537} INFO - Filling up the DagBag from /home/airflow/.local/lib/python3.7/site-packages/airflow/example_dags/example_external_task_marker_dag.py
[2023-08-26T17:19:21.306+0000] {processor.py:766} INFO - DAG(s) dict_keys(['example_external_task_marker_child', 'example_external_task_marker_parent']) retrieved from /home/airflow/.local/lib/python3.7/site-packages/airflow/example_dags/example_external_task_marker_dag.py
[2023-08-26T17:19:21.400+0000] {logging_mixin.py:120} INFO - [2023-08-26T17:19:21.400+0000] {dag.py:2585} INFO - Sync 2 DAGs
[2023-08-26T17:19:21.415+0000] {logging_mixin.py:120} INFO - [2023-08-26T17:19:21.415+0000] {dag.py:3340} INFO - Setting next_dagrun for example_external_task_marker_child to None, run_after=None
[2023-08-26T17:19:21.417+0000] {logging_mixin.py:120} INFO - [2023-08-26T17:19:21.417+0000] {dag.py:3340} INFO - Setting next_dagrun for example_external_task_marker_parent to None, run_after=None
[2023-08-26T17:19:21.426+0000] {processor.py:176} INFO - Processing /home/airflow/.local/lib/python3.7/site-packages/airflow/example_dags/example_external_task_marker_dag.py took 0.136 seconds
[2023-08-26T17:19:52.372+0000] {processor.py:154} INFO - Started process (PID=2036) to work on /home/airflow/.local/lib/python3.7/site-packages/airflow/example_dags/example_external_task_marker_dag.py
[2023-08-26T17:19:52.372+0000] {processor.py:756} INFO - Processing file /home/airflow/.local/lib/python3.7/site-packages/airflow/example_dags/example_external_task_marker_dag.py for tasks to queue
[2023-08-26T17:19:52.373+0000] {logging_mixin.py:120} INFO - [2023-08-26T17:19:52.373+0000] {dagbag.py:537} INFO - Filling up the DagBag from /home/airflow/.local/lib/python3.7/site-packages/airflow/example_dags/example_external_task_marker_dag.py
[2023-08-26T17:19:52.381+0000] {processor.py:766} INFO - DAG(s) dict_keys(['example_external_task_marker_child', 'example_external_task_marker_parent']) retrieved from /home/airflow/.local/lib/python3.7/site-packages/airflow/example_dags/example_external_task_marker_dag.py
[2023-08-26T17:19:52.474+0000] {logging_mixin.py:120} INFO - [2023-08-26T17:19:52.474+0000] {dag.py:2585} INFO - Sync 2 DAGs
[2023-08-26T17:19:52.488+0000] {logging_mixin.py:120} INFO - [2023-08-26T17:19:52.488+0000] {dag.py:3340} INFO - Setting next_dagrun for example_external_task_marker_child to None, run_after=None
[2023-08-26T17:19:52.490+0000] {logging_mixin.py:120} INFO - [2023-08-26T17:19:52.490+0000] {dag.py:3340} INFO - Setting next_dagrun for example_external_task_marker_parent to None, run_after=None
[2023-08-26T17:19:52.498+0000] {processor.py:176} INFO - Processing /home/airflow/.local/lib/python3.7/site-packages/airflow/example_dags/example_external_task_marker_dag.py took 0.129 seconds
[2023-08-26T17:20:22.592+0000] {processor.py:154} INFO - Started process (PID=2099) to work on /home/airflow/.local/lib/python3.7/site-packages/airflow/example_dags/example_external_task_marker_dag.py
[2023-08-26T17:20:22.593+0000] {processor.py:756} INFO - Processing file /home/airflow/.local/lib/python3.7/site-packages/airflow/example_dags/example_external_task_marker_dag.py for tasks to queue
[2023-08-26T17:20:22.594+0000] {logging_mixin.py:120} INFO - [2023-08-26T17:20:22.594+0000] {dagbag.py:537} INFO - Filling up the DagBag from /home/airflow/.local/lib/python3.7/site-packages/airflow/example_dags/example_external_task_marker_dag.py
[2023-08-26T17:20:22.603+0000] {processor.py:766} INFO - DAG(s) dict_keys(['example_external_task_marker_parent', 'example_external_task_marker_child']) retrieved from /home/airflow/.local/lib/python3.7/site-packages/airflow/example_dags/example_external_task_marker_dag.py
[2023-08-26T17:20:22.696+0000] {logging_mixin.py:120} INFO - [2023-08-26T17:20:22.696+0000] {dag.py:2585} INFO - Sync 2 DAGs
[2023-08-26T17:20:22.710+0000] {logging_mixin.py:120} INFO - [2023-08-26T17:20:22.710+0000] {dag.py:3340} INFO - Setting next_dagrun for example_external_task_marker_child to None, run_after=None
[2023-08-26T17:20:22.713+0000] {logging_mixin.py:120} INFO - [2023-08-26T17:20:22.712+0000] {dag.py:3340} INFO - Setting next_dagrun for example_external_task_marker_parent to None, run_after=None
[2023-08-26T17:20:22.722+0000] {processor.py:176} INFO - Processing /home/airflow/.local/lib/python3.7/site-packages/airflow/example_dags/example_external_task_marker_dag.py took 0.132 seconds
[2023-08-26T17:20:52.883+0000] {processor.py:154} INFO - Started process (PID=2162) to work on /home/airflow/.local/lib/python3.7/site-packages/airflow/example_dags/example_external_task_marker_dag.py
[2023-08-26T17:20:52.884+0000] {processor.py:756} INFO - Processing file /home/airflow/.local/lib/python3.7/site-packages/airflow/example_dags/example_external_task_marker_dag.py for tasks to queue
[2023-08-26T17:20:52.884+0000] {logging_mixin.py:120} INFO - [2023-08-26T17:20:52.884+0000] {dagbag.py:537} INFO - Filling up the DagBag from /home/airflow/.local/lib/python3.7/site-packages/airflow/example_dags/example_external_task_marker_dag.py
[2023-08-26T17:20:52.893+0000] {processor.py:766} INFO - DAG(s) dict_keys(['example_external_task_marker_child', 'example_external_task_marker_parent']) retrieved from /home/airflow/.local/lib/python3.7/site-packages/airflow/example_dags/example_external_task_marker_dag.py
[2023-08-26T17:20:52.981+0000] {logging_mixin.py:120} INFO - [2023-08-26T17:20:52.981+0000] {dag.py:2585} INFO - Sync 2 DAGs
[2023-08-26T17:20:52.993+0000] {logging_mixin.py:120} INFO - [2023-08-26T17:20:52.993+0000] {dag.py:3340} INFO - Setting next_dagrun for example_external_task_marker_child to None, run_after=None
[2023-08-26T17:20:52.995+0000] {logging_mixin.py:120} INFO - [2023-08-26T17:20:52.995+0000] {dag.py:3340} INFO - Setting next_dagrun for example_external_task_marker_parent to None, run_after=None
[2023-08-26T17:20:53.003+0000] {processor.py:176} INFO - Processing /home/airflow/.local/lib/python3.7/site-packages/airflow/example_dags/example_external_task_marker_dag.py took 0.122 seconds
[2023-08-26T17:21:23.132+0000] {processor.py:154} INFO - Started process (PID=2225) to work on /home/airflow/.local/lib/python3.7/site-packages/airflow/example_dags/example_external_task_marker_dag.py
[2023-08-26T17:21:23.133+0000] {processor.py:756} INFO - Processing file /home/airflow/.local/lib/python3.7/site-packages/airflow/example_dags/example_external_task_marker_dag.py for tasks to queue
[2023-08-26T17:21:23.134+0000] {logging_mixin.py:120} INFO - [2023-08-26T17:21:23.134+0000] {dagbag.py:537} INFO - Filling up the DagBag from /home/airflow/.local/lib/python3.7/site-packages/airflow/example_dags/example_external_task_marker_dag.py
[2023-08-26T17:21:23.146+0000] {processor.py:766} INFO - DAG(s) dict_keys(['example_external_task_marker_parent', 'example_external_task_marker_child']) retrieved from /home/airflow/.local/lib/python3.7/site-packages/airflow/example_dags/example_external_task_marker_dag.py
[2023-08-26T17:21:23.252+0000] {logging_mixin.py:120} INFO - [2023-08-26T17:21:23.251+0000] {dag.py:2585} INFO - Sync 2 DAGs
[2023-08-26T17:21:23.267+0000] {logging_mixin.py:120} INFO - [2023-08-26T17:21:23.267+0000] {dag.py:3340} INFO - Setting next_dagrun for example_external_task_marker_child to None, run_after=None
[2023-08-26T17:21:23.270+0000] {logging_mixin.py:120} INFO - [2023-08-26T17:21:23.270+0000] {dag.py:3340} INFO - Setting next_dagrun for example_external_task_marker_parent to None, run_after=None
[2023-08-26T17:21:23.283+0000] {processor.py:176} INFO - Processing /home/airflow/.local/lib/python3.7/site-packages/airflow/example_dags/example_external_task_marker_dag.py took 0.156 seconds
[2023-08-26T17:21:53.546+0000] {processor.py:154} INFO - Started process (PID=2279) to work on /home/airflow/.local/lib/python3.7/site-packages/airflow/example_dags/example_external_task_marker_dag.py
[2023-08-26T17:21:53.547+0000] {processor.py:756} INFO - Processing file /home/airflow/.local/lib/python3.7/site-packages/airflow/example_dags/example_external_task_marker_dag.py for tasks to queue
[2023-08-26T17:21:53.547+0000] {logging_mixin.py:120} INFO - [2023-08-26T17:21:53.547+0000] {dagbag.py:537} INFO - Filling up the DagBag from /home/airflow/.local/lib/python3.7/site-packages/airflow/example_dags/example_external_task_marker_dag.py
[2023-08-26T17:21:53.556+0000] {processor.py:766} INFO - DAG(s) dict_keys(['example_external_task_marker_parent', 'example_external_task_marker_child']) retrieved from /home/airflow/.local/lib/python3.7/site-packages/airflow/example_dags/example_external_task_marker_dag.py
[2023-08-26T17:21:53.645+0000] {logging_mixin.py:120} INFO - [2023-08-26T17:21:53.645+0000] {dag.py:2585} INFO - Sync 2 DAGs
[2023-08-26T17:21:53.657+0000] {logging_mixin.py:120} INFO - [2023-08-26T17:21:53.657+0000] {dag.py:3340} INFO - Setting next_dagrun for example_external_task_marker_child to None, run_after=None
[2023-08-26T17:21:53.660+0000] {logging_mixin.py:120} INFO - [2023-08-26T17:21:53.660+0000] {dag.py:3340} INFO - Setting next_dagrun for example_external_task_marker_parent to None, run_after=None
[2023-08-26T17:21:53.668+0000] {processor.py:176} INFO - Processing /home/airflow/.local/lib/python3.7/site-packages/airflow/example_dags/example_external_task_marker_dag.py took 0.125 seconds
[2023-08-26T17:22:23.798+0000] {processor.py:154} INFO - Started process (PID=2342) to work on /home/airflow/.local/lib/python3.7/site-packages/airflow/example_dags/example_external_task_marker_dag.py
[2023-08-26T17:22:23.798+0000] {processor.py:756} INFO - Processing file /home/airflow/.local/lib/python3.7/site-packages/airflow/example_dags/example_external_task_marker_dag.py for tasks to queue
[2023-08-26T17:22:23.799+0000] {logging_mixin.py:120} INFO - [2023-08-26T17:22:23.799+0000] {dagbag.py:537} INFO - Filling up the DagBag from /home/airflow/.local/lib/python3.7/site-packages/airflow/example_dags/example_external_task_marker_dag.py
[2023-08-26T17:22:23.807+0000] {processor.py:766} INFO - DAG(s) dict_keys(['example_external_task_marker_child', 'example_external_task_marker_parent']) retrieved from /home/airflow/.local/lib/python3.7/site-packages/airflow/example_dags/example_external_task_marker_dag.py
[2023-08-26T17:22:23.900+0000] {logging_mixin.py:120} INFO - [2023-08-26T17:22:23.900+0000] {dag.py:2585} INFO - Sync 2 DAGs
[2023-08-26T17:22:23.914+0000] {logging_mixin.py:120} INFO - [2023-08-26T17:22:23.914+0000] {dag.py:3340} INFO - Setting next_dagrun for example_external_task_marker_child to None, run_after=None
[2023-08-26T17:22:23.915+0000] {logging_mixin.py:120} INFO - [2023-08-26T17:22:23.915+0000] {dag.py:3340} INFO - Setting next_dagrun for example_external_task_marker_parent to None, run_after=None
[2023-08-26T17:22:23.925+0000] {processor.py:176} INFO - Processing /home/airflow/.local/lib/python3.7/site-packages/airflow/example_dags/example_external_task_marker_dag.py took 0.129 seconds
[2023-08-26T17:22:54.955+0000] {processor.py:154} INFO - Started process (PID=2403) to work on /home/airflow/.local/lib/python3.7/site-packages/airflow/example_dags/example_external_task_marker_dag.py
[2023-08-26T17:22:54.955+0000] {processor.py:756} INFO - Processing file /home/airflow/.local/lib/python3.7/site-packages/airflow/example_dags/example_external_task_marker_dag.py for tasks to queue
[2023-08-26T17:22:54.956+0000] {logging_mixin.py:120} INFO - [2023-08-26T17:22:54.956+0000] {dagbag.py:537} INFO - Filling up the DagBag from /home/airflow/.local/lib/python3.7/site-packages/airflow/example_dags/example_external_task_marker_dag.py
[2023-08-26T17:22:54.967+0000] {processor.py:766} INFO - DAG(s) dict_keys(['example_external_task_marker_parent', 'example_external_task_marker_child']) retrieved from /home/airflow/.local/lib/python3.7/site-packages/airflow/example_dags/example_external_task_marker_dag.py
[2023-08-26T17:22:55.082+0000] {logging_mixin.py:120} INFO - [2023-08-26T17:22:55.081+0000] {dag.py:2585} INFO - Sync 2 DAGs
[2023-08-26T17:22:55.100+0000] {logging_mixin.py:120} INFO - [2023-08-26T17:22:55.100+0000] {dag.py:3340} INFO - Setting next_dagrun for example_external_task_marker_child to None, run_after=None
[2023-08-26T17:22:55.104+0000] {logging_mixin.py:120} INFO - [2023-08-26T17:22:55.104+0000] {dag.py:3340} INFO - Setting next_dagrun for example_external_task_marker_parent to None, run_after=None
[2023-08-26T17:22:55.122+0000] {processor.py:176} INFO - Processing /home/airflow/.local/lib/python3.7/site-packages/airflow/example_dags/example_external_task_marker_dag.py took 0.169 seconds
[2023-08-26T17:23:25.164+0000] {processor.py:154} INFO - Started process (PID=2466) to work on /home/airflow/.local/lib/python3.7/site-packages/airflow/example_dags/example_external_task_marker_dag.py
[2023-08-26T17:23:25.172+0000] {processor.py:756} INFO - Processing file /home/airflow/.local/lib/python3.7/site-packages/airflow/example_dags/example_external_task_marker_dag.py for tasks to queue
[2023-08-26T17:23:25.174+0000] {logging_mixin.py:120} INFO - [2023-08-26T17:23:25.174+0000] {dagbag.py:537} INFO - Filling up the DagBag from /home/airflow/.local/lib/python3.7/site-packages/airflow/example_dags/example_external_task_marker_dag.py
[2023-08-26T17:23:25.189+0000] {processor.py:766} INFO - DAG(s) dict_keys(['example_external_task_marker_parent', 'example_external_task_marker_child']) retrieved from /home/airflow/.local/lib/python3.7/site-packages/airflow/example_dags/example_external_task_marker_dag.py
[2023-08-26T17:23:25.299+0000] {logging_mixin.py:120} INFO - [2023-08-26T17:23:25.299+0000] {dag.py:2585} INFO - Sync 2 DAGs
[2023-08-26T17:23:25.314+0000] {logging_mixin.py:120} INFO - [2023-08-26T17:23:25.314+0000] {dag.py:3340} INFO - Setting next_dagrun for example_external_task_marker_child to None, run_after=None
[2023-08-26T17:23:25.317+0000] {logging_mixin.py:120} INFO - [2023-08-26T17:23:25.317+0000] {dag.py:3340} INFO - Setting next_dagrun for example_external_task_marker_parent to None, run_after=None
[2023-08-26T17:23:25.329+0000] {processor.py:176} INFO - Processing /home/airflow/.local/lib/python3.7/site-packages/airflow/example_dags/example_external_task_marker_dag.py took 0.168 seconds
[2023-08-26T17:23:55.431+0000] {processor.py:154} INFO - Started process (PID=2529) to work on /home/airflow/.local/lib/python3.7/site-packages/airflow/example_dags/example_external_task_marker_dag.py
[2023-08-26T17:23:55.432+0000] {processor.py:756} INFO - Processing file /home/airflow/.local/lib/python3.7/site-packages/airflow/example_dags/example_external_task_marker_dag.py for tasks to queue
[2023-08-26T17:23:55.432+0000] {logging_mixin.py:120} INFO - [2023-08-26T17:23:55.432+0000] {dagbag.py:537} INFO - Filling up the DagBag from /home/airflow/.local/lib/python3.7/site-packages/airflow/example_dags/example_external_task_marker_dag.py
[2023-08-26T17:23:55.441+0000] {processor.py:766} INFO - DAG(s) dict_keys(['example_external_task_marker_parent', 'example_external_task_marker_child']) retrieved from /home/airflow/.local/lib/python3.7/site-packages/airflow/example_dags/example_external_task_marker_dag.py
[2023-08-26T17:23:55.532+0000] {logging_mixin.py:120} INFO - [2023-08-26T17:23:55.532+0000] {dag.py:2585} INFO - Sync 2 DAGs
[2023-08-26T17:23:55.549+0000] {logging_mixin.py:120} INFO - [2023-08-26T17:23:55.549+0000] {dag.py:3340} INFO - Setting next_dagrun for example_external_task_marker_child to None, run_after=None
[2023-08-26T17:23:55.552+0000] {logging_mixin.py:120} INFO - [2023-08-26T17:23:55.552+0000] {dag.py:3340} INFO - Setting next_dagrun for example_external_task_marker_parent to None, run_after=None
[2023-08-26T17:23:55.563+0000] {processor.py:176} INFO - Processing /home/airflow/.local/lib/python3.7/site-packages/airflow/example_dags/example_external_task_marker_dag.py took 0.134 seconds
[2023-08-26T17:24:25.881+0000] {processor.py:154} INFO - Started process (PID=2592) to work on /home/airflow/.local/lib/python3.7/site-packages/airflow/example_dags/example_external_task_marker_dag.py
[2023-08-26T17:24:25.882+0000] {processor.py:756} INFO - Processing file /home/airflow/.local/lib/python3.7/site-packages/airflow/example_dags/example_external_task_marker_dag.py for tasks to queue
[2023-08-26T17:24:25.883+0000] {logging_mixin.py:120} INFO - [2023-08-26T17:24:25.883+0000] {dagbag.py:537} INFO - Filling up the DagBag from /home/airflow/.local/lib/python3.7/site-packages/airflow/example_dags/example_external_task_marker_dag.py
[2023-08-26T17:24:25.892+0000] {processor.py:766} INFO - DAG(s) dict_keys(['example_external_task_marker_child', 'example_external_task_marker_parent']) retrieved from /home/airflow/.local/lib/python3.7/site-packages/airflow/example_dags/example_external_task_marker_dag.py
[2023-08-26T17:24:25.987+0000] {logging_mixin.py:120} INFO - [2023-08-26T17:24:25.987+0000] {dag.py:2585} INFO - Sync 2 DAGs
[2023-08-26T17:24:26.002+0000] {logging_mixin.py:120} INFO - [2023-08-26T17:24:26.002+0000] {dag.py:3340} INFO - Setting next_dagrun for example_external_task_marker_child to None, run_after=None
[2023-08-26T17:24:26.004+0000] {logging_mixin.py:120} INFO - [2023-08-26T17:24:26.004+0000] {dag.py:3340} INFO - Setting next_dagrun for example_external_task_marker_parent to None, run_after=None
[2023-08-26T17:24:26.013+0000] {processor.py:176} INFO - Processing /home/airflow/.local/lib/python3.7/site-packages/airflow/example_dags/example_external_task_marker_dag.py took 0.134 seconds
[2023-08-26T17:24:56.921+0000] {processor.py:154} INFO - Started process (PID=2647) to work on /home/airflow/.local/lib/python3.7/site-packages/airflow/example_dags/example_external_task_marker_dag.py
[2023-08-26T17:24:56.922+0000] {processor.py:756} INFO - Processing file /home/airflow/.local/lib/python3.7/site-packages/airflow/example_dags/example_external_task_marker_dag.py for tasks to queue
[2023-08-26T17:24:56.923+0000] {logging_mixin.py:120} INFO - [2023-08-26T17:24:56.923+0000] {dagbag.py:537} INFO - Filling up the DagBag from /home/airflow/.local/lib/python3.7/site-packages/airflow/example_dags/example_external_task_marker_dag.py
[2023-08-26T17:24:56.936+0000] {processor.py:766} INFO - DAG(s) dict_keys(['example_external_task_marker_child', 'example_external_task_marker_parent']) retrieved from /home/airflow/.local/lib/python3.7/site-packages/airflow/example_dags/example_external_task_marker_dag.py
[2023-08-26T17:24:57.050+0000] {logging_mixin.py:120} INFO - [2023-08-26T17:24:57.049+0000] {dag.py:2585} INFO - Sync 2 DAGs
[2023-08-26T17:24:57.068+0000] {logging_mixin.py:120} INFO - [2023-08-26T17:24:57.068+0000] {dag.py:3340} INFO - Setting next_dagrun for example_external_task_marker_child to None, run_after=None
[2023-08-26T17:24:57.070+0000] {logging_mixin.py:120} INFO - [2023-08-26T17:24:57.070+0000] {dag.py:3340} INFO - Setting next_dagrun for example_external_task_marker_parent to None, run_after=None
[2023-08-26T17:24:57.081+0000] {processor.py:176} INFO - Processing /home/airflow/.local/lib/python3.7/site-packages/airflow/example_dags/example_external_task_marker_dag.py took 0.165 seconds
[2023-08-26T17:25:27.323+0000] {processor.py:154} INFO - Started process (PID=2711) to work on /home/airflow/.local/lib/python3.7/site-packages/airflow/example_dags/example_external_task_marker_dag.py
[2023-08-26T17:25:27.324+0000] {processor.py:756} INFO - Processing file /home/airflow/.local/lib/python3.7/site-packages/airflow/example_dags/example_external_task_marker_dag.py for tasks to queue
[2023-08-26T17:25:27.325+0000] {logging_mixin.py:120} INFO - [2023-08-26T17:25:27.325+0000] {dagbag.py:537} INFO - Filling up the DagBag from /home/airflow/.local/lib/python3.7/site-packages/airflow/example_dags/example_external_task_marker_dag.py
[2023-08-26T17:25:27.335+0000] {processor.py:766} INFO - DAG(s) dict_keys(['example_external_task_marker_parent', 'example_external_task_marker_child']) retrieved from /home/airflow/.local/lib/python3.7/site-packages/airflow/example_dags/example_external_task_marker_dag.py
[2023-08-26T17:25:27.437+0000] {logging_mixin.py:120} INFO - [2023-08-26T17:25:27.437+0000] {dag.py:2585} INFO - Sync 2 DAGs
[2023-08-26T17:25:27.452+0000] {logging_mixin.py:120} INFO - [2023-08-26T17:25:27.452+0000] {dag.py:3340} INFO - Setting next_dagrun for example_external_task_marker_child to None, run_after=None
[2023-08-26T17:25:27.454+0000] {logging_mixin.py:120} INFO - [2023-08-26T17:25:27.454+0000] {dag.py:3340} INFO - Setting next_dagrun for example_external_task_marker_parent to None, run_after=None
[2023-08-26T17:25:27.464+0000] {processor.py:176} INFO - Processing /home/airflow/.local/lib/python3.7/site-packages/airflow/example_dags/example_external_task_marker_dag.py took 0.143 seconds
[2023-08-26T17:25:57.559+0000] {processor.py:154} INFO - Started process (PID=2773) to work on /home/airflow/.local/lib/python3.7/site-packages/airflow/example_dags/example_external_task_marker_dag.py
[2023-08-26T17:25:57.560+0000] {processor.py:756} INFO - Processing file /home/airflow/.local/lib/python3.7/site-packages/airflow/example_dags/example_external_task_marker_dag.py for tasks to queue
[2023-08-26T17:25:57.560+0000] {logging_mixin.py:120} INFO - [2023-08-26T17:25:57.560+0000] {dagbag.py:537} INFO - Filling up the DagBag from /home/airflow/.local/lib/python3.7/site-packages/airflow/example_dags/example_external_task_marker_dag.py
[2023-08-26T17:25:57.570+0000] {processor.py:766} INFO - DAG(s) dict_keys(['example_external_task_marker_parent', 'example_external_task_marker_child']) retrieved from /home/airflow/.local/lib/python3.7/site-packages/airflow/example_dags/example_external_task_marker_dag.py
[2023-08-26T17:25:57.664+0000] {logging_mixin.py:120} INFO - [2023-08-26T17:25:57.664+0000] {dag.py:2585} INFO - Sync 2 DAGs
[2023-08-26T17:25:57.678+0000] {logging_mixin.py:120} INFO - [2023-08-26T17:25:57.678+0000] {dag.py:3340} INFO - Setting next_dagrun for example_external_task_marker_child to None, run_after=None
[2023-08-26T17:25:57.680+0000] {logging_mixin.py:120} INFO - [2023-08-26T17:25:57.680+0000] {dag.py:3340} INFO - Setting next_dagrun for example_external_task_marker_parent to None, run_after=None
[2023-08-26T17:25:57.690+0000] {processor.py:176} INFO - Processing /home/airflow/.local/lib/python3.7/site-packages/airflow/example_dags/example_external_task_marker_dag.py took 0.134 seconds
[2023-08-26T17:26:28.534+0000] {processor.py:154} INFO - Started process (PID=2836) to work on /home/airflow/.local/lib/python3.7/site-packages/airflow/example_dags/example_external_task_marker_dag.py
[2023-08-26T17:26:28.535+0000] {processor.py:756} INFO - Processing file /home/airflow/.local/lib/python3.7/site-packages/airflow/example_dags/example_external_task_marker_dag.py for tasks to queue
[2023-08-26T17:26:28.536+0000] {logging_mixin.py:120} INFO - [2023-08-26T17:26:28.536+0000] {dagbag.py:537} INFO - Filling up the DagBag from /home/airflow/.local/lib/python3.7/site-packages/airflow/example_dags/example_external_task_marker_dag.py
[2023-08-26T17:26:28.550+0000] {processor.py:766} INFO - DAG(s) dict_keys(['example_external_task_marker_parent', 'example_external_task_marker_child']) retrieved from /home/airflow/.local/lib/python3.7/site-packages/airflow/example_dags/example_external_task_marker_dag.py
[2023-08-26T17:26:28.653+0000] {logging_mixin.py:120} INFO - [2023-08-26T17:26:28.653+0000] {dag.py:2585} INFO - Sync 2 DAGs
[2023-08-26T17:26:28.666+0000] {logging_mixin.py:120} INFO - [2023-08-26T17:26:28.666+0000] {dag.py:3340} INFO - Setting next_dagrun for example_external_task_marker_child to None, run_after=None
[2023-08-26T17:26:28.668+0000] {logging_mixin.py:120} INFO - [2023-08-26T17:26:28.668+0000] {dag.py:3340} INFO - Setting next_dagrun for example_external_task_marker_parent to None, run_after=None
[2023-08-26T17:26:28.676+0000] {processor.py:176} INFO - Processing /home/airflow/.local/lib/python3.7/site-packages/airflow/example_dags/example_external_task_marker_dag.py took 0.147 seconds
[2023-08-26T17:26:59.461+0000] {processor.py:154} INFO - Started process (PID=2898) to work on /home/airflow/.local/lib/python3.7/site-packages/airflow/example_dags/example_external_task_marker_dag.py
[2023-08-26T17:26:59.463+0000] {processor.py:756} INFO - Processing file /home/airflow/.local/lib/python3.7/site-packages/airflow/example_dags/example_external_task_marker_dag.py for tasks to queue
[2023-08-26T17:26:59.463+0000] {logging_mixin.py:120} INFO - [2023-08-26T17:26:59.463+0000] {dagbag.py:537} INFO - Filling up the DagBag from /home/airflow/.local/lib/python3.7/site-packages/airflow/example_dags/example_external_task_marker_dag.py
[2023-08-26T17:26:59.478+0000] {processor.py:766} INFO - DAG(s) dict_keys(['example_external_task_marker_parent', 'example_external_task_marker_child']) retrieved from /home/airflow/.local/lib/python3.7/site-packages/airflow/example_dags/example_external_task_marker_dag.py
[2023-08-26T17:26:59.581+0000] {logging_mixin.py:120} INFO - [2023-08-26T17:26:59.581+0000] {dag.py:2585} INFO - Sync 2 DAGs
[2023-08-26T17:26:59.594+0000] {logging_mixin.py:120} INFO - [2023-08-26T17:26:59.594+0000] {dag.py:3340} INFO - Setting next_dagrun for example_external_task_marker_child to None, run_after=None
[2023-08-26T17:26:59.596+0000] {logging_mixin.py:120} INFO - [2023-08-26T17:26:59.596+0000] {dag.py:3340} INFO - Setting next_dagrun for example_external_task_marker_parent to None, run_after=None
[2023-08-26T17:26:59.605+0000] {processor.py:176} INFO - Processing /home/airflow/.local/lib/python3.7/site-packages/airflow/example_dags/example_external_task_marker_dag.py took 0.148 seconds
[2023-08-26T17:27:30.518+0000] {processor.py:154} INFO - Started process (PID=2960) to work on /home/airflow/.local/lib/python3.7/site-packages/airflow/example_dags/example_external_task_marker_dag.py
[2023-08-26T17:27:30.520+0000] {processor.py:756} INFO - Processing file /home/airflow/.local/lib/python3.7/site-packages/airflow/example_dags/example_external_task_marker_dag.py for tasks to queue
[2023-08-26T17:27:30.521+0000] {logging_mixin.py:120} INFO - [2023-08-26T17:27:30.520+0000] {dagbag.py:537} INFO - Filling up the DagBag from /home/airflow/.local/lib/python3.7/site-packages/airflow/example_dags/example_external_task_marker_dag.py
[2023-08-26T17:27:30.533+0000] {processor.py:766} INFO - DAG(s) dict_keys(['example_external_task_marker_child', 'example_external_task_marker_parent']) retrieved from /home/airflow/.local/lib/python3.7/site-packages/airflow/example_dags/example_external_task_marker_dag.py
[2023-08-26T17:27:30.629+0000] {logging_mixin.py:120} INFO - [2023-08-26T17:27:30.629+0000] {dag.py:2585} INFO - Sync 2 DAGs
[2023-08-26T17:27:30.643+0000] {logging_mixin.py:120} INFO - [2023-08-26T17:27:30.643+0000] {dag.py:3340} INFO - Setting next_dagrun for example_external_task_marker_child to None, run_after=None
[2023-08-26T17:27:30.645+0000] {logging_mixin.py:120} INFO - [2023-08-26T17:27:30.645+0000] {dag.py:3340} INFO - Setting next_dagrun for example_external_task_marker_parent to None, run_after=None
[2023-08-26T17:27:30.654+0000] {processor.py:176} INFO - Processing /home/airflow/.local/lib/python3.7/site-packages/airflow/example_dags/example_external_task_marker_dag.py took 0.139 seconds
[2023-08-26T17:28:00.675+0000] {processor.py:154} INFO - Started process (PID=3022) to work on /home/airflow/.local/lib/python3.7/site-packages/airflow/example_dags/example_external_task_marker_dag.py
[2023-08-26T17:28:00.676+0000] {processor.py:756} INFO - Processing file /home/airflow/.local/lib/python3.7/site-packages/airflow/example_dags/example_external_task_marker_dag.py for tasks to queue
[2023-08-26T17:28:00.676+0000] {logging_mixin.py:120} INFO - [2023-08-26T17:28:00.676+0000] {dagbag.py:537} INFO - Filling up the DagBag from /home/airflow/.local/lib/python3.7/site-packages/airflow/example_dags/example_external_task_marker_dag.py
[2023-08-26T17:28:00.685+0000] {processor.py:766} INFO - DAG(s) dict_keys(['example_external_task_marker_child', 'example_external_task_marker_parent']) retrieved from /home/airflow/.local/lib/python3.7/site-packages/airflow/example_dags/example_external_task_marker_dag.py
[2023-08-26T17:28:00.805+0000] {logging_mixin.py:120} INFO - [2023-08-26T17:28:00.805+0000] {dag.py:2585} INFO - Sync 2 DAGs
[2023-08-26T17:28:00.840+0000] {logging_mixin.py:120} INFO - [2023-08-26T17:28:00.839+0000] {dag.py:3340} INFO - Setting next_dagrun for example_external_task_marker_child to None, run_after=None
[2023-08-26T17:28:00.842+0000] {logging_mixin.py:120} INFO - [2023-08-26T17:28:00.842+0000] {dag.py:3340} INFO - Setting next_dagrun for example_external_task_marker_parent to None, run_after=None
[2023-08-26T17:28:00.860+0000] {processor.py:176} INFO - Processing /home/airflow/.local/lib/python3.7/site-packages/airflow/example_dags/example_external_task_marker_dag.py took 0.187 seconds
[2023-08-26T17:28:31.789+0000] {processor.py:154} INFO - Started process (PID=3076) to work on /home/airflow/.local/lib/python3.7/site-packages/airflow/example_dags/example_external_task_marker_dag.py
[2023-08-26T17:28:31.791+0000] {processor.py:756} INFO - Processing file /home/airflow/.local/lib/python3.7/site-packages/airflow/example_dags/example_external_task_marker_dag.py for tasks to queue
[2023-08-26T17:28:31.792+0000] {logging_mixin.py:120} INFO - [2023-08-26T17:28:31.792+0000] {dagbag.py:537} INFO - Filling up the DagBag from /home/airflow/.local/lib/python3.7/site-packages/airflow/example_dags/example_external_task_marker_dag.py
[2023-08-26T17:28:31.802+0000] {processor.py:766} INFO - DAG(s) dict_keys(['example_external_task_marker_child', 'example_external_task_marker_parent']) retrieved from /home/airflow/.local/lib/python3.7/site-packages/airflow/example_dags/example_external_task_marker_dag.py
[2023-08-26T17:28:31.907+0000] {logging_mixin.py:120} INFO - [2023-08-26T17:28:31.907+0000] {dag.py:2585} INFO - Sync 2 DAGs
[2023-08-26T17:28:31.925+0000] {logging_mixin.py:120} INFO - [2023-08-26T17:28:31.924+0000] {dag.py:3340} INFO - Setting next_dagrun for example_external_task_marker_child to None, run_after=None
[2023-08-26T17:28:31.927+0000] {logging_mixin.py:120} INFO - [2023-08-26T17:28:31.927+0000] {dag.py:3340} INFO - Setting next_dagrun for example_external_task_marker_parent to None, run_after=None
[2023-08-26T17:28:31.939+0000] {processor.py:176} INFO - Processing /home/airflow/.local/lib/python3.7/site-packages/airflow/example_dags/example_external_task_marker_dag.py took 0.155 seconds
[2023-08-26T17:29:02.067+0000] {processor.py:154} INFO - Started process (PID=3138) to work on /home/airflow/.local/lib/python3.7/site-packages/airflow/example_dags/example_external_task_marker_dag.py
[2023-08-26T17:29:02.068+0000] {processor.py:756} INFO - Processing file /home/airflow/.local/lib/python3.7/site-packages/airflow/example_dags/example_external_task_marker_dag.py for tasks to queue
[2023-08-26T17:29:02.069+0000] {logging_mixin.py:120} INFO - [2023-08-26T17:29:02.069+0000] {dagbag.py:537} INFO - Filling up the DagBag from /home/airflow/.local/lib/python3.7/site-packages/airflow/example_dags/example_external_task_marker_dag.py
[2023-08-26T17:29:02.082+0000] {processor.py:766} INFO - DAG(s) dict_keys(['example_external_task_marker_parent', 'example_external_task_marker_child']) retrieved from /home/airflow/.local/lib/python3.7/site-packages/airflow/example_dags/example_external_task_marker_dag.py
[2023-08-26T17:29:02.187+0000] {logging_mixin.py:120} INFO - [2023-08-26T17:29:02.187+0000] {dag.py:2585} INFO - Sync 2 DAGs
[2023-08-26T17:29:02.201+0000] {logging_mixin.py:120} INFO - [2023-08-26T17:29:02.201+0000] {dag.py:3340} INFO - Setting next_dagrun for example_external_task_marker_child to None, run_after=None
[2023-08-26T17:29:02.203+0000] {logging_mixin.py:120} INFO - [2023-08-26T17:29:02.203+0000] {dag.py:3340} INFO - Setting next_dagrun for example_external_task_marker_parent to None, run_after=None
[2023-08-26T17:29:02.211+0000] {processor.py:176} INFO - Processing /home/airflow/.local/lib/python3.7/site-packages/airflow/example_dags/example_external_task_marker_dag.py took 0.148 seconds
[2023-08-26T17:29:32.238+0000] {processor.py:154} INFO - Started process (PID=3201) to work on /home/airflow/.local/lib/python3.7/site-packages/airflow/example_dags/example_external_task_marker_dag.py
[2023-08-26T17:29:32.239+0000] {processor.py:756} INFO - Processing file /home/airflow/.local/lib/python3.7/site-packages/airflow/example_dags/example_external_task_marker_dag.py for tasks to queue
[2023-08-26T17:29:32.240+0000] {logging_mixin.py:120} INFO - [2023-08-26T17:29:32.240+0000] {dagbag.py:537} INFO - Filling up the DagBag from /home/airflow/.local/lib/python3.7/site-packages/airflow/example_dags/example_external_task_marker_dag.py
[2023-08-26T17:29:32.255+0000] {processor.py:766} INFO - DAG(s) dict_keys(['example_external_task_marker_parent', 'example_external_task_marker_child']) retrieved from /home/airflow/.local/lib/python3.7/site-packages/airflow/example_dags/example_external_task_marker_dag.py
[2023-08-26T17:29:32.355+0000] {logging_mixin.py:120} INFO - [2023-08-26T17:29:32.354+0000] {dag.py:2585} INFO - Sync 2 DAGs
[2023-08-26T17:29:32.370+0000] {logging_mixin.py:120} INFO - [2023-08-26T17:29:32.370+0000] {dag.py:3340} INFO - Setting next_dagrun for example_external_task_marker_child to None, run_after=None
[2023-08-26T17:29:32.372+0000] {logging_mixin.py:120} INFO - [2023-08-26T17:29:32.372+0000] {dag.py:3340} INFO - Setting next_dagrun for example_external_task_marker_parent to None, run_after=None
[2023-08-26T17:29:32.384+0000] {processor.py:176} INFO - Processing /home/airflow/.local/lib/python3.7/site-packages/airflow/example_dags/example_external_task_marker_dag.py took 0.149 seconds
[2023-08-26T17:30:02.469+0000] {processor.py:154} INFO - Started process (PID=3263) to work on /home/airflow/.local/lib/python3.7/site-packages/airflow/example_dags/example_external_task_marker_dag.py
[2023-08-26T17:30:02.471+0000] {processor.py:756} INFO - Processing file /home/airflow/.local/lib/python3.7/site-packages/airflow/example_dags/example_external_task_marker_dag.py for tasks to queue
[2023-08-26T17:30:02.472+0000] {logging_mixin.py:120} INFO - [2023-08-26T17:30:02.472+0000] {dagbag.py:537} INFO - Filling up the DagBag from /home/airflow/.local/lib/python3.7/site-packages/airflow/example_dags/example_external_task_marker_dag.py
[2023-08-26T17:30:02.491+0000] {processor.py:766} INFO - DAG(s) dict_keys(['example_external_task_marker_parent', 'example_external_task_marker_child']) retrieved from /home/airflow/.local/lib/python3.7/site-packages/airflow/example_dags/example_external_task_marker_dag.py
[2023-08-26T17:30:02.609+0000] {logging_mixin.py:120} INFO - [2023-08-26T17:30:02.608+0000] {dag.py:2585} INFO - Sync 2 DAGs
[2023-08-26T17:30:02.628+0000] {logging_mixin.py:120} INFO - [2023-08-26T17:30:02.628+0000] {dag.py:3340} INFO - Setting next_dagrun for example_external_task_marker_child to None, run_after=None
[2023-08-26T17:30:02.630+0000] {logging_mixin.py:120} INFO - [2023-08-26T17:30:02.630+0000] {dag.py:3340} INFO - Setting next_dagrun for example_external_task_marker_parent to None, run_after=None
[2023-08-26T17:30:02.643+0000] {processor.py:176} INFO - Processing /home/airflow/.local/lib/python3.7/site-packages/airflow/example_dags/example_external_task_marker_dag.py took 0.178 seconds
[2023-08-26T17:30:32.697+0000] {processor.py:154} INFO - Started process (PID=3327) to work on /home/airflow/.local/lib/python3.7/site-packages/airflow/example_dags/example_external_task_marker_dag.py
[2023-08-26T17:30:32.698+0000] {processor.py:756} INFO - Processing file /home/airflow/.local/lib/python3.7/site-packages/airflow/example_dags/example_external_task_marker_dag.py for tasks to queue
[2023-08-26T17:30:32.699+0000] {logging_mixin.py:120} INFO - [2023-08-26T17:30:32.699+0000] {dagbag.py:537} INFO - Filling up the DagBag from /home/airflow/.local/lib/python3.7/site-packages/airflow/example_dags/example_external_task_marker_dag.py
[2023-08-26T17:30:32.710+0000] {processor.py:766} INFO - DAG(s) dict_keys(['example_external_task_marker_child', 'example_external_task_marker_parent']) retrieved from /home/airflow/.local/lib/python3.7/site-packages/airflow/example_dags/example_external_task_marker_dag.py
[2023-08-26T17:30:32.813+0000] {logging_mixin.py:120} INFO - [2023-08-26T17:30:32.813+0000] {dag.py:2585} INFO - Sync 2 DAGs
[2023-08-26T17:30:32.829+0000] {logging_mixin.py:120} INFO - [2023-08-26T17:30:32.829+0000] {dag.py:3340} INFO - Setting next_dagrun for example_external_task_marker_child to None, run_after=None
[2023-08-26T17:30:32.832+0000] {logging_mixin.py:120} INFO - [2023-08-26T17:30:32.832+0000] {dag.py:3340} INFO - Setting next_dagrun for example_external_task_marker_parent to None, run_after=None
[2023-08-26T17:30:32.841+0000] {processor.py:176} INFO - Processing /home/airflow/.local/lib/python3.7/site-packages/airflow/example_dags/example_external_task_marker_dag.py took 0.146 seconds
[2023-08-26T17:31:02.887+0000] {processor.py:154} INFO - Started process (PID=3381) to work on /home/airflow/.local/lib/python3.7/site-packages/airflow/example_dags/example_external_task_marker_dag.py
[2023-08-26T17:31:02.888+0000] {processor.py:756} INFO - Processing file /home/airflow/.local/lib/python3.7/site-packages/airflow/example_dags/example_external_task_marker_dag.py for tasks to queue
[2023-08-26T17:31:02.889+0000] {logging_mixin.py:120} INFO - [2023-08-26T17:31:02.889+0000] {dagbag.py:537} INFO - Filling up the DagBag from /home/airflow/.local/lib/python3.7/site-packages/airflow/example_dags/example_external_task_marker_dag.py
[2023-08-26T17:31:02.903+0000] {processor.py:766} INFO - DAG(s) dict_keys(['example_external_task_marker_child', 'example_external_task_marker_parent']) retrieved from /home/airflow/.local/lib/python3.7/site-packages/airflow/example_dags/example_external_task_marker_dag.py
[2023-08-26T17:31:03.016+0000] {logging_mixin.py:120} INFO - [2023-08-26T17:31:03.016+0000] {dag.py:2585} INFO - Sync 2 DAGs
[2023-08-26T17:31:03.030+0000] {logging_mixin.py:120} INFO - [2023-08-26T17:31:03.030+0000] {dag.py:3340} INFO - Setting next_dagrun for example_external_task_marker_child to None, run_after=None
[2023-08-26T17:31:03.032+0000] {logging_mixin.py:120} INFO - [2023-08-26T17:31:03.032+0000] {dag.py:3340} INFO - Setting next_dagrun for example_external_task_marker_parent to None, run_after=None
[2023-08-26T17:31:03.041+0000] {processor.py:176} INFO - Processing /home/airflow/.local/lib/python3.7/site-packages/airflow/example_dags/example_external_task_marker_dag.py took 0.158 seconds
[2023-08-26T17:31:33.122+0000] {processor.py:154} INFO - Started process (PID=3444) to work on /home/airflow/.local/lib/python3.7/site-packages/airflow/example_dags/example_external_task_marker_dag.py
[2023-08-26T17:31:33.123+0000] {processor.py:756} INFO - Processing file /home/airflow/.local/lib/python3.7/site-packages/airflow/example_dags/example_external_task_marker_dag.py for tasks to queue
[2023-08-26T17:31:33.124+0000] {logging_mixin.py:120} INFO - [2023-08-26T17:31:33.124+0000] {dagbag.py:537} INFO - Filling up the DagBag from /home/airflow/.local/lib/python3.7/site-packages/airflow/example_dags/example_external_task_marker_dag.py
[2023-08-26T17:31:33.137+0000] {processor.py:766} INFO - DAG(s) dict_keys(['example_external_task_marker_child', 'example_external_task_marker_parent']) retrieved from /home/airflow/.local/lib/python3.7/site-packages/airflow/example_dags/example_external_task_marker_dag.py
[2023-08-26T17:31:33.240+0000] {logging_mixin.py:120} INFO - [2023-08-26T17:31:33.240+0000] {dag.py:2585} INFO - Sync 2 DAGs
[2023-08-26T17:31:33.253+0000] {logging_mixin.py:120} INFO - [2023-08-26T17:31:33.253+0000] {dag.py:3340} INFO - Setting next_dagrun for example_external_task_marker_child to None, run_after=None
[2023-08-26T17:31:33.255+0000] {logging_mixin.py:120} INFO - [2023-08-26T17:31:33.255+0000] {dag.py:3340} INFO - Setting next_dagrun for example_external_task_marker_parent to None, run_after=None
[2023-08-26T17:31:33.263+0000] {processor.py:176} INFO - Processing /home/airflow/.local/lib/python3.7/site-packages/airflow/example_dags/example_external_task_marker_dag.py took 0.147 seconds
