[2023-08-26T17:03:32.783+0000] {processor.py:154} INFO - Started process (PID=54) to work on /home/airflow/.local/lib/python3.7/site-packages/airflow/example_dags/example_branch_datetime_operator.py
[2023-08-26T17:03:32.784+0000] {processor.py:756} INFO - Processing file /home/airflow/.local/lib/python3.7/site-packages/airflow/example_dags/example_branch_datetime_operator.py for tasks to queue
[2023-08-26T17:03:32.790+0000] {logging_mixin.py:120} INFO - [2023-08-26T17:03:32.789+0000] {dagbag.py:537} INFO - Filling up the DagBag from /home/airflow/.local/lib/python3.7/site-packages/airflow/example_dags/example_branch_datetime_operator.py
[2023-08-26T17:03:32.819+0000] {processor.py:766} INFO - DAG(s) dict_keys(['example_branch_datetime_operator', 'example_branch_datetime_operator_3', 'example_branch_datetime_operator_2']) retrieved from /home/airflow/.local/lib/python3.7/site-packages/airflow/example_dags/example_branch_datetime_operator.py
[2023-08-26T17:03:32.999+0000] {logging_mixin.py:120} INFO - [2023-08-26T17:03:32.999+0000] {manager.py:507} INFO - Created Permission View: can edit on DAG:example_branch_datetime_operator
[2023-08-26T17:03:33.020+0000] {logging_mixin.py:120} INFO - [2023-08-26T17:03:33.020+0000] {manager.py:507} INFO - Created Permission View: can read on DAG:example_branch_datetime_operator
[2023-08-26T17:03:33.030+0000] {logging_mixin.py:120} INFO - [2023-08-26T17:03:33.030+0000] {manager.py:507} INFO - Created Permission View: can delete on DAG:example_branch_datetime_operator
[2023-08-26T17:03:33.046+0000] {logging_mixin.py:120} INFO - [2023-08-26T17:03:33.046+0000] {manager.py:507} INFO - Created Permission View: can edit on DAG:example_branch_datetime_operator_3
[2023-08-26T17:03:33.054+0000] {logging_mixin.py:120} INFO - [2023-08-26T17:03:33.054+0000] {manager.py:507} INFO - Created Permission View: can read on DAG:example_branch_datetime_operator_3
[2023-08-26T17:03:33.073+0000] {logging_mixin.py:120} INFO - [2023-08-26T17:03:33.073+0000] {manager.py:507} INFO - Created Permission View: can delete on DAG:example_branch_datetime_operator_3
[2023-08-26T17:03:33.085+0000] {logging_mixin.py:120} INFO - [2023-08-26T17:03:33.085+0000] {manager.py:507} INFO - Created Permission View: can edit on DAG:example_branch_datetime_operator_2
[2023-08-26T17:03:33.099+0000] {logging_mixin.py:120} INFO - [2023-08-26T17:03:33.099+0000] {manager.py:507} INFO - Created Permission View: can read on DAG:example_branch_datetime_operator_2
[2023-08-26T17:03:33.107+0000] {logging_mixin.py:120} INFO - [2023-08-26T17:03:33.106+0000] {manager.py:507} INFO - Created Permission View: can delete on DAG:example_branch_datetime_operator_2
[2023-08-26T17:03:33.108+0000] {logging_mixin.py:120} INFO - [2023-08-26T17:03:33.107+0000] {dag.py:2585} INFO - Sync 3 DAGs
[2023-08-26T17:03:33.128+0000] {logging_mixin.py:120} INFO - [2023-08-26T17:03:33.128+0000] {dag.py:2606} INFO - Creating ORM DAG for example_branch_datetime_operator
[2023-08-26T17:03:33.129+0000] {logging_mixin.py:120} INFO - [2023-08-26T17:03:33.129+0000] {dag.py:2606} INFO - Creating ORM DAG for example_branch_datetime_operator_2
[2023-08-26T17:03:33.130+0000] {logging_mixin.py:120} INFO - [2023-08-26T17:03:33.130+0000] {dag.py:2606} INFO - Creating ORM DAG for example_branch_datetime_operator_3
[2023-08-26T17:03:33.155+0000] {logging_mixin.py:120} INFO - [2023-08-26T17:03:33.152+0000] {dag.py:3340} INFO - Setting next_dagrun for example_branch_datetime_operator to 2023-08-25T00:00:00+00:00, run_after=2023-08-26T00:00:00+00:00
[2023-08-26T17:03:33.158+0000] {logging_mixin.py:120} INFO - [2023-08-26T17:03:33.158+0000] {dag.py:3340} INFO - Setting next_dagrun for example_branch_datetime_operator_2 to 2023-08-25T00:00:00+00:00, run_after=2023-08-26T00:00:00+00:00
[2023-08-26T17:03:33.160+0000] {logging_mixin.py:120} INFO - [2023-08-26T17:03:33.160+0000] {dag.py:3340} INFO - Setting next_dagrun for example_branch_datetime_operator_3 to 2023-08-25T00:00:00+00:00, run_after=2023-08-26T00:00:00+00:00
[2023-08-26T17:03:33.185+0000] {processor.py:176} INFO - Processing /home/airflow/.local/lib/python3.7/site-packages/airflow/example_dags/example_branch_datetime_operator.py took 0.406 seconds
[2023-08-26T17:04:03.821+0000] {processor.py:154} INFO - Started process (PID=116) to work on /home/airflow/.local/lib/python3.7/site-packages/airflow/example_dags/example_branch_datetime_operator.py
[2023-08-26T17:04:03.822+0000] {processor.py:756} INFO - Processing file /home/airflow/.local/lib/python3.7/site-packages/airflow/example_dags/example_branch_datetime_operator.py for tasks to queue
[2023-08-26T17:04:03.822+0000] {logging_mixin.py:120} INFO - [2023-08-26T17:04:03.822+0000] {dagbag.py:537} INFO - Filling up the DagBag from /home/airflow/.local/lib/python3.7/site-packages/airflow/example_dags/example_branch_datetime_operator.py
[2023-08-26T17:04:03.837+0000] {processor.py:766} INFO - DAG(s) dict_keys(['example_branch_datetime_operator_3', 'example_branch_datetime_operator', 'example_branch_datetime_operator_2']) retrieved from /home/airflow/.local/lib/python3.7/site-packages/airflow/example_dags/example_branch_datetime_operator.py
[2023-08-26T17:04:03.874+0000] {logging_mixin.py:120} INFO - [2023-08-26T17:04:03.874+0000] {dag.py:2585} INFO - Sync 3 DAGs
[2023-08-26T17:04:03.890+0000] {logging_mixin.py:120} INFO - [2023-08-26T17:04:03.890+0000] {dag.py:3340} INFO - Setting next_dagrun for example_branch_datetime_operator to 2023-08-25T00:00:00+00:00, run_after=2023-08-26T00:00:00+00:00
[2023-08-26T17:04:03.894+0000] {logging_mixin.py:120} INFO - [2023-08-26T17:04:03.894+0000] {dag.py:3340} INFO - Setting next_dagrun for example_branch_datetime_operator_2 to 2023-08-25T00:00:00+00:00, run_after=2023-08-26T00:00:00+00:00
[2023-08-26T17:04:03.896+0000] {logging_mixin.py:120} INFO - [2023-08-26T17:04:03.896+0000] {dag.py:3340} INFO - Setting next_dagrun for example_branch_datetime_operator_3 to 2023-08-25T00:00:00+00:00, run_after=2023-08-26T00:00:00+00:00
[2023-08-26T17:04:03.908+0000] {processor.py:176} INFO - Processing /home/airflow/.local/lib/python3.7/site-packages/airflow/example_dags/example_branch_datetime_operator.py took 0.091 seconds
[2023-08-26T17:04:34.079+0000] {processor.py:154} INFO - Started process (PID=180) to work on /home/airflow/.local/lib/python3.7/site-packages/airflow/example_dags/example_branch_datetime_operator.py
[2023-08-26T17:04:34.080+0000] {processor.py:756} INFO - Processing file /home/airflow/.local/lib/python3.7/site-packages/airflow/example_dags/example_branch_datetime_operator.py for tasks to queue
[2023-08-26T17:04:34.081+0000] {logging_mixin.py:120} INFO - [2023-08-26T17:04:34.081+0000] {dagbag.py:537} INFO - Filling up the DagBag from /home/airflow/.local/lib/python3.7/site-packages/airflow/example_dags/example_branch_datetime_operator.py
[2023-08-26T17:04:34.100+0000] {processor.py:766} INFO - DAG(s) dict_keys(['example_branch_datetime_operator_2', 'example_branch_datetime_operator', 'example_branch_datetime_operator_3']) retrieved from /home/airflow/.local/lib/python3.7/site-packages/airflow/example_dags/example_branch_datetime_operator.py
[2023-08-26T17:04:34.135+0000] {logging_mixin.py:120} INFO - [2023-08-26T17:04:34.135+0000] {dag.py:2585} INFO - Sync 3 DAGs
[2023-08-26T17:04:34.150+0000] {logging_mixin.py:120} INFO - [2023-08-26T17:04:34.149+0000] {dag.py:3340} INFO - Setting next_dagrun for example_branch_datetime_operator to 2023-08-25T00:00:00+00:00, run_after=2023-08-26T00:00:00+00:00
[2023-08-26T17:04:34.152+0000] {logging_mixin.py:120} INFO - [2023-08-26T17:04:34.152+0000] {dag.py:3340} INFO - Setting next_dagrun for example_branch_datetime_operator_2 to 2023-08-25T00:00:00+00:00, run_after=2023-08-26T00:00:00+00:00
[2023-08-26T17:04:34.153+0000] {logging_mixin.py:120} INFO - [2023-08-26T17:04:34.153+0000] {dag.py:3340} INFO - Setting next_dagrun for example_branch_datetime_operator_3 to 2023-08-25T00:00:00+00:00, run_after=2023-08-26T00:00:00+00:00
[2023-08-26T17:04:34.163+0000] {processor.py:176} INFO - Processing /home/airflow/.local/lib/python3.7/site-packages/airflow/example_dags/example_branch_datetime_operator.py took 0.089 seconds
[2023-08-26T17:05:05.011+0000] {processor.py:154} INFO - Started process (PID=243) to work on /home/airflow/.local/lib/python3.7/site-packages/airflow/example_dags/example_branch_datetime_operator.py
[2023-08-26T17:05:05.012+0000] {processor.py:756} INFO - Processing file /home/airflow/.local/lib/python3.7/site-packages/airflow/example_dags/example_branch_datetime_operator.py for tasks to queue
[2023-08-26T17:05:05.012+0000] {logging_mixin.py:120} INFO - [2023-08-26T17:05:05.012+0000] {dagbag.py:537} INFO - Filling up the DagBag from /home/airflow/.local/lib/python3.7/site-packages/airflow/example_dags/example_branch_datetime_operator.py
[2023-08-26T17:05:05.025+0000] {processor.py:766} INFO - DAG(s) dict_keys(['example_branch_datetime_operator_3', 'example_branch_datetime_operator', 'example_branch_datetime_operator_2']) retrieved from /home/airflow/.local/lib/python3.7/site-packages/airflow/example_dags/example_branch_datetime_operator.py
[2023-08-26T17:05:05.064+0000] {logging_mixin.py:120} INFO - [2023-08-26T17:05:05.064+0000] {dag.py:2585} INFO - Sync 3 DAGs
[2023-08-26T17:05:05.081+0000] {logging_mixin.py:120} INFO - [2023-08-26T17:05:05.080+0000] {dag.py:3340} INFO - Setting next_dagrun for example_branch_datetime_operator to 2023-08-25T00:00:00+00:00, run_after=2023-08-26T00:00:00+00:00
[2023-08-26T17:05:05.084+0000] {logging_mixin.py:120} INFO - [2023-08-26T17:05:05.084+0000] {dag.py:3340} INFO - Setting next_dagrun for example_branch_datetime_operator_2 to 2023-08-25T00:00:00+00:00, run_after=2023-08-26T00:00:00+00:00
[2023-08-26T17:05:05.085+0000] {logging_mixin.py:120} INFO - [2023-08-26T17:05:05.085+0000] {dag.py:3340} INFO - Setting next_dagrun for example_branch_datetime_operator_3 to 2023-08-25T00:00:00+00:00, run_after=2023-08-26T00:00:00+00:00
[2023-08-26T17:05:05.097+0000] {processor.py:176} INFO - Processing /home/airflow/.local/lib/python3.7/site-packages/airflow/example_dags/example_branch_datetime_operator.py took 0.089 seconds
[2023-08-26T17:05:35.189+0000] {processor.py:154} INFO - Started process (PID=307) to work on /home/airflow/.local/lib/python3.7/site-packages/airflow/example_dags/example_branch_datetime_operator.py
[2023-08-26T17:05:35.190+0000] {processor.py:756} INFO - Processing file /home/airflow/.local/lib/python3.7/site-packages/airflow/example_dags/example_branch_datetime_operator.py for tasks to queue
[2023-08-26T17:05:35.190+0000] {logging_mixin.py:120} INFO - [2023-08-26T17:05:35.190+0000] {dagbag.py:537} INFO - Filling up the DagBag from /home/airflow/.local/lib/python3.7/site-packages/airflow/example_dags/example_branch_datetime_operator.py
[2023-08-26T17:05:35.201+0000] {processor.py:766} INFO - DAG(s) dict_keys(['example_branch_datetime_operator', 'example_branch_datetime_operator_3', 'example_branch_datetime_operator_2']) retrieved from /home/airflow/.local/lib/python3.7/site-packages/airflow/example_dags/example_branch_datetime_operator.py
[2023-08-26T17:05:35.235+0000] {logging_mixin.py:120} INFO - [2023-08-26T17:05:35.234+0000] {dag.py:2585} INFO - Sync 3 DAGs
[2023-08-26T17:05:35.250+0000] {logging_mixin.py:120} INFO - [2023-08-26T17:05:35.250+0000] {dag.py:3340} INFO - Setting next_dagrun for example_branch_datetime_operator to 2023-08-25T00:00:00+00:00, run_after=2023-08-26T00:00:00+00:00
[2023-08-26T17:05:35.253+0000] {logging_mixin.py:120} INFO - [2023-08-26T17:05:35.253+0000] {dag.py:3340} INFO - Setting next_dagrun for example_branch_datetime_operator_2 to 2023-08-25T00:00:00+00:00, run_after=2023-08-26T00:00:00+00:00
[2023-08-26T17:05:35.255+0000] {logging_mixin.py:120} INFO - [2023-08-26T17:05:35.255+0000] {dag.py:3340} INFO - Setting next_dagrun for example_branch_datetime_operator_3 to 2023-08-25T00:00:00+00:00, run_after=2023-08-26T00:00:00+00:00
[2023-08-26T17:05:35.266+0000] {processor.py:176} INFO - Processing /home/airflow/.local/lib/python3.7/site-packages/airflow/example_dags/example_branch_datetime_operator.py took 0.079 seconds
[2023-08-26T17:06:05.299+0000] {processor.py:154} INFO - Started process (PID=361) to work on /home/airflow/.local/lib/python3.7/site-packages/airflow/example_dags/example_branch_datetime_operator.py
[2023-08-26T17:06:05.300+0000] {processor.py:756} INFO - Processing file /home/airflow/.local/lib/python3.7/site-packages/airflow/example_dags/example_branch_datetime_operator.py for tasks to queue
[2023-08-26T17:06:05.300+0000] {logging_mixin.py:120} INFO - [2023-08-26T17:06:05.300+0000] {dagbag.py:537} INFO - Filling up the DagBag from /home/airflow/.local/lib/python3.7/site-packages/airflow/example_dags/example_branch_datetime_operator.py
[2023-08-26T17:06:05.310+0000] {processor.py:766} INFO - DAG(s) dict_keys(['example_branch_datetime_operator_2', 'example_branch_datetime_operator', 'example_branch_datetime_operator_3']) retrieved from /home/airflow/.local/lib/python3.7/site-packages/airflow/example_dags/example_branch_datetime_operator.py
[2023-08-26T17:06:05.338+0000] {logging_mixin.py:120} INFO - [2023-08-26T17:06:05.338+0000] {dag.py:2585} INFO - Sync 3 DAGs
[2023-08-26T17:06:05.352+0000] {logging_mixin.py:120} INFO - [2023-08-26T17:06:05.352+0000] {dag.py:3340} INFO - Setting next_dagrun for example_branch_datetime_operator to 2023-08-25T00:00:00+00:00, run_after=2023-08-26T00:00:00+00:00
[2023-08-26T17:06:05.355+0000] {logging_mixin.py:120} INFO - [2023-08-26T17:06:05.355+0000] {dag.py:3340} INFO - Setting next_dagrun for example_branch_datetime_operator_2 to 2023-08-25T00:00:00+00:00, run_after=2023-08-26T00:00:00+00:00
[2023-08-26T17:06:05.357+0000] {logging_mixin.py:120} INFO - [2023-08-26T17:06:05.357+0000] {dag.py:3340} INFO - Setting next_dagrun for example_branch_datetime_operator_3 to 2023-08-25T00:00:00+00:00, run_after=2023-08-26T00:00:00+00:00
[2023-08-26T17:06:05.367+0000] {processor.py:176} INFO - Processing /home/airflow/.local/lib/python3.7/site-packages/airflow/example_dags/example_branch_datetime_operator.py took 0.070 seconds
[2023-08-26T17:06:36.272+0000] {processor.py:154} INFO - Started process (PID=424) to work on /home/airflow/.local/lib/python3.7/site-packages/airflow/example_dags/example_branch_datetime_operator.py
[2023-08-26T17:06:36.273+0000] {processor.py:756} INFO - Processing file /home/airflow/.local/lib/python3.7/site-packages/airflow/example_dags/example_branch_datetime_operator.py for tasks to queue
[2023-08-26T17:06:36.274+0000] {logging_mixin.py:120} INFO - [2023-08-26T17:06:36.273+0000] {dagbag.py:537} INFO - Filling up the DagBag from /home/airflow/.local/lib/python3.7/site-packages/airflow/example_dags/example_branch_datetime_operator.py
[2023-08-26T17:06:36.284+0000] {processor.py:766} INFO - DAG(s) dict_keys(['example_branch_datetime_operator_3', 'example_branch_datetime_operator', 'example_branch_datetime_operator_2']) retrieved from /home/airflow/.local/lib/python3.7/site-packages/airflow/example_dags/example_branch_datetime_operator.py
[2023-08-26T17:06:36.314+0000] {logging_mixin.py:120} INFO - [2023-08-26T17:06:36.314+0000] {dag.py:2585} INFO - Sync 3 DAGs
[2023-08-26T17:06:36.330+0000] {logging_mixin.py:120} INFO - [2023-08-26T17:06:36.330+0000] {dag.py:3340} INFO - Setting next_dagrun for example_branch_datetime_operator to 2023-08-25T00:00:00+00:00, run_after=2023-08-26T00:00:00+00:00
[2023-08-26T17:06:36.333+0000] {logging_mixin.py:120} INFO - [2023-08-26T17:06:36.332+0000] {dag.py:3340} INFO - Setting next_dagrun for example_branch_datetime_operator_2 to 2023-08-25T00:00:00+00:00, run_after=2023-08-26T00:00:00+00:00
[2023-08-26T17:06:36.334+0000] {logging_mixin.py:120} INFO - [2023-08-26T17:06:36.334+0000] {dag.py:3340} INFO - Setting next_dagrun for example_branch_datetime_operator_3 to 2023-08-25T00:00:00+00:00, run_after=2023-08-26T00:00:00+00:00
[2023-08-26T17:06:36.345+0000] {processor.py:176} INFO - Processing /home/airflow/.local/lib/python3.7/site-packages/airflow/example_dags/example_branch_datetime_operator.py took 0.074 seconds
[2023-08-26T17:07:07.219+0000] {processor.py:154} INFO - Started process (PID=486) to work on /home/airflow/.local/lib/python3.7/site-packages/airflow/example_dags/example_branch_datetime_operator.py
[2023-08-26T17:07:07.220+0000] {processor.py:756} INFO - Processing file /home/airflow/.local/lib/python3.7/site-packages/airflow/example_dags/example_branch_datetime_operator.py for tasks to queue
[2023-08-26T17:07:07.220+0000] {logging_mixin.py:120} INFO - [2023-08-26T17:07:07.220+0000] {dagbag.py:537} INFO - Filling up the DagBag from /home/airflow/.local/lib/python3.7/site-packages/airflow/example_dags/example_branch_datetime_operator.py
[2023-08-26T17:07:07.231+0000] {processor.py:766} INFO - DAG(s) dict_keys(['example_branch_datetime_operator_3', 'example_branch_datetime_operator_2', 'example_branch_datetime_operator']) retrieved from /home/airflow/.local/lib/python3.7/site-packages/airflow/example_dags/example_branch_datetime_operator.py
[2023-08-26T17:07:07.261+0000] {logging_mixin.py:120} INFO - [2023-08-26T17:07:07.261+0000] {dag.py:2585} INFO - Sync 3 DAGs
[2023-08-26T17:07:07.276+0000] {logging_mixin.py:120} INFO - [2023-08-26T17:07:07.275+0000] {dag.py:3340} INFO - Setting next_dagrun for example_branch_datetime_operator to 2023-08-25T00:00:00+00:00, run_after=2023-08-26T00:00:00+00:00
[2023-08-26T17:07:07.278+0000] {logging_mixin.py:120} INFO - [2023-08-26T17:07:07.278+0000] {dag.py:3340} INFO - Setting next_dagrun for example_branch_datetime_operator_2 to 2023-08-25T00:00:00+00:00, run_after=2023-08-26T00:00:00+00:00
[2023-08-26T17:07:07.279+0000] {logging_mixin.py:120} INFO - [2023-08-26T17:07:07.279+0000] {dag.py:3340} INFO - Setting next_dagrun for example_branch_datetime_operator_3 to 2023-08-25T00:00:00+00:00, run_after=2023-08-26T00:00:00+00:00
[2023-08-26T17:07:07.289+0000] {processor.py:176} INFO - Processing /home/airflow/.local/lib/python3.7/site-packages/airflow/example_dags/example_branch_datetime_operator.py took 0.072 seconds
[2023-08-26T17:07:38.501+0000] {processor.py:154} INFO - Started process (PID=549) to work on /home/airflow/.local/lib/python3.7/site-packages/airflow/example_dags/example_branch_datetime_operator.py
[2023-08-26T17:07:38.501+0000] {processor.py:756} INFO - Processing file /home/airflow/.local/lib/python3.7/site-packages/airflow/example_dags/example_branch_datetime_operator.py for tasks to queue
[2023-08-26T17:07:38.502+0000] {logging_mixin.py:120} INFO - [2023-08-26T17:07:38.502+0000] {dagbag.py:537} INFO - Filling up the DagBag from /home/airflow/.local/lib/python3.7/site-packages/airflow/example_dags/example_branch_datetime_operator.py
[2023-08-26T17:07:38.513+0000] {processor.py:766} INFO - DAG(s) dict_keys(['example_branch_datetime_operator', 'example_branch_datetime_operator_3', 'example_branch_datetime_operator_2']) retrieved from /home/airflow/.local/lib/python3.7/site-packages/airflow/example_dags/example_branch_datetime_operator.py
[2023-08-26T17:07:38.541+0000] {logging_mixin.py:120} INFO - [2023-08-26T17:07:38.541+0000] {dag.py:2585} INFO - Sync 3 DAGs
[2023-08-26T17:07:38.556+0000] {logging_mixin.py:120} INFO - [2023-08-26T17:07:38.556+0000] {dag.py:3340} INFO - Setting next_dagrun for example_branch_datetime_operator to 2023-08-25T00:00:00+00:00, run_after=2023-08-26T00:00:00+00:00
[2023-08-26T17:07:38.559+0000] {logging_mixin.py:120} INFO - [2023-08-26T17:07:38.559+0000] {dag.py:3340} INFO - Setting next_dagrun for example_branch_datetime_operator_2 to 2023-08-25T00:00:00+00:00, run_after=2023-08-26T00:00:00+00:00
[2023-08-26T17:07:38.560+0000] {logging_mixin.py:120} INFO - [2023-08-26T17:07:38.560+0000] {dag.py:3340} INFO - Setting next_dagrun for example_branch_datetime_operator_3 to 2023-08-25T00:00:00+00:00, run_after=2023-08-26T00:00:00+00:00
[2023-08-26T17:07:38.569+0000] {processor.py:176} INFO - Processing /home/airflow/.local/lib/python3.7/site-packages/airflow/example_dags/example_branch_datetime_operator.py took 0.071 seconds
