[2023-08-26T17:03:32.347+0000] {processor.py:154} INFO - Started process (PID=50) to work on /home/airflow/.local/lib/python3.7/site-packages/airflow/example_dags/example_kubernetes_executor.py
[2023-08-26T17:03:32.348+0000] {processor.py:756} INFO - Processing file /home/airflow/.local/lib/python3.7/site-packages/airflow/example_dags/example_kubernetes_executor.py for tasks to queue
[2023-08-26T17:03:32.349+0000] {logging_mixin.py:120} INFO - [2023-08-26T17:03:32.349+0000] {dagbag.py:537} INFO - Filling up the DagBag from /home/airflow/.local/lib/python3.7/site-packages/airflow/example_dags/example_kubernetes_executor.py
[2023-08-26T17:03:32.370+0000] {processor.py:766} INFO - DAG(s) dict_keys(['example_kubernetes_executor']) retrieved from /home/airflow/.local/lib/python3.7/site-packages/airflow/example_dags/example_kubernetes_executor.py
[2023-08-26T17:03:32.483+0000] {logging_mixin.py:120} INFO - [2023-08-26T17:03:32.483+0000] {manager.py:507} INFO - Created Permission View: can edit on DAG:example_kubernetes_executor
[2023-08-26T17:03:32.492+0000] {logging_mixin.py:120} INFO - [2023-08-26T17:03:32.492+0000] {manager.py:507} INFO - Created Permission View: can read on DAG:example_kubernetes_executor
[2023-08-26T17:03:32.500+0000] {logging_mixin.py:120} INFO - [2023-08-26T17:03:32.500+0000] {manager.py:507} INFO - Created Permission View: can delete on DAG:example_kubernetes_executor
[2023-08-26T17:03:32.500+0000] {logging_mixin.py:120} INFO - [2023-08-26T17:03:32.500+0000] {dag.py:2585} INFO - Sync 1 DAGs
[2023-08-26T17:03:32.513+0000] {logging_mixin.py:120} INFO - [2023-08-26T17:03:32.513+0000] {dag.py:2606} INFO - Creating ORM DAG for example_kubernetes_executor
[2023-08-26T17:03:32.523+0000] {logging_mixin.py:120} INFO - [2023-08-26T17:03:32.523+0000] {dag.py:3340} INFO - Setting next_dagrun for example_kubernetes_executor to None, run_after=None
[2023-08-26T17:03:32.536+0000] {processor.py:176} INFO - Processing /home/airflow/.local/lib/python3.7/site-packages/airflow/example_dags/example_kubernetes_executor.py took 0.192 seconds
[2023-08-26T17:04:02.598+0000] {processor.py:154} INFO - Started process (PID=112) to work on /home/airflow/.local/lib/python3.7/site-packages/airflow/example_dags/example_kubernetes_executor.py
[2023-08-26T17:04:02.599+0000] {processor.py:756} INFO - Processing file /home/airflow/.local/lib/python3.7/site-packages/airflow/example_dags/example_kubernetes_executor.py for tasks to queue
[2023-08-26T17:04:02.600+0000] {logging_mixin.py:120} INFO - [2023-08-26T17:04:02.600+0000] {dagbag.py:537} INFO - Filling up the DagBag from /home/airflow/.local/lib/python3.7/site-packages/airflow/example_dags/example_kubernetes_executor.py
[2023-08-26T17:04:02.620+0000] {processor.py:766} INFO - DAG(s) dict_keys(['example_kubernetes_executor']) retrieved from /home/airflow/.local/lib/python3.7/site-packages/airflow/example_dags/example_kubernetes_executor.py
[2023-08-26T17:04:02.650+0000] {logging_mixin.py:120} INFO - [2023-08-26T17:04:02.650+0000] {dag.py:2585} INFO - Sync 1 DAGs
[2023-08-26T17:04:02.666+0000] {logging_mixin.py:120} INFO - [2023-08-26T17:04:02.666+0000] {dag.py:3340} INFO - Setting next_dagrun for example_kubernetes_executor to None, run_after=None
[2023-08-26T17:04:02.679+0000] {processor.py:176} INFO - Processing /home/airflow/.local/lib/python3.7/site-packages/airflow/example_dags/example_kubernetes_executor.py took 0.083 seconds
[2023-08-26T17:04:32.931+0000] {processor.py:154} INFO - Started process (PID=176) to work on /home/airflow/.local/lib/python3.7/site-packages/airflow/example_dags/example_kubernetes_executor.py
[2023-08-26T17:04:32.932+0000] {processor.py:756} INFO - Processing file /home/airflow/.local/lib/python3.7/site-packages/airflow/example_dags/example_kubernetes_executor.py for tasks to queue
[2023-08-26T17:04:32.933+0000] {logging_mixin.py:120} INFO - [2023-08-26T17:04:32.933+0000] {dagbag.py:537} INFO - Filling up the DagBag from /home/airflow/.local/lib/python3.7/site-packages/airflow/example_dags/example_kubernetes_executor.py
[2023-08-26T17:04:32.949+0000] {processor.py:766} INFO - DAG(s) dict_keys(['example_kubernetes_executor']) retrieved from /home/airflow/.local/lib/python3.7/site-packages/airflow/example_dags/example_kubernetes_executor.py
[2023-08-26T17:04:32.976+0000] {logging_mixin.py:120} INFO - [2023-08-26T17:04:32.976+0000] {dag.py:2585} INFO - Sync 1 DAGs
[2023-08-26T17:04:32.989+0000] {logging_mixin.py:120} INFO - [2023-08-26T17:04:32.989+0000] {dag.py:3340} INFO - Setting next_dagrun for example_kubernetes_executor to None, run_after=None
[2023-08-26T17:04:32.999+0000] {processor.py:176} INFO - Processing /home/airflow/.local/lib/python3.7/site-packages/airflow/example_dags/example_kubernetes_executor.py took 0.070 seconds
[2023-08-26T17:05:03.842+0000] {processor.py:154} INFO - Started process (PID=239) to work on /home/airflow/.local/lib/python3.7/site-packages/airflow/example_dags/example_kubernetes_executor.py
[2023-08-26T17:05:03.843+0000] {processor.py:756} INFO - Processing file /home/airflow/.local/lib/python3.7/site-packages/airflow/example_dags/example_kubernetes_executor.py for tasks to queue
[2023-08-26T17:05:03.844+0000] {logging_mixin.py:120} INFO - [2023-08-26T17:05:03.843+0000] {dagbag.py:537} INFO - Filling up the DagBag from /home/airflow/.local/lib/python3.7/site-packages/airflow/example_dags/example_kubernetes_executor.py
[2023-08-26T17:05:03.862+0000] {processor.py:766} INFO - DAG(s) dict_keys(['example_kubernetes_executor']) retrieved from /home/airflow/.local/lib/python3.7/site-packages/airflow/example_dags/example_kubernetes_executor.py
[2023-08-26T17:05:03.891+0000] {logging_mixin.py:120} INFO - [2023-08-26T17:05:03.891+0000] {dag.py:2585} INFO - Sync 1 DAGs
[2023-08-26T17:05:03.907+0000] {logging_mixin.py:120} INFO - [2023-08-26T17:05:03.906+0000] {dag.py:3340} INFO - Setting next_dagrun for example_kubernetes_executor to None, run_after=None
[2023-08-26T17:05:03.920+0000] {processor.py:176} INFO - Processing /home/airflow/.local/lib/python3.7/site-packages/airflow/example_dags/example_kubernetes_executor.py took 0.080 seconds
[2023-08-26T17:05:34.928+0000] {processor.py:154} INFO - Started process (PID=303) to work on /home/airflow/.local/lib/python3.7/site-packages/airflow/example_dags/example_kubernetes_executor.py
[2023-08-26T17:05:34.929+0000] {processor.py:756} INFO - Processing file /home/airflow/.local/lib/python3.7/site-packages/airflow/example_dags/example_kubernetes_executor.py for tasks to queue
[2023-08-26T17:05:34.930+0000] {logging_mixin.py:120} INFO - [2023-08-26T17:05:34.930+0000] {dagbag.py:537} INFO - Filling up the DagBag from /home/airflow/.local/lib/python3.7/site-packages/airflow/example_dags/example_kubernetes_executor.py
[2023-08-26T17:05:34.947+0000] {processor.py:766} INFO - DAG(s) dict_keys(['example_kubernetes_executor']) retrieved from /home/airflow/.local/lib/python3.7/site-packages/airflow/example_dags/example_kubernetes_executor.py
[2023-08-26T17:05:34.977+0000] {logging_mixin.py:120} INFO - [2023-08-26T17:05:34.977+0000] {dag.py:2585} INFO - Sync 1 DAGs
[2023-08-26T17:05:34.994+0000] {logging_mixin.py:120} INFO - [2023-08-26T17:05:34.994+0000] {dag.py:3340} INFO - Setting next_dagrun for example_kubernetes_executor to None, run_after=None
[2023-08-26T17:05:35.007+0000] {processor.py:176} INFO - Processing /home/airflow/.local/lib/python3.7/site-packages/airflow/example_dags/example_kubernetes_executor.py took 0.081 seconds
[2023-08-26T17:06:05.058+0000] {processor.py:154} INFO - Started process (PID=357) to work on /home/airflow/.local/lib/python3.7/site-packages/airflow/example_dags/example_kubernetes_executor.py
[2023-08-26T17:06:05.059+0000] {processor.py:756} INFO - Processing file /home/airflow/.local/lib/python3.7/site-packages/airflow/example_dags/example_kubernetes_executor.py for tasks to queue
[2023-08-26T17:06:05.059+0000] {logging_mixin.py:120} INFO - [2023-08-26T17:06:05.059+0000] {dagbag.py:537} INFO - Filling up the DagBag from /home/airflow/.local/lib/python3.7/site-packages/airflow/example_dags/example_kubernetes_executor.py
[2023-08-26T17:06:05.074+0000] {processor.py:766} INFO - DAG(s) dict_keys(['example_kubernetes_executor']) retrieved from /home/airflow/.local/lib/python3.7/site-packages/airflow/example_dags/example_kubernetes_executor.py
[2023-08-26T17:06:05.099+0000] {logging_mixin.py:120} INFO - [2023-08-26T17:06:05.099+0000] {dag.py:2585} INFO - Sync 1 DAGs
[2023-08-26T17:06:05.113+0000] {logging_mixin.py:120} INFO - [2023-08-26T17:06:05.113+0000] {dag.py:3340} INFO - Setting next_dagrun for example_kubernetes_executor to None, run_after=None
[2023-08-26T17:06:05.122+0000] {processor.py:176} INFO - Processing /home/airflow/.local/lib/python3.7/site-packages/airflow/example_dags/example_kubernetes_executor.py took 0.066 seconds
[2023-08-26T17:06:36.104+0000] {processor.py:154} INFO - Started process (PID=420) to work on /home/airflow/.local/lib/python3.7/site-packages/airflow/example_dags/example_kubernetes_executor.py
[2023-08-26T17:06:36.105+0000] {processor.py:756} INFO - Processing file /home/airflow/.local/lib/python3.7/site-packages/airflow/example_dags/example_kubernetes_executor.py for tasks to queue
[2023-08-26T17:06:36.105+0000] {logging_mixin.py:120} INFO - [2023-08-26T17:06:36.105+0000] {dagbag.py:537} INFO - Filling up the DagBag from /home/airflow/.local/lib/python3.7/site-packages/airflow/example_dags/example_kubernetes_executor.py
[2023-08-26T17:06:36.122+0000] {processor.py:766} INFO - DAG(s) dict_keys(['example_kubernetes_executor']) retrieved from /home/airflow/.local/lib/python3.7/site-packages/airflow/example_dags/example_kubernetes_executor.py
[2023-08-26T17:06:36.149+0000] {logging_mixin.py:120} INFO - [2023-08-26T17:06:36.149+0000] {dag.py:2585} INFO - Sync 1 DAGs
[2023-08-26T17:06:36.163+0000] {logging_mixin.py:120} INFO - [2023-08-26T17:06:36.163+0000] {dag.py:3340} INFO - Setting next_dagrun for example_kubernetes_executor to None, run_after=None
[2023-08-26T17:06:36.173+0000] {processor.py:176} INFO - Processing /home/airflow/.local/lib/python3.7/site-packages/airflow/example_dags/example_kubernetes_executor.py took 0.070 seconds
[2023-08-26T17:07:07.037+0000] {processor.py:154} INFO - Started process (PID=482) to work on /home/airflow/.local/lib/python3.7/site-packages/airflow/example_dags/example_kubernetes_executor.py
[2023-08-26T17:07:07.037+0000] {processor.py:756} INFO - Processing file /home/airflow/.local/lib/python3.7/site-packages/airflow/example_dags/example_kubernetes_executor.py for tasks to queue
[2023-08-26T17:07:07.038+0000] {logging_mixin.py:120} INFO - [2023-08-26T17:07:07.038+0000] {dagbag.py:537} INFO - Filling up the DagBag from /home/airflow/.local/lib/python3.7/site-packages/airflow/example_dags/example_kubernetes_executor.py
[2023-08-26T17:07:07.063+0000] {processor.py:766} INFO - DAG(s) dict_keys(['example_kubernetes_executor']) retrieved from /home/airflow/.local/lib/python3.7/site-packages/airflow/example_dags/example_kubernetes_executor.py
[2023-08-26T17:07:07.094+0000] {logging_mixin.py:120} INFO - [2023-08-26T17:07:07.094+0000] {dag.py:2585} INFO - Sync 1 DAGs
[2023-08-26T17:07:07.109+0000] {logging_mixin.py:120} INFO - [2023-08-26T17:07:07.109+0000] {dag.py:3340} INFO - Setting next_dagrun for example_kubernetes_executor to None, run_after=None
[2023-08-26T17:07:07.119+0000] {processor.py:176} INFO - Processing /home/airflow/.local/lib/python3.7/site-packages/airflow/example_dags/example_kubernetes_executor.py took 0.084 seconds
[2023-08-26T17:07:38.327+0000] {processor.py:154} INFO - Started process (PID=545) to work on /home/airflow/.local/lib/python3.7/site-packages/airflow/example_dags/example_kubernetes_executor.py
[2023-08-26T17:07:38.328+0000] {processor.py:756} INFO - Processing file /home/airflow/.local/lib/python3.7/site-packages/airflow/example_dags/example_kubernetes_executor.py for tasks to queue
[2023-08-26T17:07:38.329+0000] {logging_mixin.py:120} INFO - [2023-08-26T17:07:38.329+0000] {dagbag.py:537} INFO - Filling up the DagBag from /home/airflow/.local/lib/python3.7/site-packages/airflow/example_dags/example_kubernetes_executor.py
[2023-08-26T17:07:38.346+0000] {processor.py:766} INFO - DAG(s) dict_keys(['example_kubernetes_executor']) retrieved from /home/airflow/.local/lib/python3.7/site-packages/airflow/example_dags/example_kubernetes_executor.py
[2023-08-26T17:07:38.373+0000] {logging_mixin.py:120} INFO - [2023-08-26T17:07:38.373+0000] {dag.py:2585} INFO - Sync 1 DAGs
[2023-08-26T17:07:38.387+0000] {logging_mixin.py:120} INFO - [2023-08-26T17:07:38.387+0000] {dag.py:3340} INFO - Setting next_dagrun for example_kubernetes_executor to None, run_after=None
[2023-08-26T17:07:38.399+0000] {processor.py:176} INFO - Processing /home/airflow/.local/lib/python3.7/site-packages/airflow/example_dags/example_kubernetes_executor.py took 0.074 seconds
[2023-08-26T17:08:09.306+0000] {processor.py:154} INFO - Started process (PID=608) to work on /home/airflow/.local/lib/python3.7/site-packages/airflow/example_dags/example_kubernetes_executor.py
[2023-08-26T17:08:09.307+0000] {processor.py:756} INFO - Processing file /home/airflow/.local/lib/python3.7/site-packages/airflow/example_dags/example_kubernetes_executor.py for tasks to queue
[2023-08-26T17:08:09.308+0000] {logging_mixin.py:120} INFO - [2023-08-26T17:08:09.308+0000] {dagbag.py:537} INFO - Filling up the DagBag from /home/airflow/.local/lib/python3.7/site-packages/airflow/example_dags/example_kubernetes_executor.py
[2023-08-26T17:08:09.324+0000] {processor.py:766} INFO - DAG(s) dict_keys(['example_kubernetes_executor']) retrieved from /home/airflow/.local/lib/python3.7/site-packages/airflow/example_dags/example_kubernetes_executor.py
[2023-08-26T17:08:09.351+0000] {logging_mixin.py:120} INFO - [2023-08-26T17:08:09.351+0000] {dag.py:2585} INFO - Sync 1 DAGs
[2023-08-26T17:08:09.367+0000] {logging_mixin.py:120} INFO - [2023-08-26T17:08:09.367+0000] {dag.py:3340} INFO - Setting next_dagrun for example_kubernetes_executor to None, run_after=None
[2023-08-26T17:08:09.378+0000] {processor.py:176} INFO - Processing /home/airflow/.local/lib/python3.7/site-packages/airflow/example_dags/example_kubernetes_executor.py took 0.074 seconds
[2023-08-26T17:08:40.342+0000] {processor.py:154} INFO - Started process (PID=671) to work on /home/airflow/.local/lib/python3.7/site-packages/airflow/example_dags/example_kubernetes_executor.py
[2023-08-26T17:08:40.343+0000] {processor.py:756} INFO - Processing file /home/airflow/.local/lib/python3.7/site-packages/airflow/example_dags/example_kubernetes_executor.py for tasks to queue
[2023-08-26T17:08:40.344+0000] {logging_mixin.py:120} INFO - [2023-08-26T17:08:40.344+0000] {dagbag.py:537} INFO - Filling up the DagBag from /home/airflow/.local/lib/python3.7/site-packages/airflow/example_dags/example_kubernetes_executor.py
[2023-08-26T17:08:40.363+0000] {processor.py:766} INFO - DAG(s) dict_keys(['example_kubernetes_executor']) retrieved from /home/airflow/.local/lib/python3.7/site-packages/airflow/example_dags/example_kubernetes_executor.py
[2023-08-26T17:08:40.393+0000] {logging_mixin.py:120} INFO - [2023-08-26T17:08:40.393+0000] {dag.py:2585} INFO - Sync 1 DAGs
[2023-08-26T17:08:40.408+0000] {logging_mixin.py:120} INFO - [2023-08-26T17:08:40.408+0000] {dag.py:3340} INFO - Setting next_dagrun for example_kubernetes_executor to None, run_after=None
[2023-08-26T17:08:40.421+0000] {processor.py:176} INFO - Processing /home/airflow/.local/lib/python3.7/site-packages/airflow/example_dags/example_kubernetes_executor.py took 0.081 seconds
[2023-08-26T17:09:10.680+0000] {processor.py:154} INFO - Started process (PID=733) to work on /home/airflow/.local/lib/python3.7/site-packages/airflow/example_dags/example_kubernetes_executor.py
[2023-08-26T17:09:10.681+0000] {processor.py:756} INFO - Processing file /home/airflow/.local/lib/python3.7/site-packages/airflow/example_dags/example_kubernetes_executor.py for tasks to queue
[2023-08-26T17:09:10.682+0000] {logging_mixin.py:120} INFO - [2023-08-26T17:09:10.682+0000] {dagbag.py:537} INFO - Filling up the DagBag from /home/airflow/.local/lib/python3.7/site-packages/airflow/example_dags/example_kubernetes_executor.py
[2023-08-26T17:09:10.701+0000] {processor.py:766} INFO - DAG(s) dict_keys(['example_kubernetes_executor']) retrieved from /home/airflow/.local/lib/python3.7/site-packages/airflow/example_dags/example_kubernetes_executor.py
[2023-08-26T17:09:10.729+0000] {logging_mixin.py:120} INFO - [2023-08-26T17:09:10.728+0000] {dag.py:2585} INFO - Sync 1 DAGs
[2023-08-26T17:09:10.741+0000] {logging_mixin.py:120} INFO - [2023-08-26T17:09:10.741+0000] {dag.py:3340} INFO - Setting next_dagrun for example_kubernetes_executor to None, run_after=None
[2023-08-26T17:09:10.752+0000] {processor.py:176} INFO - Processing /home/airflow/.local/lib/python3.7/site-packages/airflow/example_dags/example_kubernetes_executor.py took 0.075 seconds
[2023-08-26T17:09:40.793+0000] {processor.py:154} INFO - Started process (PID=787) to work on /home/airflow/.local/lib/python3.7/site-packages/airflow/example_dags/example_kubernetes_executor.py
[2023-08-26T17:09:40.793+0000] {processor.py:756} INFO - Processing file /home/airflow/.local/lib/python3.7/site-packages/airflow/example_dags/example_kubernetes_executor.py for tasks to queue
[2023-08-26T17:09:40.794+0000] {logging_mixin.py:120} INFO - [2023-08-26T17:09:40.794+0000] {dagbag.py:537} INFO - Filling up the DagBag from /home/airflow/.local/lib/python3.7/site-packages/airflow/example_dags/example_kubernetes_executor.py
[2023-08-26T17:09:40.814+0000] {processor.py:766} INFO - DAG(s) dict_keys(['example_kubernetes_executor']) retrieved from /home/airflow/.local/lib/python3.7/site-packages/airflow/example_dags/example_kubernetes_executor.py
[2023-08-26T17:09:40.841+0000] {logging_mixin.py:120} INFO - [2023-08-26T17:09:40.841+0000] {dag.py:2585} INFO - Sync 1 DAGs
[2023-08-26T17:09:40.855+0000] {logging_mixin.py:120} INFO - [2023-08-26T17:09:40.855+0000] {dag.py:3340} INFO - Setting next_dagrun for example_kubernetes_executor to None, run_after=None
[2023-08-26T17:09:40.867+0000] {processor.py:176} INFO - Processing /home/airflow/.local/lib/python3.7/site-packages/airflow/example_dags/example_kubernetes_executor.py took 0.076 seconds
[2023-08-26T17:10:10.966+0000] {processor.py:154} INFO - Started process (PID=850) to work on /home/airflow/.local/lib/python3.7/site-packages/airflow/example_dags/example_kubernetes_executor.py
[2023-08-26T17:10:10.967+0000] {processor.py:756} INFO - Processing file /home/airflow/.local/lib/python3.7/site-packages/airflow/example_dags/example_kubernetes_executor.py for tasks to queue
[2023-08-26T17:10:10.967+0000] {logging_mixin.py:120} INFO - [2023-08-26T17:10:10.967+0000] {dagbag.py:537} INFO - Filling up the DagBag from /home/airflow/.local/lib/python3.7/site-packages/airflow/example_dags/example_kubernetes_executor.py
[2023-08-26T17:10:10.986+0000] {processor.py:766} INFO - DAG(s) dict_keys(['example_kubernetes_executor']) retrieved from /home/airflow/.local/lib/python3.7/site-packages/airflow/example_dags/example_kubernetes_executor.py
[2023-08-26T17:10:11.016+0000] {logging_mixin.py:120} INFO - [2023-08-26T17:10:11.016+0000] {dag.py:2585} INFO - Sync 1 DAGs
[2023-08-26T17:10:11.031+0000] {logging_mixin.py:120} INFO - [2023-08-26T17:10:11.031+0000] {dag.py:3340} INFO - Setting next_dagrun for example_kubernetes_executor to None, run_after=None
[2023-08-26T17:10:11.044+0000] {processor.py:176} INFO - Processing /home/airflow/.local/lib/python3.7/site-packages/airflow/example_dags/example_kubernetes_executor.py took 0.081 seconds
[2023-08-26T17:10:41.130+0000] {processor.py:154} INFO - Started process (PID=913) to work on /home/airflow/.local/lib/python3.7/site-packages/airflow/example_dags/example_kubernetes_executor.py
[2023-08-26T17:10:41.131+0000] {processor.py:756} INFO - Processing file /home/airflow/.local/lib/python3.7/site-packages/airflow/example_dags/example_kubernetes_executor.py for tasks to queue
[2023-08-26T17:10:41.132+0000] {logging_mixin.py:120} INFO - [2023-08-26T17:10:41.132+0000] {dagbag.py:537} INFO - Filling up the DagBag from /home/airflow/.local/lib/python3.7/site-packages/airflow/example_dags/example_kubernetes_executor.py
[2023-08-26T17:10:41.151+0000] {processor.py:766} INFO - DAG(s) dict_keys(['example_kubernetes_executor']) retrieved from /home/airflow/.local/lib/python3.7/site-packages/airflow/example_dags/example_kubernetes_executor.py
[2023-08-26T17:10:41.184+0000] {logging_mixin.py:120} INFO - [2023-08-26T17:10:41.184+0000] {dag.py:2585} INFO - Sync 1 DAGs
[2023-08-26T17:10:41.200+0000] {logging_mixin.py:120} INFO - [2023-08-26T17:10:41.200+0000] {dag.py:3340} INFO - Setting next_dagrun for example_kubernetes_executor to None, run_after=None
[2023-08-26T17:10:41.212+0000] {processor.py:176} INFO - Processing /home/airflow/.local/lib/python3.7/site-packages/airflow/example_dags/example_kubernetes_executor.py took 0.085 seconds
[2023-08-26T17:11:11.423+0000] {processor.py:154} INFO - Started process (PID=976) to work on /home/airflow/.local/lib/python3.7/site-packages/airflow/example_dags/example_kubernetes_executor.py
[2023-08-26T17:11:11.423+0000] {processor.py:756} INFO - Processing file /home/airflow/.local/lib/python3.7/site-packages/airflow/example_dags/example_kubernetes_executor.py for tasks to queue
[2023-08-26T17:11:11.424+0000] {logging_mixin.py:120} INFO - [2023-08-26T17:11:11.424+0000] {dagbag.py:537} INFO - Filling up the DagBag from /home/airflow/.local/lib/python3.7/site-packages/airflow/example_dags/example_kubernetes_executor.py
[2023-08-26T17:11:11.440+0000] {processor.py:766} INFO - DAG(s) dict_keys(['example_kubernetes_executor']) retrieved from /home/airflow/.local/lib/python3.7/site-packages/airflow/example_dags/example_kubernetes_executor.py
[2023-08-26T17:11:11.467+0000] {logging_mixin.py:120} INFO - [2023-08-26T17:11:11.467+0000] {dag.py:2585} INFO - Sync 1 DAGs
[2023-08-26T17:11:11.480+0000] {logging_mixin.py:120} INFO - [2023-08-26T17:11:11.480+0000] {dag.py:3340} INFO - Setting next_dagrun for example_kubernetes_executor to None, run_after=None
[2023-08-26T17:11:11.490+0000] {processor.py:176} INFO - Processing /home/airflow/.local/lib/python3.7/site-packages/airflow/example_dags/example_kubernetes_executor.py took 0.070 seconds
[2023-08-26T17:11:42.499+0000] {processor.py:154} INFO - Started process (PID=1038) to work on /home/airflow/.local/lib/python3.7/site-packages/airflow/example_dags/example_kubernetes_executor.py
[2023-08-26T17:11:42.500+0000] {processor.py:756} INFO - Processing file /home/airflow/.local/lib/python3.7/site-packages/airflow/example_dags/example_kubernetes_executor.py for tasks to queue
[2023-08-26T17:11:42.501+0000] {logging_mixin.py:120} INFO - [2023-08-26T17:11:42.501+0000] {dagbag.py:537} INFO - Filling up the DagBag from /home/airflow/.local/lib/python3.7/site-packages/airflow/example_dags/example_kubernetes_executor.py
[2023-08-26T17:11:42.518+0000] {processor.py:766} INFO - DAG(s) dict_keys(['example_kubernetes_executor']) retrieved from /home/airflow/.local/lib/python3.7/site-packages/airflow/example_dags/example_kubernetes_executor.py
[2023-08-26T17:11:42.543+0000] {logging_mixin.py:120} INFO - [2023-08-26T17:11:42.543+0000] {dag.py:2585} INFO - Sync 1 DAGs
[2023-08-26T17:11:42.557+0000] {logging_mixin.py:120} INFO - [2023-08-26T17:11:42.557+0000] {dag.py:3340} INFO - Setting next_dagrun for example_kubernetes_executor to None, run_after=None
[2023-08-26T17:11:42.569+0000] {processor.py:176} INFO - Processing /home/airflow/.local/lib/python3.7/site-packages/airflow/example_dags/example_kubernetes_executor.py took 0.071 seconds
[2023-08-26T17:12:13.596+0000] {processor.py:154} INFO - Started process (PID=1101) to work on /home/airflow/.local/lib/python3.7/site-packages/airflow/example_dags/example_kubernetes_executor.py
[2023-08-26T17:12:13.596+0000] {processor.py:756} INFO - Processing file /home/airflow/.local/lib/python3.7/site-packages/airflow/example_dags/example_kubernetes_executor.py for tasks to queue
[2023-08-26T17:12:13.597+0000] {logging_mixin.py:120} INFO - [2023-08-26T17:12:13.597+0000] {dagbag.py:537} INFO - Filling up the DagBag from /home/airflow/.local/lib/python3.7/site-packages/airflow/example_dags/example_kubernetes_executor.py
[2023-08-26T17:12:13.614+0000] {processor.py:766} INFO - DAG(s) dict_keys(['example_kubernetes_executor']) retrieved from /home/airflow/.local/lib/python3.7/site-packages/airflow/example_dags/example_kubernetes_executor.py
[2023-08-26T17:12:13.640+0000] {logging_mixin.py:120} INFO - [2023-08-26T17:12:13.640+0000] {dag.py:2585} INFO - Sync 1 DAGs
[2023-08-26T17:12:13.655+0000] {logging_mixin.py:120} INFO - [2023-08-26T17:12:13.655+0000] {dag.py:3340} INFO - Setting next_dagrun for example_kubernetes_executor to None, run_after=None
[2023-08-26T17:12:13.666+0000] {processor.py:176} INFO - Processing /home/airflow/.local/lib/python3.7/site-packages/airflow/example_dags/example_kubernetes_executor.py took 0.073 seconds
[2023-08-26T17:12:44.764+0000] {processor.py:154} INFO - Started process (PID=1170) to work on /home/airflow/.local/lib/python3.7/site-packages/airflow/example_dags/example_kubernetes_executor.py
[2023-08-26T17:12:44.764+0000] {processor.py:756} INFO - Processing file /home/airflow/.local/lib/python3.7/site-packages/airflow/example_dags/example_kubernetes_executor.py for tasks to queue
[2023-08-26T17:12:44.765+0000] {logging_mixin.py:120} INFO - [2023-08-26T17:12:44.765+0000] {dagbag.py:537} INFO - Filling up the DagBag from /home/airflow/.local/lib/python3.7/site-packages/airflow/example_dags/example_kubernetes_executor.py
[2023-08-26T17:12:44.785+0000] {processor.py:766} INFO - DAG(s) dict_keys(['example_kubernetes_executor']) retrieved from /home/airflow/.local/lib/python3.7/site-packages/airflow/example_dags/example_kubernetes_executor.py
[2023-08-26T17:12:44.820+0000] {logging_mixin.py:120} INFO - [2023-08-26T17:12:44.819+0000] {dag.py:2585} INFO - Sync 1 DAGs
[2023-08-26T17:12:44.836+0000] {logging_mixin.py:120} INFO - [2023-08-26T17:12:44.835+0000] {dag.py:3340} INFO - Setting next_dagrun for example_kubernetes_executor to None, run_after=None
[2023-08-26T17:12:44.848+0000] {processor.py:176} INFO - Processing /home/airflow/.local/lib/python3.7/site-packages/airflow/example_dags/example_kubernetes_executor.py took 0.087 seconds
[2023-08-26T17:13:14.892+0000] {processor.py:154} INFO - Started process (PID=1224) to work on /home/airflow/.local/lib/python3.7/site-packages/airflow/example_dags/example_kubernetes_executor.py
[2023-08-26T17:13:14.893+0000] {processor.py:756} INFO - Processing file /home/airflow/.local/lib/python3.7/site-packages/airflow/example_dags/example_kubernetes_executor.py for tasks to queue
[2023-08-26T17:13:14.893+0000] {logging_mixin.py:120} INFO - [2023-08-26T17:13:14.893+0000] {dagbag.py:537} INFO - Filling up the DagBag from /home/airflow/.local/lib/python3.7/site-packages/airflow/example_dags/example_kubernetes_executor.py
[2023-08-26T17:13:14.911+0000] {processor.py:766} INFO - DAG(s) dict_keys(['example_kubernetes_executor']) retrieved from /home/airflow/.local/lib/python3.7/site-packages/airflow/example_dags/example_kubernetes_executor.py
[2023-08-26T17:13:14.943+0000] {logging_mixin.py:120} INFO - [2023-08-26T17:13:14.942+0000] {dag.py:2585} INFO - Sync 1 DAGs
[2023-08-26T17:13:14.957+0000] {logging_mixin.py:120} INFO - [2023-08-26T17:13:14.957+0000] {dag.py:3340} INFO - Setting next_dagrun for example_kubernetes_executor to None, run_after=None
[2023-08-26T17:13:14.969+0000] {processor.py:176} INFO - Processing /home/airflow/.local/lib/python3.7/site-packages/airflow/example_dags/example_kubernetes_executor.py took 0.079 seconds
[2023-08-26T17:13:45.253+0000] {processor.py:154} INFO - Started process (PID=1287) to work on /home/airflow/.local/lib/python3.7/site-packages/airflow/example_dags/example_kubernetes_executor.py
[2023-08-26T17:13:45.254+0000] {processor.py:756} INFO - Processing file /home/airflow/.local/lib/python3.7/site-packages/airflow/example_dags/example_kubernetes_executor.py for tasks to queue
[2023-08-26T17:13:45.254+0000] {logging_mixin.py:120} INFO - [2023-08-26T17:13:45.254+0000] {dagbag.py:537} INFO - Filling up the DagBag from /home/airflow/.local/lib/python3.7/site-packages/airflow/example_dags/example_kubernetes_executor.py
[2023-08-26T17:13:45.273+0000] {processor.py:766} INFO - DAG(s) dict_keys(['example_kubernetes_executor']) retrieved from /home/airflow/.local/lib/python3.7/site-packages/airflow/example_dags/example_kubernetes_executor.py
[2023-08-26T17:13:45.313+0000] {logging_mixin.py:120} INFO - [2023-08-26T17:13:45.312+0000] {dag.py:2585} INFO - Sync 1 DAGs
[2023-08-26T17:13:45.331+0000] {logging_mixin.py:120} INFO - [2023-08-26T17:13:45.331+0000] {dag.py:3340} INFO - Setting next_dagrun for example_kubernetes_executor to None, run_after=None
[2023-08-26T17:13:45.344+0000] {processor.py:176} INFO - Processing /home/airflow/.local/lib/python3.7/site-packages/airflow/example_dags/example_kubernetes_executor.py took 0.093 seconds
[2023-08-26T17:14:16.287+0000] {processor.py:154} INFO - Started process (PID=1350) to work on /home/airflow/.local/lib/python3.7/site-packages/airflow/example_dags/example_kubernetes_executor.py
[2023-08-26T17:14:16.288+0000] {processor.py:756} INFO - Processing file /home/airflow/.local/lib/python3.7/site-packages/airflow/example_dags/example_kubernetes_executor.py for tasks to queue
[2023-08-26T17:14:16.289+0000] {logging_mixin.py:120} INFO - [2023-08-26T17:14:16.289+0000] {dagbag.py:537} INFO - Filling up the DagBag from /home/airflow/.local/lib/python3.7/site-packages/airflow/example_dags/example_kubernetes_executor.py
[2023-08-26T17:14:16.308+0000] {processor.py:766} INFO - DAG(s) dict_keys(['example_kubernetes_executor']) retrieved from /home/airflow/.local/lib/python3.7/site-packages/airflow/example_dags/example_kubernetes_executor.py
[2023-08-26T17:14:16.337+0000] {logging_mixin.py:120} INFO - [2023-08-26T17:14:16.337+0000] {dag.py:2585} INFO - Sync 1 DAGs
[2023-08-26T17:14:16.353+0000] {logging_mixin.py:120} INFO - [2023-08-26T17:14:16.353+0000] {dag.py:3340} INFO - Setting next_dagrun for example_kubernetes_executor to None, run_after=None
[2023-08-26T17:14:16.364+0000] {processor.py:176} INFO - Processing /home/airflow/.local/lib/python3.7/site-packages/airflow/example_dags/example_kubernetes_executor.py took 0.079 seconds
[2023-08-26T17:14:46.476+0000] {processor.py:154} INFO - Started process (PID=1415) to work on /home/airflow/.local/lib/python3.7/site-packages/airflow/example_dags/example_kubernetes_executor.py
[2023-08-26T17:14:46.477+0000] {processor.py:756} INFO - Processing file /home/airflow/.local/lib/python3.7/site-packages/airflow/example_dags/example_kubernetes_executor.py for tasks to queue
[2023-08-26T17:14:46.477+0000] {logging_mixin.py:120} INFO - [2023-08-26T17:14:46.477+0000] {dagbag.py:537} INFO - Filling up the DagBag from /home/airflow/.local/lib/python3.7/site-packages/airflow/example_dags/example_kubernetes_executor.py
[2023-08-26T17:14:46.498+0000] {processor.py:766} INFO - DAG(s) dict_keys(['example_kubernetes_executor']) retrieved from /home/airflow/.local/lib/python3.7/site-packages/airflow/example_dags/example_kubernetes_executor.py
[2023-08-26T17:14:46.525+0000] {logging_mixin.py:120} INFO - [2023-08-26T17:14:46.525+0000] {dag.py:2585} INFO - Sync 1 DAGs
[2023-08-26T17:14:46.541+0000] {logging_mixin.py:120} INFO - [2023-08-26T17:14:46.541+0000] {dag.py:3340} INFO - Setting next_dagrun for example_kubernetes_executor to None, run_after=None
[2023-08-26T17:14:46.554+0000] {processor.py:176} INFO - Processing /home/airflow/.local/lib/python3.7/site-packages/airflow/example_dags/example_kubernetes_executor.py took 0.081 seconds
[2023-08-26T17:15:16.591+0000] {processor.py:154} INFO - Started process (PID=1477) to work on /home/airflow/.local/lib/python3.7/site-packages/airflow/example_dags/example_kubernetes_executor.py
[2023-08-26T17:15:16.591+0000] {processor.py:756} INFO - Processing file /home/airflow/.local/lib/python3.7/site-packages/airflow/example_dags/example_kubernetes_executor.py for tasks to queue
[2023-08-26T17:15:16.592+0000] {logging_mixin.py:120} INFO - [2023-08-26T17:15:16.592+0000] {dagbag.py:537} INFO - Filling up the DagBag from /home/airflow/.local/lib/python3.7/site-packages/airflow/example_dags/example_kubernetes_executor.py
[2023-08-26T17:15:16.609+0000] {processor.py:766} INFO - DAG(s) dict_keys(['example_kubernetes_executor']) retrieved from /home/airflow/.local/lib/python3.7/site-packages/airflow/example_dags/example_kubernetes_executor.py
[2023-08-26T17:15:16.640+0000] {logging_mixin.py:120} INFO - [2023-08-26T17:15:16.640+0000] {dag.py:2585} INFO - Sync 1 DAGs
[2023-08-26T17:15:16.653+0000] {logging_mixin.py:120} INFO - [2023-08-26T17:15:16.653+0000] {dag.py:3340} INFO - Setting next_dagrun for example_kubernetes_executor to None, run_after=None
[2023-08-26T17:15:16.662+0000] {processor.py:176} INFO - Processing /home/airflow/.local/lib/python3.7/site-packages/airflow/example_dags/example_kubernetes_executor.py took 0.073 seconds
[2023-08-26T17:15:46.839+0000] {processor.py:154} INFO - Started process (PID=1533) to work on /home/airflow/.local/lib/python3.7/site-packages/airflow/example_dags/example_kubernetes_executor.py
[2023-08-26T17:15:46.840+0000] {processor.py:756} INFO - Processing file /home/airflow/.local/lib/python3.7/site-packages/airflow/example_dags/example_kubernetes_executor.py for tasks to queue
[2023-08-26T17:15:46.840+0000] {logging_mixin.py:120} INFO - [2023-08-26T17:15:46.840+0000] {dagbag.py:537} INFO - Filling up the DagBag from /home/airflow/.local/lib/python3.7/site-packages/airflow/example_dags/example_kubernetes_executor.py
[2023-08-26T17:15:46.857+0000] {processor.py:766} INFO - DAG(s) dict_keys(['example_kubernetes_executor']) retrieved from /home/airflow/.local/lib/python3.7/site-packages/airflow/example_dags/example_kubernetes_executor.py
[2023-08-26T17:15:46.884+0000] {logging_mixin.py:120} INFO - [2023-08-26T17:15:46.884+0000] {dag.py:2585} INFO - Sync 1 DAGs
[2023-08-26T17:15:46.901+0000] {logging_mixin.py:120} INFO - [2023-08-26T17:15:46.901+0000] {dag.py:3340} INFO - Setting next_dagrun for example_kubernetes_executor to None, run_after=None
[2023-08-26T17:15:46.915+0000] {processor.py:176} INFO - Processing /home/airflow/.local/lib/python3.7/site-packages/airflow/example_dags/example_kubernetes_executor.py took 0.078 seconds
[2023-08-26T17:16:17.902+0000] {processor.py:154} INFO - Started process (PID=1596) to work on /home/airflow/.local/lib/python3.7/site-packages/airflow/example_dags/example_kubernetes_executor.py
[2023-08-26T17:16:17.903+0000] {processor.py:756} INFO - Processing file /home/airflow/.local/lib/python3.7/site-packages/airflow/example_dags/example_kubernetes_executor.py for tasks to queue
[2023-08-26T17:16:17.903+0000] {logging_mixin.py:120} INFO - [2023-08-26T17:16:17.903+0000] {dagbag.py:537} INFO - Filling up the DagBag from /home/airflow/.local/lib/python3.7/site-packages/airflow/example_dags/example_kubernetes_executor.py
[2023-08-26T17:16:17.921+0000] {processor.py:766} INFO - DAG(s) dict_keys(['example_kubernetes_executor']) retrieved from /home/airflow/.local/lib/python3.7/site-packages/airflow/example_dags/example_kubernetes_executor.py
[2023-08-26T17:16:17.948+0000] {logging_mixin.py:120} INFO - [2023-08-26T17:16:17.948+0000] {dag.py:2585} INFO - Sync 1 DAGs
[2023-08-26T17:16:17.962+0000] {logging_mixin.py:120} INFO - [2023-08-26T17:16:17.962+0000] {dag.py:3340} INFO - Setting next_dagrun for example_kubernetes_executor to None, run_after=None
[2023-08-26T17:16:17.972+0000] {processor.py:176} INFO - Processing /home/airflow/.local/lib/python3.7/site-packages/airflow/example_dags/example_kubernetes_executor.py took 0.072 seconds
[2023-08-26T17:16:48.970+0000] {processor.py:154} INFO - Started process (PID=1659) to work on /home/airflow/.local/lib/python3.7/site-packages/airflow/example_dags/example_kubernetes_executor.py
[2023-08-26T17:16:48.972+0000] {processor.py:756} INFO - Processing file /home/airflow/.local/lib/python3.7/site-packages/airflow/example_dags/example_kubernetes_executor.py for tasks to queue
[2023-08-26T17:16:48.972+0000] {logging_mixin.py:120} INFO - [2023-08-26T17:16:48.972+0000] {dagbag.py:537} INFO - Filling up the DagBag from /home/airflow/.local/lib/python3.7/site-packages/airflow/example_dags/example_kubernetes_executor.py
[2023-08-26T17:16:48.991+0000] {processor.py:766} INFO - DAG(s) dict_keys(['example_kubernetes_executor']) retrieved from /home/airflow/.local/lib/python3.7/site-packages/airflow/example_dags/example_kubernetes_executor.py
[2023-08-26T17:16:49.019+0000] {logging_mixin.py:120} INFO - [2023-08-26T17:16:49.019+0000] {dag.py:2585} INFO - Sync 1 DAGs
[2023-08-26T17:16:49.033+0000] {logging_mixin.py:120} INFO - [2023-08-26T17:16:49.033+0000] {dag.py:3340} INFO - Setting next_dagrun for example_kubernetes_executor to None, run_after=None
[2023-08-26T17:16:49.043+0000] {processor.py:176} INFO - Processing /home/airflow/.local/lib/python3.7/site-packages/airflow/example_dags/example_kubernetes_executor.py took 0.076 seconds
[2023-08-26T17:17:19.086+0000] {processor.py:154} INFO - Started process (PID=1723) to work on /home/airflow/.local/lib/python3.7/site-packages/airflow/example_dags/example_kubernetes_executor.py
[2023-08-26T17:17:19.087+0000] {processor.py:756} INFO - Processing file /home/airflow/.local/lib/python3.7/site-packages/airflow/example_dags/example_kubernetes_executor.py for tasks to queue
[2023-08-26T17:17:19.088+0000] {logging_mixin.py:120} INFO - [2023-08-26T17:17:19.088+0000] {dagbag.py:537} INFO - Filling up the DagBag from /home/airflow/.local/lib/python3.7/site-packages/airflow/example_dags/example_kubernetes_executor.py
[2023-08-26T17:17:19.104+0000] {processor.py:766} INFO - DAG(s) dict_keys(['example_kubernetes_executor']) retrieved from /home/airflow/.local/lib/python3.7/site-packages/airflow/example_dags/example_kubernetes_executor.py
[2023-08-26T17:17:19.134+0000] {logging_mixin.py:120} INFO - [2023-08-26T17:17:19.134+0000] {dag.py:2585} INFO - Sync 1 DAGs
[2023-08-26T17:17:19.149+0000] {logging_mixin.py:120} INFO - [2023-08-26T17:17:19.149+0000] {dag.py:3340} INFO - Setting next_dagrun for example_kubernetes_executor to None, run_after=None
[2023-08-26T17:17:19.162+0000] {processor.py:176} INFO - Processing /home/airflow/.local/lib/python3.7/site-packages/airflow/example_dags/example_kubernetes_executor.py took 0.079 seconds
[2023-08-26T17:17:50.127+0000] {processor.py:154} INFO - Started process (PID=1785) to work on /home/airflow/.local/lib/python3.7/site-packages/airflow/example_dags/example_kubernetes_executor.py
[2023-08-26T17:17:50.129+0000] {processor.py:756} INFO - Processing file /home/airflow/.local/lib/python3.7/site-packages/airflow/example_dags/example_kubernetes_executor.py for tasks to queue
[2023-08-26T17:17:50.130+0000] {logging_mixin.py:120} INFO - [2023-08-26T17:17:50.130+0000] {dagbag.py:537} INFO - Filling up the DagBag from /home/airflow/.local/lib/python3.7/site-packages/airflow/example_dags/example_kubernetes_executor.py
[2023-08-26T17:17:50.157+0000] {processor.py:766} INFO - DAG(s) dict_keys(['example_kubernetes_executor']) retrieved from /home/airflow/.local/lib/python3.7/site-packages/airflow/example_dags/example_kubernetes_executor.py
[2023-08-26T17:17:50.190+0000] {logging_mixin.py:120} INFO - [2023-08-26T17:17:50.190+0000] {dag.py:2585} INFO - Sync 1 DAGs
[2023-08-26T17:17:50.204+0000] {logging_mixin.py:120} INFO - [2023-08-26T17:17:50.204+0000] {dag.py:3340} INFO - Setting next_dagrun for example_kubernetes_executor to None, run_after=None
[2023-08-26T17:17:50.216+0000] {processor.py:176} INFO - Processing /home/airflow/.local/lib/python3.7/site-packages/airflow/example_dags/example_kubernetes_executor.py took 0.093 seconds
[2023-08-26T17:18:20.247+0000] {processor.py:154} INFO - Started process (PID=1847) to work on /home/airflow/.local/lib/python3.7/site-packages/airflow/example_dags/example_kubernetes_executor.py
[2023-08-26T17:18:20.248+0000] {processor.py:756} INFO - Processing file /home/airflow/.local/lib/python3.7/site-packages/airflow/example_dags/example_kubernetes_executor.py for tasks to queue
[2023-08-26T17:18:20.248+0000] {logging_mixin.py:120} INFO - [2023-08-26T17:18:20.248+0000] {dagbag.py:537} INFO - Filling up the DagBag from /home/airflow/.local/lib/python3.7/site-packages/airflow/example_dags/example_kubernetes_executor.py
[2023-08-26T17:18:20.265+0000] {processor.py:766} INFO - DAG(s) dict_keys(['example_kubernetes_executor']) retrieved from /home/airflow/.local/lib/python3.7/site-packages/airflow/example_dags/example_kubernetes_executor.py
[2023-08-26T17:18:20.291+0000] {logging_mixin.py:120} INFO - [2023-08-26T17:18:20.291+0000] {dag.py:2585} INFO - Sync 1 DAGs
[2023-08-26T17:18:20.305+0000] {logging_mixin.py:120} INFO - [2023-08-26T17:18:20.305+0000] {dag.py:3340} INFO - Setting next_dagrun for example_kubernetes_executor to None, run_after=None
[2023-08-26T17:18:20.317+0000] {processor.py:176} INFO - Processing /home/airflow/.local/lib/python3.7/site-packages/airflow/example_dags/example_kubernetes_executor.py took 0.072 seconds
[2023-08-26T17:18:50.443+0000] {processor.py:154} INFO - Started process (PID=1900) to work on /home/airflow/.local/lib/python3.7/site-packages/airflow/example_dags/example_kubernetes_executor.py
[2023-08-26T17:18:50.444+0000] {processor.py:756} INFO - Processing file /home/airflow/.local/lib/python3.7/site-packages/airflow/example_dags/example_kubernetes_executor.py for tasks to queue
[2023-08-26T17:18:50.445+0000] {logging_mixin.py:120} INFO - [2023-08-26T17:18:50.445+0000] {dagbag.py:537} INFO - Filling up the DagBag from /home/airflow/.local/lib/python3.7/site-packages/airflow/example_dags/example_kubernetes_executor.py
[2023-08-26T17:18:50.470+0000] {processor.py:766} INFO - DAG(s) dict_keys(['example_kubernetes_executor']) retrieved from /home/airflow/.local/lib/python3.7/site-packages/airflow/example_dags/example_kubernetes_executor.py
[2023-08-26T17:18:50.508+0000] {logging_mixin.py:120} INFO - [2023-08-26T17:18:50.507+0000] {dag.py:2585} INFO - Sync 1 DAGs
[2023-08-26T17:18:50.524+0000] {logging_mixin.py:120} INFO - [2023-08-26T17:18:50.524+0000] {dag.py:3340} INFO - Setting next_dagrun for example_kubernetes_executor to None, run_after=None
[2023-08-26T17:18:50.537+0000] {processor.py:176} INFO - Processing /home/airflow/.local/lib/python3.7/site-packages/airflow/example_dags/example_kubernetes_executor.py took 0.099 seconds
[2023-08-26T17:19:20.821+0000] {processor.py:154} INFO - Started process (PID=1963) to work on /home/airflow/.local/lib/python3.7/site-packages/airflow/example_dags/example_kubernetes_executor.py
[2023-08-26T17:19:20.822+0000] {processor.py:756} INFO - Processing file /home/airflow/.local/lib/python3.7/site-packages/airflow/example_dags/example_kubernetes_executor.py for tasks to queue
[2023-08-26T17:19:20.822+0000] {logging_mixin.py:120} INFO - [2023-08-26T17:19:20.822+0000] {dagbag.py:537} INFO - Filling up the DagBag from /home/airflow/.local/lib/python3.7/site-packages/airflow/example_dags/example_kubernetes_executor.py
[2023-08-26T17:19:20.839+0000] {processor.py:766} INFO - DAG(s) dict_keys(['example_kubernetes_executor']) retrieved from /home/airflow/.local/lib/python3.7/site-packages/airflow/example_dags/example_kubernetes_executor.py
[2023-08-26T17:19:20.864+0000] {logging_mixin.py:120} INFO - [2023-08-26T17:19:20.864+0000] {dag.py:2585} INFO - Sync 1 DAGs
[2023-08-26T17:19:20.876+0000] {logging_mixin.py:120} INFO - [2023-08-26T17:19:20.876+0000] {dag.py:3340} INFO - Setting next_dagrun for example_kubernetes_executor to None, run_after=None
[2023-08-26T17:19:20.886+0000] {processor.py:176} INFO - Processing /home/airflow/.local/lib/python3.7/site-packages/airflow/example_dags/example_kubernetes_executor.py took 0.067 seconds
[2023-08-26T17:19:51.854+0000] {processor.py:154} INFO - Started process (PID=2027) to work on /home/airflow/.local/lib/python3.7/site-packages/airflow/example_dags/example_kubernetes_executor.py
[2023-08-26T17:19:51.855+0000] {processor.py:756} INFO - Processing file /home/airflow/.local/lib/python3.7/site-packages/airflow/example_dags/example_kubernetes_executor.py for tasks to queue
[2023-08-26T17:19:51.856+0000] {logging_mixin.py:120} INFO - [2023-08-26T17:19:51.856+0000] {dagbag.py:537} INFO - Filling up the DagBag from /home/airflow/.local/lib/python3.7/site-packages/airflow/example_dags/example_kubernetes_executor.py
[2023-08-26T17:19:51.878+0000] {processor.py:766} INFO - DAG(s) dict_keys(['example_kubernetes_executor']) retrieved from /home/airflow/.local/lib/python3.7/site-packages/airflow/example_dags/example_kubernetes_executor.py
[2023-08-26T17:19:51.912+0000] {logging_mixin.py:120} INFO - [2023-08-26T17:19:51.912+0000] {dag.py:2585} INFO - Sync 1 DAGs
[2023-08-26T17:19:51.926+0000] {logging_mixin.py:120} INFO - [2023-08-26T17:19:51.926+0000] {dag.py:3340} INFO - Setting next_dagrun for example_kubernetes_executor to None, run_after=None
[2023-08-26T17:19:51.938+0000] {processor.py:176} INFO - Processing /home/airflow/.local/lib/python3.7/site-packages/airflow/example_dags/example_kubernetes_executor.py took 0.087 seconds
[2023-08-26T17:20:22.020+0000] {processor.py:154} INFO - Started process (PID=2090) to work on /home/airflow/.local/lib/python3.7/site-packages/airflow/example_dags/example_kubernetes_executor.py
[2023-08-26T17:20:22.021+0000] {processor.py:756} INFO - Processing file /home/airflow/.local/lib/python3.7/site-packages/airflow/example_dags/example_kubernetes_executor.py for tasks to queue
[2023-08-26T17:20:22.021+0000] {logging_mixin.py:120} INFO - [2023-08-26T17:20:22.021+0000] {dagbag.py:537} INFO - Filling up the DagBag from /home/airflow/.local/lib/python3.7/site-packages/airflow/example_dags/example_kubernetes_executor.py
[2023-08-26T17:20:22.037+0000] {processor.py:766} INFO - DAG(s) dict_keys(['example_kubernetes_executor']) retrieved from /home/airflow/.local/lib/python3.7/site-packages/airflow/example_dags/example_kubernetes_executor.py
[2023-08-26T17:20:22.061+0000] {logging_mixin.py:120} INFO - [2023-08-26T17:20:22.061+0000] {dag.py:2585} INFO - Sync 1 DAGs
[2023-08-26T17:20:22.076+0000] {logging_mixin.py:120} INFO - [2023-08-26T17:20:22.076+0000] {dag.py:3340} INFO - Setting next_dagrun for example_kubernetes_executor to None, run_after=None
[2023-08-26T17:20:22.086+0000] {processor.py:176} INFO - Processing /home/airflow/.local/lib/python3.7/site-packages/airflow/example_dags/example_kubernetes_executor.py took 0.068 seconds
[2023-08-26T17:20:52.453+0000] {processor.py:154} INFO - Started process (PID=2153) to work on /home/airflow/.local/lib/python3.7/site-packages/airflow/example_dags/example_kubernetes_executor.py
[2023-08-26T17:20:52.454+0000] {processor.py:756} INFO - Processing file /home/airflow/.local/lib/python3.7/site-packages/airflow/example_dags/example_kubernetes_executor.py for tasks to queue
[2023-08-26T17:20:52.455+0000] {logging_mixin.py:120} INFO - [2023-08-26T17:20:52.455+0000] {dagbag.py:537} INFO - Filling up the DagBag from /home/airflow/.local/lib/python3.7/site-packages/airflow/example_dags/example_kubernetes_executor.py
[2023-08-26T17:20:52.476+0000] {processor.py:766} INFO - DAG(s) dict_keys(['example_kubernetes_executor']) retrieved from /home/airflow/.local/lib/python3.7/site-packages/airflow/example_dags/example_kubernetes_executor.py
[2023-08-26T17:20:52.509+0000] {logging_mixin.py:120} INFO - [2023-08-26T17:20:52.509+0000] {dag.py:2585} INFO - Sync 1 DAGs
[2023-08-26T17:20:52.527+0000] {logging_mixin.py:120} INFO - [2023-08-26T17:20:52.527+0000] {dag.py:3340} INFO - Setting next_dagrun for example_kubernetes_executor to None, run_after=None
[2023-08-26T17:20:52.537+0000] {processor.py:176} INFO - Processing /home/airflow/.local/lib/python3.7/site-packages/airflow/example_dags/example_kubernetes_executor.py took 0.087 seconds
[2023-08-26T17:21:22.616+0000] {processor.py:154} INFO - Started process (PID=2216) to work on /home/airflow/.local/lib/python3.7/site-packages/airflow/example_dags/example_kubernetes_executor.py
[2023-08-26T17:21:22.618+0000] {processor.py:756} INFO - Processing file /home/airflow/.local/lib/python3.7/site-packages/airflow/example_dags/example_kubernetes_executor.py for tasks to queue
[2023-08-26T17:21:22.619+0000] {logging_mixin.py:120} INFO - [2023-08-26T17:21:22.619+0000] {dagbag.py:537} INFO - Filling up the DagBag from /home/airflow/.local/lib/python3.7/site-packages/airflow/example_dags/example_kubernetes_executor.py
[2023-08-26T17:21:22.647+0000] {processor.py:766} INFO - DAG(s) dict_keys(['example_kubernetes_executor']) retrieved from /home/airflow/.local/lib/python3.7/site-packages/airflow/example_dags/example_kubernetes_executor.py
[2023-08-26T17:21:22.694+0000] {logging_mixin.py:120} INFO - [2023-08-26T17:21:22.694+0000] {dag.py:2585} INFO - Sync 1 DAGs
[2023-08-26T17:21:22.712+0000] {logging_mixin.py:120} INFO - [2023-08-26T17:21:22.712+0000] {dag.py:3340} INFO - Setting next_dagrun for example_kubernetes_executor to None, run_after=None
[2023-08-26T17:21:22.725+0000] {processor.py:176} INFO - Processing /home/airflow/.local/lib/python3.7/site-packages/airflow/example_dags/example_kubernetes_executor.py took 0.113 seconds
[2023-08-26T17:21:53.080+0000] {processor.py:154} INFO - Started process (PID=2270) to work on /home/airflow/.local/lib/python3.7/site-packages/airflow/example_dags/example_kubernetes_executor.py
[2023-08-26T17:21:53.081+0000] {processor.py:756} INFO - Processing file /home/airflow/.local/lib/python3.7/site-packages/airflow/example_dags/example_kubernetes_executor.py for tasks to queue
[2023-08-26T17:21:53.081+0000] {logging_mixin.py:120} INFO - [2023-08-26T17:21:53.081+0000] {dagbag.py:537} INFO - Filling up the DagBag from /home/airflow/.local/lib/python3.7/site-packages/airflow/example_dags/example_kubernetes_executor.py
[2023-08-26T17:21:53.105+0000] {processor.py:766} INFO - DAG(s) dict_keys(['example_kubernetes_executor']) retrieved from /home/airflow/.local/lib/python3.7/site-packages/airflow/example_dags/example_kubernetes_executor.py
[2023-08-26T17:21:53.138+0000] {logging_mixin.py:120} INFO - [2023-08-26T17:21:53.137+0000] {dag.py:2585} INFO - Sync 1 DAGs
[2023-08-26T17:21:53.153+0000] {logging_mixin.py:120} INFO - [2023-08-26T17:21:53.153+0000] {dag.py:3340} INFO - Setting next_dagrun for example_kubernetes_executor to None, run_after=None
[2023-08-26T17:21:53.166+0000] {processor.py:176} INFO - Processing /home/airflow/.local/lib/python3.7/site-packages/airflow/example_dags/example_kubernetes_executor.py took 0.088 seconds
[2023-08-26T17:22:23.273+0000] {processor.py:154} INFO - Started process (PID=2333) to work on /home/airflow/.local/lib/python3.7/site-packages/airflow/example_dags/example_kubernetes_executor.py
[2023-08-26T17:22:23.274+0000] {processor.py:756} INFO - Processing file /home/airflow/.local/lib/python3.7/site-packages/airflow/example_dags/example_kubernetes_executor.py for tasks to queue
[2023-08-26T17:22:23.275+0000] {logging_mixin.py:120} INFO - [2023-08-26T17:22:23.275+0000] {dagbag.py:537} INFO - Filling up the DagBag from /home/airflow/.local/lib/python3.7/site-packages/airflow/example_dags/example_kubernetes_executor.py
[2023-08-26T17:22:23.300+0000] {processor.py:766} INFO - DAG(s) dict_keys(['example_kubernetes_executor']) retrieved from /home/airflow/.local/lib/python3.7/site-packages/airflow/example_dags/example_kubernetes_executor.py
[2023-08-26T17:22:23.334+0000] {logging_mixin.py:120} INFO - [2023-08-26T17:22:23.334+0000] {dag.py:2585} INFO - Sync 1 DAGs
[2023-08-26T17:22:23.351+0000] {logging_mixin.py:120} INFO - [2023-08-26T17:22:23.351+0000] {dag.py:3340} INFO - Setting next_dagrun for example_kubernetes_executor to None, run_after=None
[2023-08-26T17:22:23.364+0000] {processor.py:176} INFO - Processing /home/airflow/.local/lib/python3.7/site-packages/airflow/example_dags/example_kubernetes_executor.py took 0.096 seconds
[2023-08-26T17:22:54.391+0000] {processor.py:154} INFO - Started process (PID=2394) to work on /home/airflow/.local/lib/python3.7/site-packages/airflow/example_dags/example_kubernetes_executor.py
[2023-08-26T17:22:54.393+0000] {processor.py:756} INFO - Processing file /home/airflow/.local/lib/python3.7/site-packages/airflow/example_dags/example_kubernetes_executor.py for tasks to queue
[2023-08-26T17:22:54.394+0000] {logging_mixin.py:120} INFO - [2023-08-26T17:22:54.394+0000] {dagbag.py:537} INFO - Filling up the DagBag from /home/airflow/.local/lib/python3.7/site-packages/airflow/example_dags/example_kubernetes_executor.py
[2023-08-26T17:22:54.418+0000] {processor.py:766} INFO - DAG(s) dict_keys(['example_kubernetes_executor']) retrieved from /home/airflow/.local/lib/python3.7/site-packages/airflow/example_dags/example_kubernetes_executor.py
[2023-08-26T17:22:54.450+0000] {logging_mixin.py:120} INFO - [2023-08-26T17:22:54.450+0000] {dag.py:2585} INFO - Sync 1 DAGs
[2023-08-26T17:22:54.465+0000] {logging_mixin.py:120} INFO - [2023-08-26T17:22:54.465+0000] {dag.py:3340} INFO - Setting next_dagrun for example_kubernetes_executor to None, run_after=None
[2023-08-26T17:22:54.477+0000] {processor.py:176} INFO - Processing /home/airflow/.local/lib/python3.7/site-packages/airflow/example_dags/example_kubernetes_executor.py took 0.090 seconds
[2023-08-26T17:23:24.621+0000] {processor.py:154} INFO - Started process (PID=2457) to work on /home/airflow/.local/lib/python3.7/site-packages/airflow/example_dags/example_kubernetes_executor.py
[2023-08-26T17:23:24.622+0000] {processor.py:756} INFO - Processing file /home/airflow/.local/lib/python3.7/site-packages/airflow/example_dags/example_kubernetes_executor.py for tasks to queue
[2023-08-26T17:23:24.623+0000] {logging_mixin.py:120} INFO - [2023-08-26T17:23:24.623+0000] {dagbag.py:537} INFO - Filling up the DagBag from /home/airflow/.local/lib/python3.7/site-packages/airflow/example_dags/example_kubernetes_executor.py
[2023-08-26T17:23:24.651+0000] {processor.py:766} INFO - DAG(s) dict_keys(['example_kubernetes_executor']) retrieved from /home/airflow/.local/lib/python3.7/site-packages/airflow/example_dags/example_kubernetes_executor.py
[2023-08-26T17:23:24.682+0000] {logging_mixin.py:120} INFO - [2023-08-26T17:23:24.682+0000] {dag.py:2585} INFO - Sync 1 DAGs
[2023-08-26T17:23:24.696+0000] {logging_mixin.py:120} INFO - [2023-08-26T17:23:24.696+0000] {dag.py:3340} INFO - Setting next_dagrun for example_kubernetes_executor to None, run_after=None
[2023-08-26T17:23:24.707+0000] {processor.py:176} INFO - Processing /home/airflow/.local/lib/python3.7/site-packages/airflow/example_dags/example_kubernetes_executor.py took 0.090 seconds
[2023-08-26T17:23:54.914+0000] {processor.py:154} INFO - Started process (PID=2519) to work on /home/airflow/.local/lib/python3.7/site-packages/airflow/example_dags/example_kubernetes_executor.py
[2023-08-26T17:23:54.915+0000] {processor.py:756} INFO - Processing file /home/airflow/.local/lib/python3.7/site-packages/airflow/example_dags/example_kubernetes_executor.py for tasks to queue
[2023-08-26T17:23:54.916+0000] {logging_mixin.py:120} INFO - [2023-08-26T17:23:54.916+0000] {dagbag.py:537} INFO - Filling up the DagBag from /home/airflow/.local/lib/python3.7/site-packages/airflow/example_dags/example_kubernetes_executor.py
[2023-08-26T17:23:54.942+0000] {processor.py:766} INFO - DAG(s) dict_keys(['example_kubernetes_executor']) retrieved from /home/airflow/.local/lib/python3.7/site-packages/airflow/example_dags/example_kubernetes_executor.py
[2023-08-26T17:23:54.971+0000] {logging_mixin.py:120} INFO - [2023-08-26T17:23:54.971+0000] {dag.py:2585} INFO - Sync 1 DAGs
[2023-08-26T17:23:54.986+0000] {logging_mixin.py:120} INFO - [2023-08-26T17:23:54.986+0000] {dag.py:3340} INFO - Setting next_dagrun for example_kubernetes_executor to None, run_after=None
[2023-08-26T17:23:54.996+0000] {processor.py:176} INFO - Processing /home/airflow/.local/lib/python3.7/site-packages/airflow/example_dags/example_kubernetes_executor.py took 0.087 seconds
[2023-08-26T17:24:25.069+0000] {processor.py:154} INFO - Started process (PID=2583) to work on /home/airflow/.local/lib/python3.7/site-packages/airflow/example_dags/example_kubernetes_executor.py
[2023-08-26T17:24:25.070+0000] {processor.py:756} INFO - Processing file /home/airflow/.local/lib/python3.7/site-packages/airflow/example_dags/example_kubernetes_executor.py for tasks to queue
[2023-08-26T17:24:25.070+0000] {logging_mixin.py:120} INFO - [2023-08-26T17:24:25.070+0000] {dagbag.py:537} INFO - Filling up the DagBag from /home/airflow/.local/lib/python3.7/site-packages/airflow/example_dags/example_kubernetes_executor.py
[2023-08-26T17:24:25.100+0000] {processor.py:766} INFO - DAG(s) dict_keys(['example_kubernetes_executor']) retrieved from /home/airflow/.local/lib/python3.7/site-packages/airflow/example_dags/example_kubernetes_executor.py
[2023-08-26T17:24:25.133+0000] {logging_mixin.py:120} INFO - [2023-08-26T17:24:25.133+0000] {dag.py:2585} INFO - Sync 1 DAGs
[2023-08-26T17:24:25.152+0000] {logging_mixin.py:120} INFO - [2023-08-26T17:24:25.152+0000] {dag.py:3340} INFO - Setting next_dagrun for example_kubernetes_executor to None, run_after=None
[2023-08-26T17:24:25.168+0000] {processor.py:176} INFO - Processing /home/airflow/.local/lib/python3.7/site-packages/airflow/example_dags/example_kubernetes_executor.py took 0.102 seconds
[2023-08-26T17:24:55.399+0000] {processor.py:154} INFO - Started process (PID=2638) to work on /home/airflow/.local/lib/python3.7/site-packages/airflow/example_dags/example_kubernetes_executor.py
[2023-08-26T17:24:55.400+0000] {processor.py:756} INFO - Processing file /home/airflow/.local/lib/python3.7/site-packages/airflow/example_dags/example_kubernetes_executor.py for tasks to queue
[2023-08-26T17:24:55.401+0000] {logging_mixin.py:120} INFO - [2023-08-26T17:24:55.400+0000] {dagbag.py:537} INFO - Filling up the DagBag from /home/airflow/.local/lib/python3.7/site-packages/airflow/example_dags/example_kubernetes_executor.py
[2023-08-26T17:24:55.420+0000] {processor.py:766} INFO - DAG(s) dict_keys(['example_kubernetes_executor']) retrieved from /home/airflow/.local/lib/python3.7/site-packages/airflow/example_dags/example_kubernetes_executor.py
[2023-08-26T17:24:55.456+0000] {logging_mixin.py:120} INFO - [2023-08-26T17:24:55.456+0000] {dag.py:2585} INFO - Sync 1 DAGs
[2023-08-26T17:24:55.482+0000] {logging_mixin.py:120} INFO - [2023-08-26T17:24:55.482+0000] {dag.py:3340} INFO - Setting next_dagrun for example_kubernetes_executor to None, run_after=None
[2023-08-26T17:24:55.498+0000] {processor.py:176} INFO - Processing /home/airflow/.local/lib/python3.7/site-packages/airflow/example_dags/example_kubernetes_executor.py took 0.101 seconds
[2023-08-26T17:25:25.868+0000] {processor.py:154} INFO - Started process (PID=2702) to work on /home/airflow/.local/lib/python3.7/site-packages/airflow/example_dags/example_kubernetes_executor.py
[2023-08-26T17:25:25.870+0000] {processor.py:756} INFO - Processing file /home/airflow/.local/lib/python3.7/site-packages/airflow/example_dags/example_kubernetes_executor.py for tasks to queue
[2023-08-26T17:25:25.871+0000] {logging_mixin.py:120} INFO - [2023-08-26T17:25:25.871+0000] {dagbag.py:537} INFO - Filling up the DagBag from /home/airflow/.local/lib/python3.7/site-packages/airflow/example_dags/example_kubernetes_executor.py
[2023-08-26T17:25:25.897+0000] {processor.py:766} INFO - DAG(s) dict_keys(['example_kubernetes_executor']) retrieved from /home/airflow/.local/lib/python3.7/site-packages/airflow/example_dags/example_kubernetes_executor.py
[2023-08-26T17:25:25.926+0000] {logging_mixin.py:120} INFO - [2023-08-26T17:25:25.926+0000] {dag.py:2585} INFO - Sync 1 DAGs
[2023-08-26T17:25:25.940+0000] {logging_mixin.py:120} INFO - [2023-08-26T17:25:25.940+0000] {dag.py:3340} INFO - Setting next_dagrun for example_kubernetes_executor to None, run_after=None
[2023-08-26T17:25:25.952+0000] {processor.py:176} INFO - Processing /home/airflow/.local/lib/python3.7/site-packages/airflow/example_dags/example_kubernetes_executor.py took 0.088 seconds
[2023-08-26T17:25:56.955+0000] {processor.py:154} INFO - Started process (PID=2764) to work on /home/airflow/.local/lib/python3.7/site-packages/airflow/example_dags/example_kubernetes_executor.py
[2023-08-26T17:25:56.957+0000] {processor.py:756} INFO - Processing file /home/airflow/.local/lib/python3.7/site-packages/airflow/example_dags/example_kubernetes_executor.py for tasks to queue
[2023-08-26T17:25:56.958+0000] {logging_mixin.py:120} INFO - [2023-08-26T17:25:56.958+0000] {dagbag.py:537} INFO - Filling up the DagBag from /home/airflow/.local/lib/python3.7/site-packages/airflow/example_dags/example_kubernetes_executor.py
[2023-08-26T17:25:56.987+0000] {processor.py:766} INFO - DAG(s) dict_keys(['example_kubernetes_executor']) retrieved from /home/airflow/.local/lib/python3.7/site-packages/airflow/example_dags/example_kubernetes_executor.py
[2023-08-26T17:25:57.020+0000] {logging_mixin.py:120} INFO - [2023-08-26T17:25:57.020+0000] {dag.py:2585} INFO - Sync 1 DAGs
[2023-08-26T17:25:57.035+0000] {logging_mixin.py:120} INFO - [2023-08-26T17:25:57.034+0000] {dag.py:3340} INFO - Setting next_dagrun for example_kubernetes_executor to None, run_after=None
[2023-08-26T17:25:57.052+0000] {processor.py:176} INFO - Processing /home/airflow/.local/lib/python3.7/site-packages/airflow/example_dags/example_kubernetes_executor.py took 0.102 seconds
[2023-08-26T17:26:27.138+0000] {processor.py:154} INFO - Started process (PID=2827) to work on /home/airflow/.local/lib/python3.7/site-packages/airflow/example_dags/example_kubernetes_executor.py
[2023-08-26T17:26:27.139+0000] {processor.py:756} INFO - Processing file /home/airflow/.local/lib/python3.7/site-packages/airflow/example_dags/example_kubernetes_executor.py for tasks to queue
[2023-08-26T17:26:27.140+0000] {logging_mixin.py:120} INFO - [2023-08-26T17:26:27.140+0000] {dagbag.py:537} INFO - Filling up the DagBag from /home/airflow/.local/lib/python3.7/site-packages/airflow/example_dags/example_kubernetes_executor.py
[2023-08-26T17:26:27.164+0000] {processor.py:766} INFO - DAG(s) dict_keys(['example_kubernetes_executor']) retrieved from /home/airflow/.local/lib/python3.7/site-packages/airflow/example_dags/example_kubernetes_executor.py
[2023-08-26T17:26:27.193+0000] {logging_mixin.py:120} INFO - [2023-08-26T17:26:27.193+0000] {dag.py:2585} INFO - Sync 1 DAGs
[2023-08-26T17:26:27.208+0000] {logging_mixin.py:120} INFO - [2023-08-26T17:26:27.207+0000] {dag.py:3340} INFO - Setting next_dagrun for example_kubernetes_executor to None, run_after=None
[2023-08-26T17:26:27.218+0000] {processor.py:176} INFO - Processing /home/airflow/.local/lib/python3.7/site-packages/airflow/example_dags/example_kubernetes_executor.py took 0.083 seconds
[2023-08-26T17:26:58.057+0000] {processor.py:154} INFO - Started process (PID=2889) to work on /home/airflow/.local/lib/python3.7/site-packages/airflow/example_dags/example_kubernetes_executor.py
[2023-08-26T17:26:58.059+0000] {processor.py:756} INFO - Processing file /home/airflow/.local/lib/python3.7/site-packages/airflow/example_dags/example_kubernetes_executor.py for tasks to queue
[2023-08-26T17:26:58.060+0000] {logging_mixin.py:120} INFO - [2023-08-26T17:26:58.060+0000] {dagbag.py:537} INFO - Filling up the DagBag from /home/airflow/.local/lib/python3.7/site-packages/airflow/example_dags/example_kubernetes_executor.py
[2023-08-26T17:26:58.086+0000] {processor.py:766} INFO - DAG(s) dict_keys(['example_kubernetes_executor']) retrieved from /home/airflow/.local/lib/python3.7/site-packages/airflow/example_dags/example_kubernetes_executor.py
[2023-08-26T17:26:58.115+0000] {logging_mixin.py:120} INFO - [2023-08-26T17:26:58.115+0000] {dag.py:2585} INFO - Sync 1 DAGs
[2023-08-26T17:26:58.129+0000] {logging_mixin.py:120} INFO - [2023-08-26T17:26:58.129+0000] {dag.py:3340} INFO - Setting next_dagrun for example_kubernetes_executor to None, run_after=None
[2023-08-26T17:26:58.139+0000] {processor.py:176} INFO - Processing /home/airflow/.local/lib/python3.7/site-packages/airflow/example_dags/example_kubernetes_executor.py took 0.087 seconds
[2023-08-26T17:27:29.059+0000] {processor.py:154} INFO - Started process (PID=2951) to work on /home/airflow/.local/lib/python3.7/site-packages/airflow/example_dags/example_kubernetes_executor.py
[2023-08-26T17:27:29.060+0000] {processor.py:756} INFO - Processing file /home/airflow/.local/lib/python3.7/site-packages/airflow/example_dags/example_kubernetes_executor.py for tasks to queue
[2023-08-26T17:27:29.060+0000] {logging_mixin.py:120} INFO - [2023-08-26T17:27:29.060+0000] {dagbag.py:537} INFO - Filling up the DagBag from /home/airflow/.local/lib/python3.7/site-packages/airflow/example_dags/example_kubernetes_executor.py
[2023-08-26T17:27:29.084+0000] {processor.py:766} INFO - DAG(s) dict_keys(['example_kubernetes_executor']) retrieved from /home/airflow/.local/lib/python3.7/site-packages/airflow/example_dags/example_kubernetes_executor.py
[2023-08-26T17:27:29.112+0000] {logging_mixin.py:120} INFO - [2023-08-26T17:27:29.112+0000] {dag.py:2585} INFO - Sync 1 DAGs
[2023-08-26T17:27:29.126+0000] {logging_mixin.py:120} INFO - [2023-08-26T17:27:29.126+0000] {dag.py:3340} INFO - Setting next_dagrun for example_kubernetes_executor to None, run_after=None
[2023-08-26T17:27:29.139+0000] {processor.py:176} INFO - Processing /home/airflow/.local/lib/python3.7/site-packages/airflow/example_dags/example_kubernetes_executor.py took 0.084 seconds
[2023-08-26T17:27:59.201+0000] {processor.py:154} INFO - Started process (PID=3004) to work on /home/airflow/.local/lib/python3.7/site-packages/airflow/example_dags/example_kubernetes_executor.py
[2023-08-26T17:27:59.202+0000] {processor.py:756} INFO - Processing file /home/airflow/.local/lib/python3.7/site-packages/airflow/example_dags/example_kubernetes_executor.py for tasks to queue
[2023-08-26T17:27:59.202+0000] {logging_mixin.py:120} INFO - [2023-08-26T17:27:59.202+0000] {dagbag.py:537} INFO - Filling up the DagBag from /home/airflow/.local/lib/python3.7/site-packages/airflow/example_dags/example_kubernetes_executor.py
[2023-08-26T17:27:59.223+0000] {processor.py:766} INFO - DAG(s) dict_keys(['example_kubernetes_executor']) retrieved from /home/airflow/.local/lib/python3.7/site-packages/airflow/example_dags/example_kubernetes_executor.py
[2023-08-26T17:27:59.253+0000] {logging_mixin.py:120} INFO - [2023-08-26T17:27:59.253+0000] {dag.py:2585} INFO - Sync 1 DAGs
[2023-08-26T17:27:59.270+0000] {logging_mixin.py:120} INFO - [2023-08-26T17:27:59.270+0000] {dag.py:3340} INFO - Setting next_dagrun for example_kubernetes_executor to None, run_after=None
[2023-08-26T17:27:59.282+0000] {processor.py:176} INFO - Processing /home/airflow/.local/lib/python3.7/site-packages/airflow/example_dags/example_kubernetes_executor.py took 0.084 seconds
[2023-08-26T17:28:29.381+0000] {processor.py:154} INFO - Started process (PID=3067) to work on /home/airflow/.local/lib/python3.7/site-packages/airflow/example_dags/example_kubernetes_executor.py
[2023-08-26T17:28:29.382+0000] {processor.py:756} INFO - Processing file /home/airflow/.local/lib/python3.7/site-packages/airflow/example_dags/example_kubernetes_executor.py for tasks to queue
[2023-08-26T17:28:29.383+0000] {logging_mixin.py:120} INFO - [2023-08-26T17:28:29.383+0000] {dagbag.py:537} INFO - Filling up the DagBag from /home/airflow/.local/lib/python3.7/site-packages/airflow/example_dags/example_kubernetes_executor.py
[2023-08-26T17:28:29.409+0000] {processor.py:766} INFO - DAG(s) dict_keys(['example_kubernetes_executor']) retrieved from /home/airflow/.local/lib/python3.7/site-packages/airflow/example_dags/example_kubernetes_executor.py
[2023-08-26T17:28:29.440+0000] {logging_mixin.py:120} INFO - [2023-08-26T17:28:29.440+0000] {dag.py:2585} INFO - Sync 1 DAGs
[2023-08-26T17:28:29.456+0000] {logging_mixin.py:120} INFO - [2023-08-26T17:28:29.456+0000] {dag.py:3340} INFO - Setting next_dagrun for example_kubernetes_executor to None, run_after=None
[2023-08-26T17:28:29.466+0000] {processor.py:176} INFO - Processing /home/airflow/.local/lib/python3.7/site-packages/airflow/example_dags/example_kubernetes_executor.py took 0.091 seconds
[2023-08-26T17:28:59.575+0000] {processor.py:154} INFO - Started process (PID=3129) to work on /home/airflow/.local/lib/python3.7/site-packages/airflow/example_dags/example_kubernetes_executor.py
[2023-08-26T17:28:59.577+0000] {processor.py:756} INFO - Processing file /home/airflow/.local/lib/python3.7/site-packages/airflow/example_dags/example_kubernetes_executor.py for tasks to queue
[2023-08-26T17:28:59.578+0000] {logging_mixin.py:120} INFO - [2023-08-26T17:28:59.578+0000] {dagbag.py:537} INFO - Filling up the DagBag from /home/airflow/.local/lib/python3.7/site-packages/airflow/example_dags/example_kubernetes_executor.py
[2023-08-26T17:28:59.605+0000] {processor.py:766} INFO - DAG(s) dict_keys(['example_kubernetes_executor']) retrieved from /home/airflow/.local/lib/python3.7/site-packages/airflow/example_dags/example_kubernetes_executor.py
[2023-08-26T17:28:59.648+0000] {logging_mixin.py:120} INFO - [2023-08-26T17:28:59.648+0000] {dag.py:2585} INFO - Sync 1 DAGs
[2023-08-26T17:28:59.667+0000] {logging_mixin.py:120} INFO - [2023-08-26T17:28:59.667+0000] {dag.py:3340} INFO - Setting next_dagrun for example_kubernetes_executor to None, run_after=None
[2023-08-26T17:28:59.681+0000] {processor.py:176} INFO - Processing /home/airflow/.local/lib/python3.7/site-packages/airflow/example_dags/example_kubernetes_executor.py took 0.111 seconds
[2023-08-26T17:29:29.792+0000] {processor.py:154} INFO - Started process (PID=3192) to work on /home/airflow/.local/lib/python3.7/site-packages/airflow/example_dags/example_kubernetes_executor.py
[2023-08-26T17:29:29.793+0000] {processor.py:756} INFO - Processing file /home/airflow/.local/lib/python3.7/site-packages/airflow/example_dags/example_kubernetes_executor.py for tasks to queue
[2023-08-26T17:29:29.794+0000] {logging_mixin.py:120} INFO - [2023-08-26T17:29:29.794+0000] {dagbag.py:537} INFO - Filling up the DagBag from /home/airflow/.local/lib/python3.7/site-packages/airflow/example_dags/example_kubernetes_executor.py
[2023-08-26T17:29:29.821+0000] {processor.py:766} INFO - DAG(s) dict_keys(['example_kubernetes_executor']) retrieved from /home/airflow/.local/lib/python3.7/site-packages/airflow/example_dags/example_kubernetes_executor.py
[2023-08-26T17:29:29.859+0000] {logging_mixin.py:120} INFO - [2023-08-26T17:29:29.859+0000] {dag.py:2585} INFO - Sync 1 DAGs
[2023-08-26T17:29:29.880+0000] {logging_mixin.py:120} INFO - [2023-08-26T17:29:29.880+0000] {dag.py:3340} INFO - Setting next_dagrun for example_kubernetes_executor to None, run_after=None
[2023-08-26T17:29:29.892+0000] {processor.py:176} INFO - Processing /home/airflow/.local/lib/python3.7/site-packages/airflow/example_dags/example_kubernetes_executor.py took 0.105 seconds
[2023-08-26T17:30:00.037+0000] {processor.py:154} INFO - Started process (PID=3254) to work on /home/airflow/.local/lib/python3.7/site-packages/airflow/example_dags/example_kubernetes_executor.py
[2023-08-26T17:30:00.038+0000] {processor.py:756} INFO - Processing file /home/airflow/.local/lib/python3.7/site-packages/airflow/example_dags/example_kubernetes_executor.py for tasks to queue
[2023-08-26T17:30:00.038+0000] {logging_mixin.py:120} INFO - [2023-08-26T17:30:00.038+0000] {dagbag.py:537} INFO - Filling up the DagBag from /home/airflow/.local/lib/python3.7/site-packages/airflow/example_dags/example_kubernetes_executor.py
[2023-08-26T17:30:00.066+0000] {processor.py:766} INFO - DAG(s) dict_keys(['example_kubernetes_executor']) retrieved from /home/airflow/.local/lib/python3.7/site-packages/airflow/example_dags/example_kubernetes_executor.py
[2023-08-26T17:30:00.099+0000] {logging_mixin.py:120} INFO - [2023-08-26T17:30:00.098+0000] {dag.py:2585} INFO - Sync 1 DAGs
[2023-08-26T17:30:00.114+0000] {logging_mixin.py:120} INFO - [2023-08-26T17:30:00.114+0000] {dag.py:3340} INFO - Setting next_dagrun for example_kubernetes_executor to None, run_after=None
[2023-08-26T17:30:00.125+0000] {processor.py:176} INFO - Processing /home/airflow/.local/lib/python3.7/site-packages/airflow/example_dags/example_kubernetes_executor.py took 0.092 seconds
[2023-08-26T17:30:30.229+0000] {processor.py:154} INFO - Started process (PID=3309) to work on /home/airflow/.local/lib/python3.7/site-packages/airflow/example_dags/example_kubernetes_executor.py
[2023-08-26T17:30:30.230+0000] {processor.py:756} INFO - Processing file /home/airflow/.local/lib/python3.7/site-packages/airflow/example_dags/example_kubernetes_executor.py for tasks to queue
[2023-08-26T17:30:30.231+0000] {logging_mixin.py:120} INFO - [2023-08-26T17:30:30.230+0000] {dagbag.py:537} INFO - Filling up the DagBag from /home/airflow/.local/lib/python3.7/site-packages/airflow/example_dags/example_kubernetes_executor.py
[2023-08-26T17:30:30.259+0000] {processor.py:766} INFO - DAG(s) dict_keys(['example_kubernetes_executor']) retrieved from /home/airflow/.local/lib/python3.7/site-packages/airflow/example_dags/example_kubernetes_executor.py
[2023-08-26T17:30:30.290+0000] {logging_mixin.py:120} INFO - [2023-08-26T17:30:30.290+0000] {dag.py:2585} INFO - Sync 1 DAGs
[2023-08-26T17:30:30.306+0000] {logging_mixin.py:120} INFO - [2023-08-26T17:30:30.305+0000] {dag.py:3340} INFO - Setting next_dagrun for example_kubernetes_executor to None, run_after=None
[2023-08-26T17:30:30.316+0000] {processor.py:176} INFO - Processing /home/airflow/.local/lib/python3.7/site-packages/airflow/example_dags/example_kubernetes_executor.py took 0.091 seconds
[2023-08-26T17:31:00.471+0000] {processor.py:154} INFO - Started process (PID=3372) to work on /home/airflow/.local/lib/python3.7/site-packages/airflow/example_dags/example_kubernetes_executor.py
[2023-08-26T17:31:00.472+0000] {processor.py:756} INFO - Processing file /home/airflow/.local/lib/python3.7/site-packages/airflow/example_dags/example_kubernetes_executor.py for tasks to queue
[2023-08-26T17:31:00.473+0000] {logging_mixin.py:120} INFO - [2023-08-26T17:31:00.473+0000] {dagbag.py:537} INFO - Filling up the DagBag from /home/airflow/.local/lib/python3.7/site-packages/airflow/example_dags/example_kubernetes_executor.py
[2023-08-26T17:31:00.499+0000] {processor.py:766} INFO - DAG(s) dict_keys(['example_kubernetes_executor']) retrieved from /home/airflow/.local/lib/python3.7/site-packages/airflow/example_dags/example_kubernetes_executor.py
[2023-08-26T17:31:00.530+0000] {logging_mixin.py:120} INFO - [2023-08-26T17:31:00.530+0000] {dag.py:2585} INFO - Sync 1 DAGs
[2023-08-26T17:31:00.544+0000] {logging_mixin.py:120} INFO - [2023-08-26T17:31:00.543+0000] {dag.py:3340} INFO - Setting next_dagrun for example_kubernetes_executor to None, run_after=None
[2023-08-26T17:31:00.554+0000] {processor.py:176} INFO - Processing /home/airflow/.local/lib/python3.7/site-packages/airflow/example_dags/example_kubernetes_executor.py took 0.086 seconds
[2023-08-26T17:31:30.663+0000] {processor.py:154} INFO - Started process (PID=3435) to work on /home/airflow/.local/lib/python3.7/site-packages/airflow/example_dags/example_kubernetes_executor.py
[2023-08-26T17:31:30.664+0000] {processor.py:756} INFO - Processing file /home/airflow/.local/lib/python3.7/site-packages/airflow/example_dags/example_kubernetes_executor.py for tasks to queue
[2023-08-26T17:31:30.664+0000] {logging_mixin.py:120} INFO - [2023-08-26T17:31:30.664+0000] {dagbag.py:537} INFO - Filling up the DagBag from /home/airflow/.local/lib/python3.7/site-packages/airflow/example_dags/example_kubernetes_executor.py
[2023-08-26T17:31:30.688+0000] {processor.py:766} INFO - DAG(s) dict_keys(['example_kubernetes_executor']) retrieved from /home/airflow/.local/lib/python3.7/site-packages/airflow/example_dags/example_kubernetes_executor.py
[2023-08-26T17:31:30.719+0000] {logging_mixin.py:120} INFO - [2023-08-26T17:31:30.719+0000] {dag.py:2585} INFO - Sync 1 DAGs
[2023-08-26T17:31:30.735+0000] {logging_mixin.py:120} INFO - [2023-08-26T17:31:30.735+0000] {dag.py:3340} INFO - Setting next_dagrun for example_kubernetes_executor to None, run_after=None
[2023-08-26T17:31:30.746+0000] {processor.py:176} INFO - Processing /home/airflow/.local/lib/python3.7/site-packages/airflow/example_dags/example_kubernetes_executor.py took 0.086 seconds
