[2023-08-26T17:03:31.667+0000] {processor.py:154} INFO - Started process (PID=43) to work on /home/airflow/.local/lib/python3.7/site-packages/airflow/example_dags/example_bash_operator.py
[2023-08-26T17:03:31.668+0000] {processor.py:756} INFO - Processing file /home/airflow/.local/lib/python3.7/site-packages/airflow/example_dags/example_bash_operator.py for tasks to queue
[2023-08-26T17:03:31.669+0000] {logging_mixin.py:120} INFO - [2023-08-26T17:03:31.669+0000] {dagbag.py:537} INFO - Filling up the DagBag from /home/airflow/.local/lib/python3.7/site-packages/airflow/example_dags/example_bash_operator.py
[2023-08-26T17:03:31.690+0000] {processor.py:766} INFO - DAG(s) dict_keys(['example_bash_operator']) retrieved from /home/airflow/.local/lib/python3.7/site-packages/airflow/example_dags/example_bash_operator.py
[2023-08-26T17:03:31.790+0000] {logging_mixin.py:120} INFO - [2023-08-26T17:03:31.790+0000] {manager.py:507} INFO - Created Permission View: can edit on DAG:example_bash_operator
[2023-08-26T17:03:31.796+0000] {logging_mixin.py:120} INFO - [2023-08-26T17:03:31.795+0000] {manager.py:507} INFO - Created Permission View: can read on DAG:example_bash_operator
[2023-08-26T17:03:31.801+0000] {logging_mixin.py:120} INFO - [2023-08-26T17:03:31.801+0000] {manager.py:507} INFO - Created Permission View: can delete on DAG:example_bash_operator
[2023-08-26T17:03:31.801+0000] {logging_mixin.py:120} INFO - [2023-08-26T17:03:31.801+0000] {dag.py:2585} INFO - Sync 1 DAGs
[2023-08-26T17:03:31.811+0000] {logging_mixin.py:120} INFO - [2023-08-26T17:03:31.810+0000] {dag.py:2606} INFO - Creating ORM DAG for example_bash_operator
[2023-08-26T17:03:31.823+0000] {logging_mixin.py:120} INFO - [2023-08-26T17:03:31.823+0000] {dag.py:3340} INFO - Setting next_dagrun for example_bash_operator to 2023-08-25T00:00:00+00:00, run_after=2023-08-26T00:00:00+00:00
[2023-08-26T17:03:31.842+0000] {processor.py:176} INFO - Processing /home/airflow/.local/lib/python3.7/site-packages/airflow/example_dags/example_bash_operator.py took 0.179 seconds
[2023-08-26T17:04:01.929+0000] {processor.py:154} INFO - Started process (PID=105) to work on /home/airflow/.local/lib/python3.7/site-packages/airflow/example_dags/example_bash_operator.py
[2023-08-26T17:04:01.930+0000] {processor.py:756} INFO - Processing file /home/airflow/.local/lib/python3.7/site-packages/airflow/example_dags/example_bash_operator.py for tasks to queue
[2023-08-26T17:04:01.931+0000] {logging_mixin.py:120} INFO - [2023-08-26T17:04:01.931+0000] {dagbag.py:537} INFO - Filling up the DagBag from /home/airflow/.local/lib/python3.7/site-packages/airflow/example_dags/example_bash_operator.py
[2023-08-26T17:04:01.948+0000] {processor.py:766} INFO - DAG(s) dict_keys(['example_bash_operator']) retrieved from /home/airflow/.local/lib/python3.7/site-packages/airflow/example_dags/example_bash_operator.py
[2023-08-26T17:04:01.981+0000] {logging_mixin.py:120} INFO - [2023-08-26T17:04:01.981+0000] {dag.py:2585} INFO - Sync 1 DAGs
[2023-08-26T17:04:01.996+0000] {logging_mixin.py:120} INFO - [2023-08-26T17:04:01.996+0000] {dag.py:3340} INFO - Setting next_dagrun for example_bash_operator to 2023-08-25T00:00:00+00:00, run_after=2023-08-26T00:00:00+00:00
[2023-08-26T17:04:02.009+0000] {processor.py:176} INFO - Processing /home/airflow/.local/lib/python3.7/site-packages/airflow/example_dags/example_bash_operator.py took 0.083 seconds
[2023-08-26T17:04:32.619+0000] {processor.py:154} INFO - Started process (PID=169) to work on /home/airflow/.local/lib/python3.7/site-packages/airflow/example_dags/example_bash_operator.py
[2023-08-26T17:04:32.619+0000] {processor.py:756} INFO - Processing file /home/airflow/.local/lib/python3.7/site-packages/airflow/example_dags/example_bash_operator.py for tasks to queue
[2023-08-26T17:04:32.620+0000] {logging_mixin.py:120} INFO - [2023-08-26T17:04:32.620+0000] {dagbag.py:537} INFO - Filling up the DagBag from /home/airflow/.local/lib/python3.7/site-packages/airflow/example_dags/example_bash_operator.py
[2023-08-26T17:04:32.633+0000] {processor.py:766} INFO - DAG(s) dict_keys(['example_bash_operator']) retrieved from /home/airflow/.local/lib/python3.7/site-packages/airflow/example_dags/example_bash_operator.py
[2023-08-26T17:04:32.660+0000] {logging_mixin.py:120} INFO - [2023-08-26T17:04:32.660+0000] {dag.py:2585} INFO - Sync 1 DAGs
[2023-08-26T17:04:32.674+0000] {logging_mixin.py:120} INFO - [2023-08-26T17:04:32.674+0000] {dag.py:3340} INFO - Setting next_dagrun for example_bash_operator to 2023-08-25T00:00:00+00:00, run_after=2023-08-26T00:00:00+00:00
[2023-08-26T17:04:32.684+0000] {processor.py:176} INFO - Processing /home/airflow/.local/lib/python3.7/site-packages/airflow/example_dags/example_bash_operator.py took 0.067 seconds
[2023-08-26T17:05:03.513+0000] {processor.py:154} INFO - Started process (PID=232) to work on /home/airflow/.local/lib/python3.7/site-packages/airflow/example_dags/example_bash_operator.py
[2023-08-26T17:05:03.515+0000] {processor.py:756} INFO - Processing file /home/airflow/.local/lib/python3.7/site-packages/airflow/example_dags/example_bash_operator.py for tasks to queue
[2023-08-26T17:05:03.517+0000] {logging_mixin.py:120} INFO - [2023-08-26T17:05:03.517+0000] {dagbag.py:537} INFO - Filling up the DagBag from /home/airflow/.local/lib/python3.7/site-packages/airflow/example_dags/example_bash_operator.py
[2023-08-26T17:05:03.530+0000] {processor.py:766} INFO - DAG(s) dict_keys(['example_bash_operator']) retrieved from /home/airflow/.local/lib/python3.7/site-packages/airflow/example_dags/example_bash_operator.py
[2023-08-26T17:05:03.559+0000] {logging_mixin.py:120} INFO - [2023-08-26T17:05:03.559+0000] {dag.py:2585} INFO - Sync 1 DAGs
[2023-08-26T17:05:03.575+0000] {logging_mixin.py:120} INFO - [2023-08-26T17:05:03.575+0000] {dag.py:3340} INFO - Setting next_dagrun for example_bash_operator to 2023-08-25T00:00:00+00:00, run_after=2023-08-26T00:00:00+00:00
[2023-08-26T17:05:03.587+0000] {processor.py:176} INFO - Processing /home/airflow/.local/lib/python3.7/site-packages/airflow/example_dags/example_bash_operator.py took 0.076 seconds
[2023-08-26T17:05:34.518+0000] {processor.py:154} INFO - Started process (PID=296) to work on /home/airflow/.local/lib/python3.7/site-packages/airflow/example_dags/example_bash_operator.py
[2023-08-26T17:05:34.519+0000] {processor.py:756} INFO - Processing file /home/airflow/.local/lib/python3.7/site-packages/airflow/example_dags/example_bash_operator.py for tasks to queue
[2023-08-26T17:05:34.519+0000] {logging_mixin.py:120} INFO - [2023-08-26T17:05:34.519+0000] {dagbag.py:537} INFO - Filling up the DagBag from /home/airflow/.local/lib/python3.7/site-packages/airflow/example_dags/example_bash_operator.py
[2023-08-26T17:05:34.533+0000] {processor.py:766} INFO - DAG(s) dict_keys(['example_bash_operator']) retrieved from /home/airflow/.local/lib/python3.7/site-packages/airflow/example_dags/example_bash_operator.py
[2023-08-26T17:05:34.567+0000] {logging_mixin.py:120} INFO - [2023-08-26T17:05:34.567+0000] {dag.py:2585} INFO - Sync 1 DAGs
[2023-08-26T17:05:34.587+0000] {logging_mixin.py:120} INFO - [2023-08-26T17:05:34.587+0000] {dag.py:3340} INFO - Setting next_dagrun for example_bash_operator to 2023-08-25T00:00:00+00:00, run_after=2023-08-26T00:00:00+00:00
[2023-08-26T17:05:34.604+0000] {processor.py:176} INFO - Processing /home/airflow/.local/lib/python3.7/site-packages/airflow/example_dags/example_bash_operator.py took 0.088 seconds
[2023-08-26T17:06:04.674+0000] {processor.py:154} INFO - Started process (PID=350) to work on /home/airflow/.local/lib/python3.7/site-packages/airflow/example_dags/example_bash_operator.py
[2023-08-26T17:06:04.675+0000] {processor.py:756} INFO - Processing file /home/airflow/.local/lib/python3.7/site-packages/airflow/example_dags/example_bash_operator.py for tasks to queue
[2023-08-26T17:06:04.675+0000] {logging_mixin.py:120} INFO - [2023-08-26T17:06:04.675+0000] {dagbag.py:537} INFO - Filling up the DagBag from /home/airflow/.local/lib/python3.7/site-packages/airflow/example_dags/example_bash_operator.py
[2023-08-26T17:06:04.688+0000] {processor.py:766} INFO - DAG(s) dict_keys(['example_bash_operator']) retrieved from /home/airflow/.local/lib/python3.7/site-packages/airflow/example_dags/example_bash_operator.py
[2023-08-26T17:06:04.716+0000] {logging_mixin.py:120} INFO - [2023-08-26T17:06:04.715+0000] {dag.py:2585} INFO - Sync 1 DAGs
[2023-08-26T17:06:04.730+0000] {logging_mixin.py:120} INFO - [2023-08-26T17:06:04.730+0000] {dag.py:3340} INFO - Setting next_dagrun for example_bash_operator to 2023-08-25T00:00:00+00:00, run_after=2023-08-26T00:00:00+00:00
[2023-08-26T17:06:04.741+0000] {processor.py:176} INFO - Processing /home/airflow/.local/lib/python3.7/site-packages/airflow/example_dags/example_bash_operator.py took 0.069 seconds
[2023-08-26T17:06:35.790+0000] {processor.py:154} INFO - Started process (PID=413) to work on /home/airflow/.local/lib/python3.7/site-packages/airflow/example_dags/example_bash_operator.py
[2023-08-26T17:06:35.790+0000] {processor.py:756} INFO - Processing file /home/airflow/.local/lib/python3.7/site-packages/airflow/example_dags/example_bash_operator.py for tasks to queue
[2023-08-26T17:06:35.791+0000] {logging_mixin.py:120} INFO - [2023-08-26T17:06:35.791+0000] {dagbag.py:537} INFO - Filling up the DagBag from /home/airflow/.local/lib/python3.7/site-packages/airflow/example_dags/example_bash_operator.py
[2023-08-26T17:06:35.804+0000] {processor.py:766} INFO - DAG(s) dict_keys(['example_bash_operator']) retrieved from /home/airflow/.local/lib/python3.7/site-packages/airflow/example_dags/example_bash_operator.py
[2023-08-26T17:06:35.833+0000] {logging_mixin.py:120} INFO - [2023-08-26T17:06:35.833+0000] {dag.py:2585} INFO - Sync 1 DAGs
[2023-08-26T17:06:35.848+0000] {logging_mixin.py:120} INFO - [2023-08-26T17:06:35.848+0000] {dag.py:3340} INFO - Setting next_dagrun for example_bash_operator to 2023-08-25T00:00:00+00:00, run_after=2023-08-26T00:00:00+00:00
[2023-08-26T17:06:35.859+0000] {processor.py:176} INFO - Processing /home/airflow/.local/lib/python3.7/site-packages/airflow/example_dags/example_bash_operator.py took 0.072 seconds
[2023-08-26T17:07:06.723+0000] {processor.py:154} INFO - Started process (PID=475) to work on /home/airflow/.local/lib/python3.7/site-packages/airflow/example_dags/example_bash_operator.py
[2023-08-26T17:07:06.723+0000] {processor.py:756} INFO - Processing file /home/airflow/.local/lib/python3.7/site-packages/airflow/example_dags/example_bash_operator.py for tasks to queue
[2023-08-26T17:07:06.724+0000] {logging_mixin.py:120} INFO - [2023-08-26T17:07:06.724+0000] {dagbag.py:537} INFO - Filling up the DagBag from /home/airflow/.local/lib/python3.7/site-packages/airflow/example_dags/example_bash_operator.py
[2023-08-26T17:07:06.737+0000] {processor.py:766} INFO - DAG(s) dict_keys(['example_bash_operator']) retrieved from /home/airflow/.local/lib/python3.7/site-packages/airflow/example_dags/example_bash_operator.py
[2023-08-26T17:07:06.765+0000] {logging_mixin.py:120} INFO - [2023-08-26T17:07:06.765+0000] {dag.py:2585} INFO - Sync 1 DAGs
[2023-08-26T17:07:06.779+0000] {logging_mixin.py:120} INFO - [2023-08-26T17:07:06.779+0000] {dag.py:3340} INFO - Setting next_dagrun for example_bash_operator to 2023-08-25T00:00:00+00:00, run_after=2023-08-26T00:00:00+00:00
[2023-08-26T17:07:06.789+0000] {processor.py:176} INFO - Processing /home/airflow/.local/lib/python3.7/site-packages/airflow/example_dags/example_bash_operator.py took 0.068 seconds
[2023-08-26T17:07:37.984+0000] {processor.py:154} INFO - Started process (PID=538) to work on /home/airflow/.local/lib/python3.7/site-packages/airflow/example_dags/example_bash_operator.py
[2023-08-26T17:07:37.985+0000] {processor.py:756} INFO - Processing file /home/airflow/.local/lib/python3.7/site-packages/airflow/example_dags/example_bash_operator.py for tasks to queue
[2023-08-26T17:07:37.986+0000] {logging_mixin.py:120} INFO - [2023-08-26T17:07:37.986+0000] {dagbag.py:537} INFO - Filling up the DagBag from /home/airflow/.local/lib/python3.7/site-packages/airflow/example_dags/example_bash_operator.py
[2023-08-26T17:07:38.009+0000] {processor.py:766} INFO - DAG(s) dict_keys(['example_bash_operator']) retrieved from /home/airflow/.local/lib/python3.7/site-packages/airflow/example_dags/example_bash_operator.py
[2023-08-26T17:07:38.047+0000] {logging_mixin.py:120} INFO - [2023-08-26T17:07:38.047+0000] {dag.py:2585} INFO - Sync 1 DAGs
[2023-08-26T17:07:38.065+0000] {logging_mixin.py:120} INFO - [2023-08-26T17:07:38.065+0000] {dag.py:3340} INFO - Setting next_dagrun for example_bash_operator to 2023-08-25T00:00:00+00:00, run_after=2023-08-26T00:00:00+00:00
[2023-08-26T17:07:38.077+0000] {processor.py:176} INFO - Processing /home/airflow/.local/lib/python3.7/site-packages/airflow/example_dags/example_bash_operator.py took 0.098 seconds
[2023-08-26T17:08:09.004+0000] {processor.py:154} INFO - Started process (PID=601) to work on /home/airflow/.local/lib/python3.7/site-packages/airflow/example_dags/example_bash_operator.py
[2023-08-26T17:08:09.004+0000] {processor.py:756} INFO - Processing file /home/airflow/.local/lib/python3.7/site-packages/airflow/example_dags/example_bash_operator.py for tasks to queue
[2023-08-26T17:08:09.005+0000] {logging_mixin.py:120} INFO - [2023-08-26T17:08:09.005+0000] {dagbag.py:537} INFO - Filling up the DagBag from /home/airflow/.local/lib/python3.7/site-packages/airflow/example_dags/example_bash_operator.py
[2023-08-26T17:08:09.018+0000] {processor.py:766} INFO - DAG(s) dict_keys(['example_bash_operator']) retrieved from /home/airflow/.local/lib/python3.7/site-packages/airflow/example_dags/example_bash_operator.py
[2023-08-26T17:08:09.045+0000] {logging_mixin.py:120} INFO - [2023-08-26T17:08:09.045+0000] {dag.py:2585} INFO - Sync 1 DAGs
[2023-08-26T17:08:09.059+0000] {logging_mixin.py:120} INFO - [2023-08-26T17:08:09.058+0000] {dag.py:3340} INFO - Setting next_dagrun for example_bash_operator to 2023-08-25T00:00:00+00:00, run_after=2023-08-26T00:00:00+00:00
[2023-08-26T17:08:09.068+0000] {processor.py:176} INFO - Processing /home/airflow/.local/lib/python3.7/site-packages/airflow/example_dags/example_bash_operator.py took 0.066 seconds
[2023-08-26T17:08:39.997+0000] {processor.py:154} INFO - Started process (PID=664) to work on /home/airflow/.local/lib/python3.7/site-packages/airflow/example_dags/example_bash_operator.py
[2023-08-26T17:08:39.998+0000] {processor.py:756} INFO - Processing file /home/airflow/.local/lib/python3.7/site-packages/airflow/example_dags/example_bash_operator.py for tasks to queue
[2023-08-26T17:08:39.999+0000] {logging_mixin.py:120} INFO - [2023-08-26T17:08:39.999+0000] {dagbag.py:537} INFO - Filling up the DagBag from /home/airflow/.local/lib/python3.7/site-packages/airflow/example_dags/example_bash_operator.py
[2023-08-26T17:08:40.016+0000] {processor.py:766} INFO - DAG(s) dict_keys(['example_bash_operator']) retrieved from /home/airflow/.local/lib/python3.7/site-packages/airflow/example_dags/example_bash_operator.py
[2023-08-26T17:08:40.046+0000] {logging_mixin.py:120} INFO - [2023-08-26T17:08:40.046+0000] {dag.py:2585} INFO - Sync 1 DAGs
[2023-08-26T17:08:40.060+0000] {logging_mixin.py:120} INFO - [2023-08-26T17:08:40.060+0000] {dag.py:3340} INFO - Setting next_dagrun for example_bash_operator to 2023-08-25T00:00:00+00:00, run_after=2023-08-26T00:00:00+00:00
[2023-08-26T17:08:40.073+0000] {processor.py:176} INFO - Processing /home/airflow/.local/lib/python3.7/site-packages/airflow/example_dags/example_bash_operator.py took 0.082 seconds
[2023-08-26T17:09:10.219+0000] {processor.py:154} INFO - Started process (PID=726) to work on /home/airflow/.local/lib/python3.7/site-packages/airflow/example_dags/example_bash_operator.py
[2023-08-26T17:09:10.221+0000] {processor.py:756} INFO - Processing file /home/airflow/.local/lib/python3.7/site-packages/airflow/example_dags/example_bash_operator.py for tasks to queue
[2023-08-26T17:09:10.221+0000] {logging_mixin.py:120} INFO - [2023-08-26T17:09:10.221+0000] {dagbag.py:537} INFO - Filling up the DagBag from /home/airflow/.local/lib/python3.7/site-packages/airflow/example_dags/example_bash_operator.py
[2023-08-26T17:09:10.236+0000] {processor.py:766} INFO - DAG(s) dict_keys(['example_bash_operator']) retrieved from /home/airflow/.local/lib/python3.7/site-packages/airflow/example_dags/example_bash_operator.py
[2023-08-26T17:09:10.267+0000] {logging_mixin.py:120} INFO - [2023-08-26T17:09:10.267+0000] {dag.py:2585} INFO - Sync 1 DAGs
[2023-08-26T17:09:10.285+0000] {logging_mixin.py:120} INFO - [2023-08-26T17:09:10.285+0000] {dag.py:3340} INFO - Setting next_dagrun for example_bash_operator to 2023-08-25T00:00:00+00:00, run_after=2023-08-26T00:00:00+00:00
[2023-08-26T17:09:10.301+0000] {processor.py:176} INFO - Processing /home/airflow/.local/lib/python3.7/site-packages/airflow/example_dags/example_bash_operator.py took 0.084 seconds
[2023-08-26T17:09:40.450+0000] {processor.py:154} INFO - Started process (PID=780) to work on /home/airflow/.local/lib/python3.7/site-packages/airflow/example_dags/example_bash_operator.py
[2023-08-26T17:09:40.450+0000] {processor.py:756} INFO - Processing file /home/airflow/.local/lib/python3.7/site-packages/airflow/example_dags/example_bash_operator.py for tasks to queue
[2023-08-26T17:09:40.451+0000] {logging_mixin.py:120} INFO - [2023-08-26T17:09:40.451+0000] {dagbag.py:537} INFO - Filling up the DagBag from /home/airflow/.local/lib/python3.7/site-packages/airflow/example_dags/example_bash_operator.py
[2023-08-26T17:09:40.466+0000] {processor.py:766} INFO - DAG(s) dict_keys(['example_bash_operator']) retrieved from /home/airflow/.local/lib/python3.7/site-packages/airflow/example_dags/example_bash_operator.py
[2023-08-26T17:09:40.495+0000] {logging_mixin.py:120} INFO - [2023-08-26T17:09:40.495+0000] {dag.py:2585} INFO - Sync 1 DAGs
[2023-08-26T17:09:40.512+0000] {logging_mixin.py:120} INFO - [2023-08-26T17:09:40.512+0000] {dag.py:3340} INFO - Setting next_dagrun for example_bash_operator to 2023-08-25T00:00:00+00:00, run_after=2023-08-26T00:00:00+00:00
[2023-08-26T17:09:40.526+0000] {processor.py:176} INFO - Processing /home/airflow/.local/lib/python3.7/site-packages/airflow/example_dags/example_bash_operator.py took 0.079 seconds
[2023-08-26T17:10:10.648+0000] {processor.py:154} INFO - Started process (PID=843) to work on /home/airflow/.local/lib/python3.7/site-packages/airflow/example_dags/example_bash_operator.py
[2023-08-26T17:10:10.648+0000] {processor.py:756} INFO - Processing file /home/airflow/.local/lib/python3.7/site-packages/airflow/example_dags/example_bash_operator.py for tasks to queue
[2023-08-26T17:10:10.649+0000] {logging_mixin.py:120} INFO - [2023-08-26T17:10:10.649+0000] {dagbag.py:537} INFO - Filling up the DagBag from /home/airflow/.local/lib/python3.7/site-packages/airflow/example_dags/example_bash_operator.py
[2023-08-26T17:10:10.663+0000] {processor.py:766} INFO - DAG(s) dict_keys(['example_bash_operator']) retrieved from /home/airflow/.local/lib/python3.7/site-packages/airflow/example_dags/example_bash_operator.py
[2023-08-26T17:10:10.696+0000] {logging_mixin.py:120} INFO - [2023-08-26T17:10:10.695+0000] {dag.py:2585} INFO - Sync 1 DAGs
[2023-08-26T17:10:10.714+0000] {logging_mixin.py:120} INFO - [2023-08-26T17:10:10.714+0000] {dag.py:3340} INFO - Setting next_dagrun for example_bash_operator to 2023-08-25T00:00:00+00:00, run_after=2023-08-26T00:00:00+00:00
[2023-08-26T17:10:10.726+0000] {processor.py:176} INFO - Processing /home/airflow/.local/lib/python3.7/site-packages/airflow/example_dags/example_bash_operator.py took 0.081 seconds
[2023-08-26T17:10:40.835+0000] {processor.py:154} INFO - Started process (PID=906) to work on /home/airflow/.local/lib/python3.7/site-packages/airflow/example_dags/example_bash_operator.py
[2023-08-26T17:10:40.836+0000] {processor.py:756} INFO - Processing file /home/airflow/.local/lib/python3.7/site-packages/airflow/example_dags/example_bash_operator.py for tasks to queue
[2023-08-26T17:10:40.836+0000] {logging_mixin.py:120} INFO - [2023-08-26T17:10:40.836+0000] {dagbag.py:537} INFO - Filling up the DagBag from /home/airflow/.local/lib/python3.7/site-packages/airflow/example_dags/example_bash_operator.py
[2023-08-26T17:10:40.851+0000] {processor.py:766} INFO - DAG(s) dict_keys(['example_bash_operator']) retrieved from /home/airflow/.local/lib/python3.7/site-packages/airflow/example_dags/example_bash_operator.py
[2023-08-26T17:10:40.882+0000] {logging_mixin.py:120} INFO - [2023-08-26T17:10:40.882+0000] {dag.py:2585} INFO - Sync 1 DAGs
[2023-08-26T17:10:40.897+0000] {logging_mixin.py:120} INFO - [2023-08-26T17:10:40.897+0000] {dag.py:3340} INFO - Setting next_dagrun for example_bash_operator to 2023-08-25T00:00:00+00:00, run_after=2023-08-26T00:00:00+00:00
[2023-08-26T17:10:40.909+0000] {processor.py:176} INFO - Processing /home/airflow/.local/lib/python3.7/site-packages/airflow/example_dags/example_bash_operator.py took 0.077 seconds
[2023-08-26T17:11:11.115+0000] {processor.py:154} INFO - Started process (PID=969) to work on /home/airflow/.local/lib/python3.7/site-packages/airflow/example_dags/example_bash_operator.py
[2023-08-26T17:11:11.116+0000] {processor.py:756} INFO - Processing file /home/airflow/.local/lib/python3.7/site-packages/airflow/example_dags/example_bash_operator.py for tasks to queue
[2023-08-26T17:11:11.116+0000] {logging_mixin.py:120} INFO - [2023-08-26T17:11:11.116+0000] {dagbag.py:537} INFO - Filling up the DagBag from /home/airflow/.local/lib/python3.7/site-packages/airflow/example_dags/example_bash_operator.py
[2023-08-26T17:11:11.129+0000] {processor.py:766} INFO - DAG(s) dict_keys(['example_bash_operator']) retrieved from /home/airflow/.local/lib/python3.7/site-packages/airflow/example_dags/example_bash_operator.py
[2023-08-26T17:11:11.157+0000] {logging_mixin.py:120} INFO - [2023-08-26T17:11:11.156+0000] {dag.py:2585} INFO - Sync 1 DAGs
[2023-08-26T17:11:11.170+0000] {logging_mixin.py:120} INFO - [2023-08-26T17:11:11.170+0000] {dag.py:3340} INFO - Setting next_dagrun for example_bash_operator to 2023-08-25T00:00:00+00:00, run_after=2023-08-26T00:00:00+00:00
[2023-08-26T17:11:11.179+0000] {processor.py:176} INFO - Processing /home/airflow/.local/lib/python3.7/site-packages/airflow/example_dags/example_bash_operator.py took 0.067 seconds
[2023-08-26T17:11:42.188+0000] {processor.py:154} INFO - Started process (PID=1031) to work on /home/airflow/.local/lib/python3.7/site-packages/airflow/example_dags/example_bash_operator.py
[2023-08-26T17:11:42.189+0000] {processor.py:756} INFO - Processing file /home/airflow/.local/lib/python3.7/site-packages/airflow/example_dags/example_bash_operator.py for tasks to queue
[2023-08-26T17:11:42.189+0000] {logging_mixin.py:120} INFO - [2023-08-26T17:11:42.189+0000] {dagbag.py:537} INFO - Filling up the DagBag from /home/airflow/.local/lib/python3.7/site-packages/airflow/example_dags/example_bash_operator.py
[2023-08-26T17:11:42.203+0000] {processor.py:766} INFO - DAG(s) dict_keys(['example_bash_operator']) retrieved from /home/airflow/.local/lib/python3.7/site-packages/airflow/example_dags/example_bash_operator.py
[2023-08-26T17:11:42.231+0000] {logging_mixin.py:120} INFO - [2023-08-26T17:11:42.231+0000] {dag.py:2585} INFO - Sync 1 DAGs
[2023-08-26T17:11:42.245+0000] {logging_mixin.py:120} INFO - [2023-08-26T17:11:42.245+0000] {dag.py:3340} INFO - Setting next_dagrun for example_bash_operator to 2023-08-25T00:00:00+00:00, run_after=2023-08-26T00:00:00+00:00
[2023-08-26T17:11:42.254+0000] {processor.py:176} INFO - Processing /home/airflow/.local/lib/python3.7/site-packages/airflow/example_dags/example_bash_operator.py took 0.068 seconds
[2023-08-26T17:12:13.240+0000] {processor.py:154} INFO - Started process (PID=1094) to work on /home/airflow/.local/lib/python3.7/site-packages/airflow/example_dags/example_bash_operator.py
[2023-08-26T17:12:13.241+0000] {processor.py:756} INFO - Processing file /home/airflow/.local/lib/python3.7/site-packages/airflow/example_dags/example_bash_operator.py for tasks to queue
[2023-08-26T17:12:13.241+0000] {logging_mixin.py:120} INFO - [2023-08-26T17:12:13.241+0000] {dagbag.py:537} INFO - Filling up the DagBag from /home/airflow/.local/lib/python3.7/site-packages/airflow/example_dags/example_bash_operator.py
[2023-08-26T17:12:13.255+0000] {processor.py:766} INFO - DAG(s) dict_keys(['example_bash_operator']) retrieved from /home/airflow/.local/lib/python3.7/site-packages/airflow/example_dags/example_bash_operator.py
[2023-08-26T17:12:13.287+0000] {logging_mixin.py:120} INFO - [2023-08-26T17:12:13.287+0000] {dag.py:2585} INFO - Sync 1 DAGs
[2023-08-26T17:12:13.303+0000] {logging_mixin.py:120} INFO - [2023-08-26T17:12:13.303+0000] {dag.py:3340} INFO - Setting next_dagrun for example_bash_operator to 2023-08-25T00:00:00+00:00, run_after=2023-08-26T00:00:00+00:00
[2023-08-26T17:12:13.313+0000] {processor.py:176} INFO - Processing /home/airflow/.local/lib/python3.7/site-packages/airflow/example_dags/example_bash_operator.py took 0.076 seconds
[2023-08-26T17:12:44.339+0000] {processor.py:154} INFO - Started process (PID=1154) to work on /home/airflow/.local/lib/python3.7/site-packages/airflow/example_dags/example_bash_operator.py
[2023-08-26T17:12:44.341+0000] {processor.py:756} INFO - Processing file /home/airflow/.local/lib/python3.7/site-packages/airflow/example_dags/example_bash_operator.py for tasks to queue
[2023-08-26T17:12:44.342+0000] {logging_mixin.py:120} INFO - [2023-08-26T17:12:44.341+0000] {dagbag.py:537} INFO - Filling up the DagBag from /home/airflow/.local/lib/python3.7/site-packages/airflow/example_dags/example_bash_operator.py
[2023-08-26T17:12:44.361+0000] {processor.py:766} INFO - DAG(s) dict_keys(['example_bash_operator']) retrieved from /home/airflow/.local/lib/python3.7/site-packages/airflow/example_dags/example_bash_operator.py
[2023-08-26T17:12:44.397+0000] {logging_mixin.py:120} INFO - [2023-08-26T17:12:44.397+0000] {dag.py:2585} INFO - Sync 1 DAGs
[2023-08-26T17:12:44.414+0000] {logging_mixin.py:120} INFO - [2023-08-26T17:12:44.414+0000] {dag.py:3340} INFO - Setting next_dagrun for example_bash_operator to 2023-08-26T00:00:00+00:00, run_after=2023-08-27T00:00:00+00:00
[2023-08-26T17:12:44.426+0000] {processor.py:176} INFO - Processing /home/airflow/.local/lib/python3.7/site-packages/airflow/example_dags/example_bash_operator.py took 0.091 seconds
[2023-08-26T17:13:14.499+0000] {processor.py:154} INFO - Started process (PID=1217) to work on /home/airflow/.local/lib/python3.7/site-packages/airflow/example_dags/example_bash_operator.py
[2023-08-26T17:13:14.501+0000] {processor.py:756} INFO - Processing file /home/airflow/.local/lib/python3.7/site-packages/airflow/example_dags/example_bash_operator.py for tasks to queue
[2023-08-26T17:13:14.502+0000] {logging_mixin.py:120} INFO - [2023-08-26T17:13:14.502+0000] {dagbag.py:537} INFO - Filling up the DagBag from /home/airflow/.local/lib/python3.7/site-packages/airflow/example_dags/example_bash_operator.py
[2023-08-26T17:13:14.526+0000] {processor.py:766} INFO - DAG(s) dict_keys(['example_bash_operator']) retrieved from /home/airflow/.local/lib/python3.7/site-packages/airflow/example_dags/example_bash_operator.py
[2023-08-26T17:13:14.560+0000] {logging_mixin.py:120} INFO - [2023-08-26T17:13:14.560+0000] {dag.py:2585} INFO - Sync 1 DAGs
[2023-08-26T17:13:14.577+0000] {logging_mixin.py:120} INFO - [2023-08-26T17:13:14.577+0000] {dag.py:3340} INFO - Setting next_dagrun for example_bash_operator to 2023-08-26T00:00:00+00:00, run_after=2023-08-27T00:00:00+00:00
[2023-08-26T17:13:14.590+0000] {processor.py:176} INFO - Processing /home/airflow/.local/lib/python3.7/site-packages/airflow/example_dags/example_bash_operator.py took 0.094 seconds
[2023-08-26T17:13:44.886+0000] {processor.py:154} INFO - Started process (PID=1280) to work on /home/airflow/.local/lib/python3.7/site-packages/airflow/example_dags/example_bash_operator.py
[2023-08-26T17:13:44.887+0000] {processor.py:756} INFO - Processing file /home/airflow/.local/lib/python3.7/site-packages/airflow/example_dags/example_bash_operator.py for tasks to queue
[2023-08-26T17:13:44.887+0000] {logging_mixin.py:120} INFO - [2023-08-26T17:13:44.887+0000] {dagbag.py:537} INFO - Filling up the DagBag from /home/airflow/.local/lib/python3.7/site-packages/airflow/example_dags/example_bash_operator.py
[2023-08-26T17:13:44.905+0000] {processor.py:766} INFO - DAG(s) dict_keys(['example_bash_operator']) retrieved from /home/airflow/.local/lib/python3.7/site-packages/airflow/example_dags/example_bash_operator.py
[2023-08-26T17:13:44.940+0000] {logging_mixin.py:120} INFO - [2023-08-26T17:13:44.940+0000] {dag.py:2585} INFO - Sync 1 DAGs
[2023-08-26T17:13:44.955+0000] {logging_mixin.py:120} INFO - [2023-08-26T17:13:44.955+0000] {dag.py:3340} INFO - Setting next_dagrun for example_bash_operator to 2023-08-26T00:00:00+00:00, run_after=2023-08-27T00:00:00+00:00
[2023-08-26T17:13:44.966+0000] {processor.py:176} INFO - Processing /home/airflow/.local/lib/python3.7/site-packages/airflow/example_dags/example_bash_operator.py took 0.084 seconds
[2023-08-26T17:14:15.893+0000] {processor.py:154} INFO - Started process (PID=1343) to work on /home/airflow/.local/lib/python3.7/site-packages/airflow/example_dags/example_bash_operator.py
[2023-08-26T17:14:15.896+0000] {processor.py:756} INFO - Processing file /home/airflow/.local/lib/python3.7/site-packages/airflow/example_dags/example_bash_operator.py for tasks to queue
[2023-08-26T17:14:15.896+0000] {logging_mixin.py:120} INFO - [2023-08-26T17:14:15.896+0000] {dagbag.py:537} INFO - Filling up the DagBag from /home/airflow/.local/lib/python3.7/site-packages/airflow/example_dags/example_bash_operator.py
[2023-08-26T17:14:15.913+0000] {processor.py:766} INFO - DAG(s) dict_keys(['example_bash_operator']) retrieved from /home/airflow/.local/lib/python3.7/site-packages/airflow/example_dags/example_bash_operator.py
[2023-08-26T17:14:15.946+0000] {logging_mixin.py:120} INFO - [2023-08-26T17:14:15.946+0000] {dag.py:2585} INFO - Sync 1 DAGs
[2023-08-26T17:14:15.965+0000] {logging_mixin.py:120} INFO - [2023-08-26T17:14:15.965+0000] {dag.py:3340} INFO - Setting next_dagrun for example_bash_operator to 2023-08-26T00:00:00+00:00, run_after=2023-08-27T00:00:00+00:00
[2023-08-26T17:14:15.978+0000] {processor.py:176} INFO - Processing /home/airflow/.local/lib/python3.7/site-packages/airflow/example_dags/example_bash_operator.py took 0.088 seconds
[2023-08-26T17:14:46.109+0000] {processor.py:154} INFO - Started process (PID=1408) to work on /home/airflow/.local/lib/python3.7/site-packages/airflow/example_dags/example_bash_operator.py
[2023-08-26T17:14:46.110+0000] {processor.py:756} INFO - Processing file /home/airflow/.local/lib/python3.7/site-packages/airflow/example_dags/example_bash_operator.py for tasks to queue
[2023-08-26T17:14:46.111+0000] {logging_mixin.py:120} INFO - [2023-08-26T17:14:46.111+0000] {dagbag.py:537} INFO - Filling up the DagBag from /home/airflow/.local/lib/python3.7/site-packages/airflow/example_dags/example_bash_operator.py
[2023-08-26T17:14:46.137+0000] {processor.py:766} INFO - DAG(s) dict_keys(['example_bash_operator']) retrieved from /home/airflow/.local/lib/python3.7/site-packages/airflow/example_dags/example_bash_operator.py
[2023-08-26T17:14:46.176+0000] {logging_mixin.py:120} INFO - [2023-08-26T17:14:46.176+0000] {dag.py:2585} INFO - Sync 1 DAGs
[2023-08-26T17:14:46.191+0000] {logging_mixin.py:120} INFO - [2023-08-26T17:14:46.191+0000] {dag.py:3340} INFO - Setting next_dagrun for example_bash_operator to 2023-08-26T00:00:00+00:00, run_after=2023-08-27T00:00:00+00:00
[2023-08-26T17:14:46.201+0000] {processor.py:176} INFO - Processing /home/airflow/.local/lib/python3.7/site-packages/airflow/example_dags/example_bash_operator.py took 0.096 seconds
[2023-08-26T17:15:16.285+0000] {processor.py:154} INFO - Started process (PID=1471) to work on /home/airflow/.local/lib/python3.7/site-packages/airflow/example_dags/example_bash_operator.py
[2023-08-26T17:15:16.286+0000] {processor.py:756} INFO - Processing file /home/airflow/.local/lib/python3.7/site-packages/airflow/example_dags/example_bash_operator.py for tasks to queue
[2023-08-26T17:15:16.286+0000] {logging_mixin.py:120} INFO - [2023-08-26T17:15:16.286+0000] {dagbag.py:537} INFO - Filling up the DagBag from /home/airflow/.local/lib/python3.7/site-packages/airflow/example_dags/example_bash_operator.py
[2023-08-26T17:15:16.299+0000] {processor.py:766} INFO - DAG(s) dict_keys(['example_bash_operator']) retrieved from /home/airflow/.local/lib/python3.7/site-packages/airflow/example_dags/example_bash_operator.py
[2023-08-26T17:15:16.326+0000] {logging_mixin.py:120} INFO - [2023-08-26T17:15:16.326+0000] {dag.py:2585} INFO - Sync 1 DAGs
[2023-08-26T17:15:16.340+0000] {logging_mixin.py:120} INFO - [2023-08-26T17:15:16.340+0000] {dag.py:3340} INFO - Setting next_dagrun for example_bash_operator to 2023-08-26T00:00:00+00:00, run_after=2023-08-27T00:00:00+00:00
[2023-08-26T17:15:16.350+0000] {processor.py:176} INFO - Processing /home/airflow/.local/lib/python3.7/site-packages/airflow/example_dags/example_bash_operator.py took 0.067 seconds
[2023-08-26T17:15:46.498+0000] {processor.py:154} INFO - Started process (PID=1526) to work on /home/airflow/.local/lib/python3.7/site-packages/airflow/example_dags/example_bash_operator.py
[2023-08-26T17:15:46.500+0000] {processor.py:756} INFO - Processing file /home/airflow/.local/lib/python3.7/site-packages/airflow/example_dags/example_bash_operator.py for tasks to queue
[2023-08-26T17:15:46.501+0000] {logging_mixin.py:120} INFO - [2023-08-26T17:15:46.501+0000] {dagbag.py:537} INFO - Filling up the DagBag from /home/airflow/.local/lib/python3.7/site-packages/airflow/example_dags/example_bash_operator.py
[2023-08-26T17:15:46.522+0000] {processor.py:766} INFO - DAG(s) dict_keys(['example_bash_operator']) retrieved from /home/airflow/.local/lib/python3.7/site-packages/airflow/example_dags/example_bash_operator.py
[2023-08-26T17:15:46.557+0000] {logging_mixin.py:120} INFO - [2023-08-26T17:15:46.556+0000] {dag.py:2585} INFO - Sync 1 DAGs
[2023-08-26T17:15:46.572+0000] {logging_mixin.py:120} INFO - [2023-08-26T17:15:46.572+0000] {dag.py:3340} INFO - Setting next_dagrun for example_bash_operator to 2023-08-26T00:00:00+00:00, run_after=2023-08-27T00:00:00+00:00
[2023-08-26T17:15:46.582+0000] {processor.py:176} INFO - Processing /home/airflow/.local/lib/python3.7/site-packages/airflow/example_dags/example_bash_operator.py took 0.089 seconds
[2023-08-26T17:16:17.516+0000] {processor.py:154} INFO - Started process (PID=1589) to work on /home/airflow/.local/lib/python3.7/site-packages/airflow/example_dags/example_bash_operator.py
[2023-08-26T17:16:17.518+0000] {processor.py:756} INFO - Processing file /home/airflow/.local/lib/python3.7/site-packages/airflow/example_dags/example_bash_operator.py for tasks to queue
[2023-08-26T17:16:17.522+0000] {logging_mixin.py:120} INFO - [2023-08-26T17:16:17.522+0000] {dagbag.py:537} INFO - Filling up the DagBag from /home/airflow/.local/lib/python3.7/site-packages/airflow/example_dags/example_bash_operator.py
[2023-08-26T17:16:17.542+0000] {processor.py:766} INFO - DAG(s) dict_keys(['example_bash_operator']) retrieved from /home/airflow/.local/lib/python3.7/site-packages/airflow/example_dags/example_bash_operator.py
[2023-08-26T17:16:17.580+0000] {logging_mixin.py:120} INFO - [2023-08-26T17:16:17.580+0000] {dag.py:2585} INFO - Sync 1 DAGs
[2023-08-26T17:16:17.596+0000] {logging_mixin.py:120} INFO - [2023-08-26T17:16:17.596+0000] {dag.py:3340} INFO - Setting next_dagrun for example_bash_operator to 2023-08-26T00:00:00+00:00, run_after=2023-08-27T00:00:00+00:00
[2023-08-26T17:16:17.610+0000] {processor.py:176} INFO - Processing /home/airflow/.local/lib/python3.7/site-packages/airflow/example_dags/example_bash_operator.py took 0.102 seconds
[2023-08-26T17:16:48.581+0000] {processor.py:154} INFO - Started process (PID=1652) to work on /home/airflow/.local/lib/python3.7/site-packages/airflow/example_dags/example_bash_operator.py
[2023-08-26T17:16:48.584+0000] {processor.py:756} INFO - Processing file /home/airflow/.local/lib/python3.7/site-packages/airflow/example_dags/example_bash_operator.py for tasks to queue
[2023-08-26T17:16:48.585+0000] {logging_mixin.py:120} INFO - [2023-08-26T17:16:48.585+0000] {dagbag.py:537} INFO - Filling up the DagBag from /home/airflow/.local/lib/python3.7/site-packages/airflow/example_dags/example_bash_operator.py
[2023-08-26T17:16:48.608+0000] {processor.py:766} INFO - DAG(s) dict_keys(['example_bash_operator']) retrieved from /home/airflow/.local/lib/python3.7/site-packages/airflow/example_dags/example_bash_operator.py
[2023-08-26T17:16:48.642+0000] {logging_mixin.py:120} INFO - [2023-08-26T17:16:48.642+0000] {dag.py:2585} INFO - Sync 1 DAGs
[2023-08-26T17:16:48.657+0000] {logging_mixin.py:120} INFO - [2023-08-26T17:16:48.657+0000] {dag.py:3340} INFO - Setting next_dagrun for example_bash_operator to 2023-08-26T00:00:00+00:00, run_after=2023-08-27T00:00:00+00:00
[2023-08-26T17:16:48.666+0000] {processor.py:176} INFO - Processing /home/airflow/.local/lib/python3.7/site-packages/airflow/example_dags/example_bash_operator.py took 0.090 seconds
[2023-08-26T17:17:18.700+0000] {processor.py:154} INFO - Started process (PID=1716) to work on /home/airflow/.local/lib/python3.7/site-packages/airflow/example_dags/example_bash_operator.py
[2023-08-26T17:17:18.702+0000] {processor.py:756} INFO - Processing file /home/airflow/.local/lib/python3.7/site-packages/airflow/example_dags/example_bash_operator.py for tasks to queue
[2023-08-26T17:17:18.702+0000] {logging_mixin.py:120} INFO - [2023-08-26T17:17:18.702+0000] {dagbag.py:537} INFO - Filling up the DagBag from /home/airflow/.local/lib/python3.7/site-packages/airflow/example_dags/example_bash_operator.py
[2023-08-26T17:17:18.723+0000] {processor.py:766} INFO - DAG(s) dict_keys(['example_bash_operator']) retrieved from /home/airflow/.local/lib/python3.7/site-packages/airflow/example_dags/example_bash_operator.py
[2023-08-26T17:17:18.768+0000] {logging_mixin.py:120} INFO - [2023-08-26T17:17:18.768+0000] {dag.py:2585} INFO - Sync 1 DAGs
[2023-08-26T17:17:18.787+0000] {logging_mixin.py:120} INFO - [2023-08-26T17:17:18.786+0000] {dag.py:3340} INFO - Setting next_dagrun for example_bash_operator to 2023-08-26T00:00:00+00:00, run_after=2023-08-27T00:00:00+00:00
[2023-08-26T17:17:18.797+0000] {processor.py:176} INFO - Processing /home/airflow/.local/lib/python3.7/site-packages/airflow/example_dags/example_bash_operator.py took 0.100 seconds
[2023-08-26T17:17:48.835+0000] {processor.py:154} INFO - Started process (PID=1778) to work on /home/airflow/.local/lib/python3.7/site-packages/airflow/example_dags/example_bash_operator.py
[2023-08-26T17:17:48.836+0000] {processor.py:756} INFO - Processing file /home/airflow/.local/lib/python3.7/site-packages/airflow/example_dags/example_bash_operator.py for tasks to queue
[2023-08-26T17:17:48.837+0000] {logging_mixin.py:120} INFO - [2023-08-26T17:17:48.837+0000] {dagbag.py:537} INFO - Filling up the DagBag from /home/airflow/.local/lib/python3.7/site-packages/airflow/example_dags/example_bash_operator.py
[2023-08-26T17:17:48.859+0000] {processor.py:766} INFO - DAG(s) dict_keys(['example_bash_operator']) retrieved from /home/airflow/.local/lib/python3.7/site-packages/airflow/example_dags/example_bash_operator.py
[2023-08-26T17:17:48.895+0000] {logging_mixin.py:120} INFO - [2023-08-26T17:17:48.895+0000] {dag.py:2585} INFO - Sync 1 DAGs
[2023-08-26T17:17:48.909+0000] {logging_mixin.py:120} INFO - [2023-08-26T17:17:48.909+0000] {dag.py:3340} INFO - Setting next_dagrun for example_bash_operator to 2023-08-26T00:00:00+00:00, run_after=2023-08-27T00:00:00+00:00
[2023-08-26T17:17:48.918+0000] {processor.py:176} INFO - Processing /home/airflow/.local/lib/python3.7/site-packages/airflow/example_dags/example_bash_operator.py took 0.087 seconds
[2023-08-26T17:18:19.873+0000] {processor.py:154} INFO - Started process (PID=1841) to work on /home/airflow/.local/lib/python3.7/site-packages/airflow/example_dags/example_bash_operator.py
[2023-08-26T17:18:19.874+0000] {processor.py:756} INFO - Processing file /home/airflow/.local/lib/python3.7/site-packages/airflow/example_dags/example_bash_operator.py for tasks to queue
[2023-08-26T17:18:19.875+0000] {logging_mixin.py:120} INFO - [2023-08-26T17:18:19.875+0000] {dagbag.py:537} INFO - Filling up the DagBag from /home/airflow/.local/lib/python3.7/site-packages/airflow/example_dags/example_bash_operator.py
[2023-08-26T17:18:19.898+0000] {processor.py:766} INFO - DAG(s) dict_keys(['example_bash_operator']) retrieved from /home/airflow/.local/lib/python3.7/site-packages/airflow/example_dags/example_bash_operator.py
[2023-08-26T17:18:19.940+0000] {logging_mixin.py:120} INFO - [2023-08-26T17:18:19.940+0000] {dag.py:2585} INFO - Sync 1 DAGs
[2023-08-26T17:18:19.960+0000] {logging_mixin.py:120} INFO - [2023-08-26T17:18:19.960+0000] {dag.py:3340} INFO - Setting next_dagrun for example_bash_operator to 2023-08-26T00:00:00+00:00, run_after=2023-08-27T00:00:00+00:00
[2023-08-26T17:18:19.972+0000] {processor.py:176} INFO - Processing /home/airflow/.local/lib/python3.7/site-packages/airflow/example_dags/example_bash_operator.py took 0.103 seconds
[2023-08-26T17:18:50.060+0000] {processor.py:154} INFO - Started process (PID=1894) to work on /home/airflow/.local/lib/python3.7/site-packages/airflow/example_dags/example_bash_operator.py
[2023-08-26T17:18:50.061+0000] {processor.py:756} INFO - Processing file /home/airflow/.local/lib/python3.7/site-packages/airflow/example_dags/example_bash_operator.py for tasks to queue
[2023-08-26T17:18:50.062+0000] {logging_mixin.py:120} INFO - [2023-08-26T17:18:50.062+0000] {dagbag.py:537} INFO - Filling up the DagBag from /home/airflow/.local/lib/python3.7/site-packages/airflow/example_dags/example_bash_operator.py
[2023-08-26T17:18:50.078+0000] {processor.py:766} INFO - DAG(s) dict_keys(['example_bash_operator']) retrieved from /home/airflow/.local/lib/python3.7/site-packages/airflow/example_dags/example_bash_operator.py
[2023-08-26T17:18:50.111+0000] {logging_mixin.py:120} INFO - [2023-08-26T17:18:50.111+0000] {dag.py:2585} INFO - Sync 1 DAGs
[2023-08-26T17:18:50.127+0000] {logging_mixin.py:120} INFO - [2023-08-26T17:18:50.127+0000] {dag.py:3340} INFO - Setting next_dagrun for example_bash_operator to 2023-08-26T00:00:00+00:00, run_after=2023-08-27T00:00:00+00:00
[2023-08-26T17:18:50.138+0000] {processor.py:176} INFO - Processing /home/airflow/.local/lib/python3.7/site-packages/airflow/example_dags/example_bash_operator.py took 0.081 seconds
[2023-08-26T17:19:20.558+0000] {processor.py:154} INFO - Started process (PID=1957) to work on /home/airflow/.local/lib/python3.7/site-packages/airflow/example_dags/example_bash_operator.py
[2023-08-26T17:19:20.559+0000] {processor.py:756} INFO - Processing file /home/airflow/.local/lib/python3.7/site-packages/airflow/example_dags/example_bash_operator.py for tasks to queue
[2023-08-26T17:19:20.559+0000] {logging_mixin.py:120} INFO - [2023-08-26T17:19:20.559+0000] {dagbag.py:537} INFO - Filling up the DagBag from /home/airflow/.local/lib/python3.7/site-packages/airflow/example_dags/example_bash_operator.py
[2023-08-26T17:19:20.572+0000] {processor.py:766} INFO - DAG(s) dict_keys(['example_bash_operator']) retrieved from /home/airflow/.local/lib/python3.7/site-packages/airflow/example_dags/example_bash_operator.py
[2023-08-26T17:19:20.602+0000] {logging_mixin.py:120} INFO - [2023-08-26T17:19:20.602+0000] {dag.py:2585} INFO - Sync 1 DAGs
[2023-08-26T17:19:20.622+0000] {logging_mixin.py:120} INFO - [2023-08-26T17:19:20.622+0000] {dag.py:3340} INFO - Setting next_dagrun for example_bash_operator to 2023-08-26T00:00:00+00:00, run_after=2023-08-27T00:00:00+00:00
[2023-08-26T17:19:20.637+0000] {processor.py:176} INFO - Processing /home/airflow/.local/lib/python3.7/site-packages/airflow/example_dags/example_bash_operator.py took 0.082 seconds
[2023-08-26T17:19:51.575+0000] {processor.py:154} INFO - Started process (PID=2020) to work on /home/airflow/.local/lib/python3.7/site-packages/airflow/example_dags/example_bash_operator.py
[2023-08-26T17:19:51.577+0000] {processor.py:756} INFO - Processing file /home/airflow/.local/lib/python3.7/site-packages/airflow/example_dags/example_bash_operator.py for tasks to queue
[2023-08-26T17:19:51.578+0000] {logging_mixin.py:120} INFO - [2023-08-26T17:19:51.578+0000] {dagbag.py:537} INFO - Filling up the DagBag from /home/airflow/.local/lib/python3.7/site-packages/airflow/example_dags/example_bash_operator.py
[2023-08-26T17:19:51.591+0000] {processor.py:766} INFO - DAG(s) dict_keys(['example_bash_operator']) retrieved from /home/airflow/.local/lib/python3.7/site-packages/airflow/example_dags/example_bash_operator.py
[2023-08-26T17:19:51.624+0000] {logging_mixin.py:120} INFO - [2023-08-26T17:19:51.624+0000] {dag.py:2585} INFO - Sync 1 DAGs
[2023-08-26T17:19:51.641+0000] {logging_mixin.py:120} INFO - [2023-08-26T17:19:51.641+0000] {dag.py:3340} INFO - Setting next_dagrun for example_bash_operator to 2023-08-26T00:00:00+00:00, run_after=2023-08-27T00:00:00+00:00
[2023-08-26T17:19:51.654+0000] {processor.py:176} INFO - Processing /home/airflow/.local/lib/python3.7/site-packages/airflow/example_dags/example_bash_operator.py took 0.081 seconds
[2023-08-26T17:20:21.710+0000] {processor.py:154} INFO - Started process (PID=2083) to work on /home/airflow/.local/lib/python3.7/site-packages/airflow/example_dags/example_bash_operator.py
[2023-08-26T17:20:21.710+0000] {processor.py:756} INFO - Processing file /home/airflow/.local/lib/python3.7/site-packages/airflow/example_dags/example_bash_operator.py for tasks to queue
[2023-08-26T17:20:21.711+0000] {logging_mixin.py:120} INFO - [2023-08-26T17:20:21.711+0000] {dagbag.py:537} INFO - Filling up the DagBag from /home/airflow/.local/lib/python3.7/site-packages/airflow/example_dags/example_bash_operator.py
[2023-08-26T17:20:21.724+0000] {processor.py:766} INFO - DAG(s) dict_keys(['example_bash_operator']) retrieved from /home/airflow/.local/lib/python3.7/site-packages/airflow/example_dags/example_bash_operator.py
[2023-08-26T17:20:21.752+0000] {logging_mixin.py:120} INFO - [2023-08-26T17:20:21.752+0000] {dag.py:2585} INFO - Sync 1 DAGs
[2023-08-26T17:20:21.771+0000] {logging_mixin.py:120} INFO - [2023-08-26T17:20:21.771+0000] {dag.py:3340} INFO - Setting next_dagrun for example_bash_operator to 2023-08-26T00:00:00+00:00, run_after=2023-08-27T00:00:00+00:00
[2023-08-26T17:20:21.781+0000] {processor.py:176} INFO - Processing /home/airflow/.local/lib/python3.7/site-packages/airflow/example_dags/example_bash_operator.py took 0.074 seconds
[2023-08-26T17:20:51.993+0000] {processor.py:154} INFO - Started process (PID=2146) to work on /home/airflow/.local/lib/python3.7/site-packages/airflow/example_dags/example_bash_operator.py
[2023-08-26T17:20:51.994+0000] {processor.py:756} INFO - Processing file /home/airflow/.local/lib/python3.7/site-packages/airflow/example_dags/example_bash_operator.py for tasks to queue
[2023-08-26T17:20:51.995+0000] {logging_mixin.py:120} INFO - [2023-08-26T17:20:51.995+0000] {dagbag.py:537} INFO - Filling up the DagBag from /home/airflow/.local/lib/python3.7/site-packages/airflow/example_dags/example_bash_operator.py
[2023-08-26T17:20:52.009+0000] {processor.py:766} INFO - DAG(s) dict_keys(['example_bash_operator']) retrieved from /home/airflow/.local/lib/python3.7/site-packages/airflow/example_dags/example_bash_operator.py
[2023-08-26T17:20:52.038+0000] {logging_mixin.py:120} INFO - [2023-08-26T17:20:52.038+0000] {dag.py:2585} INFO - Sync 1 DAGs
[2023-08-26T17:20:52.056+0000] {logging_mixin.py:120} INFO - [2023-08-26T17:20:52.056+0000] {dag.py:3340} INFO - Setting next_dagrun for example_bash_operator to 2023-08-26T00:00:00+00:00, run_after=2023-08-27T00:00:00+00:00
[2023-08-26T17:20:52.068+0000] {processor.py:176} INFO - Processing /home/airflow/.local/lib/python3.7/site-packages/airflow/example_dags/example_bash_operator.py took 0.077 seconds
[2023-08-26T17:21:22.114+0000] {processor.py:154} INFO - Started process (PID=2209) to work on /home/airflow/.local/lib/python3.7/site-packages/airflow/example_dags/example_bash_operator.py
[2023-08-26T17:21:22.116+0000] {processor.py:756} INFO - Processing file /home/airflow/.local/lib/python3.7/site-packages/airflow/example_dags/example_bash_operator.py for tasks to queue
[2023-08-26T17:21:22.120+0000] {logging_mixin.py:120} INFO - [2023-08-26T17:21:22.120+0000] {dagbag.py:537} INFO - Filling up the DagBag from /home/airflow/.local/lib/python3.7/site-packages/airflow/example_dags/example_bash_operator.py
[2023-08-26T17:21:22.134+0000] {processor.py:766} INFO - DAG(s) dict_keys(['example_bash_operator']) retrieved from /home/airflow/.local/lib/python3.7/site-packages/airflow/example_dags/example_bash_operator.py
[2023-08-26T17:21:22.167+0000] {logging_mixin.py:120} INFO - [2023-08-26T17:21:22.167+0000] {dag.py:2585} INFO - Sync 1 DAGs
[2023-08-26T17:21:22.186+0000] {logging_mixin.py:120} INFO - [2023-08-26T17:21:22.186+0000] {dag.py:3340} INFO - Setting next_dagrun for example_bash_operator to 2023-08-26T00:00:00+00:00, run_after=2023-08-27T00:00:00+00:00
[2023-08-26T17:21:22.217+0000] {processor.py:176} INFO - Processing /home/airflow/.local/lib/python3.7/site-packages/airflow/example_dags/example_bash_operator.py took 0.106 seconds
[2023-08-26T17:21:52.684+0000] {processor.py:154} INFO - Started process (PID=2263) to work on /home/airflow/.local/lib/python3.7/site-packages/airflow/example_dags/example_bash_operator.py
[2023-08-26T17:21:52.685+0000] {processor.py:756} INFO - Processing file /home/airflow/.local/lib/python3.7/site-packages/airflow/example_dags/example_bash_operator.py for tasks to queue
[2023-08-26T17:21:52.685+0000] {logging_mixin.py:120} INFO - [2023-08-26T17:21:52.685+0000] {dagbag.py:537} INFO - Filling up the DagBag from /home/airflow/.local/lib/python3.7/site-packages/airflow/example_dags/example_bash_operator.py
[2023-08-26T17:21:52.697+0000] {processor.py:766} INFO - DAG(s) dict_keys(['example_bash_operator']) retrieved from /home/airflow/.local/lib/python3.7/site-packages/airflow/example_dags/example_bash_operator.py
[2023-08-26T17:21:52.725+0000] {logging_mixin.py:120} INFO - [2023-08-26T17:21:52.725+0000] {dag.py:2585} INFO - Sync 1 DAGs
[2023-08-26T17:21:52.738+0000] {logging_mixin.py:120} INFO - [2023-08-26T17:21:52.738+0000] {dag.py:3340} INFO - Setting next_dagrun for example_bash_operator to 2023-08-26T00:00:00+00:00, run_after=2023-08-27T00:00:00+00:00
[2023-08-26T17:21:52.748+0000] {processor.py:176} INFO - Processing /home/airflow/.local/lib/python3.7/site-packages/airflow/example_dags/example_bash_operator.py took 0.066 seconds
[2023-08-26T17:22:22.842+0000] {processor.py:154} INFO - Started process (PID=2326) to work on /home/airflow/.local/lib/python3.7/site-packages/airflow/example_dags/example_bash_operator.py
[2023-08-26T17:22:22.843+0000] {processor.py:756} INFO - Processing file /home/airflow/.local/lib/python3.7/site-packages/airflow/example_dags/example_bash_operator.py for tasks to queue
[2023-08-26T17:22:22.843+0000] {logging_mixin.py:120} INFO - [2023-08-26T17:22:22.843+0000] {dagbag.py:537} INFO - Filling up the DagBag from /home/airflow/.local/lib/python3.7/site-packages/airflow/example_dags/example_bash_operator.py
[2023-08-26T17:22:22.856+0000] {processor.py:766} INFO - DAG(s) dict_keys(['example_bash_operator']) retrieved from /home/airflow/.local/lib/python3.7/site-packages/airflow/example_dags/example_bash_operator.py
[2023-08-26T17:22:22.884+0000] {logging_mixin.py:120} INFO - [2023-08-26T17:22:22.883+0000] {dag.py:2585} INFO - Sync 1 DAGs
[2023-08-26T17:22:22.900+0000] {logging_mixin.py:120} INFO - [2023-08-26T17:22:22.900+0000] {dag.py:3340} INFO - Setting next_dagrun for example_bash_operator to 2023-08-26T00:00:00+00:00, run_after=2023-08-27T00:00:00+00:00
[2023-08-26T17:22:22.911+0000] {processor.py:176} INFO - Processing /home/airflow/.local/lib/python3.7/site-packages/airflow/example_dags/example_bash_operator.py took 0.072 seconds
[2023-08-26T17:22:53.028+0000] {processor.py:154} INFO - Started process (PID=2387) to work on /home/airflow/.local/lib/python3.7/site-packages/airflow/example_dags/example_bash_operator.py
[2023-08-26T17:22:53.030+0000] {processor.py:756} INFO - Processing file /home/airflow/.local/lib/python3.7/site-packages/airflow/example_dags/example_bash_operator.py for tasks to queue
[2023-08-26T17:22:53.030+0000] {logging_mixin.py:120} INFO - [2023-08-26T17:22:53.030+0000] {dagbag.py:537} INFO - Filling up the DagBag from /home/airflow/.local/lib/python3.7/site-packages/airflow/example_dags/example_bash_operator.py
[2023-08-26T17:22:53.047+0000] {processor.py:766} INFO - DAG(s) dict_keys(['example_bash_operator']) retrieved from /home/airflow/.local/lib/python3.7/site-packages/airflow/example_dags/example_bash_operator.py
[2023-08-26T17:22:53.076+0000] {logging_mixin.py:120} INFO - [2023-08-26T17:22:53.076+0000] {dag.py:2585} INFO - Sync 1 DAGs
[2023-08-26T17:22:53.092+0000] {logging_mixin.py:120} INFO - [2023-08-26T17:22:53.092+0000] {dag.py:3340} INFO - Setting next_dagrun for example_bash_operator to 2023-08-26T00:00:00+00:00, run_after=2023-08-27T00:00:00+00:00
[2023-08-26T17:22:53.106+0000] {processor.py:176} INFO - Processing /home/airflow/.local/lib/python3.7/site-packages/airflow/example_dags/example_bash_operator.py took 0.081 seconds
[2023-08-26T17:23:23.336+0000] {processor.py:154} INFO - Started process (PID=2450) to work on /home/airflow/.local/lib/python3.7/site-packages/airflow/example_dags/example_bash_operator.py
[2023-08-26T17:23:23.336+0000] {processor.py:756} INFO - Processing file /home/airflow/.local/lib/python3.7/site-packages/airflow/example_dags/example_bash_operator.py for tasks to queue
[2023-08-26T17:23:23.337+0000] {logging_mixin.py:120} INFO - [2023-08-26T17:23:23.337+0000] {dagbag.py:537} INFO - Filling up the DagBag from /home/airflow/.local/lib/python3.7/site-packages/airflow/example_dags/example_bash_operator.py
[2023-08-26T17:23:23.351+0000] {processor.py:766} INFO - DAG(s) dict_keys(['example_bash_operator']) retrieved from /home/airflow/.local/lib/python3.7/site-packages/airflow/example_dags/example_bash_operator.py
[2023-08-26T17:23:23.381+0000] {logging_mixin.py:120} INFO - [2023-08-26T17:23:23.380+0000] {dag.py:2585} INFO - Sync 1 DAGs
[2023-08-26T17:23:23.399+0000] {logging_mixin.py:120} INFO - [2023-08-26T17:23:23.399+0000] {dag.py:3340} INFO - Setting next_dagrun for example_bash_operator to 2023-08-26T00:00:00+00:00, run_after=2023-08-27T00:00:00+00:00
[2023-08-26T17:23:23.410+0000] {processor.py:176} INFO - Processing /home/airflow/.local/lib/python3.7/site-packages/airflow/example_dags/example_bash_operator.py took 0.077 seconds
[2023-08-26T17:23:53.643+0000] {processor.py:154} INFO - Started process (PID=2512) to work on /home/airflow/.local/lib/python3.7/site-packages/airflow/example_dags/example_bash_operator.py
[2023-08-26T17:23:53.644+0000] {processor.py:756} INFO - Processing file /home/airflow/.local/lib/python3.7/site-packages/airflow/example_dags/example_bash_operator.py for tasks to queue
[2023-08-26T17:23:53.645+0000] {logging_mixin.py:120} INFO - [2023-08-26T17:23:53.645+0000] {dagbag.py:537} INFO - Filling up the DagBag from /home/airflow/.local/lib/python3.7/site-packages/airflow/example_dags/example_bash_operator.py
[2023-08-26T17:23:53.658+0000] {processor.py:766} INFO - DAG(s) dict_keys(['example_bash_operator']) retrieved from /home/airflow/.local/lib/python3.7/site-packages/airflow/example_dags/example_bash_operator.py
[2023-08-26T17:23:53.692+0000] {logging_mixin.py:120} INFO - [2023-08-26T17:23:53.692+0000] {dag.py:2585} INFO - Sync 1 DAGs
[2023-08-26T17:23:53.706+0000] {logging_mixin.py:120} INFO - [2023-08-26T17:23:53.706+0000] {dag.py:3340} INFO - Setting next_dagrun for example_bash_operator to 2023-08-26T00:00:00+00:00, run_after=2023-08-27T00:00:00+00:00
[2023-08-26T17:23:53.717+0000] {processor.py:176} INFO - Processing /home/airflow/.local/lib/python3.7/site-packages/airflow/example_dags/example_bash_operator.py took 0.077 seconds
[2023-08-26T17:24:23.809+0000] {processor.py:154} INFO - Started process (PID=2567) to work on /home/airflow/.local/lib/python3.7/site-packages/airflow/example_dags/example_bash_operator.py
[2023-08-26T17:24:23.810+0000] {processor.py:756} INFO - Processing file /home/airflow/.local/lib/python3.7/site-packages/airflow/example_dags/example_bash_operator.py for tasks to queue
[2023-08-26T17:24:23.810+0000] {logging_mixin.py:120} INFO - [2023-08-26T17:24:23.810+0000] {dagbag.py:537} INFO - Filling up the DagBag from /home/airflow/.local/lib/python3.7/site-packages/airflow/example_dags/example_bash_operator.py
[2023-08-26T17:24:23.825+0000] {processor.py:766} INFO - DAG(s) dict_keys(['example_bash_operator']) retrieved from /home/airflow/.local/lib/python3.7/site-packages/airflow/example_dags/example_bash_operator.py
[2023-08-26T17:24:23.865+0000] {logging_mixin.py:120} INFO - [2023-08-26T17:24:23.865+0000] {dag.py:2585} INFO - Sync 1 DAGs
[2023-08-26T17:24:23.879+0000] {logging_mixin.py:120} INFO - [2023-08-26T17:24:23.879+0000] {dag.py:3340} INFO - Setting next_dagrun for example_bash_operator to 2023-08-26T00:00:00+00:00, run_after=2023-08-27T00:00:00+00:00
[2023-08-26T17:24:23.888+0000] {processor.py:176} INFO - Processing /home/airflow/.local/lib/python3.7/site-packages/airflow/example_dags/example_bash_operator.py took 0.081 seconds
[2023-08-26T17:24:54.162+0000] {processor.py:154} INFO - Started process (PID=2631) to work on /home/airflow/.local/lib/python3.7/site-packages/airflow/example_dags/example_bash_operator.py
[2023-08-26T17:24:54.163+0000] {processor.py:756} INFO - Processing file /home/airflow/.local/lib/python3.7/site-packages/airflow/example_dags/example_bash_operator.py for tasks to queue
[2023-08-26T17:24:54.163+0000] {logging_mixin.py:120} INFO - [2023-08-26T17:24:54.163+0000] {dagbag.py:537} INFO - Filling up the DagBag from /home/airflow/.local/lib/python3.7/site-packages/airflow/example_dags/example_bash_operator.py
[2023-08-26T17:24:54.176+0000] {processor.py:766} INFO - DAG(s) dict_keys(['example_bash_operator']) retrieved from /home/airflow/.local/lib/python3.7/site-packages/airflow/example_dags/example_bash_operator.py
[2023-08-26T17:24:54.204+0000] {logging_mixin.py:120} INFO - [2023-08-26T17:24:54.204+0000] {dag.py:2585} INFO - Sync 1 DAGs
[2023-08-26T17:24:54.219+0000] {logging_mixin.py:120} INFO - [2023-08-26T17:24:54.219+0000] {dag.py:3340} INFO - Setting next_dagrun for example_bash_operator to 2023-08-26T00:00:00+00:00, run_after=2023-08-27T00:00:00+00:00
[2023-08-26T17:24:54.228+0000] {processor.py:176} INFO - Processing /home/airflow/.local/lib/python3.7/site-packages/airflow/example_dags/example_bash_operator.py took 0.069 seconds
[2023-08-26T17:25:24.510+0000] {processor.py:154} INFO - Started process (PID=2695) to work on /home/airflow/.local/lib/python3.7/site-packages/airflow/example_dags/example_bash_operator.py
[2023-08-26T17:25:24.511+0000] {processor.py:756} INFO - Processing file /home/airflow/.local/lib/python3.7/site-packages/airflow/example_dags/example_bash_operator.py for tasks to queue
[2023-08-26T17:25:24.511+0000] {logging_mixin.py:120} INFO - [2023-08-26T17:25:24.511+0000] {dagbag.py:537} INFO - Filling up the DagBag from /home/airflow/.local/lib/python3.7/site-packages/airflow/example_dags/example_bash_operator.py
[2023-08-26T17:25:24.524+0000] {processor.py:766} INFO - DAG(s) dict_keys(['example_bash_operator']) retrieved from /home/airflow/.local/lib/python3.7/site-packages/airflow/example_dags/example_bash_operator.py
[2023-08-26T17:25:24.552+0000] {logging_mixin.py:120} INFO - [2023-08-26T17:25:24.552+0000] {dag.py:2585} INFO - Sync 1 DAGs
[2023-08-26T17:25:24.567+0000] {logging_mixin.py:120} INFO - [2023-08-26T17:25:24.566+0000] {dag.py:3340} INFO - Setting next_dagrun for example_bash_operator to 2023-08-26T00:00:00+00:00, run_after=2023-08-27T00:00:00+00:00
[2023-08-26T17:25:24.576+0000] {processor.py:176} INFO - Processing /home/airflow/.local/lib/python3.7/site-packages/airflow/example_dags/example_bash_operator.py took 0.068 seconds
[2023-08-26T17:25:54.623+0000] {processor.py:154} INFO - Started process (PID=2757) to work on /home/airflow/.local/lib/python3.7/site-packages/airflow/example_dags/example_bash_operator.py
[2023-08-26T17:25:54.624+0000] {processor.py:756} INFO - Processing file /home/airflow/.local/lib/python3.7/site-packages/airflow/example_dags/example_bash_operator.py for tasks to queue
[2023-08-26T17:25:54.625+0000] {logging_mixin.py:120} INFO - [2023-08-26T17:25:54.625+0000] {dagbag.py:537} INFO - Filling up the DagBag from /home/airflow/.local/lib/python3.7/site-packages/airflow/example_dags/example_bash_operator.py
[2023-08-26T17:25:54.637+0000] {processor.py:766} INFO - DAG(s) dict_keys(['example_bash_operator']) retrieved from /home/airflow/.local/lib/python3.7/site-packages/airflow/example_dags/example_bash_operator.py
[2023-08-26T17:25:54.665+0000] {logging_mixin.py:120} INFO - [2023-08-26T17:25:54.665+0000] {dag.py:2585} INFO - Sync 1 DAGs
[2023-08-26T17:25:54.679+0000] {logging_mixin.py:120} INFO - [2023-08-26T17:25:54.679+0000] {dag.py:3340} INFO - Setting next_dagrun for example_bash_operator to 2023-08-26T00:00:00+00:00, run_after=2023-08-27T00:00:00+00:00
[2023-08-26T17:25:54.689+0000] {processor.py:176} INFO - Processing /home/airflow/.local/lib/python3.7/site-packages/airflow/example_dags/example_bash_operator.py took 0.068 seconds
[2023-08-26T17:26:24.808+0000] {processor.py:154} INFO - Started process (PID=2820) to work on /home/airflow/.local/lib/python3.7/site-packages/airflow/example_dags/example_bash_operator.py
[2023-08-26T17:26:24.808+0000] {processor.py:756} INFO - Processing file /home/airflow/.local/lib/python3.7/site-packages/airflow/example_dags/example_bash_operator.py for tasks to queue
[2023-08-26T17:26:24.809+0000] {logging_mixin.py:120} INFO - [2023-08-26T17:26:24.809+0000] {dagbag.py:537} INFO - Filling up the DagBag from /home/airflow/.local/lib/python3.7/site-packages/airflow/example_dags/example_bash_operator.py
[2023-08-26T17:26:24.822+0000] {processor.py:766} INFO - DAG(s) dict_keys(['example_bash_operator']) retrieved from /home/airflow/.local/lib/python3.7/site-packages/airflow/example_dags/example_bash_operator.py
[2023-08-26T17:26:24.850+0000] {logging_mixin.py:120} INFO - [2023-08-26T17:26:24.850+0000] {dag.py:2585} INFO - Sync 1 DAGs
[2023-08-26T17:26:24.865+0000] {logging_mixin.py:120} INFO - [2023-08-26T17:26:24.865+0000] {dag.py:3340} INFO - Setting next_dagrun for example_bash_operator to 2023-08-26T00:00:00+00:00, run_after=2023-08-27T00:00:00+00:00
[2023-08-26T17:26:24.875+0000] {processor.py:176} INFO - Processing /home/airflow/.local/lib/python3.7/site-packages/airflow/example_dags/example_bash_operator.py took 0.070 seconds
[2023-08-26T17:26:55.761+0000] {processor.py:154} INFO - Started process (PID=2874) to work on /home/airflow/.local/lib/python3.7/site-packages/airflow/example_dags/example_bash_operator.py
[2023-08-26T17:26:55.762+0000] {processor.py:756} INFO - Processing file /home/airflow/.local/lib/python3.7/site-packages/airflow/example_dags/example_bash_operator.py for tasks to queue
[2023-08-26T17:26:55.762+0000] {logging_mixin.py:120} INFO - [2023-08-26T17:26:55.762+0000] {dagbag.py:537} INFO - Filling up the DagBag from /home/airflow/.local/lib/python3.7/site-packages/airflow/example_dags/example_bash_operator.py
[2023-08-26T17:26:55.774+0000] {processor.py:766} INFO - DAG(s) dict_keys(['example_bash_operator']) retrieved from /home/airflow/.local/lib/python3.7/site-packages/airflow/example_dags/example_bash_operator.py
[2023-08-26T17:26:55.803+0000] {logging_mixin.py:120} INFO - [2023-08-26T17:26:55.803+0000] {dag.py:2585} INFO - Sync 1 DAGs
[2023-08-26T17:26:55.817+0000] {logging_mixin.py:120} INFO - [2023-08-26T17:26:55.817+0000] {dag.py:3340} INFO - Setting next_dagrun for example_bash_operator to 2023-08-26T00:00:00+00:00, run_after=2023-08-27T00:00:00+00:00
[2023-08-26T17:26:55.827+0000] {processor.py:176} INFO - Processing /home/airflow/.local/lib/python3.7/site-packages/airflow/example_dags/example_bash_operator.py took 0.068 seconds
[2023-08-26T17:27:26.774+0000] {processor.py:154} INFO - Started process (PID=2935) to work on /home/airflow/.local/lib/python3.7/site-packages/airflow/example_dags/example_bash_operator.py
[2023-08-26T17:27:26.775+0000] {processor.py:756} INFO - Processing file /home/airflow/.local/lib/python3.7/site-packages/airflow/example_dags/example_bash_operator.py for tasks to queue
[2023-08-26T17:27:26.775+0000] {logging_mixin.py:120} INFO - [2023-08-26T17:27:26.775+0000] {dagbag.py:537} INFO - Filling up the DagBag from /home/airflow/.local/lib/python3.7/site-packages/airflow/example_dags/example_bash_operator.py
[2023-08-26T17:27:26.790+0000] {processor.py:766} INFO - DAG(s) dict_keys(['example_bash_operator']) retrieved from /home/airflow/.local/lib/python3.7/site-packages/airflow/example_dags/example_bash_operator.py
[2023-08-26T17:27:26.819+0000] {logging_mixin.py:120} INFO - [2023-08-26T17:27:26.819+0000] {dag.py:2585} INFO - Sync 1 DAGs
[2023-08-26T17:27:26.838+0000] {logging_mixin.py:120} INFO - [2023-08-26T17:27:26.838+0000] {dag.py:3340} INFO - Setting next_dagrun for example_bash_operator to 2023-08-26T00:00:00+00:00, run_after=2023-08-27T00:00:00+00:00
[2023-08-26T17:27:26.850+0000] {processor.py:176} INFO - Processing /home/airflow/.local/lib/python3.7/site-packages/airflow/example_dags/example_bash_operator.py took 0.079 seconds
[2023-08-26T17:27:56.926+0000] {processor.py:154} INFO - Started process (PID=2997) to work on /home/airflow/.local/lib/python3.7/site-packages/airflow/example_dags/example_bash_operator.py
[2023-08-26T17:27:56.927+0000] {processor.py:756} INFO - Processing file /home/airflow/.local/lib/python3.7/site-packages/airflow/example_dags/example_bash_operator.py for tasks to queue
[2023-08-26T17:27:56.928+0000] {logging_mixin.py:120} INFO - [2023-08-26T17:27:56.928+0000] {dagbag.py:537} INFO - Filling up the DagBag from /home/airflow/.local/lib/python3.7/site-packages/airflow/example_dags/example_bash_operator.py
[2023-08-26T17:27:56.942+0000] {processor.py:766} INFO - DAG(s) dict_keys(['example_bash_operator']) retrieved from /home/airflow/.local/lib/python3.7/site-packages/airflow/example_dags/example_bash_operator.py
[2023-08-26T17:27:56.971+0000] {logging_mixin.py:120} INFO - [2023-08-26T17:27:56.971+0000] {dag.py:2585} INFO - Sync 1 DAGs
[2023-08-26T17:27:56.987+0000] {logging_mixin.py:120} INFO - [2023-08-26T17:27:56.986+0000] {dag.py:3340} INFO - Setting next_dagrun for example_bash_operator to 2023-08-26T00:00:00+00:00, run_after=2023-08-27T00:00:00+00:00
[2023-08-26T17:27:56.999+0000] {processor.py:176} INFO - Processing /home/airflow/.local/lib/python3.7/site-packages/airflow/example_dags/example_bash_operator.py took 0.074 seconds
[2023-08-26T17:28:27.099+0000] {processor.py:154} INFO - Started process (PID=3060) to work on /home/airflow/.local/lib/python3.7/site-packages/airflow/example_dags/example_bash_operator.py
[2023-08-26T17:28:27.100+0000] {processor.py:756} INFO - Processing file /home/airflow/.local/lib/python3.7/site-packages/airflow/example_dags/example_bash_operator.py for tasks to queue
[2023-08-26T17:28:27.100+0000] {logging_mixin.py:120} INFO - [2023-08-26T17:28:27.100+0000] {dagbag.py:537} INFO - Filling up the DagBag from /home/airflow/.local/lib/python3.7/site-packages/airflow/example_dags/example_bash_operator.py
[2023-08-26T17:28:27.114+0000] {processor.py:766} INFO - DAG(s) dict_keys(['example_bash_operator']) retrieved from /home/airflow/.local/lib/python3.7/site-packages/airflow/example_dags/example_bash_operator.py
[2023-08-26T17:28:27.141+0000] {logging_mixin.py:120} INFO - [2023-08-26T17:28:27.141+0000] {dag.py:2585} INFO - Sync 1 DAGs
[2023-08-26T17:28:27.157+0000] {logging_mixin.py:120} INFO - [2023-08-26T17:28:27.156+0000] {dag.py:3340} INFO - Setting next_dagrun for example_bash_operator to 2023-08-26T00:00:00+00:00, run_after=2023-08-27T00:00:00+00:00
[2023-08-26T17:28:27.166+0000] {processor.py:176} INFO - Processing /home/airflow/.local/lib/python3.7/site-packages/airflow/example_dags/example_bash_operator.py took 0.069 seconds
[2023-08-26T17:28:58.216+0000] {processor.py:154} INFO - Started process (PID=3122) to work on /home/airflow/.local/lib/python3.7/site-packages/airflow/example_dags/example_bash_operator.py
[2023-08-26T17:28:58.217+0000] {processor.py:756} INFO - Processing file /home/airflow/.local/lib/python3.7/site-packages/airflow/example_dags/example_bash_operator.py for tasks to queue
[2023-08-26T17:28:58.217+0000] {logging_mixin.py:120} INFO - [2023-08-26T17:28:58.217+0000] {dagbag.py:537} INFO - Filling up the DagBag from /home/airflow/.local/lib/python3.7/site-packages/airflow/example_dags/example_bash_operator.py
[2023-08-26T17:28:58.232+0000] {processor.py:766} INFO - DAG(s) dict_keys(['example_bash_operator']) retrieved from /home/airflow/.local/lib/python3.7/site-packages/airflow/example_dags/example_bash_operator.py
[2023-08-26T17:28:58.262+0000] {logging_mixin.py:120} INFO - [2023-08-26T17:28:58.262+0000] {dag.py:2585} INFO - Sync 1 DAGs
[2023-08-26T17:28:58.278+0000] {logging_mixin.py:120} INFO - [2023-08-26T17:28:58.277+0000] {dag.py:3340} INFO - Setting next_dagrun for example_bash_operator to 2023-08-26T00:00:00+00:00, run_after=2023-08-27T00:00:00+00:00
[2023-08-26T17:28:58.287+0000] {processor.py:176} INFO - Processing /home/airflow/.local/lib/python3.7/site-packages/airflow/example_dags/example_bash_operator.py took 0.074 seconds
[2023-08-26T17:29:28.495+0000] {processor.py:154} INFO - Started process (PID=3185) to work on /home/airflow/.local/lib/python3.7/site-packages/airflow/example_dags/example_bash_operator.py
[2023-08-26T17:29:28.496+0000] {processor.py:756} INFO - Processing file /home/airflow/.local/lib/python3.7/site-packages/airflow/example_dags/example_bash_operator.py for tasks to queue
[2023-08-26T17:29:28.497+0000] {logging_mixin.py:120} INFO - [2023-08-26T17:29:28.497+0000] {dagbag.py:537} INFO - Filling up the DagBag from /home/airflow/.local/lib/python3.7/site-packages/airflow/example_dags/example_bash_operator.py
[2023-08-26T17:29:28.511+0000] {processor.py:766} INFO - DAG(s) dict_keys(['example_bash_operator']) retrieved from /home/airflow/.local/lib/python3.7/site-packages/airflow/example_dags/example_bash_operator.py
[2023-08-26T17:29:28.541+0000] {logging_mixin.py:120} INFO - [2023-08-26T17:29:28.541+0000] {dag.py:2585} INFO - Sync 1 DAGs
[2023-08-26T17:29:28.557+0000] {logging_mixin.py:120} INFO - [2023-08-26T17:29:28.557+0000] {dag.py:3340} INFO - Setting next_dagrun for example_bash_operator to 2023-08-26T00:00:00+00:00, run_after=2023-08-27T00:00:00+00:00
[2023-08-26T17:29:28.568+0000] {processor.py:176} INFO - Processing /home/airflow/.local/lib/python3.7/site-packages/airflow/example_dags/example_bash_operator.py took 0.075 seconds
[2023-08-26T17:29:58.733+0000] {processor.py:154} INFO - Started process (PID=3245) to work on /home/airflow/.local/lib/python3.7/site-packages/airflow/example_dags/example_bash_operator.py
[2023-08-26T17:29:58.734+0000] {processor.py:756} INFO - Processing file /home/airflow/.local/lib/python3.7/site-packages/airflow/example_dags/example_bash_operator.py for tasks to queue
[2023-08-26T17:29:58.735+0000] {logging_mixin.py:120} INFO - [2023-08-26T17:29:58.735+0000] {dagbag.py:537} INFO - Filling up the DagBag from /home/airflow/.local/lib/python3.7/site-packages/airflow/example_dags/example_bash_operator.py
[2023-08-26T17:29:58.754+0000] {processor.py:766} INFO - DAG(s) dict_keys(['example_bash_operator']) retrieved from /home/airflow/.local/lib/python3.7/site-packages/airflow/example_dags/example_bash_operator.py
[2023-08-26T17:29:58.803+0000] {logging_mixin.py:120} INFO - [2023-08-26T17:29:58.802+0000] {dag.py:2585} INFO - Sync 1 DAGs
[2023-08-26T17:29:58.822+0000] {logging_mixin.py:120} INFO - [2023-08-26T17:29:58.822+0000] {dag.py:3340} INFO - Setting next_dagrun for example_bash_operator to 2023-08-26T00:00:00+00:00, run_after=2023-08-27T00:00:00+00:00
[2023-08-26T17:29:58.838+0000] {processor.py:176} INFO - Processing /home/airflow/.local/lib/python3.7/site-packages/airflow/example_dags/example_bash_operator.py took 0.107 seconds
[2023-08-26T17:30:28.936+0000] {processor.py:154} INFO - Started process (PID=3302) to work on /home/airflow/.local/lib/python3.7/site-packages/airflow/example_dags/example_bash_operator.py
[2023-08-26T17:30:28.937+0000] {processor.py:756} INFO - Processing file /home/airflow/.local/lib/python3.7/site-packages/airflow/example_dags/example_bash_operator.py for tasks to queue
[2023-08-26T17:30:28.937+0000] {logging_mixin.py:120} INFO - [2023-08-26T17:30:28.937+0000] {dagbag.py:537} INFO - Filling up the DagBag from /home/airflow/.local/lib/python3.7/site-packages/airflow/example_dags/example_bash_operator.py
[2023-08-26T17:30:28.950+0000] {processor.py:766} INFO - DAG(s) dict_keys(['example_bash_operator']) retrieved from /home/airflow/.local/lib/python3.7/site-packages/airflow/example_dags/example_bash_operator.py
[2023-08-26T17:30:28.979+0000] {logging_mixin.py:120} INFO - [2023-08-26T17:30:28.978+0000] {dag.py:2585} INFO - Sync 1 DAGs
[2023-08-26T17:30:28.994+0000] {logging_mixin.py:120} INFO - [2023-08-26T17:30:28.994+0000] {dag.py:3340} INFO - Setting next_dagrun for example_bash_operator to 2023-08-26T00:00:00+00:00, run_after=2023-08-27T00:00:00+00:00
[2023-08-26T17:30:29.005+0000] {processor.py:176} INFO - Processing /home/airflow/.local/lib/python3.7/site-packages/airflow/example_dags/example_bash_operator.py took 0.071 seconds
[2023-08-26T17:30:59.174+0000] {processor.py:154} INFO - Started process (PID=3365) to work on /home/airflow/.local/lib/python3.7/site-packages/airflow/example_dags/example_bash_operator.py
[2023-08-26T17:30:59.174+0000] {processor.py:756} INFO - Processing file /home/airflow/.local/lib/python3.7/site-packages/airflow/example_dags/example_bash_operator.py for tasks to queue
[2023-08-26T17:30:59.175+0000] {logging_mixin.py:120} INFO - [2023-08-26T17:30:59.175+0000] {dagbag.py:537} INFO - Filling up the DagBag from /home/airflow/.local/lib/python3.7/site-packages/airflow/example_dags/example_bash_operator.py
[2023-08-26T17:30:59.188+0000] {processor.py:766} INFO - DAG(s) dict_keys(['example_bash_operator']) retrieved from /home/airflow/.local/lib/python3.7/site-packages/airflow/example_dags/example_bash_operator.py
[2023-08-26T17:30:59.219+0000] {logging_mixin.py:120} INFO - [2023-08-26T17:30:59.219+0000] {dag.py:2585} INFO - Sync 1 DAGs
[2023-08-26T17:30:59.235+0000] {logging_mixin.py:120} INFO - [2023-08-26T17:30:59.235+0000] {dag.py:3340} INFO - Setting next_dagrun for example_bash_operator to 2023-08-26T00:00:00+00:00, run_after=2023-08-27T00:00:00+00:00
[2023-08-26T17:30:59.247+0000] {processor.py:176} INFO - Processing /home/airflow/.local/lib/python3.7/site-packages/airflow/example_dags/example_bash_operator.py took 0.075 seconds
[2023-08-26T17:31:29.384+0000] {processor.py:154} INFO - Started process (PID=3428) to work on /home/airflow/.local/lib/python3.7/site-packages/airflow/example_dags/example_bash_operator.py
[2023-08-26T17:31:29.385+0000] {processor.py:756} INFO - Processing file /home/airflow/.local/lib/python3.7/site-packages/airflow/example_dags/example_bash_operator.py for tasks to queue
[2023-08-26T17:31:29.386+0000] {logging_mixin.py:120} INFO - [2023-08-26T17:31:29.385+0000] {dagbag.py:537} INFO - Filling up the DagBag from /home/airflow/.local/lib/python3.7/site-packages/airflow/example_dags/example_bash_operator.py
[2023-08-26T17:31:29.400+0000] {processor.py:766} INFO - DAG(s) dict_keys(['example_bash_operator']) retrieved from /home/airflow/.local/lib/python3.7/site-packages/airflow/example_dags/example_bash_operator.py
[2023-08-26T17:31:29.429+0000] {logging_mixin.py:120} INFO - [2023-08-26T17:31:29.429+0000] {dag.py:2585} INFO - Sync 1 DAGs
[2023-08-26T17:31:29.444+0000] {logging_mixin.py:120} INFO - [2023-08-26T17:31:29.444+0000] {dag.py:3340} INFO - Setting next_dagrun for example_bash_operator to 2023-08-26T00:00:00+00:00, run_after=2023-08-27T00:00:00+00:00
[2023-08-26T17:31:29.455+0000] {processor.py:176} INFO - Processing /home/airflow/.local/lib/python3.7/site-packages/airflow/example_dags/example_bash_operator.py took 0.074 seconds
