[2023-08-26T17:03:34.370+0000] {processor.py:154} INFO - Started process (PID=64) to work on /home/airflow/.local/lib/python3.7/site-packages/airflow/example_dags/example_xcomargs.py
[2023-08-26T17:03:34.372+0000] {processor.py:756} INFO - Processing file /home/airflow/.local/lib/python3.7/site-packages/airflow/example_dags/example_xcomargs.py for tasks to queue
[2023-08-26T17:03:34.372+0000] {logging_mixin.py:120} INFO - [2023-08-26T17:03:34.372+0000] {dagbag.py:537} INFO - Filling up the DagBag from /home/airflow/.local/lib/python3.7/site-packages/airflow/example_dags/example_xcomargs.py
[2023-08-26T17:03:34.391+0000] {processor.py:766} INFO - DAG(s) dict_keys(['example_xcom_args', 'example_xcom_args_with_operators']) retrieved from /home/airflow/.local/lib/python3.7/site-packages/airflow/example_dags/example_xcomargs.py
[2023-08-26T17:03:34.475+0000] {logging_mixin.py:120} INFO - [2023-08-26T17:03:34.475+0000] {manager.py:507} INFO - Created Permission View: can edit on DAG:example_xcom_args
[2023-08-26T17:03:34.487+0000] {logging_mixin.py:120} INFO - [2023-08-26T17:03:34.487+0000] {manager.py:507} INFO - Created Permission View: can read on DAG:example_xcom_args
[2023-08-26T17:03:34.491+0000] {logging_mixin.py:120} INFO - [2023-08-26T17:03:34.491+0000] {manager.py:507} INFO - Created Permission View: can delete on DAG:example_xcom_args
[2023-08-26T17:03:34.503+0000] {logging_mixin.py:120} INFO - [2023-08-26T17:03:34.503+0000] {manager.py:507} INFO - Created Permission View: can edit on DAG:example_xcom_args_with_operators
[2023-08-26T17:03:34.509+0000] {logging_mixin.py:120} INFO - [2023-08-26T17:03:34.509+0000] {manager.py:507} INFO - Created Permission View: can read on DAG:example_xcom_args_with_operators
[2023-08-26T17:03:34.524+0000] {logging_mixin.py:120} INFO - [2023-08-26T17:03:34.524+0000] {manager.py:507} INFO - Created Permission View: can delete on DAG:example_xcom_args_with_operators
[2023-08-26T17:03:34.524+0000] {logging_mixin.py:120} INFO - [2023-08-26T17:03:34.524+0000] {dag.py:2585} INFO - Sync 2 DAGs
[2023-08-26T17:03:34.533+0000] {logging_mixin.py:120} INFO - [2023-08-26T17:03:34.533+0000] {dag.py:2606} INFO - Creating ORM DAG for example_xcom_args
[2023-08-26T17:03:34.533+0000] {logging_mixin.py:120} INFO - [2023-08-26T17:03:34.533+0000] {dag.py:2606} INFO - Creating ORM DAG for example_xcom_args_with_operators
[2023-08-26T17:03:34.542+0000] {logging_mixin.py:120} INFO - [2023-08-26T17:03:34.542+0000] {dag.py:3340} INFO - Setting next_dagrun for example_xcom_args to None, run_after=None
[2023-08-26T17:03:34.543+0000] {logging_mixin.py:120} INFO - [2023-08-26T17:03:34.543+0000] {dag.py:3340} INFO - Setting next_dagrun for example_xcom_args_with_operators to None, run_after=None
[2023-08-26T17:03:34.559+0000] {processor.py:176} INFO - Processing /home/airflow/.local/lib/python3.7/site-packages/airflow/example_dags/example_xcomargs.py took 0.191 seconds
[2023-08-26T17:04:04.633+0000] {processor.py:154} INFO - Started process (PID=126) to work on /home/airflow/.local/lib/python3.7/site-packages/airflow/example_dags/example_xcomargs.py
[2023-08-26T17:04:04.634+0000] {processor.py:756} INFO - Processing file /home/airflow/.local/lib/python3.7/site-packages/airflow/example_dags/example_xcomargs.py for tasks to queue
[2023-08-26T17:04:04.635+0000] {logging_mixin.py:120} INFO - [2023-08-26T17:04:04.635+0000] {dagbag.py:537} INFO - Filling up the DagBag from /home/airflow/.local/lib/python3.7/site-packages/airflow/example_dags/example_xcomargs.py
[2023-08-26T17:04:04.652+0000] {processor.py:766} INFO - DAG(s) dict_keys(['example_xcom_args', 'example_xcom_args_with_operators']) retrieved from /home/airflow/.local/lib/python3.7/site-packages/airflow/example_dags/example_xcomargs.py
[2023-08-26T17:04:04.683+0000] {logging_mixin.py:120} INFO - [2023-08-26T17:04:04.683+0000] {dag.py:2585} INFO - Sync 2 DAGs
[2023-08-26T17:04:04.700+0000] {logging_mixin.py:120} INFO - [2023-08-26T17:04:04.700+0000] {dag.py:3340} INFO - Setting next_dagrun for example_xcom_args to None, run_after=None
[2023-08-26T17:04:04.703+0000] {logging_mixin.py:120} INFO - [2023-08-26T17:04:04.703+0000] {dag.py:3340} INFO - Setting next_dagrun for example_xcom_args_with_operators to None, run_after=None
[2023-08-26T17:04:04.714+0000] {processor.py:176} INFO - Processing /home/airflow/.local/lib/python3.7/site-packages/airflow/example_dags/example_xcomargs.py took 0.084 seconds
[2023-08-26T17:04:35.674+0000] {processor.py:154} INFO - Started process (PID=190) to work on /home/airflow/.local/lib/python3.7/site-packages/airflow/example_dags/example_xcomargs.py
[2023-08-26T17:04:35.675+0000] {processor.py:756} INFO - Processing file /home/airflow/.local/lib/python3.7/site-packages/airflow/example_dags/example_xcomargs.py for tasks to queue
[2023-08-26T17:04:35.676+0000] {logging_mixin.py:120} INFO - [2023-08-26T17:04:35.676+0000] {dagbag.py:537} INFO - Filling up the DagBag from /home/airflow/.local/lib/python3.7/site-packages/airflow/example_dags/example_xcomargs.py
[2023-08-26T17:04:35.696+0000] {processor.py:766} INFO - DAG(s) dict_keys(['example_xcom_args_with_operators', 'example_xcom_args']) retrieved from /home/airflow/.local/lib/python3.7/site-packages/airflow/example_dags/example_xcomargs.py
[2023-08-26T17:04:35.728+0000] {logging_mixin.py:120} INFO - [2023-08-26T17:04:35.728+0000] {dag.py:2585} INFO - Sync 2 DAGs
[2023-08-26T17:04:35.742+0000] {logging_mixin.py:120} INFO - [2023-08-26T17:04:35.741+0000] {dag.py:3340} INFO - Setting next_dagrun for example_xcom_args to None, run_after=None
[2023-08-26T17:04:35.744+0000] {logging_mixin.py:120} INFO - [2023-08-26T17:04:35.743+0000] {dag.py:3340} INFO - Setting next_dagrun for example_xcom_args_with_operators to None, run_after=None
[2023-08-26T17:04:35.752+0000] {processor.py:176} INFO - Processing /home/airflow/.local/lib/python3.7/site-packages/airflow/example_dags/example_xcomargs.py took 0.082 seconds
[2023-08-26T17:05:06.639+0000] {processor.py:154} INFO - Started process (PID=253) to work on /home/airflow/.local/lib/python3.7/site-packages/airflow/example_dags/example_xcomargs.py
[2023-08-26T17:05:06.640+0000] {processor.py:756} INFO - Processing file /home/airflow/.local/lib/python3.7/site-packages/airflow/example_dags/example_xcomargs.py for tasks to queue
[2023-08-26T17:05:06.641+0000] {logging_mixin.py:120} INFO - [2023-08-26T17:05:06.641+0000] {dagbag.py:537} INFO - Filling up the DagBag from /home/airflow/.local/lib/python3.7/site-packages/airflow/example_dags/example_xcomargs.py
[2023-08-26T17:05:06.657+0000] {processor.py:766} INFO - DAG(s) dict_keys(['example_xcom_args', 'example_xcom_args_with_operators']) retrieved from /home/airflow/.local/lib/python3.7/site-packages/airflow/example_dags/example_xcomargs.py
[2023-08-26T17:05:06.688+0000] {logging_mixin.py:120} INFO - [2023-08-26T17:05:06.688+0000] {dag.py:2585} INFO - Sync 2 DAGs
[2023-08-26T17:05:06.702+0000] {logging_mixin.py:120} INFO - [2023-08-26T17:05:06.702+0000] {dag.py:3340} INFO - Setting next_dagrun for example_xcom_args to None, run_after=None
[2023-08-26T17:05:06.704+0000] {logging_mixin.py:120} INFO - [2023-08-26T17:05:06.704+0000] {dag.py:3340} INFO - Setting next_dagrun for example_xcom_args_with_operators to None, run_after=None
[2023-08-26T17:05:06.713+0000] {processor.py:176} INFO - Processing /home/airflow/.local/lib/python3.7/site-packages/airflow/example_dags/example_xcomargs.py took 0.078 seconds
[2023-08-26T17:05:36.838+0000] {processor.py:154} INFO - Started process (PID=317) to work on /home/airflow/.local/lib/python3.7/site-packages/airflow/example_dags/example_xcomargs.py
[2023-08-26T17:05:36.839+0000] {processor.py:756} INFO - Processing file /home/airflow/.local/lib/python3.7/site-packages/airflow/example_dags/example_xcomargs.py for tasks to queue
[2023-08-26T17:05:36.840+0000] {logging_mixin.py:120} INFO - [2023-08-26T17:05:36.840+0000] {dagbag.py:537} INFO - Filling up the DagBag from /home/airflow/.local/lib/python3.7/site-packages/airflow/example_dags/example_xcomargs.py
[2023-08-26T17:05:36.860+0000] {processor.py:766} INFO - DAG(s) dict_keys(['example_xcom_args_with_operators', 'example_xcom_args']) retrieved from /home/airflow/.local/lib/python3.7/site-packages/airflow/example_dags/example_xcomargs.py
[2023-08-26T17:05:36.891+0000] {logging_mixin.py:120} INFO - [2023-08-26T17:05:36.891+0000] {dag.py:2585} INFO - Sync 2 DAGs
[2023-08-26T17:05:36.905+0000] {logging_mixin.py:120} INFO - [2023-08-26T17:05:36.905+0000] {dag.py:3340} INFO - Setting next_dagrun for example_xcom_args to None, run_after=None
[2023-08-26T17:05:36.907+0000] {logging_mixin.py:120} INFO - [2023-08-26T17:05:36.907+0000] {dag.py:3340} INFO - Setting next_dagrun for example_xcom_args_with_operators to None, run_after=None
[2023-08-26T17:05:36.917+0000] {processor.py:176} INFO - Processing /home/airflow/.local/lib/python3.7/site-packages/airflow/example_dags/example_xcomargs.py took 0.082 seconds
[2023-08-26T17:06:07.876+0000] {processor.py:154} INFO - Started process (PID=380) to work on /home/airflow/.local/lib/python3.7/site-packages/airflow/example_dags/example_xcomargs.py
[2023-08-26T17:06:07.876+0000] {processor.py:756} INFO - Processing file /home/airflow/.local/lib/python3.7/site-packages/airflow/example_dags/example_xcomargs.py for tasks to queue
[2023-08-26T17:06:07.877+0000] {logging_mixin.py:120} INFO - [2023-08-26T17:06:07.877+0000] {dagbag.py:537} INFO - Filling up the DagBag from /home/airflow/.local/lib/python3.7/site-packages/airflow/example_dags/example_xcomargs.py
[2023-08-26T17:06:07.893+0000] {processor.py:766} INFO - DAG(s) dict_keys(['example_xcom_args', 'example_xcom_args_with_operators']) retrieved from /home/airflow/.local/lib/python3.7/site-packages/airflow/example_dags/example_xcomargs.py
[2023-08-26T17:06:07.921+0000] {logging_mixin.py:120} INFO - [2023-08-26T17:06:07.921+0000] {dag.py:2585} INFO - Sync 2 DAGs
[2023-08-26T17:06:07.935+0000] {logging_mixin.py:120} INFO - [2023-08-26T17:06:07.935+0000] {dag.py:3340} INFO - Setting next_dagrun for example_xcom_args to None, run_after=None
[2023-08-26T17:06:07.937+0000] {logging_mixin.py:120} INFO - [2023-08-26T17:06:07.937+0000] {dag.py:3340} INFO - Setting next_dagrun for example_xcom_args_with_operators to None, run_after=None
[2023-08-26T17:06:07.946+0000] {processor.py:176} INFO - Processing /home/airflow/.local/lib/python3.7/site-packages/airflow/example_dags/example_xcomargs.py took 0.073 seconds
[2023-08-26T17:06:38.720+0000] {processor.py:154} INFO - Started process (PID=441) to work on /home/airflow/.local/lib/python3.7/site-packages/airflow/example_dags/example_xcomargs.py
[2023-08-26T17:06:38.721+0000] {processor.py:756} INFO - Processing file /home/airflow/.local/lib/python3.7/site-packages/airflow/example_dags/example_xcomargs.py for tasks to queue
[2023-08-26T17:06:38.722+0000] {logging_mixin.py:120} INFO - [2023-08-26T17:06:38.721+0000] {dagbag.py:537} INFO - Filling up the DagBag from /home/airflow/.local/lib/python3.7/site-packages/airflow/example_dags/example_xcomargs.py
[2023-08-26T17:06:38.738+0000] {processor.py:766} INFO - DAG(s) dict_keys(['example_xcom_args_with_operators', 'example_xcom_args']) retrieved from /home/airflow/.local/lib/python3.7/site-packages/airflow/example_dags/example_xcomargs.py
[2023-08-26T17:06:38.769+0000] {logging_mixin.py:120} INFO - [2023-08-26T17:06:38.768+0000] {dag.py:2585} INFO - Sync 2 DAGs
[2023-08-26T17:06:38.785+0000] {logging_mixin.py:120} INFO - [2023-08-26T17:06:38.784+0000] {dag.py:3340} INFO - Setting next_dagrun for example_xcom_args to None, run_after=None
[2023-08-26T17:06:38.787+0000] {logging_mixin.py:120} INFO - [2023-08-26T17:06:38.787+0000] {dag.py:3340} INFO - Setting next_dagrun for example_xcom_args_with_operators to None, run_after=None
[2023-08-26T17:06:38.798+0000] {processor.py:176} INFO - Processing /home/airflow/.local/lib/python3.7/site-packages/airflow/example_dags/example_xcomargs.py took 0.080 seconds
[2023-08-26T17:07:08.821+0000] {processor.py:154} INFO - Started process (PID=496) to work on /home/airflow/.local/lib/python3.7/site-packages/airflow/example_dags/example_xcomargs.py
[2023-08-26T17:07:08.821+0000] {processor.py:756} INFO - Processing file /home/airflow/.local/lib/python3.7/site-packages/airflow/example_dags/example_xcomargs.py for tasks to queue
[2023-08-26T17:07:08.822+0000] {logging_mixin.py:120} INFO - [2023-08-26T17:07:08.822+0000] {dagbag.py:537} INFO - Filling up the DagBag from /home/airflow/.local/lib/python3.7/site-packages/airflow/example_dags/example_xcomargs.py
[2023-08-26T17:07:08.836+0000] {processor.py:766} INFO - DAG(s) dict_keys(['example_xcom_args_with_operators', 'example_xcom_args']) retrieved from /home/airflow/.local/lib/python3.7/site-packages/airflow/example_dags/example_xcomargs.py
[2023-08-26T17:07:08.864+0000] {logging_mixin.py:120} INFO - [2023-08-26T17:07:08.864+0000] {dag.py:2585} INFO - Sync 2 DAGs
[2023-08-26T17:07:08.879+0000] {logging_mixin.py:120} INFO - [2023-08-26T17:07:08.879+0000] {dag.py:3340} INFO - Setting next_dagrun for example_xcom_args to None, run_after=None
[2023-08-26T17:07:08.881+0000] {logging_mixin.py:120} INFO - [2023-08-26T17:07:08.881+0000] {dag.py:3340} INFO - Setting next_dagrun for example_xcom_args_with_operators to None, run_after=None
[2023-08-26T17:07:08.892+0000] {processor.py:176} INFO - Processing /home/airflow/.local/lib/python3.7/site-packages/airflow/example_dags/example_xcomargs.py took 0.073 seconds
[2023-08-26T17:07:39.078+0000] {processor.py:154} INFO - Started process (PID=559) to work on /home/airflow/.local/lib/python3.7/site-packages/airflow/example_dags/example_xcomargs.py
[2023-08-26T17:07:39.079+0000] {processor.py:756} INFO - Processing file /home/airflow/.local/lib/python3.7/site-packages/airflow/example_dags/example_xcomargs.py for tasks to queue
[2023-08-26T17:07:39.079+0000] {logging_mixin.py:120} INFO - [2023-08-26T17:07:39.079+0000] {dagbag.py:537} INFO - Filling up the DagBag from /home/airflow/.local/lib/python3.7/site-packages/airflow/example_dags/example_xcomargs.py
[2023-08-26T17:07:39.094+0000] {processor.py:766} INFO - DAG(s) dict_keys(['example_xcom_args_with_operators', 'example_xcom_args']) retrieved from /home/airflow/.local/lib/python3.7/site-packages/airflow/example_dags/example_xcomargs.py
[2023-08-26T17:07:39.120+0000] {logging_mixin.py:120} INFO - [2023-08-26T17:07:39.120+0000] {dag.py:2585} INFO - Sync 2 DAGs
[2023-08-26T17:07:39.134+0000] {logging_mixin.py:120} INFO - [2023-08-26T17:07:39.134+0000] {dag.py:3340} INFO - Setting next_dagrun for example_xcom_args to None, run_after=None
[2023-08-26T17:07:39.136+0000] {logging_mixin.py:120} INFO - [2023-08-26T17:07:39.136+0000] {dag.py:3340} INFO - Setting next_dagrun for example_xcom_args_with_operators to None, run_after=None
[2023-08-26T17:07:39.145+0000] {processor.py:176} INFO - Processing /home/airflow/.local/lib/python3.7/site-packages/airflow/example_dags/example_xcomargs.py took 0.069 seconds
[2023-08-26T17:08:09.962+0000] {processor.py:154} INFO - Started process (PID=622) to work on /home/airflow/.local/lib/python3.7/site-packages/airflow/example_dags/example_xcomargs.py
[2023-08-26T17:08:09.963+0000] {processor.py:756} INFO - Processing file /home/airflow/.local/lib/python3.7/site-packages/airflow/example_dags/example_xcomargs.py for tasks to queue
[2023-08-26T17:08:09.963+0000] {logging_mixin.py:120} INFO - [2023-08-26T17:08:09.963+0000] {dagbag.py:537} INFO - Filling up the DagBag from /home/airflow/.local/lib/python3.7/site-packages/airflow/example_dags/example_xcomargs.py
[2023-08-26T17:08:09.979+0000] {processor.py:766} INFO - DAG(s) dict_keys(['example_xcom_args', 'example_xcom_args_with_operators']) retrieved from /home/airflow/.local/lib/python3.7/site-packages/airflow/example_dags/example_xcomargs.py
[2023-08-26T17:08:10.005+0000] {logging_mixin.py:120} INFO - [2023-08-26T17:08:10.005+0000] {dag.py:2585} INFO - Sync 2 DAGs
[2023-08-26T17:08:10.020+0000] {logging_mixin.py:120} INFO - [2023-08-26T17:08:10.020+0000] {dag.py:3340} INFO - Setting next_dagrun for example_xcom_args to None, run_after=None
[2023-08-26T17:08:10.022+0000] {logging_mixin.py:120} INFO - [2023-08-26T17:08:10.022+0000] {dag.py:3340} INFO - Setting next_dagrun for example_xcom_args_with_operators to None, run_after=None
[2023-08-26T17:08:10.031+0000] {processor.py:176} INFO - Processing /home/airflow/.local/lib/python3.7/site-packages/airflow/example_dags/example_xcomargs.py took 0.071 seconds
[2023-08-26T17:08:41.074+0000] {processor.py:154} INFO - Started process (PID=685) to work on /home/airflow/.local/lib/python3.7/site-packages/airflow/example_dags/example_xcomargs.py
[2023-08-26T17:08:41.075+0000] {processor.py:756} INFO - Processing file /home/airflow/.local/lib/python3.7/site-packages/airflow/example_dags/example_xcomargs.py for tasks to queue
[2023-08-26T17:08:41.075+0000] {logging_mixin.py:120} INFO - [2023-08-26T17:08:41.075+0000] {dagbag.py:537} INFO - Filling up the DagBag from /home/airflow/.local/lib/python3.7/site-packages/airflow/example_dags/example_xcomargs.py
[2023-08-26T17:08:41.089+0000] {processor.py:766} INFO - DAG(s) dict_keys(['example_xcom_args', 'example_xcom_args_with_operators']) retrieved from /home/airflow/.local/lib/python3.7/site-packages/airflow/example_dags/example_xcomargs.py
[2023-08-26T17:08:41.119+0000] {logging_mixin.py:120} INFO - [2023-08-26T17:08:41.119+0000] {dag.py:2585} INFO - Sync 2 DAGs
[2023-08-26T17:08:41.132+0000] {logging_mixin.py:120} INFO - [2023-08-26T17:08:41.132+0000] {dag.py:3340} INFO - Setting next_dagrun for example_xcom_args to None, run_after=None
[2023-08-26T17:08:41.135+0000] {logging_mixin.py:120} INFO - [2023-08-26T17:08:41.135+0000] {dag.py:3340} INFO - Setting next_dagrun for example_xcom_args_with_operators to None, run_after=None
[2023-08-26T17:08:41.147+0000] {processor.py:176} INFO - Processing /home/airflow/.local/lib/python3.7/site-packages/airflow/example_dags/example_xcomargs.py took 0.076 seconds
[2023-08-26T17:09:11.448+0000] {processor.py:154} INFO - Started process (PID=747) to work on /home/airflow/.local/lib/python3.7/site-packages/airflow/example_dags/example_xcomargs.py
[2023-08-26T17:09:11.448+0000] {processor.py:756} INFO - Processing file /home/airflow/.local/lib/python3.7/site-packages/airflow/example_dags/example_xcomargs.py for tasks to queue
[2023-08-26T17:09:11.449+0000] {logging_mixin.py:120} INFO - [2023-08-26T17:09:11.449+0000] {dagbag.py:537} INFO - Filling up the DagBag from /home/airflow/.local/lib/python3.7/site-packages/airflow/example_dags/example_xcomargs.py
[2023-08-26T17:09:11.464+0000] {processor.py:766} INFO - DAG(s) dict_keys(['example_xcom_args', 'example_xcom_args_with_operators']) retrieved from /home/airflow/.local/lib/python3.7/site-packages/airflow/example_dags/example_xcomargs.py
[2023-08-26T17:09:11.493+0000] {logging_mixin.py:120} INFO - [2023-08-26T17:09:11.492+0000] {dag.py:2585} INFO - Sync 2 DAGs
[2023-08-26T17:09:11.509+0000] {logging_mixin.py:120} INFO - [2023-08-26T17:09:11.509+0000] {dag.py:3340} INFO - Setting next_dagrun for example_xcom_args to None, run_after=None
[2023-08-26T17:09:11.511+0000] {logging_mixin.py:120} INFO - [2023-08-26T17:09:11.511+0000] {dag.py:3340} INFO - Setting next_dagrun for example_xcom_args_with_operators to None, run_after=None
[2023-08-26T17:09:11.524+0000] {processor.py:176} INFO - Processing /home/airflow/.local/lib/python3.7/site-packages/airflow/example_dags/example_xcomargs.py took 0.078 seconds
[2023-08-26T17:09:41.678+0000] {processor.py:154} INFO - Started process (PID=801) to work on /home/airflow/.local/lib/python3.7/site-packages/airflow/example_dags/example_xcomargs.py
[2023-08-26T17:09:41.679+0000] {processor.py:756} INFO - Processing file /home/airflow/.local/lib/python3.7/site-packages/airflow/example_dags/example_xcomargs.py for tasks to queue
[2023-08-26T17:09:41.680+0000] {logging_mixin.py:120} INFO - [2023-08-26T17:09:41.680+0000] {dagbag.py:537} INFO - Filling up the DagBag from /home/airflow/.local/lib/python3.7/site-packages/airflow/example_dags/example_xcomargs.py
[2023-08-26T17:09:41.695+0000] {processor.py:766} INFO - DAG(s) dict_keys(['example_xcom_args_with_operators', 'example_xcom_args']) retrieved from /home/airflow/.local/lib/python3.7/site-packages/airflow/example_dags/example_xcomargs.py
[2023-08-26T17:09:41.731+0000] {logging_mixin.py:120} INFO - [2023-08-26T17:09:41.731+0000] {dag.py:2585} INFO - Sync 2 DAGs
[2023-08-26T17:09:41.749+0000] {logging_mixin.py:120} INFO - [2023-08-26T17:09:41.749+0000] {dag.py:3340} INFO - Setting next_dagrun for example_xcom_args to None, run_after=None
[2023-08-26T17:09:41.752+0000] {logging_mixin.py:120} INFO - [2023-08-26T17:09:41.752+0000] {dag.py:3340} INFO - Setting next_dagrun for example_xcom_args_with_operators to None, run_after=None
[2023-08-26T17:09:41.766+0000] {processor.py:176} INFO - Processing /home/airflow/.local/lib/python3.7/site-packages/airflow/example_dags/example_xcomargs.py took 0.090 seconds
[2023-08-26T17:10:11.834+0000] {processor.py:154} INFO - Started process (PID=864) to work on /home/airflow/.local/lib/python3.7/site-packages/airflow/example_dags/example_xcomargs.py
[2023-08-26T17:10:11.834+0000] {processor.py:756} INFO - Processing file /home/airflow/.local/lib/python3.7/site-packages/airflow/example_dags/example_xcomargs.py for tasks to queue
[2023-08-26T17:10:11.835+0000] {logging_mixin.py:120} INFO - [2023-08-26T17:10:11.835+0000] {dagbag.py:537} INFO - Filling up the DagBag from /home/airflow/.local/lib/python3.7/site-packages/airflow/example_dags/example_xcomargs.py
[2023-08-26T17:10:11.849+0000] {processor.py:766} INFO - DAG(s) dict_keys(['example_xcom_args', 'example_xcom_args_with_operators']) retrieved from /home/airflow/.local/lib/python3.7/site-packages/airflow/example_dags/example_xcomargs.py
[2023-08-26T17:10:11.877+0000] {logging_mixin.py:120} INFO - [2023-08-26T17:10:11.877+0000] {dag.py:2585} INFO - Sync 2 DAGs
[2023-08-26T17:10:11.892+0000] {logging_mixin.py:120} INFO - [2023-08-26T17:10:11.892+0000] {dag.py:3340} INFO - Setting next_dagrun for example_xcom_args to None, run_after=None
[2023-08-26T17:10:11.894+0000] {logging_mixin.py:120} INFO - [2023-08-26T17:10:11.894+0000] {dag.py:3340} INFO - Setting next_dagrun for example_xcom_args_with_operators to None, run_after=None
[2023-08-26T17:10:11.905+0000] {processor.py:176} INFO - Processing /home/airflow/.local/lib/python3.7/site-packages/airflow/example_dags/example_xcomargs.py took 0.073 seconds
[2023-08-26T17:10:42.091+0000] {processor.py:154} INFO - Started process (PID=927) to work on /home/airflow/.local/lib/python3.7/site-packages/airflow/example_dags/example_xcomargs.py
[2023-08-26T17:10:42.092+0000] {processor.py:756} INFO - Processing file /home/airflow/.local/lib/python3.7/site-packages/airflow/example_dags/example_xcomargs.py for tasks to queue
[2023-08-26T17:10:42.092+0000] {logging_mixin.py:120} INFO - [2023-08-26T17:10:42.092+0000] {dagbag.py:537} INFO - Filling up the DagBag from /home/airflow/.local/lib/python3.7/site-packages/airflow/example_dags/example_xcomargs.py
[2023-08-26T17:10:42.111+0000] {processor.py:766} INFO - DAG(s) dict_keys(['example_xcom_args_with_operators', 'example_xcom_args']) retrieved from /home/airflow/.local/lib/python3.7/site-packages/airflow/example_dags/example_xcomargs.py
[2023-08-26T17:10:42.145+0000] {logging_mixin.py:120} INFO - [2023-08-26T17:10:42.145+0000] {dag.py:2585} INFO - Sync 2 DAGs
[2023-08-26T17:10:42.160+0000] {logging_mixin.py:120} INFO - [2023-08-26T17:10:42.160+0000] {dag.py:3340} INFO - Setting next_dagrun for example_xcom_args to None, run_after=None
[2023-08-26T17:10:42.162+0000] {logging_mixin.py:120} INFO - [2023-08-26T17:10:42.162+0000] {dag.py:3340} INFO - Setting next_dagrun for example_xcom_args_with_operators to None, run_after=None
[2023-08-26T17:10:42.173+0000] {processor.py:176} INFO - Processing /home/airflow/.local/lib/python3.7/site-packages/airflow/example_dags/example_xcomargs.py took 0.085 seconds
[2023-08-26T17:11:12.197+0000] {processor.py:154} INFO - Started process (PID=990) to work on /home/airflow/.local/lib/python3.7/site-packages/airflow/example_dags/example_xcomargs.py
[2023-08-26T17:11:12.197+0000] {processor.py:756} INFO - Processing file /home/airflow/.local/lib/python3.7/site-packages/airflow/example_dags/example_xcomargs.py for tasks to queue
[2023-08-26T17:11:12.198+0000] {logging_mixin.py:120} INFO - [2023-08-26T17:11:12.198+0000] {dagbag.py:537} INFO - Filling up the DagBag from /home/airflow/.local/lib/python3.7/site-packages/airflow/example_dags/example_xcomargs.py
[2023-08-26T17:11:12.212+0000] {processor.py:766} INFO - DAG(s) dict_keys(['example_xcom_args_with_operators', 'example_xcom_args']) retrieved from /home/airflow/.local/lib/python3.7/site-packages/airflow/example_dags/example_xcomargs.py
[2023-08-26T17:11:12.239+0000] {logging_mixin.py:120} INFO - [2023-08-26T17:11:12.239+0000] {dag.py:2585} INFO - Sync 2 DAGs
[2023-08-26T17:11:12.252+0000] {logging_mixin.py:120} INFO - [2023-08-26T17:11:12.252+0000] {dag.py:3340} INFO - Setting next_dagrun for example_xcom_args to None, run_after=None
[2023-08-26T17:11:12.254+0000] {logging_mixin.py:120} INFO - [2023-08-26T17:11:12.254+0000] {dag.py:3340} INFO - Setting next_dagrun for example_xcom_args_with_operators to None, run_after=None
[2023-08-26T17:11:12.264+0000] {processor.py:176} INFO - Processing /home/airflow/.local/lib/python3.7/site-packages/airflow/example_dags/example_xcomargs.py took 0.070 seconds
[2023-08-26T17:11:43.198+0000] {processor.py:154} INFO - Started process (PID=1052) to work on /home/airflow/.local/lib/python3.7/site-packages/airflow/example_dags/example_xcomargs.py
[2023-08-26T17:11:43.199+0000] {processor.py:756} INFO - Processing file /home/airflow/.local/lib/python3.7/site-packages/airflow/example_dags/example_xcomargs.py for tasks to queue
[2023-08-26T17:11:43.200+0000] {logging_mixin.py:120} INFO - [2023-08-26T17:11:43.200+0000] {dagbag.py:537} INFO - Filling up the DagBag from /home/airflow/.local/lib/python3.7/site-packages/airflow/example_dags/example_xcomargs.py
[2023-08-26T17:11:43.216+0000] {processor.py:766} INFO - DAG(s) dict_keys(['example_xcom_args_with_operators', 'example_xcom_args']) retrieved from /home/airflow/.local/lib/python3.7/site-packages/airflow/example_dags/example_xcomargs.py
[2023-08-26T17:11:43.248+0000] {logging_mixin.py:120} INFO - [2023-08-26T17:11:43.248+0000] {dag.py:2585} INFO - Sync 2 DAGs
[2023-08-26T17:11:43.261+0000] {logging_mixin.py:120} INFO - [2023-08-26T17:11:43.261+0000] {dag.py:3340} INFO - Setting next_dagrun for example_xcom_args to None, run_after=None
[2023-08-26T17:11:43.264+0000] {logging_mixin.py:120} INFO - [2023-08-26T17:11:43.263+0000] {dag.py:3340} INFO - Setting next_dagrun for example_xcom_args_with_operators to None, run_after=None
[2023-08-26T17:11:43.275+0000] {processor.py:176} INFO - Processing /home/airflow/.local/lib/python3.7/site-packages/airflow/example_dags/example_xcomargs.py took 0.080 seconds
[2023-08-26T17:12:14.317+0000] {processor.py:154} INFO - Started process (PID=1115) to work on /home/airflow/.local/lib/python3.7/site-packages/airflow/example_dags/example_xcomargs.py
[2023-08-26T17:12:14.318+0000] {processor.py:756} INFO - Processing file /home/airflow/.local/lib/python3.7/site-packages/airflow/example_dags/example_xcomargs.py for tasks to queue
[2023-08-26T17:12:14.319+0000] {logging_mixin.py:120} INFO - [2023-08-26T17:12:14.319+0000] {dagbag.py:537} INFO - Filling up the DagBag from /home/airflow/.local/lib/python3.7/site-packages/airflow/example_dags/example_xcomargs.py
[2023-08-26T17:12:14.333+0000] {processor.py:766} INFO - DAG(s) dict_keys(['example_xcom_args_with_operators', 'example_xcom_args']) retrieved from /home/airflow/.local/lib/python3.7/site-packages/airflow/example_dags/example_xcomargs.py
[2023-08-26T17:12:14.361+0000] {logging_mixin.py:120} INFO - [2023-08-26T17:12:14.360+0000] {dag.py:2585} INFO - Sync 2 DAGs
[2023-08-26T17:12:14.375+0000] {logging_mixin.py:120} INFO - [2023-08-26T17:12:14.375+0000] {dag.py:3340} INFO - Setting next_dagrun for example_xcom_args to None, run_after=None
[2023-08-26T17:12:14.377+0000] {logging_mixin.py:120} INFO - [2023-08-26T17:12:14.377+0000] {dag.py:3340} INFO - Setting next_dagrun for example_xcom_args_with_operators to None, run_after=None
[2023-08-26T17:12:14.388+0000] {processor.py:176} INFO - Processing /home/airflow/.local/lib/python3.7/site-packages/airflow/example_dags/example_xcomargs.py took 0.072 seconds
[2023-08-26T17:12:45.542+0000] {processor.py:154} INFO - Started process (PID=1184) to work on /home/airflow/.local/lib/python3.7/site-packages/airflow/example_dags/example_xcomargs.py
[2023-08-26T17:12:45.543+0000] {processor.py:756} INFO - Processing file /home/airflow/.local/lib/python3.7/site-packages/airflow/example_dags/example_xcomargs.py for tasks to queue
[2023-08-26T17:12:45.544+0000] {logging_mixin.py:120} INFO - [2023-08-26T17:12:45.544+0000] {dagbag.py:537} INFO - Filling up the DagBag from /home/airflow/.local/lib/python3.7/site-packages/airflow/example_dags/example_xcomargs.py
[2023-08-26T17:12:45.559+0000] {processor.py:766} INFO - DAG(s) dict_keys(['example_xcom_args', 'example_xcom_args_with_operators']) retrieved from /home/airflow/.local/lib/python3.7/site-packages/airflow/example_dags/example_xcomargs.py
[2023-08-26T17:12:45.587+0000] {logging_mixin.py:120} INFO - [2023-08-26T17:12:45.587+0000] {dag.py:2585} INFO - Sync 2 DAGs
[2023-08-26T17:12:45.602+0000] {logging_mixin.py:120} INFO - [2023-08-26T17:12:45.602+0000] {dag.py:3340} INFO - Setting next_dagrun for example_xcom_args to None, run_after=None
[2023-08-26T17:12:45.604+0000] {logging_mixin.py:120} INFO - [2023-08-26T17:12:45.604+0000] {dag.py:3340} INFO - Setting next_dagrun for example_xcom_args_with_operators to None, run_after=None
[2023-08-26T17:12:45.613+0000] {processor.py:176} INFO - Processing /home/airflow/.local/lib/python3.7/site-packages/airflow/example_dags/example_xcomargs.py took 0.073 seconds
[2023-08-26T17:13:15.809+0000] {processor.py:154} INFO - Started process (PID=1238) to work on /home/airflow/.local/lib/python3.7/site-packages/airflow/example_dags/example_xcomargs.py
[2023-08-26T17:13:15.809+0000] {processor.py:756} INFO - Processing file /home/airflow/.local/lib/python3.7/site-packages/airflow/example_dags/example_xcomargs.py for tasks to queue
[2023-08-26T17:13:15.810+0000] {logging_mixin.py:120} INFO - [2023-08-26T17:13:15.810+0000] {dagbag.py:537} INFO - Filling up the DagBag from /home/airflow/.local/lib/python3.7/site-packages/airflow/example_dags/example_xcomargs.py
[2023-08-26T17:13:15.824+0000] {processor.py:766} INFO - DAG(s) dict_keys(['example_xcom_args_with_operators', 'example_xcom_args']) retrieved from /home/airflow/.local/lib/python3.7/site-packages/airflow/example_dags/example_xcomargs.py
[2023-08-26T17:13:15.861+0000] {logging_mixin.py:120} INFO - [2023-08-26T17:13:15.861+0000] {dag.py:2585} INFO - Sync 2 DAGs
[2023-08-26T17:13:15.879+0000] {logging_mixin.py:120} INFO - [2023-08-26T17:13:15.879+0000] {dag.py:3340} INFO - Setting next_dagrun for example_xcom_args to None, run_after=None
[2023-08-26T17:13:15.881+0000] {logging_mixin.py:120} INFO - [2023-08-26T17:13:15.881+0000] {dag.py:3340} INFO - Setting next_dagrun for example_xcom_args_with_operators to None, run_after=None
[2023-08-26T17:13:15.893+0000] {processor.py:176} INFO - Processing /home/airflow/.local/lib/python3.7/site-packages/airflow/example_dags/example_xcomargs.py took 0.087 seconds
[2023-08-26T17:13:45.933+0000] {processor.py:154} INFO - Started process (PID=1301) to work on /home/airflow/.local/lib/python3.7/site-packages/airflow/example_dags/example_xcomargs.py
[2023-08-26T17:13:45.933+0000] {processor.py:756} INFO - Processing file /home/airflow/.local/lib/python3.7/site-packages/airflow/example_dags/example_xcomargs.py for tasks to queue
[2023-08-26T17:13:45.934+0000] {logging_mixin.py:120} INFO - [2023-08-26T17:13:45.934+0000] {dagbag.py:537} INFO - Filling up the DagBag from /home/airflow/.local/lib/python3.7/site-packages/airflow/example_dags/example_xcomargs.py
[2023-08-26T17:13:45.947+0000] {processor.py:766} INFO - DAG(s) dict_keys(['example_xcom_args', 'example_xcom_args_with_operators']) retrieved from /home/airflow/.local/lib/python3.7/site-packages/airflow/example_dags/example_xcomargs.py
[2023-08-26T17:13:45.974+0000] {logging_mixin.py:120} INFO - [2023-08-26T17:13:45.974+0000] {dag.py:2585} INFO - Sync 2 DAGs
[2023-08-26T17:13:45.989+0000] {logging_mixin.py:120} INFO - [2023-08-26T17:13:45.989+0000] {dag.py:3340} INFO - Setting next_dagrun for example_xcom_args to None, run_after=None
[2023-08-26T17:13:45.992+0000] {logging_mixin.py:120} INFO - [2023-08-26T17:13:45.992+0000] {dag.py:3340} INFO - Setting next_dagrun for example_xcom_args_with_operators to None, run_after=None
[2023-08-26T17:13:46.002+0000] {processor.py:176} INFO - Processing /home/airflow/.local/lib/python3.7/site-packages/airflow/example_dags/example_xcomargs.py took 0.072 seconds
[2023-08-26T17:14:16.998+0000] {processor.py:154} INFO - Started process (PID=1364) to work on /home/airflow/.local/lib/python3.7/site-packages/airflow/example_dags/example_xcomargs.py
[2023-08-26T17:14:16.999+0000] {processor.py:756} INFO - Processing file /home/airflow/.local/lib/python3.7/site-packages/airflow/example_dags/example_xcomargs.py for tasks to queue
[2023-08-26T17:14:17.000+0000] {logging_mixin.py:120} INFO - [2023-08-26T17:14:17.000+0000] {dagbag.py:537} INFO - Filling up the DagBag from /home/airflow/.local/lib/python3.7/site-packages/airflow/example_dags/example_xcomargs.py
[2023-08-26T17:14:17.014+0000] {processor.py:766} INFO - DAG(s) dict_keys(['example_xcom_args_with_operators', 'example_xcom_args']) retrieved from /home/airflow/.local/lib/python3.7/site-packages/airflow/example_dags/example_xcomargs.py
[2023-08-26T17:14:17.051+0000] {logging_mixin.py:120} INFO - [2023-08-26T17:14:17.051+0000] {dag.py:2585} INFO - Sync 2 DAGs
[2023-08-26T17:14:17.070+0000] {logging_mixin.py:120} INFO - [2023-08-26T17:14:17.070+0000] {dag.py:3340} INFO - Setting next_dagrun for example_xcom_args to None, run_after=None
[2023-08-26T17:14:17.072+0000] {logging_mixin.py:120} INFO - [2023-08-26T17:14:17.072+0000] {dag.py:3340} INFO - Setting next_dagrun for example_xcom_args_with_operators to None, run_after=None
[2023-08-26T17:14:17.084+0000] {processor.py:176} INFO - Processing /home/airflow/.local/lib/python3.7/site-packages/airflow/example_dags/example_xcomargs.py took 0.088 seconds
[2023-08-26T17:14:47.252+0000] {processor.py:154} INFO - Started process (PID=1429) to work on /home/airflow/.local/lib/python3.7/site-packages/airflow/example_dags/example_xcomargs.py
[2023-08-26T17:14:47.253+0000] {processor.py:756} INFO - Processing file /home/airflow/.local/lib/python3.7/site-packages/airflow/example_dags/example_xcomargs.py for tasks to queue
[2023-08-26T17:14:47.254+0000] {logging_mixin.py:120} INFO - [2023-08-26T17:14:47.254+0000] {dagbag.py:537} INFO - Filling up the DagBag from /home/airflow/.local/lib/python3.7/site-packages/airflow/example_dags/example_xcomargs.py
[2023-08-26T17:14:47.269+0000] {processor.py:766} INFO - DAG(s) dict_keys(['example_xcom_args', 'example_xcom_args_with_operators']) retrieved from /home/airflow/.local/lib/python3.7/site-packages/airflow/example_dags/example_xcomargs.py
[2023-08-26T17:14:47.300+0000] {logging_mixin.py:120} INFO - [2023-08-26T17:14:47.300+0000] {dag.py:2585} INFO - Sync 2 DAGs
[2023-08-26T17:14:47.316+0000] {logging_mixin.py:120} INFO - [2023-08-26T17:14:47.316+0000] {dag.py:3340} INFO - Setting next_dagrun for example_xcom_args to None, run_after=None
[2023-08-26T17:14:47.318+0000] {logging_mixin.py:120} INFO - [2023-08-26T17:14:47.318+0000] {dag.py:3340} INFO - Setting next_dagrun for example_xcom_args_with_operators to None, run_after=None
[2023-08-26T17:14:47.330+0000] {processor.py:176} INFO - Processing /home/airflow/.local/lib/python3.7/site-packages/airflow/example_dags/example_xcomargs.py took 0.080 seconds
[2023-08-26T17:15:17.375+0000] {processor.py:154} INFO - Started process (PID=1492) to work on /home/airflow/.local/lib/python3.7/site-packages/airflow/example_dags/example_xcomargs.py
[2023-08-26T17:15:17.376+0000] {processor.py:756} INFO - Processing file /home/airflow/.local/lib/python3.7/site-packages/airflow/example_dags/example_xcomargs.py for tasks to queue
[2023-08-26T17:15:17.377+0000] {logging_mixin.py:120} INFO - [2023-08-26T17:15:17.377+0000] {dagbag.py:537} INFO - Filling up the DagBag from /home/airflow/.local/lib/python3.7/site-packages/airflow/example_dags/example_xcomargs.py
[2023-08-26T17:15:17.391+0000] {processor.py:766} INFO - DAG(s) dict_keys(['example_xcom_args', 'example_xcom_args_with_operators']) retrieved from /home/airflow/.local/lib/python3.7/site-packages/airflow/example_dags/example_xcomargs.py
[2023-08-26T17:15:17.418+0000] {logging_mixin.py:120} INFO - [2023-08-26T17:15:17.418+0000] {dag.py:2585} INFO - Sync 2 DAGs
[2023-08-26T17:15:17.431+0000] {logging_mixin.py:120} INFO - [2023-08-26T17:15:17.431+0000] {dag.py:3340} INFO - Setting next_dagrun for example_xcom_args to None, run_after=None
[2023-08-26T17:15:17.434+0000] {logging_mixin.py:120} INFO - [2023-08-26T17:15:17.434+0000] {dag.py:3340} INFO - Setting next_dagrun for example_xcom_args_with_operators to None, run_after=None
[2023-08-26T17:15:17.442+0000] {processor.py:176} INFO - Processing /home/airflow/.local/lib/python3.7/site-packages/airflow/example_dags/example_xcomargs.py took 0.069 seconds
[2023-08-26T17:15:47.549+0000] {processor.py:154} INFO - Started process (PID=1547) to work on /home/airflow/.local/lib/python3.7/site-packages/airflow/example_dags/example_xcomargs.py
[2023-08-26T17:15:47.549+0000] {processor.py:756} INFO - Processing file /home/airflow/.local/lib/python3.7/site-packages/airflow/example_dags/example_xcomargs.py for tasks to queue
[2023-08-26T17:15:47.550+0000] {logging_mixin.py:120} INFO - [2023-08-26T17:15:47.550+0000] {dagbag.py:537} INFO - Filling up the DagBag from /home/airflow/.local/lib/python3.7/site-packages/airflow/example_dags/example_xcomargs.py
[2023-08-26T17:15:47.564+0000] {processor.py:766} INFO - DAG(s) dict_keys(['example_xcom_args', 'example_xcom_args_with_operators']) retrieved from /home/airflow/.local/lib/python3.7/site-packages/airflow/example_dags/example_xcomargs.py
[2023-08-26T17:15:47.590+0000] {logging_mixin.py:120} INFO - [2023-08-26T17:15:47.590+0000] {dag.py:2585} INFO - Sync 2 DAGs
[2023-08-26T17:15:47.604+0000] {logging_mixin.py:120} INFO - [2023-08-26T17:15:47.604+0000] {dag.py:3340} INFO - Setting next_dagrun for example_xcom_args to None, run_after=None
[2023-08-26T17:15:47.607+0000] {logging_mixin.py:120} INFO - [2023-08-26T17:15:47.607+0000] {dag.py:3340} INFO - Setting next_dagrun for example_xcom_args_with_operators to None, run_after=None
[2023-08-26T17:15:47.619+0000] {processor.py:176} INFO - Processing /home/airflow/.local/lib/python3.7/site-packages/airflow/example_dags/example_xcomargs.py took 0.073 seconds
[2023-08-26T17:16:18.550+0000] {processor.py:154} INFO - Started process (PID=1610) to work on /home/airflow/.local/lib/python3.7/site-packages/airflow/example_dags/example_xcomargs.py
[2023-08-26T17:16:18.550+0000] {processor.py:756} INFO - Processing file /home/airflow/.local/lib/python3.7/site-packages/airflow/example_dags/example_xcomargs.py for tasks to queue
[2023-08-26T17:16:18.551+0000] {logging_mixin.py:120} INFO - [2023-08-26T17:16:18.551+0000] {dagbag.py:537} INFO - Filling up the DagBag from /home/airflow/.local/lib/python3.7/site-packages/airflow/example_dags/example_xcomargs.py
[2023-08-26T17:16:18.565+0000] {processor.py:766} INFO - DAG(s) dict_keys(['example_xcom_args_with_operators', 'example_xcom_args']) retrieved from /home/airflow/.local/lib/python3.7/site-packages/airflow/example_dags/example_xcomargs.py
[2023-08-26T17:16:18.592+0000] {logging_mixin.py:120} INFO - [2023-08-26T17:16:18.592+0000] {dag.py:2585} INFO - Sync 2 DAGs
[2023-08-26T17:16:18.607+0000] {logging_mixin.py:120} INFO - [2023-08-26T17:16:18.606+0000] {dag.py:3340} INFO - Setting next_dagrun for example_xcom_args to None, run_after=None
[2023-08-26T17:16:18.609+0000] {logging_mixin.py:120} INFO - [2023-08-26T17:16:18.609+0000] {dag.py:3340} INFO - Setting next_dagrun for example_xcom_args_with_operators to None, run_after=None
[2023-08-26T17:16:18.618+0000] {processor.py:176} INFO - Processing /home/airflow/.local/lib/python3.7/site-packages/airflow/example_dags/example_xcomargs.py took 0.070 seconds
[2023-08-26T17:16:49.636+0000] {processor.py:154} INFO - Started process (PID=1673) to work on /home/airflow/.local/lib/python3.7/site-packages/airflow/example_dags/example_xcomargs.py
[2023-08-26T17:16:49.637+0000] {processor.py:756} INFO - Processing file /home/airflow/.local/lib/python3.7/site-packages/airflow/example_dags/example_xcomargs.py for tasks to queue
[2023-08-26T17:16:49.638+0000] {logging_mixin.py:120} INFO - [2023-08-26T17:16:49.638+0000] {dagbag.py:537} INFO - Filling up the DagBag from /home/airflow/.local/lib/python3.7/site-packages/airflow/example_dags/example_xcomargs.py
[2023-08-26T17:16:49.652+0000] {processor.py:766} INFO - DAG(s) dict_keys(['example_xcom_args_with_operators', 'example_xcom_args']) retrieved from /home/airflow/.local/lib/python3.7/site-packages/airflow/example_dags/example_xcomargs.py
[2023-08-26T17:16:49.679+0000] {logging_mixin.py:120} INFO - [2023-08-26T17:16:49.679+0000] {dag.py:2585} INFO - Sync 2 DAGs
[2023-08-26T17:16:49.693+0000] {logging_mixin.py:120} INFO - [2023-08-26T17:16:49.693+0000] {dag.py:3340} INFO - Setting next_dagrun for example_xcom_args to None, run_after=None
[2023-08-26T17:16:49.696+0000] {logging_mixin.py:120} INFO - [2023-08-26T17:16:49.696+0000] {dag.py:3340} INFO - Setting next_dagrun for example_xcom_args_with_operators to None, run_after=None
[2023-08-26T17:16:49.705+0000] {processor.py:176} INFO - Processing /home/airflow/.local/lib/python3.7/site-packages/airflow/example_dags/example_xcomargs.py took 0.072 seconds
[2023-08-26T17:17:19.819+0000] {processor.py:154} INFO - Started process (PID=1737) to work on /home/airflow/.local/lib/python3.7/site-packages/airflow/example_dags/example_xcomargs.py
[2023-08-26T17:17:19.819+0000] {processor.py:756} INFO - Processing file /home/airflow/.local/lib/python3.7/site-packages/airflow/example_dags/example_xcomargs.py for tasks to queue
[2023-08-26T17:17:19.820+0000] {logging_mixin.py:120} INFO - [2023-08-26T17:17:19.820+0000] {dagbag.py:537} INFO - Filling up the DagBag from /home/airflow/.local/lib/python3.7/site-packages/airflow/example_dags/example_xcomargs.py
[2023-08-26T17:17:19.834+0000] {processor.py:766} INFO - DAG(s) dict_keys(['example_xcom_args_with_operators', 'example_xcom_args']) retrieved from /home/airflow/.local/lib/python3.7/site-packages/airflow/example_dags/example_xcomargs.py
[2023-08-26T17:17:19.863+0000] {logging_mixin.py:120} INFO - [2023-08-26T17:17:19.863+0000] {dag.py:2585} INFO - Sync 2 DAGs
[2023-08-26T17:17:19.877+0000] {logging_mixin.py:120} INFO - [2023-08-26T17:17:19.877+0000] {dag.py:3340} INFO - Setting next_dagrun for example_xcom_args to None, run_after=None
[2023-08-26T17:17:19.879+0000] {logging_mixin.py:120} INFO - [2023-08-26T17:17:19.879+0000] {dag.py:3340} INFO - Setting next_dagrun for example_xcom_args_with_operators to None, run_after=None
[2023-08-26T17:17:19.888+0000] {processor.py:176} INFO - Processing /home/airflow/.local/lib/python3.7/site-packages/airflow/example_dags/example_xcomargs.py took 0.073 seconds
[2023-08-26T17:17:50.834+0000] {processor.py:154} INFO - Started process (PID=1799) to work on /home/airflow/.local/lib/python3.7/site-packages/airflow/example_dags/example_xcomargs.py
[2023-08-26T17:17:50.835+0000] {processor.py:756} INFO - Processing file /home/airflow/.local/lib/python3.7/site-packages/airflow/example_dags/example_xcomargs.py for tasks to queue
[2023-08-26T17:17:50.835+0000] {logging_mixin.py:120} INFO - [2023-08-26T17:17:50.835+0000] {dagbag.py:537} INFO - Filling up the DagBag from /home/airflow/.local/lib/python3.7/site-packages/airflow/example_dags/example_xcomargs.py
[2023-08-26T17:17:50.849+0000] {processor.py:766} INFO - DAG(s) dict_keys(['example_xcom_args', 'example_xcom_args_with_operators']) retrieved from /home/airflow/.local/lib/python3.7/site-packages/airflow/example_dags/example_xcomargs.py
[2023-08-26T17:17:50.877+0000] {logging_mixin.py:120} INFO - [2023-08-26T17:17:50.877+0000] {dag.py:2585} INFO - Sync 2 DAGs
[2023-08-26T17:17:50.891+0000] {logging_mixin.py:120} INFO - [2023-08-26T17:17:50.891+0000] {dag.py:3340} INFO - Setting next_dagrun for example_xcom_args to None, run_after=None
[2023-08-26T17:17:50.894+0000] {logging_mixin.py:120} INFO - [2023-08-26T17:17:50.894+0000] {dag.py:3340} INFO - Setting next_dagrun for example_xcom_args_with_operators to None, run_after=None
[2023-08-26T17:17:50.903+0000] {processor.py:176} INFO - Processing /home/airflow/.local/lib/python3.7/site-packages/airflow/example_dags/example_xcomargs.py took 0.072 seconds
[2023-08-26T17:18:21.024+0000] {processor.py:154} INFO - Started process (PID=1862) to work on /home/airflow/.local/lib/python3.7/site-packages/airflow/example_dags/example_xcomargs.py
[2023-08-26T17:18:21.025+0000] {processor.py:756} INFO - Processing file /home/airflow/.local/lib/python3.7/site-packages/airflow/example_dags/example_xcomargs.py for tasks to queue
[2023-08-26T17:18:21.025+0000] {logging_mixin.py:120} INFO - [2023-08-26T17:18:21.025+0000] {dagbag.py:537} INFO - Filling up the DagBag from /home/airflow/.local/lib/python3.7/site-packages/airflow/example_dags/example_xcomargs.py
[2023-08-26T17:18:21.042+0000] {processor.py:766} INFO - DAG(s) dict_keys(['example_xcom_args_with_operators', 'example_xcom_args']) retrieved from /home/airflow/.local/lib/python3.7/site-packages/airflow/example_dags/example_xcomargs.py
[2023-08-26T17:18:21.069+0000] {logging_mixin.py:120} INFO - [2023-08-26T17:18:21.069+0000] {dag.py:2585} INFO - Sync 2 DAGs
[2023-08-26T17:18:21.084+0000] {logging_mixin.py:120} INFO - [2023-08-26T17:18:21.083+0000] {dag.py:3340} INFO - Setting next_dagrun for example_xcom_args to None, run_after=None
[2023-08-26T17:18:21.086+0000] {logging_mixin.py:120} INFO - [2023-08-26T17:18:21.086+0000] {dag.py:3340} INFO - Setting next_dagrun for example_xcom_args_with_operators to None, run_after=None
[2023-08-26T17:18:21.094+0000] {processor.py:176} INFO - Processing /home/airflow/.local/lib/python3.7/site-packages/airflow/example_dags/example_xcomargs.py took 0.073 seconds
[2023-08-26T17:18:51.431+0000] {processor.py:154} INFO - Started process (PID=1924) to work on /home/airflow/.local/lib/python3.7/site-packages/airflow/example_dags/example_xcomargs.py
[2023-08-26T17:18:51.432+0000] {processor.py:756} INFO - Processing file /home/airflow/.local/lib/python3.7/site-packages/airflow/example_dags/example_xcomargs.py for tasks to queue
[2023-08-26T17:18:51.433+0000] {logging_mixin.py:120} INFO - [2023-08-26T17:18:51.433+0000] {dagbag.py:537} INFO - Filling up the DagBag from /home/airflow/.local/lib/python3.7/site-packages/airflow/example_dags/example_xcomargs.py
[2023-08-26T17:18:51.453+0000] {processor.py:766} INFO - DAG(s) dict_keys(['example_xcom_args_with_operators', 'example_xcom_args']) retrieved from /home/airflow/.local/lib/python3.7/site-packages/airflow/example_dags/example_xcomargs.py
[2023-08-26T17:18:51.486+0000] {logging_mixin.py:120} INFO - [2023-08-26T17:18:51.486+0000] {dag.py:2585} INFO - Sync 2 DAGs
[2023-08-26T17:18:51.503+0000] {logging_mixin.py:120} INFO - [2023-08-26T17:18:51.503+0000] {dag.py:3340} INFO - Setting next_dagrun for example_xcom_args to None, run_after=None
[2023-08-26T17:18:51.506+0000] {logging_mixin.py:120} INFO - [2023-08-26T17:18:51.506+0000] {dag.py:3340} INFO - Setting next_dagrun for example_xcom_args_with_operators to None, run_after=None
[2023-08-26T17:18:51.519+0000] {processor.py:176} INFO - Processing /home/airflow/.local/lib/python3.7/site-packages/airflow/example_dags/example_xcomargs.py took 0.091 seconds
[2023-08-26T17:19:21.567+0000] {processor.py:154} INFO - Started process (PID=1978) to work on /home/airflow/.local/lib/python3.7/site-packages/airflow/example_dags/example_xcomargs.py
[2023-08-26T17:19:21.567+0000] {processor.py:756} INFO - Processing file /home/airflow/.local/lib/python3.7/site-packages/airflow/example_dags/example_xcomargs.py for tasks to queue
[2023-08-26T17:19:21.568+0000] {logging_mixin.py:120} INFO - [2023-08-26T17:19:21.568+0000] {dagbag.py:537} INFO - Filling up the DagBag from /home/airflow/.local/lib/python3.7/site-packages/airflow/example_dags/example_xcomargs.py
[2023-08-26T17:19:21.581+0000] {processor.py:766} INFO - DAG(s) dict_keys(['example_xcom_args', 'example_xcom_args_with_operators']) retrieved from /home/airflow/.local/lib/python3.7/site-packages/airflow/example_dags/example_xcomargs.py
[2023-08-26T17:19:21.609+0000] {logging_mixin.py:120} INFO - [2023-08-26T17:19:21.609+0000] {dag.py:2585} INFO - Sync 2 DAGs
[2023-08-26T17:19:21.623+0000] {logging_mixin.py:120} INFO - [2023-08-26T17:19:21.623+0000] {dag.py:3340} INFO - Setting next_dagrun for example_xcom_args to None, run_after=None
[2023-08-26T17:19:21.625+0000] {logging_mixin.py:120} INFO - [2023-08-26T17:19:21.625+0000] {dag.py:3340} INFO - Setting next_dagrun for example_xcom_args_with_operators to None, run_after=None
[2023-08-26T17:19:21.634+0000] {processor.py:176} INFO - Processing /home/airflow/.local/lib/python3.7/site-packages/airflow/example_dags/example_xcomargs.py took 0.070 seconds
[2023-08-26T17:19:52.590+0000] {processor.py:154} INFO - Started process (PID=2041) to work on /home/airflow/.local/lib/python3.7/site-packages/airflow/example_dags/example_xcomargs.py
[2023-08-26T17:19:52.591+0000] {processor.py:756} INFO - Processing file /home/airflow/.local/lib/python3.7/site-packages/airflow/example_dags/example_xcomargs.py for tasks to queue
[2023-08-26T17:19:52.591+0000] {logging_mixin.py:120} INFO - [2023-08-26T17:19:52.591+0000] {dagbag.py:537} INFO - Filling up the DagBag from /home/airflow/.local/lib/python3.7/site-packages/airflow/example_dags/example_xcomargs.py
[2023-08-26T17:19:52.603+0000] {processor.py:766} INFO - DAG(s) dict_keys(['example_xcom_args', 'example_xcom_args_with_operators']) retrieved from /home/airflow/.local/lib/python3.7/site-packages/airflow/example_dags/example_xcomargs.py
[2023-08-26T17:19:52.629+0000] {logging_mixin.py:120} INFO - [2023-08-26T17:19:52.629+0000] {dag.py:2585} INFO - Sync 2 DAGs
[2023-08-26T17:19:52.642+0000] {logging_mixin.py:120} INFO - [2023-08-26T17:19:52.642+0000] {dag.py:3340} INFO - Setting next_dagrun for example_xcom_args to None, run_after=None
[2023-08-26T17:19:52.644+0000] {logging_mixin.py:120} INFO - [2023-08-26T17:19:52.644+0000] {dag.py:3340} INFO - Setting next_dagrun for example_xcom_args_with_operators to None, run_after=None
[2023-08-26T17:19:52.652+0000] {processor.py:176} INFO - Processing /home/airflow/.local/lib/python3.7/site-packages/airflow/example_dags/example_xcomargs.py took 0.064 seconds
[2023-08-26T17:20:22.819+0000] {processor.py:154} INFO - Started process (PID=2104) to work on /home/airflow/.local/lib/python3.7/site-packages/airflow/example_dags/example_xcomargs.py
[2023-08-26T17:20:22.820+0000] {processor.py:756} INFO - Processing file /home/airflow/.local/lib/python3.7/site-packages/airflow/example_dags/example_xcomargs.py for tasks to queue
[2023-08-26T17:20:22.820+0000] {logging_mixin.py:120} INFO - [2023-08-26T17:20:22.820+0000] {dagbag.py:537} INFO - Filling up the DagBag from /home/airflow/.local/lib/python3.7/site-packages/airflow/example_dags/example_xcomargs.py
[2023-08-26T17:20:22.834+0000] {processor.py:766} INFO - DAG(s) dict_keys(['example_xcom_args', 'example_xcom_args_with_operators']) retrieved from /home/airflow/.local/lib/python3.7/site-packages/airflow/example_dags/example_xcomargs.py
[2023-08-26T17:20:22.861+0000] {logging_mixin.py:120} INFO - [2023-08-26T17:20:22.861+0000] {dag.py:2585} INFO - Sync 2 DAGs
[2023-08-26T17:20:22.876+0000] {logging_mixin.py:120} INFO - [2023-08-26T17:20:22.875+0000] {dag.py:3340} INFO - Setting next_dagrun for example_xcom_args to None, run_after=None
[2023-08-26T17:20:22.878+0000] {logging_mixin.py:120} INFO - [2023-08-26T17:20:22.878+0000] {dag.py:3340} INFO - Setting next_dagrun for example_xcom_args_with_operators to None, run_after=None
[2023-08-26T17:20:22.887+0000] {processor.py:176} INFO - Processing /home/airflow/.local/lib/python3.7/site-packages/airflow/example_dags/example_xcomargs.py took 0.072 seconds
[2023-08-26T17:20:53.172+0000] {processor.py:154} INFO - Started process (PID=2167) to work on /home/airflow/.local/lib/python3.7/site-packages/airflow/example_dags/example_xcomargs.py
[2023-08-26T17:20:53.173+0000] {processor.py:756} INFO - Processing file /home/airflow/.local/lib/python3.7/site-packages/airflow/example_dags/example_xcomargs.py for tasks to queue
[2023-08-26T17:20:53.174+0000] {logging_mixin.py:120} INFO - [2023-08-26T17:20:53.174+0000] {dagbag.py:537} INFO - Filling up the DagBag from /home/airflow/.local/lib/python3.7/site-packages/airflow/example_dags/example_xcomargs.py
[2023-08-26T17:20:53.187+0000] {processor.py:766} INFO - DAG(s) dict_keys(['example_xcom_args_with_operators', 'example_xcom_args']) retrieved from /home/airflow/.local/lib/python3.7/site-packages/airflow/example_dags/example_xcomargs.py
[2023-08-26T17:20:53.216+0000] {logging_mixin.py:120} INFO - [2023-08-26T17:20:53.216+0000] {dag.py:2585} INFO - Sync 2 DAGs
[2023-08-26T17:20:53.230+0000] {logging_mixin.py:120} INFO - [2023-08-26T17:20:53.230+0000] {dag.py:3340} INFO - Setting next_dagrun for example_xcom_args to None, run_after=None
[2023-08-26T17:20:53.232+0000] {logging_mixin.py:120} INFO - [2023-08-26T17:20:53.232+0000] {dag.py:3340} INFO - Setting next_dagrun for example_xcom_args_with_operators to None, run_after=None
[2023-08-26T17:20:53.240+0000] {processor.py:176} INFO - Processing /home/airflow/.local/lib/python3.7/site-packages/airflow/example_dags/example_xcomargs.py took 0.070 seconds
[2023-08-26T17:21:23.485+0000] {processor.py:154} INFO - Started process (PID=2230) to work on /home/airflow/.local/lib/python3.7/site-packages/airflow/example_dags/example_xcomargs.py
[2023-08-26T17:21:23.486+0000] {processor.py:756} INFO - Processing file /home/airflow/.local/lib/python3.7/site-packages/airflow/example_dags/example_xcomargs.py for tasks to queue
[2023-08-26T17:21:23.487+0000] {logging_mixin.py:120} INFO - [2023-08-26T17:21:23.487+0000] {dagbag.py:537} INFO - Filling up the DagBag from /home/airflow/.local/lib/python3.7/site-packages/airflow/example_dags/example_xcomargs.py
[2023-08-26T17:21:23.502+0000] {processor.py:766} INFO - DAG(s) dict_keys(['example_xcom_args', 'example_xcom_args_with_operators']) retrieved from /home/airflow/.local/lib/python3.7/site-packages/airflow/example_dags/example_xcomargs.py
[2023-08-26T17:21:23.531+0000] {logging_mixin.py:120} INFO - [2023-08-26T17:21:23.531+0000] {dag.py:2585} INFO - Sync 2 DAGs
[2023-08-26T17:21:23.544+0000] {logging_mixin.py:120} INFO - [2023-08-26T17:21:23.544+0000] {dag.py:3340} INFO - Setting next_dagrun for example_xcom_args to None, run_after=None
[2023-08-26T17:21:23.546+0000] {logging_mixin.py:120} INFO - [2023-08-26T17:21:23.546+0000] {dag.py:3340} INFO - Setting next_dagrun for example_xcom_args_with_operators to None, run_after=None
[2023-08-26T17:21:23.556+0000] {processor.py:176} INFO - Processing /home/airflow/.local/lib/python3.7/site-packages/airflow/example_dags/example_xcomargs.py took 0.073 seconds
[2023-08-26T17:21:53.834+0000] {processor.py:154} INFO - Started process (PID=2284) to work on /home/airflow/.local/lib/python3.7/site-packages/airflow/example_dags/example_xcomargs.py
[2023-08-26T17:21:53.835+0000] {processor.py:756} INFO - Processing file /home/airflow/.local/lib/python3.7/site-packages/airflow/example_dags/example_xcomargs.py for tasks to queue
[2023-08-26T17:21:53.836+0000] {logging_mixin.py:120} INFO - [2023-08-26T17:21:53.836+0000] {dagbag.py:537} INFO - Filling up the DagBag from /home/airflow/.local/lib/python3.7/site-packages/airflow/example_dags/example_xcomargs.py
[2023-08-26T17:21:53.850+0000] {processor.py:766} INFO - DAG(s) dict_keys(['example_xcom_args', 'example_xcom_args_with_operators']) retrieved from /home/airflow/.local/lib/python3.7/site-packages/airflow/example_dags/example_xcomargs.py
[2023-08-26T17:21:53.877+0000] {logging_mixin.py:120} INFO - [2023-08-26T17:21:53.877+0000] {dag.py:2585} INFO - Sync 2 DAGs
[2023-08-26T17:21:53.891+0000] {logging_mixin.py:120} INFO - [2023-08-26T17:21:53.891+0000] {dag.py:3340} INFO - Setting next_dagrun for example_xcom_args to None, run_after=None
[2023-08-26T17:21:53.893+0000] {logging_mixin.py:120} INFO - [2023-08-26T17:21:53.893+0000] {dag.py:3340} INFO - Setting next_dagrun for example_xcom_args_with_operators to None, run_after=None
[2023-08-26T17:21:53.904+0000] {processor.py:176} INFO - Processing /home/airflow/.local/lib/python3.7/site-packages/airflow/example_dags/example_xcomargs.py took 0.071 seconds
[2023-08-26T17:22:24.020+0000] {processor.py:154} INFO - Started process (PID=2347) to work on /home/airflow/.local/lib/python3.7/site-packages/airflow/example_dags/example_xcomargs.py
[2023-08-26T17:22:24.021+0000] {processor.py:756} INFO - Processing file /home/airflow/.local/lib/python3.7/site-packages/airflow/example_dags/example_xcomargs.py for tasks to queue
[2023-08-26T17:22:24.021+0000] {logging_mixin.py:120} INFO - [2023-08-26T17:22:24.021+0000] {dagbag.py:537} INFO - Filling up the DagBag from /home/airflow/.local/lib/python3.7/site-packages/airflow/example_dags/example_xcomargs.py
[2023-08-26T17:22:24.036+0000] {processor.py:766} INFO - DAG(s) dict_keys(['example_xcom_args_with_operators', 'example_xcom_args']) retrieved from /home/airflow/.local/lib/python3.7/site-packages/airflow/example_dags/example_xcomargs.py
[2023-08-26T17:22:24.063+0000] {logging_mixin.py:120} INFO - [2023-08-26T17:22:24.062+0000] {dag.py:2585} INFO - Sync 2 DAGs
[2023-08-26T17:22:24.077+0000] {logging_mixin.py:120} INFO - [2023-08-26T17:22:24.076+0000] {dag.py:3340} INFO - Setting next_dagrun for example_xcom_args to None, run_after=None
[2023-08-26T17:22:24.079+0000] {logging_mixin.py:120} INFO - [2023-08-26T17:22:24.078+0000] {dag.py:3340} INFO - Setting next_dagrun for example_xcom_args_with_operators to None, run_after=None
[2023-08-26T17:22:24.088+0000] {processor.py:176} INFO - Processing /home/airflow/.local/lib/python3.7/site-packages/airflow/example_dags/example_xcomargs.py took 0.069 seconds
[2023-08-26T17:22:55.258+0000] {processor.py:154} INFO - Started process (PID=2408) to work on /home/airflow/.local/lib/python3.7/site-packages/airflow/example_dags/example_xcomargs.py
[2023-08-26T17:22:55.260+0000] {processor.py:756} INFO - Processing file /home/airflow/.local/lib/python3.7/site-packages/airflow/example_dags/example_xcomargs.py for tasks to queue
[2023-08-26T17:22:55.261+0000] {logging_mixin.py:120} INFO - [2023-08-26T17:22:55.261+0000] {dagbag.py:537} INFO - Filling up the DagBag from /home/airflow/.local/lib/python3.7/site-packages/airflow/example_dags/example_xcomargs.py
[2023-08-26T17:22:55.291+0000] {processor.py:766} INFO - DAG(s) dict_keys(['example_xcom_args_with_operators', 'example_xcom_args']) retrieved from /home/airflow/.local/lib/python3.7/site-packages/airflow/example_dags/example_xcomargs.py
[2023-08-26T17:22:55.325+0000] {logging_mixin.py:120} INFO - [2023-08-26T17:22:55.325+0000] {dag.py:2585} INFO - Sync 2 DAGs
[2023-08-26T17:22:55.344+0000] {logging_mixin.py:120} INFO - [2023-08-26T17:22:55.343+0000] {dag.py:3340} INFO - Setting next_dagrun for example_xcom_args to None, run_after=None
[2023-08-26T17:22:55.347+0000] {logging_mixin.py:120} INFO - [2023-08-26T17:22:55.346+0000] {dag.py:3340} INFO - Setting next_dagrun for example_xcom_args_with_operators to None, run_after=None
[2023-08-26T17:22:55.359+0000] {processor.py:176} INFO - Processing /home/airflow/.local/lib/python3.7/site-packages/airflow/example_dags/example_xcomargs.py took 0.106 seconds
[2023-08-26T17:23:25.441+0000] {processor.py:154} INFO - Started process (PID=2471) to work on /home/airflow/.local/lib/python3.7/site-packages/airflow/example_dags/example_xcomargs.py
[2023-08-26T17:23:25.442+0000] {processor.py:756} INFO - Processing file /home/airflow/.local/lib/python3.7/site-packages/airflow/example_dags/example_xcomargs.py for tasks to queue
[2023-08-26T17:23:25.443+0000] {logging_mixin.py:120} INFO - [2023-08-26T17:23:25.443+0000] {dagbag.py:537} INFO - Filling up the DagBag from /home/airflow/.local/lib/python3.7/site-packages/airflow/example_dags/example_xcomargs.py
[2023-08-26T17:23:25.458+0000] {processor.py:766} INFO - DAG(s) dict_keys(['example_xcom_args_with_operators', 'example_xcom_args']) retrieved from /home/airflow/.local/lib/python3.7/site-packages/airflow/example_dags/example_xcomargs.py
[2023-08-26T17:23:25.492+0000] {logging_mixin.py:120} INFO - [2023-08-26T17:23:25.492+0000] {dag.py:2585} INFO - Sync 2 DAGs
[2023-08-26T17:23:25.508+0000] {logging_mixin.py:120} INFO - [2023-08-26T17:23:25.508+0000] {dag.py:3340} INFO - Setting next_dagrun for example_xcom_args to None, run_after=None
[2023-08-26T17:23:25.513+0000] {logging_mixin.py:120} INFO - [2023-08-26T17:23:25.513+0000] {dag.py:3340} INFO - Setting next_dagrun for example_xcom_args_with_operators to None, run_after=None
[2023-08-26T17:23:25.526+0000] {processor.py:176} INFO - Processing /home/airflow/.local/lib/python3.7/site-packages/airflow/example_dags/example_xcomargs.py took 0.087 seconds
[2023-08-26T17:23:55.748+0000] {processor.py:154} INFO - Started process (PID=2533) to work on /home/airflow/.local/lib/python3.7/site-packages/airflow/example_dags/example_xcomargs.py
[2023-08-26T17:23:55.749+0000] {processor.py:756} INFO - Processing file /home/airflow/.local/lib/python3.7/site-packages/airflow/example_dags/example_xcomargs.py for tasks to queue
[2023-08-26T17:23:55.750+0000] {logging_mixin.py:120} INFO - [2023-08-26T17:23:55.749+0000] {dagbag.py:537} INFO - Filling up the DagBag from /home/airflow/.local/lib/python3.7/site-packages/airflow/example_dags/example_xcomargs.py
[2023-08-26T17:23:55.766+0000] {processor.py:766} INFO - DAG(s) dict_keys(['example_xcom_args_with_operators', 'example_xcom_args']) retrieved from /home/airflow/.local/lib/python3.7/site-packages/airflow/example_dags/example_xcomargs.py
[2023-08-26T17:23:55.796+0000] {logging_mixin.py:120} INFO - [2023-08-26T17:23:55.796+0000] {dag.py:2585} INFO - Sync 2 DAGs
[2023-08-26T17:23:55.811+0000] {logging_mixin.py:120} INFO - [2023-08-26T17:23:55.811+0000] {dag.py:3340} INFO - Setting next_dagrun for example_xcom_args to None, run_after=None
[2023-08-26T17:23:55.813+0000] {logging_mixin.py:120} INFO - [2023-08-26T17:23:55.813+0000] {dag.py:3340} INFO - Setting next_dagrun for example_xcom_args_with_operators to None, run_after=None
[2023-08-26T17:23:55.823+0000] {processor.py:176} INFO - Processing /home/airflow/.local/lib/python3.7/site-packages/airflow/example_dags/example_xcomargs.py took 0.079 seconds
[2023-08-26T17:24:26.115+0000] {processor.py:154} INFO - Started process (PID=2597) to work on /home/airflow/.local/lib/python3.7/site-packages/airflow/example_dags/example_xcomargs.py
[2023-08-26T17:24:26.116+0000] {processor.py:756} INFO - Processing file /home/airflow/.local/lib/python3.7/site-packages/airflow/example_dags/example_xcomargs.py for tasks to queue
[2023-08-26T17:24:26.116+0000] {logging_mixin.py:120} INFO - [2023-08-26T17:24:26.116+0000] {dagbag.py:537} INFO - Filling up the DagBag from /home/airflow/.local/lib/python3.7/site-packages/airflow/example_dags/example_xcomargs.py
[2023-08-26T17:24:26.130+0000] {processor.py:766} INFO - DAG(s) dict_keys(['example_xcom_args', 'example_xcom_args_with_operators']) retrieved from /home/airflow/.local/lib/python3.7/site-packages/airflow/example_dags/example_xcomargs.py
[2023-08-26T17:24:26.161+0000] {logging_mixin.py:120} INFO - [2023-08-26T17:24:26.161+0000] {dag.py:2585} INFO - Sync 2 DAGs
[2023-08-26T17:24:26.178+0000] {logging_mixin.py:120} INFO - [2023-08-26T17:24:26.178+0000] {dag.py:3340} INFO - Setting next_dagrun for example_xcom_args to None, run_after=None
[2023-08-26T17:24:26.180+0000] {logging_mixin.py:120} INFO - [2023-08-26T17:24:26.180+0000] {dag.py:3340} INFO - Setting next_dagrun for example_xcom_args_with_operators to None, run_after=None
[2023-08-26T17:24:26.189+0000] {processor.py:176} INFO - Processing /home/airflow/.local/lib/python3.7/site-packages/airflow/example_dags/example_xcomargs.py took 0.076 seconds
[2023-08-26T17:24:57.260+0000] {processor.py:154} INFO - Started process (PID=2652) to work on /home/airflow/.local/lib/python3.7/site-packages/airflow/example_dags/example_xcomargs.py
[2023-08-26T17:24:57.261+0000] {processor.py:756} INFO - Processing file /home/airflow/.local/lib/python3.7/site-packages/airflow/example_dags/example_xcomargs.py for tasks to queue
[2023-08-26T17:24:57.261+0000] {logging_mixin.py:120} INFO - [2023-08-26T17:24:57.261+0000] {dagbag.py:537} INFO - Filling up the DagBag from /home/airflow/.local/lib/python3.7/site-packages/airflow/example_dags/example_xcomargs.py
[2023-08-26T17:24:57.278+0000] {processor.py:766} INFO - DAG(s) dict_keys(['example_xcom_args_with_operators', 'example_xcom_args']) retrieved from /home/airflow/.local/lib/python3.7/site-packages/airflow/example_dags/example_xcomargs.py
[2023-08-26T17:24:57.313+0000] {logging_mixin.py:120} INFO - [2023-08-26T17:24:57.313+0000] {dag.py:2585} INFO - Sync 2 DAGs
[2023-08-26T17:24:57.331+0000] {logging_mixin.py:120} INFO - [2023-08-26T17:24:57.331+0000] {dag.py:3340} INFO - Setting next_dagrun for example_xcom_args to None, run_after=None
[2023-08-26T17:24:57.334+0000] {logging_mixin.py:120} INFO - [2023-08-26T17:24:57.334+0000] {dag.py:3340} INFO - Setting next_dagrun for example_xcom_args_with_operators to None, run_after=None
[2023-08-26T17:24:57.348+0000] {processor.py:176} INFO - Processing /home/airflow/.local/lib/python3.7/site-packages/airflow/example_dags/example_xcomargs.py took 0.091 seconds
[2023-08-26T17:25:27.567+0000] {processor.py:154} INFO - Started process (PID=2716) to work on /home/airflow/.local/lib/python3.7/site-packages/airflow/example_dags/example_xcomargs.py
[2023-08-26T17:25:27.568+0000] {processor.py:756} INFO - Processing file /home/airflow/.local/lib/python3.7/site-packages/airflow/example_dags/example_xcomargs.py for tasks to queue
[2023-08-26T17:25:27.568+0000] {logging_mixin.py:120} INFO - [2023-08-26T17:25:27.568+0000] {dagbag.py:537} INFO - Filling up the DagBag from /home/airflow/.local/lib/python3.7/site-packages/airflow/example_dags/example_xcomargs.py
[2023-08-26T17:25:27.582+0000] {processor.py:766} INFO - DAG(s) dict_keys(['example_xcom_args_with_operators', 'example_xcom_args']) retrieved from /home/airflow/.local/lib/python3.7/site-packages/airflow/example_dags/example_xcomargs.py
[2023-08-26T17:25:27.611+0000] {logging_mixin.py:120} INFO - [2023-08-26T17:25:27.611+0000] {dag.py:2585} INFO - Sync 2 DAGs
[2023-08-26T17:25:27.627+0000] {logging_mixin.py:120} INFO - [2023-08-26T17:25:27.627+0000] {dag.py:3340} INFO - Setting next_dagrun for example_xcom_args to None, run_after=None
[2023-08-26T17:25:27.629+0000] {logging_mixin.py:120} INFO - [2023-08-26T17:25:27.629+0000] {dag.py:3340} INFO - Setting next_dagrun for example_xcom_args_with_operators to None, run_after=None
[2023-08-26T17:25:27.640+0000] {processor.py:176} INFO - Processing /home/airflow/.local/lib/python3.7/site-packages/airflow/example_dags/example_xcomargs.py took 0.076 seconds
[2023-08-26T17:25:57.788+0000] {processor.py:154} INFO - Started process (PID=2778) to work on /home/airflow/.local/lib/python3.7/site-packages/airflow/example_dags/example_xcomargs.py
[2023-08-26T17:25:57.789+0000] {processor.py:756} INFO - Processing file /home/airflow/.local/lib/python3.7/site-packages/airflow/example_dags/example_xcomargs.py for tasks to queue
[2023-08-26T17:25:57.790+0000] {logging_mixin.py:120} INFO - [2023-08-26T17:25:57.789+0000] {dagbag.py:537} INFO - Filling up the DagBag from /home/airflow/.local/lib/python3.7/site-packages/airflow/example_dags/example_xcomargs.py
[2023-08-26T17:25:57.802+0000] {processor.py:766} INFO - DAG(s) dict_keys(['example_xcom_args_with_operators', 'example_xcom_args']) retrieved from /home/airflow/.local/lib/python3.7/site-packages/airflow/example_dags/example_xcomargs.py
[2023-08-26T17:25:57.827+0000] {logging_mixin.py:120} INFO - [2023-08-26T17:25:57.827+0000] {dag.py:2585} INFO - Sync 2 DAGs
[2023-08-26T17:25:57.841+0000] {logging_mixin.py:120} INFO - [2023-08-26T17:25:57.841+0000] {dag.py:3340} INFO - Setting next_dagrun for example_xcom_args to None, run_after=None
[2023-08-26T17:25:57.843+0000] {logging_mixin.py:120} INFO - [2023-08-26T17:25:57.843+0000] {dag.py:3340} INFO - Setting next_dagrun for example_xcom_args_with_operators to None, run_after=None
[2023-08-26T17:25:57.851+0000] {processor.py:176} INFO - Processing /home/airflow/.local/lib/python3.7/site-packages/airflow/example_dags/example_xcomargs.py took 0.065 seconds
[2023-08-26T17:26:28.842+0000] {processor.py:154} INFO - Started process (PID=2841) to work on /home/airflow/.local/lib/python3.7/site-packages/airflow/example_dags/example_xcomargs.py
[2023-08-26T17:26:28.843+0000] {processor.py:756} INFO - Processing file /home/airflow/.local/lib/python3.7/site-packages/airflow/example_dags/example_xcomargs.py for tasks to queue
[2023-08-26T17:26:28.843+0000] {logging_mixin.py:120} INFO - [2023-08-26T17:26:28.843+0000] {dagbag.py:537} INFO - Filling up the DagBag from /home/airflow/.local/lib/python3.7/site-packages/airflow/example_dags/example_xcomargs.py
[2023-08-26T17:26:28.855+0000] {processor.py:766} INFO - DAG(s) dict_keys(['example_xcom_args_with_operators', 'example_xcom_args']) retrieved from /home/airflow/.local/lib/python3.7/site-packages/airflow/example_dags/example_xcomargs.py
[2023-08-26T17:26:28.881+0000] {logging_mixin.py:120} INFO - [2023-08-26T17:26:28.881+0000] {dag.py:2585} INFO - Sync 2 DAGs
[2023-08-26T17:26:28.894+0000] {logging_mixin.py:120} INFO - [2023-08-26T17:26:28.894+0000] {dag.py:3340} INFO - Setting next_dagrun for example_xcom_args to None, run_after=None
[2023-08-26T17:26:28.896+0000] {logging_mixin.py:120} INFO - [2023-08-26T17:26:28.896+0000] {dag.py:3340} INFO - Setting next_dagrun for example_xcom_args_with_operators to None, run_after=None
[2023-08-26T17:26:28.904+0000] {processor.py:176} INFO - Processing /home/airflow/.local/lib/python3.7/site-packages/airflow/example_dags/example_xcomargs.py took 0.064 seconds
[2023-08-26T17:26:59.768+0000] {processor.py:154} INFO - Started process (PID=2903) to work on /home/airflow/.local/lib/python3.7/site-packages/airflow/example_dags/example_xcomargs.py
[2023-08-26T17:26:59.769+0000] {processor.py:756} INFO - Processing file /home/airflow/.local/lib/python3.7/site-packages/airflow/example_dags/example_xcomargs.py for tasks to queue
[2023-08-26T17:26:59.770+0000] {logging_mixin.py:120} INFO - [2023-08-26T17:26:59.770+0000] {dagbag.py:537} INFO - Filling up the DagBag from /home/airflow/.local/lib/python3.7/site-packages/airflow/example_dags/example_xcomargs.py
[2023-08-26T17:26:59.784+0000] {processor.py:766} INFO - DAG(s) dict_keys(['example_xcom_args', 'example_xcom_args_with_operators']) retrieved from /home/airflow/.local/lib/python3.7/site-packages/airflow/example_dags/example_xcomargs.py
[2023-08-26T17:26:59.810+0000] {logging_mixin.py:120} INFO - [2023-08-26T17:26:59.810+0000] {dag.py:2585} INFO - Sync 2 DAGs
[2023-08-26T17:26:59.823+0000] {logging_mixin.py:120} INFO - [2023-08-26T17:26:59.823+0000] {dag.py:3340} INFO - Setting next_dagrun for example_xcom_args to None, run_after=None
[2023-08-26T17:26:59.825+0000] {logging_mixin.py:120} INFO - [2023-08-26T17:26:59.825+0000] {dag.py:3340} INFO - Setting next_dagrun for example_xcom_args_with_operators to None, run_after=None
[2023-08-26T17:26:59.834+0000] {processor.py:176} INFO - Processing /home/airflow/.local/lib/python3.7/site-packages/airflow/example_dags/example_xcomargs.py took 0.068 seconds
[2023-08-26T17:27:30.918+0000] {processor.py:154} INFO - Started process (PID=2965) to work on /home/airflow/.local/lib/python3.7/site-packages/airflow/example_dags/example_xcomargs.py
[2023-08-26T17:27:30.919+0000] {processor.py:756} INFO - Processing file /home/airflow/.local/lib/python3.7/site-packages/airflow/example_dags/example_xcomargs.py for tasks to queue
[2023-08-26T17:27:30.919+0000] {logging_mixin.py:120} INFO - [2023-08-26T17:27:30.919+0000] {dagbag.py:537} INFO - Filling up the DagBag from /home/airflow/.local/lib/python3.7/site-packages/airflow/example_dags/example_xcomargs.py
[2023-08-26T17:27:30.933+0000] {processor.py:766} INFO - DAG(s) dict_keys(['example_xcom_args_with_operators', 'example_xcom_args']) retrieved from /home/airflow/.local/lib/python3.7/site-packages/airflow/example_dags/example_xcomargs.py
[2023-08-26T17:27:30.961+0000] {logging_mixin.py:120} INFO - [2023-08-26T17:27:30.961+0000] {dag.py:2585} INFO - Sync 2 DAGs
[2023-08-26T17:27:30.973+0000] {logging_mixin.py:120} INFO - [2023-08-26T17:27:30.973+0000] {dag.py:3340} INFO - Setting next_dagrun for example_xcom_args to None, run_after=None
[2023-08-26T17:27:30.976+0000] {logging_mixin.py:120} INFO - [2023-08-26T17:27:30.976+0000] {dag.py:3340} INFO - Setting next_dagrun for example_xcom_args_with_operators to None, run_after=None
[2023-08-26T17:27:30.985+0000] {processor.py:176} INFO - Processing /home/airflow/.local/lib/python3.7/site-packages/airflow/example_dags/example_xcomargs.py took 0.069 seconds
[2023-08-26T17:28:01.081+0000] {processor.py:154} INFO - Started process (PID=3027) to work on /home/airflow/.local/lib/python3.7/site-packages/airflow/example_dags/example_xcomargs.py
[2023-08-26T17:28:01.082+0000] {processor.py:756} INFO - Processing file /home/airflow/.local/lib/python3.7/site-packages/airflow/example_dags/example_xcomargs.py for tasks to queue
[2023-08-26T17:28:01.083+0000] {logging_mixin.py:120} INFO - [2023-08-26T17:28:01.083+0000] {dagbag.py:537} INFO - Filling up the DagBag from /home/airflow/.local/lib/python3.7/site-packages/airflow/example_dags/example_xcomargs.py
[2023-08-26T17:28:01.106+0000] {processor.py:766} INFO - DAG(s) dict_keys(['example_xcom_args_with_operators', 'example_xcom_args']) retrieved from /home/airflow/.local/lib/python3.7/site-packages/airflow/example_dags/example_xcomargs.py
[2023-08-26T17:28:01.144+0000] {logging_mixin.py:120} INFO - [2023-08-26T17:28:01.144+0000] {dag.py:2585} INFO - Sync 2 DAGs
[2023-08-26T17:28:01.160+0000] {logging_mixin.py:120} INFO - [2023-08-26T17:28:01.160+0000] {dag.py:3340} INFO - Setting next_dagrun for example_xcom_args to None, run_after=None
[2023-08-26T17:28:01.163+0000] {logging_mixin.py:120} INFO - [2023-08-26T17:28:01.163+0000] {dag.py:3340} INFO - Setting next_dagrun for example_xcom_args_with_operators to None, run_after=None
[2023-08-26T17:28:01.175+0000] {processor.py:176} INFO - Processing /home/airflow/.local/lib/python3.7/site-packages/airflow/example_dags/example_xcomargs.py took 0.097 seconds
[2023-08-26T17:28:32.132+0000] {processor.py:154} INFO - Started process (PID=3081) to work on /home/airflow/.local/lib/python3.7/site-packages/airflow/example_dags/example_xcomargs.py
[2023-08-26T17:28:32.133+0000] {processor.py:756} INFO - Processing file /home/airflow/.local/lib/python3.7/site-packages/airflow/example_dags/example_xcomargs.py for tasks to queue
[2023-08-26T17:28:32.133+0000] {logging_mixin.py:120} INFO - [2023-08-26T17:28:32.133+0000] {dagbag.py:537} INFO - Filling up the DagBag from /home/airflow/.local/lib/python3.7/site-packages/airflow/example_dags/example_xcomargs.py
[2023-08-26T17:28:32.147+0000] {processor.py:766} INFO - DAG(s) dict_keys(['example_xcom_args', 'example_xcom_args_with_operators']) retrieved from /home/airflow/.local/lib/python3.7/site-packages/airflow/example_dags/example_xcomargs.py
[2023-08-26T17:28:32.179+0000] {logging_mixin.py:120} INFO - [2023-08-26T17:28:32.179+0000] {dag.py:2585} INFO - Sync 2 DAGs
[2023-08-26T17:28:32.194+0000] {logging_mixin.py:120} INFO - [2023-08-26T17:28:32.194+0000] {dag.py:3340} INFO - Setting next_dagrun for example_xcom_args to None, run_after=None
[2023-08-26T17:28:32.196+0000] {logging_mixin.py:120} INFO - [2023-08-26T17:28:32.196+0000] {dag.py:3340} INFO - Setting next_dagrun for example_xcom_args_with_operators to None, run_after=None
[2023-08-26T17:28:32.205+0000] {processor.py:176} INFO - Processing /home/airflow/.local/lib/python3.7/site-packages/airflow/example_dags/example_xcomargs.py took 0.076 seconds
[2023-08-26T17:29:02.456+0000] {processor.py:154} INFO - Started process (PID=3143) to work on /home/airflow/.local/lib/python3.7/site-packages/airflow/example_dags/example_xcomargs.py
[2023-08-26T17:29:02.456+0000] {processor.py:756} INFO - Processing file /home/airflow/.local/lib/python3.7/site-packages/airflow/example_dags/example_xcomargs.py for tasks to queue
[2023-08-26T17:29:02.457+0000] {logging_mixin.py:120} INFO - [2023-08-26T17:29:02.457+0000] {dagbag.py:537} INFO - Filling up the DagBag from /home/airflow/.local/lib/python3.7/site-packages/airflow/example_dags/example_xcomargs.py
[2023-08-26T17:29:02.470+0000] {processor.py:766} INFO - DAG(s) dict_keys(['example_xcom_args', 'example_xcom_args_with_operators']) retrieved from /home/airflow/.local/lib/python3.7/site-packages/airflow/example_dags/example_xcomargs.py
[2023-08-26T17:29:02.498+0000] {logging_mixin.py:120} INFO - [2023-08-26T17:29:02.498+0000] {dag.py:2585} INFO - Sync 2 DAGs
[2023-08-26T17:29:02.511+0000] {logging_mixin.py:120} INFO - [2023-08-26T17:29:02.510+0000] {dag.py:3340} INFO - Setting next_dagrun for example_xcom_args to None, run_after=None
[2023-08-26T17:29:02.513+0000] {logging_mixin.py:120} INFO - [2023-08-26T17:29:02.513+0000] {dag.py:3340} INFO - Setting next_dagrun for example_xcom_args_with_operators to None, run_after=None
[2023-08-26T17:29:02.525+0000] {processor.py:176} INFO - Processing /home/airflow/.local/lib/python3.7/site-packages/airflow/example_dags/example_xcomargs.py took 0.071 seconds
[2023-08-26T17:29:32.569+0000] {processor.py:154} INFO - Started process (PID=3206) to work on /home/airflow/.local/lib/python3.7/site-packages/airflow/example_dags/example_xcomargs.py
[2023-08-26T17:29:32.570+0000] {processor.py:756} INFO - Processing file /home/airflow/.local/lib/python3.7/site-packages/airflow/example_dags/example_xcomargs.py for tasks to queue
[2023-08-26T17:29:32.571+0000] {logging_mixin.py:120} INFO - [2023-08-26T17:29:32.570+0000] {dagbag.py:537} INFO - Filling up the DagBag from /home/airflow/.local/lib/python3.7/site-packages/airflow/example_dags/example_xcomargs.py
[2023-08-26T17:29:32.586+0000] {processor.py:766} INFO - DAG(s) dict_keys(['example_xcom_args_with_operators', 'example_xcom_args']) retrieved from /home/airflow/.local/lib/python3.7/site-packages/airflow/example_dags/example_xcomargs.py
[2023-08-26T17:29:32.618+0000] {logging_mixin.py:120} INFO - [2023-08-26T17:29:32.618+0000] {dag.py:2585} INFO - Sync 2 DAGs
[2023-08-26T17:29:32.631+0000] {logging_mixin.py:120} INFO - [2023-08-26T17:29:32.631+0000] {dag.py:3340} INFO - Setting next_dagrun for example_xcom_args to None, run_after=None
[2023-08-26T17:29:32.633+0000] {logging_mixin.py:120} INFO - [2023-08-26T17:29:32.633+0000] {dag.py:3340} INFO - Setting next_dagrun for example_xcom_args_with_operators to None, run_after=None
[2023-08-26T17:29:32.644+0000] {processor.py:176} INFO - Processing /home/airflow/.local/lib/python3.7/site-packages/airflow/example_dags/example_xcomargs.py took 0.077 seconds
[2023-08-26T17:30:02.932+0000] {processor.py:154} INFO - Started process (PID=3268) to work on /home/airflow/.local/lib/python3.7/site-packages/airflow/example_dags/example_xcomargs.py
[2023-08-26T17:30:02.933+0000] {processor.py:756} INFO - Processing file /home/airflow/.local/lib/python3.7/site-packages/airflow/example_dags/example_xcomargs.py for tasks to queue
[2023-08-26T17:30:02.933+0000] {logging_mixin.py:120} INFO - [2023-08-26T17:30:02.933+0000] {dagbag.py:537} INFO - Filling up the DagBag from /home/airflow/.local/lib/python3.7/site-packages/airflow/example_dags/example_xcomargs.py
[2023-08-26T17:30:02.950+0000] {processor.py:766} INFO - DAG(s) dict_keys(['example_xcom_args', 'example_xcom_args_with_operators']) retrieved from /home/airflow/.local/lib/python3.7/site-packages/airflow/example_dags/example_xcomargs.py
[2023-08-26T17:30:02.980+0000] {logging_mixin.py:120} INFO - [2023-08-26T17:30:02.980+0000] {dag.py:2585} INFO - Sync 2 DAGs
[2023-08-26T17:30:02.994+0000] {logging_mixin.py:120} INFO - [2023-08-26T17:30:02.994+0000] {dag.py:3340} INFO - Setting next_dagrun for example_xcom_args to None, run_after=None
[2023-08-26T17:30:02.996+0000] {logging_mixin.py:120} INFO - [2023-08-26T17:30:02.996+0000] {dag.py:3340} INFO - Setting next_dagrun for example_xcom_args_with_operators to None, run_after=None
[2023-08-26T17:30:03.008+0000] {processor.py:176} INFO - Processing /home/airflow/.local/lib/python3.7/site-packages/airflow/example_dags/example_xcomargs.py took 0.078 seconds
[2023-08-26T17:30:33.092+0000] {processor.py:154} INFO - Started process (PID=3332) to work on /home/airflow/.local/lib/python3.7/site-packages/airflow/example_dags/example_xcomargs.py
[2023-08-26T17:30:33.092+0000] {processor.py:756} INFO - Processing file /home/airflow/.local/lib/python3.7/site-packages/airflow/example_dags/example_xcomargs.py for tasks to queue
[2023-08-26T17:30:33.093+0000] {logging_mixin.py:120} INFO - [2023-08-26T17:30:33.093+0000] {dagbag.py:537} INFO - Filling up the DagBag from /home/airflow/.local/lib/python3.7/site-packages/airflow/example_dags/example_xcomargs.py
[2023-08-26T17:30:33.106+0000] {processor.py:766} INFO - DAG(s) dict_keys(['example_xcom_args', 'example_xcom_args_with_operators']) retrieved from /home/airflow/.local/lib/python3.7/site-packages/airflow/example_dags/example_xcomargs.py
[2023-08-26T17:30:33.131+0000] {logging_mixin.py:120} INFO - [2023-08-26T17:30:33.131+0000] {dag.py:2585} INFO - Sync 2 DAGs
[2023-08-26T17:30:33.146+0000] {logging_mixin.py:120} INFO - [2023-08-26T17:30:33.146+0000] {dag.py:3340} INFO - Setting next_dagrun for example_xcom_args to None, run_after=None
[2023-08-26T17:30:33.148+0000] {logging_mixin.py:120} INFO - [2023-08-26T17:30:33.148+0000] {dag.py:3340} INFO - Setting next_dagrun for example_xcom_args_with_operators to None, run_after=None
[2023-08-26T17:30:33.157+0000] {processor.py:176} INFO - Processing /home/airflow/.local/lib/python3.7/site-packages/airflow/example_dags/example_xcomargs.py took 0.067 seconds
[2023-08-26T17:31:03.286+0000] {processor.py:154} INFO - Started process (PID=3386) to work on /home/airflow/.local/lib/python3.7/site-packages/airflow/example_dags/example_xcomargs.py
[2023-08-26T17:31:03.286+0000] {processor.py:756} INFO - Processing file /home/airflow/.local/lib/python3.7/site-packages/airflow/example_dags/example_xcomargs.py for tasks to queue
[2023-08-26T17:31:03.287+0000] {logging_mixin.py:120} INFO - [2023-08-26T17:31:03.287+0000] {dagbag.py:537} INFO - Filling up the DagBag from /home/airflow/.local/lib/python3.7/site-packages/airflow/example_dags/example_xcomargs.py
[2023-08-26T17:31:03.301+0000] {processor.py:766} INFO - DAG(s) dict_keys(['example_xcom_args', 'example_xcom_args_with_operators']) retrieved from /home/airflow/.local/lib/python3.7/site-packages/airflow/example_dags/example_xcomargs.py
[2023-08-26T17:31:03.328+0000] {logging_mixin.py:120} INFO - [2023-08-26T17:31:03.328+0000] {dag.py:2585} INFO - Sync 2 DAGs
[2023-08-26T17:31:03.344+0000] {logging_mixin.py:120} INFO - [2023-08-26T17:31:03.344+0000] {dag.py:3340} INFO - Setting next_dagrun for example_xcom_args to None, run_after=None
[2023-08-26T17:31:03.346+0000] {logging_mixin.py:120} INFO - [2023-08-26T17:31:03.346+0000] {dag.py:3340} INFO - Setting next_dagrun for example_xcom_args_with_operators to None, run_after=None
[2023-08-26T17:31:03.356+0000] {processor.py:176} INFO - Processing /home/airflow/.local/lib/python3.7/site-packages/airflow/example_dags/example_xcomargs.py took 0.072 seconds
[2023-08-26T17:31:33.512+0000] {processor.py:154} INFO - Started process (PID=3449) to work on /home/airflow/.local/lib/python3.7/site-packages/airflow/example_dags/example_xcomargs.py
[2023-08-26T17:31:33.512+0000] {processor.py:756} INFO - Processing file /home/airflow/.local/lib/python3.7/site-packages/airflow/example_dags/example_xcomargs.py for tasks to queue
[2023-08-26T17:31:33.513+0000] {logging_mixin.py:120} INFO - [2023-08-26T17:31:33.513+0000] {dagbag.py:537} INFO - Filling up the DagBag from /home/airflow/.local/lib/python3.7/site-packages/airflow/example_dags/example_xcomargs.py
[2023-08-26T17:31:33.527+0000] {processor.py:766} INFO - DAG(s) dict_keys(['example_xcom_args', 'example_xcom_args_with_operators']) retrieved from /home/airflow/.local/lib/python3.7/site-packages/airflow/example_dags/example_xcomargs.py
[2023-08-26T17:31:33.561+0000] {logging_mixin.py:120} INFO - [2023-08-26T17:31:33.560+0000] {dag.py:2585} INFO - Sync 2 DAGs
[2023-08-26T17:31:33.576+0000] {logging_mixin.py:120} INFO - [2023-08-26T17:31:33.576+0000] {dag.py:3340} INFO - Setting next_dagrun for example_xcom_args to None, run_after=None
[2023-08-26T17:31:33.578+0000] {logging_mixin.py:120} INFO - [2023-08-26T17:31:33.578+0000] {dag.py:3340} INFO - Setting next_dagrun for example_xcom_args_with_operators to None, run_after=None
[2023-08-26T17:31:33.587+0000] {processor.py:176} INFO - Processing /home/airflow/.local/lib/python3.7/site-packages/airflow/example_dags/example_xcomargs.py took 0.077 seconds
