[2023-08-26T17:03:33.220+0000] {processor.py:154} INFO - Started process (PID=56) to work on /home/airflow/.local/lib/python3.7/site-packages/airflow/example_dags/example_short_circuit_operator.py
[2023-08-26T17:03:33.222+0000] {processor.py:756} INFO - Processing file /home/airflow/.local/lib/python3.7/site-packages/airflow/example_dags/example_short_circuit_operator.py for tasks to queue
[2023-08-26T17:03:33.223+0000] {logging_mixin.py:120} INFO - [2023-08-26T17:03:33.223+0000] {dagbag.py:537} INFO - Filling up the DagBag from /home/airflow/.local/lib/python3.7/site-packages/airflow/example_dags/example_short_circuit_operator.py
[2023-08-26T17:03:33.263+0000] {processor.py:766} INFO - DAG(s) dict_keys(['example_short_circuit_operator']) retrieved from /home/airflow/.local/lib/python3.7/site-packages/airflow/example_dags/example_short_circuit_operator.py
[2023-08-26T17:03:33.491+0000] {logging_mixin.py:120} INFO - [2023-08-26T17:03:33.491+0000] {manager.py:507} INFO - Created Permission View: can edit on DAG:example_short_circuit_operator
[2023-08-26T17:03:33.506+0000] {logging_mixin.py:120} INFO - [2023-08-26T17:03:33.506+0000] {manager.py:507} INFO - Created Permission View: can read on DAG:example_short_circuit_operator
[2023-08-26T17:03:33.511+0000] {logging_mixin.py:120} INFO - [2023-08-26T17:03:33.511+0000] {manager.py:507} INFO - Created Permission View: can delete on DAG:example_short_circuit_operator
[2023-08-26T17:03:33.511+0000] {logging_mixin.py:120} INFO - [2023-08-26T17:03:33.511+0000] {dag.py:2585} INFO - Sync 1 DAGs
[2023-08-26T17:03:33.533+0000] {logging_mixin.py:120} INFO - [2023-08-26T17:03:33.533+0000] {dag.py:2606} INFO - Creating ORM DAG for example_short_circuit_operator
[2023-08-26T17:03:33.548+0000] {logging_mixin.py:120} INFO - [2023-08-26T17:03:33.548+0000] {dag.py:3340} INFO - Setting next_dagrun for example_short_circuit_operator to 2023-08-25T17:03:33.548199+00:00, run_after=2023-08-26T17:03:33.548199+00:00
[2023-08-26T17:03:33.577+0000] {processor.py:176} INFO - Processing /home/airflow/.local/lib/python3.7/site-packages/airflow/example_dags/example_short_circuit_operator.py took 0.364 seconds
[2023-08-26T17:04:03.927+0000] {processor.py:154} INFO - Started process (PID=118) to work on /home/airflow/.local/lib/python3.7/site-packages/airflow/example_dags/example_short_circuit_operator.py
[2023-08-26T17:04:03.928+0000] {processor.py:756} INFO - Processing file /home/airflow/.local/lib/python3.7/site-packages/airflow/example_dags/example_short_circuit_operator.py for tasks to queue
[2023-08-26T17:04:03.929+0000] {logging_mixin.py:120} INFO - [2023-08-26T17:04:03.928+0000] {dagbag.py:537} INFO - Filling up the DagBag from /home/airflow/.local/lib/python3.7/site-packages/airflow/example_dags/example_short_circuit_operator.py
[2023-08-26T17:04:03.941+0000] {processor.py:766} INFO - DAG(s) dict_keys(['example_short_circuit_operator']) retrieved from /home/airflow/.local/lib/python3.7/site-packages/airflow/example_dags/example_short_circuit_operator.py
[2023-08-26T17:04:03.968+0000] {logging_mixin.py:120} INFO - [2023-08-26T17:04:03.968+0000] {dag.py:2585} INFO - Sync 1 DAGs
[2023-08-26T17:04:03.985+0000] {logging_mixin.py:120} INFO - [2023-08-26T17:04:03.985+0000] {dag.py:3340} INFO - Setting next_dagrun for example_short_circuit_operator to 2023-08-25T17:04:03.985222+00:00, run_after=2023-08-26T17:04:03.985222+00:00
[2023-08-26T17:04:03.998+0000] {processor.py:176} INFO - Processing /home/airflow/.local/lib/python3.7/site-packages/airflow/example_dags/example_short_circuit_operator.py took 0.073 seconds
[2023-08-26T17:04:34.179+0000] {processor.py:154} INFO - Started process (PID=182) to work on /home/airflow/.local/lib/python3.7/site-packages/airflow/example_dags/example_short_circuit_operator.py
[2023-08-26T17:04:34.179+0000] {processor.py:756} INFO - Processing file /home/airflow/.local/lib/python3.7/site-packages/airflow/example_dags/example_short_circuit_operator.py for tasks to queue
[2023-08-26T17:04:34.180+0000] {logging_mixin.py:120} INFO - [2023-08-26T17:04:34.180+0000] {dagbag.py:537} INFO - Filling up the DagBag from /home/airflow/.local/lib/python3.7/site-packages/airflow/example_dags/example_short_circuit_operator.py
[2023-08-26T17:04:34.191+0000] {processor.py:766} INFO - DAG(s) dict_keys(['example_short_circuit_operator']) retrieved from /home/airflow/.local/lib/python3.7/site-packages/airflow/example_dags/example_short_circuit_operator.py
[2023-08-26T17:04:34.216+0000] {logging_mixin.py:120} INFO - [2023-08-26T17:04:34.216+0000] {dag.py:2585} INFO - Sync 1 DAGs
[2023-08-26T17:04:34.230+0000] {logging_mixin.py:120} INFO - [2023-08-26T17:04:34.230+0000] {dag.py:3340} INFO - Setting next_dagrun for example_short_circuit_operator to 2023-08-25T17:04:34.230042+00:00, run_after=2023-08-26T17:04:34.230042+00:00
[2023-08-26T17:04:34.240+0000] {processor.py:176} INFO - Processing /home/airflow/.local/lib/python3.7/site-packages/airflow/example_dags/example_short_circuit_operator.py took 0.063 seconds
[2023-08-26T17:05:05.116+0000] {processor.py:154} INFO - Started process (PID=245) to work on /home/airflow/.local/lib/python3.7/site-packages/airflow/example_dags/example_short_circuit_operator.py
[2023-08-26T17:05:05.117+0000] {processor.py:756} INFO - Processing file /home/airflow/.local/lib/python3.7/site-packages/airflow/example_dags/example_short_circuit_operator.py for tasks to queue
[2023-08-26T17:05:05.118+0000] {logging_mixin.py:120} INFO - [2023-08-26T17:05:05.118+0000] {dagbag.py:537} INFO - Filling up the DagBag from /home/airflow/.local/lib/python3.7/site-packages/airflow/example_dags/example_short_circuit_operator.py
[2023-08-26T17:05:05.130+0000] {processor.py:766} INFO - DAG(s) dict_keys(['example_short_circuit_operator']) retrieved from /home/airflow/.local/lib/python3.7/site-packages/airflow/example_dags/example_short_circuit_operator.py
[2023-08-26T17:05:05.160+0000] {logging_mixin.py:120} INFO - [2023-08-26T17:05:05.160+0000] {dag.py:2585} INFO - Sync 1 DAGs
[2023-08-26T17:05:05.174+0000] {logging_mixin.py:120} INFO - [2023-08-26T17:05:05.174+0000] {dag.py:3340} INFO - Setting next_dagrun for example_short_circuit_operator to 2023-08-25T17:05:05.174216+00:00, run_after=2023-08-26T17:05:05.174216+00:00
[2023-08-26T17:05:05.186+0000] {processor.py:176} INFO - Processing /home/airflow/.local/lib/python3.7/site-packages/airflow/example_dags/example_short_circuit_operator.py took 0.073 seconds
[2023-08-26T17:05:35.357+0000] {processor.py:154} INFO - Started process (PID=309) to work on /home/airflow/.local/lib/python3.7/site-packages/airflow/example_dags/example_short_circuit_operator.py
[2023-08-26T17:05:35.358+0000] {processor.py:756} INFO - Processing file /home/airflow/.local/lib/python3.7/site-packages/airflow/example_dags/example_short_circuit_operator.py for tasks to queue
[2023-08-26T17:05:35.359+0000] {logging_mixin.py:120} INFO - [2023-08-26T17:05:35.358+0000] {dagbag.py:537} INFO - Filling up the DagBag from /home/airflow/.local/lib/python3.7/site-packages/airflow/example_dags/example_short_circuit_operator.py
[2023-08-26T17:05:35.369+0000] {processor.py:766} INFO - DAG(s) dict_keys(['example_short_circuit_operator']) retrieved from /home/airflow/.local/lib/python3.7/site-packages/airflow/example_dags/example_short_circuit_operator.py
[2023-08-26T17:05:35.394+0000] {logging_mixin.py:120} INFO - [2023-08-26T17:05:35.394+0000] {dag.py:2585} INFO - Sync 1 DAGs
[2023-08-26T17:05:35.408+0000] {logging_mixin.py:120} INFO - [2023-08-26T17:05:35.408+0000] {dag.py:3340} INFO - Setting next_dagrun for example_short_circuit_operator to 2023-08-25T17:05:35.408000+00:00, run_after=2023-08-26T17:05:35.408000+00:00
[2023-08-26T17:05:35.418+0000] {processor.py:176} INFO - Processing /home/airflow/.local/lib/python3.7/site-packages/airflow/example_dags/example_short_circuit_operator.py took 0.062 seconds
[2023-08-26T17:06:05.450+0000] {processor.py:154} INFO - Started process (PID=363) to work on /home/airflow/.local/lib/python3.7/site-packages/airflow/example_dags/example_short_circuit_operator.py
[2023-08-26T17:06:05.451+0000] {processor.py:756} INFO - Processing file /home/airflow/.local/lib/python3.7/site-packages/airflow/example_dags/example_short_circuit_operator.py for tasks to queue
[2023-08-26T17:06:05.451+0000] {logging_mixin.py:120} INFO - [2023-08-26T17:06:05.451+0000] {dagbag.py:537} INFO - Filling up the DagBag from /home/airflow/.local/lib/python3.7/site-packages/airflow/example_dags/example_short_circuit_operator.py
[2023-08-26T17:06:05.461+0000] {processor.py:766} INFO - DAG(s) dict_keys(['example_short_circuit_operator']) retrieved from /home/airflow/.local/lib/python3.7/site-packages/airflow/example_dags/example_short_circuit_operator.py
[2023-08-26T17:06:05.486+0000] {logging_mixin.py:120} INFO - [2023-08-26T17:06:05.486+0000] {dag.py:2585} INFO - Sync 1 DAGs
[2023-08-26T17:06:05.499+0000] {logging_mixin.py:120} INFO - [2023-08-26T17:06:05.499+0000] {dag.py:3340} INFO - Setting next_dagrun for example_short_circuit_operator to 2023-08-25T17:06:05.499185+00:00, run_after=2023-08-26T17:06:05.499185+00:00
[2023-08-26T17:06:05.509+0000] {processor.py:176} INFO - Processing /home/airflow/.local/lib/python3.7/site-packages/airflow/example_dags/example_short_circuit_operator.py took 0.060 seconds
[2023-08-26T17:06:36.360+0000] {processor.py:154} INFO - Started process (PID=426) to work on /home/airflow/.local/lib/python3.7/site-packages/airflow/example_dags/example_short_circuit_operator.py
[2023-08-26T17:06:36.361+0000] {processor.py:756} INFO - Processing file /home/airflow/.local/lib/python3.7/site-packages/airflow/example_dags/example_short_circuit_operator.py for tasks to queue
[2023-08-26T17:06:36.361+0000] {logging_mixin.py:120} INFO - [2023-08-26T17:06:36.361+0000] {dagbag.py:537} INFO - Filling up the DagBag from /home/airflow/.local/lib/python3.7/site-packages/airflow/example_dags/example_short_circuit_operator.py
[2023-08-26T17:06:36.372+0000] {processor.py:766} INFO - DAG(s) dict_keys(['example_short_circuit_operator']) retrieved from /home/airflow/.local/lib/python3.7/site-packages/airflow/example_dags/example_short_circuit_operator.py
[2023-08-26T17:06:36.397+0000] {logging_mixin.py:120} INFO - [2023-08-26T17:06:36.397+0000] {dag.py:2585} INFO - Sync 1 DAGs
[2023-08-26T17:06:36.411+0000] {logging_mixin.py:120} INFO - [2023-08-26T17:06:36.411+0000] {dag.py:3340} INFO - Setting next_dagrun for example_short_circuit_operator to 2023-08-25T17:06:36.411315+00:00, run_after=2023-08-26T17:06:36.411315+00:00
[2023-08-26T17:06:36.421+0000] {processor.py:176} INFO - Processing /home/airflow/.local/lib/python3.7/site-packages/airflow/example_dags/example_short_circuit_operator.py took 0.063 seconds
[2023-08-26T17:07:07.305+0000] {processor.py:154} INFO - Started process (PID=488) to work on /home/airflow/.local/lib/python3.7/site-packages/airflow/example_dags/example_short_circuit_operator.py
[2023-08-26T17:07:07.305+0000] {processor.py:756} INFO - Processing file /home/airflow/.local/lib/python3.7/site-packages/airflow/example_dags/example_short_circuit_operator.py for tasks to queue
[2023-08-26T17:07:07.306+0000] {logging_mixin.py:120} INFO - [2023-08-26T17:07:07.306+0000] {dagbag.py:537} INFO - Filling up the DagBag from /home/airflow/.local/lib/python3.7/site-packages/airflow/example_dags/example_short_circuit_operator.py
[2023-08-26T17:07:07.319+0000] {processor.py:766} INFO - DAG(s) dict_keys(['example_short_circuit_operator']) retrieved from /home/airflow/.local/lib/python3.7/site-packages/airflow/example_dags/example_short_circuit_operator.py
[2023-08-26T17:07:07.355+0000] {logging_mixin.py:120} INFO - [2023-08-26T17:07:07.354+0000] {dag.py:2585} INFO - Sync 1 DAGs
[2023-08-26T17:07:07.369+0000] {logging_mixin.py:120} INFO - [2023-08-26T17:07:07.369+0000] {dag.py:3340} INFO - Setting next_dagrun for example_short_circuit_operator to 2023-08-25T17:07:07.368968+00:00, run_after=2023-08-26T17:07:07.368968+00:00
[2023-08-26T17:07:07.378+0000] {processor.py:176} INFO - Processing /home/airflow/.local/lib/python3.7/site-packages/airflow/example_dags/example_short_circuit_operator.py took 0.075 seconds
[2023-08-26T17:07:38.585+0000] {processor.py:154} INFO - Started process (PID=551) to work on /home/airflow/.local/lib/python3.7/site-packages/airflow/example_dags/example_short_circuit_operator.py
[2023-08-26T17:07:38.585+0000] {processor.py:756} INFO - Processing file /home/airflow/.local/lib/python3.7/site-packages/airflow/example_dags/example_short_circuit_operator.py for tasks to queue
[2023-08-26T17:07:38.586+0000] {logging_mixin.py:120} INFO - [2023-08-26T17:07:38.586+0000] {dagbag.py:537} INFO - Filling up the DagBag from /home/airflow/.local/lib/python3.7/site-packages/airflow/example_dags/example_short_circuit_operator.py
[2023-08-26T17:07:38.596+0000] {processor.py:766} INFO - DAG(s) dict_keys(['example_short_circuit_operator']) retrieved from /home/airflow/.local/lib/python3.7/site-packages/airflow/example_dags/example_short_circuit_operator.py
[2023-08-26T17:07:38.623+0000] {logging_mixin.py:120} INFO - [2023-08-26T17:07:38.623+0000] {dag.py:2585} INFO - Sync 1 DAGs
[2023-08-26T17:07:38.636+0000] {logging_mixin.py:120} INFO - [2023-08-26T17:07:38.636+0000] {dag.py:3340} INFO - Setting next_dagrun for example_short_circuit_operator to 2023-08-25T17:07:38.636632+00:00, run_after=2023-08-26T17:07:38.636632+00:00
[2023-08-26T17:07:38.647+0000] {processor.py:176} INFO - Processing /home/airflow/.local/lib/python3.7/site-packages/airflow/example_dags/example_short_circuit_operator.py took 0.065 seconds
[2023-08-26T17:08:09.588+0000] {processor.py:154} INFO - Started process (PID=614) to work on /home/airflow/.local/lib/python3.7/site-packages/airflow/example_dags/example_short_circuit_operator.py
[2023-08-26T17:08:09.589+0000] {processor.py:756} INFO - Processing file /home/airflow/.local/lib/python3.7/site-packages/airflow/example_dags/example_short_circuit_operator.py for tasks to queue
[2023-08-26T17:08:09.590+0000] {logging_mixin.py:120} INFO - [2023-08-26T17:08:09.590+0000] {dagbag.py:537} INFO - Filling up the DagBag from /home/airflow/.local/lib/python3.7/site-packages/airflow/example_dags/example_short_circuit_operator.py
[2023-08-26T17:08:09.600+0000] {processor.py:766} INFO - DAG(s) dict_keys(['example_short_circuit_operator']) retrieved from /home/airflow/.local/lib/python3.7/site-packages/airflow/example_dags/example_short_circuit_operator.py
[2023-08-26T17:08:09.625+0000] {logging_mixin.py:120} INFO - [2023-08-26T17:08:09.625+0000] {dag.py:2585} INFO - Sync 1 DAGs
[2023-08-26T17:08:09.640+0000] {logging_mixin.py:120} INFO - [2023-08-26T17:08:09.640+0000] {dag.py:3340} INFO - Setting next_dagrun for example_short_circuit_operator to 2023-08-25T17:08:09.640112+00:00, run_after=2023-08-26T17:08:09.640112+00:00
[2023-08-26T17:08:09.651+0000] {processor.py:176} INFO - Processing /home/airflow/.local/lib/python3.7/site-packages/airflow/example_dags/example_short_circuit_operator.py took 0.065 seconds
[2023-08-26T17:08:40.634+0000] {processor.py:154} INFO - Started process (PID=677) to work on /home/airflow/.local/lib/python3.7/site-packages/airflow/example_dags/example_short_circuit_operator.py
[2023-08-26T17:08:40.635+0000] {processor.py:756} INFO - Processing file /home/airflow/.local/lib/python3.7/site-packages/airflow/example_dags/example_short_circuit_operator.py for tasks to queue
[2023-08-26T17:08:40.636+0000] {logging_mixin.py:120} INFO - [2023-08-26T17:08:40.636+0000] {dagbag.py:537} INFO - Filling up the DagBag from /home/airflow/.local/lib/python3.7/site-packages/airflow/example_dags/example_short_circuit_operator.py
[2023-08-26T17:08:40.646+0000] {processor.py:766} INFO - DAG(s) dict_keys(['example_short_circuit_operator']) retrieved from /home/airflow/.local/lib/python3.7/site-packages/airflow/example_dags/example_short_circuit_operator.py
[2023-08-26T17:08:40.676+0000] {logging_mixin.py:120} INFO - [2023-08-26T17:08:40.676+0000] {dag.py:2585} INFO - Sync 1 DAGs
[2023-08-26T17:08:40.694+0000] {logging_mixin.py:120} INFO - [2023-08-26T17:08:40.694+0000] {dag.py:3340} INFO - Setting next_dagrun for example_short_circuit_operator to 2023-08-25T17:08:40.694056+00:00, run_after=2023-08-26T17:08:40.694056+00:00
[2023-08-26T17:08:40.708+0000] {processor.py:176} INFO - Processing /home/airflow/.local/lib/python3.7/site-packages/airflow/example_dags/example_short_circuit_operator.py took 0.076 seconds
[2023-08-26T17:09:11.034+0000] {processor.py:154} INFO - Started process (PID=739) to work on /home/airflow/.local/lib/python3.7/site-packages/airflow/example_dags/example_short_circuit_operator.py
[2023-08-26T17:09:11.035+0000] {processor.py:756} INFO - Processing file /home/airflow/.local/lib/python3.7/site-packages/airflow/example_dags/example_short_circuit_operator.py for tasks to queue
[2023-08-26T17:09:11.035+0000] {logging_mixin.py:120} INFO - [2023-08-26T17:09:11.035+0000] {dagbag.py:537} INFO - Filling up the DagBag from /home/airflow/.local/lib/python3.7/site-packages/airflow/example_dags/example_short_circuit_operator.py
[2023-08-26T17:09:11.047+0000] {processor.py:766} INFO - DAG(s) dict_keys(['example_short_circuit_operator']) retrieved from /home/airflow/.local/lib/python3.7/site-packages/airflow/example_dags/example_short_circuit_operator.py
[2023-08-26T17:09:11.076+0000] {logging_mixin.py:120} INFO - [2023-08-26T17:09:11.076+0000] {dag.py:2585} INFO - Sync 1 DAGs
[2023-08-26T17:09:11.096+0000] {logging_mixin.py:120} INFO - [2023-08-26T17:09:11.096+0000] {dag.py:3340} INFO - Setting next_dagrun for example_short_circuit_operator to 2023-08-25T17:09:11.096562+00:00, run_after=2023-08-26T17:09:11.096562+00:00
[2023-08-26T17:09:11.108+0000] {processor.py:176} INFO - Processing /home/airflow/.local/lib/python3.7/site-packages/airflow/example_dags/example_short_circuit_operator.py took 0.077 seconds
[2023-08-26T17:09:41.135+0000] {processor.py:154} INFO - Started process (PID=793) to work on /home/airflow/.local/lib/python3.7/site-packages/airflow/example_dags/example_short_circuit_operator.py
[2023-08-26T17:09:41.136+0000] {processor.py:756} INFO - Processing file /home/airflow/.local/lib/python3.7/site-packages/airflow/example_dags/example_short_circuit_operator.py for tasks to queue
[2023-08-26T17:09:41.136+0000] {logging_mixin.py:120} INFO - [2023-08-26T17:09:41.136+0000] {dagbag.py:537} INFO - Filling up the DagBag from /home/airflow/.local/lib/python3.7/site-packages/airflow/example_dags/example_short_circuit_operator.py
[2023-08-26T17:09:41.146+0000] {processor.py:766} INFO - DAG(s) dict_keys(['example_short_circuit_operator']) retrieved from /home/airflow/.local/lib/python3.7/site-packages/airflow/example_dags/example_short_circuit_operator.py
[2023-08-26T17:09:41.171+0000] {logging_mixin.py:120} INFO - [2023-08-26T17:09:41.171+0000] {dag.py:2585} INFO - Sync 1 DAGs
[2023-08-26T17:09:41.185+0000] {logging_mixin.py:120} INFO - [2023-08-26T17:09:41.185+0000] {dag.py:3340} INFO - Setting next_dagrun for example_short_circuit_operator to 2023-08-25T17:09:41.185264+00:00, run_after=2023-08-26T17:09:41.185264+00:00
[2023-08-26T17:09:41.195+0000] {processor.py:176} INFO - Processing /home/airflow/.local/lib/python3.7/site-packages/airflow/example_dags/example_short_circuit_operator.py took 0.062 seconds
[2023-08-26T17:10:11.256+0000] {processor.py:154} INFO - Started process (PID=856) to work on /home/airflow/.local/lib/python3.7/site-packages/airflow/example_dags/example_short_circuit_operator.py
[2023-08-26T17:10:11.257+0000] {processor.py:756} INFO - Processing file /home/airflow/.local/lib/python3.7/site-packages/airflow/example_dags/example_short_circuit_operator.py for tasks to queue
[2023-08-26T17:10:11.257+0000] {logging_mixin.py:120} INFO - [2023-08-26T17:10:11.257+0000] {dagbag.py:537} INFO - Filling up the DagBag from /home/airflow/.local/lib/python3.7/site-packages/airflow/example_dags/example_short_circuit_operator.py
[2023-08-26T17:10:11.267+0000] {processor.py:766} INFO - DAG(s) dict_keys(['example_short_circuit_operator']) retrieved from /home/airflow/.local/lib/python3.7/site-packages/airflow/example_dags/example_short_circuit_operator.py
[2023-08-26T17:10:11.294+0000] {logging_mixin.py:120} INFO - [2023-08-26T17:10:11.294+0000] {dag.py:2585} INFO - Sync 1 DAGs
[2023-08-26T17:10:11.308+0000] {logging_mixin.py:120} INFO - [2023-08-26T17:10:11.308+0000] {dag.py:3340} INFO - Setting next_dagrun for example_short_circuit_operator to 2023-08-25T17:10:11.308447+00:00, run_after=2023-08-26T17:10:11.308447+00:00
[2023-08-26T17:10:11.319+0000] {processor.py:176} INFO - Processing /home/airflow/.local/lib/python3.7/site-packages/airflow/example_dags/example_short_circuit_operator.py took 0.065 seconds
[2023-08-26T17:10:41.421+0000] {processor.py:154} INFO - Started process (PID=919) to work on /home/airflow/.local/lib/python3.7/site-packages/airflow/example_dags/example_short_circuit_operator.py
[2023-08-26T17:10:41.422+0000] {processor.py:756} INFO - Processing file /home/airflow/.local/lib/python3.7/site-packages/airflow/example_dags/example_short_circuit_operator.py for tasks to queue
[2023-08-26T17:10:41.423+0000] {logging_mixin.py:120} INFO - [2023-08-26T17:10:41.423+0000] {dagbag.py:537} INFO - Filling up the DagBag from /home/airflow/.local/lib/python3.7/site-packages/airflow/example_dags/example_short_circuit_operator.py
[2023-08-26T17:10:41.435+0000] {processor.py:766} INFO - DAG(s) dict_keys(['example_short_circuit_operator']) retrieved from /home/airflow/.local/lib/python3.7/site-packages/airflow/example_dags/example_short_circuit_operator.py
[2023-08-26T17:10:41.464+0000] {logging_mixin.py:120} INFO - [2023-08-26T17:10:41.464+0000] {dag.py:2585} INFO - Sync 1 DAGs
[2023-08-26T17:10:41.481+0000] {logging_mixin.py:120} INFO - [2023-08-26T17:10:41.481+0000] {dag.py:3340} INFO - Setting next_dagrun for example_short_circuit_operator to 2023-08-25T17:10:41.481322+00:00, run_after=2023-08-26T17:10:41.481322+00:00
[2023-08-26T17:10:41.494+0000] {processor.py:176} INFO - Processing /home/airflow/.local/lib/python3.7/site-packages/airflow/example_dags/example_short_circuit_operator.py took 0.075 seconds
[2023-08-26T17:11:11.673+0000] {processor.py:154} INFO - Started process (PID=982) to work on /home/airflow/.local/lib/python3.7/site-packages/airflow/example_dags/example_short_circuit_operator.py
[2023-08-26T17:11:11.673+0000] {processor.py:756} INFO - Processing file /home/airflow/.local/lib/python3.7/site-packages/airflow/example_dags/example_short_circuit_operator.py for tasks to queue
[2023-08-26T17:11:11.674+0000] {logging_mixin.py:120} INFO - [2023-08-26T17:11:11.674+0000] {dagbag.py:537} INFO - Filling up the DagBag from /home/airflow/.local/lib/python3.7/site-packages/airflow/example_dags/example_short_circuit_operator.py
[2023-08-26T17:11:11.684+0000] {processor.py:766} INFO - DAG(s) dict_keys(['example_short_circuit_operator']) retrieved from /home/airflow/.local/lib/python3.7/site-packages/airflow/example_dags/example_short_circuit_operator.py
[2023-08-26T17:11:11.710+0000] {logging_mixin.py:120} INFO - [2023-08-26T17:11:11.710+0000] {dag.py:2585} INFO - Sync 1 DAGs
[2023-08-26T17:11:11.724+0000] {logging_mixin.py:120} INFO - [2023-08-26T17:11:11.724+0000] {dag.py:3340} INFO - Setting next_dagrun for example_short_circuit_operator to 2023-08-25T17:11:11.724021+00:00, run_after=2023-08-26T17:11:11.724021+00:00
[2023-08-26T17:11:11.734+0000] {processor.py:176} INFO - Processing /home/airflow/.local/lib/python3.7/site-packages/airflow/example_dags/example_short_circuit_operator.py took 0.063 seconds
[2023-08-26T17:11:42.779+0000] {processor.py:154} INFO - Started process (PID=1044) to work on /home/airflow/.local/lib/python3.7/site-packages/airflow/example_dags/example_short_circuit_operator.py
[2023-08-26T17:11:42.780+0000] {processor.py:756} INFO - Processing file /home/airflow/.local/lib/python3.7/site-packages/airflow/example_dags/example_short_circuit_operator.py for tasks to queue
[2023-08-26T17:11:42.781+0000] {logging_mixin.py:120} INFO - [2023-08-26T17:11:42.781+0000] {dagbag.py:537} INFO - Filling up the DagBag from /home/airflow/.local/lib/python3.7/site-packages/airflow/example_dags/example_short_circuit_operator.py
[2023-08-26T17:11:42.792+0000] {processor.py:766} INFO - DAG(s) dict_keys(['example_short_circuit_operator']) retrieved from /home/airflow/.local/lib/python3.7/site-packages/airflow/example_dags/example_short_circuit_operator.py
[2023-08-26T17:11:42.819+0000] {logging_mixin.py:120} INFO - [2023-08-26T17:11:42.819+0000] {dag.py:2585} INFO - Sync 1 DAGs
[2023-08-26T17:11:42.834+0000] {logging_mixin.py:120} INFO - [2023-08-26T17:11:42.834+0000] {dag.py:3340} INFO - Setting next_dagrun for example_short_circuit_operator to 2023-08-25T17:11:42.834405+00:00, run_after=2023-08-26T17:11:42.834405+00:00
[2023-08-26T17:11:42.846+0000] {processor.py:176} INFO - Processing /home/airflow/.local/lib/python3.7/site-packages/airflow/example_dags/example_short_circuit_operator.py took 0.069 seconds
[2023-08-26T17:12:13.919+0000] {processor.py:154} INFO - Started process (PID=1107) to work on /home/airflow/.local/lib/python3.7/site-packages/airflow/example_dags/example_short_circuit_operator.py
[2023-08-26T17:12:13.920+0000] {processor.py:756} INFO - Processing file /home/airflow/.local/lib/python3.7/site-packages/airflow/example_dags/example_short_circuit_operator.py for tasks to queue
[2023-08-26T17:12:13.920+0000] {logging_mixin.py:120} INFO - [2023-08-26T17:12:13.920+0000] {dagbag.py:537} INFO - Filling up the DagBag from /home/airflow/.local/lib/python3.7/site-packages/airflow/example_dags/example_short_circuit_operator.py
[2023-08-26T17:12:13.932+0000] {processor.py:766} INFO - DAG(s) dict_keys(['example_short_circuit_operator']) retrieved from /home/airflow/.local/lib/python3.7/site-packages/airflow/example_dags/example_short_circuit_operator.py
[2023-08-26T17:12:13.958+0000] {logging_mixin.py:120} INFO - [2023-08-26T17:12:13.958+0000] {dag.py:2585} INFO - Sync 1 DAGs
[2023-08-26T17:12:13.973+0000] {logging_mixin.py:120} INFO - [2023-08-26T17:12:13.973+0000] {dag.py:3340} INFO - Setting next_dagrun for example_short_circuit_operator to 2023-08-25T17:12:13.973176+00:00, run_after=2023-08-26T17:12:13.973176+00:00
[2023-08-26T17:12:13.985+0000] {processor.py:176} INFO - Processing /home/airflow/.local/lib/python3.7/site-packages/airflow/example_dags/example_short_circuit_operator.py took 0.069 seconds
[2023-08-26T17:12:45.094+0000] {processor.py:154} INFO - Started process (PID=1176) to work on /home/airflow/.local/lib/python3.7/site-packages/airflow/example_dags/example_short_circuit_operator.py
[2023-08-26T17:12:45.094+0000] {processor.py:756} INFO - Processing file /home/airflow/.local/lib/python3.7/site-packages/airflow/example_dags/example_short_circuit_operator.py for tasks to queue
[2023-08-26T17:12:45.095+0000] {logging_mixin.py:120} INFO - [2023-08-26T17:12:45.095+0000] {dagbag.py:537} INFO - Filling up the DagBag from /home/airflow/.local/lib/python3.7/site-packages/airflow/example_dags/example_short_circuit_operator.py
[2023-08-26T17:12:45.106+0000] {processor.py:766} INFO - DAG(s) dict_keys(['example_short_circuit_operator']) retrieved from /home/airflow/.local/lib/python3.7/site-packages/airflow/example_dags/example_short_circuit_operator.py
[2023-08-26T17:12:45.134+0000] {logging_mixin.py:120} INFO - [2023-08-26T17:12:45.134+0000] {dag.py:2585} INFO - Sync 1 DAGs
[2023-08-26T17:12:45.151+0000] {logging_mixin.py:120} INFO - [2023-08-26T17:12:45.150+0000] {dag.py:3340} INFO - Setting next_dagrun for example_short_circuit_operator to 2023-08-25T17:12:45.150790+00:00, run_after=2023-08-26T17:12:45.150790+00:00
[2023-08-26T17:12:45.164+0000] {processor.py:176} INFO - Processing /home/airflow/.local/lib/python3.7/site-packages/airflow/example_dags/example_short_circuit_operator.py took 0.073 seconds
[2023-08-26T17:13:15.209+0000] {processor.py:154} INFO - Started process (PID=1230) to work on /home/airflow/.local/lib/python3.7/site-packages/airflow/example_dags/example_short_circuit_operator.py
[2023-08-26T17:13:15.210+0000] {processor.py:756} INFO - Processing file /home/airflow/.local/lib/python3.7/site-packages/airflow/example_dags/example_short_circuit_operator.py for tasks to queue
[2023-08-26T17:13:15.211+0000] {logging_mixin.py:120} INFO - [2023-08-26T17:13:15.210+0000] {dagbag.py:537} INFO - Filling up the DagBag from /home/airflow/.local/lib/python3.7/site-packages/airflow/example_dags/example_short_circuit_operator.py
[2023-08-26T17:13:15.222+0000] {processor.py:766} INFO - DAG(s) dict_keys(['example_short_circuit_operator']) retrieved from /home/airflow/.local/lib/python3.7/site-packages/airflow/example_dags/example_short_circuit_operator.py
[2023-08-26T17:13:15.253+0000] {logging_mixin.py:120} INFO - [2023-08-26T17:13:15.253+0000] {dag.py:2585} INFO - Sync 1 DAGs
[2023-08-26T17:13:15.269+0000] {logging_mixin.py:120} INFO - [2023-08-26T17:13:15.269+0000] {dag.py:3340} INFO - Setting next_dagrun for example_short_circuit_operator to 2023-08-25T17:13:15.269681+00:00, run_after=2023-08-26T17:13:15.269681+00:00
[2023-08-26T17:13:15.282+0000] {processor.py:176} INFO - Processing /home/airflow/.local/lib/python3.7/site-packages/airflow/example_dags/example_short_circuit_operator.py took 0.076 seconds
[2023-08-26T17:13:45.546+0000] {processor.py:154} INFO - Started process (PID=1293) to work on /home/airflow/.local/lib/python3.7/site-packages/airflow/example_dags/example_short_circuit_operator.py
[2023-08-26T17:13:45.547+0000] {processor.py:756} INFO - Processing file /home/airflow/.local/lib/python3.7/site-packages/airflow/example_dags/example_short_circuit_operator.py for tasks to queue
[2023-08-26T17:13:45.547+0000] {logging_mixin.py:120} INFO - [2023-08-26T17:13:45.547+0000] {dagbag.py:537} INFO - Filling up the DagBag from /home/airflow/.local/lib/python3.7/site-packages/airflow/example_dags/example_short_circuit_operator.py
[2023-08-26T17:13:45.557+0000] {processor.py:766} INFO - DAG(s) dict_keys(['example_short_circuit_operator']) retrieved from /home/airflow/.local/lib/python3.7/site-packages/airflow/example_dags/example_short_circuit_operator.py
[2023-08-26T17:13:45.583+0000] {logging_mixin.py:120} INFO - [2023-08-26T17:13:45.583+0000] {dag.py:2585} INFO - Sync 1 DAGs
[2023-08-26T17:13:45.597+0000] {logging_mixin.py:120} INFO - [2023-08-26T17:13:45.597+0000] {dag.py:3340} INFO - Setting next_dagrun for example_short_circuit_operator to 2023-08-25T17:13:45.597225+00:00, run_after=2023-08-26T17:13:45.597225+00:00
[2023-08-26T17:13:45.608+0000] {processor.py:176} INFO - Processing /home/airflow/.local/lib/python3.7/site-packages/airflow/example_dags/example_short_circuit_operator.py took 0.064 seconds
[2023-08-26T17:14:16.605+0000] {processor.py:154} INFO - Started process (PID=1356) to work on /home/airflow/.local/lib/python3.7/site-packages/airflow/example_dags/example_short_circuit_operator.py
[2023-08-26T17:14:16.606+0000] {processor.py:756} INFO - Processing file /home/airflow/.local/lib/python3.7/site-packages/airflow/example_dags/example_short_circuit_operator.py for tasks to queue
[2023-08-26T17:14:16.606+0000] {logging_mixin.py:120} INFO - [2023-08-26T17:14:16.606+0000] {dagbag.py:537} INFO - Filling up the DagBag from /home/airflow/.local/lib/python3.7/site-packages/airflow/example_dags/example_short_circuit_operator.py
[2023-08-26T17:14:16.617+0000] {processor.py:766} INFO - DAG(s) dict_keys(['example_short_circuit_operator']) retrieved from /home/airflow/.local/lib/python3.7/site-packages/airflow/example_dags/example_short_circuit_operator.py
[2023-08-26T17:14:16.643+0000] {logging_mixin.py:120} INFO - [2023-08-26T17:14:16.642+0000] {dag.py:2585} INFO - Sync 1 DAGs
[2023-08-26T17:14:16.658+0000] {logging_mixin.py:120} INFO - [2023-08-26T17:14:16.658+0000] {dag.py:3340} INFO - Setting next_dagrun for example_short_circuit_operator to 2023-08-25T17:14:16.657878+00:00, run_after=2023-08-26T17:14:16.657878+00:00
[2023-08-26T17:14:16.669+0000] {processor.py:176} INFO - Processing /home/airflow/.local/lib/python3.7/site-packages/airflow/example_dags/example_short_circuit_operator.py took 0.066 seconds
[2023-08-26T17:14:46.790+0000] {processor.py:154} INFO - Started process (PID=1421) to work on /home/airflow/.local/lib/python3.7/site-packages/airflow/example_dags/example_short_circuit_operator.py
[2023-08-26T17:14:46.791+0000] {processor.py:756} INFO - Processing file /home/airflow/.local/lib/python3.7/site-packages/airflow/example_dags/example_short_circuit_operator.py for tasks to queue
[2023-08-26T17:14:46.792+0000] {logging_mixin.py:120} INFO - [2023-08-26T17:14:46.792+0000] {dagbag.py:537} INFO - Filling up the DagBag from /home/airflow/.local/lib/python3.7/site-packages/airflow/example_dags/example_short_circuit_operator.py
[2023-08-26T17:14:46.804+0000] {processor.py:766} INFO - DAG(s) dict_keys(['example_short_circuit_operator']) retrieved from /home/airflow/.local/lib/python3.7/site-packages/airflow/example_dags/example_short_circuit_operator.py
[2023-08-26T17:14:46.832+0000] {logging_mixin.py:120} INFO - [2023-08-26T17:14:46.831+0000] {dag.py:2585} INFO - Sync 1 DAGs
[2023-08-26T17:14:46.848+0000] {logging_mixin.py:120} INFO - [2023-08-26T17:14:46.848+0000] {dag.py:3340} INFO - Setting next_dagrun for example_short_circuit_operator to 2023-08-25T17:14:46.848410+00:00, run_after=2023-08-26T17:14:46.848410+00:00
[2023-08-26T17:14:46.862+0000] {processor.py:176} INFO - Processing /home/airflow/.local/lib/python3.7/site-packages/airflow/example_dags/example_short_circuit_operator.py took 0.073 seconds
[2023-08-26T17:15:16.937+0000] {processor.py:154} INFO - Started process (PID=1484) to work on /home/airflow/.local/lib/python3.7/site-packages/airflow/example_dags/example_short_circuit_operator.py
[2023-08-26T17:15:16.938+0000] {processor.py:756} INFO - Processing file /home/airflow/.local/lib/python3.7/site-packages/airflow/example_dags/example_short_circuit_operator.py for tasks to queue
[2023-08-26T17:15:16.938+0000] {logging_mixin.py:120} INFO - [2023-08-26T17:15:16.938+0000] {dagbag.py:537} INFO - Filling up the DagBag from /home/airflow/.local/lib/python3.7/site-packages/airflow/example_dags/example_short_circuit_operator.py
[2023-08-26T17:15:16.949+0000] {processor.py:766} INFO - DAG(s) dict_keys(['example_short_circuit_operator']) retrieved from /home/airflow/.local/lib/python3.7/site-packages/airflow/example_dags/example_short_circuit_operator.py
[2023-08-26T17:15:16.973+0000] {logging_mixin.py:120} INFO - [2023-08-26T17:15:16.973+0000] {dag.py:2585} INFO - Sync 1 DAGs
[2023-08-26T17:15:16.985+0000] {logging_mixin.py:120} INFO - [2023-08-26T17:15:16.985+0000] {dag.py:3340} INFO - Setting next_dagrun for example_short_circuit_operator to 2023-08-25T17:15:16.985728+00:00, run_after=2023-08-26T17:15:16.985728+00:00
[2023-08-26T17:15:16.995+0000] {processor.py:176} INFO - Processing /home/airflow/.local/lib/python3.7/site-packages/airflow/example_dags/example_short_circuit_operator.py took 0.061 seconds
[2023-08-26T17:15:47.143+0000] {processor.py:154} INFO - Started process (PID=1539) to work on /home/airflow/.local/lib/python3.7/site-packages/airflow/example_dags/example_short_circuit_operator.py
[2023-08-26T17:15:47.146+0000] {processor.py:756} INFO - Processing file /home/airflow/.local/lib/python3.7/site-packages/airflow/example_dags/example_short_circuit_operator.py for tasks to queue
[2023-08-26T17:15:47.147+0000] {logging_mixin.py:120} INFO - [2023-08-26T17:15:47.147+0000] {dagbag.py:537} INFO - Filling up the DagBag from /home/airflow/.local/lib/python3.7/site-packages/airflow/example_dags/example_short_circuit_operator.py
[2023-08-26T17:15:47.157+0000] {processor.py:766} INFO - DAG(s) dict_keys(['example_short_circuit_operator']) retrieved from /home/airflow/.local/lib/python3.7/site-packages/airflow/example_dags/example_short_circuit_operator.py
[2023-08-26T17:15:47.184+0000] {logging_mixin.py:120} INFO - [2023-08-26T17:15:47.184+0000] {dag.py:2585} INFO - Sync 1 DAGs
[2023-08-26T17:15:47.200+0000] {logging_mixin.py:120} INFO - [2023-08-26T17:15:47.200+0000] {dag.py:3340} INFO - Setting next_dagrun for example_short_circuit_operator to 2023-08-25T17:15:47.200250+00:00, run_after=2023-08-26T17:15:47.200250+00:00
[2023-08-26T17:15:47.212+0000] {processor.py:176} INFO - Processing /home/airflow/.local/lib/python3.7/site-packages/airflow/example_dags/example_short_circuit_operator.py took 0.071 seconds
[2023-08-26T17:16:18.158+0000] {processor.py:154} INFO - Started process (PID=1602) to work on /home/airflow/.local/lib/python3.7/site-packages/airflow/example_dags/example_short_circuit_operator.py
[2023-08-26T17:16:18.158+0000] {processor.py:756} INFO - Processing file /home/airflow/.local/lib/python3.7/site-packages/airflow/example_dags/example_short_circuit_operator.py for tasks to queue
[2023-08-26T17:16:18.159+0000] {logging_mixin.py:120} INFO - [2023-08-26T17:16:18.159+0000] {dagbag.py:537} INFO - Filling up the DagBag from /home/airflow/.local/lib/python3.7/site-packages/airflow/example_dags/example_short_circuit_operator.py
[2023-08-26T17:16:18.171+0000] {processor.py:766} INFO - DAG(s) dict_keys(['example_short_circuit_operator']) retrieved from /home/airflow/.local/lib/python3.7/site-packages/airflow/example_dags/example_short_circuit_operator.py
[2023-08-26T17:16:18.200+0000] {logging_mixin.py:120} INFO - [2023-08-26T17:16:18.200+0000] {dag.py:2585} INFO - Sync 1 DAGs
[2023-08-26T17:16:18.216+0000] {logging_mixin.py:120} INFO - [2023-08-26T17:16:18.216+0000] {dag.py:3340} INFO - Setting next_dagrun for example_short_circuit_operator to 2023-08-25T17:16:18.216107+00:00, run_after=2023-08-26T17:16:18.216107+00:00
[2023-08-26T17:16:18.226+0000] {processor.py:176} INFO - Processing /home/airflow/.local/lib/python3.7/site-packages/airflow/example_dags/example_short_circuit_operator.py took 0.071 seconds
[2023-08-26T17:16:49.234+0000] {processor.py:154} INFO - Started process (PID=1665) to work on /home/airflow/.local/lib/python3.7/site-packages/airflow/example_dags/example_short_circuit_operator.py
[2023-08-26T17:16:49.235+0000] {processor.py:756} INFO - Processing file /home/airflow/.local/lib/python3.7/site-packages/airflow/example_dags/example_short_circuit_operator.py for tasks to queue
[2023-08-26T17:16:49.236+0000] {logging_mixin.py:120} INFO - [2023-08-26T17:16:49.236+0000] {dagbag.py:537} INFO - Filling up the DagBag from /home/airflow/.local/lib/python3.7/site-packages/airflow/example_dags/example_short_circuit_operator.py
[2023-08-26T17:16:49.246+0000] {processor.py:766} INFO - DAG(s) dict_keys(['example_short_circuit_operator']) retrieved from /home/airflow/.local/lib/python3.7/site-packages/airflow/example_dags/example_short_circuit_operator.py
[2023-08-26T17:16:49.272+0000] {logging_mixin.py:120} INFO - [2023-08-26T17:16:49.272+0000] {dag.py:2585} INFO - Sync 1 DAGs
[2023-08-26T17:16:49.287+0000] {logging_mixin.py:120} INFO - [2023-08-26T17:16:49.287+0000] {dag.py:3340} INFO - Setting next_dagrun for example_short_circuit_operator to 2023-08-25T17:16:49.287275+00:00, run_after=2023-08-26T17:16:49.287275+00:00
[2023-08-26T17:16:49.297+0000] {processor.py:176} INFO - Processing /home/airflow/.local/lib/python3.7/site-packages/airflow/example_dags/example_short_circuit_operator.py took 0.064 seconds
[2023-08-26T17:17:19.383+0000] {processor.py:154} INFO - Started process (PID=1729) to work on /home/airflow/.local/lib/python3.7/site-packages/airflow/example_dags/example_short_circuit_operator.py
[2023-08-26T17:17:19.384+0000] {processor.py:756} INFO - Processing file /home/airflow/.local/lib/python3.7/site-packages/airflow/example_dags/example_short_circuit_operator.py for tasks to queue
[2023-08-26T17:17:19.384+0000] {logging_mixin.py:120} INFO - [2023-08-26T17:17:19.384+0000] {dagbag.py:537} INFO - Filling up the DagBag from /home/airflow/.local/lib/python3.7/site-packages/airflow/example_dags/example_short_circuit_operator.py
[2023-08-26T17:17:19.395+0000] {processor.py:766} INFO - DAG(s) dict_keys(['example_short_circuit_operator']) retrieved from /home/airflow/.local/lib/python3.7/site-packages/airflow/example_dags/example_short_circuit_operator.py
[2023-08-26T17:17:19.424+0000] {logging_mixin.py:120} INFO - [2023-08-26T17:17:19.423+0000] {dag.py:2585} INFO - Sync 1 DAGs
[2023-08-26T17:17:19.439+0000] {logging_mixin.py:120} INFO - [2023-08-26T17:17:19.439+0000] {dag.py:3340} INFO - Setting next_dagrun for example_short_circuit_operator to 2023-08-25T17:17:19.439599+00:00, run_after=2023-08-26T17:17:19.439599+00:00
[2023-08-26T17:17:19.451+0000] {processor.py:176} INFO - Processing /home/airflow/.local/lib/python3.7/site-packages/airflow/example_dags/example_short_circuit_operator.py took 0.070 seconds
[2023-08-26T17:17:50.439+0000] {processor.py:154} INFO - Started process (PID=1791) to work on /home/airflow/.local/lib/python3.7/site-packages/airflow/example_dags/example_short_circuit_operator.py
[2023-08-26T17:17:50.440+0000] {processor.py:756} INFO - Processing file /home/airflow/.local/lib/python3.7/site-packages/airflow/example_dags/example_short_circuit_operator.py for tasks to queue
[2023-08-26T17:17:50.440+0000] {logging_mixin.py:120} INFO - [2023-08-26T17:17:50.440+0000] {dagbag.py:537} INFO - Filling up the DagBag from /home/airflow/.local/lib/python3.7/site-packages/airflow/example_dags/example_short_circuit_operator.py
[2023-08-26T17:17:50.450+0000] {processor.py:766} INFO - DAG(s) dict_keys(['example_short_circuit_operator']) retrieved from /home/airflow/.local/lib/python3.7/site-packages/airflow/example_dags/example_short_circuit_operator.py
[2023-08-26T17:17:50.476+0000] {logging_mixin.py:120} INFO - [2023-08-26T17:17:50.476+0000] {dag.py:2585} INFO - Sync 1 DAGs
[2023-08-26T17:17:50.491+0000] {logging_mixin.py:120} INFO - [2023-08-26T17:17:50.491+0000] {dag.py:3340} INFO - Setting next_dagrun for example_short_circuit_operator to 2023-08-25T17:17:50.491338+00:00, run_after=2023-08-26T17:17:50.491338+00:00
[2023-08-26T17:17:50.503+0000] {processor.py:176} INFO - Processing /home/airflow/.local/lib/python3.7/site-packages/airflow/example_dags/example_short_circuit_operator.py took 0.066 seconds
[2023-08-26T17:18:20.629+0000] {processor.py:154} INFO - Started process (PID=1854) to work on /home/airflow/.local/lib/python3.7/site-packages/airflow/example_dags/example_short_circuit_operator.py
[2023-08-26T17:18:20.631+0000] {processor.py:756} INFO - Processing file /home/airflow/.local/lib/python3.7/site-packages/airflow/example_dags/example_short_circuit_operator.py for tasks to queue
[2023-08-26T17:18:20.631+0000] {logging_mixin.py:120} INFO - [2023-08-26T17:18:20.631+0000] {dagbag.py:537} INFO - Filling up the DagBag from /home/airflow/.local/lib/python3.7/site-packages/airflow/example_dags/example_short_circuit_operator.py
[2023-08-26T17:18:20.644+0000] {processor.py:766} INFO - DAG(s) dict_keys(['example_short_circuit_operator']) retrieved from /home/airflow/.local/lib/python3.7/site-packages/airflow/example_dags/example_short_circuit_operator.py
[2023-08-26T17:18:20.674+0000] {logging_mixin.py:120} INFO - [2023-08-26T17:18:20.674+0000] {dag.py:2585} INFO - Sync 1 DAGs
[2023-08-26T17:18:20.690+0000] {logging_mixin.py:120} INFO - [2023-08-26T17:18:20.690+0000] {dag.py:3340} INFO - Setting next_dagrun for example_short_circuit_operator to 2023-08-25T17:18:20.690471+00:00, run_after=2023-08-26T17:18:20.690471+00:00
[2023-08-26T17:18:20.701+0000] {processor.py:176} INFO - Processing /home/airflow/.local/lib/python3.7/site-packages/airflow/example_dags/example_short_circuit_operator.py took 0.073 seconds
[2023-08-26T17:18:50.889+0000] {processor.py:154} INFO - Started process (PID=1907) to work on /home/airflow/.local/lib/python3.7/site-packages/airflow/example_dags/example_short_circuit_operator.py
[2023-08-26T17:18:50.889+0000] {processor.py:756} INFO - Processing file /home/airflow/.local/lib/python3.7/site-packages/airflow/example_dags/example_short_circuit_operator.py for tasks to queue
[2023-08-26T17:18:50.890+0000] {logging_mixin.py:120} INFO - [2023-08-26T17:18:50.890+0000] {dagbag.py:537} INFO - Filling up the DagBag from /home/airflow/.local/lib/python3.7/site-packages/airflow/example_dags/example_short_circuit_operator.py
[2023-08-26T17:18:50.900+0000] {processor.py:766} INFO - DAG(s) dict_keys(['example_short_circuit_operator']) retrieved from /home/airflow/.local/lib/python3.7/site-packages/airflow/example_dags/example_short_circuit_operator.py
[2023-08-26T17:18:50.934+0000] {logging_mixin.py:120} INFO - [2023-08-26T17:18:50.934+0000] {dag.py:2585} INFO - Sync 1 DAGs
[2023-08-26T17:18:50.951+0000] {logging_mixin.py:120} INFO - [2023-08-26T17:18:50.951+0000] {dag.py:3340} INFO - Setting next_dagrun for example_short_circuit_operator to 2023-08-25T17:18:50.951241+00:00, run_after=2023-08-26T17:18:50.951241+00:00
[2023-08-26T17:18:50.964+0000] {processor.py:176} INFO - Processing /home/airflow/.local/lib/python3.7/site-packages/airflow/example_dags/example_short_circuit_operator.py took 0.077 seconds
[2023-08-26T17:19:21.186+0000] {processor.py:154} INFO - Started process (PID=1970) to work on /home/airflow/.local/lib/python3.7/site-packages/airflow/example_dags/example_short_circuit_operator.py
[2023-08-26T17:19:21.187+0000] {processor.py:756} INFO - Processing file /home/airflow/.local/lib/python3.7/site-packages/airflow/example_dags/example_short_circuit_operator.py for tasks to queue
[2023-08-26T17:19:21.187+0000] {logging_mixin.py:120} INFO - [2023-08-26T17:19:21.187+0000] {dagbag.py:537} INFO - Filling up the DagBag from /home/airflow/.local/lib/python3.7/site-packages/airflow/example_dags/example_short_circuit_operator.py
[2023-08-26T17:19:21.198+0000] {processor.py:766} INFO - DAG(s) dict_keys(['example_short_circuit_operator']) retrieved from /home/airflow/.local/lib/python3.7/site-packages/airflow/example_dags/example_short_circuit_operator.py
[2023-08-26T17:19:21.225+0000] {logging_mixin.py:120} INFO - [2023-08-26T17:19:21.225+0000] {dag.py:2585} INFO - Sync 1 DAGs
[2023-08-26T17:19:21.240+0000] {logging_mixin.py:120} INFO - [2023-08-26T17:19:21.240+0000] {dag.py:3340} INFO - Setting next_dagrun for example_short_circuit_operator to 2023-08-25T17:19:21.240701+00:00, run_after=2023-08-26T17:19:21.240701+00:00
[2023-08-26T17:19:21.251+0000] {processor.py:176} INFO - Processing /home/airflow/.local/lib/python3.7/site-packages/airflow/example_dags/example_short_circuit_operator.py took 0.068 seconds
[2023-08-26T17:19:52.221+0000] {processor.py:154} INFO - Started process (PID=2033) to work on /home/airflow/.local/lib/python3.7/site-packages/airflow/example_dags/example_short_circuit_operator.py
[2023-08-26T17:19:52.222+0000] {processor.py:756} INFO - Processing file /home/airflow/.local/lib/python3.7/site-packages/airflow/example_dags/example_short_circuit_operator.py for tasks to queue
[2023-08-26T17:19:52.223+0000] {logging_mixin.py:120} INFO - [2023-08-26T17:19:52.223+0000] {dagbag.py:537} INFO - Filling up the DagBag from /home/airflow/.local/lib/python3.7/site-packages/airflow/example_dags/example_short_circuit_operator.py
[2023-08-26T17:19:52.233+0000] {processor.py:766} INFO - DAG(s) dict_keys(['example_short_circuit_operator']) retrieved from /home/airflow/.local/lib/python3.7/site-packages/airflow/example_dags/example_short_circuit_operator.py
[2023-08-26T17:19:52.257+0000] {logging_mixin.py:120} INFO - [2023-08-26T17:19:52.257+0000] {dag.py:2585} INFO - Sync 1 DAGs
[2023-08-26T17:19:52.270+0000] {logging_mixin.py:120} INFO - [2023-08-26T17:19:52.270+0000] {dag.py:3340} INFO - Setting next_dagrun for example_short_circuit_operator to 2023-08-25T17:19:52.270410+00:00, run_after=2023-08-26T17:19:52.270410+00:00
[2023-08-26T17:19:52.279+0000] {processor.py:176} INFO - Processing /home/airflow/.local/lib/python3.7/site-packages/airflow/example_dags/example_short_circuit_operator.py took 0.061 seconds
[2023-08-26T17:20:22.445+0000] {processor.py:154} INFO - Started process (PID=2096) to work on /home/airflow/.local/lib/python3.7/site-packages/airflow/example_dags/example_short_circuit_operator.py
[2023-08-26T17:20:22.445+0000] {processor.py:756} INFO - Processing file /home/airflow/.local/lib/python3.7/site-packages/airflow/example_dags/example_short_circuit_operator.py for tasks to queue
[2023-08-26T17:20:22.446+0000] {logging_mixin.py:120} INFO - [2023-08-26T17:20:22.446+0000] {dagbag.py:537} INFO - Filling up the DagBag from /home/airflow/.local/lib/python3.7/site-packages/airflow/example_dags/example_short_circuit_operator.py
[2023-08-26T17:20:22.456+0000] {processor.py:766} INFO - DAG(s) dict_keys(['example_short_circuit_operator']) retrieved from /home/airflow/.local/lib/python3.7/site-packages/airflow/example_dags/example_short_circuit_operator.py
[2023-08-26T17:20:22.480+0000] {logging_mixin.py:120} INFO - [2023-08-26T17:20:22.480+0000] {dag.py:2585} INFO - Sync 1 DAGs
[2023-08-26T17:20:22.495+0000] {logging_mixin.py:120} INFO - [2023-08-26T17:20:22.495+0000] {dag.py:3340} INFO - Setting next_dagrun for example_short_circuit_operator to 2023-08-25T17:20:22.495509+00:00, run_after=2023-08-26T17:20:22.495509+00:00
[2023-08-26T17:20:22.505+0000] {processor.py:176} INFO - Processing /home/airflow/.local/lib/python3.7/site-packages/airflow/example_dags/example_short_circuit_operator.py took 0.063 seconds
[2023-08-26T17:20:52.722+0000] {processor.py:154} INFO - Started process (PID=2159) to work on /home/airflow/.local/lib/python3.7/site-packages/airflow/example_dags/example_short_circuit_operator.py
[2023-08-26T17:20:52.723+0000] {processor.py:756} INFO - Processing file /home/airflow/.local/lib/python3.7/site-packages/airflow/example_dags/example_short_circuit_operator.py for tasks to queue
[2023-08-26T17:20:52.723+0000] {logging_mixin.py:120} INFO - [2023-08-26T17:20:52.723+0000] {dagbag.py:537} INFO - Filling up the DagBag from /home/airflow/.local/lib/python3.7/site-packages/airflow/example_dags/example_short_circuit_operator.py
[2023-08-26T17:20:52.735+0000] {processor.py:766} INFO - DAG(s) dict_keys(['example_short_circuit_operator']) retrieved from /home/airflow/.local/lib/python3.7/site-packages/airflow/example_dags/example_short_circuit_operator.py
[2023-08-26T17:20:52.763+0000] {logging_mixin.py:120} INFO - [2023-08-26T17:20:52.763+0000] {dag.py:2585} INFO - Sync 1 DAGs
[2023-08-26T17:20:52.779+0000] {logging_mixin.py:120} INFO - [2023-08-26T17:20:52.779+0000] {dag.py:3340} INFO - Setting next_dagrun for example_short_circuit_operator to 2023-08-25T17:20:52.779205+00:00, run_after=2023-08-26T17:20:52.779205+00:00
[2023-08-26T17:20:52.790+0000] {processor.py:176} INFO - Processing /home/airflow/.local/lib/python3.7/site-packages/airflow/example_dags/example_short_circuit_operator.py took 0.070 seconds
[2023-08-26T17:21:22.937+0000] {processor.py:154} INFO - Started process (PID=2222) to work on /home/airflow/.local/lib/python3.7/site-packages/airflow/example_dags/example_short_circuit_operator.py
[2023-08-26T17:21:22.940+0000] {processor.py:756} INFO - Processing file /home/airflow/.local/lib/python3.7/site-packages/airflow/example_dags/example_short_circuit_operator.py for tasks to queue
[2023-08-26T17:21:22.940+0000] {logging_mixin.py:120} INFO - [2023-08-26T17:21:22.940+0000] {dagbag.py:537} INFO - Filling up the DagBag from /home/airflow/.local/lib/python3.7/site-packages/airflow/example_dags/example_short_circuit_operator.py
[2023-08-26T17:21:22.952+0000] {processor.py:766} INFO - DAG(s) dict_keys(['example_short_circuit_operator']) retrieved from /home/airflow/.local/lib/python3.7/site-packages/airflow/example_dags/example_short_circuit_operator.py
[2023-08-26T17:21:22.983+0000] {logging_mixin.py:120} INFO - [2023-08-26T17:21:22.983+0000] {dag.py:2585} INFO - Sync 1 DAGs
[2023-08-26T17:21:22.998+0000] {logging_mixin.py:120} INFO - [2023-08-26T17:21:22.998+0000] {dag.py:3340} INFO - Setting next_dagrun for example_short_circuit_operator to 2023-08-25T17:21:22.998566+00:00, run_after=2023-08-26T17:21:22.998566+00:00
[2023-08-26T17:21:23.011+0000] {processor.py:176} INFO - Processing /home/airflow/.local/lib/python3.7/site-packages/airflow/example_dags/example_short_circuit_operator.py took 0.077 seconds
[2023-08-26T17:21:53.374+0000] {processor.py:154} INFO - Started process (PID=2276) to work on /home/airflow/.local/lib/python3.7/site-packages/airflow/example_dags/example_short_circuit_operator.py
[2023-08-26T17:21:53.375+0000] {processor.py:756} INFO - Processing file /home/airflow/.local/lib/python3.7/site-packages/airflow/example_dags/example_short_circuit_operator.py for tasks to queue
[2023-08-26T17:21:53.375+0000] {logging_mixin.py:120} INFO - [2023-08-26T17:21:53.375+0000] {dagbag.py:537} INFO - Filling up the DagBag from /home/airflow/.local/lib/python3.7/site-packages/airflow/example_dags/example_short_circuit_operator.py
[2023-08-26T17:21:53.387+0000] {processor.py:766} INFO - DAG(s) dict_keys(['example_short_circuit_operator']) retrieved from /home/airflow/.local/lib/python3.7/site-packages/airflow/example_dags/example_short_circuit_operator.py
[2023-08-26T17:21:53.429+0000] {logging_mixin.py:120} INFO - [2023-08-26T17:21:53.429+0000] {dag.py:2585} INFO - Sync 1 DAGs
[2023-08-26T17:21:53.444+0000] {logging_mixin.py:120} INFO - [2023-08-26T17:21:53.444+0000] {dag.py:3340} INFO - Setting next_dagrun for example_short_circuit_operator to 2023-08-25T17:21:53.444581+00:00, run_after=2023-08-26T17:21:53.444581+00:00
[2023-08-26T17:21:53.454+0000] {processor.py:176} INFO - Processing /home/airflow/.local/lib/python3.7/site-packages/airflow/example_dags/example_short_circuit_operator.py took 0.082 seconds
[2023-08-26T17:22:23.645+0000] {processor.py:154} INFO - Started process (PID=2339) to work on /home/airflow/.local/lib/python3.7/site-packages/airflow/example_dags/example_short_circuit_operator.py
[2023-08-26T17:22:23.646+0000] {processor.py:756} INFO - Processing file /home/airflow/.local/lib/python3.7/site-packages/airflow/example_dags/example_short_circuit_operator.py for tasks to queue
[2023-08-26T17:22:23.646+0000] {logging_mixin.py:120} INFO - [2023-08-26T17:22:23.646+0000] {dagbag.py:537} INFO - Filling up the DagBag from /home/airflow/.local/lib/python3.7/site-packages/airflow/example_dags/example_short_circuit_operator.py
[2023-08-26T17:22:23.656+0000] {processor.py:766} INFO - DAG(s) dict_keys(['example_short_circuit_operator']) retrieved from /home/airflow/.local/lib/python3.7/site-packages/airflow/example_dags/example_short_circuit_operator.py
[2023-08-26T17:22:23.680+0000] {logging_mixin.py:120} INFO - [2023-08-26T17:22:23.680+0000] {dag.py:2585} INFO - Sync 1 DAGs
[2023-08-26T17:22:23.693+0000] {logging_mixin.py:120} INFO - [2023-08-26T17:22:23.693+0000] {dag.py:3340} INFO - Setting next_dagrun for example_short_circuit_operator to 2023-08-25T17:22:23.693426+00:00, run_after=2023-08-26T17:22:23.693426+00:00
[2023-08-26T17:22:23.702+0000] {processor.py:176} INFO - Processing /home/airflow/.local/lib/python3.7/site-packages/airflow/example_dags/example_short_circuit_operator.py took 0.059 seconds
[2023-08-26T17:22:54.770+0000] {processor.py:154} INFO - Started process (PID=2400) to work on /home/airflow/.local/lib/python3.7/site-packages/airflow/example_dags/example_short_circuit_operator.py
[2023-08-26T17:22:54.771+0000] {processor.py:756} INFO - Processing file /home/airflow/.local/lib/python3.7/site-packages/airflow/example_dags/example_short_circuit_operator.py for tasks to queue
[2023-08-26T17:22:54.771+0000] {logging_mixin.py:120} INFO - [2023-08-26T17:22:54.771+0000] {dagbag.py:537} INFO - Filling up the DagBag from /home/airflow/.local/lib/python3.7/site-packages/airflow/example_dags/example_short_circuit_operator.py
[2023-08-26T17:22:54.784+0000] {processor.py:766} INFO - DAG(s) dict_keys(['example_short_circuit_operator']) retrieved from /home/airflow/.local/lib/python3.7/site-packages/airflow/example_dags/example_short_circuit_operator.py
[2023-08-26T17:22:54.815+0000] {logging_mixin.py:120} INFO - [2023-08-26T17:22:54.814+0000] {dag.py:2585} INFO - Sync 1 DAGs
[2023-08-26T17:22:54.831+0000] {logging_mixin.py:120} INFO - [2023-08-26T17:22:54.831+0000] {dag.py:3340} INFO - Setting next_dagrun for example_short_circuit_operator to 2023-08-25T17:22:54.831366+00:00, run_after=2023-08-26T17:22:54.831366+00:00
[2023-08-26T17:22:54.844+0000] {processor.py:176} INFO - Processing /home/airflow/.local/lib/python3.7/site-packages/airflow/example_dags/example_short_circuit_operator.py took 0.077 seconds
[2023-08-26T17:23:24.923+0000] {processor.py:154} INFO - Started process (PID=2463) to work on /home/airflow/.local/lib/python3.7/site-packages/airflow/example_dags/example_short_circuit_operator.py
[2023-08-26T17:23:24.924+0000] {processor.py:756} INFO - Processing file /home/airflow/.local/lib/python3.7/site-packages/airflow/example_dags/example_short_circuit_operator.py for tasks to queue
[2023-08-26T17:23:24.925+0000] {logging_mixin.py:120} INFO - [2023-08-26T17:23:24.925+0000] {dagbag.py:537} INFO - Filling up the DagBag from /home/airflow/.local/lib/python3.7/site-packages/airflow/example_dags/example_short_circuit_operator.py
[2023-08-26T17:23:24.936+0000] {processor.py:766} INFO - DAG(s) dict_keys(['example_short_circuit_operator']) retrieved from /home/airflow/.local/lib/python3.7/site-packages/airflow/example_dags/example_short_circuit_operator.py
[2023-08-26T17:23:24.964+0000] {logging_mixin.py:120} INFO - [2023-08-26T17:23:24.963+0000] {dag.py:2585} INFO - Sync 1 DAGs
[2023-08-26T17:23:24.979+0000] {logging_mixin.py:120} INFO - [2023-08-26T17:23:24.979+0000] {dag.py:3340} INFO - Setting next_dagrun for example_short_circuit_operator to 2023-08-25T17:23:24.979586+00:00, run_after=2023-08-26T17:23:24.979586+00:00
[2023-08-26T17:23:24.991+0000] {processor.py:176} INFO - Processing /home/airflow/.local/lib/python3.7/site-packages/airflow/example_dags/example_short_circuit_operator.py took 0.070 seconds
[2023-08-26T17:23:55.203+0000] {processor.py:154} INFO - Started process (PID=2525) to work on /home/airflow/.local/lib/python3.7/site-packages/airflow/example_dags/example_short_circuit_operator.py
[2023-08-26T17:23:55.203+0000] {processor.py:756} INFO - Processing file /home/airflow/.local/lib/python3.7/site-packages/airflow/example_dags/example_short_circuit_operator.py for tasks to queue
[2023-08-26T17:23:55.204+0000] {logging_mixin.py:120} INFO - [2023-08-26T17:23:55.204+0000] {dagbag.py:537} INFO - Filling up the DagBag from /home/airflow/.local/lib/python3.7/site-packages/airflow/example_dags/example_short_circuit_operator.py
[2023-08-26T17:23:55.215+0000] {processor.py:766} INFO - DAG(s) dict_keys(['example_short_circuit_operator']) retrieved from /home/airflow/.local/lib/python3.7/site-packages/airflow/example_dags/example_short_circuit_operator.py
[2023-08-26T17:23:55.243+0000] {logging_mixin.py:120} INFO - [2023-08-26T17:23:55.243+0000] {dag.py:2585} INFO - Sync 1 DAGs
[2023-08-26T17:23:55.258+0000] {logging_mixin.py:120} INFO - [2023-08-26T17:23:55.257+0000] {dag.py:3340} INFO - Setting next_dagrun for example_short_circuit_operator to 2023-08-25T17:23:55.257769+00:00, run_after=2023-08-26T17:23:55.257769+00:00
[2023-08-26T17:23:55.269+0000] {processor.py:176} INFO - Processing /home/airflow/.local/lib/python3.7/site-packages/airflow/example_dags/example_short_circuit_operator.py took 0.068 seconds
[2023-08-26T17:24:25.528+0000] {processor.py:154} INFO - Started process (PID=2589) to work on /home/airflow/.local/lib/python3.7/site-packages/airflow/example_dags/example_short_circuit_operator.py
[2023-08-26T17:24:25.529+0000] {processor.py:756} INFO - Processing file /home/airflow/.local/lib/python3.7/site-packages/airflow/example_dags/example_short_circuit_operator.py for tasks to queue
[2023-08-26T17:24:25.530+0000] {logging_mixin.py:120} INFO - [2023-08-26T17:24:25.530+0000] {dagbag.py:537} INFO - Filling up the DagBag from /home/airflow/.local/lib/python3.7/site-packages/airflow/example_dags/example_short_circuit_operator.py
[2023-08-26T17:24:25.548+0000] {processor.py:766} INFO - DAG(s) dict_keys(['example_short_circuit_operator']) retrieved from /home/airflow/.local/lib/python3.7/site-packages/airflow/example_dags/example_short_circuit_operator.py
[2023-08-26T17:24:25.592+0000] {logging_mixin.py:120} INFO - [2023-08-26T17:24:25.592+0000] {dag.py:2585} INFO - Sync 1 DAGs
[2023-08-26T17:24:25.616+0000] {logging_mixin.py:120} INFO - [2023-08-26T17:24:25.616+0000] {dag.py:3340} INFO - Setting next_dagrun for example_short_circuit_operator to 2023-08-25T17:24:25.616026+00:00, run_after=2023-08-26T17:24:25.616026+00:00
[2023-08-26T17:24:25.638+0000] {processor.py:176} INFO - Processing /home/airflow/.local/lib/python3.7/site-packages/airflow/example_dags/example_short_circuit_operator.py took 0.116 seconds
[2023-08-26T17:24:55.756+0000] {processor.py:154} INFO - Started process (PID=2644) to work on /home/airflow/.local/lib/python3.7/site-packages/airflow/example_dags/example_short_circuit_operator.py
[2023-08-26T17:24:55.757+0000] {processor.py:756} INFO - Processing file /home/airflow/.local/lib/python3.7/site-packages/airflow/example_dags/example_short_circuit_operator.py for tasks to queue
[2023-08-26T17:24:55.757+0000] {logging_mixin.py:120} INFO - [2023-08-26T17:24:55.757+0000] {dagbag.py:537} INFO - Filling up the DagBag from /home/airflow/.local/lib/python3.7/site-packages/airflow/example_dags/example_short_circuit_operator.py
[2023-08-26T17:24:55.768+0000] {processor.py:766} INFO - DAG(s) dict_keys(['example_short_circuit_operator']) retrieved from /home/airflow/.local/lib/python3.7/site-packages/airflow/example_dags/example_short_circuit_operator.py
[2023-08-26T17:24:55.786+0000] {logging_mixin.py:120} INFO - [2023-08-26T17:24:55.786+0000] {dag.py:2585} INFO - Sync 1 DAGs
[2023-08-26T17:24:55.800+0000] {logging_mixin.py:120} INFO - [2023-08-26T17:24:55.800+0000] {dag.py:3340} INFO - Setting next_dagrun for example_short_circuit_operator to 2023-08-25T17:24:55.800011+00:00, run_after=2023-08-26T17:24:55.800011+00:00
[2023-08-26T17:24:55.809+0000] {processor.py:176} INFO - Processing /home/airflow/.local/lib/python3.7/site-packages/airflow/example_dags/example_short_circuit_operator.py took 0.066 seconds
[2023-08-26T17:25:26.176+0000] {processor.py:154} INFO - Started process (PID=2708) to work on /home/airflow/.local/lib/python3.7/site-packages/airflow/example_dags/example_short_circuit_operator.py
[2023-08-26T17:25:26.177+0000] {processor.py:756} INFO - Processing file /home/airflow/.local/lib/python3.7/site-packages/airflow/example_dags/example_short_circuit_operator.py for tasks to queue
[2023-08-26T17:25:26.177+0000] {logging_mixin.py:120} INFO - [2023-08-26T17:25:26.177+0000] {dagbag.py:537} INFO - Filling up the DagBag from /home/airflow/.local/lib/python3.7/site-packages/airflow/example_dags/example_short_circuit_operator.py
[2023-08-26T17:25:26.187+0000] {processor.py:766} INFO - DAG(s) dict_keys(['example_short_circuit_operator']) retrieved from /home/airflow/.local/lib/python3.7/site-packages/airflow/example_dags/example_short_circuit_operator.py
[2023-08-26T17:25:26.213+0000] {logging_mixin.py:120} INFO - [2023-08-26T17:25:26.213+0000] {dag.py:2585} INFO - Sync 1 DAGs
[2023-08-26T17:25:26.227+0000] {logging_mixin.py:120} INFO - [2023-08-26T17:25:26.226+0000] {dag.py:3340} INFO - Setting next_dagrun for example_short_circuit_operator to 2023-08-25T17:25:26.226761+00:00, run_after=2023-08-26T17:25:26.226761+00:00
[2023-08-26T17:25:26.238+0000] {processor.py:176} INFO - Processing /home/airflow/.local/lib/python3.7/site-packages/airflow/example_dags/example_short_circuit_operator.py took 0.064 seconds
[2023-08-26T17:25:57.261+0000] {processor.py:154} INFO - Started process (PID=2770) to work on /home/airflow/.local/lib/python3.7/site-packages/airflow/example_dags/example_short_circuit_operator.py
[2023-08-26T17:25:57.262+0000] {processor.py:756} INFO - Processing file /home/airflow/.local/lib/python3.7/site-packages/airflow/example_dags/example_short_circuit_operator.py for tasks to queue
[2023-08-26T17:25:57.262+0000] {logging_mixin.py:120} INFO - [2023-08-26T17:25:57.262+0000] {dagbag.py:537} INFO - Filling up the DagBag from /home/airflow/.local/lib/python3.7/site-packages/airflow/example_dags/example_short_circuit_operator.py
[2023-08-26T17:25:57.273+0000] {processor.py:766} INFO - DAG(s) dict_keys(['example_short_circuit_operator']) retrieved from /home/airflow/.local/lib/python3.7/site-packages/airflow/example_dags/example_short_circuit_operator.py
[2023-08-26T17:25:57.299+0000] {logging_mixin.py:120} INFO - [2023-08-26T17:25:57.299+0000] {dag.py:2585} INFO - Sync 1 DAGs
[2023-08-26T17:25:57.313+0000] {logging_mixin.py:120} INFO - [2023-08-26T17:25:57.313+0000] {dag.py:3340} INFO - Setting next_dagrun for example_short_circuit_operator to 2023-08-25T17:25:57.313624+00:00, run_after=2023-08-26T17:25:57.313624+00:00
[2023-08-26T17:25:57.323+0000] {processor.py:176} INFO - Processing /home/airflow/.local/lib/python3.7/site-packages/airflow/example_dags/example_short_circuit_operator.py took 0.064 seconds
[2023-08-26T17:26:27.422+0000] {processor.py:154} INFO - Started process (PID=2833) to work on /home/airflow/.local/lib/python3.7/site-packages/airflow/example_dags/example_short_circuit_operator.py
[2023-08-26T17:26:27.423+0000] {processor.py:756} INFO - Processing file /home/airflow/.local/lib/python3.7/site-packages/airflow/example_dags/example_short_circuit_operator.py for tasks to queue
[2023-08-26T17:26:27.424+0000] {logging_mixin.py:120} INFO - [2023-08-26T17:26:27.424+0000] {dagbag.py:537} INFO - Filling up the DagBag from /home/airflow/.local/lib/python3.7/site-packages/airflow/example_dags/example_short_circuit_operator.py
[2023-08-26T17:26:27.434+0000] {processor.py:766} INFO - DAG(s) dict_keys(['example_short_circuit_operator']) retrieved from /home/airflow/.local/lib/python3.7/site-packages/airflow/example_dags/example_short_circuit_operator.py
[2023-08-26T17:26:27.459+0000] {logging_mixin.py:120} INFO - [2023-08-26T17:26:27.459+0000] {dag.py:2585} INFO - Sync 1 DAGs
[2023-08-26T17:26:27.473+0000] {logging_mixin.py:120} INFO - [2023-08-26T17:26:27.473+0000] {dag.py:3340} INFO - Setting next_dagrun for example_short_circuit_operator to 2023-08-25T17:26:27.473633+00:00, run_after=2023-08-26T17:26:27.473633+00:00
[2023-08-26T17:26:27.484+0000] {processor.py:176} INFO - Processing /home/airflow/.local/lib/python3.7/site-packages/airflow/example_dags/example_short_circuit_operator.py took 0.064 seconds
[2023-08-26T17:26:58.340+0000] {processor.py:154} INFO - Started process (PID=2895) to work on /home/airflow/.local/lib/python3.7/site-packages/airflow/example_dags/example_short_circuit_operator.py
[2023-08-26T17:26:58.341+0000] {processor.py:756} INFO - Processing file /home/airflow/.local/lib/python3.7/site-packages/airflow/example_dags/example_short_circuit_operator.py for tasks to queue
[2023-08-26T17:26:58.341+0000] {logging_mixin.py:120} INFO - [2023-08-26T17:26:58.341+0000] {dagbag.py:537} INFO - Filling up the DagBag from /home/airflow/.local/lib/python3.7/site-packages/airflow/example_dags/example_short_circuit_operator.py
[2023-08-26T17:26:58.352+0000] {processor.py:766} INFO - DAG(s) dict_keys(['example_short_circuit_operator']) retrieved from /home/airflow/.local/lib/python3.7/site-packages/airflow/example_dags/example_short_circuit_operator.py
[2023-08-26T17:26:58.377+0000] {logging_mixin.py:120} INFO - [2023-08-26T17:26:58.377+0000] {dag.py:2585} INFO - Sync 1 DAGs
[2023-08-26T17:26:58.396+0000] {logging_mixin.py:120} INFO - [2023-08-26T17:26:58.396+0000] {dag.py:3340} INFO - Setting next_dagrun for example_short_circuit_operator to 2023-08-25T17:26:58.395892+00:00, run_after=2023-08-26T17:26:58.395892+00:00
[2023-08-26T17:26:58.408+0000] {processor.py:176} INFO - Processing /home/airflow/.local/lib/python3.7/site-packages/airflow/example_dags/example_short_circuit_operator.py took 0.070 seconds
[2023-08-26T17:27:29.390+0000] {processor.py:154} INFO - Started process (PID=2957) to work on /home/airflow/.local/lib/python3.7/site-packages/airflow/example_dags/example_short_circuit_operator.py
[2023-08-26T17:27:29.392+0000] {processor.py:756} INFO - Processing file /home/airflow/.local/lib/python3.7/site-packages/airflow/example_dags/example_short_circuit_operator.py for tasks to queue
[2023-08-26T17:27:29.393+0000] {logging_mixin.py:120} INFO - [2023-08-26T17:27:29.392+0000] {dagbag.py:537} INFO - Filling up the DagBag from /home/airflow/.local/lib/python3.7/site-packages/airflow/example_dags/example_short_circuit_operator.py
[2023-08-26T17:27:29.409+0000] {processor.py:766} INFO - DAG(s) dict_keys(['example_short_circuit_operator']) retrieved from /home/airflow/.local/lib/python3.7/site-packages/airflow/example_dags/example_short_circuit_operator.py
[2023-08-26T17:27:29.445+0000] {logging_mixin.py:120} INFO - [2023-08-26T17:27:29.445+0000] {dag.py:2585} INFO - Sync 1 DAGs
[2023-08-26T17:27:29.460+0000] {logging_mixin.py:120} INFO - [2023-08-26T17:27:29.459+0000] {dag.py:3340} INFO - Setting next_dagrun for example_short_circuit_operator to 2023-08-25T17:27:29.459787+00:00, run_after=2023-08-26T17:27:29.459787+00:00
[2023-08-26T17:27:29.471+0000] {processor.py:176} INFO - Processing /home/airflow/.local/lib/python3.7/site-packages/airflow/example_dags/example_short_circuit_operator.py took 0.084 seconds
[2023-08-26T17:27:59.518+0000] {processor.py:154} INFO - Started process (PID=3010) to work on /home/airflow/.local/lib/python3.7/site-packages/airflow/example_dags/example_short_circuit_operator.py
[2023-08-26T17:27:59.519+0000] {processor.py:756} INFO - Processing file /home/airflow/.local/lib/python3.7/site-packages/airflow/example_dags/example_short_circuit_operator.py for tasks to queue
[2023-08-26T17:27:59.520+0000] {logging_mixin.py:120} INFO - [2023-08-26T17:27:59.520+0000] {dagbag.py:537} INFO - Filling up the DagBag from /home/airflow/.local/lib/python3.7/site-packages/airflow/example_dags/example_short_circuit_operator.py
[2023-08-26T17:27:59.533+0000] {processor.py:766} INFO - DAG(s) dict_keys(['example_short_circuit_operator']) retrieved from /home/airflow/.local/lib/python3.7/site-packages/airflow/example_dags/example_short_circuit_operator.py
[2023-08-26T17:27:59.565+0000] {logging_mixin.py:120} INFO - [2023-08-26T17:27:59.565+0000] {dag.py:2585} INFO - Sync 1 DAGs
[2023-08-26T17:27:59.581+0000] {logging_mixin.py:120} INFO - [2023-08-26T17:27:59.581+0000] {dag.py:3340} INFO - Setting next_dagrun for example_short_circuit_operator to 2023-08-25T17:27:59.580935+00:00, run_after=2023-08-26T17:27:59.580935+00:00
[2023-08-26T17:27:59.593+0000] {processor.py:176} INFO - Processing /home/airflow/.local/lib/python3.7/site-packages/airflow/example_dags/example_short_circuit_operator.py took 0.077 seconds
[2023-08-26T17:28:29.683+0000] {processor.py:154} INFO - Started process (PID=3073) to work on /home/airflow/.local/lib/python3.7/site-packages/airflow/example_dags/example_short_circuit_operator.py
[2023-08-26T17:28:29.684+0000] {processor.py:756} INFO - Processing file /home/airflow/.local/lib/python3.7/site-packages/airflow/example_dags/example_short_circuit_operator.py for tasks to queue
[2023-08-26T17:28:29.684+0000] {logging_mixin.py:120} INFO - [2023-08-26T17:28:29.684+0000] {dagbag.py:537} INFO - Filling up the DagBag from /home/airflow/.local/lib/python3.7/site-packages/airflow/example_dags/example_short_circuit_operator.py
[2023-08-26T17:28:29.695+0000] {processor.py:766} INFO - DAG(s) dict_keys(['example_short_circuit_operator']) retrieved from /home/airflow/.local/lib/python3.7/site-packages/airflow/example_dags/example_short_circuit_operator.py
[2023-08-26T17:28:29.722+0000] {logging_mixin.py:120} INFO - [2023-08-26T17:28:29.722+0000] {dag.py:2585} INFO - Sync 1 DAGs
[2023-08-26T17:28:29.737+0000] {logging_mixin.py:120} INFO - [2023-08-26T17:28:29.737+0000] {dag.py:3340} INFO - Setting next_dagrun for example_short_circuit_operator to 2023-08-25T17:28:29.737387+00:00, run_after=2023-08-26T17:28:29.737387+00:00
[2023-08-26T17:28:29.750+0000] {processor.py:176} INFO - Processing /home/airflow/.local/lib/python3.7/site-packages/airflow/example_dags/example_short_circuit_operator.py took 0.069 seconds
[2023-08-26T17:28:59.941+0000] {processor.py:154} INFO - Started process (PID=3135) to work on /home/airflow/.local/lib/python3.7/site-packages/airflow/example_dags/example_short_circuit_operator.py
[2023-08-26T17:28:59.942+0000] {processor.py:756} INFO - Processing file /home/airflow/.local/lib/python3.7/site-packages/airflow/example_dags/example_short_circuit_operator.py for tasks to queue
[2023-08-26T17:28:59.942+0000] {logging_mixin.py:120} INFO - [2023-08-26T17:28:59.942+0000] {dagbag.py:537} INFO - Filling up the DagBag from /home/airflow/.local/lib/python3.7/site-packages/airflow/example_dags/example_short_circuit_operator.py
[2023-08-26T17:28:59.957+0000] {processor.py:766} INFO - DAG(s) dict_keys(['example_short_circuit_operator']) retrieved from /home/airflow/.local/lib/python3.7/site-packages/airflow/example_dags/example_short_circuit_operator.py
[2023-08-26T17:28:59.986+0000] {logging_mixin.py:120} INFO - [2023-08-26T17:28:59.986+0000] {dag.py:2585} INFO - Sync 1 DAGs
[2023-08-26T17:29:00.002+0000] {logging_mixin.py:120} INFO - [2023-08-26T17:29:00.001+0000] {dag.py:3340} INFO - Setting next_dagrun for example_short_circuit_operator to 2023-08-25T17:29:00.001786+00:00, run_after=2023-08-26T17:29:00.001786+00:00
[2023-08-26T17:29:00.013+0000] {processor.py:176} INFO - Processing /home/airflow/.local/lib/python3.7/site-packages/airflow/example_dags/example_short_circuit_operator.py took 0.076 seconds
[2023-08-26T17:29:30.121+0000] {processor.py:154} INFO - Started process (PID=3198) to work on /home/airflow/.local/lib/python3.7/site-packages/airflow/example_dags/example_short_circuit_operator.py
[2023-08-26T17:29:30.122+0000] {processor.py:756} INFO - Processing file /home/airflow/.local/lib/python3.7/site-packages/airflow/example_dags/example_short_circuit_operator.py for tasks to queue
[2023-08-26T17:29:30.123+0000] {logging_mixin.py:120} INFO - [2023-08-26T17:29:30.123+0000] {dagbag.py:537} INFO - Filling up the DagBag from /home/airflow/.local/lib/python3.7/site-packages/airflow/example_dags/example_short_circuit_operator.py
[2023-08-26T17:29:30.133+0000] {processor.py:766} INFO - DAG(s) dict_keys(['example_short_circuit_operator']) retrieved from /home/airflow/.local/lib/python3.7/site-packages/airflow/example_dags/example_short_circuit_operator.py
[2023-08-26T17:29:30.160+0000] {logging_mixin.py:120} INFO - [2023-08-26T17:29:30.160+0000] {dag.py:2585} INFO - Sync 1 DAGs
[2023-08-26T17:29:30.175+0000] {logging_mixin.py:120} INFO - [2023-08-26T17:29:30.175+0000] {dag.py:3340} INFO - Setting next_dagrun for example_short_circuit_operator to 2023-08-25T17:29:30.175517+00:00, run_after=2023-08-26T17:29:30.175517+00:00
[2023-08-26T17:29:30.187+0000] {processor.py:176} INFO - Processing /home/airflow/.local/lib/python3.7/site-packages/airflow/example_dags/example_short_circuit_operator.py took 0.068 seconds
[2023-08-26T17:30:00.351+0000] {processor.py:154} INFO - Started process (PID=3260) to work on /home/airflow/.local/lib/python3.7/site-packages/airflow/example_dags/example_short_circuit_operator.py
[2023-08-26T17:30:00.351+0000] {processor.py:756} INFO - Processing file /home/airflow/.local/lib/python3.7/site-packages/airflow/example_dags/example_short_circuit_operator.py for tasks to queue
[2023-08-26T17:30:00.352+0000] {logging_mixin.py:120} INFO - [2023-08-26T17:30:00.352+0000] {dagbag.py:537} INFO - Filling up the DagBag from /home/airflow/.local/lib/python3.7/site-packages/airflow/example_dags/example_short_circuit_operator.py
[2023-08-26T17:30:00.363+0000] {processor.py:766} INFO - DAG(s) dict_keys(['example_short_circuit_operator']) retrieved from /home/airflow/.local/lib/python3.7/site-packages/airflow/example_dags/example_short_circuit_operator.py
[2023-08-26T17:30:00.391+0000] {logging_mixin.py:120} INFO - [2023-08-26T17:30:00.391+0000] {dag.py:2585} INFO - Sync 1 DAGs
[2023-08-26T17:30:00.405+0000] {logging_mixin.py:120} INFO - [2023-08-26T17:30:00.405+0000] {dag.py:3340} INFO - Setting next_dagrun for example_short_circuit_operator to 2023-08-25T17:30:00.405621+00:00, run_after=2023-08-26T17:30:00.405621+00:00
[2023-08-26T17:30:00.416+0000] {processor.py:176} INFO - Processing /home/airflow/.local/lib/python3.7/site-packages/airflow/example_dags/example_short_circuit_operator.py took 0.068 seconds
[2023-08-26T17:30:30.555+0000] {processor.py:154} INFO - Started process (PID=3315) to work on /home/airflow/.local/lib/python3.7/site-packages/airflow/example_dags/example_short_circuit_operator.py
[2023-08-26T17:30:30.556+0000] {processor.py:756} INFO - Processing file /home/airflow/.local/lib/python3.7/site-packages/airflow/example_dags/example_short_circuit_operator.py for tasks to queue
[2023-08-26T17:30:30.556+0000] {logging_mixin.py:120} INFO - [2023-08-26T17:30:30.556+0000] {dagbag.py:537} INFO - Filling up the DagBag from /home/airflow/.local/lib/python3.7/site-packages/airflow/example_dags/example_short_circuit_operator.py
[2023-08-26T17:30:30.567+0000] {processor.py:766} INFO - DAG(s) dict_keys(['example_short_circuit_operator']) retrieved from /home/airflow/.local/lib/python3.7/site-packages/airflow/example_dags/example_short_circuit_operator.py
[2023-08-26T17:30:30.602+0000] {logging_mixin.py:120} INFO - [2023-08-26T17:30:30.602+0000] {dag.py:2585} INFO - Sync 1 DAGs
[2023-08-26T17:30:30.621+0000] {logging_mixin.py:120} INFO - [2023-08-26T17:30:30.621+0000] {dag.py:3340} INFO - Setting next_dagrun for example_short_circuit_operator to 2023-08-25T17:30:30.621537+00:00, run_after=2023-08-26T17:30:30.621537+00:00
[2023-08-26T17:30:30.634+0000] {processor.py:176} INFO - Processing /home/airflow/.local/lib/python3.7/site-packages/airflow/example_dags/example_short_circuit_operator.py took 0.081 seconds
[2023-08-26T17:31:00.774+0000] {processor.py:154} INFO - Started process (PID=3378) to work on /home/airflow/.local/lib/python3.7/site-packages/airflow/example_dags/example_short_circuit_operator.py
[2023-08-26T17:31:00.774+0000] {processor.py:756} INFO - Processing file /home/airflow/.local/lib/python3.7/site-packages/airflow/example_dags/example_short_circuit_operator.py for tasks to queue
[2023-08-26T17:31:00.775+0000] {logging_mixin.py:120} INFO - [2023-08-26T17:31:00.775+0000] {dagbag.py:537} INFO - Filling up the DagBag from /home/airflow/.local/lib/python3.7/site-packages/airflow/example_dags/example_short_circuit_operator.py
[2023-08-26T17:31:00.785+0000] {processor.py:766} INFO - DAG(s) dict_keys(['example_short_circuit_operator']) retrieved from /home/airflow/.local/lib/python3.7/site-packages/airflow/example_dags/example_short_circuit_operator.py
[2023-08-26T17:31:00.813+0000] {logging_mixin.py:120} INFO - [2023-08-26T17:31:00.813+0000] {dag.py:2585} INFO - Sync 1 DAGs
[2023-08-26T17:31:00.828+0000] {logging_mixin.py:120} INFO - [2023-08-26T17:31:00.828+0000] {dag.py:3340} INFO - Setting next_dagrun for example_short_circuit_operator to 2023-08-25T17:31:00.828312+00:00, run_after=2023-08-26T17:31:00.828312+00:00
[2023-08-26T17:31:00.839+0000] {processor.py:176} INFO - Processing /home/airflow/.local/lib/python3.7/site-packages/airflow/example_dags/example_short_circuit_operator.py took 0.068 seconds
[2023-08-26T17:31:30.989+0000] {processor.py:154} INFO - Started process (PID=3441) to work on /home/airflow/.local/lib/python3.7/site-packages/airflow/example_dags/example_short_circuit_operator.py
[2023-08-26T17:31:30.990+0000] {processor.py:756} INFO - Processing file /home/airflow/.local/lib/python3.7/site-packages/airflow/example_dags/example_short_circuit_operator.py for tasks to queue
[2023-08-26T17:31:30.990+0000] {logging_mixin.py:120} INFO - [2023-08-26T17:31:30.990+0000] {dagbag.py:537} INFO - Filling up the DagBag from /home/airflow/.local/lib/python3.7/site-packages/airflow/example_dags/example_short_circuit_operator.py
[2023-08-26T17:31:31.006+0000] {processor.py:766} INFO - DAG(s) dict_keys(['example_short_circuit_operator']) retrieved from /home/airflow/.local/lib/python3.7/site-packages/airflow/example_dags/example_short_circuit_operator.py
[2023-08-26T17:31:31.039+0000] {logging_mixin.py:120} INFO - [2023-08-26T17:31:31.039+0000] {dag.py:2585} INFO - Sync 1 DAGs
[2023-08-26T17:31:31.054+0000] {logging_mixin.py:120} INFO - [2023-08-26T17:31:31.054+0000] {dag.py:3340} INFO - Setting next_dagrun for example_short_circuit_operator to 2023-08-25T17:31:31.054386+00:00, run_after=2023-08-26T17:31:31.054386+00:00
[2023-08-26T17:31:31.067+0000] {processor.py:176} INFO - Processing /home/airflow/.local/lib/python3.7/site-packages/airflow/example_dags/example_short_circuit_operator.py took 0.080 seconds
