[2023-08-26T17:03:31.769+0000] {processor.py:154} INFO - Started process (PID=44) to work on /home/airflow/.local/lib/python3.7/site-packages/airflow/example_dags/example_trigger_target_dag.py
[2023-08-26T17:03:31.770+0000] {processor.py:756} INFO - Processing file /home/airflow/.local/lib/python3.7/site-packages/airflow/example_dags/example_trigger_target_dag.py for tasks to queue
[2023-08-26T17:03:31.772+0000] {logging_mixin.py:120} INFO - [2023-08-26T17:03:31.772+0000] {dagbag.py:537} INFO - Filling up the DagBag from /home/airflow/.local/lib/python3.7/site-packages/airflow/example_dags/example_trigger_target_dag.py
[2023-08-26T17:03:31.791+0000] {processor.py:766} INFO - DAG(s) dict_keys(['example_trigger_target_dag']) retrieved from /home/airflow/.local/lib/python3.7/site-packages/airflow/example_dags/example_trigger_target_dag.py
[2023-08-26T17:03:31.903+0000] {logging_mixin.py:120} INFO - [2023-08-26T17:03:31.903+0000] {manager.py:507} INFO - Created Permission View: can edit on DAG:example_trigger_target_dag
[2023-08-26T17:03:31.910+0000] {logging_mixin.py:120} INFO - [2023-08-26T17:03:31.910+0000] {manager.py:507} INFO - Created Permission View: can read on DAG:example_trigger_target_dag
[2023-08-26T17:03:31.914+0000] {logging_mixin.py:120} INFO - [2023-08-26T17:03:31.914+0000] {manager.py:507} INFO - Created Permission View: can delete on DAG:example_trigger_target_dag
[2023-08-26T17:03:31.915+0000] {logging_mixin.py:120} INFO - [2023-08-26T17:03:31.915+0000] {dag.py:2585} INFO - Sync 1 DAGs
[2023-08-26T17:03:31.924+0000] {logging_mixin.py:120} INFO - [2023-08-26T17:03:31.924+0000] {dag.py:2606} INFO - Creating ORM DAG for example_trigger_target_dag
[2023-08-26T17:03:31.933+0000] {logging_mixin.py:120} INFO - [2023-08-26T17:03:31.933+0000] {dag.py:3340} INFO - Setting next_dagrun for example_trigger_target_dag to None, run_after=None
[2023-08-26T17:03:31.945+0000] {processor.py:176} INFO - Processing /home/airflow/.local/lib/python3.7/site-packages/airflow/example_dags/example_trigger_target_dag.py took 0.185 seconds
[2023-08-26T17:04:02.032+0000] {processor.py:154} INFO - Started process (PID=106) to work on /home/airflow/.local/lib/python3.7/site-packages/airflow/example_dags/example_trigger_target_dag.py
[2023-08-26T17:04:02.033+0000] {processor.py:756} INFO - Processing file /home/airflow/.local/lib/python3.7/site-packages/airflow/example_dags/example_trigger_target_dag.py for tasks to queue
[2023-08-26T17:04:02.034+0000] {logging_mixin.py:120} INFO - [2023-08-26T17:04:02.034+0000] {dagbag.py:537} INFO - Filling up the DagBag from /home/airflow/.local/lib/python3.7/site-packages/airflow/example_dags/example_trigger_target_dag.py
[2023-08-26T17:04:02.051+0000] {processor.py:766} INFO - DAG(s) dict_keys(['example_trigger_target_dag']) retrieved from /home/airflow/.local/lib/python3.7/site-packages/airflow/example_dags/example_trigger_target_dag.py
[2023-08-26T17:04:02.075+0000] {logging_mixin.py:120} INFO - [2023-08-26T17:04:02.075+0000] {dag.py:2585} INFO - Sync 1 DAGs
[2023-08-26T17:04:02.089+0000] {logging_mixin.py:120} INFO - [2023-08-26T17:04:02.089+0000] {dag.py:3340} INFO - Setting next_dagrun for example_trigger_target_dag to None, run_after=None
[2023-08-26T17:04:02.099+0000] {processor.py:176} INFO - Processing /home/airflow/.local/lib/python3.7/site-packages/airflow/example_dags/example_trigger_target_dag.py took 0.071 seconds
[2023-08-26T17:04:32.689+0000] {processor.py:154} INFO - Started process (PID=170) to work on /home/airflow/.local/lib/python3.7/site-packages/airflow/example_dags/example_trigger_target_dag.py
[2023-08-26T17:04:32.690+0000] {processor.py:756} INFO - Processing file /home/airflow/.local/lib/python3.7/site-packages/airflow/example_dags/example_trigger_target_dag.py for tasks to queue
[2023-08-26T17:04:32.690+0000] {logging_mixin.py:120} INFO - [2023-08-26T17:04:32.690+0000] {dagbag.py:537} INFO - Filling up the DagBag from /home/airflow/.local/lib/python3.7/site-packages/airflow/example_dags/example_trigger_target_dag.py
[2023-08-26T17:04:32.705+0000] {processor.py:766} INFO - DAG(s) dict_keys(['example_trigger_target_dag']) retrieved from /home/airflow/.local/lib/python3.7/site-packages/airflow/example_dags/example_trigger_target_dag.py
[2023-08-26T17:04:32.729+0000] {logging_mixin.py:120} INFO - [2023-08-26T17:04:32.729+0000] {dag.py:2585} INFO - Sync 1 DAGs
[2023-08-26T17:04:32.743+0000] {logging_mixin.py:120} INFO - [2023-08-26T17:04:32.743+0000] {dag.py:3340} INFO - Setting next_dagrun for example_trigger_target_dag to None, run_after=None
[2023-08-26T17:04:32.755+0000] {processor.py:176} INFO - Processing /home/airflow/.local/lib/python3.7/site-packages/airflow/example_dags/example_trigger_target_dag.py took 0.068 seconds
[2023-08-26T17:05:03.585+0000] {processor.py:154} INFO - Started process (PID=233) to work on /home/airflow/.local/lib/python3.7/site-packages/airflow/example_dags/example_trigger_target_dag.py
[2023-08-26T17:05:03.586+0000] {processor.py:756} INFO - Processing file /home/airflow/.local/lib/python3.7/site-packages/airflow/example_dags/example_trigger_target_dag.py for tasks to queue
[2023-08-26T17:05:03.587+0000] {logging_mixin.py:120} INFO - [2023-08-26T17:05:03.587+0000] {dagbag.py:537} INFO - Filling up the DagBag from /home/airflow/.local/lib/python3.7/site-packages/airflow/example_dags/example_trigger_target_dag.py
[2023-08-26T17:05:03.602+0000] {processor.py:766} INFO - DAG(s) dict_keys(['example_trigger_target_dag']) retrieved from /home/airflow/.local/lib/python3.7/site-packages/airflow/example_dags/example_trigger_target_dag.py
[2023-08-26T17:05:03.632+0000] {logging_mixin.py:120} INFO - [2023-08-26T17:05:03.632+0000] {dag.py:2585} INFO - Sync 1 DAGs
[2023-08-26T17:05:03.647+0000] {logging_mixin.py:120} INFO - [2023-08-26T17:05:03.647+0000] {dag.py:3340} INFO - Setting next_dagrun for example_trigger_target_dag to None, run_after=None
[2023-08-26T17:05:03.657+0000] {processor.py:176} INFO - Processing /home/airflow/.local/lib/python3.7/site-packages/airflow/example_dags/example_trigger_target_dag.py took 0.074 seconds
[2023-08-26T17:05:34.615+0000] {processor.py:154} INFO - Started process (PID=297) to work on /home/airflow/.local/lib/python3.7/site-packages/airflow/example_dags/example_trigger_target_dag.py
[2023-08-26T17:05:34.616+0000] {processor.py:756} INFO - Processing file /home/airflow/.local/lib/python3.7/site-packages/airflow/example_dags/example_trigger_target_dag.py for tasks to queue
[2023-08-26T17:05:34.617+0000] {logging_mixin.py:120} INFO - [2023-08-26T17:05:34.616+0000] {dagbag.py:537} INFO - Filling up the DagBag from /home/airflow/.local/lib/python3.7/site-packages/airflow/example_dags/example_trigger_target_dag.py
[2023-08-26T17:05:34.631+0000] {processor.py:766} INFO - DAG(s) dict_keys(['example_trigger_target_dag']) retrieved from /home/airflow/.local/lib/python3.7/site-packages/airflow/example_dags/example_trigger_target_dag.py
[2023-08-26T17:05:34.660+0000] {logging_mixin.py:120} INFO - [2023-08-26T17:05:34.659+0000] {dag.py:2585} INFO - Sync 1 DAGs
[2023-08-26T17:05:34.677+0000] {logging_mixin.py:120} INFO - [2023-08-26T17:05:34.677+0000] {dag.py:3340} INFO - Setting next_dagrun for example_trigger_target_dag to None, run_after=None
[2023-08-26T17:05:34.697+0000] {processor.py:176} INFO - Processing /home/airflow/.local/lib/python3.7/site-packages/airflow/example_dags/example_trigger_target_dag.py took 0.084 seconds
[2023-08-26T17:06:04.744+0000] {processor.py:154} INFO - Started process (PID=351) to work on /home/airflow/.local/lib/python3.7/site-packages/airflow/example_dags/example_trigger_target_dag.py
[2023-08-26T17:06:04.745+0000] {processor.py:756} INFO - Processing file /home/airflow/.local/lib/python3.7/site-packages/airflow/example_dags/example_trigger_target_dag.py for tasks to queue
[2023-08-26T17:06:04.745+0000] {logging_mixin.py:120} INFO - [2023-08-26T17:06:04.745+0000] {dagbag.py:537} INFO - Filling up the DagBag from /home/airflow/.local/lib/python3.7/site-packages/airflow/example_dags/example_trigger_target_dag.py
[2023-08-26T17:06:04.758+0000] {processor.py:766} INFO - DAG(s) dict_keys(['example_trigger_target_dag']) retrieved from /home/airflow/.local/lib/python3.7/site-packages/airflow/example_dags/example_trigger_target_dag.py
[2023-08-26T17:06:04.783+0000] {logging_mixin.py:120} INFO - [2023-08-26T17:06:04.783+0000] {dag.py:2585} INFO - Sync 1 DAGs
[2023-08-26T17:06:04.798+0000] {logging_mixin.py:120} INFO - [2023-08-26T17:06:04.797+0000] {dag.py:3340} INFO - Setting next_dagrun for example_trigger_target_dag to None, run_after=None
[2023-08-26T17:06:04.807+0000] {processor.py:176} INFO - Processing /home/airflow/.local/lib/python3.7/site-packages/airflow/example_dags/example_trigger_target_dag.py took 0.065 seconds
[2023-08-26T17:06:35.860+0000] {processor.py:154} INFO - Started process (PID=414) to work on /home/airflow/.local/lib/python3.7/site-packages/airflow/example_dags/example_trigger_target_dag.py
[2023-08-26T17:06:35.861+0000] {processor.py:756} INFO - Processing file /home/airflow/.local/lib/python3.7/site-packages/airflow/example_dags/example_trigger_target_dag.py for tasks to queue
[2023-08-26T17:06:35.862+0000] {logging_mixin.py:120} INFO - [2023-08-26T17:06:35.862+0000] {dagbag.py:537} INFO - Filling up the DagBag from /home/airflow/.local/lib/python3.7/site-packages/airflow/example_dags/example_trigger_target_dag.py
[2023-08-26T17:06:35.875+0000] {processor.py:766} INFO - DAG(s) dict_keys(['example_trigger_target_dag']) retrieved from /home/airflow/.local/lib/python3.7/site-packages/airflow/example_dags/example_trigger_target_dag.py
[2023-08-26T17:06:35.901+0000] {logging_mixin.py:120} INFO - [2023-08-26T17:06:35.901+0000] {dag.py:2585} INFO - Sync 1 DAGs
[2023-08-26T17:06:35.915+0000] {logging_mixin.py:120} INFO - [2023-08-26T17:06:35.915+0000] {dag.py:3340} INFO - Setting next_dagrun for example_trigger_target_dag to None, run_after=None
[2023-08-26T17:06:35.926+0000] {processor.py:176} INFO - Processing /home/airflow/.local/lib/python3.7/site-packages/airflow/example_dags/example_trigger_target_dag.py took 0.068 seconds
[2023-08-26T17:07:06.729+0000] {processor.py:154} INFO - Started process (PID=476) to work on /home/airflow/.local/lib/python3.7/site-packages/airflow/example_dags/example_trigger_target_dag.py
[2023-08-26T17:07:06.730+0000] {processor.py:756} INFO - Processing file /home/airflow/.local/lib/python3.7/site-packages/airflow/example_dags/example_trigger_target_dag.py for tasks to queue
[2023-08-26T17:07:06.731+0000] {logging_mixin.py:120} INFO - [2023-08-26T17:07:06.730+0000] {dagbag.py:537} INFO - Filling up the DagBag from /home/airflow/.local/lib/python3.7/site-packages/airflow/example_dags/example_trigger_target_dag.py
[2023-08-26T17:07:06.742+0000] {processor.py:766} INFO - DAG(s) dict_keys(['example_trigger_target_dag']) retrieved from /home/airflow/.local/lib/python3.7/site-packages/airflow/example_dags/example_trigger_target_dag.py
[2023-08-26T17:07:06.767+0000] {logging_mixin.py:120} INFO - [2023-08-26T17:07:06.767+0000] {dag.py:2585} INFO - Sync 1 DAGs
[2023-08-26T17:07:06.780+0000] {logging_mixin.py:120} INFO - [2023-08-26T17:07:06.780+0000] {dag.py:3340} INFO - Setting next_dagrun for example_trigger_target_dag to None, run_after=None
[2023-08-26T17:07:06.789+0000] {processor.py:176} INFO - Processing /home/airflow/.local/lib/python3.7/site-packages/airflow/example_dags/example_trigger_target_dag.py took 0.062 seconds
[2023-08-26T17:07:38.070+0000] {processor.py:154} INFO - Started process (PID=539) to work on /home/airflow/.local/lib/python3.7/site-packages/airflow/example_dags/example_trigger_target_dag.py
[2023-08-26T17:07:38.071+0000] {processor.py:756} INFO - Processing file /home/airflow/.local/lib/python3.7/site-packages/airflow/example_dags/example_trigger_target_dag.py for tasks to queue
[2023-08-26T17:07:38.071+0000] {logging_mixin.py:120} INFO - [2023-08-26T17:07:38.071+0000] {dagbag.py:537} INFO - Filling up the DagBag from /home/airflow/.local/lib/python3.7/site-packages/airflow/example_dags/example_trigger_target_dag.py
[2023-08-26T17:07:38.085+0000] {processor.py:766} INFO - DAG(s) dict_keys(['example_trigger_target_dag']) retrieved from /home/airflow/.local/lib/python3.7/site-packages/airflow/example_dags/example_trigger_target_dag.py
[2023-08-26T17:07:38.114+0000] {logging_mixin.py:120} INFO - [2023-08-26T17:07:38.114+0000] {dag.py:2585} INFO - Sync 1 DAGs
[2023-08-26T17:07:38.129+0000] {logging_mixin.py:120} INFO - [2023-08-26T17:07:38.129+0000] {dag.py:3340} INFO - Setting next_dagrun for example_trigger_target_dag to None, run_after=None
[2023-08-26T17:07:38.143+0000] {processor.py:176} INFO - Processing /home/airflow/.local/lib/python3.7/site-packages/airflow/example_dags/example_trigger_target_dag.py took 0.075 seconds
[2023-08-26T17:08:09.006+0000] {processor.py:154} INFO - Started process (PID=602) to work on /home/airflow/.local/lib/python3.7/site-packages/airflow/example_dags/example_trigger_target_dag.py
[2023-08-26T17:08:09.007+0000] {processor.py:756} INFO - Processing file /home/airflow/.local/lib/python3.7/site-packages/airflow/example_dags/example_trigger_target_dag.py for tasks to queue
[2023-08-26T17:08:09.007+0000] {logging_mixin.py:120} INFO - [2023-08-26T17:08:09.007+0000] {dagbag.py:537} INFO - Filling up the DagBag from /home/airflow/.local/lib/python3.7/site-packages/airflow/example_dags/example_trigger_target_dag.py
[2023-08-26T17:08:09.019+0000] {processor.py:766} INFO - DAG(s) dict_keys(['example_trigger_target_dag']) retrieved from /home/airflow/.local/lib/python3.7/site-packages/airflow/example_dags/example_trigger_target_dag.py
[2023-08-26T17:08:09.042+0000] {logging_mixin.py:120} INFO - [2023-08-26T17:08:09.042+0000] {dag.py:2585} INFO - Sync 1 DAGs
[2023-08-26T17:08:09.056+0000] {logging_mixin.py:120} INFO - [2023-08-26T17:08:09.056+0000] {dag.py:3340} INFO - Setting next_dagrun for example_trigger_target_dag to None, run_after=None
[2023-08-26T17:08:09.066+0000] {processor.py:176} INFO - Processing /home/airflow/.local/lib/python3.7/site-packages/airflow/example_dags/example_trigger_target_dag.py took 0.062 seconds
[2023-08-26T17:08:40.062+0000] {processor.py:154} INFO - Started process (PID=665) to work on /home/airflow/.local/lib/python3.7/site-packages/airflow/example_dags/example_trigger_target_dag.py
[2023-08-26T17:08:40.063+0000] {processor.py:756} INFO - Processing file /home/airflow/.local/lib/python3.7/site-packages/airflow/example_dags/example_trigger_target_dag.py for tasks to queue
[2023-08-26T17:08:40.063+0000] {logging_mixin.py:120} INFO - [2023-08-26T17:08:40.063+0000] {dagbag.py:537} INFO - Filling up the DagBag from /home/airflow/.local/lib/python3.7/site-packages/airflow/example_dags/example_trigger_target_dag.py
[2023-08-26T17:08:40.077+0000] {processor.py:766} INFO - DAG(s) dict_keys(['example_trigger_target_dag']) retrieved from /home/airflow/.local/lib/python3.7/site-packages/airflow/example_dags/example_trigger_target_dag.py
[2023-08-26T17:08:40.108+0000] {logging_mixin.py:120} INFO - [2023-08-26T17:08:40.108+0000] {dag.py:2585} INFO - Sync 1 DAGs
[2023-08-26T17:08:40.122+0000] {logging_mixin.py:120} INFO - [2023-08-26T17:08:40.122+0000] {dag.py:3340} INFO - Setting next_dagrun for example_trigger_target_dag to None, run_after=None
[2023-08-26T17:08:40.136+0000] {processor.py:176} INFO - Processing /home/airflow/.local/lib/python3.7/site-packages/airflow/example_dags/example_trigger_target_dag.py took 0.077 seconds
[2023-08-26T17:09:10.229+0000] {processor.py:154} INFO - Started process (PID=727) to work on /home/airflow/.local/lib/python3.7/site-packages/airflow/example_dags/example_trigger_target_dag.py
[2023-08-26T17:09:10.230+0000] {processor.py:756} INFO - Processing file /home/airflow/.local/lib/python3.7/site-packages/airflow/example_dags/example_trigger_target_dag.py for tasks to queue
[2023-08-26T17:09:10.230+0000] {logging_mixin.py:120} INFO - [2023-08-26T17:09:10.230+0000] {dagbag.py:537} INFO - Filling up the DagBag from /home/airflow/.local/lib/python3.7/site-packages/airflow/example_dags/example_trigger_target_dag.py
[2023-08-26T17:09:10.243+0000] {processor.py:766} INFO - DAG(s) dict_keys(['example_trigger_target_dag']) retrieved from /home/airflow/.local/lib/python3.7/site-packages/airflow/example_dags/example_trigger_target_dag.py
[2023-08-26T17:09:10.271+0000] {logging_mixin.py:120} INFO - [2023-08-26T17:09:10.271+0000] {dag.py:2585} INFO - Sync 1 DAGs
[2023-08-26T17:09:10.289+0000] {logging_mixin.py:120} INFO - [2023-08-26T17:09:10.289+0000] {dag.py:3340} INFO - Setting next_dagrun for example_trigger_target_dag to None, run_after=None
[2023-08-26T17:09:10.304+0000] {processor.py:176} INFO - Processing /home/airflow/.local/lib/python3.7/site-packages/airflow/example_dags/example_trigger_target_dag.py took 0.078 seconds
[2023-08-26T17:09:40.522+0000] {processor.py:154} INFO - Started process (PID=781) to work on /home/airflow/.local/lib/python3.7/site-packages/airflow/example_dags/example_trigger_target_dag.py
[2023-08-26T17:09:40.523+0000] {processor.py:756} INFO - Processing file /home/airflow/.local/lib/python3.7/site-packages/airflow/example_dags/example_trigger_target_dag.py for tasks to queue
[2023-08-26T17:09:40.524+0000] {logging_mixin.py:120} INFO - [2023-08-26T17:09:40.524+0000] {dagbag.py:537} INFO - Filling up the DagBag from /home/airflow/.local/lib/python3.7/site-packages/airflow/example_dags/example_trigger_target_dag.py
[2023-08-26T17:09:40.539+0000] {processor.py:766} INFO - DAG(s) dict_keys(['example_trigger_target_dag']) retrieved from /home/airflow/.local/lib/python3.7/site-packages/airflow/example_dags/example_trigger_target_dag.py
[2023-08-26T17:09:40.569+0000] {logging_mixin.py:120} INFO - [2023-08-26T17:09:40.569+0000] {dag.py:2585} INFO - Sync 1 DAGs
[2023-08-26T17:09:40.585+0000] {logging_mixin.py:120} INFO - [2023-08-26T17:09:40.585+0000] {dag.py:3340} INFO - Setting next_dagrun for example_trigger_target_dag to None, run_after=None
[2023-08-26T17:09:40.599+0000] {processor.py:176} INFO - Processing /home/airflow/.local/lib/python3.7/site-packages/airflow/example_dags/example_trigger_target_dag.py took 0.079 seconds
[2023-08-26T17:10:10.691+0000] {processor.py:154} INFO - Started process (PID=844) to work on /home/airflow/.local/lib/python3.7/site-packages/airflow/example_dags/example_trigger_target_dag.py
[2023-08-26T17:10:10.692+0000] {processor.py:756} INFO - Processing file /home/airflow/.local/lib/python3.7/site-packages/airflow/example_dags/example_trigger_target_dag.py for tasks to queue
[2023-08-26T17:10:10.692+0000] {logging_mixin.py:120} INFO - [2023-08-26T17:10:10.692+0000] {dagbag.py:537} INFO - Filling up the DagBag from /home/airflow/.local/lib/python3.7/site-packages/airflow/example_dags/example_trigger_target_dag.py
[2023-08-26T17:10:10.707+0000] {processor.py:766} INFO - DAG(s) dict_keys(['example_trigger_target_dag']) retrieved from /home/airflow/.local/lib/python3.7/site-packages/airflow/example_dags/example_trigger_target_dag.py
[2023-08-26T17:10:10.736+0000] {logging_mixin.py:120} INFO - [2023-08-26T17:10:10.735+0000] {dag.py:2585} INFO - Sync 1 DAGs
[2023-08-26T17:10:10.753+0000] {logging_mixin.py:120} INFO - [2023-08-26T17:10:10.753+0000] {dag.py:3340} INFO - Setting next_dagrun for example_trigger_target_dag to None, run_after=None
[2023-08-26T17:10:10.765+0000] {processor.py:176} INFO - Processing /home/airflow/.local/lib/python3.7/site-packages/airflow/example_dags/example_trigger_target_dag.py took 0.078 seconds
[2023-08-26T17:10:40.857+0000] {processor.py:154} INFO - Started process (PID=907) to work on /home/airflow/.local/lib/python3.7/site-packages/airflow/example_dags/example_trigger_target_dag.py
[2023-08-26T17:10:40.857+0000] {processor.py:756} INFO - Processing file /home/airflow/.local/lib/python3.7/site-packages/airflow/example_dags/example_trigger_target_dag.py for tasks to queue
[2023-08-26T17:10:40.858+0000] {logging_mixin.py:120} INFO - [2023-08-26T17:10:40.858+0000] {dagbag.py:537} INFO - Filling up the DagBag from /home/airflow/.local/lib/python3.7/site-packages/airflow/example_dags/example_trigger_target_dag.py
[2023-08-26T17:10:40.872+0000] {processor.py:766} INFO - DAG(s) dict_keys(['example_trigger_target_dag']) retrieved from /home/airflow/.local/lib/python3.7/site-packages/airflow/example_dags/example_trigger_target_dag.py
[2023-08-26T17:10:40.901+0000] {logging_mixin.py:120} INFO - [2023-08-26T17:10:40.901+0000] {dag.py:2585} INFO - Sync 1 DAGs
[2023-08-26T17:10:40.917+0000] {logging_mixin.py:120} INFO - [2023-08-26T17:10:40.917+0000] {dag.py:3340} INFO - Setting next_dagrun for example_trigger_target_dag to None, run_after=None
[2023-08-26T17:10:40.930+0000] {processor.py:176} INFO - Processing /home/airflow/.local/lib/python3.7/site-packages/airflow/example_dags/example_trigger_target_dag.py took 0.076 seconds
[2023-08-26T17:11:11.117+0000] {processor.py:154} INFO - Started process (PID=970) to work on /home/airflow/.local/lib/python3.7/site-packages/airflow/example_dags/example_trigger_target_dag.py
[2023-08-26T17:11:11.118+0000] {processor.py:756} INFO - Processing file /home/airflow/.local/lib/python3.7/site-packages/airflow/example_dags/example_trigger_target_dag.py for tasks to queue
[2023-08-26T17:11:11.119+0000] {logging_mixin.py:120} INFO - [2023-08-26T17:11:11.119+0000] {dagbag.py:537} INFO - Filling up the DagBag from /home/airflow/.local/lib/python3.7/site-packages/airflow/example_dags/example_trigger_target_dag.py
[2023-08-26T17:11:11.130+0000] {processor.py:766} INFO - DAG(s) dict_keys(['example_trigger_target_dag']) retrieved from /home/airflow/.local/lib/python3.7/site-packages/airflow/example_dags/example_trigger_target_dag.py
[2023-08-26T17:11:11.154+0000] {logging_mixin.py:120} INFO - [2023-08-26T17:11:11.154+0000] {dag.py:2585} INFO - Sync 1 DAGs
[2023-08-26T17:11:11.167+0000] {logging_mixin.py:120} INFO - [2023-08-26T17:11:11.167+0000] {dag.py:3340} INFO - Setting next_dagrun for example_trigger_target_dag to None, run_after=None
[2023-08-26T17:11:11.177+0000] {processor.py:176} INFO - Processing /home/airflow/.local/lib/python3.7/site-packages/airflow/example_dags/example_trigger_target_dag.py took 0.062 seconds
[2023-08-26T17:11:42.191+0000] {processor.py:154} INFO - Started process (PID=1032) to work on /home/airflow/.local/lib/python3.7/site-packages/airflow/example_dags/example_trigger_target_dag.py
[2023-08-26T17:11:42.192+0000] {processor.py:756} INFO - Processing file /home/airflow/.local/lib/python3.7/site-packages/airflow/example_dags/example_trigger_target_dag.py for tasks to queue
[2023-08-26T17:11:42.193+0000] {logging_mixin.py:120} INFO - [2023-08-26T17:11:42.193+0000] {dagbag.py:537} INFO - Filling up the DagBag from /home/airflow/.local/lib/python3.7/site-packages/airflow/example_dags/example_trigger_target_dag.py
[2023-08-26T17:11:42.204+0000] {processor.py:766} INFO - DAG(s) dict_keys(['example_trigger_target_dag']) retrieved from /home/airflow/.local/lib/python3.7/site-packages/airflow/example_dags/example_trigger_target_dag.py
[2023-08-26T17:11:42.229+0000] {logging_mixin.py:120} INFO - [2023-08-26T17:11:42.229+0000] {dag.py:2585} INFO - Sync 1 DAGs
[2023-08-26T17:11:42.242+0000] {logging_mixin.py:120} INFO - [2023-08-26T17:11:42.242+0000] {dag.py:3340} INFO - Setting next_dagrun for example_trigger_target_dag to None, run_after=None
[2023-08-26T17:11:42.253+0000] {processor.py:176} INFO - Processing /home/airflow/.local/lib/python3.7/site-packages/airflow/example_dags/example_trigger_target_dag.py took 0.064 seconds
[2023-08-26T17:12:13.243+0000] {processor.py:154} INFO - Started process (PID=1095) to work on /home/airflow/.local/lib/python3.7/site-packages/airflow/example_dags/example_trigger_target_dag.py
[2023-08-26T17:12:13.244+0000] {processor.py:756} INFO - Processing file /home/airflow/.local/lib/python3.7/site-packages/airflow/example_dags/example_trigger_target_dag.py for tasks to queue
[2023-08-26T17:12:13.245+0000] {logging_mixin.py:120} INFO - [2023-08-26T17:12:13.245+0000] {dagbag.py:537} INFO - Filling up the DagBag from /home/airflow/.local/lib/python3.7/site-packages/airflow/example_dags/example_trigger_target_dag.py
[2023-08-26T17:12:13.259+0000] {processor.py:766} INFO - DAG(s) dict_keys(['example_trigger_target_dag']) retrieved from /home/airflow/.local/lib/python3.7/site-packages/airflow/example_dags/example_trigger_target_dag.py
[2023-08-26T17:12:13.286+0000] {logging_mixin.py:120} INFO - [2023-08-26T17:12:13.286+0000] {dag.py:2585} INFO - Sync 1 DAGs
[2023-08-26T17:12:13.301+0000] {logging_mixin.py:120} INFO - [2023-08-26T17:12:13.301+0000] {dag.py:3340} INFO - Setting next_dagrun for example_trigger_target_dag to None, run_after=None
[2023-08-26T17:12:13.311+0000] {processor.py:176} INFO - Processing /home/airflow/.local/lib/python3.7/site-packages/airflow/example_dags/example_trigger_target_dag.py took 0.071 seconds
[2023-08-26T17:12:44.342+0000] {processor.py:154} INFO - Started process (PID=1155) to work on /home/airflow/.local/lib/python3.7/site-packages/airflow/example_dags/example_trigger_target_dag.py
[2023-08-26T17:12:44.343+0000] {processor.py:756} INFO - Processing file /home/airflow/.local/lib/python3.7/site-packages/airflow/example_dags/example_trigger_target_dag.py for tasks to queue
[2023-08-26T17:12:44.344+0000] {logging_mixin.py:120} INFO - [2023-08-26T17:12:44.344+0000] {dagbag.py:537} INFO - Filling up the DagBag from /home/airflow/.local/lib/python3.7/site-packages/airflow/example_dags/example_trigger_target_dag.py
[2023-08-26T17:12:44.362+0000] {processor.py:766} INFO - DAG(s) dict_keys(['example_trigger_target_dag']) retrieved from /home/airflow/.local/lib/python3.7/site-packages/airflow/example_dags/example_trigger_target_dag.py
[2023-08-26T17:12:44.397+0000] {logging_mixin.py:120} INFO - [2023-08-26T17:12:44.397+0000] {dag.py:2585} INFO - Sync 1 DAGs
[2023-08-26T17:12:44.413+0000] {logging_mixin.py:120} INFO - [2023-08-26T17:12:44.413+0000] {dag.py:3340} INFO - Setting next_dagrun for example_trigger_target_dag to None, run_after=None
[2023-08-26T17:12:44.426+0000] {processor.py:176} INFO - Processing /home/airflow/.local/lib/python3.7/site-packages/airflow/example_dags/example_trigger_target_dag.py took 0.088 seconds
[2023-08-26T17:13:14.502+0000] {processor.py:154} INFO - Started process (PID=1218) to work on /home/airflow/.local/lib/python3.7/site-packages/airflow/example_dags/example_trigger_target_dag.py
[2023-08-26T17:13:14.503+0000] {processor.py:756} INFO - Processing file /home/airflow/.local/lib/python3.7/site-packages/airflow/example_dags/example_trigger_target_dag.py for tasks to queue
[2023-08-26T17:13:14.503+0000] {logging_mixin.py:120} INFO - [2023-08-26T17:13:14.503+0000] {dagbag.py:537} INFO - Filling up the DagBag from /home/airflow/.local/lib/python3.7/site-packages/airflow/example_dags/example_trigger_target_dag.py
[2023-08-26T17:13:14.518+0000] {processor.py:766} INFO - DAG(s) dict_keys(['example_trigger_target_dag']) retrieved from /home/airflow/.local/lib/python3.7/site-packages/airflow/example_dags/example_trigger_target_dag.py
[2023-08-26T17:13:14.553+0000] {logging_mixin.py:120} INFO - [2023-08-26T17:13:14.553+0000] {dag.py:2585} INFO - Sync 1 DAGs
[2023-08-26T17:13:14.570+0000] {logging_mixin.py:120} INFO - [2023-08-26T17:13:14.569+0000] {dag.py:3340} INFO - Setting next_dagrun for example_trigger_target_dag to None, run_after=None
[2023-08-26T17:13:14.583+0000] {processor.py:176} INFO - Processing /home/airflow/.local/lib/python3.7/site-packages/airflow/example_dags/example_trigger_target_dag.py took 0.084 seconds
[2023-08-26T17:13:44.887+0000] {processor.py:154} INFO - Started process (PID=1281) to work on /home/airflow/.local/lib/python3.7/site-packages/airflow/example_dags/example_trigger_target_dag.py
[2023-08-26T17:13:44.888+0000] {processor.py:756} INFO - Processing file /home/airflow/.local/lib/python3.7/site-packages/airflow/example_dags/example_trigger_target_dag.py for tasks to queue
[2023-08-26T17:13:44.889+0000] {logging_mixin.py:120} INFO - [2023-08-26T17:13:44.888+0000] {dagbag.py:537} INFO - Filling up the DagBag from /home/airflow/.local/lib/python3.7/site-packages/airflow/example_dags/example_trigger_target_dag.py
[2023-08-26T17:13:44.904+0000] {processor.py:766} INFO - DAG(s) dict_keys(['example_trigger_target_dag']) retrieved from /home/airflow/.local/lib/python3.7/site-packages/airflow/example_dags/example_trigger_target_dag.py
[2023-08-26T17:13:44.937+0000] {logging_mixin.py:120} INFO - [2023-08-26T17:13:44.937+0000] {dag.py:2585} INFO - Sync 1 DAGs
[2023-08-26T17:13:44.952+0000] {logging_mixin.py:120} INFO - [2023-08-26T17:13:44.951+0000] {dag.py:3340} INFO - Setting next_dagrun for example_trigger_target_dag to None, run_after=None
[2023-08-26T17:13:44.964+0000] {processor.py:176} INFO - Processing /home/airflow/.local/lib/python3.7/site-packages/airflow/example_dags/example_trigger_target_dag.py took 0.080 seconds
[2023-08-26T17:14:15.899+0000] {processor.py:154} INFO - Started process (PID=1344) to work on /home/airflow/.local/lib/python3.7/site-packages/airflow/example_dags/example_trigger_target_dag.py
[2023-08-26T17:14:15.899+0000] {processor.py:756} INFO - Processing file /home/airflow/.local/lib/python3.7/site-packages/airflow/example_dags/example_trigger_target_dag.py for tasks to queue
[2023-08-26T17:14:15.900+0000] {logging_mixin.py:120} INFO - [2023-08-26T17:14:15.900+0000] {dagbag.py:537} INFO - Filling up the DagBag from /home/airflow/.local/lib/python3.7/site-packages/airflow/example_dags/example_trigger_target_dag.py
[2023-08-26T17:14:15.916+0000] {processor.py:766} INFO - DAG(s) dict_keys(['example_trigger_target_dag']) retrieved from /home/airflow/.local/lib/python3.7/site-packages/airflow/example_dags/example_trigger_target_dag.py
[2023-08-26T17:14:15.948+0000] {logging_mixin.py:120} INFO - [2023-08-26T17:14:15.948+0000] {dag.py:2585} INFO - Sync 1 DAGs
[2023-08-26T17:14:15.965+0000] {logging_mixin.py:120} INFO - [2023-08-26T17:14:15.965+0000] {dag.py:3340} INFO - Setting next_dagrun for example_trigger_target_dag to None, run_after=None
[2023-08-26T17:14:15.978+0000] {processor.py:176} INFO - Processing /home/airflow/.local/lib/python3.7/site-packages/airflow/example_dags/example_trigger_target_dag.py took 0.082 seconds
[2023-08-26T17:14:46.115+0000] {processor.py:154} INFO - Started process (PID=1409) to work on /home/airflow/.local/lib/python3.7/site-packages/airflow/example_dags/example_trigger_target_dag.py
[2023-08-26T17:14:46.117+0000] {processor.py:756} INFO - Processing file /home/airflow/.local/lib/python3.7/site-packages/airflow/example_dags/example_trigger_target_dag.py for tasks to queue
[2023-08-26T17:14:46.118+0000] {logging_mixin.py:120} INFO - [2023-08-26T17:14:46.117+0000] {dagbag.py:537} INFO - Filling up the DagBag from /home/airflow/.local/lib/python3.7/site-packages/airflow/example_dags/example_trigger_target_dag.py
[2023-08-26T17:14:46.141+0000] {processor.py:766} INFO - DAG(s) dict_keys(['example_trigger_target_dag']) retrieved from /home/airflow/.local/lib/python3.7/site-packages/airflow/example_dags/example_trigger_target_dag.py
[2023-08-26T17:14:46.173+0000] {logging_mixin.py:120} INFO - [2023-08-26T17:14:46.173+0000] {dag.py:2585} INFO - Sync 1 DAGs
[2023-08-26T17:14:46.188+0000] {logging_mixin.py:120} INFO - [2023-08-26T17:14:46.188+0000] {dag.py:3340} INFO - Setting next_dagrun for example_trigger_target_dag to None, run_after=None
[2023-08-26T17:14:46.198+0000] {processor.py:176} INFO - Processing /home/airflow/.local/lib/python3.7/site-packages/airflow/example_dags/example_trigger_target_dag.py took 0.087 seconds
[2023-08-26T17:15:16.287+0000] {processor.py:154} INFO - Started process (PID=1472) to work on /home/airflow/.local/lib/python3.7/site-packages/airflow/example_dags/example_trigger_target_dag.py
[2023-08-26T17:15:16.288+0000] {processor.py:756} INFO - Processing file /home/airflow/.local/lib/python3.7/site-packages/airflow/example_dags/example_trigger_target_dag.py for tasks to queue
[2023-08-26T17:15:16.288+0000] {logging_mixin.py:120} INFO - [2023-08-26T17:15:16.288+0000] {dagbag.py:537} INFO - Filling up the DagBag from /home/airflow/.local/lib/python3.7/site-packages/airflow/example_dags/example_trigger_target_dag.py
[2023-08-26T17:15:16.300+0000] {processor.py:766} INFO - DAG(s) dict_keys(['example_trigger_target_dag']) retrieved from /home/airflow/.local/lib/python3.7/site-packages/airflow/example_dags/example_trigger_target_dag.py
[2023-08-26T17:15:16.324+0000] {logging_mixin.py:120} INFO - [2023-08-26T17:15:16.324+0000] {dag.py:2585} INFO - Sync 1 DAGs
[2023-08-26T17:15:16.337+0000] {logging_mixin.py:120} INFO - [2023-08-26T17:15:16.337+0000] {dag.py:3340} INFO - Setting next_dagrun for example_trigger_target_dag to None, run_after=None
[2023-08-26T17:15:16.347+0000] {processor.py:176} INFO - Processing /home/airflow/.local/lib/python3.7/site-packages/airflow/example_dags/example_trigger_target_dag.py took 0.061 seconds
[2023-08-26T17:15:46.503+0000] {processor.py:154} INFO - Started process (PID=1527) to work on /home/airflow/.local/lib/python3.7/site-packages/airflow/example_dags/example_trigger_target_dag.py
[2023-08-26T17:15:46.505+0000] {processor.py:756} INFO - Processing file /home/airflow/.local/lib/python3.7/site-packages/airflow/example_dags/example_trigger_target_dag.py for tasks to queue
[2023-08-26T17:15:46.506+0000] {logging_mixin.py:120} INFO - [2023-08-26T17:15:46.505+0000] {dagbag.py:537} INFO - Filling up the DagBag from /home/airflow/.local/lib/python3.7/site-packages/airflow/example_dags/example_trigger_target_dag.py
[2023-08-26T17:15:46.524+0000] {processor.py:766} INFO - DAG(s) dict_keys(['example_trigger_target_dag']) retrieved from /home/airflow/.local/lib/python3.7/site-packages/airflow/example_dags/example_trigger_target_dag.py
[2023-08-26T17:15:46.554+0000] {logging_mixin.py:120} INFO - [2023-08-26T17:15:46.554+0000] {dag.py:2585} INFO - Sync 1 DAGs
[2023-08-26T17:15:46.570+0000] {logging_mixin.py:120} INFO - [2023-08-26T17:15:46.570+0000] {dag.py:3340} INFO - Setting next_dagrun for example_trigger_target_dag to None, run_after=None
[2023-08-26T17:15:46.583+0000] {processor.py:176} INFO - Processing /home/airflow/.local/lib/python3.7/site-packages/airflow/example_dags/example_trigger_target_dag.py took 0.084 seconds
[2023-08-26T17:16:17.524+0000] {processor.py:154} INFO - Started process (PID=1590) to work on /home/airflow/.local/lib/python3.7/site-packages/airflow/example_dags/example_trigger_target_dag.py
[2023-08-26T17:16:17.525+0000] {processor.py:756} INFO - Processing file /home/airflow/.local/lib/python3.7/site-packages/airflow/example_dags/example_trigger_target_dag.py for tasks to queue
[2023-08-26T17:16:17.529+0000] {logging_mixin.py:120} INFO - [2023-08-26T17:16:17.529+0000] {dagbag.py:537} INFO - Filling up the DagBag from /home/airflow/.local/lib/python3.7/site-packages/airflow/example_dags/example_trigger_target_dag.py
[2023-08-26T17:16:17.548+0000] {processor.py:766} INFO - DAG(s) dict_keys(['example_trigger_target_dag']) retrieved from /home/airflow/.local/lib/python3.7/site-packages/airflow/example_dags/example_trigger_target_dag.py
[2023-08-26T17:16:17.581+0000] {logging_mixin.py:120} INFO - [2023-08-26T17:16:17.581+0000] {dag.py:2585} INFO - Sync 1 DAGs
[2023-08-26T17:16:17.600+0000] {logging_mixin.py:120} INFO - [2023-08-26T17:16:17.600+0000] {dag.py:3340} INFO - Setting next_dagrun for example_trigger_target_dag to None, run_after=None
[2023-08-26T17:16:17.611+0000] {processor.py:176} INFO - Processing /home/airflow/.local/lib/python3.7/site-packages/airflow/example_dags/example_trigger_target_dag.py took 0.091 seconds
[2023-08-26T17:16:48.586+0000] {processor.py:154} INFO - Started process (PID=1653) to work on /home/airflow/.local/lib/python3.7/site-packages/airflow/example_dags/example_trigger_target_dag.py
[2023-08-26T17:16:48.587+0000] {processor.py:756} INFO - Processing file /home/airflow/.local/lib/python3.7/site-packages/airflow/example_dags/example_trigger_target_dag.py for tasks to queue
[2023-08-26T17:16:48.588+0000] {logging_mixin.py:120} INFO - [2023-08-26T17:16:48.588+0000] {dagbag.py:537} INFO - Filling up the DagBag from /home/airflow/.local/lib/python3.7/site-packages/airflow/example_dags/example_trigger_target_dag.py
[2023-08-26T17:16:48.609+0000] {processor.py:766} INFO - DAG(s) dict_keys(['example_trigger_target_dag']) retrieved from /home/airflow/.local/lib/python3.7/site-packages/airflow/example_dags/example_trigger_target_dag.py
[2023-08-26T17:16:48.640+0000] {logging_mixin.py:120} INFO - [2023-08-26T17:16:48.639+0000] {dag.py:2585} INFO - Sync 1 DAGs
[2023-08-26T17:16:48.654+0000] {logging_mixin.py:120} INFO - [2023-08-26T17:16:48.653+0000] {dag.py:3340} INFO - Setting next_dagrun for example_trigger_target_dag to None, run_after=None
[2023-08-26T17:16:48.665+0000] {processor.py:176} INFO - Processing /home/airflow/.local/lib/python3.7/site-packages/airflow/example_dags/example_trigger_target_dag.py took 0.083 seconds
[2023-08-26T17:17:18.704+0000] {processor.py:154} INFO - Started process (PID=1717) to work on /home/airflow/.local/lib/python3.7/site-packages/airflow/example_dags/example_trigger_target_dag.py
[2023-08-26T17:17:18.705+0000] {processor.py:756} INFO - Processing file /home/airflow/.local/lib/python3.7/site-packages/airflow/example_dags/example_trigger_target_dag.py for tasks to queue
[2023-08-26T17:17:18.706+0000] {logging_mixin.py:120} INFO - [2023-08-26T17:17:18.705+0000] {dagbag.py:537} INFO - Filling up the DagBag from /home/airflow/.local/lib/python3.7/site-packages/airflow/example_dags/example_trigger_target_dag.py
[2023-08-26T17:17:18.726+0000] {processor.py:766} INFO - DAG(s) dict_keys(['example_trigger_target_dag']) retrieved from /home/airflow/.local/lib/python3.7/site-packages/airflow/example_dags/example_trigger_target_dag.py
[2023-08-26T17:17:18.765+0000] {logging_mixin.py:120} INFO - [2023-08-26T17:17:18.765+0000] {dag.py:2585} INFO - Sync 1 DAGs
[2023-08-26T17:17:18.782+0000] {logging_mixin.py:120} INFO - [2023-08-26T17:17:18.782+0000] {dag.py:3340} INFO - Setting next_dagrun for example_trigger_target_dag to None, run_after=None
[2023-08-26T17:17:18.793+0000] {processor.py:176} INFO - Processing /home/airflow/.local/lib/python3.7/site-packages/airflow/example_dags/example_trigger_target_dag.py took 0.092 seconds
[2023-08-26T17:17:48.840+0000] {processor.py:154} INFO - Started process (PID=1779) to work on /home/airflow/.local/lib/python3.7/site-packages/airflow/example_dags/example_trigger_target_dag.py
[2023-08-26T17:17:48.842+0000] {processor.py:756} INFO - Processing file /home/airflow/.local/lib/python3.7/site-packages/airflow/example_dags/example_trigger_target_dag.py for tasks to queue
[2023-08-26T17:17:48.842+0000] {logging_mixin.py:120} INFO - [2023-08-26T17:17:48.842+0000] {dagbag.py:537} INFO - Filling up the DagBag from /home/airflow/.local/lib/python3.7/site-packages/airflow/example_dags/example_trigger_target_dag.py
[2023-08-26T17:17:48.863+0000] {processor.py:766} INFO - DAG(s) dict_keys(['example_trigger_target_dag']) retrieved from /home/airflow/.local/lib/python3.7/site-packages/airflow/example_dags/example_trigger_target_dag.py
[2023-08-26T17:17:48.894+0000] {logging_mixin.py:120} INFO - [2023-08-26T17:17:48.894+0000] {dag.py:2585} INFO - Sync 1 DAGs
[2023-08-26T17:17:48.908+0000] {logging_mixin.py:120} INFO - [2023-08-26T17:17:48.908+0000] {dag.py:3340} INFO - Setting next_dagrun for example_trigger_target_dag to None, run_after=None
[2023-08-26T17:17:48.918+0000] {processor.py:176} INFO - Processing /home/airflow/.local/lib/python3.7/site-packages/airflow/example_dags/example_trigger_target_dag.py took 0.081 seconds
[2023-08-26T17:18:19.879+0000] {processor.py:154} INFO - Started process (PID=1842) to work on /home/airflow/.local/lib/python3.7/site-packages/airflow/example_dags/example_trigger_target_dag.py
[2023-08-26T17:18:19.882+0000] {processor.py:756} INFO - Processing file /home/airflow/.local/lib/python3.7/site-packages/airflow/example_dags/example_trigger_target_dag.py for tasks to queue
[2023-08-26T17:18:19.883+0000] {logging_mixin.py:120} INFO - [2023-08-26T17:18:19.883+0000] {dagbag.py:537} INFO - Filling up the DagBag from /home/airflow/.local/lib/python3.7/site-packages/airflow/example_dags/example_trigger_target_dag.py
[2023-08-26T17:18:19.906+0000] {processor.py:766} INFO - DAG(s) dict_keys(['example_trigger_target_dag']) retrieved from /home/airflow/.local/lib/python3.7/site-packages/airflow/example_dags/example_trigger_target_dag.py
[2023-08-26T17:18:19.946+0000] {logging_mixin.py:120} INFO - [2023-08-26T17:18:19.946+0000] {dag.py:2585} INFO - Sync 1 DAGs
[2023-08-26T17:18:19.963+0000] {logging_mixin.py:120} INFO - [2023-08-26T17:18:19.963+0000] {dag.py:3340} INFO - Setting next_dagrun for example_trigger_target_dag to None, run_after=None
[2023-08-26T17:18:19.976+0000] {processor.py:176} INFO - Processing /home/airflow/.local/lib/python3.7/site-packages/airflow/example_dags/example_trigger_target_dag.py took 0.102 seconds
[2023-08-26T17:18:50.063+0000] {processor.py:154} INFO - Started process (PID=1895) to work on /home/airflow/.local/lib/python3.7/site-packages/airflow/example_dags/example_trigger_target_dag.py
[2023-08-26T17:18:50.064+0000] {processor.py:756} INFO - Processing file /home/airflow/.local/lib/python3.7/site-packages/airflow/example_dags/example_trigger_target_dag.py for tasks to queue
[2023-08-26T17:18:50.065+0000] {logging_mixin.py:120} INFO - [2023-08-26T17:18:50.065+0000] {dagbag.py:537} INFO - Filling up the DagBag from /home/airflow/.local/lib/python3.7/site-packages/airflow/example_dags/example_trigger_target_dag.py
[2023-08-26T17:18:50.081+0000] {processor.py:766} INFO - DAG(s) dict_keys(['example_trigger_target_dag']) retrieved from /home/airflow/.local/lib/python3.7/site-packages/airflow/example_dags/example_trigger_target_dag.py
[2023-08-26T17:18:50.111+0000] {logging_mixin.py:120} INFO - [2023-08-26T17:18:50.111+0000] {dag.py:2585} INFO - Sync 1 DAGs
[2023-08-26T17:18:50.126+0000] {logging_mixin.py:120} INFO - [2023-08-26T17:18:50.126+0000] {dag.py:3340} INFO - Setting next_dagrun for example_trigger_target_dag to None, run_after=None
[2023-08-26T17:18:50.138+0000] {processor.py:176} INFO - Processing /home/airflow/.local/lib/python3.7/site-packages/airflow/example_dags/example_trigger_target_dag.py took 0.078 seconds
[2023-08-26T17:19:20.560+0000] {processor.py:154} INFO - Started process (PID=1958) to work on /home/airflow/.local/lib/python3.7/site-packages/airflow/example_dags/example_trigger_target_dag.py
[2023-08-26T17:19:20.561+0000] {processor.py:756} INFO - Processing file /home/airflow/.local/lib/python3.7/site-packages/airflow/example_dags/example_trigger_target_dag.py for tasks to queue
[2023-08-26T17:19:20.561+0000] {logging_mixin.py:120} INFO - [2023-08-26T17:19:20.561+0000] {dagbag.py:537} INFO - Filling up the DagBag from /home/airflow/.local/lib/python3.7/site-packages/airflow/example_dags/example_trigger_target_dag.py
[2023-08-26T17:19:20.573+0000] {processor.py:766} INFO - DAG(s) dict_keys(['example_trigger_target_dag']) retrieved from /home/airflow/.local/lib/python3.7/site-packages/airflow/example_dags/example_trigger_target_dag.py
[2023-08-26T17:19:20.598+0000] {logging_mixin.py:120} INFO - [2023-08-26T17:19:20.598+0000] {dag.py:2585} INFO - Sync 1 DAGs
[2023-08-26T17:19:20.618+0000] {logging_mixin.py:120} INFO - [2023-08-26T17:19:20.618+0000] {dag.py:3340} INFO - Setting next_dagrun for example_trigger_target_dag to None, run_after=None
[2023-08-26T17:19:20.631+0000] {processor.py:176} INFO - Processing /home/airflow/.local/lib/python3.7/site-packages/airflow/example_dags/example_trigger_target_dag.py took 0.073 seconds
[2023-08-26T17:19:51.577+0000] {processor.py:154} INFO - Started process (PID=2021) to work on /home/airflow/.local/lib/python3.7/site-packages/airflow/example_dags/example_trigger_target_dag.py
[2023-08-26T17:19:51.578+0000] {processor.py:756} INFO - Processing file /home/airflow/.local/lib/python3.7/site-packages/airflow/example_dags/example_trigger_target_dag.py for tasks to queue
[2023-08-26T17:19:51.579+0000] {logging_mixin.py:120} INFO - [2023-08-26T17:19:51.579+0000] {dagbag.py:537} INFO - Filling up the DagBag from /home/airflow/.local/lib/python3.7/site-packages/airflow/example_dags/example_trigger_target_dag.py
[2023-08-26T17:19:51.593+0000] {processor.py:766} INFO - DAG(s) dict_keys(['example_trigger_target_dag']) retrieved from /home/airflow/.local/lib/python3.7/site-packages/airflow/example_dags/example_trigger_target_dag.py
[2023-08-26T17:19:51.620+0000] {logging_mixin.py:120} INFO - [2023-08-26T17:19:51.620+0000] {dag.py:2585} INFO - Sync 1 DAGs
[2023-08-26T17:19:51.636+0000] {logging_mixin.py:120} INFO - [2023-08-26T17:19:51.636+0000] {dag.py:3340} INFO - Setting next_dagrun for example_trigger_target_dag to None, run_after=None
[2023-08-26T17:19:51.649+0000] {processor.py:176} INFO - Processing /home/airflow/.local/lib/python3.7/site-packages/airflow/example_dags/example_trigger_target_dag.py took 0.074 seconds
[2023-08-26T17:20:21.712+0000] {processor.py:154} INFO - Started process (PID=2084) to work on /home/airflow/.local/lib/python3.7/site-packages/airflow/example_dags/example_trigger_target_dag.py
[2023-08-26T17:20:21.713+0000] {processor.py:756} INFO - Processing file /home/airflow/.local/lib/python3.7/site-packages/airflow/example_dags/example_trigger_target_dag.py for tasks to queue
[2023-08-26T17:20:21.713+0000] {logging_mixin.py:120} INFO - [2023-08-26T17:20:21.713+0000] {dagbag.py:537} INFO - Filling up the DagBag from /home/airflow/.local/lib/python3.7/site-packages/airflow/example_dags/example_trigger_target_dag.py
[2023-08-26T17:20:21.725+0000] {processor.py:766} INFO - DAG(s) dict_keys(['example_trigger_target_dag']) retrieved from /home/airflow/.local/lib/python3.7/site-packages/airflow/example_dags/example_trigger_target_dag.py
[2023-08-26T17:20:21.749+0000] {logging_mixin.py:120} INFO - [2023-08-26T17:20:21.749+0000] {dag.py:2585} INFO - Sync 1 DAGs
[2023-08-26T17:20:21.764+0000] {logging_mixin.py:120} INFO - [2023-08-26T17:20:21.764+0000] {dag.py:3340} INFO - Setting next_dagrun for example_trigger_target_dag to None, run_after=None
[2023-08-26T17:20:21.775+0000] {processor.py:176} INFO - Processing /home/airflow/.local/lib/python3.7/site-packages/airflow/example_dags/example_trigger_target_dag.py took 0.065 seconds
[2023-08-26T17:20:52.081+0000] {processor.py:154} INFO - Started process (PID=2147) to work on /home/airflow/.local/lib/python3.7/site-packages/airflow/example_dags/example_trigger_target_dag.py
[2023-08-26T17:20:52.082+0000] {processor.py:756} INFO - Processing file /home/airflow/.local/lib/python3.7/site-packages/airflow/example_dags/example_trigger_target_dag.py for tasks to queue
[2023-08-26T17:20:52.082+0000] {logging_mixin.py:120} INFO - [2023-08-26T17:20:52.082+0000] {dagbag.py:537} INFO - Filling up the DagBag from /home/airflow/.local/lib/python3.7/site-packages/airflow/example_dags/example_trigger_target_dag.py
[2023-08-26T17:20:52.096+0000] {processor.py:766} INFO - DAG(s) dict_keys(['example_trigger_target_dag']) retrieved from /home/airflow/.local/lib/python3.7/site-packages/airflow/example_dags/example_trigger_target_dag.py
[2023-08-26T17:20:52.128+0000] {logging_mixin.py:120} INFO - [2023-08-26T17:20:52.128+0000] {dag.py:2585} INFO - Sync 1 DAGs
[2023-08-26T17:20:52.143+0000] {logging_mixin.py:120} INFO - [2023-08-26T17:20:52.143+0000] {dag.py:3340} INFO - Setting next_dagrun for example_trigger_target_dag to None, run_after=None
[2023-08-26T17:20:52.157+0000] {processor.py:176} INFO - Processing /home/airflow/.local/lib/python3.7/site-packages/airflow/example_dags/example_trigger_target_dag.py took 0.079 seconds
[2023-08-26T17:21:22.213+0000] {processor.py:154} INFO - Started process (PID=2210) to work on /home/airflow/.local/lib/python3.7/site-packages/airflow/example_dags/example_trigger_target_dag.py
[2023-08-26T17:21:22.216+0000] {processor.py:756} INFO - Processing file /home/airflow/.local/lib/python3.7/site-packages/airflow/example_dags/example_trigger_target_dag.py for tasks to queue
[2023-08-26T17:21:22.217+0000] {logging_mixin.py:120} INFO - [2023-08-26T17:21:22.217+0000] {dagbag.py:537} INFO - Filling up the DagBag from /home/airflow/.local/lib/python3.7/site-packages/airflow/example_dags/example_trigger_target_dag.py
[2023-08-26T17:21:22.231+0000] {processor.py:766} INFO - DAG(s) dict_keys(['example_trigger_target_dag']) retrieved from /home/airflow/.local/lib/python3.7/site-packages/airflow/example_dags/example_trigger_target_dag.py
[2023-08-26T17:21:22.259+0000] {logging_mixin.py:120} INFO - [2023-08-26T17:21:22.259+0000] {dag.py:2585} INFO - Sync 1 DAGs
[2023-08-26T17:21:22.275+0000] {logging_mixin.py:120} INFO - [2023-08-26T17:21:22.275+0000] {dag.py:3340} INFO - Setting next_dagrun for example_trigger_target_dag to None, run_after=None
[2023-08-26T17:21:22.288+0000] {processor.py:176} INFO - Processing /home/airflow/.local/lib/python3.7/site-packages/airflow/example_dags/example_trigger_target_dag.py took 0.078 seconds
[2023-08-26T17:21:52.765+0000] {processor.py:154} INFO - Started process (PID=2264) to work on /home/airflow/.local/lib/python3.7/site-packages/airflow/example_dags/example_trigger_target_dag.py
[2023-08-26T17:21:52.766+0000] {processor.py:756} INFO - Processing file /home/airflow/.local/lib/python3.7/site-packages/airflow/example_dags/example_trigger_target_dag.py for tasks to queue
[2023-08-26T17:21:52.766+0000] {logging_mixin.py:120} INFO - [2023-08-26T17:21:52.766+0000] {dagbag.py:537} INFO - Filling up the DagBag from /home/airflow/.local/lib/python3.7/site-packages/airflow/example_dags/example_trigger_target_dag.py
[2023-08-26T17:21:52.782+0000] {processor.py:766} INFO - DAG(s) dict_keys(['example_trigger_target_dag']) retrieved from /home/airflow/.local/lib/python3.7/site-packages/airflow/example_dags/example_trigger_target_dag.py
[2023-08-26T17:21:52.808+0000] {logging_mixin.py:120} INFO - [2023-08-26T17:21:52.808+0000] {dag.py:2585} INFO - Sync 1 DAGs
[2023-08-26T17:21:52.823+0000] {logging_mixin.py:120} INFO - [2023-08-26T17:21:52.823+0000] {dag.py:3340} INFO - Setting next_dagrun for example_trigger_target_dag to None, run_after=None
[2023-08-26T17:21:52.836+0000] {processor.py:176} INFO - Processing /home/airflow/.local/lib/python3.7/site-packages/airflow/example_dags/example_trigger_target_dag.py took 0.074 seconds
[2023-08-26T17:22:22.929+0000] {processor.py:154} INFO - Started process (PID=2327) to work on /home/airflow/.local/lib/python3.7/site-packages/airflow/example_dags/example_trigger_target_dag.py
[2023-08-26T17:22:22.930+0000] {processor.py:756} INFO - Processing file /home/airflow/.local/lib/python3.7/site-packages/airflow/example_dags/example_trigger_target_dag.py for tasks to queue
[2023-08-26T17:22:22.931+0000] {logging_mixin.py:120} INFO - [2023-08-26T17:22:22.931+0000] {dagbag.py:537} INFO - Filling up the DagBag from /home/airflow/.local/lib/python3.7/site-packages/airflow/example_dags/example_trigger_target_dag.py
[2023-08-26T17:22:22.943+0000] {processor.py:766} INFO - DAG(s) dict_keys(['example_trigger_target_dag']) retrieved from /home/airflow/.local/lib/python3.7/site-packages/airflow/example_dags/example_trigger_target_dag.py
[2023-08-26T17:22:22.967+0000] {logging_mixin.py:120} INFO - [2023-08-26T17:22:22.966+0000] {dag.py:2585} INFO - Sync 1 DAGs
[2023-08-26T17:22:22.981+0000] {logging_mixin.py:120} INFO - [2023-08-26T17:22:22.981+0000] {dag.py:3340} INFO - Setting next_dagrun for example_trigger_target_dag to None, run_after=None
[2023-08-26T17:22:22.992+0000] {processor.py:176} INFO - Processing /home/airflow/.local/lib/python3.7/site-packages/airflow/example_dags/example_trigger_target_dag.py took 0.065 seconds
[2023-08-26T17:22:53.098+0000] {processor.py:154} INFO - Started process (PID=2388) to work on /home/airflow/.local/lib/python3.7/site-packages/airflow/example_dags/example_trigger_target_dag.py
[2023-08-26T17:22:53.099+0000] {processor.py:756} INFO - Processing file /home/airflow/.local/lib/python3.7/site-packages/airflow/example_dags/example_trigger_target_dag.py for tasks to queue
[2023-08-26T17:22:53.100+0000] {logging_mixin.py:120} INFO - [2023-08-26T17:22:53.100+0000] {dagbag.py:537} INFO - Filling up the DagBag from /home/airflow/.local/lib/python3.7/site-packages/airflow/example_dags/example_trigger_target_dag.py
[2023-08-26T17:22:53.112+0000] {processor.py:766} INFO - DAG(s) dict_keys(['example_trigger_target_dag']) retrieved from /home/airflow/.local/lib/python3.7/site-packages/airflow/example_dags/example_trigger_target_dag.py
[2023-08-26T17:22:53.139+0000] {logging_mixin.py:120} INFO - [2023-08-26T17:22:53.139+0000] {dag.py:2585} INFO - Sync 1 DAGs
[2023-08-26T17:22:53.154+0000] {logging_mixin.py:120} INFO - [2023-08-26T17:22:53.154+0000] {dag.py:3340} INFO - Setting next_dagrun for example_trigger_target_dag to None, run_after=None
[2023-08-26T17:22:53.169+0000] {processor.py:176} INFO - Processing /home/airflow/.local/lib/python3.7/site-packages/airflow/example_dags/example_trigger_target_dag.py took 0.073 seconds
[2023-08-26T17:23:23.408+0000] {processor.py:154} INFO - Started process (PID=2451) to work on /home/airflow/.local/lib/python3.7/site-packages/airflow/example_dags/example_trigger_target_dag.py
[2023-08-26T17:23:23.409+0000] {processor.py:756} INFO - Processing file /home/airflow/.local/lib/python3.7/site-packages/airflow/example_dags/example_trigger_target_dag.py for tasks to queue
[2023-08-26T17:23:23.410+0000] {logging_mixin.py:120} INFO - [2023-08-26T17:23:23.410+0000] {dagbag.py:537} INFO - Filling up the DagBag from /home/airflow/.local/lib/python3.7/site-packages/airflow/example_dags/example_trigger_target_dag.py
[2023-08-26T17:23:23.423+0000] {processor.py:766} INFO - DAG(s) dict_keys(['example_trigger_target_dag']) retrieved from /home/airflow/.local/lib/python3.7/site-packages/airflow/example_dags/example_trigger_target_dag.py
[2023-08-26T17:23:23.449+0000] {logging_mixin.py:120} INFO - [2023-08-26T17:23:23.449+0000] {dag.py:2585} INFO - Sync 1 DAGs
[2023-08-26T17:23:23.465+0000] {logging_mixin.py:120} INFO - [2023-08-26T17:23:23.465+0000] {dag.py:3340} INFO - Setting next_dagrun for example_trigger_target_dag to None, run_after=None
[2023-08-26T17:23:23.476+0000] {processor.py:176} INFO - Processing /home/airflow/.local/lib/python3.7/site-packages/airflow/example_dags/example_trigger_target_dag.py took 0.069 seconds
[2023-08-26T17:23:53.721+0000] {processor.py:154} INFO - Started process (PID=2513) to work on /home/airflow/.local/lib/python3.7/site-packages/airflow/example_dags/example_trigger_target_dag.py
[2023-08-26T17:23:53.721+0000] {processor.py:756} INFO - Processing file /home/airflow/.local/lib/python3.7/site-packages/airflow/example_dags/example_trigger_target_dag.py for tasks to queue
[2023-08-26T17:23:53.722+0000] {logging_mixin.py:120} INFO - [2023-08-26T17:23:53.722+0000] {dagbag.py:537} INFO - Filling up the DagBag from /home/airflow/.local/lib/python3.7/site-packages/airflow/example_dags/example_trigger_target_dag.py
[2023-08-26T17:23:53.737+0000] {processor.py:766} INFO - DAG(s) dict_keys(['example_trigger_target_dag']) retrieved from /home/airflow/.local/lib/python3.7/site-packages/airflow/example_dags/example_trigger_target_dag.py
[2023-08-26T17:23:53.762+0000] {logging_mixin.py:120} INFO - [2023-08-26T17:23:53.762+0000] {dag.py:2585} INFO - Sync 1 DAGs
[2023-08-26T17:23:53.776+0000] {logging_mixin.py:120} INFO - [2023-08-26T17:23:53.776+0000] {dag.py:3340} INFO - Setting next_dagrun for example_trigger_target_dag to None, run_after=None
[2023-08-26T17:23:53.786+0000] {processor.py:176} INFO - Processing /home/airflow/.local/lib/python3.7/site-packages/airflow/example_dags/example_trigger_target_dag.py took 0.068 seconds
[2023-08-26T17:24:23.822+0000] {processor.py:154} INFO - Started process (PID=2568) to work on /home/airflow/.local/lib/python3.7/site-packages/airflow/example_dags/example_trigger_target_dag.py
[2023-08-26T17:24:23.822+0000] {processor.py:756} INFO - Processing file /home/airflow/.local/lib/python3.7/site-packages/airflow/example_dags/example_trigger_target_dag.py for tasks to queue
[2023-08-26T17:24:23.823+0000] {logging_mixin.py:120} INFO - [2023-08-26T17:24:23.823+0000] {dagbag.py:537} INFO - Filling up the DagBag from /home/airflow/.local/lib/python3.7/site-packages/airflow/example_dags/example_trigger_target_dag.py
[2023-08-26T17:24:23.837+0000] {processor.py:766} INFO - DAG(s) dict_keys(['example_trigger_target_dag']) retrieved from /home/airflow/.local/lib/python3.7/site-packages/airflow/example_dags/example_trigger_target_dag.py
[2023-08-26T17:24:23.864+0000] {logging_mixin.py:120} INFO - [2023-08-26T17:24:23.864+0000] {dag.py:2585} INFO - Sync 1 DAGs
[2023-08-26T17:24:23.878+0000] {logging_mixin.py:120} INFO - [2023-08-26T17:24:23.878+0000] {dag.py:3340} INFO - Setting next_dagrun for example_trigger_target_dag to None, run_after=None
[2023-08-26T17:24:23.888+0000] {processor.py:176} INFO - Processing /home/airflow/.local/lib/python3.7/site-packages/airflow/example_dags/example_trigger_target_dag.py took 0.069 seconds
[2023-08-26T17:24:54.172+0000] {processor.py:154} INFO - Started process (PID=2632) to work on /home/airflow/.local/lib/python3.7/site-packages/airflow/example_dags/example_trigger_target_dag.py
[2023-08-26T17:24:54.173+0000] {processor.py:756} INFO - Processing file /home/airflow/.local/lib/python3.7/site-packages/airflow/example_dags/example_trigger_target_dag.py for tasks to queue
[2023-08-26T17:24:54.173+0000] {logging_mixin.py:120} INFO - [2023-08-26T17:24:54.173+0000] {dagbag.py:537} INFO - Filling up the DagBag from /home/airflow/.local/lib/python3.7/site-packages/airflow/example_dags/example_trigger_target_dag.py
[2023-08-26T17:24:54.185+0000] {processor.py:766} INFO - DAG(s) dict_keys(['example_trigger_target_dag']) retrieved from /home/airflow/.local/lib/python3.7/site-packages/airflow/example_dags/example_trigger_target_dag.py
[2023-08-26T17:24:54.211+0000] {logging_mixin.py:120} INFO - [2023-08-26T17:24:54.211+0000] {dag.py:2585} INFO - Sync 1 DAGs
[2023-08-26T17:24:54.224+0000] {logging_mixin.py:120} INFO - [2023-08-26T17:24:54.224+0000] {dag.py:3340} INFO - Setting next_dagrun for example_trigger_target_dag to None, run_after=None
[2023-08-26T17:24:54.233+0000] {processor.py:176} INFO - Processing /home/airflow/.local/lib/python3.7/site-packages/airflow/example_dags/example_trigger_target_dag.py took 0.064 seconds
[2023-08-26T17:25:24.591+0000] {processor.py:154} INFO - Started process (PID=2696) to work on /home/airflow/.local/lib/python3.7/site-packages/airflow/example_dags/example_trigger_target_dag.py
[2023-08-26T17:25:24.592+0000] {processor.py:756} INFO - Processing file /home/airflow/.local/lib/python3.7/site-packages/airflow/example_dags/example_trigger_target_dag.py for tasks to queue
[2023-08-26T17:25:24.592+0000] {logging_mixin.py:120} INFO - [2023-08-26T17:25:24.592+0000] {dagbag.py:537} INFO - Filling up the DagBag from /home/airflow/.local/lib/python3.7/site-packages/airflow/example_dags/example_trigger_target_dag.py
[2023-08-26T17:25:24.605+0000] {processor.py:766} INFO - DAG(s) dict_keys(['example_trigger_target_dag']) retrieved from /home/airflow/.local/lib/python3.7/site-packages/airflow/example_dags/example_trigger_target_dag.py
[2023-08-26T17:25:24.631+0000] {logging_mixin.py:120} INFO - [2023-08-26T17:25:24.631+0000] {dag.py:2585} INFO - Sync 1 DAGs
[2023-08-26T17:25:24.646+0000] {logging_mixin.py:120} INFO - [2023-08-26T17:25:24.646+0000] {dag.py:3340} INFO - Setting next_dagrun for example_trigger_target_dag to None, run_after=None
[2023-08-26T17:25:24.659+0000] {processor.py:176} INFO - Processing /home/airflow/.local/lib/python3.7/site-packages/airflow/example_dags/example_trigger_target_dag.py took 0.070 seconds
[2023-08-26T17:25:54.694+0000] {processor.py:154} INFO - Started process (PID=2758) to work on /home/airflow/.local/lib/python3.7/site-packages/airflow/example_dags/example_trigger_target_dag.py
[2023-08-26T17:25:54.695+0000] {processor.py:756} INFO - Processing file /home/airflow/.local/lib/python3.7/site-packages/airflow/example_dags/example_trigger_target_dag.py for tasks to queue
[2023-08-26T17:25:54.695+0000] {logging_mixin.py:120} INFO - [2023-08-26T17:25:54.695+0000] {dagbag.py:537} INFO - Filling up the DagBag from /home/airflow/.local/lib/python3.7/site-packages/airflow/example_dags/example_trigger_target_dag.py
[2023-08-26T17:25:54.709+0000] {processor.py:766} INFO - DAG(s) dict_keys(['example_trigger_target_dag']) retrieved from /home/airflow/.local/lib/python3.7/site-packages/airflow/example_dags/example_trigger_target_dag.py
[2023-08-26T17:25:54.734+0000] {logging_mixin.py:120} INFO - [2023-08-26T17:25:54.734+0000] {dag.py:2585} INFO - Sync 1 DAGs
[2023-08-26T17:25:54.747+0000] {logging_mixin.py:120} INFO - [2023-08-26T17:25:54.747+0000] {dag.py:3340} INFO - Setting next_dagrun for example_trigger_target_dag to None, run_after=None
[2023-08-26T17:25:54.758+0000] {processor.py:176} INFO - Processing /home/airflow/.local/lib/python3.7/site-packages/airflow/example_dags/example_trigger_target_dag.py took 0.066 seconds
[2023-08-26T17:26:24.876+0000] {processor.py:154} INFO - Started process (PID=2821) to work on /home/airflow/.local/lib/python3.7/site-packages/airflow/example_dags/example_trigger_target_dag.py
[2023-08-26T17:26:24.877+0000] {processor.py:756} INFO - Processing file /home/airflow/.local/lib/python3.7/site-packages/airflow/example_dags/example_trigger_target_dag.py for tasks to queue
[2023-08-26T17:26:24.877+0000] {logging_mixin.py:120} INFO - [2023-08-26T17:26:24.877+0000] {dagbag.py:537} INFO - Filling up the DagBag from /home/airflow/.local/lib/python3.7/site-packages/airflow/example_dags/example_trigger_target_dag.py
[2023-08-26T17:26:24.890+0000] {processor.py:766} INFO - DAG(s) dict_keys(['example_trigger_target_dag']) retrieved from /home/airflow/.local/lib/python3.7/site-packages/airflow/example_dags/example_trigger_target_dag.py
[2023-08-26T17:26:24.917+0000] {logging_mixin.py:120} INFO - [2023-08-26T17:26:24.916+0000] {dag.py:2585} INFO - Sync 1 DAGs
[2023-08-26T17:26:24.932+0000] {logging_mixin.py:120} INFO - [2023-08-26T17:26:24.932+0000] {dag.py:3340} INFO - Setting next_dagrun for example_trigger_target_dag to None, run_after=None
[2023-08-26T17:26:24.943+0000] {processor.py:176} INFO - Processing /home/airflow/.local/lib/python3.7/site-packages/airflow/example_dags/example_trigger_target_dag.py took 0.069 seconds
[2023-08-26T17:26:55.833+0000] {processor.py:154} INFO - Started process (PID=2875) to work on /home/airflow/.local/lib/python3.7/site-packages/airflow/example_dags/example_trigger_target_dag.py
[2023-08-26T17:26:55.833+0000] {processor.py:756} INFO - Processing file /home/airflow/.local/lib/python3.7/site-packages/airflow/example_dags/example_trigger_target_dag.py for tasks to queue
[2023-08-26T17:26:55.834+0000] {logging_mixin.py:120} INFO - [2023-08-26T17:26:55.834+0000] {dagbag.py:537} INFO - Filling up the DagBag from /home/airflow/.local/lib/python3.7/site-packages/airflow/example_dags/example_trigger_target_dag.py
[2023-08-26T17:26:55.847+0000] {processor.py:766} INFO - DAG(s) dict_keys(['example_trigger_target_dag']) retrieved from /home/airflow/.local/lib/python3.7/site-packages/airflow/example_dags/example_trigger_target_dag.py
[2023-08-26T17:26:55.872+0000] {logging_mixin.py:120} INFO - [2023-08-26T17:26:55.872+0000] {dag.py:2585} INFO - Sync 1 DAGs
[2023-08-26T17:26:55.885+0000] {logging_mixin.py:120} INFO - [2023-08-26T17:26:55.885+0000] {dag.py:3340} INFO - Setting next_dagrun for example_trigger_target_dag to None, run_after=None
[2023-08-26T17:26:55.896+0000] {processor.py:176} INFO - Processing /home/airflow/.local/lib/python3.7/site-packages/airflow/example_dags/example_trigger_target_dag.py took 0.065 seconds
[2023-08-26T17:27:26.855+0000] {processor.py:154} INFO - Started process (PID=2936) to work on /home/airflow/.local/lib/python3.7/site-packages/airflow/example_dags/example_trigger_target_dag.py
[2023-08-26T17:27:26.856+0000] {processor.py:756} INFO - Processing file /home/airflow/.local/lib/python3.7/site-packages/airflow/example_dags/example_trigger_target_dag.py for tasks to queue
[2023-08-26T17:27:26.857+0000] {logging_mixin.py:120} INFO - [2023-08-26T17:27:26.857+0000] {dagbag.py:537} INFO - Filling up the DagBag from /home/airflow/.local/lib/python3.7/site-packages/airflow/example_dags/example_trigger_target_dag.py
[2023-08-26T17:27:26.872+0000] {processor.py:766} INFO - DAG(s) dict_keys(['example_trigger_target_dag']) retrieved from /home/airflow/.local/lib/python3.7/site-packages/airflow/example_dags/example_trigger_target_dag.py
[2023-08-26T17:27:26.905+0000] {logging_mixin.py:120} INFO - [2023-08-26T17:27:26.905+0000] {dag.py:2585} INFO - Sync 1 DAGs
[2023-08-26T17:27:26.921+0000] {logging_mixin.py:120} INFO - [2023-08-26T17:27:26.921+0000] {dag.py:3340} INFO - Setting next_dagrun for example_trigger_target_dag to None, run_after=None
[2023-08-26T17:27:26.933+0000] {processor.py:176} INFO - Processing /home/airflow/.local/lib/python3.7/site-packages/airflow/example_dags/example_trigger_target_dag.py took 0.083 seconds
[2023-08-26T17:27:56.992+0000] {processor.py:154} INFO - Started process (PID=2998) to work on /home/airflow/.local/lib/python3.7/site-packages/airflow/example_dags/example_trigger_target_dag.py
[2023-08-26T17:27:56.993+0000] {processor.py:756} INFO - Processing file /home/airflow/.local/lib/python3.7/site-packages/airflow/example_dags/example_trigger_target_dag.py for tasks to queue
[2023-08-26T17:27:56.994+0000] {logging_mixin.py:120} INFO - [2023-08-26T17:27:56.994+0000] {dagbag.py:537} INFO - Filling up the DagBag from /home/airflow/.local/lib/python3.7/site-packages/airflow/example_dags/example_trigger_target_dag.py
[2023-08-26T17:27:57.008+0000] {processor.py:766} INFO - DAG(s) dict_keys(['example_trigger_target_dag']) retrieved from /home/airflow/.local/lib/python3.7/site-packages/airflow/example_dags/example_trigger_target_dag.py
[2023-08-26T17:27:57.034+0000] {logging_mixin.py:120} INFO - [2023-08-26T17:27:57.034+0000] {dag.py:2585} INFO - Sync 1 DAGs
[2023-08-26T17:27:57.048+0000] {logging_mixin.py:120} INFO - [2023-08-26T17:27:57.047+0000] {dag.py:3340} INFO - Setting next_dagrun for example_trigger_target_dag to None, run_after=None
[2023-08-26T17:27:57.058+0000] {processor.py:176} INFO - Processing /home/airflow/.local/lib/python3.7/site-packages/airflow/example_dags/example_trigger_target_dag.py took 0.068 seconds
[2023-08-26T17:28:27.110+0000] {processor.py:154} INFO - Started process (PID=3061) to work on /home/airflow/.local/lib/python3.7/site-packages/airflow/example_dags/example_trigger_target_dag.py
[2023-08-26T17:28:27.111+0000] {processor.py:756} INFO - Processing file /home/airflow/.local/lib/python3.7/site-packages/airflow/example_dags/example_trigger_target_dag.py for tasks to queue
[2023-08-26T17:28:27.111+0000] {logging_mixin.py:120} INFO - [2023-08-26T17:28:27.111+0000] {dagbag.py:537} INFO - Filling up the DagBag from /home/airflow/.local/lib/python3.7/site-packages/airflow/example_dags/example_trigger_target_dag.py
[2023-08-26T17:28:27.123+0000] {processor.py:766} INFO - DAG(s) dict_keys(['example_trigger_target_dag']) retrieved from /home/airflow/.local/lib/python3.7/site-packages/airflow/example_dags/example_trigger_target_dag.py
[2023-08-26T17:28:27.148+0000] {logging_mixin.py:120} INFO - [2023-08-26T17:28:27.148+0000] {dag.py:2585} INFO - Sync 1 DAGs
[2023-08-26T17:28:27.164+0000] {logging_mixin.py:120} INFO - [2023-08-26T17:28:27.164+0000] {dag.py:3340} INFO - Setting next_dagrun for example_trigger_target_dag to None, run_after=None
[2023-08-26T17:28:27.175+0000] {processor.py:176} INFO - Processing /home/airflow/.local/lib/python3.7/site-packages/airflow/example_dags/example_trigger_target_dag.py took 0.067 seconds
[2023-08-26T17:28:58.279+0000] {processor.py:154} INFO - Started process (PID=3123) to work on /home/airflow/.local/lib/python3.7/site-packages/airflow/example_dags/example_trigger_target_dag.py
[2023-08-26T17:28:58.280+0000] {processor.py:756} INFO - Processing file /home/airflow/.local/lib/python3.7/site-packages/airflow/example_dags/example_trigger_target_dag.py for tasks to queue
[2023-08-26T17:28:58.281+0000] {logging_mixin.py:120} INFO - [2023-08-26T17:28:58.281+0000] {dagbag.py:537} INFO - Filling up the DagBag from /home/airflow/.local/lib/python3.7/site-packages/airflow/example_dags/example_trigger_target_dag.py
[2023-08-26T17:28:58.294+0000] {processor.py:766} INFO - DAG(s) dict_keys(['example_trigger_target_dag']) retrieved from /home/airflow/.local/lib/python3.7/site-packages/airflow/example_dags/example_trigger_target_dag.py
[2023-08-26T17:28:58.321+0000] {logging_mixin.py:120} INFO - [2023-08-26T17:28:58.321+0000] {dag.py:2585} INFO - Sync 1 DAGs
[2023-08-26T17:28:58.335+0000] {logging_mixin.py:120} INFO - [2023-08-26T17:28:58.335+0000] {dag.py:3340} INFO - Setting next_dagrun for example_trigger_target_dag to None, run_after=None
[2023-08-26T17:28:58.345+0000] {processor.py:176} INFO - Processing /home/airflow/.local/lib/python3.7/site-packages/airflow/example_dags/example_trigger_target_dag.py took 0.068 seconds
[2023-08-26T17:29:28.560+0000] {processor.py:154} INFO - Started process (PID=3186) to work on /home/airflow/.local/lib/python3.7/site-packages/airflow/example_dags/example_trigger_target_dag.py
[2023-08-26T17:29:28.561+0000] {processor.py:756} INFO - Processing file /home/airflow/.local/lib/python3.7/site-packages/airflow/example_dags/example_trigger_target_dag.py for tasks to queue
[2023-08-26T17:29:28.561+0000] {logging_mixin.py:120} INFO - [2023-08-26T17:29:28.561+0000] {dagbag.py:537} INFO - Filling up the DagBag from /home/airflow/.local/lib/python3.7/site-packages/airflow/example_dags/example_trigger_target_dag.py
[2023-08-26T17:29:28.576+0000] {processor.py:766} INFO - DAG(s) dict_keys(['example_trigger_target_dag']) retrieved from /home/airflow/.local/lib/python3.7/site-packages/airflow/example_dags/example_trigger_target_dag.py
[2023-08-26T17:29:28.604+0000] {logging_mixin.py:120} INFO - [2023-08-26T17:29:28.603+0000] {dag.py:2585} INFO - Sync 1 DAGs
[2023-08-26T17:29:28.617+0000] {logging_mixin.py:120} INFO - [2023-08-26T17:29:28.617+0000] {dag.py:3340} INFO - Setting next_dagrun for example_trigger_target_dag to None, run_after=None
[2023-08-26T17:29:28.628+0000] {processor.py:176} INFO - Processing /home/airflow/.local/lib/python3.7/site-packages/airflow/example_dags/example_trigger_target_dag.py took 0.071 seconds
[2023-08-26T17:29:58.843+0000] {processor.py:154} INFO - Started process (PID=3248) to work on /home/airflow/.local/lib/python3.7/site-packages/airflow/example_dags/example_trigger_target_dag.py
[2023-08-26T17:29:58.843+0000] {processor.py:756} INFO - Processing file /home/airflow/.local/lib/python3.7/site-packages/airflow/example_dags/example_trigger_target_dag.py for tasks to queue
[2023-08-26T17:29:58.844+0000] {logging_mixin.py:120} INFO - [2023-08-26T17:29:58.844+0000] {dagbag.py:537} INFO - Filling up the DagBag from /home/airflow/.local/lib/python3.7/site-packages/airflow/example_dags/example_trigger_target_dag.py
[2023-08-26T17:29:58.858+0000] {processor.py:766} INFO - DAG(s) dict_keys(['example_trigger_target_dag']) retrieved from /home/airflow/.local/lib/python3.7/site-packages/airflow/example_dags/example_trigger_target_dag.py
[2023-08-26T17:29:58.886+0000] {logging_mixin.py:120} INFO - [2023-08-26T17:29:58.886+0000] {dag.py:2585} INFO - Sync 1 DAGs
[2023-08-26T17:29:58.901+0000] {logging_mixin.py:120} INFO - [2023-08-26T17:29:58.901+0000] {dag.py:3340} INFO - Setting next_dagrun for example_trigger_target_dag to None, run_after=None
[2023-08-26T17:29:58.914+0000] {processor.py:176} INFO - Processing /home/airflow/.local/lib/python3.7/site-packages/airflow/example_dags/example_trigger_target_dag.py took 0.074 seconds
[2023-08-26T17:30:28.998+0000] {processor.py:154} INFO - Started process (PID=3303) to work on /home/airflow/.local/lib/python3.7/site-packages/airflow/example_dags/example_trigger_target_dag.py
[2023-08-26T17:30:28.999+0000] {processor.py:756} INFO - Processing file /home/airflow/.local/lib/python3.7/site-packages/airflow/example_dags/example_trigger_target_dag.py for tasks to queue
[2023-08-26T17:30:28.999+0000] {logging_mixin.py:120} INFO - [2023-08-26T17:30:28.999+0000] {dagbag.py:537} INFO - Filling up the DagBag from /home/airflow/.local/lib/python3.7/site-packages/airflow/example_dags/example_trigger_target_dag.py
[2023-08-26T17:30:29.013+0000] {processor.py:766} INFO - DAG(s) dict_keys(['example_trigger_target_dag']) retrieved from /home/airflow/.local/lib/python3.7/site-packages/airflow/example_dags/example_trigger_target_dag.py
[2023-08-26T17:30:29.039+0000] {logging_mixin.py:120} INFO - [2023-08-26T17:30:29.039+0000] {dag.py:2585} INFO - Sync 1 DAGs
[2023-08-26T17:30:29.054+0000] {logging_mixin.py:120} INFO - [2023-08-26T17:30:29.054+0000] {dag.py:3340} INFO - Setting next_dagrun for example_trigger_target_dag to None, run_after=None
[2023-08-26T17:30:29.065+0000] {processor.py:176} INFO - Processing /home/airflow/.local/lib/python3.7/site-packages/airflow/example_dags/example_trigger_target_dag.py took 0.069 seconds
[2023-08-26T17:30:59.181+0000] {processor.py:154} INFO - Started process (PID=3366) to work on /home/airflow/.local/lib/python3.7/site-packages/airflow/example_dags/example_trigger_target_dag.py
[2023-08-26T17:30:59.182+0000] {processor.py:756} INFO - Processing file /home/airflow/.local/lib/python3.7/site-packages/airflow/example_dags/example_trigger_target_dag.py for tasks to queue
[2023-08-26T17:30:59.183+0000] {logging_mixin.py:120} INFO - [2023-08-26T17:30:59.182+0000] {dagbag.py:537} INFO - Filling up the DagBag from /home/airflow/.local/lib/python3.7/site-packages/airflow/example_dags/example_trigger_target_dag.py
[2023-08-26T17:30:59.195+0000] {processor.py:766} INFO - DAG(s) dict_keys(['example_trigger_target_dag']) retrieved from /home/airflow/.local/lib/python3.7/site-packages/airflow/example_dags/example_trigger_target_dag.py
[2023-08-26T17:30:59.221+0000] {logging_mixin.py:120} INFO - [2023-08-26T17:30:59.221+0000] {dag.py:2585} INFO - Sync 1 DAGs
[2023-08-26T17:30:59.235+0000] {logging_mixin.py:120} INFO - [2023-08-26T17:30:59.235+0000] {dag.py:3340} INFO - Setting next_dagrun for example_trigger_target_dag to None, run_after=None
[2023-08-26T17:30:59.247+0000] {processor.py:176} INFO - Processing /home/airflow/.local/lib/python3.7/site-packages/airflow/example_dags/example_trigger_target_dag.py took 0.068 seconds
[2023-08-26T17:31:29.453+0000] {processor.py:154} INFO - Started process (PID=3429) to work on /home/airflow/.local/lib/python3.7/site-packages/airflow/example_dags/example_trigger_target_dag.py
[2023-08-26T17:31:29.453+0000] {processor.py:756} INFO - Processing file /home/airflow/.local/lib/python3.7/site-packages/airflow/example_dags/example_trigger_target_dag.py for tasks to queue
[2023-08-26T17:31:29.454+0000] {logging_mixin.py:120} INFO - [2023-08-26T17:31:29.454+0000] {dagbag.py:537} INFO - Filling up the DagBag from /home/airflow/.local/lib/python3.7/site-packages/airflow/example_dags/example_trigger_target_dag.py
[2023-08-26T17:31:29.468+0000] {processor.py:766} INFO - DAG(s) dict_keys(['example_trigger_target_dag']) retrieved from /home/airflow/.local/lib/python3.7/site-packages/airflow/example_dags/example_trigger_target_dag.py
[2023-08-26T17:31:29.496+0000] {logging_mixin.py:120} INFO - [2023-08-26T17:31:29.496+0000] {dag.py:2585} INFO - Sync 1 DAGs
[2023-08-26T17:31:29.510+0000] {logging_mixin.py:120} INFO - [2023-08-26T17:31:29.509+0000] {dag.py:3340} INFO - Setting next_dagrun for example_trigger_target_dag to None, run_after=None
[2023-08-26T17:31:29.520+0000] {processor.py:176} INFO - Processing /home/airflow/.local/lib/python3.7/site-packages/airflow/example_dags/example_trigger_target_dag.py took 0.070 seconds
