[2023-08-26T17:03:31.098+0000] {processor.py:154} INFO - Started process (PID=37) to work on /home/airflow/.local/lib/python3.7/site-packages/airflow/example_dags/example_subdag_operator.py
[2023-08-26T17:03:31.099+0000] {processor.py:756} INFO - Processing file /home/airflow/.local/lib/python3.7/site-packages/airflow/example_dags/example_subdag_operator.py for tasks to queue
[2023-08-26T17:03:31.099+0000] {logging_mixin.py:120} INFO - [2023-08-26T17:03:31.099+0000] {dagbag.py:537} INFO - Filling up the DagBag from /home/airflow/.local/lib/python3.7/site-packages/airflow/example_dags/example_subdag_operator.py
[2023-08-26T17:03:31.124+0000] {processor.py:766} INFO - DAG(s) dict_keys(['example_subdag_operator.section-1', 'example_subdag_operator.section-2', 'example_subdag_operator']) retrieved from /home/airflow/.local/lib/python3.7/site-packages/airflow/example_dags/example_subdag_operator.py
[2023-08-26T17:03:31.283+0000] {logging_mixin.py:120} INFO - [2023-08-26T17:03:31.283+0000] {manager.py:507} INFO - Created Permission View: can edit on DAG:example_subdag_operator
[2023-08-26T17:03:31.289+0000] {logging_mixin.py:120} INFO - [2023-08-26T17:03:31.289+0000] {manager.py:507} INFO - Created Permission View: can read on DAG:example_subdag_operator
[2023-08-26T17:03:31.293+0000] {logging_mixin.py:120} INFO - [2023-08-26T17:03:31.293+0000] {manager.py:507} INFO - Created Permission View: can delete on DAG:example_subdag_operator
[2023-08-26T17:03:31.294+0000] {logging_mixin.py:120} INFO - [2023-08-26T17:03:31.294+0000] {dag.py:2585} INFO - Sync 3 DAGs
[2023-08-26T17:03:31.303+0000] {logging_mixin.py:120} INFO - [2023-08-26T17:03:31.303+0000] {dag.py:2606} INFO - Creating ORM DAG for example_subdag_operator.section-1
[2023-08-26T17:03:31.303+0000] {logging_mixin.py:120} INFO - [2023-08-26T17:03:31.303+0000] {dag.py:2606} INFO - Creating ORM DAG for example_subdag_operator.section-2
[2023-08-26T17:03:31.304+0000] {logging_mixin.py:120} INFO - [2023-08-26T17:03:31.304+0000] {dag.py:2606} INFO - Creating ORM DAG for example_subdag_operator
[2023-08-26T17:03:31.312+0000] {logging_mixin.py:120} INFO - [2023-08-26T17:03:31.312+0000] {dag.py:3340} INFO - Setting next_dagrun for example_subdag_operator to 2022-01-01T00:00:00+00:00, run_after=2022-01-01T00:00:00+00:00
[2023-08-26T17:03:31.313+0000] {logging_mixin.py:120} INFO - [2023-08-26T17:03:31.313+0000] {dag.py:3340} INFO - Setting next_dagrun for example_subdag_operator.section-1 to None, run_after=None
[2023-08-26T17:03:31.313+0000] {logging_mixin.py:120} INFO - [2023-08-26T17:03:31.313+0000] {dag.py:3340} INFO - Setting next_dagrun for example_subdag_operator.section-2 to None, run_after=None
[2023-08-26T17:03:31.324+0000] {logging_mixin.py:120} INFO - [2023-08-26T17:03:31.324+0000] {dag.py:2585} INFO - Sync 2 DAGs
[2023-08-26T17:03:31.329+0000] {logging_mixin.py:120} INFO - [2023-08-26T17:03:31.329+0000] {dag.py:3340} INFO - Setting next_dagrun for example_subdag_operator.section-1 to None, run_after=None
[2023-08-26T17:03:31.333+0000] {logging_mixin.py:120} INFO - [2023-08-26T17:03:31.333+0000] {dag.py:3340} INFO - Setting next_dagrun for example_subdag_operator.section-2 to None, run_after=None
[2023-08-26T17:03:31.344+0000] {processor.py:176} INFO - Processing /home/airflow/.local/lib/python3.7/site-packages/airflow/example_dags/example_subdag_operator.py took 0.249 seconds
[2023-08-26T17:04:01.483+0000] {processor.py:154} INFO - Started process (PID=99) to work on /home/airflow/.local/lib/python3.7/site-packages/airflow/example_dags/example_subdag_operator.py
[2023-08-26T17:04:01.483+0000] {processor.py:756} INFO - Processing file /home/airflow/.local/lib/python3.7/site-packages/airflow/example_dags/example_subdag_operator.py for tasks to queue
[2023-08-26T17:04:01.484+0000] {logging_mixin.py:120} INFO - [2023-08-26T17:04:01.484+0000] {dagbag.py:537} INFO - Filling up the DagBag from /home/airflow/.local/lib/python3.7/site-packages/airflow/example_dags/example_subdag_operator.py
[2023-08-26T17:04:01.506+0000] {processor.py:766} INFO - DAG(s) dict_keys(['example_subdag_operator.section-1', 'example_subdag_operator.section-2', 'example_subdag_operator']) retrieved from /home/airflow/.local/lib/python3.7/site-packages/airflow/example_dags/example_subdag_operator.py
[2023-08-26T17:04:01.612+0000] {logging_mixin.py:120} INFO - [2023-08-26T17:04:01.612+0000] {dag.py:2585} INFO - Sync 3 DAGs
[2023-08-26T17:04:01.625+0000] {logging_mixin.py:120} INFO - [2023-08-26T17:04:01.625+0000] {dag.py:3340} INFO - Setting next_dagrun for example_subdag_operator to 2022-01-01T00:00:00+00:00, run_after=2022-01-01T00:00:00+00:00
[2023-08-26T17:04:01.627+0000] {logging_mixin.py:120} INFO - [2023-08-26T17:04:01.627+0000] {dag.py:3340} INFO - Setting next_dagrun for example_subdag_operator.section-1 to None, run_after=None
[2023-08-26T17:04:01.628+0000] {logging_mixin.py:120} INFO - [2023-08-26T17:04:01.628+0000] {dag.py:3340} INFO - Setting next_dagrun for example_subdag_operator.section-2 to None, run_after=None
[2023-08-26T17:04:01.632+0000] {logging_mixin.py:120} INFO - [2023-08-26T17:04:01.632+0000] {dag.py:2585} INFO - Sync 2 DAGs
[2023-08-26T17:04:01.635+0000] {logging_mixin.py:120} INFO - [2023-08-26T17:04:01.635+0000] {dag.py:3340} INFO - Setting next_dagrun for example_subdag_operator.section-1 to None, run_after=None
[2023-08-26T17:04:01.635+0000] {logging_mixin.py:120} INFO - [2023-08-26T17:04:01.635+0000] {dag.py:3340} INFO - Setting next_dagrun for example_subdag_operator.section-2 to None, run_after=None
[2023-08-26T17:04:01.641+0000] {processor.py:176} INFO - Processing /home/airflow/.local/lib/python3.7/site-packages/airflow/example_dags/example_subdag_operator.py took 0.160 seconds
[2023-08-26T17:04:32.360+0000] {processor.py:154} INFO - Started process (PID=163) to work on /home/airflow/.local/lib/python3.7/site-packages/airflow/example_dags/example_subdag_operator.py
[2023-08-26T17:04:32.361+0000] {processor.py:756} INFO - Processing file /home/airflow/.local/lib/python3.7/site-packages/airflow/example_dags/example_subdag_operator.py for tasks to queue
[2023-08-26T17:04:32.362+0000] {logging_mixin.py:120} INFO - [2023-08-26T17:04:32.362+0000] {dagbag.py:537} INFO - Filling up the DagBag from /home/airflow/.local/lib/python3.7/site-packages/airflow/example_dags/example_subdag_operator.py
[2023-08-26T17:04:32.391+0000] {processor.py:766} INFO - DAG(s) dict_keys(['example_subdag_operator.section-1', 'example_subdag_operator.section-2', 'example_subdag_operator']) retrieved from /home/airflow/.local/lib/python3.7/site-packages/airflow/example_dags/example_subdag_operator.py
[2023-08-26T17:04:32.481+0000] {logging_mixin.py:120} INFO - [2023-08-26T17:04:32.481+0000] {dag.py:2585} INFO - Sync 3 DAGs
[2023-08-26T17:04:32.495+0000] {logging_mixin.py:120} INFO - [2023-08-26T17:04:32.495+0000] {dag.py:3340} INFO - Setting next_dagrun for example_subdag_operator to 2022-01-01T00:00:00+00:00, run_after=2022-01-01T00:00:00+00:00
[2023-08-26T17:04:32.497+0000] {logging_mixin.py:120} INFO - [2023-08-26T17:04:32.497+0000] {dag.py:3340} INFO - Setting next_dagrun for example_subdag_operator.section-1 to None, run_after=None
[2023-08-26T17:04:32.497+0000] {logging_mixin.py:120} INFO - [2023-08-26T17:04:32.497+0000] {dag.py:3340} INFO - Setting next_dagrun for example_subdag_operator.section-2 to None, run_after=None
[2023-08-26T17:04:32.501+0000] {logging_mixin.py:120} INFO - [2023-08-26T17:04:32.501+0000] {dag.py:2585} INFO - Sync 2 DAGs
[2023-08-26T17:04:32.504+0000] {logging_mixin.py:120} INFO - [2023-08-26T17:04:32.504+0000] {dag.py:3340} INFO - Setting next_dagrun for example_subdag_operator.section-1 to None, run_after=None
[2023-08-26T17:04:32.504+0000] {logging_mixin.py:120} INFO - [2023-08-26T17:04:32.504+0000] {dag.py:3340} INFO - Setting next_dagrun for example_subdag_operator.section-2 to None, run_after=None
[2023-08-26T17:04:32.510+0000] {processor.py:176} INFO - Processing /home/airflow/.local/lib/python3.7/site-packages/airflow/example_dags/example_subdag_operator.py took 0.154 seconds
[2023-08-26T17:05:03.264+0000] {processor.py:154} INFO - Started process (PID=226) to work on /home/airflow/.local/lib/python3.7/site-packages/airflow/example_dags/example_subdag_operator.py
[2023-08-26T17:05:03.265+0000] {processor.py:756} INFO - Processing file /home/airflow/.local/lib/python3.7/site-packages/airflow/example_dags/example_subdag_operator.py for tasks to queue
[2023-08-26T17:05:03.265+0000] {logging_mixin.py:120} INFO - [2023-08-26T17:05:03.265+0000] {dagbag.py:537} INFO - Filling up the DagBag from /home/airflow/.local/lib/python3.7/site-packages/airflow/example_dags/example_subdag_operator.py
[2023-08-26T17:05:03.287+0000] {processor.py:766} INFO - DAG(s) dict_keys(['example_subdag_operator.section-1', 'example_subdag_operator.section-2', 'example_subdag_operator']) retrieved from /home/airflow/.local/lib/python3.7/site-packages/airflow/example_dags/example_subdag_operator.py
[2023-08-26T17:05:03.383+0000] {logging_mixin.py:120} INFO - [2023-08-26T17:05:03.383+0000] {dag.py:2585} INFO - Sync 3 DAGs
[2023-08-26T17:05:03.397+0000] {logging_mixin.py:120} INFO - [2023-08-26T17:05:03.397+0000] {dag.py:3340} INFO - Setting next_dagrun for example_subdag_operator to 2022-01-01T00:00:00+00:00, run_after=2022-01-01T00:00:00+00:00
[2023-08-26T17:05:03.399+0000] {logging_mixin.py:120} INFO - [2023-08-26T17:05:03.398+0000] {dag.py:3340} INFO - Setting next_dagrun for example_subdag_operator.section-1 to None, run_after=None
[2023-08-26T17:05:03.399+0000] {logging_mixin.py:120} INFO - [2023-08-26T17:05:03.399+0000] {dag.py:3340} INFO - Setting next_dagrun for example_subdag_operator.section-2 to None, run_after=None
[2023-08-26T17:05:03.403+0000] {logging_mixin.py:120} INFO - [2023-08-26T17:05:03.403+0000] {dag.py:2585} INFO - Sync 2 DAGs
[2023-08-26T17:05:03.406+0000] {logging_mixin.py:120} INFO - [2023-08-26T17:05:03.406+0000] {dag.py:3340} INFO - Setting next_dagrun for example_subdag_operator.section-1 to None, run_after=None
[2023-08-26T17:05:03.406+0000] {logging_mixin.py:120} INFO - [2023-08-26T17:05:03.406+0000] {dag.py:3340} INFO - Setting next_dagrun for example_subdag_operator.section-2 to None, run_after=None
[2023-08-26T17:05:03.412+0000] {processor.py:176} INFO - Processing /home/airflow/.local/lib/python3.7/site-packages/airflow/example_dags/example_subdag_operator.py took 0.151 seconds
[2023-08-26T17:05:34.164+0000] {processor.py:154} INFO - Started process (PID=288) to work on /home/airflow/.local/lib/python3.7/site-packages/airflow/example_dags/example_subdag_operator.py
[2023-08-26T17:05:34.165+0000] {processor.py:756} INFO - Processing file /home/airflow/.local/lib/python3.7/site-packages/airflow/example_dags/example_subdag_operator.py for tasks to queue
[2023-08-26T17:05:34.166+0000] {logging_mixin.py:120} INFO - [2023-08-26T17:05:34.166+0000] {dagbag.py:537} INFO - Filling up the DagBag from /home/airflow/.local/lib/python3.7/site-packages/airflow/example_dags/example_subdag_operator.py
[2023-08-26T17:05:34.189+0000] {processor.py:766} INFO - DAG(s) dict_keys(['example_subdag_operator.section-1', 'example_subdag_operator.section-2', 'example_subdag_operator']) retrieved from /home/airflow/.local/lib/python3.7/site-packages/airflow/example_dags/example_subdag_operator.py
[2023-08-26T17:05:34.293+0000] {logging_mixin.py:120} INFO - [2023-08-26T17:05:34.292+0000] {dag.py:2585} INFO - Sync 3 DAGs
[2023-08-26T17:05:34.307+0000] {logging_mixin.py:120} INFO - [2023-08-26T17:05:34.307+0000] {dag.py:3340} INFO - Setting next_dagrun for example_subdag_operator to 2022-01-01T00:00:00+00:00, run_after=2022-01-01T00:00:00+00:00
[2023-08-26T17:05:34.309+0000] {logging_mixin.py:120} INFO - [2023-08-26T17:05:34.309+0000] {dag.py:3340} INFO - Setting next_dagrun for example_subdag_operator.section-1 to None, run_after=None
[2023-08-26T17:05:34.311+0000] {logging_mixin.py:120} INFO - [2023-08-26T17:05:34.311+0000] {dag.py:3340} INFO - Setting next_dagrun for example_subdag_operator.section-2 to None, run_after=None
[2023-08-26T17:05:34.315+0000] {logging_mixin.py:120} INFO - [2023-08-26T17:05:34.315+0000] {dag.py:2585} INFO - Sync 2 DAGs
[2023-08-26T17:05:34.318+0000] {logging_mixin.py:120} INFO - [2023-08-26T17:05:34.318+0000] {dag.py:3340} INFO - Setting next_dagrun for example_subdag_operator.section-1 to None, run_after=None
[2023-08-26T17:05:34.319+0000] {logging_mixin.py:120} INFO - [2023-08-26T17:05:34.319+0000] {dag.py:3340} INFO - Setting next_dagrun for example_subdag_operator.section-2 to None, run_after=None
[2023-08-26T17:05:34.326+0000] {processor.py:176} INFO - Processing /home/airflow/.local/lib/python3.7/site-packages/airflow/example_dags/example_subdag_operator.py took 0.164 seconds
[2023-08-26T17:06:04.366+0000] {processor.py:154} INFO - Started process (PID=344) to work on /home/airflow/.local/lib/python3.7/site-packages/airflow/example_dags/example_subdag_operator.py
[2023-08-26T17:06:04.367+0000] {processor.py:756} INFO - Processing file /home/airflow/.local/lib/python3.7/site-packages/airflow/example_dags/example_subdag_operator.py for tasks to queue
[2023-08-26T17:06:04.367+0000] {logging_mixin.py:120} INFO - [2023-08-26T17:06:04.367+0000] {dagbag.py:537} INFO - Filling up the DagBag from /home/airflow/.local/lib/python3.7/site-packages/airflow/example_dags/example_subdag_operator.py
[2023-08-26T17:06:04.388+0000] {processor.py:766} INFO - DAG(s) dict_keys(['example_subdag_operator.section-1', 'example_subdag_operator.section-2', 'example_subdag_operator']) retrieved from /home/airflow/.local/lib/python3.7/site-packages/airflow/example_dags/example_subdag_operator.py
[2023-08-26T17:06:04.480+0000] {logging_mixin.py:120} INFO - [2023-08-26T17:06:04.480+0000] {dag.py:2585} INFO - Sync 3 DAGs
[2023-08-26T17:06:04.493+0000] {logging_mixin.py:120} INFO - [2023-08-26T17:06:04.493+0000] {dag.py:3340} INFO - Setting next_dagrun for example_subdag_operator to 2022-01-01T00:00:00+00:00, run_after=2022-01-01T00:00:00+00:00
[2023-08-26T17:06:04.495+0000] {logging_mixin.py:120} INFO - [2023-08-26T17:06:04.495+0000] {dag.py:3340} INFO - Setting next_dagrun for example_subdag_operator.section-1 to None, run_after=None
[2023-08-26T17:06:04.495+0000] {logging_mixin.py:120} INFO - [2023-08-26T17:06:04.495+0000] {dag.py:3340} INFO - Setting next_dagrun for example_subdag_operator.section-2 to None, run_after=None
[2023-08-26T17:06:04.499+0000] {logging_mixin.py:120} INFO - [2023-08-26T17:06:04.499+0000] {dag.py:2585} INFO - Sync 2 DAGs
[2023-08-26T17:06:04.502+0000] {logging_mixin.py:120} INFO - [2023-08-26T17:06:04.502+0000] {dag.py:3340} INFO - Setting next_dagrun for example_subdag_operator.section-1 to None, run_after=None
[2023-08-26T17:06:04.503+0000] {logging_mixin.py:120} INFO - [2023-08-26T17:06:04.503+0000] {dag.py:3340} INFO - Setting next_dagrun for example_subdag_operator.section-2 to None, run_after=None
[2023-08-26T17:06:04.508+0000] {processor.py:176} INFO - Processing /home/airflow/.local/lib/python3.7/site-packages/airflow/example_dags/example_subdag_operator.py took 0.144 seconds
[2023-08-26T17:06:35.470+0000] {processor.py:154} INFO - Started process (PID=407) to work on /home/airflow/.local/lib/python3.7/site-packages/airflow/example_dags/example_subdag_operator.py
[2023-08-26T17:06:35.470+0000] {processor.py:756} INFO - Processing file /home/airflow/.local/lib/python3.7/site-packages/airflow/example_dags/example_subdag_operator.py for tasks to queue
[2023-08-26T17:06:35.471+0000] {logging_mixin.py:120} INFO - [2023-08-26T17:06:35.471+0000] {dagbag.py:537} INFO - Filling up the DagBag from /home/airflow/.local/lib/python3.7/site-packages/airflow/example_dags/example_subdag_operator.py
[2023-08-26T17:06:35.494+0000] {processor.py:766} INFO - DAG(s) dict_keys(['example_subdag_operator.section-1', 'example_subdag_operator.section-2', 'example_subdag_operator']) retrieved from /home/airflow/.local/lib/python3.7/site-packages/airflow/example_dags/example_subdag_operator.py
[2023-08-26T17:06:35.582+0000] {logging_mixin.py:120} INFO - [2023-08-26T17:06:35.582+0000] {dag.py:2585} INFO - Sync 3 DAGs
[2023-08-26T17:06:35.596+0000] {logging_mixin.py:120} INFO - [2023-08-26T17:06:35.596+0000] {dag.py:3340} INFO - Setting next_dagrun for example_subdag_operator to 2022-01-01T00:00:00+00:00, run_after=2022-01-01T00:00:00+00:00
[2023-08-26T17:06:35.598+0000] {logging_mixin.py:120} INFO - [2023-08-26T17:06:35.598+0000] {dag.py:3340} INFO - Setting next_dagrun for example_subdag_operator.section-1 to None, run_after=None
[2023-08-26T17:06:35.599+0000] {logging_mixin.py:120} INFO - [2023-08-26T17:06:35.599+0000] {dag.py:3340} INFO - Setting next_dagrun for example_subdag_operator.section-2 to None, run_after=None
[2023-08-26T17:06:35.603+0000] {logging_mixin.py:120} INFO - [2023-08-26T17:06:35.603+0000] {dag.py:2585} INFO - Sync 2 DAGs
[2023-08-26T17:06:35.607+0000] {logging_mixin.py:120} INFO - [2023-08-26T17:06:35.607+0000] {dag.py:3340} INFO - Setting next_dagrun for example_subdag_operator.section-1 to None, run_after=None
[2023-08-26T17:06:35.608+0000] {logging_mixin.py:120} INFO - [2023-08-26T17:06:35.608+0000] {dag.py:3340} INFO - Setting next_dagrun for example_subdag_operator.section-2 to None, run_after=None
[2023-08-26T17:06:35.614+0000] {processor.py:176} INFO - Processing /home/airflow/.local/lib/python3.7/site-packages/airflow/example_dags/example_subdag_operator.py took 0.147 seconds
[2023-08-26T17:07:06.383+0000] {processor.py:154} INFO - Started process (PID=469) to work on /home/airflow/.local/lib/python3.7/site-packages/airflow/example_dags/example_subdag_operator.py
[2023-08-26T17:07:06.384+0000] {processor.py:756} INFO - Processing file /home/airflow/.local/lib/python3.7/site-packages/airflow/example_dags/example_subdag_operator.py for tasks to queue
[2023-08-26T17:07:06.384+0000] {logging_mixin.py:120} INFO - [2023-08-26T17:07:06.384+0000] {dagbag.py:537} INFO - Filling up the DagBag from /home/airflow/.local/lib/python3.7/site-packages/airflow/example_dags/example_subdag_operator.py
[2023-08-26T17:07:06.406+0000] {processor.py:766} INFO - DAG(s) dict_keys(['example_subdag_operator.section-1', 'example_subdag_operator.section-2', 'example_subdag_operator']) retrieved from /home/airflow/.local/lib/python3.7/site-packages/airflow/example_dags/example_subdag_operator.py
[2023-08-26T17:07:06.508+0000] {logging_mixin.py:120} INFO - [2023-08-26T17:07:06.508+0000] {dag.py:2585} INFO - Sync 3 DAGs
[2023-08-26T17:07:06.525+0000] {logging_mixin.py:120} INFO - [2023-08-26T17:07:06.525+0000] {dag.py:3340} INFO - Setting next_dagrun for example_subdag_operator to 2022-01-01T00:00:00+00:00, run_after=2022-01-01T00:00:00+00:00
[2023-08-26T17:07:06.527+0000] {logging_mixin.py:120} INFO - [2023-08-26T17:07:06.527+0000] {dag.py:3340} INFO - Setting next_dagrun for example_subdag_operator.section-1 to None, run_after=None
[2023-08-26T17:07:06.528+0000] {logging_mixin.py:120} INFO - [2023-08-26T17:07:06.528+0000] {dag.py:3340} INFO - Setting next_dagrun for example_subdag_operator.section-2 to None, run_after=None
[2023-08-26T17:07:06.533+0000] {logging_mixin.py:120} INFO - [2023-08-26T17:07:06.533+0000] {dag.py:2585} INFO - Sync 2 DAGs
[2023-08-26T17:07:06.537+0000] {logging_mixin.py:120} INFO - [2023-08-26T17:07:06.537+0000] {dag.py:3340} INFO - Setting next_dagrun for example_subdag_operator.section-1 to None, run_after=None
[2023-08-26T17:07:06.537+0000] {logging_mixin.py:120} INFO - [2023-08-26T17:07:06.537+0000] {dag.py:3340} INFO - Setting next_dagrun for example_subdag_operator.section-2 to None, run_after=None
[2023-08-26T17:07:06.545+0000] {processor.py:176} INFO - Processing /home/airflow/.local/lib/python3.7/site-packages/airflow/example_dags/example_subdag_operator.py took 0.164 seconds
[2023-08-26T17:07:37.622+0000] {processor.py:154} INFO - Started process (PID=532) to work on /home/airflow/.local/lib/python3.7/site-packages/airflow/example_dags/example_subdag_operator.py
[2023-08-26T17:07:37.624+0000] {processor.py:756} INFO - Processing file /home/airflow/.local/lib/python3.7/site-packages/airflow/example_dags/example_subdag_operator.py for tasks to queue
[2023-08-26T17:07:37.625+0000] {logging_mixin.py:120} INFO - [2023-08-26T17:07:37.625+0000] {dagbag.py:537} INFO - Filling up the DagBag from /home/airflow/.local/lib/python3.7/site-packages/airflow/example_dags/example_subdag_operator.py
[2023-08-26T17:07:37.657+0000] {processor.py:766} INFO - DAG(s) dict_keys(['example_subdag_operator.section-1', 'example_subdag_operator.section-2', 'example_subdag_operator']) retrieved from /home/airflow/.local/lib/python3.7/site-packages/airflow/example_dags/example_subdag_operator.py
[2023-08-26T17:07:37.779+0000] {logging_mixin.py:120} INFO - [2023-08-26T17:07:37.778+0000] {dag.py:2585} INFO - Sync 3 DAGs
[2023-08-26T17:07:37.794+0000] {logging_mixin.py:120} INFO - [2023-08-26T17:07:37.794+0000] {dag.py:3340} INFO - Setting next_dagrun for example_subdag_operator to 2022-01-01T00:00:00+00:00, run_after=2022-01-01T00:00:00+00:00
[2023-08-26T17:07:37.797+0000] {logging_mixin.py:120} INFO - [2023-08-26T17:07:37.797+0000] {dag.py:3340} INFO - Setting next_dagrun for example_subdag_operator.section-1 to None, run_after=None
[2023-08-26T17:07:37.798+0000] {logging_mixin.py:120} INFO - [2023-08-26T17:07:37.798+0000] {dag.py:3340} INFO - Setting next_dagrun for example_subdag_operator.section-2 to None, run_after=None
[2023-08-26T17:07:37.804+0000] {logging_mixin.py:120} INFO - [2023-08-26T17:07:37.804+0000] {dag.py:2585} INFO - Sync 2 DAGs
[2023-08-26T17:07:37.810+0000] {logging_mixin.py:120} INFO - [2023-08-26T17:07:37.810+0000] {dag.py:3340} INFO - Setting next_dagrun for example_subdag_operator.section-1 to None, run_after=None
[2023-08-26T17:07:37.810+0000] {logging_mixin.py:120} INFO - [2023-08-26T17:07:37.810+0000] {dag.py:3340} INFO - Setting next_dagrun for example_subdag_operator.section-2 to None, run_after=None
[2023-08-26T17:07:37.820+0000] {processor.py:176} INFO - Processing /home/airflow/.local/lib/python3.7/site-packages/airflow/example_dags/example_subdag_operator.py took 0.202 seconds
[2023-08-26T17:08:08.676+0000] {processor.py:154} INFO - Started process (PID=595) to work on /home/airflow/.local/lib/python3.7/site-packages/airflow/example_dags/example_subdag_operator.py
[2023-08-26T17:08:08.678+0000] {processor.py:756} INFO - Processing file /home/airflow/.local/lib/python3.7/site-packages/airflow/example_dags/example_subdag_operator.py for tasks to queue
[2023-08-26T17:08:08.679+0000] {logging_mixin.py:120} INFO - [2023-08-26T17:08:08.678+0000] {dagbag.py:537} INFO - Filling up the DagBag from /home/airflow/.local/lib/python3.7/site-packages/airflow/example_dags/example_subdag_operator.py
[2023-08-26T17:08:08.711+0000] {processor.py:766} INFO - DAG(s) dict_keys(['example_subdag_operator.section-1', 'example_subdag_operator.section-2', 'example_subdag_operator']) retrieved from /home/airflow/.local/lib/python3.7/site-packages/airflow/example_dags/example_subdag_operator.py
[2023-08-26T17:08:08.810+0000] {logging_mixin.py:120} INFO - [2023-08-26T17:08:08.810+0000] {dag.py:2585} INFO - Sync 3 DAGs
[2023-08-26T17:08:08.824+0000] {logging_mixin.py:120} INFO - [2023-08-26T17:08:08.824+0000] {dag.py:3340} INFO - Setting next_dagrun for example_subdag_operator to 2022-01-01T00:00:00+00:00, run_after=2022-01-01T00:00:00+00:00
[2023-08-26T17:08:08.826+0000] {logging_mixin.py:120} INFO - [2023-08-26T17:08:08.826+0000] {dag.py:3340} INFO - Setting next_dagrun for example_subdag_operator.section-1 to None, run_after=None
[2023-08-26T17:08:08.827+0000] {logging_mixin.py:120} INFO - [2023-08-26T17:08:08.827+0000] {dag.py:3340} INFO - Setting next_dagrun for example_subdag_operator.section-2 to None, run_after=None
[2023-08-26T17:08:08.830+0000] {logging_mixin.py:120} INFO - [2023-08-26T17:08:08.830+0000] {dag.py:2585} INFO - Sync 2 DAGs
[2023-08-26T17:08:08.833+0000] {logging_mixin.py:120} INFO - [2023-08-26T17:08:08.833+0000] {dag.py:3340} INFO - Setting next_dagrun for example_subdag_operator.section-1 to None, run_after=None
[2023-08-26T17:08:08.834+0000] {logging_mixin.py:120} INFO - [2023-08-26T17:08:08.834+0000] {dag.py:3340} INFO - Setting next_dagrun for example_subdag_operator.section-2 to None, run_after=None
[2023-08-26T17:08:08.841+0000] {processor.py:176} INFO - Processing /home/airflow/.local/lib/python3.7/site-packages/airflow/example_dags/example_subdag_operator.py took 0.168 seconds
[2023-08-26T17:08:39.615+0000] {processor.py:154} INFO - Started process (PID=658) to work on /home/airflow/.local/lib/python3.7/site-packages/airflow/example_dags/example_subdag_operator.py
[2023-08-26T17:08:39.617+0000] {processor.py:756} INFO - Processing file /home/airflow/.local/lib/python3.7/site-packages/airflow/example_dags/example_subdag_operator.py for tasks to queue
[2023-08-26T17:08:39.618+0000] {logging_mixin.py:120} INFO - [2023-08-26T17:08:39.618+0000] {dagbag.py:537} INFO - Filling up the DagBag from /home/airflow/.local/lib/python3.7/site-packages/airflow/example_dags/example_subdag_operator.py
[2023-08-26T17:08:39.655+0000] {processor.py:766} INFO - DAG(s) dict_keys(['example_subdag_operator.section-1', 'example_subdag_operator.section-2', 'example_subdag_operator']) retrieved from /home/airflow/.local/lib/python3.7/site-packages/airflow/example_dags/example_subdag_operator.py
[2023-08-26T17:08:39.764+0000] {logging_mixin.py:120} INFO - [2023-08-26T17:08:39.764+0000] {dag.py:2585} INFO - Sync 3 DAGs
[2023-08-26T17:08:39.781+0000] {logging_mixin.py:120} INFO - [2023-08-26T17:08:39.781+0000] {dag.py:3340} INFO - Setting next_dagrun for example_subdag_operator to 2022-01-01T00:00:00+00:00, run_after=2022-01-01T00:00:00+00:00
[2023-08-26T17:08:39.785+0000] {logging_mixin.py:120} INFO - [2023-08-26T17:08:39.784+0000] {dag.py:3340} INFO - Setting next_dagrun for example_subdag_operator.section-1 to None, run_after=None
[2023-08-26T17:08:39.786+0000] {logging_mixin.py:120} INFO - [2023-08-26T17:08:39.786+0000] {dag.py:3340} INFO - Setting next_dagrun for example_subdag_operator.section-2 to None, run_after=None
[2023-08-26T17:08:39.792+0000] {logging_mixin.py:120} INFO - [2023-08-26T17:08:39.791+0000] {dag.py:2585} INFO - Sync 2 DAGs
[2023-08-26T17:08:39.795+0000] {logging_mixin.py:120} INFO - [2023-08-26T17:08:39.795+0000] {dag.py:3340} INFO - Setting next_dagrun for example_subdag_operator.section-1 to None, run_after=None
[2023-08-26T17:08:39.796+0000] {logging_mixin.py:120} INFO - [2023-08-26T17:08:39.795+0000] {dag.py:3340} INFO - Setting next_dagrun for example_subdag_operator.section-2 to None, run_after=None
[2023-08-26T17:08:39.825+0000] {processor.py:176} INFO - Processing /home/airflow/.local/lib/python3.7/site-packages/airflow/example_dags/example_subdag_operator.py took 0.215 seconds
