[2023-08-26T17:03:32.452+0000] {processor.py:154} INFO - Started process (PID=51) to work on /home/airflow/.local/lib/python3.7/site-packages/airflow/example_dags/example_nested_branch_dag.py
[2023-08-26T17:03:32.453+0000] {processor.py:756} INFO - Processing file /home/airflow/.local/lib/python3.7/site-packages/airflow/example_dags/example_nested_branch_dag.py for tasks to queue
[2023-08-26T17:03:32.454+0000] {logging_mixin.py:120} INFO - [2023-08-26T17:03:32.454+0000] {dagbag.py:537} INFO - Filling up the DagBag from /home/airflow/.local/lib/python3.7/site-packages/airflow/example_dags/example_nested_branch_dag.py
[2023-08-26T17:03:32.478+0000] {processor.py:766} INFO - DAG(s) dict_keys(['example_nested_branch_dag']) retrieved from /home/airflow/.local/lib/python3.7/site-packages/airflow/example_dags/example_nested_branch_dag.py
[2023-08-26T17:03:32.577+0000] {logging_mixin.py:120} INFO - [2023-08-26T17:03:32.577+0000] {manager.py:507} INFO - Created Permission View: can edit on DAG:example_nested_branch_dag
[2023-08-26T17:03:32.583+0000] {logging_mixin.py:120} INFO - [2023-08-26T17:03:32.582+0000] {manager.py:507} INFO - Created Permission View: can read on DAG:example_nested_branch_dag
[2023-08-26T17:03:32.586+0000] {logging_mixin.py:120} INFO - [2023-08-26T17:03:32.586+0000] {manager.py:507} INFO - Created Permission View: can delete on DAG:example_nested_branch_dag
[2023-08-26T17:03:32.587+0000] {logging_mixin.py:120} INFO - [2023-08-26T17:03:32.587+0000] {dag.py:2585} INFO - Sync 1 DAGs
[2023-08-26T17:03:32.595+0000] {logging_mixin.py:120} INFO - [2023-08-26T17:03:32.595+0000] {dag.py:2606} INFO - Creating ORM DAG for example_nested_branch_dag
[2023-08-26T17:03:32.605+0000] {logging_mixin.py:120} INFO - [2023-08-26T17:03:32.605+0000] {dag.py:3340} INFO - Setting next_dagrun for example_nested_branch_dag to 2023-08-25T00:00:00+00:00, run_after=2023-08-26T00:00:00+00:00
[2023-08-26T17:03:32.619+0000] {processor.py:176} INFO - Processing /home/airflow/.local/lib/python3.7/site-packages/airflow/example_dags/example_nested_branch_dag.py took 0.171 seconds
[2023-08-26T17:04:02.696+0000] {processor.py:154} INFO - Started process (PID=113) to work on /home/airflow/.local/lib/python3.7/site-packages/airflow/example_dags/example_nested_branch_dag.py
[2023-08-26T17:04:02.697+0000] {processor.py:756} INFO - Processing file /home/airflow/.local/lib/python3.7/site-packages/airflow/example_dags/example_nested_branch_dag.py for tasks to queue
[2023-08-26T17:04:02.698+0000] {logging_mixin.py:120} INFO - [2023-08-26T17:04:02.698+0000] {dagbag.py:537} INFO - Filling up the DagBag from /home/airflow/.local/lib/python3.7/site-packages/airflow/example_dags/example_nested_branch_dag.py
[2023-08-26T17:04:02.716+0000] {processor.py:766} INFO - DAG(s) dict_keys(['example_nested_branch_dag']) retrieved from /home/airflow/.local/lib/python3.7/site-packages/airflow/example_dags/example_nested_branch_dag.py
[2023-08-26T17:04:02.745+0000] {logging_mixin.py:120} INFO - [2023-08-26T17:04:02.745+0000] {dag.py:2585} INFO - Sync 1 DAGs
[2023-08-26T17:04:02.761+0000] {logging_mixin.py:120} INFO - [2023-08-26T17:04:02.761+0000] {dag.py:3340} INFO - Setting next_dagrun for example_nested_branch_dag to 2023-08-25T00:00:00+00:00, run_after=2023-08-26T00:00:00+00:00
[2023-08-26T17:04:02.774+0000] {processor.py:176} INFO - Processing /home/airflow/.local/lib/python3.7/site-packages/airflow/example_dags/example_nested_branch_dag.py took 0.080 seconds
[2023-08-26T17:04:32.961+0000] {processor.py:154} INFO - Started process (PID=177) to work on /home/airflow/.local/lib/python3.7/site-packages/airflow/example_dags/example_nested_branch_dag.py
[2023-08-26T17:04:32.962+0000] {processor.py:756} INFO - Processing file /home/airflow/.local/lib/python3.7/site-packages/airflow/example_dags/example_nested_branch_dag.py for tasks to queue
[2023-08-26T17:04:32.963+0000] {logging_mixin.py:120} INFO - [2023-08-26T17:04:32.963+0000] {dagbag.py:537} INFO - Filling up the DagBag from /home/airflow/.local/lib/python3.7/site-packages/airflow/example_dags/example_nested_branch_dag.py
[2023-08-26T17:04:32.976+0000] {processor.py:766} INFO - DAG(s) dict_keys(['example_nested_branch_dag']) retrieved from /home/airflow/.local/lib/python3.7/site-packages/airflow/example_dags/example_nested_branch_dag.py
[2023-08-26T17:04:33.001+0000] {logging_mixin.py:120} INFO - [2023-08-26T17:04:33.001+0000] {dag.py:2585} INFO - Sync 1 DAGs
[2023-08-26T17:04:33.016+0000] {logging_mixin.py:120} INFO - [2023-08-26T17:04:33.016+0000] {dag.py:3340} INFO - Setting next_dagrun for example_nested_branch_dag to 2023-08-25T00:00:00+00:00, run_after=2023-08-26T00:00:00+00:00
[2023-08-26T17:04:33.026+0000] {processor.py:176} INFO - Processing /home/airflow/.local/lib/python3.7/site-packages/airflow/example_dags/example_nested_branch_dag.py took 0.068 seconds
[2023-08-26T17:05:03.885+0000] {processor.py:154} INFO - Started process (PID=240) to work on /home/airflow/.local/lib/python3.7/site-packages/airflow/example_dags/example_nested_branch_dag.py
[2023-08-26T17:05:03.886+0000] {processor.py:756} INFO - Processing file /home/airflow/.local/lib/python3.7/site-packages/airflow/example_dags/example_nested_branch_dag.py for tasks to queue
[2023-08-26T17:05:03.887+0000] {logging_mixin.py:120} INFO - [2023-08-26T17:05:03.887+0000] {dagbag.py:537} INFO - Filling up the DagBag from /home/airflow/.local/lib/python3.7/site-packages/airflow/example_dags/example_nested_branch_dag.py
[2023-08-26T17:05:03.901+0000] {processor.py:766} INFO - DAG(s) dict_keys(['example_nested_branch_dag']) retrieved from /home/airflow/.local/lib/python3.7/site-packages/airflow/example_dags/example_nested_branch_dag.py
[2023-08-26T17:05:03.932+0000] {logging_mixin.py:120} INFO - [2023-08-26T17:05:03.932+0000] {dag.py:2585} INFO - Sync 1 DAGs
[2023-08-26T17:05:03.949+0000] {logging_mixin.py:120} INFO - [2023-08-26T17:05:03.949+0000] {dag.py:3340} INFO - Setting next_dagrun for example_nested_branch_dag to 2023-08-25T00:00:00+00:00, run_after=2023-08-26T00:00:00+00:00
[2023-08-26T17:05:03.959+0000] {processor.py:176} INFO - Processing /home/airflow/.local/lib/python3.7/site-packages/airflow/example_dags/example_nested_branch_dag.py took 0.076 seconds
[2023-08-26T17:05:35.023+0000] {processor.py:154} INFO - Started process (PID=304) to work on /home/airflow/.local/lib/python3.7/site-packages/airflow/example_dags/example_nested_branch_dag.py
[2023-08-26T17:05:35.024+0000] {processor.py:756} INFO - Processing file /home/airflow/.local/lib/python3.7/site-packages/airflow/example_dags/example_nested_branch_dag.py for tasks to queue
[2023-08-26T17:05:35.024+0000] {logging_mixin.py:120} INFO - [2023-08-26T17:05:35.024+0000] {dagbag.py:537} INFO - Filling up the DagBag from /home/airflow/.local/lib/python3.7/site-packages/airflow/example_dags/example_nested_branch_dag.py
[2023-08-26T17:05:35.039+0000] {processor.py:766} INFO - DAG(s) dict_keys(['example_nested_branch_dag']) retrieved from /home/airflow/.local/lib/python3.7/site-packages/airflow/example_dags/example_nested_branch_dag.py
[2023-08-26T17:05:35.064+0000] {logging_mixin.py:120} INFO - [2023-08-26T17:05:35.064+0000] {dag.py:2585} INFO - Sync 1 DAGs
[2023-08-26T17:05:35.079+0000] {logging_mixin.py:120} INFO - [2023-08-26T17:05:35.079+0000] {dag.py:3340} INFO - Setting next_dagrun for example_nested_branch_dag to 2023-08-25T00:00:00+00:00, run_after=2023-08-26T00:00:00+00:00
[2023-08-26T17:05:35.090+0000] {processor.py:176} INFO - Processing /home/airflow/.local/lib/python3.7/site-packages/airflow/example_dags/example_nested_branch_dag.py took 0.068 seconds
[2023-08-26T17:06:05.139+0000] {processor.py:154} INFO - Started process (PID=358) to work on /home/airflow/.local/lib/python3.7/site-packages/airflow/example_dags/example_nested_branch_dag.py
[2023-08-26T17:06:05.140+0000] {processor.py:756} INFO - Processing file /home/airflow/.local/lib/python3.7/site-packages/airflow/example_dags/example_nested_branch_dag.py for tasks to queue
[2023-08-26T17:06:05.140+0000] {logging_mixin.py:120} INFO - [2023-08-26T17:06:05.140+0000] {dagbag.py:537} INFO - Filling up the DagBag from /home/airflow/.local/lib/python3.7/site-packages/airflow/example_dags/example_nested_branch_dag.py
[2023-08-26T17:06:05.155+0000] {processor.py:766} INFO - DAG(s) dict_keys(['example_nested_branch_dag']) retrieved from /home/airflow/.local/lib/python3.7/site-packages/airflow/example_dags/example_nested_branch_dag.py
[2023-08-26T17:06:05.180+0000] {logging_mixin.py:120} INFO - [2023-08-26T17:06:05.179+0000] {dag.py:2585} INFO - Sync 1 DAGs
[2023-08-26T17:06:05.194+0000] {logging_mixin.py:120} INFO - [2023-08-26T17:06:05.194+0000] {dag.py:3340} INFO - Setting next_dagrun for example_nested_branch_dag to 2023-08-25T00:00:00+00:00, run_after=2023-08-26T00:00:00+00:00
[2023-08-26T17:06:05.203+0000] {processor.py:176} INFO - Processing /home/airflow/.local/lib/python3.7/site-packages/airflow/example_dags/example_nested_branch_dag.py took 0.067 seconds
[2023-08-26T17:06:36.137+0000] {processor.py:154} INFO - Started process (PID=421) to work on /home/airflow/.local/lib/python3.7/site-packages/airflow/example_dags/example_nested_branch_dag.py
[2023-08-26T17:06:36.137+0000] {processor.py:756} INFO - Processing file /home/airflow/.local/lib/python3.7/site-packages/airflow/example_dags/example_nested_branch_dag.py for tasks to queue
[2023-08-26T17:06:36.138+0000] {logging_mixin.py:120} INFO - [2023-08-26T17:06:36.138+0000] {dagbag.py:537} INFO - Filling up the DagBag from /home/airflow/.local/lib/python3.7/site-packages/airflow/example_dags/example_nested_branch_dag.py
[2023-08-26T17:06:36.152+0000] {processor.py:766} INFO - DAG(s) dict_keys(['example_nested_branch_dag']) retrieved from /home/airflow/.local/lib/python3.7/site-packages/airflow/example_dags/example_nested_branch_dag.py
[2023-08-26T17:06:36.177+0000] {logging_mixin.py:120} INFO - [2023-08-26T17:06:36.177+0000] {dag.py:2585} INFO - Sync 1 DAGs
[2023-08-26T17:06:36.194+0000] {logging_mixin.py:120} INFO - [2023-08-26T17:06:36.193+0000] {dag.py:3340} INFO - Setting next_dagrun for example_nested_branch_dag to 2023-08-25T00:00:00+00:00, run_after=2023-08-26T00:00:00+00:00
[2023-08-26T17:06:36.205+0000] {processor.py:176} INFO - Processing /home/airflow/.local/lib/python3.7/site-packages/airflow/example_dags/example_nested_branch_dag.py took 0.070 seconds
[2023-08-26T17:07:07.069+0000] {processor.py:154} INFO - Started process (PID=483) to work on /home/airflow/.local/lib/python3.7/site-packages/airflow/example_dags/example_nested_branch_dag.py
[2023-08-26T17:07:07.070+0000] {processor.py:756} INFO - Processing file /home/airflow/.local/lib/python3.7/site-packages/airflow/example_dags/example_nested_branch_dag.py for tasks to queue
[2023-08-26T17:07:07.071+0000] {logging_mixin.py:120} INFO - [2023-08-26T17:07:07.071+0000] {dagbag.py:537} INFO - Filling up the DagBag from /home/airflow/.local/lib/python3.7/site-packages/airflow/example_dags/example_nested_branch_dag.py
[2023-08-26T17:07:07.088+0000] {processor.py:766} INFO - DAG(s) dict_keys(['example_nested_branch_dag']) retrieved from /home/airflow/.local/lib/python3.7/site-packages/airflow/example_dags/example_nested_branch_dag.py
[2023-08-26T17:07:07.114+0000] {logging_mixin.py:120} INFO - [2023-08-26T17:07:07.114+0000] {dag.py:2585} INFO - Sync 1 DAGs
[2023-08-26T17:07:07.129+0000] {logging_mixin.py:120} INFO - [2023-08-26T17:07:07.129+0000] {dag.py:3340} INFO - Setting next_dagrun for example_nested_branch_dag to 2023-08-25T00:00:00+00:00, run_after=2023-08-26T00:00:00+00:00
[2023-08-26T17:07:07.140+0000] {processor.py:176} INFO - Processing /home/airflow/.local/lib/python3.7/site-packages/airflow/example_dags/example_nested_branch_dag.py took 0.075 seconds
[2023-08-26T17:07:38.363+0000] {processor.py:154} INFO - Started process (PID=546) to work on /home/airflow/.local/lib/python3.7/site-packages/airflow/example_dags/example_nested_branch_dag.py
[2023-08-26T17:07:38.364+0000] {processor.py:756} INFO - Processing file /home/airflow/.local/lib/python3.7/site-packages/airflow/example_dags/example_nested_branch_dag.py for tasks to queue
[2023-08-26T17:07:38.364+0000] {logging_mixin.py:120} INFO - [2023-08-26T17:07:38.364+0000] {dagbag.py:537} INFO - Filling up the DagBag from /home/airflow/.local/lib/python3.7/site-packages/airflow/example_dags/example_nested_branch_dag.py
[2023-08-26T17:07:38.378+0000] {processor.py:766} INFO - DAG(s) dict_keys(['example_nested_branch_dag']) retrieved from /home/airflow/.local/lib/python3.7/site-packages/airflow/example_dags/example_nested_branch_dag.py
[2023-08-26T17:07:38.405+0000] {logging_mixin.py:120} INFO - [2023-08-26T17:07:38.405+0000] {dag.py:2585} INFO - Sync 1 DAGs
[2023-08-26T17:07:38.421+0000] {logging_mixin.py:120} INFO - [2023-08-26T17:07:38.421+0000] {dag.py:3340} INFO - Setting next_dagrun for example_nested_branch_dag to 2023-08-25T00:00:00+00:00, run_after=2023-08-26T00:00:00+00:00
[2023-08-26T17:07:38.433+0000] {processor.py:176} INFO - Processing /home/airflow/.local/lib/python3.7/site-packages/airflow/example_dags/example_nested_branch_dag.py took 0.072 seconds
[2023-08-26T17:08:09.400+0000] {processor.py:154} INFO - Started process (PID=609) to work on /home/airflow/.local/lib/python3.7/site-packages/airflow/example_dags/example_nested_branch_dag.py
[2023-08-26T17:08:09.401+0000] {processor.py:756} INFO - Processing file /home/airflow/.local/lib/python3.7/site-packages/airflow/example_dags/example_nested_branch_dag.py for tasks to queue
[2023-08-26T17:08:09.402+0000] {logging_mixin.py:120} INFO - [2023-08-26T17:08:09.402+0000] {dagbag.py:537} INFO - Filling up the DagBag from /home/airflow/.local/lib/python3.7/site-packages/airflow/example_dags/example_nested_branch_dag.py
[2023-08-26T17:08:09.417+0000] {processor.py:766} INFO - DAG(s) dict_keys(['example_nested_branch_dag']) retrieved from /home/airflow/.local/lib/python3.7/site-packages/airflow/example_dags/example_nested_branch_dag.py
[2023-08-26T17:08:09.443+0000] {logging_mixin.py:120} INFO - [2023-08-26T17:08:09.442+0000] {dag.py:2585} INFO - Sync 1 DAGs
[2023-08-26T17:08:09.458+0000] {logging_mixin.py:120} INFO - [2023-08-26T17:08:09.458+0000] {dag.py:3340} INFO - Setting next_dagrun for example_nested_branch_dag to 2023-08-25T00:00:00+00:00, run_after=2023-08-26T00:00:00+00:00
[2023-08-26T17:08:09.468+0000] {processor.py:176} INFO - Processing /home/airflow/.local/lib/python3.7/site-packages/airflow/example_dags/example_nested_branch_dag.py took 0.072 seconds
[2023-08-26T17:08:40.387+0000] {processor.py:154} INFO - Started process (PID=672) to work on /home/airflow/.local/lib/python3.7/site-packages/airflow/example_dags/example_nested_branch_dag.py
[2023-08-26T17:08:40.388+0000] {processor.py:756} INFO - Processing file /home/airflow/.local/lib/python3.7/site-packages/airflow/example_dags/example_nested_branch_dag.py for tasks to queue
[2023-08-26T17:08:40.388+0000] {logging_mixin.py:120} INFO - [2023-08-26T17:08:40.388+0000] {dagbag.py:537} INFO - Filling up the DagBag from /home/airflow/.local/lib/python3.7/site-packages/airflow/example_dags/example_nested_branch_dag.py
[2023-08-26T17:08:40.402+0000] {processor.py:766} INFO - DAG(s) dict_keys(['example_nested_branch_dag']) retrieved from /home/airflow/.local/lib/python3.7/site-packages/airflow/example_dags/example_nested_branch_dag.py
[2023-08-26T17:08:40.431+0000] {logging_mixin.py:120} INFO - [2023-08-26T17:08:40.431+0000] {dag.py:2585} INFO - Sync 1 DAGs
[2023-08-26T17:08:40.448+0000] {logging_mixin.py:120} INFO - [2023-08-26T17:08:40.448+0000] {dag.py:3340} INFO - Setting next_dagrun for example_nested_branch_dag to 2023-08-25T00:00:00+00:00, run_after=2023-08-26T00:00:00+00:00
[2023-08-26T17:08:40.461+0000] {processor.py:176} INFO - Processing /home/airflow/.local/lib/python3.7/site-packages/airflow/example_dags/example_nested_branch_dag.py took 0.076 seconds
