[2023-08-26T17:03:32.561+0000] {processor.py:154} INFO - Started process (PID=52) to work on /home/airflow/.local/lib/python3.7/site-packages/airflow/example_dags/example_complex.py
[2023-08-26T17:03:32.562+0000] {processor.py:756} INFO - Processing file /home/airflow/.local/lib/python3.7/site-packages/airflow/example_dags/example_complex.py for tasks to queue
[2023-08-26T17:03:32.563+0000] {logging_mixin.py:120} INFO - [2023-08-26T17:03:32.563+0000] {dagbag.py:537} INFO - Filling up the DagBag from /home/airflow/.local/lib/python3.7/site-packages/airflow/example_dags/example_complex.py
[2023-08-26T17:03:32.572+0000] {logging_mixin.py:120} INFO - [2023-08-26T17:03:32.571+0000] {taskmixin.py:205} WARNING - Dependency <Task(BashOperator): create_entry_group>, delete_entry_group already registered for DAG: example_complex
[2023-08-26T17:03:32.572+0000] {logging_mixin.py:120} INFO - [2023-08-26T17:03:32.572+0000] {taskmixin.py:205} WARNING - Dependency <Task(BashOperator): delete_entry_group>, create_entry_group already registered for DAG: example_complex
[2023-08-26T17:03:32.572+0000] {logging_mixin.py:120} INFO - [2023-08-26T17:03:32.572+0000] {taskmixin.py:205} WARNING - Dependency <Task(BashOperator): create_entry_gcs>, delete_entry already registered for DAG: example_complex
[2023-08-26T17:03:32.573+0000] {logging_mixin.py:120} INFO - [2023-08-26T17:03:32.572+0000] {taskmixin.py:205} WARNING - Dependency <Task(BashOperator): delete_entry>, create_entry_gcs already registered for DAG: example_complex
[2023-08-26T17:03:32.573+0000] {logging_mixin.py:120} INFO - [2023-08-26T17:03:32.573+0000] {taskmixin.py:205} WARNING - Dependency <Task(BashOperator): create_tag>, delete_tag already registered for DAG: example_complex
[2023-08-26T17:03:32.573+0000] {logging_mixin.py:120} INFO - [2023-08-26T17:03:32.573+0000] {taskmixin.py:205} WARNING - Dependency <Task(BashOperator): delete_tag>, create_tag already registered for DAG: example_complex
[2023-08-26T17:03:32.579+0000] {processor.py:766} INFO - DAG(s) dict_keys(['example_complex']) retrieved from /home/airflow/.local/lib/python3.7/site-packages/airflow/example_dags/example_complex.py
[2023-08-26T17:03:32.688+0000] {logging_mixin.py:120} INFO - [2023-08-26T17:03:32.687+0000] {manager.py:507} INFO - Created Permission View: can edit on DAG:example_complex
[2023-08-26T17:03:32.695+0000] {logging_mixin.py:120} INFO - [2023-08-26T17:03:32.695+0000] {manager.py:507} INFO - Created Permission View: can read on DAG:example_complex
[2023-08-26T17:03:32.699+0000] {logging_mixin.py:120} INFO - [2023-08-26T17:03:32.699+0000] {manager.py:507} INFO - Created Permission View: can delete on DAG:example_complex
[2023-08-26T17:03:32.699+0000] {logging_mixin.py:120} INFO - [2023-08-26T17:03:32.699+0000] {dag.py:2585} INFO - Sync 1 DAGs
[2023-08-26T17:03:32.711+0000] {logging_mixin.py:120} INFO - [2023-08-26T17:03:32.711+0000] {dag.py:2606} INFO - Creating ORM DAG for example_complex
[2023-08-26T17:03:32.723+0000] {logging_mixin.py:120} INFO - [2023-08-26T17:03:32.723+0000] {dag.py:3340} INFO - Setting next_dagrun for example_complex to None, run_after=None
[2023-08-26T17:03:32.754+0000] {processor.py:176} INFO - Processing /home/airflow/.local/lib/python3.7/site-packages/airflow/example_dags/example_complex.py took 0.195 seconds
[2023-08-26T17:04:02.793+0000] {processor.py:154} INFO - Started process (PID=114) to work on /home/airflow/.local/lib/python3.7/site-packages/airflow/example_dags/example_complex.py
[2023-08-26T17:04:02.794+0000] {processor.py:756} INFO - Processing file /home/airflow/.local/lib/python3.7/site-packages/airflow/example_dags/example_complex.py for tasks to queue
[2023-08-26T17:04:02.795+0000] {logging_mixin.py:120} INFO - [2023-08-26T17:04:02.794+0000] {dagbag.py:537} INFO - Filling up the DagBag from /home/airflow/.local/lib/python3.7/site-packages/airflow/example_dags/example_complex.py
[2023-08-26T17:04:02.802+0000] {logging_mixin.py:120} INFO - [2023-08-26T17:04:02.802+0000] {taskmixin.py:205} WARNING - Dependency <Task(BashOperator): create_entry_group>, delete_entry_group already registered for DAG: example_complex
[2023-08-26T17:04:02.803+0000] {logging_mixin.py:120} INFO - [2023-08-26T17:04:02.802+0000] {taskmixin.py:205} WARNING - Dependency <Task(BashOperator): delete_entry_group>, create_entry_group already registered for DAG: example_complex
[2023-08-26T17:04:02.803+0000] {logging_mixin.py:120} INFO - [2023-08-26T17:04:02.803+0000] {taskmixin.py:205} WARNING - Dependency <Task(BashOperator): create_entry_gcs>, delete_entry already registered for DAG: example_complex
[2023-08-26T17:04:02.803+0000] {logging_mixin.py:120} INFO - [2023-08-26T17:04:02.803+0000] {taskmixin.py:205} WARNING - Dependency <Task(BashOperator): delete_entry>, create_entry_gcs already registered for DAG: example_complex
[2023-08-26T17:04:02.804+0000] {logging_mixin.py:120} INFO - [2023-08-26T17:04:02.804+0000] {taskmixin.py:205} WARNING - Dependency <Task(BashOperator): create_tag>, delete_tag already registered for DAG: example_complex
[2023-08-26T17:04:02.804+0000] {logging_mixin.py:120} INFO - [2023-08-26T17:04:02.804+0000] {taskmixin.py:205} WARNING - Dependency <Task(BashOperator): delete_tag>, create_tag already registered for DAG: example_complex
[2023-08-26T17:04:02.810+0000] {processor.py:766} INFO - DAG(s) dict_keys(['example_complex']) retrieved from /home/airflow/.local/lib/python3.7/site-packages/airflow/example_dags/example_complex.py
[2023-08-26T17:04:02.842+0000] {logging_mixin.py:120} INFO - [2023-08-26T17:04:02.841+0000] {dag.py:2585} INFO - Sync 1 DAGs
[2023-08-26T17:04:02.858+0000] {logging_mixin.py:120} INFO - [2023-08-26T17:04:02.858+0000] {dag.py:3340} INFO - Setting next_dagrun for example_complex to None, run_after=None
[2023-08-26T17:04:02.870+0000] {processor.py:176} INFO - Processing /home/airflow/.local/lib/python3.7/site-packages/airflow/example_dags/example_complex.py took 0.080 seconds
[2023-08-26T17:04:33.015+0000] {processor.py:154} INFO - Started process (PID=178) to work on /home/airflow/.local/lib/python3.7/site-packages/airflow/example_dags/example_complex.py
[2023-08-26T17:04:33.015+0000] {processor.py:756} INFO - Processing file /home/airflow/.local/lib/python3.7/site-packages/airflow/example_dags/example_complex.py for tasks to queue
[2023-08-26T17:04:33.016+0000] {logging_mixin.py:120} INFO - [2023-08-26T17:04:33.016+0000] {dagbag.py:537} INFO - Filling up the DagBag from /home/airflow/.local/lib/python3.7/site-packages/airflow/example_dags/example_complex.py
[2023-08-26T17:04:33.022+0000] {logging_mixin.py:120} INFO - [2023-08-26T17:04:33.022+0000] {taskmixin.py:205} WARNING - Dependency <Task(BashOperator): create_entry_group>, delete_entry_group already registered for DAG: example_complex
[2023-08-26T17:04:33.023+0000] {logging_mixin.py:120} INFO - [2023-08-26T17:04:33.022+0000] {taskmixin.py:205} WARNING - Dependency <Task(BashOperator): delete_entry_group>, create_entry_group already registered for DAG: example_complex
[2023-08-26T17:04:33.023+0000] {logging_mixin.py:120} INFO - [2023-08-26T17:04:33.023+0000] {taskmixin.py:205} WARNING - Dependency <Task(BashOperator): create_entry_gcs>, delete_entry already registered for DAG: example_complex
[2023-08-26T17:04:33.023+0000] {logging_mixin.py:120} INFO - [2023-08-26T17:04:33.023+0000] {taskmixin.py:205} WARNING - Dependency <Task(BashOperator): delete_entry>, create_entry_gcs already registered for DAG: example_complex
[2023-08-26T17:04:33.023+0000] {logging_mixin.py:120} INFO - [2023-08-26T17:04:33.023+0000] {taskmixin.py:205} WARNING - Dependency <Task(BashOperator): create_tag>, delete_tag already registered for DAG: example_complex
[2023-08-26T17:04:33.023+0000] {logging_mixin.py:120} INFO - [2023-08-26T17:04:33.023+0000] {taskmixin.py:205} WARNING - Dependency <Task(BashOperator): delete_tag>, create_tag already registered for DAG: example_complex
[2023-08-26T17:04:33.028+0000] {processor.py:766} INFO - DAG(s) dict_keys(['example_complex']) retrieved from /home/airflow/.local/lib/python3.7/site-packages/airflow/example_dags/example_complex.py
[2023-08-26T17:04:33.055+0000] {logging_mixin.py:120} INFO - [2023-08-26T17:04:33.055+0000] {dag.py:2585} INFO - Sync 1 DAGs
[2023-08-26T17:04:33.068+0000] {logging_mixin.py:120} INFO - [2023-08-26T17:04:33.068+0000] {dag.py:3340} INFO - Setting next_dagrun for example_complex to None, run_after=None
[2023-08-26T17:04:33.077+0000] {processor.py:176} INFO - Processing /home/airflow/.local/lib/python3.7/site-packages/airflow/example_dags/example_complex.py took 0.065 seconds
[2023-08-26T17:05:03.938+0000] {processor.py:154} INFO - Started process (PID=241) to work on /home/airflow/.local/lib/python3.7/site-packages/airflow/example_dags/example_complex.py
[2023-08-26T17:05:03.939+0000] {processor.py:756} INFO - Processing file /home/airflow/.local/lib/python3.7/site-packages/airflow/example_dags/example_complex.py for tasks to queue
[2023-08-26T17:05:03.939+0000] {logging_mixin.py:120} INFO - [2023-08-26T17:05:03.939+0000] {dagbag.py:537} INFO - Filling up the DagBag from /home/airflow/.local/lib/python3.7/site-packages/airflow/example_dags/example_complex.py
[2023-08-26T17:05:03.946+0000] {logging_mixin.py:120} INFO - [2023-08-26T17:05:03.946+0000] {taskmixin.py:205} WARNING - Dependency <Task(BashOperator): create_entry_group>, delete_entry_group already registered for DAG: example_complex
[2023-08-26T17:05:03.946+0000] {logging_mixin.py:120} INFO - [2023-08-26T17:05:03.946+0000] {taskmixin.py:205} WARNING - Dependency <Task(BashOperator): delete_entry_group>, create_entry_group already registered for DAG: example_complex
[2023-08-26T17:05:03.947+0000] {logging_mixin.py:120} INFO - [2023-08-26T17:05:03.947+0000] {taskmixin.py:205} WARNING - Dependency <Task(BashOperator): create_entry_gcs>, delete_entry already registered for DAG: example_complex
[2023-08-26T17:05:03.947+0000] {logging_mixin.py:120} INFO - [2023-08-26T17:05:03.947+0000] {taskmixin.py:205} WARNING - Dependency <Task(BashOperator): delete_entry>, create_entry_gcs already registered for DAG: example_complex
[2023-08-26T17:05:03.947+0000] {logging_mixin.py:120} INFO - [2023-08-26T17:05:03.947+0000] {taskmixin.py:205} WARNING - Dependency <Task(BashOperator): create_tag>, delete_tag already registered for DAG: example_complex
[2023-08-26T17:05:03.947+0000] {logging_mixin.py:120} INFO - [2023-08-26T17:05:03.947+0000] {taskmixin.py:205} WARNING - Dependency <Task(BashOperator): delete_tag>, create_tag already registered for DAG: example_complex
[2023-08-26T17:05:03.952+0000] {processor.py:766} INFO - DAG(s) dict_keys(['example_complex']) retrieved from /home/airflow/.local/lib/python3.7/site-packages/airflow/example_dags/example_complex.py
[2023-08-26T17:05:03.982+0000] {logging_mixin.py:120} INFO - [2023-08-26T17:05:03.982+0000] {dag.py:2585} INFO - Sync 1 DAGs
[2023-08-26T17:05:03.995+0000] {logging_mixin.py:120} INFO - [2023-08-26T17:05:03.995+0000] {dag.py:3340} INFO - Setting next_dagrun for example_complex to None, run_after=None
[2023-08-26T17:05:04.004+0000] {processor.py:176} INFO - Processing /home/airflow/.local/lib/python3.7/site-packages/airflow/example_dags/example_complex.py took 0.068 seconds
[2023-08-26T17:05:35.105+0000] {processor.py:154} INFO - Started process (PID=305) to work on /home/airflow/.local/lib/python3.7/site-packages/airflow/example_dags/example_complex.py
[2023-08-26T17:05:35.106+0000] {processor.py:756} INFO - Processing file /home/airflow/.local/lib/python3.7/site-packages/airflow/example_dags/example_complex.py for tasks to queue
[2023-08-26T17:05:35.106+0000] {logging_mixin.py:120} INFO - [2023-08-26T17:05:35.106+0000] {dagbag.py:537} INFO - Filling up the DagBag from /home/airflow/.local/lib/python3.7/site-packages/airflow/example_dags/example_complex.py
[2023-08-26T17:05:35.113+0000] {logging_mixin.py:120} INFO - [2023-08-26T17:05:35.113+0000] {taskmixin.py:205} WARNING - Dependency <Task(BashOperator): create_entry_group>, delete_entry_group already registered for DAG: example_complex
[2023-08-26T17:05:35.113+0000] {logging_mixin.py:120} INFO - [2023-08-26T17:05:35.113+0000] {taskmixin.py:205} WARNING - Dependency <Task(BashOperator): delete_entry_group>, create_entry_group already registered for DAG: example_complex
[2023-08-26T17:05:35.113+0000] {logging_mixin.py:120} INFO - [2023-08-26T17:05:35.113+0000] {taskmixin.py:205} WARNING - Dependency <Task(BashOperator): create_entry_gcs>, delete_entry already registered for DAG: example_complex
[2023-08-26T17:05:35.114+0000] {logging_mixin.py:120} INFO - [2023-08-26T17:05:35.113+0000] {taskmixin.py:205} WARNING - Dependency <Task(BashOperator): delete_entry>, create_entry_gcs already registered for DAG: example_complex
[2023-08-26T17:05:35.114+0000] {logging_mixin.py:120} INFO - [2023-08-26T17:05:35.114+0000] {taskmixin.py:205} WARNING - Dependency <Task(BashOperator): create_tag>, delete_tag already registered for DAG: example_complex
[2023-08-26T17:05:35.114+0000] {logging_mixin.py:120} INFO - [2023-08-26T17:05:35.114+0000] {taskmixin.py:205} WARNING - Dependency <Task(BashOperator): delete_tag>, create_tag already registered for DAG: example_complex
[2023-08-26T17:05:35.119+0000] {processor.py:766} INFO - DAG(s) dict_keys(['example_complex']) retrieved from /home/airflow/.local/lib/python3.7/site-packages/airflow/example_dags/example_complex.py
[2023-08-26T17:05:35.147+0000] {logging_mixin.py:120} INFO - [2023-08-26T17:05:35.147+0000] {dag.py:2585} INFO - Sync 1 DAGs
[2023-08-26T17:05:35.161+0000] {logging_mixin.py:120} INFO - [2023-08-26T17:05:35.161+0000] {dag.py:3340} INFO - Setting next_dagrun for example_complex to None, run_after=None
[2023-08-26T17:05:35.171+0000] {processor.py:176} INFO - Processing /home/airflow/.local/lib/python3.7/site-packages/airflow/example_dags/example_complex.py took 0.068 seconds
[2023-08-26T17:06:05.217+0000] {processor.py:154} INFO - Started process (PID=359) to work on /home/airflow/.local/lib/python3.7/site-packages/airflow/example_dags/example_complex.py
[2023-08-26T17:06:05.218+0000] {processor.py:756} INFO - Processing file /home/airflow/.local/lib/python3.7/site-packages/airflow/example_dags/example_complex.py for tasks to queue
[2023-08-26T17:06:05.218+0000] {logging_mixin.py:120} INFO - [2023-08-26T17:06:05.218+0000] {dagbag.py:537} INFO - Filling up the DagBag from /home/airflow/.local/lib/python3.7/site-packages/airflow/example_dags/example_complex.py
[2023-08-26T17:06:05.225+0000] {logging_mixin.py:120} INFO - [2023-08-26T17:06:05.225+0000] {taskmixin.py:205} WARNING - Dependency <Task(BashOperator): create_entry_group>, delete_entry_group already registered for DAG: example_complex
[2023-08-26T17:06:05.225+0000] {logging_mixin.py:120} INFO - [2023-08-26T17:06:05.225+0000] {taskmixin.py:205} WARNING - Dependency <Task(BashOperator): delete_entry_group>, create_entry_group already registered for DAG: example_complex
[2023-08-26T17:06:05.225+0000] {logging_mixin.py:120} INFO - [2023-08-26T17:06:05.225+0000] {taskmixin.py:205} WARNING - Dependency <Task(BashOperator): create_entry_gcs>, delete_entry already registered for DAG: example_complex
[2023-08-26T17:06:05.225+0000] {logging_mixin.py:120} INFO - [2023-08-26T17:06:05.225+0000] {taskmixin.py:205} WARNING - Dependency <Task(BashOperator): delete_entry>, create_entry_gcs already registered for DAG: example_complex
[2023-08-26T17:06:05.226+0000] {logging_mixin.py:120} INFO - [2023-08-26T17:06:05.226+0000] {taskmixin.py:205} WARNING - Dependency <Task(BashOperator): create_tag>, delete_tag already registered for DAG: example_complex
[2023-08-26T17:06:05.226+0000] {logging_mixin.py:120} INFO - [2023-08-26T17:06:05.226+0000] {taskmixin.py:205} WARNING - Dependency <Task(BashOperator): delete_tag>, create_tag already registered for DAG: example_complex
[2023-08-26T17:06:05.230+0000] {processor.py:766} INFO - DAG(s) dict_keys(['example_complex']) retrieved from /home/airflow/.local/lib/python3.7/site-packages/airflow/example_dags/example_complex.py
[2023-08-26T17:06:05.257+0000] {logging_mixin.py:120} INFO - [2023-08-26T17:06:05.257+0000] {dag.py:2585} INFO - Sync 1 DAGs
[2023-08-26T17:06:05.270+0000] {logging_mixin.py:120} INFO - [2023-08-26T17:06:05.270+0000] {dag.py:3340} INFO - Setting next_dagrun for example_complex to None, run_after=None
[2023-08-26T17:06:05.280+0000] {processor.py:176} INFO - Processing /home/airflow/.local/lib/python3.7/site-packages/airflow/example_dags/example_complex.py took 0.065 seconds
[2023-08-26T17:06:36.188+0000] {processor.py:154} INFO - Started process (PID=422) to work on /home/airflow/.local/lib/python3.7/site-packages/airflow/example_dags/example_complex.py
[2023-08-26T17:06:36.189+0000] {processor.py:756} INFO - Processing file /home/airflow/.local/lib/python3.7/site-packages/airflow/example_dags/example_complex.py for tasks to queue
[2023-08-26T17:06:36.189+0000] {logging_mixin.py:120} INFO - [2023-08-26T17:06:36.189+0000] {dagbag.py:537} INFO - Filling up the DagBag from /home/airflow/.local/lib/python3.7/site-packages/airflow/example_dags/example_complex.py
[2023-08-26T17:06:36.196+0000] {logging_mixin.py:120} INFO - [2023-08-26T17:06:36.196+0000] {taskmixin.py:205} WARNING - Dependency <Task(BashOperator): create_entry_group>, delete_entry_group already registered for DAG: example_complex
[2023-08-26T17:06:36.196+0000] {logging_mixin.py:120} INFO - [2023-08-26T17:06:36.196+0000] {taskmixin.py:205} WARNING - Dependency <Task(BashOperator): delete_entry_group>, create_entry_group already registered for DAG: example_complex
[2023-08-26T17:06:36.196+0000] {logging_mixin.py:120} INFO - [2023-08-26T17:06:36.196+0000] {taskmixin.py:205} WARNING - Dependency <Task(BashOperator): create_entry_gcs>, delete_entry already registered for DAG: example_complex
[2023-08-26T17:06:36.196+0000] {logging_mixin.py:120} INFO - [2023-08-26T17:06:36.196+0000] {taskmixin.py:205} WARNING - Dependency <Task(BashOperator): delete_entry>, create_entry_gcs already registered for DAG: example_complex
[2023-08-26T17:06:36.197+0000] {logging_mixin.py:120} INFO - [2023-08-26T17:06:36.197+0000] {taskmixin.py:205} WARNING - Dependency <Task(BashOperator): create_tag>, delete_tag already registered for DAG: example_complex
[2023-08-26T17:06:36.197+0000] {logging_mixin.py:120} INFO - [2023-08-26T17:06:36.197+0000] {taskmixin.py:205} WARNING - Dependency <Task(BashOperator): delete_tag>, create_tag already registered for DAG: example_complex
[2023-08-26T17:06:36.202+0000] {processor.py:766} INFO - DAG(s) dict_keys(['example_complex']) retrieved from /home/airflow/.local/lib/python3.7/site-packages/airflow/example_dags/example_complex.py
[2023-08-26T17:06:36.232+0000] {logging_mixin.py:120} INFO - [2023-08-26T17:06:36.232+0000] {dag.py:2585} INFO - Sync 1 DAGs
[2023-08-26T17:06:36.247+0000] {logging_mixin.py:120} INFO - [2023-08-26T17:06:36.247+0000] {dag.py:3340} INFO - Setting next_dagrun for example_complex to None, run_after=None
[2023-08-26T17:06:36.257+0000] {processor.py:176} INFO - Processing /home/airflow/.local/lib/python3.7/site-packages/airflow/example_dags/example_complex.py took 0.071 seconds
[2023-08-26T17:07:07.135+0000] {processor.py:154} INFO - Started process (PID=484) to work on /home/airflow/.local/lib/python3.7/site-packages/airflow/example_dags/example_complex.py
[2023-08-26T17:07:07.136+0000] {processor.py:756} INFO - Processing file /home/airflow/.local/lib/python3.7/site-packages/airflow/example_dags/example_complex.py for tasks to queue
[2023-08-26T17:07:07.137+0000] {logging_mixin.py:120} INFO - [2023-08-26T17:07:07.137+0000] {dagbag.py:537} INFO - Filling up the DagBag from /home/airflow/.local/lib/python3.7/site-packages/airflow/example_dags/example_complex.py
[2023-08-26T17:07:07.144+0000] {logging_mixin.py:120} INFO - [2023-08-26T17:07:07.144+0000] {taskmixin.py:205} WARNING - Dependency <Task(BashOperator): create_entry_group>, delete_entry_group already registered for DAG: example_complex
[2023-08-26T17:07:07.144+0000] {logging_mixin.py:120} INFO - [2023-08-26T17:07:07.144+0000] {taskmixin.py:205} WARNING - Dependency <Task(BashOperator): delete_entry_group>, create_entry_group already registered for DAG: example_complex
[2023-08-26T17:07:07.144+0000] {logging_mixin.py:120} INFO - [2023-08-26T17:07:07.144+0000] {taskmixin.py:205} WARNING - Dependency <Task(BashOperator): create_entry_gcs>, delete_entry already registered for DAG: example_complex
[2023-08-26T17:07:07.145+0000] {logging_mixin.py:120} INFO - [2023-08-26T17:07:07.145+0000] {taskmixin.py:205} WARNING - Dependency <Task(BashOperator): delete_entry>, create_entry_gcs already registered for DAG: example_complex
[2023-08-26T17:07:07.145+0000] {logging_mixin.py:120} INFO - [2023-08-26T17:07:07.145+0000] {taskmixin.py:205} WARNING - Dependency <Task(BashOperator): create_tag>, delete_tag already registered for DAG: example_complex
[2023-08-26T17:07:07.145+0000] {logging_mixin.py:120} INFO - [2023-08-26T17:07:07.145+0000] {taskmixin.py:205} WARNING - Dependency <Task(BashOperator): delete_tag>, create_tag already registered for DAG: example_complex
[2023-08-26T17:07:07.150+0000] {processor.py:766} INFO - DAG(s) dict_keys(['example_complex']) retrieved from /home/airflow/.local/lib/python3.7/site-packages/airflow/example_dags/example_complex.py
[2023-08-26T17:07:07.180+0000] {logging_mixin.py:120} INFO - [2023-08-26T17:07:07.180+0000] {dag.py:2585} INFO - Sync 1 DAGs
[2023-08-26T17:07:07.194+0000] {logging_mixin.py:120} INFO - [2023-08-26T17:07:07.194+0000] {dag.py:3340} INFO - Setting next_dagrun for example_complex to None, run_after=None
[2023-08-26T17:07:07.204+0000] {processor.py:176} INFO - Processing /home/airflow/.local/lib/python3.7/site-packages/airflow/example_dags/example_complex.py took 0.071 seconds
[2023-08-26T17:07:38.416+0000] {processor.py:154} INFO - Started process (PID=547) to work on /home/airflow/.local/lib/python3.7/site-packages/airflow/example_dags/example_complex.py
[2023-08-26T17:07:38.417+0000] {processor.py:756} INFO - Processing file /home/airflow/.local/lib/python3.7/site-packages/airflow/example_dags/example_complex.py for tasks to queue
[2023-08-26T17:07:38.417+0000] {logging_mixin.py:120} INFO - [2023-08-26T17:07:38.417+0000] {dagbag.py:537} INFO - Filling up the DagBag from /home/airflow/.local/lib/python3.7/site-packages/airflow/example_dags/example_complex.py
[2023-08-26T17:07:38.424+0000] {logging_mixin.py:120} INFO - [2023-08-26T17:07:38.424+0000] {taskmixin.py:205} WARNING - Dependency <Task(BashOperator): create_entry_group>, delete_entry_group already registered for DAG: example_complex
[2023-08-26T17:07:38.424+0000] {logging_mixin.py:120} INFO - [2023-08-26T17:07:38.424+0000] {taskmixin.py:205} WARNING - Dependency <Task(BashOperator): delete_entry_group>, create_entry_group already registered for DAG: example_complex
[2023-08-26T17:07:38.425+0000] {logging_mixin.py:120} INFO - [2023-08-26T17:07:38.425+0000] {taskmixin.py:205} WARNING - Dependency <Task(BashOperator): create_entry_gcs>, delete_entry already registered for DAG: example_complex
[2023-08-26T17:07:38.425+0000] {logging_mixin.py:120} INFO - [2023-08-26T17:07:38.425+0000] {taskmixin.py:205} WARNING - Dependency <Task(BashOperator): delete_entry>, create_entry_gcs already registered for DAG: example_complex
[2023-08-26T17:07:38.425+0000] {logging_mixin.py:120} INFO - [2023-08-26T17:07:38.425+0000] {taskmixin.py:205} WARNING - Dependency <Task(BashOperator): create_tag>, delete_tag already registered for DAG: example_complex
[2023-08-26T17:07:38.425+0000] {logging_mixin.py:120} INFO - [2023-08-26T17:07:38.425+0000] {taskmixin.py:205} WARNING - Dependency <Task(BashOperator): delete_tag>, create_tag already registered for DAG: example_complex
[2023-08-26T17:07:38.430+0000] {processor.py:766} INFO - DAG(s) dict_keys(['example_complex']) retrieved from /home/airflow/.local/lib/python3.7/site-packages/airflow/example_dags/example_complex.py
[2023-08-26T17:07:38.460+0000] {logging_mixin.py:120} INFO - [2023-08-26T17:07:38.460+0000] {dag.py:2585} INFO - Sync 1 DAGs
[2023-08-26T17:07:38.474+0000] {logging_mixin.py:120} INFO - [2023-08-26T17:07:38.474+0000] {dag.py:3340} INFO - Setting next_dagrun for example_complex to None, run_after=None
[2023-08-26T17:07:38.485+0000] {processor.py:176} INFO - Processing /home/airflow/.local/lib/python3.7/site-packages/airflow/example_dags/example_complex.py took 0.071 seconds
[2023-08-26T17:08:09.417+0000] {processor.py:154} INFO - Started process (PID=610) to work on /home/airflow/.local/lib/python3.7/site-packages/airflow/example_dags/example_complex.py
[2023-08-26T17:08:09.418+0000] {processor.py:756} INFO - Processing file /home/airflow/.local/lib/python3.7/site-packages/airflow/example_dags/example_complex.py for tasks to queue
[2023-08-26T17:08:09.418+0000] {logging_mixin.py:120} INFO - [2023-08-26T17:08:09.418+0000] {dagbag.py:537} INFO - Filling up the DagBag from /home/airflow/.local/lib/python3.7/site-packages/airflow/example_dags/example_complex.py
[2023-08-26T17:08:09.425+0000] {logging_mixin.py:120} INFO - [2023-08-26T17:08:09.424+0000] {taskmixin.py:205} WARNING - Dependency <Task(BashOperator): create_entry_group>, delete_entry_group already registered for DAG: example_complex
[2023-08-26T17:08:09.425+0000] {logging_mixin.py:120} INFO - [2023-08-26T17:08:09.425+0000] {taskmixin.py:205} WARNING - Dependency <Task(BashOperator): delete_entry_group>, create_entry_group already registered for DAG: example_complex
[2023-08-26T17:08:09.425+0000] {logging_mixin.py:120} INFO - [2023-08-26T17:08:09.425+0000] {taskmixin.py:205} WARNING - Dependency <Task(BashOperator): create_entry_gcs>, delete_entry already registered for DAG: example_complex
[2023-08-26T17:08:09.425+0000] {logging_mixin.py:120} INFO - [2023-08-26T17:08:09.425+0000] {taskmixin.py:205} WARNING - Dependency <Task(BashOperator): delete_entry>, create_entry_gcs already registered for DAG: example_complex
[2023-08-26T17:08:09.426+0000] {logging_mixin.py:120} INFO - [2023-08-26T17:08:09.425+0000] {taskmixin.py:205} WARNING - Dependency <Task(BashOperator): create_tag>, delete_tag already registered for DAG: example_complex
[2023-08-26T17:08:09.426+0000] {logging_mixin.py:120} INFO - [2023-08-26T17:08:09.426+0000] {taskmixin.py:205} WARNING - Dependency <Task(BashOperator): delete_tag>, create_tag already registered for DAG: example_complex
[2023-08-26T17:08:09.431+0000] {processor.py:766} INFO - DAG(s) dict_keys(['example_complex']) retrieved from /home/airflow/.local/lib/python3.7/site-packages/airflow/example_dags/example_complex.py
[2023-08-26T17:08:09.459+0000] {logging_mixin.py:120} INFO - [2023-08-26T17:08:09.459+0000] {dag.py:2585} INFO - Sync 1 DAGs
[2023-08-26T17:08:09.473+0000] {logging_mixin.py:120} INFO - [2023-08-26T17:08:09.473+0000] {dag.py:3340} INFO - Setting next_dagrun for example_complex to None, run_after=None
[2023-08-26T17:08:09.484+0000] {processor.py:176} INFO - Processing /home/airflow/.local/lib/python3.7/site-packages/airflow/example_dags/example_complex.py took 0.069 seconds
[2023-08-26T17:08:40.439+0000] {processor.py:154} INFO - Started process (PID=673) to work on /home/airflow/.local/lib/python3.7/site-packages/airflow/example_dags/example_complex.py
[2023-08-26T17:08:40.440+0000] {processor.py:756} INFO - Processing file /home/airflow/.local/lib/python3.7/site-packages/airflow/example_dags/example_complex.py for tasks to queue
[2023-08-26T17:08:40.440+0000] {logging_mixin.py:120} INFO - [2023-08-26T17:08:40.440+0000] {dagbag.py:537} INFO - Filling up the DagBag from /home/airflow/.local/lib/python3.7/site-packages/airflow/example_dags/example_complex.py
[2023-08-26T17:08:40.447+0000] {logging_mixin.py:120} INFO - [2023-08-26T17:08:40.447+0000] {taskmixin.py:205} WARNING - Dependency <Task(BashOperator): create_entry_group>, delete_entry_group already registered for DAG: example_complex
[2023-08-26T17:08:40.447+0000] {logging_mixin.py:120} INFO - [2023-08-26T17:08:40.447+0000] {taskmixin.py:205} WARNING - Dependency <Task(BashOperator): delete_entry_group>, create_entry_group already registered for DAG: example_complex
[2023-08-26T17:08:40.448+0000] {logging_mixin.py:120} INFO - [2023-08-26T17:08:40.448+0000] {taskmixin.py:205} WARNING - Dependency <Task(BashOperator): create_entry_gcs>, delete_entry already registered for DAG: example_complex
[2023-08-26T17:08:40.448+0000] {logging_mixin.py:120} INFO - [2023-08-26T17:08:40.448+0000] {taskmixin.py:205} WARNING - Dependency <Task(BashOperator): delete_entry>, create_entry_gcs already registered for DAG: example_complex
[2023-08-26T17:08:40.448+0000] {logging_mixin.py:120} INFO - [2023-08-26T17:08:40.448+0000] {taskmixin.py:205} WARNING - Dependency <Task(BashOperator): create_tag>, delete_tag already registered for DAG: example_complex
[2023-08-26T17:08:40.448+0000] {logging_mixin.py:120} INFO - [2023-08-26T17:08:40.448+0000] {taskmixin.py:205} WARNING - Dependency <Task(BashOperator): delete_tag>, create_tag already registered for DAG: example_complex
[2023-08-26T17:08:40.453+0000] {processor.py:766} INFO - DAG(s) dict_keys(['example_complex']) retrieved from /home/airflow/.local/lib/python3.7/site-packages/airflow/example_dags/example_complex.py
[2023-08-26T17:08:40.484+0000] {logging_mixin.py:120} INFO - [2023-08-26T17:08:40.484+0000] {dag.py:2585} INFO - Sync 1 DAGs
[2023-08-26T17:08:40.499+0000] {logging_mixin.py:120} INFO - [2023-08-26T17:08:40.499+0000] {dag.py:3340} INFO - Setting next_dagrun for example_complex to None, run_after=None
[2023-08-26T17:08:40.513+0000] {processor.py:176} INFO - Processing /home/airflow/.local/lib/python3.7/site-packages/airflow/example_dags/example_complex.py took 0.077 seconds
