[2023-08-26T17:03:31.865+0000] {processor.py:154} INFO - Started process (PID=45) to work on /home/airflow/.local/lib/python3.7/site-packages/airflow/example_dags/example_task_group.py
[2023-08-26T17:03:31.866+0000] {processor.py:756} INFO - Processing file /home/airflow/.local/lib/python3.7/site-packages/airflow/example_dags/example_task_group.py for tasks to queue
[2023-08-26T17:03:31.866+0000] {logging_mixin.py:120} INFO - [2023-08-26T17:03:31.866+0000] {dagbag.py:537} INFO - Filling up the DagBag from /home/airflow/.local/lib/python3.7/site-packages/airflow/example_dags/example_task_group.py
[2023-08-26T17:03:31.879+0000] {processor.py:766} INFO - DAG(s) dict_keys(['example_task_group']) retrieved from /home/airflow/.local/lib/python3.7/site-packages/airflow/example_dags/example_task_group.py
[2023-08-26T17:03:31.982+0000] {logging_mixin.py:120} INFO - [2023-08-26T17:03:31.982+0000] {manager.py:507} INFO - Created Permission View: can edit on DAG:example_task_group
[2023-08-26T17:03:31.989+0000] {logging_mixin.py:120} INFO - [2023-08-26T17:03:31.989+0000] {manager.py:507} INFO - Created Permission View: can read on DAG:example_task_group
[2023-08-26T17:03:31.993+0000] {logging_mixin.py:120} INFO - [2023-08-26T17:03:31.993+0000] {manager.py:507} INFO - Created Permission View: can delete on DAG:example_task_group
[2023-08-26T17:03:31.993+0000] {logging_mixin.py:120} INFO - [2023-08-26T17:03:31.993+0000] {dag.py:2585} INFO - Sync 1 DAGs
[2023-08-26T17:03:32.001+0000] {logging_mixin.py:120} INFO - [2023-08-26T17:03:32.001+0000] {dag.py:2606} INFO - Creating ORM DAG for example_task_group
[2023-08-26T17:03:32.010+0000] {logging_mixin.py:120} INFO - [2023-08-26T17:03:32.010+0000] {dag.py:3340} INFO - Setting next_dagrun for example_task_group to 2023-08-25T17:03:32.010001+00:00, run_after=2023-08-26T17:03:32.010001+00:00
[2023-08-26T17:03:32.029+0000] {processor.py:176} INFO - Processing /home/airflow/.local/lib/python3.7/site-packages/airflow/example_dags/example_task_group.py took 0.166 seconds
[2023-08-26T17:04:02.113+0000] {processor.py:154} INFO - Started process (PID=107) to work on /home/airflow/.local/lib/python3.7/site-packages/airflow/example_dags/example_task_group.py
[2023-08-26T17:04:02.114+0000] {processor.py:756} INFO - Processing file /home/airflow/.local/lib/python3.7/site-packages/airflow/example_dags/example_task_group.py for tasks to queue
[2023-08-26T17:04:02.114+0000] {logging_mixin.py:120} INFO - [2023-08-26T17:04:02.114+0000] {dagbag.py:537} INFO - Filling up the DagBag from /home/airflow/.local/lib/python3.7/site-packages/airflow/example_dags/example_task_group.py
[2023-08-26T17:04:02.124+0000] {processor.py:766} INFO - DAG(s) dict_keys(['example_task_group']) retrieved from /home/airflow/.local/lib/python3.7/site-packages/airflow/example_dags/example_task_group.py
[2023-08-26T17:04:02.148+0000] {logging_mixin.py:120} INFO - [2023-08-26T17:04:02.148+0000] {dag.py:2585} INFO - Sync 1 DAGs
[2023-08-26T17:04:02.161+0000] {logging_mixin.py:120} INFO - [2023-08-26T17:04:02.160+0000] {dag.py:3340} INFO - Setting next_dagrun for example_task_group to 2023-08-25T17:04:02.160778+00:00, run_after=2023-08-26T17:04:02.160778+00:00
[2023-08-26T17:04:02.171+0000] {processor.py:176} INFO - Processing /home/airflow/.local/lib/python3.7/site-packages/airflow/example_dags/example_task_group.py took 0.060 seconds
[2023-08-26T17:04:32.701+0000] {processor.py:154} INFO - Started process (PID=171) to work on /home/airflow/.local/lib/python3.7/site-packages/airflow/example_dags/example_task_group.py
[2023-08-26T17:04:32.702+0000] {processor.py:756} INFO - Processing file /home/airflow/.local/lib/python3.7/site-packages/airflow/example_dags/example_task_group.py for tasks to queue
[2023-08-26T17:04:32.702+0000] {logging_mixin.py:120} INFO - [2023-08-26T17:04:32.702+0000] {dagbag.py:537} INFO - Filling up the DagBag from /home/airflow/.local/lib/python3.7/site-packages/airflow/example_dags/example_task_group.py
[2023-08-26T17:04:32.713+0000] {processor.py:766} INFO - DAG(s) dict_keys(['example_task_group']) retrieved from /home/airflow/.local/lib/python3.7/site-packages/airflow/example_dags/example_task_group.py
[2023-08-26T17:04:32.737+0000] {logging_mixin.py:120} INFO - [2023-08-26T17:04:32.737+0000] {dag.py:2585} INFO - Sync 1 DAGs
[2023-08-26T17:04:32.751+0000] {logging_mixin.py:120} INFO - [2023-08-26T17:04:32.751+0000] {dag.py:3340} INFO - Setting next_dagrun for example_task_group to 2023-08-25T17:04:32.751439+00:00, run_after=2023-08-26T17:04:32.751439+00:00
[2023-08-26T17:04:32.767+0000] {processor.py:176} INFO - Processing /home/airflow/.local/lib/python3.7/site-packages/airflow/example_dags/example_task_group.py took 0.068 seconds
[2023-08-26T17:05:03.607+0000] {processor.py:154} INFO - Started process (PID=234) to work on /home/airflow/.local/lib/python3.7/site-packages/airflow/example_dags/example_task_group.py
[2023-08-26T17:05:03.608+0000] {processor.py:756} INFO - Processing file /home/airflow/.local/lib/python3.7/site-packages/airflow/example_dags/example_task_group.py for tasks to queue
[2023-08-26T17:05:03.608+0000] {logging_mixin.py:120} INFO - [2023-08-26T17:05:03.608+0000] {dagbag.py:537} INFO - Filling up the DagBag from /home/airflow/.local/lib/python3.7/site-packages/airflow/example_dags/example_task_group.py
[2023-08-26T17:05:03.620+0000] {processor.py:766} INFO - DAG(s) dict_keys(['example_task_group']) retrieved from /home/airflow/.local/lib/python3.7/site-packages/airflow/example_dags/example_task_group.py
[2023-08-26T17:05:03.648+0000] {logging_mixin.py:120} INFO - [2023-08-26T17:05:03.648+0000] {dag.py:2585} INFO - Sync 1 DAGs
[2023-08-26T17:05:03.662+0000] {logging_mixin.py:120} INFO - [2023-08-26T17:05:03.662+0000] {dag.py:3340} INFO - Setting next_dagrun for example_task_group to 2023-08-25T17:05:03.661843+00:00, run_after=2023-08-26T17:05:03.661843+00:00
[2023-08-26T17:05:03.672+0000] {processor.py:176} INFO - Processing /home/airflow/.local/lib/python3.7/site-packages/airflow/example_dags/example_task_group.py took 0.068 seconds
[2023-08-26T17:05:34.621+0000] {processor.py:154} INFO - Started process (PID=298) to work on /home/airflow/.local/lib/python3.7/site-packages/airflow/example_dags/example_task_group.py
[2023-08-26T17:05:34.622+0000] {processor.py:756} INFO - Processing file /home/airflow/.local/lib/python3.7/site-packages/airflow/example_dags/example_task_group.py for tasks to queue
[2023-08-26T17:05:34.623+0000] {logging_mixin.py:120} INFO - [2023-08-26T17:05:34.623+0000] {dagbag.py:537} INFO - Filling up the DagBag from /home/airflow/.local/lib/python3.7/site-packages/airflow/example_dags/example_task_group.py
[2023-08-26T17:05:34.634+0000] {processor.py:766} INFO - DAG(s) dict_keys(['example_task_group']) retrieved from /home/airflow/.local/lib/python3.7/site-packages/airflow/example_dags/example_task_group.py
[2023-08-26T17:05:34.662+0000] {logging_mixin.py:120} INFO - [2023-08-26T17:05:34.661+0000] {dag.py:2585} INFO - Sync 1 DAGs
[2023-08-26T17:05:34.680+0000] {logging_mixin.py:120} INFO - [2023-08-26T17:05:34.680+0000] {dag.py:3340} INFO - Setting next_dagrun for example_task_group to 2023-08-25T17:05:34.679793+00:00, run_after=2023-08-26T17:05:34.679793+00:00
[2023-08-26T17:05:34.695+0000] {processor.py:176} INFO - Processing /home/airflow/.local/lib/python3.7/site-packages/airflow/example_dags/example_task_group.py took 0.076 seconds
[2023-08-26T17:06:04.756+0000] {processor.py:154} INFO - Started process (PID=352) to work on /home/airflow/.local/lib/python3.7/site-packages/airflow/example_dags/example_task_group.py
[2023-08-26T17:06:04.757+0000] {processor.py:756} INFO - Processing file /home/airflow/.local/lib/python3.7/site-packages/airflow/example_dags/example_task_group.py for tasks to queue
[2023-08-26T17:06:04.758+0000] {logging_mixin.py:120} INFO - [2023-08-26T17:06:04.758+0000] {dagbag.py:537} INFO - Filling up the DagBag from /home/airflow/.local/lib/python3.7/site-packages/airflow/example_dags/example_task_group.py
[2023-08-26T17:06:04.768+0000] {processor.py:766} INFO - DAG(s) dict_keys(['example_task_group']) retrieved from /home/airflow/.local/lib/python3.7/site-packages/airflow/example_dags/example_task_group.py
[2023-08-26T17:06:04.793+0000] {logging_mixin.py:120} INFO - [2023-08-26T17:06:04.793+0000] {dag.py:2585} INFO - Sync 1 DAGs
[2023-08-26T17:06:04.806+0000] {logging_mixin.py:120} INFO - [2023-08-26T17:06:04.806+0000] {dag.py:3340} INFO - Setting next_dagrun for example_task_group to 2023-08-25T17:06:04.806667+00:00, run_after=2023-08-26T17:06:04.806667+00:00
[2023-08-26T17:06:04.817+0000] {processor.py:176} INFO - Processing /home/airflow/.local/lib/python3.7/site-packages/airflow/example_dags/example_task_group.py took 0.063 seconds
[2023-08-26T17:06:35.876+0000] {processor.py:154} INFO - Started process (PID=415) to work on /home/airflow/.local/lib/python3.7/site-packages/airflow/example_dags/example_task_group.py
[2023-08-26T17:06:35.877+0000] {processor.py:756} INFO - Processing file /home/airflow/.local/lib/python3.7/site-packages/airflow/example_dags/example_task_group.py for tasks to queue
[2023-08-26T17:06:35.878+0000] {logging_mixin.py:120} INFO - [2023-08-26T17:06:35.878+0000] {dagbag.py:537} INFO - Filling up the DagBag from /home/airflow/.local/lib/python3.7/site-packages/airflow/example_dags/example_task_group.py
[2023-08-26T17:06:35.887+0000] {processor.py:766} INFO - DAG(s) dict_keys(['example_task_group']) retrieved from /home/airflow/.local/lib/python3.7/site-packages/airflow/example_dags/example_task_group.py
[2023-08-26T17:06:35.912+0000] {logging_mixin.py:120} INFO - [2023-08-26T17:06:35.912+0000] {dag.py:2585} INFO - Sync 1 DAGs
[2023-08-26T17:06:35.927+0000] {logging_mixin.py:120} INFO - [2023-08-26T17:06:35.927+0000] {dag.py:3340} INFO - Setting next_dagrun for example_task_group to 2023-08-25T17:06:35.926971+00:00, run_after=2023-08-26T17:06:35.926971+00:00
[2023-08-26T17:06:35.937+0000] {processor.py:176} INFO - Processing /home/airflow/.local/lib/python3.7/site-packages/airflow/example_dags/example_task_group.py took 0.064 seconds
[2023-08-26T17:07:06.805+0000] {processor.py:154} INFO - Started process (PID=477) to work on /home/airflow/.local/lib/python3.7/site-packages/airflow/example_dags/example_task_group.py
[2023-08-26T17:07:06.805+0000] {processor.py:756} INFO - Processing file /home/airflow/.local/lib/python3.7/site-packages/airflow/example_dags/example_task_group.py for tasks to queue
[2023-08-26T17:07:06.806+0000] {logging_mixin.py:120} INFO - [2023-08-26T17:07:06.806+0000] {dagbag.py:537} INFO - Filling up the DagBag from /home/airflow/.local/lib/python3.7/site-packages/airflow/example_dags/example_task_group.py
[2023-08-26T17:07:06.816+0000] {processor.py:766} INFO - DAG(s) dict_keys(['example_task_group']) retrieved from /home/airflow/.local/lib/python3.7/site-packages/airflow/example_dags/example_task_group.py
[2023-08-26T17:07:06.841+0000] {logging_mixin.py:120} INFO - [2023-08-26T17:07:06.841+0000] {dag.py:2585} INFO - Sync 1 DAGs
[2023-08-26T17:07:06.854+0000] {logging_mixin.py:120} INFO - [2023-08-26T17:07:06.854+0000] {dag.py:3340} INFO - Setting next_dagrun for example_task_group to 2023-08-25T17:07:06.854711+00:00, run_after=2023-08-26T17:07:06.854711+00:00
[2023-08-26T17:07:06.864+0000] {processor.py:176} INFO - Processing /home/airflow/.local/lib/python3.7/site-packages/airflow/example_dags/example_task_group.py took 0.062 seconds
[2023-08-26T17:07:38.094+0000] {processor.py:154} INFO - Started process (PID=540) to work on /home/airflow/.local/lib/python3.7/site-packages/airflow/example_dags/example_task_group.py
[2023-08-26T17:07:38.095+0000] {processor.py:756} INFO - Processing file /home/airflow/.local/lib/python3.7/site-packages/airflow/example_dags/example_task_group.py for tasks to queue
[2023-08-26T17:07:38.095+0000] {logging_mixin.py:120} INFO - [2023-08-26T17:07:38.095+0000] {dagbag.py:537} INFO - Filling up the DagBag from /home/airflow/.local/lib/python3.7/site-packages/airflow/example_dags/example_task_group.py
[2023-08-26T17:07:38.106+0000] {processor.py:766} INFO - DAG(s) dict_keys(['example_task_group']) retrieved from /home/airflow/.local/lib/python3.7/site-packages/airflow/example_dags/example_task_group.py
[2023-08-26T17:07:38.132+0000] {logging_mixin.py:120} INFO - [2023-08-26T17:07:38.132+0000] {dag.py:2585} INFO - Sync 1 DAGs
[2023-08-26T17:07:38.148+0000] {logging_mixin.py:120} INFO - [2023-08-26T17:07:38.147+0000] {dag.py:3340} INFO - Setting next_dagrun for example_task_group to 2023-08-25T17:07:38.147739+00:00, run_after=2023-08-26T17:07:38.147739+00:00
[2023-08-26T17:07:38.160+0000] {processor.py:176} INFO - Processing /home/airflow/.local/lib/python3.7/site-packages/airflow/example_dags/example_task_group.py took 0.068 seconds
[2023-08-26T17:08:09.080+0000] {processor.py:154} INFO - Started process (PID=603) to work on /home/airflow/.local/lib/python3.7/site-packages/airflow/example_dags/example_task_group.py
[2023-08-26T17:08:09.081+0000] {processor.py:756} INFO - Processing file /home/airflow/.local/lib/python3.7/site-packages/airflow/example_dags/example_task_group.py for tasks to queue
[2023-08-26T17:08:09.082+0000] {logging_mixin.py:120} INFO - [2023-08-26T17:08:09.082+0000] {dagbag.py:537} INFO - Filling up the DagBag from /home/airflow/.local/lib/python3.7/site-packages/airflow/example_dags/example_task_group.py
[2023-08-26T17:08:09.091+0000] {processor.py:766} INFO - DAG(s) dict_keys(['example_task_group']) retrieved from /home/airflow/.local/lib/python3.7/site-packages/airflow/example_dags/example_task_group.py
[2023-08-26T17:08:09.115+0000] {logging_mixin.py:120} INFO - [2023-08-26T17:08:09.115+0000] {dag.py:2585} INFO - Sync 1 DAGs
[2023-08-26T17:08:09.127+0000] {logging_mixin.py:120} INFO - [2023-08-26T17:08:09.127+0000] {dag.py:3340} INFO - Setting next_dagrun for example_task_group to 2023-08-25T17:08:09.127325+00:00, run_after=2023-08-26T17:08:09.127325+00:00
[2023-08-26T17:08:09.137+0000] {processor.py:176} INFO - Processing /home/airflow/.local/lib/python3.7/site-packages/airflow/example_dags/example_task_group.py took 0.059 seconds
[2023-08-26T17:08:40.092+0000] {processor.py:154} INFO - Started process (PID=666) to work on /home/airflow/.local/lib/python3.7/site-packages/airflow/example_dags/example_task_group.py
[2023-08-26T17:08:40.093+0000] {processor.py:756} INFO - Processing file /home/airflow/.local/lib/python3.7/site-packages/airflow/example_dags/example_task_group.py for tasks to queue
[2023-08-26T17:08:40.093+0000] {logging_mixin.py:120} INFO - [2023-08-26T17:08:40.093+0000] {dagbag.py:537} INFO - Filling up the DagBag from /home/airflow/.local/lib/python3.7/site-packages/airflow/example_dags/example_task_group.py
[2023-08-26T17:08:40.104+0000] {processor.py:766} INFO - DAG(s) dict_keys(['example_task_group']) retrieved from /home/airflow/.local/lib/python3.7/site-packages/airflow/example_dags/example_task_group.py
[2023-08-26T17:08:40.130+0000] {logging_mixin.py:120} INFO - [2023-08-26T17:08:40.130+0000] {dag.py:2585} INFO - Sync 1 DAGs
[2023-08-26T17:08:40.145+0000] {logging_mixin.py:120} INFO - [2023-08-26T17:08:40.145+0000] {dag.py:3340} INFO - Setting next_dagrun for example_task_group to 2023-08-25T17:08:40.145588+00:00, run_after=2023-08-26T17:08:40.145588+00:00
[2023-08-26T17:08:40.159+0000] {processor.py:176} INFO - Processing /home/airflow/.local/lib/python3.7/site-packages/airflow/example_dags/example_task_group.py took 0.071 seconds
[2023-08-26T17:09:10.321+0000] {processor.py:154} INFO - Started process (PID=728) to work on /home/airflow/.local/lib/python3.7/site-packages/airflow/example_dags/example_task_group.py
[2023-08-26T17:09:10.325+0000] {processor.py:756} INFO - Processing file /home/airflow/.local/lib/python3.7/site-packages/airflow/example_dags/example_task_group.py for tasks to queue
[2023-08-26T17:09:10.325+0000] {logging_mixin.py:120} INFO - [2023-08-26T17:09:10.325+0000] {dagbag.py:537} INFO - Filling up the DagBag from /home/airflow/.local/lib/python3.7/site-packages/airflow/example_dags/example_task_group.py
[2023-08-26T17:09:10.339+0000] {processor.py:766} INFO - DAG(s) dict_keys(['example_task_group']) retrieved from /home/airflow/.local/lib/python3.7/site-packages/airflow/example_dags/example_task_group.py
[2023-08-26T17:09:10.366+0000] {logging_mixin.py:120} INFO - [2023-08-26T17:09:10.366+0000] {dag.py:2585} INFO - Sync 1 DAGs
[2023-08-26T17:09:10.381+0000] {logging_mixin.py:120} INFO - [2023-08-26T17:09:10.380+0000] {dag.py:3340} INFO - Setting next_dagrun for example_task_group to 2023-08-25T17:09:10.380733+00:00, run_after=2023-08-26T17:09:10.380733+00:00
[2023-08-26T17:09:10.394+0000] {processor.py:176} INFO - Processing /home/airflow/.local/lib/python3.7/site-packages/airflow/example_dags/example_task_group.py took 0.076 seconds
[2023-08-26T17:09:40.545+0000] {processor.py:154} INFO - Started process (PID=782) to work on /home/airflow/.local/lib/python3.7/site-packages/airflow/example_dags/example_task_group.py
[2023-08-26T17:09:40.546+0000] {processor.py:756} INFO - Processing file /home/airflow/.local/lib/python3.7/site-packages/airflow/example_dags/example_task_group.py for tasks to queue
[2023-08-26T17:09:40.546+0000] {logging_mixin.py:120} INFO - [2023-08-26T17:09:40.546+0000] {dagbag.py:537} INFO - Filling up the DagBag from /home/airflow/.local/lib/python3.7/site-packages/airflow/example_dags/example_task_group.py
[2023-08-26T17:09:40.558+0000] {processor.py:766} INFO - DAG(s) dict_keys(['example_task_group']) retrieved from /home/airflow/.local/lib/python3.7/site-packages/airflow/example_dags/example_task_group.py
[2023-08-26T17:09:40.587+0000] {logging_mixin.py:120} INFO - [2023-08-26T17:09:40.587+0000] {dag.py:2585} INFO - Sync 1 DAGs
[2023-08-26T17:09:40.603+0000] {logging_mixin.py:120} INFO - [2023-08-26T17:09:40.603+0000] {dag.py:3340} INFO - Setting next_dagrun for example_task_group to 2023-08-25T17:09:40.603403+00:00, run_after=2023-08-26T17:09:40.603403+00:00
[2023-08-26T17:09:40.616+0000] {processor.py:176} INFO - Processing /home/airflow/.local/lib/python3.7/site-packages/airflow/example_dags/example_task_group.py took 0.074 seconds
[2023-08-26T17:10:10.744+0000] {processor.py:154} INFO - Started process (PID=845) to work on /home/airflow/.local/lib/python3.7/site-packages/airflow/example_dags/example_task_group.py
[2023-08-26T17:10:10.745+0000] {processor.py:756} INFO - Processing file /home/airflow/.local/lib/python3.7/site-packages/airflow/example_dags/example_task_group.py for tasks to queue
[2023-08-26T17:10:10.746+0000] {logging_mixin.py:120} INFO - [2023-08-26T17:10:10.746+0000] {dagbag.py:537} INFO - Filling up the DagBag from /home/airflow/.local/lib/python3.7/site-packages/airflow/example_dags/example_task_group.py
[2023-08-26T17:10:10.758+0000] {processor.py:766} INFO - DAG(s) dict_keys(['example_task_group']) retrieved from /home/airflow/.local/lib/python3.7/site-packages/airflow/example_dags/example_task_group.py
[2023-08-26T17:10:10.786+0000] {logging_mixin.py:120} INFO - [2023-08-26T17:10:10.786+0000] {dag.py:2585} INFO - Sync 1 DAGs
[2023-08-26T17:10:10.801+0000] {logging_mixin.py:120} INFO - [2023-08-26T17:10:10.801+0000] {dag.py:3340} INFO - Setting next_dagrun for example_task_group to 2023-08-25T17:10:10.801110+00:00, run_after=2023-08-26T17:10:10.801110+00:00
[2023-08-26T17:10:10.815+0000] {processor.py:176} INFO - Processing /home/airflow/.local/lib/python3.7/site-packages/airflow/example_dags/example_task_group.py took 0.074 seconds
[2023-08-26T17:10:40.926+0000] {processor.py:154} INFO - Started process (PID=908) to work on /home/airflow/.local/lib/python3.7/site-packages/airflow/example_dags/example_task_group.py
[2023-08-26T17:10:40.927+0000] {processor.py:756} INFO - Processing file /home/airflow/.local/lib/python3.7/site-packages/airflow/example_dags/example_task_group.py for tasks to queue
[2023-08-26T17:10:40.927+0000] {logging_mixin.py:120} INFO - [2023-08-26T17:10:40.927+0000] {dagbag.py:537} INFO - Filling up the DagBag from /home/airflow/.local/lib/python3.7/site-packages/airflow/example_dags/example_task_group.py
[2023-08-26T17:10:40.938+0000] {processor.py:766} INFO - DAG(s) dict_keys(['example_task_group']) retrieved from /home/airflow/.local/lib/python3.7/site-packages/airflow/example_dags/example_task_group.py
[2023-08-26T17:10:40.966+0000] {logging_mixin.py:120} INFO - [2023-08-26T17:10:40.966+0000] {dag.py:2585} INFO - Sync 1 DAGs
[2023-08-26T17:10:40.983+0000] {logging_mixin.py:120} INFO - [2023-08-26T17:10:40.983+0000] {dag.py:3340} INFO - Setting next_dagrun for example_task_group to 2023-08-25T17:10:40.983647+00:00, run_after=2023-08-26T17:10:40.983647+00:00
[2023-08-26T17:10:40.997+0000] {processor.py:176} INFO - Processing /home/airflow/.local/lib/python3.7/site-packages/airflow/example_dags/example_task_group.py took 0.073 seconds
[2023-08-26T17:11:11.192+0000] {processor.py:154} INFO - Started process (PID=971) to work on /home/airflow/.local/lib/python3.7/site-packages/airflow/example_dags/example_task_group.py
[2023-08-26T17:11:11.192+0000] {processor.py:756} INFO - Processing file /home/airflow/.local/lib/python3.7/site-packages/airflow/example_dags/example_task_group.py for tasks to queue
[2023-08-26T17:11:11.193+0000] {logging_mixin.py:120} INFO - [2023-08-26T17:11:11.193+0000] {dagbag.py:537} INFO - Filling up the DagBag from /home/airflow/.local/lib/python3.7/site-packages/airflow/example_dags/example_task_group.py
[2023-08-26T17:11:11.202+0000] {processor.py:766} INFO - DAG(s) dict_keys(['example_task_group']) retrieved from /home/airflow/.local/lib/python3.7/site-packages/airflow/example_dags/example_task_group.py
[2023-08-26T17:11:11.226+0000] {logging_mixin.py:120} INFO - [2023-08-26T17:11:11.226+0000] {dag.py:2585} INFO - Sync 1 DAGs
[2023-08-26T17:11:11.239+0000] {logging_mixin.py:120} INFO - [2023-08-26T17:11:11.239+0000] {dag.py:3340} INFO - Setting next_dagrun for example_task_group to 2023-08-25T17:11:11.239604+00:00, run_after=2023-08-26T17:11:11.239604+00:00
[2023-08-26T17:11:11.249+0000] {processor.py:176} INFO - Processing /home/airflow/.local/lib/python3.7/site-packages/airflow/example_dags/example_task_group.py took 0.060 seconds
[2023-08-26T17:11:42.268+0000] {processor.py:154} INFO - Started process (PID=1033) to work on /home/airflow/.local/lib/python3.7/site-packages/airflow/example_dags/example_task_group.py
[2023-08-26T17:11:42.269+0000] {processor.py:756} INFO - Processing file /home/airflow/.local/lib/python3.7/site-packages/airflow/example_dags/example_task_group.py for tasks to queue
[2023-08-26T17:11:42.269+0000] {logging_mixin.py:120} INFO - [2023-08-26T17:11:42.269+0000] {dagbag.py:537} INFO - Filling up the DagBag from /home/airflow/.local/lib/python3.7/site-packages/airflow/example_dags/example_task_group.py
[2023-08-26T17:11:42.278+0000] {processor.py:766} INFO - DAG(s) dict_keys(['example_task_group']) retrieved from /home/airflow/.local/lib/python3.7/site-packages/airflow/example_dags/example_task_group.py
[2023-08-26T17:11:42.303+0000] {logging_mixin.py:120} INFO - [2023-08-26T17:11:42.303+0000] {dag.py:2585} INFO - Sync 1 DAGs
[2023-08-26T17:11:42.315+0000] {logging_mixin.py:120} INFO - [2023-08-26T17:11:42.315+0000] {dag.py:3340} INFO - Setting next_dagrun for example_task_group to 2023-08-25T17:11:42.315572+00:00, run_after=2023-08-26T17:11:42.315572+00:00
[2023-08-26T17:11:42.325+0000] {processor.py:176} INFO - Processing /home/airflow/.local/lib/python3.7/site-packages/airflow/example_dags/example_task_group.py took 0.059 seconds
[2023-08-26T17:12:13.330+0000] {processor.py:154} INFO - Started process (PID=1096) to work on /home/airflow/.local/lib/python3.7/site-packages/airflow/example_dags/example_task_group.py
[2023-08-26T17:12:13.331+0000] {processor.py:756} INFO - Processing file /home/airflow/.local/lib/python3.7/site-packages/airflow/example_dags/example_task_group.py for tasks to queue
[2023-08-26T17:12:13.331+0000] {logging_mixin.py:120} INFO - [2023-08-26T17:12:13.331+0000] {dagbag.py:537} INFO - Filling up the DagBag from /home/airflow/.local/lib/python3.7/site-packages/airflow/example_dags/example_task_group.py
[2023-08-26T17:12:13.342+0000] {processor.py:766} INFO - DAG(s) dict_keys(['example_task_group']) retrieved from /home/airflow/.local/lib/python3.7/site-packages/airflow/example_dags/example_task_group.py
[2023-08-26T17:12:13.369+0000] {logging_mixin.py:120} INFO - [2023-08-26T17:12:13.369+0000] {dag.py:2585} INFO - Sync 1 DAGs
[2023-08-26T17:12:13.384+0000] {logging_mixin.py:120} INFO - [2023-08-26T17:12:13.384+0000] {dag.py:3340} INFO - Setting next_dagrun for example_task_group to 2023-08-25T17:12:13.383860+00:00, run_after=2023-08-26T17:12:13.383860+00:00
[2023-08-26T17:12:13.400+0000] {processor.py:176} INFO - Processing /home/airflow/.local/lib/python3.7/site-packages/airflow/example_dags/example_task_group.py took 0.074 seconds
[2023-08-26T17:12:44.449+0000] {processor.py:154} INFO - Started process (PID=1156) to work on /home/airflow/.local/lib/python3.7/site-packages/airflow/example_dags/example_task_group.py
[2023-08-26T17:12:44.451+0000] {processor.py:756} INFO - Processing file /home/airflow/.local/lib/python3.7/site-packages/airflow/example_dags/example_task_group.py for tasks to queue
[2023-08-26T17:12:44.452+0000] {logging_mixin.py:120} INFO - [2023-08-26T17:12:44.452+0000] {dagbag.py:537} INFO - Filling up the DagBag from /home/airflow/.local/lib/python3.7/site-packages/airflow/example_dags/example_task_group.py
[2023-08-26T17:12:44.465+0000] {processor.py:766} INFO - DAG(s) dict_keys(['example_task_group']) retrieved from /home/airflow/.local/lib/python3.7/site-packages/airflow/example_dags/example_task_group.py
[2023-08-26T17:12:44.497+0000] {logging_mixin.py:120} INFO - [2023-08-26T17:12:44.496+0000] {dag.py:2585} INFO - Sync 1 DAGs
[2023-08-26T17:12:44.510+0000] {logging_mixin.py:120} INFO - [2023-08-26T17:12:44.510+0000] {dag.py:3340} INFO - Setting next_dagrun for example_task_group to 2023-08-25T17:12:44.510437+00:00, run_after=2023-08-26T17:12:44.510437+00:00
[2023-08-26T17:12:44.522+0000] {processor.py:176} INFO - Processing /home/airflow/.local/lib/python3.7/site-packages/airflow/example_dags/example_task_group.py took 0.078 seconds
[2023-08-26T17:13:14.599+0000] {processor.py:154} INFO - Started process (PID=1219) to work on /home/airflow/.local/lib/python3.7/site-packages/airflow/example_dags/example_task_group.py
[2023-08-26T17:13:14.600+0000] {processor.py:756} INFO - Processing file /home/airflow/.local/lib/python3.7/site-packages/airflow/example_dags/example_task_group.py for tasks to queue
[2023-08-26T17:13:14.601+0000] {logging_mixin.py:120} INFO - [2023-08-26T17:13:14.601+0000] {dagbag.py:537} INFO - Filling up the DagBag from /home/airflow/.local/lib/python3.7/site-packages/airflow/example_dags/example_task_group.py
[2023-08-26T17:13:14.612+0000] {processor.py:766} INFO - DAG(s) dict_keys(['example_task_group']) retrieved from /home/airflow/.local/lib/python3.7/site-packages/airflow/example_dags/example_task_group.py
[2023-08-26T17:13:14.643+0000] {logging_mixin.py:120} INFO - [2023-08-26T17:13:14.643+0000] {dag.py:2585} INFO - Sync 1 DAGs
[2023-08-26T17:13:14.663+0000] {logging_mixin.py:120} INFO - [2023-08-26T17:13:14.663+0000] {dag.py:3340} INFO - Setting next_dagrun for example_task_group to 2023-08-25T17:13:14.663186+00:00, run_after=2023-08-26T17:13:14.663186+00:00
[2023-08-26T17:13:14.679+0000] {processor.py:176} INFO - Processing /home/airflow/.local/lib/python3.7/site-packages/airflow/example_dags/example_task_group.py took 0.082 seconds
[2023-08-26T17:13:44.980+0000] {processor.py:154} INFO - Started process (PID=1282) to work on /home/airflow/.local/lib/python3.7/site-packages/airflow/example_dags/example_task_group.py
[2023-08-26T17:13:44.981+0000] {processor.py:756} INFO - Processing file /home/airflow/.local/lib/python3.7/site-packages/airflow/example_dags/example_task_group.py for tasks to queue
[2023-08-26T17:13:44.981+0000] {logging_mixin.py:120} INFO - [2023-08-26T17:13:44.981+0000] {dagbag.py:537} INFO - Filling up the DagBag from /home/airflow/.local/lib/python3.7/site-packages/airflow/example_dags/example_task_group.py
[2023-08-26T17:13:44.992+0000] {processor.py:766} INFO - DAG(s) dict_keys(['example_task_group']) retrieved from /home/airflow/.local/lib/python3.7/site-packages/airflow/example_dags/example_task_group.py
[2023-08-26T17:13:45.017+0000] {logging_mixin.py:120} INFO - [2023-08-26T17:13:45.017+0000] {dag.py:2585} INFO - Sync 1 DAGs
[2023-08-26T17:13:45.030+0000] {logging_mixin.py:120} INFO - [2023-08-26T17:13:45.030+0000] {dag.py:3340} INFO - Setting next_dagrun for example_task_group to 2023-08-25T17:13:45.030278+00:00, run_after=2023-08-26T17:13:45.030278+00:00
[2023-08-26T17:13:45.040+0000] {processor.py:176} INFO - Processing /home/airflow/.local/lib/python3.7/site-packages/airflow/example_dags/example_task_group.py took 0.062 seconds
[2023-08-26T17:14:15.997+0000] {processor.py:154} INFO - Started process (PID=1345) to work on /home/airflow/.local/lib/python3.7/site-packages/airflow/example_dags/example_task_group.py
[2023-08-26T17:14:15.998+0000] {processor.py:756} INFO - Processing file /home/airflow/.local/lib/python3.7/site-packages/airflow/example_dags/example_task_group.py for tasks to queue
[2023-08-26T17:14:15.999+0000] {logging_mixin.py:120} INFO - [2023-08-26T17:14:15.999+0000] {dagbag.py:537} INFO - Filling up the DagBag from /home/airflow/.local/lib/python3.7/site-packages/airflow/example_dags/example_task_group.py
[2023-08-26T17:14:16.012+0000] {processor.py:766} INFO - DAG(s) dict_keys(['example_task_group']) retrieved from /home/airflow/.local/lib/python3.7/site-packages/airflow/example_dags/example_task_group.py
[2023-08-26T17:14:16.040+0000] {logging_mixin.py:120} INFO - [2023-08-26T17:14:16.040+0000] {dag.py:2585} INFO - Sync 1 DAGs
[2023-08-26T17:14:16.057+0000] {logging_mixin.py:120} INFO - [2023-08-26T17:14:16.057+0000] {dag.py:3340} INFO - Setting next_dagrun for example_task_group to 2023-08-25T17:14:16.057130+00:00, run_after=2023-08-26T17:14:16.057130+00:00
[2023-08-26T17:14:16.073+0000] {processor.py:176} INFO - Processing /home/airflow/.local/lib/python3.7/site-packages/airflow/example_dags/example_task_group.py took 0.078 seconds
[2023-08-26T17:14:46.212+0000] {processor.py:154} INFO - Started process (PID=1410) to work on /home/airflow/.local/lib/python3.7/site-packages/airflow/example_dags/example_task_group.py
[2023-08-26T17:14:46.212+0000] {processor.py:756} INFO - Processing file /home/airflow/.local/lib/python3.7/site-packages/airflow/example_dags/example_task_group.py for tasks to queue
[2023-08-26T17:14:46.213+0000] {logging_mixin.py:120} INFO - [2023-08-26T17:14:46.213+0000] {dagbag.py:537} INFO - Filling up the DagBag from /home/airflow/.local/lib/python3.7/site-packages/airflow/example_dags/example_task_group.py
[2023-08-26T17:14:46.223+0000] {processor.py:766} INFO - DAG(s) dict_keys(['example_task_group']) retrieved from /home/airflow/.local/lib/python3.7/site-packages/airflow/example_dags/example_task_group.py
[2023-08-26T17:14:46.246+0000] {logging_mixin.py:120} INFO - [2023-08-26T17:14:46.246+0000] {dag.py:2585} INFO - Sync 1 DAGs
[2023-08-26T17:14:46.261+0000] {logging_mixin.py:120} INFO - [2023-08-26T17:14:46.261+0000] {dag.py:3340} INFO - Setting next_dagrun for example_task_group to 2023-08-25T17:14:46.261564+00:00, run_after=2023-08-26T17:14:46.261564+00:00
[2023-08-26T17:14:46.271+0000] {processor.py:176} INFO - Processing /home/airflow/.local/lib/python3.7/site-packages/airflow/example_dags/example_task_group.py took 0.061 seconds
[2023-08-26T17:15:16.362+0000] {processor.py:154} INFO - Started process (PID=1473) to work on /home/airflow/.local/lib/python3.7/site-packages/airflow/example_dags/example_task_group.py
[2023-08-26T17:15:16.363+0000] {processor.py:756} INFO - Processing file /home/airflow/.local/lib/python3.7/site-packages/airflow/example_dags/example_task_group.py for tasks to queue
[2023-08-26T17:15:16.363+0000] {logging_mixin.py:120} INFO - [2023-08-26T17:15:16.363+0000] {dagbag.py:537} INFO - Filling up the DagBag from /home/airflow/.local/lib/python3.7/site-packages/airflow/example_dags/example_task_group.py
[2023-08-26T17:15:16.373+0000] {processor.py:766} INFO - DAG(s) dict_keys(['example_task_group']) retrieved from /home/airflow/.local/lib/python3.7/site-packages/airflow/example_dags/example_task_group.py
[2023-08-26T17:15:16.397+0000] {logging_mixin.py:120} INFO - [2023-08-26T17:15:16.397+0000] {dag.py:2585} INFO - Sync 1 DAGs
[2023-08-26T17:15:16.410+0000] {logging_mixin.py:120} INFO - [2023-08-26T17:15:16.410+0000] {dag.py:3340} INFO - Setting next_dagrun for example_task_group to 2023-08-25T17:15:16.409911+00:00, run_after=2023-08-26T17:15:16.409911+00:00
[2023-08-26T17:15:16.419+0000] {processor.py:176} INFO - Processing /home/airflow/.local/lib/python3.7/site-packages/airflow/example_dags/example_task_group.py took 0.059 seconds
[2023-08-26T17:15:46.597+0000] {processor.py:154} INFO - Started process (PID=1528) to work on /home/airflow/.local/lib/python3.7/site-packages/airflow/example_dags/example_task_group.py
[2023-08-26T17:15:46.597+0000] {processor.py:756} INFO - Processing file /home/airflow/.local/lib/python3.7/site-packages/airflow/example_dags/example_task_group.py for tasks to queue
[2023-08-26T17:15:46.598+0000] {logging_mixin.py:120} INFO - [2023-08-26T17:15:46.598+0000] {dagbag.py:537} INFO - Filling up the DagBag from /home/airflow/.local/lib/python3.7/site-packages/airflow/example_dags/example_task_group.py
[2023-08-26T17:15:46.609+0000] {processor.py:766} INFO - DAG(s) dict_keys(['example_task_group']) retrieved from /home/airflow/.local/lib/python3.7/site-packages/airflow/example_dags/example_task_group.py
[2023-08-26T17:15:46.634+0000] {logging_mixin.py:120} INFO - [2023-08-26T17:15:46.634+0000] {dag.py:2585} INFO - Sync 1 DAGs
[2023-08-26T17:15:46.648+0000] {logging_mixin.py:120} INFO - [2023-08-26T17:15:46.648+0000] {dag.py:3340} INFO - Setting next_dagrun for example_task_group to 2023-08-25T17:15:46.648244+00:00, run_after=2023-08-26T17:15:46.648244+00:00
[2023-08-26T17:15:46.658+0000] {processor.py:176} INFO - Processing /home/airflow/.local/lib/python3.7/site-packages/airflow/example_dags/example_task_group.py took 0.063 seconds
[2023-08-26T17:16:17.627+0000] {processor.py:154} INFO - Started process (PID=1591) to work on /home/airflow/.local/lib/python3.7/site-packages/airflow/example_dags/example_task_group.py
[2023-08-26T17:16:17.628+0000] {processor.py:756} INFO - Processing file /home/airflow/.local/lib/python3.7/site-packages/airflow/example_dags/example_task_group.py for tasks to queue
[2023-08-26T17:16:17.629+0000] {logging_mixin.py:120} INFO - [2023-08-26T17:16:17.629+0000] {dagbag.py:537} INFO - Filling up the DagBag from /home/airflow/.local/lib/python3.7/site-packages/airflow/example_dags/example_task_group.py
[2023-08-26T17:16:17.640+0000] {processor.py:766} INFO - DAG(s) dict_keys(['example_task_group']) retrieved from /home/airflow/.local/lib/python3.7/site-packages/airflow/example_dags/example_task_group.py
[2023-08-26T17:16:17.668+0000] {logging_mixin.py:120} INFO - [2023-08-26T17:16:17.668+0000] {dag.py:2585} INFO - Sync 1 DAGs
[2023-08-26T17:16:17.685+0000] {logging_mixin.py:120} INFO - [2023-08-26T17:16:17.685+0000] {dag.py:3340} INFO - Setting next_dagrun for example_task_group to 2023-08-25T17:16:17.685203+00:00, run_after=2023-08-26T17:16:17.685203+00:00
[2023-08-26T17:16:17.700+0000] {processor.py:176} INFO - Processing /home/airflow/.local/lib/python3.7/site-packages/airflow/example_dags/example_task_group.py took 0.075 seconds
[2023-08-26T17:16:48.678+0000] {processor.py:154} INFO - Started process (PID=1654) to work on /home/airflow/.local/lib/python3.7/site-packages/airflow/example_dags/example_task_group.py
[2023-08-26T17:16:48.679+0000] {processor.py:756} INFO - Processing file /home/airflow/.local/lib/python3.7/site-packages/airflow/example_dags/example_task_group.py for tasks to queue
[2023-08-26T17:16:48.679+0000] {logging_mixin.py:120} INFO - [2023-08-26T17:16:48.679+0000] {dagbag.py:537} INFO - Filling up the DagBag from /home/airflow/.local/lib/python3.7/site-packages/airflow/example_dags/example_task_group.py
[2023-08-26T17:16:48.689+0000] {processor.py:766} INFO - DAG(s) dict_keys(['example_task_group']) retrieved from /home/airflow/.local/lib/python3.7/site-packages/airflow/example_dags/example_task_group.py
[2023-08-26T17:16:48.713+0000] {logging_mixin.py:120} INFO - [2023-08-26T17:16:48.713+0000] {dag.py:2585} INFO - Sync 1 DAGs
[2023-08-26T17:16:48.727+0000] {logging_mixin.py:120} INFO - [2023-08-26T17:16:48.727+0000] {dag.py:3340} INFO - Setting next_dagrun for example_task_group to 2023-08-25T17:16:48.727474+00:00, run_after=2023-08-26T17:16:48.727474+00:00
[2023-08-26T17:16:48.737+0000] {processor.py:176} INFO - Processing /home/airflow/.local/lib/python3.7/site-packages/airflow/example_dags/example_task_group.py took 0.061 seconds
[2023-08-26T17:17:18.809+0000] {processor.py:154} INFO - Started process (PID=1718) to work on /home/airflow/.local/lib/python3.7/site-packages/airflow/example_dags/example_task_group.py
[2023-08-26T17:17:18.810+0000] {processor.py:756} INFO - Processing file /home/airflow/.local/lib/python3.7/site-packages/airflow/example_dags/example_task_group.py for tasks to queue
[2023-08-26T17:17:18.811+0000] {logging_mixin.py:120} INFO - [2023-08-26T17:17:18.811+0000] {dagbag.py:537} INFO - Filling up the DagBag from /home/airflow/.local/lib/python3.7/site-packages/airflow/example_dags/example_task_group.py
[2023-08-26T17:17:18.821+0000] {processor.py:766} INFO - DAG(s) dict_keys(['example_task_group']) retrieved from /home/airflow/.local/lib/python3.7/site-packages/airflow/example_dags/example_task_group.py
[2023-08-26T17:17:18.848+0000] {logging_mixin.py:120} INFO - [2023-08-26T17:17:18.848+0000] {dag.py:2585} INFO - Sync 1 DAGs
[2023-08-26T17:17:18.868+0000] {logging_mixin.py:120} INFO - [2023-08-26T17:17:18.867+0000] {dag.py:3340} INFO - Setting next_dagrun for example_task_group to 2023-08-25T17:17:18.867674+00:00, run_after=2023-08-26T17:17:18.867674+00:00
[2023-08-26T17:17:18.879+0000] {processor.py:176} INFO - Processing /home/airflow/.local/lib/python3.7/site-packages/airflow/example_dags/example_task_group.py took 0.072 seconds
[2023-08-26T17:17:48.934+0000] {processor.py:154} INFO - Started process (PID=1780) to work on /home/airflow/.local/lib/python3.7/site-packages/airflow/example_dags/example_task_group.py
[2023-08-26T17:17:48.935+0000] {processor.py:756} INFO - Processing file /home/airflow/.local/lib/python3.7/site-packages/airflow/example_dags/example_task_group.py for tasks to queue
[2023-08-26T17:17:48.935+0000] {logging_mixin.py:120} INFO - [2023-08-26T17:17:48.935+0000] {dagbag.py:537} INFO - Filling up the DagBag from /home/airflow/.local/lib/python3.7/site-packages/airflow/example_dags/example_task_group.py
[2023-08-26T17:17:48.945+0000] {processor.py:766} INFO - DAG(s) dict_keys(['example_task_group']) retrieved from /home/airflow/.local/lib/python3.7/site-packages/airflow/example_dags/example_task_group.py
[2023-08-26T17:17:48.970+0000] {logging_mixin.py:120} INFO - [2023-08-26T17:17:48.970+0000] {dag.py:2585} INFO - Sync 1 DAGs
[2023-08-26T17:17:48.982+0000] {logging_mixin.py:120} INFO - [2023-08-26T17:17:48.982+0000] {dag.py:3340} INFO - Setting next_dagrun for example_task_group to 2023-08-25T17:17:48.982546+00:00, run_after=2023-08-26T17:17:48.982546+00:00
[2023-08-26T17:17:48.991+0000] {processor.py:176} INFO - Processing /home/airflow/.local/lib/python3.7/site-packages/airflow/example_dags/example_task_group.py took 0.059 seconds
[2023-08-26T17:18:19.993+0000] {processor.py:154} INFO - Started process (PID=1843) to work on /home/airflow/.local/lib/python3.7/site-packages/airflow/example_dags/example_task_group.py
[2023-08-26T17:18:19.995+0000] {processor.py:756} INFO - Processing file /home/airflow/.local/lib/python3.7/site-packages/airflow/example_dags/example_task_group.py for tasks to queue
[2023-08-26T17:18:19.995+0000] {logging_mixin.py:120} INFO - [2023-08-26T17:18:19.995+0000] {dagbag.py:537} INFO - Filling up the DagBag from /home/airflow/.local/lib/python3.7/site-packages/airflow/example_dags/example_task_group.py
[2023-08-26T17:18:20.012+0000] {processor.py:766} INFO - DAG(s) dict_keys(['example_task_group']) retrieved from /home/airflow/.local/lib/python3.7/site-packages/airflow/example_dags/example_task_group.py
[2023-08-26T17:18:20.051+0000] {logging_mixin.py:120} INFO - [2023-08-26T17:18:20.050+0000] {dag.py:2585} INFO - Sync 1 DAGs
[2023-08-26T17:18:20.067+0000] {logging_mixin.py:120} INFO - [2023-08-26T17:18:20.067+0000] {dag.py:3340} INFO - Setting next_dagrun for example_task_group to 2023-08-25T17:18:20.067014+00:00, run_after=2023-08-26T17:18:20.067014+00:00
[2023-08-26T17:18:20.077+0000] {processor.py:176} INFO - Processing /home/airflow/.local/lib/python3.7/site-packages/airflow/example_dags/example_task_group.py took 0.088 seconds
[2023-08-26T17:18:50.154+0000] {processor.py:154} INFO - Started process (PID=1896) to work on /home/airflow/.local/lib/python3.7/site-packages/airflow/example_dags/example_task_group.py
[2023-08-26T17:18:50.155+0000] {processor.py:756} INFO - Processing file /home/airflow/.local/lib/python3.7/site-packages/airflow/example_dags/example_task_group.py for tasks to queue
[2023-08-26T17:18:50.155+0000] {logging_mixin.py:120} INFO - [2023-08-26T17:18:50.155+0000] {dagbag.py:537} INFO - Filling up the DagBag from /home/airflow/.local/lib/python3.7/site-packages/airflow/example_dags/example_task_group.py
[2023-08-26T17:18:50.166+0000] {processor.py:766} INFO - DAG(s) dict_keys(['example_task_group']) retrieved from /home/airflow/.local/lib/python3.7/site-packages/airflow/example_dags/example_task_group.py
[2023-08-26T17:18:50.193+0000] {logging_mixin.py:120} INFO - [2023-08-26T17:18:50.193+0000] {dag.py:2585} INFO - Sync 1 DAGs
[2023-08-26T17:18:50.208+0000] {logging_mixin.py:120} INFO - [2023-08-26T17:18:50.208+0000] {dag.py:3340} INFO - Setting next_dagrun for example_task_group to 2023-08-25T17:18:50.208656+00:00, run_after=2023-08-26T17:18:50.208656+00:00
[2023-08-26T17:18:50.223+0000] {processor.py:176} INFO - Processing /home/airflow/.local/lib/python3.7/site-packages/airflow/example_dags/example_task_group.py took 0.071 seconds
[2023-08-26T17:19:20.648+0000] {processor.py:154} INFO - Started process (PID=1959) to work on /home/airflow/.local/lib/python3.7/site-packages/airflow/example_dags/example_task_group.py
[2023-08-26T17:19:20.649+0000] {processor.py:756} INFO - Processing file /home/airflow/.local/lib/python3.7/site-packages/airflow/example_dags/example_task_group.py for tasks to queue
[2023-08-26T17:19:20.650+0000] {logging_mixin.py:120} INFO - [2023-08-26T17:19:20.650+0000] {dagbag.py:537} INFO - Filling up the DagBag from /home/airflow/.local/lib/python3.7/site-packages/airflow/example_dags/example_task_group.py
[2023-08-26T17:19:20.663+0000] {processor.py:766} INFO - DAG(s) dict_keys(['example_task_group']) retrieved from /home/airflow/.local/lib/python3.7/site-packages/airflow/example_dags/example_task_group.py
[2023-08-26T17:19:20.701+0000] {logging_mixin.py:120} INFO - [2023-08-26T17:19:20.701+0000] {dag.py:2585} INFO - Sync 1 DAGs
[2023-08-26T17:19:20.715+0000] {logging_mixin.py:120} INFO - [2023-08-26T17:19:20.715+0000] {dag.py:3340} INFO - Setting next_dagrun for example_task_group to 2023-08-25T17:19:20.715234+00:00, run_after=2023-08-26T17:19:20.715234+00:00
[2023-08-26T17:19:20.726+0000] {processor.py:176} INFO - Processing /home/airflow/.local/lib/python3.7/site-packages/airflow/example_dags/example_task_group.py took 0.080 seconds
[2023-08-26T17:19:51.664+0000] {processor.py:154} INFO - Started process (PID=2022) to work on /home/airflow/.local/lib/python3.7/site-packages/airflow/example_dags/example_task_group.py
[2023-08-26T17:19:51.665+0000] {processor.py:756} INFO - Processing file /home/airflow/.local/lib/python3.7/site-packages/airflow/example_dags/example_task_group.py for tasks to queue
[2023-08-26T17:19:51.666+0000] {logging_mixin.py:120} INFO - [2023-08-26T17:19:51.666+0000] {dagbag.py:537} INFO - Filling up the DagBag from /home/airflow/.local/lib/python3.7/site-packages/airflow/example_dags/example_task_group.py
[2023-08-26T17:19:51.676+0000] {processor.py:766} INFO - DAG(s) dict_keys(['example_task_group']) retrieved from /home/airflow/.local/lib/python3.7/site-packages/airflow/example_dags/example_task_group.py
[2023-08-26T17:19:51.704+0000] {logging_mixin.py:120} INFO - [2023-08-26T17:19:51.704+0000] {dag.py:2585} INFO - Sync 1 DAGs
[2023-08-26T17:19:51.720+0000] {logging_mixin.py:120} INFO - [2023-08-26T17:19:51.720+0000] {dag.py:3340} INFO - Setting next_dagrun for example_task_group to 2023-08-25T17:19:51.720537+00:00, run_after=2023-08-26T17:19:51.720537+00:00
[2023-08-26T17:19:51.732+0000] {processor.py:176} INFO - Processing /home/airflow/.local/lib/python3.7/site-packages/airflow/example_dags/example_task_group.py took 0.070 seconds
[2023-08-26T17:20:21.790+0000] {processor.py:154} INFO - Started process (PID=2085) to work on /home/airflow/.local/lib/python3.7/site-packages/airflow/example_dags/example_task_group.py
[2023-08-26T17:20:21.790+0000] {processor.py:756} INFO - Processing file /home/airflow/.local/lib/python3.7/site-packages/airflow/example_dags/example_task_group.py for tasks to queue
[2023-08-26T17:20:21.791+0000] {logging_mixin.py:120} INFO - [2023-08-26T17:20:21.791+0000] {dagbag.py:537} INFO - Filling up the DagBag from /home/airflow/.local/lib/python3.7/site-packages/airflow/example_dags/example_task_group.py
[2023-08-26T17:20:21.802+0000] {processor.py:766} INFO - DAG(s) dict_keys(['example_task_group']) retrieved from /home/airflow/.local/lib/python3.7/site-packages/airflow/example_dags/example_task_group.py
[2023-08-26T17:20:21.830+0000] {logging_mixin.py:120} INFO - [2023-08-26T17:20:21.830+0000] {dag.py:2585} INFO - Sync 1 DAGs
[2023-08-26T17:20:21.843+0000] {logging_mixin.py:120} INFO - [2023-08-26T17:20:21.843+0000] {dag.py:3340} INFO - Setting next_dagrun for example_task_group to 2023-08-25T17:20:21.843439+00:00, run_after=2023-08-26T17:20:21.843439+00:00
[2023-08-26T17:20:21.854+0000] {processor.py:176} INFO - Processing /home/airflow/.local/lib/python3.7/site-packages/airflow/example_dags/example_task_group.py took 0.066 seconds
[2023-08-26T17:20:52.173+0000] {processor.py:154} INFO - Started process (PID=2148) to work on /home/airflow/.local/lib/python3.7/site-packages/airflow/example_dags/example_task_group.py
[2023-08-26T17:20:52.174+0000] {processor.py:756} INFO - Processing file /home/airflow/.local/lib/python3.7/site-packages/airflow/example_dags/example_task_group.py for tasks to queue
[2023-08-26T17:20:52.175+0000] {logging_mixin.py:120} INFO - [2023-08-26T17:20:52.175+0000] {dagbag.py:537} INFO - Filling up the DagBag from /home/airflow/.local/lib/python3.7/site-packages/airflow/example_dags/example_task_group.py
[2023-08-26T17:20:52.187+0000] {processor.py:766} INFO - DAG(s) dict_keys(['example_task_group']) retrieved from /home/airflow/.local/lib/python3.7/site-packages/airflow/example_dags/example_task_group.py
[2023-08-26T17:20:52.216+0000] {logging_mixin.py:120} INFO - [2023-08-26T17:20:52.216+0000] {dag.py:2585} INFO - Sync 1 DAGs
[2023-08-26T17:20:52.232+0000] {logging_mixin.py:120} INFO - [2023-08-26T17:20:52.232+0000] {dag.py:3340} INFO - Setting next_dagrun for example_task_group to 2023-08-25T17:20:52.232044+00:00, run_after=2023-08-26T17:20:52.232044+00:00
[2023-08-26T17:20:52.245+0000] {processor.py:176} INFO - Processing /home/airflow/.local/lib/python3.7/site-packages/airflow/example_dags/example_task_group.py took 0.074 seconds
[2023-08-26T17:21:22.304+0000] {processor.py:154} INFO - Started process (PID=2211) to work on /home/airflow/.local/lib/python3.7/site-packages/airflow/example_dags/example_task_group.py
[2023-08-26T17:21:22.305+0000] {processor.py:756} INFO - Processing file /home/airflow/.local/lib/python3.7/site-packages/airflow/example_dags/example_task_group.py for tasks to queue
[2023-08-26T17:21:22.306+0000] {logging_mixin.py:120} INFO - [2023-08-26T17:21:22.306+0000] {dagbag.py:537} INFO - Filling up the DagBag from /home/airflow/.local/lib/python3.7/site-packages/airflow/example_dags/example_task_group.py
[2023-08-26T17:21:22.317+0000] {processor.py:766} INFO - DAG(s) dict_keys(['example_task_group']) retrieved from /home/airflow/.local/lib/python3.7/site-packages/airflow/example_dags/example_task_group.py
[2023-08-26T17:21:22.357+0000] {logging_mixin.py:120} INFO - [2023-08-26T17:21:22.357+0000] {dag.py:2585} INFO - Sync 1 DAGs
[2023-08-26T17:21:22.376+0000] {logging_mixin.py:120} INFO - [2023-08-26T17:21:22.376+0000] {dag.py:3340} INFO - Setting next_dagrun for example_task_group to 2023-08-25T17:21:22.376435+00:00, run_after=2023-08-26T17:21:22.376435+00:00
[2023-08-26T17:21:22.397+0000] {processor.py:176} INFO - Processing /home/airflow/.local/lib/python3.7/site-packages/airflow/example_dags/example_task_group.py took 0.096 seconds
[2023-08-26T17:21:52.768+0000] {processor.py:154} INFO - Started process (PID=2265) to work on /home/airflow/.local/lib/python3.7/site-packages/airflow/example_dags/example_task_group.py
[2023-08-26T17:21:52.769+0000] {processor.py:756} INFO - Processing file /home/airflow/.local/lib/python3.7/site-packages/airflow/example_dags/example_task_group.py for tasks to queue
[2023-08-26T17:21:52.770+0000] {logging_mixin.py:120} INFO - [2023-08-26T17:21:52.770+0000] {dagbag.py:537} INFO - Filling up the DagBag from /home/airflow/.local/lib/python3.7/site-packages/airflow/example_dags/example_task_group.py
[2023-08-26T17:21:52.782+0000] {processor.py:766} INFO - DAG(s) dict_keys(['example_task_group']) retrieved from /home/airflow/.local/lib/python3.7/site-packages/airflow/example_dags/example_task_group.py
[2023-08-26T17:21:52.808+0000] {logging_mixin.py:120} INFO - [2023-08-26T17:21:52.808+0000] {dag.py:2585} INFO - Sync 1 DAGs
[2023-08-26T17:21:52.824+0000] {logging_mixin.py:120} INFO - [2023-08-26T17:21:52.824+0000] {dag.py:3340} INFO - Setting next_dagrun for example_task_group to 2023-08-25T17:21:52.824007+00:00, run_after=2023-08-26T17:21:52.824007+00:00
[2023-08-26T17:21:52.835+0000] {processor.py:176} INFO - Processing /home/airflow/.local/lib/python3.7/site-packages/airflow/example_dags/example_task_group.py took 0.069 seconds
[2023-08-26T17:22:22.929+0000] {processor.py:154} INFO - Started process (PID=2328) to work on /home/airflow/.local/lib/python3.7/site-packages/airflow/example_dags/example_task_group.py
[2023-08-26T17:22:22.930+0000] {processor.py:756} INFO - Processing file /home/airflow/.local/lib/python3.7/site-packages/airflow/example_dags/example_task_group.py for tasks to queue
[2023-08-26T17:22:22.931+0000] {logging_mixin.py:120} INFO - [2023-08-26T17:22:22.931+0000] {dagbag.py:537} INFO - Filling up the DagBag from /home/airflow/.local/lib/python3.7/site-packages/airflow/example_dags/example_task_group.py
[2023-08-26T17:22:22.941+0000] {processor.py:766} INFO - DAG(s) dict_keys(['example_task_group']) retrieved from /home/airflow/.local/lib/python3.7/site-packages/airflow/example_dags/example_task_group.py
[2023-08-26T17:22:22.967+0000] {logging_mixin.py:120} INFO - [2023-08-26T17:22:22.966+0000] {dag.py:2585} INFO - Sync 1 DAGs
[2023-08-26T17:22:22.981+0000] {logging_mixin.py:120} INFO - [2023-08-26T17:22:22.981+0000] {dag.py:3340} INFO - Setting next_dagrun for example_task_group to 2023-08-25T17:22:22.981471+00:00, run_after=2023-08-26T17:22:22.981471+00:00
[2023-08-26T17:22:22.992+0000] {processor.py:176} INFO - Processing /home/airflow/.local/lib/python3.7/site-packages/airflow/example_dags/example_task_group.py took 0.064 seconds
[2023-08-26T17:22:53.122+0000] {processor.py:154} INFO - Started process (PID=2389) to work on /home/airflow/.local/lib/python3.7/site-packages/airflow/example_dags/example_task_group.py
[2023-08-26T17:22:53.123+0000] {processor.py:756} INFO - Processing file /home/airflow/.local/lib/python3.7/site-packages/airflow/example_dags/example_task_group.py for tasks to queue
[2023-08-26T17:22:53.123+0000] {logging_mixin.py:120} INFO - [2023-08-26T17:22:53.123+0000] {dagbag.py:537} INFO - Filling up the DagBag from /home/airflow/.local/lib/python3.7/site-packages/airflow/example_dags/example_task_group.py
[2023-08-26T17:22:53.133+0000] {processor.py:766} INFO - DAG(s) dict_keys(['example_task_group']) retrieved from /home/airflow/.local/lib/python3.7/site-packages/airflow/example_dags/example_task_group.py
[2023-08-26T17:22:53.159+0000] {logging_mixin.py:120} INFO - [2023-08-26T17:22:53.159+0000] {dag.py:2585} INFO - Sync 1 DAGs
[2023-08-26T17:22:53.179+0000] {logging_mixin.py:120} INFO - [2023-08-26T17:22:53.179+0000] {dag.py:3340} INFO - Setting next_dagrun for example_task_group to 2023-08-25T17:22:53.179582+00:00, run_after=2023-08-26T17:22:53.179582+00:00
[2023-08-26T17:22:53.194+0000] {processor.py:176} INFO - Processing /home/airflow/.local/lib/python3.7/site-packages/airflow/example_dags/example_task_group.py took 0.074 seconds
[2023-08-26T17:23:23.426+0000] {processor.py:154} INFO - Started process (PID=2452) to work on /home/airflow/.local/lib/python3.7/site-packages/airflow/example_dags/example_task_group.py
[2023-08-26T17:23:23.427+0000] {processor.py:756} INFO - Processing file /home/airflow/.local/lib/python3.7/site-packages/airflow/example_dags/example_task_group.py for tasks to queue
[2023-08-26T17:23:23.428+0000] {logging_mixin.py:120} INFO - [2023-08-26T17:23:23.428+0000] {dagbag.py:537} INFO - Filling up the DagBag from /home/airflow/.local/lib/python3.7/site-packages/airflow/example_dags/example_task_group.py
[2023-08-26T17:23:23.438+0000] {processor.py:766} INFO - DAG(s) dict_keys(['example_task_group']) retrieved from /home/airflow/.local/lib/python3.7/site-packages/airflow/example_dags/example_task_group.py
[2023-08-26T17:23:23.466+0000] {logging_mixin.py:120} INFO - [2023-08-26T17:23:23.466+0000] {dag.py:2585} INFO - Sync 1 DAGs
[2023-08-26T17:23:23.481+0000] {logging_mixin.py:120} INFO - [2023-08-26T17:23:23.481+0000] {dag.py:3340} INFO - Setting next_dagrun for example_task_group to 2023-08-25T17:23:23.481233+00:00, run_after=2023-08-26T17:23:23.481233+00:00
[2023-08-26T17:23:23.495+0000] {processor.py:176} INFO - Processing /home/airflow/.local/lib/python3.7/site-packages/airflow/example_dags/example_task_group.py took 0.070 seconds
[2023-08-26T17:23:53.733+0000] {processor.py:154} INFO - Started process (PID=2514) to work on /home/airflow/.local/lib/python3.7/site-packages/airflow/example_dags/example_task_group.py
[2023-08-26T17:23:53.734+0000] {processor.py:756} INFO - Processing file /home/airflow/.local/lib/python3.7/site-packages/airflow/example_dags/example_task_group.py for tasks to queue
[2023-08-26T17:23:53.735+0000] {logging_mixin.py:120} INFO - [2023-08-26T17:23:53.735+0000] {dagbag.py:537} INFO - Filling up the DagBag from /home/airflow/.local/lib/python3.7/site-packages/airflow/example_dags/example_task_group.py
[2023-08-26T17:23:53.745+0000] {processor.py:766} INFO - DAG(s) dict_keys(['example_task_group']) retrieved from /home/airflow/.local/lib/python3.7/site-packages/airflow/example_dags/example_task_group.py
[2023-08-26T17:23:53.771+0000] {logging_mixin.py:120} INFO - [2023-08-26T17:23:53.771+0000] {dag.py:2585} INFO - Sync 1 DAGs
[2023-08-26T17:23:53.784+0000] {logging_mixin.py:120} INFO - [2023-08-26T17:23:53.784+0000] {dag.py:3340} INFO - Setting next_dagrun for example_task_group to 2023-08-25T17:23:53.784739+00:00, run_after=2023-08-26T17:23:53.784739+00:00
[2023-08-26T17:23:53.794+0000] {processor.py:176} INFO - Processing /home/airflow/.local/lib/python3.7/site-packages/airflow/example_dags/example_task_group.py took 0.063 seconds
[2023-08-26T17:24:23.903+0000] {processor.py:154} INFO - Started process (PID=2569) to work on /home/airflow/.local/lib/python3.7/site-packages/airflow/example_dags/example_task_group.py
[2023-08-26T17:24:23.904+0000] {processor.py:756} INFO - Processing file /home/airflow/.local/lib/python3.7/site-packages/airflow/example_dags/example_task_group.py for tasks to queue
[2023-08-26T17:24:23.904+0000] {logging_mixin.py:120} INFO - [2023-08-26T17:24:23.904+0000] {dagbag.py:537} INFO - Filling up the DagBag from /home/airflow/.local/lib/python3.7/site-packages/airflow/example_dags/example_task_group.py
[2023-08-26T17:24:23.914+0000] {processor.py:766} INFO - DAG(s) dict_keys(['example_task_group']) retrieved from /home/airflow/.local/lib/python3.7/site-packages/airflow/example_dags/example_task_group.py
[2023-08-26T17:24:23.938+0000] {logging_mixin.py:120} INFO - [2023-08-26T17:24:23.938+0000] {dag.py:2585} INFO - Sync 1 DAGs
[2023-08-26T17:24:23.952+0000] {logging_mixin.py:120} INFO - [2023-08-26T17:24:23.952+0000] {dag.py:3340} INFO - Setting next_dagrun for example_task_group to 2023-08-25T17:24:23.951876+00:00, run_after=2023-08-26T17:24:23.951876+00:00
[2023-08-26T17:24:23.961+0000] {processor.py:176} INFO - Processing /home/airflow/.local/lib/python3.7/site-packages/airflow/example_dags/example_task_group.py took 0.059 seconds
[2023-08-26T17:24:54.243+0000] {processor.py:154} INFO - Started process (PID=2633) to work on /home/airflow/.local/lib/python3.7/site-packages/airflow/example_dags/example_task_group.py
[2023-08-26T17:24:54.244+0000] {processor.py:756} INFO - Processing file /home/airflow/.local/lib/python3.7/site-packages/airflow/example_dags/example_task_group.py for tasks to queue
[2023-08-26T17:24:54.244+0000] {logging_mixin.py:120} INFO - [2023-08-26T17:24:54.244+0000] {dagbag.py:537} INFO - Filling up the DagBag from /home/airflow/.local/lib/python3.7/site-packages/airflow/example_dags/example_task_group.py
[2023-08-26T17:24:54.255+0000] {processor.py:766} INFO - DAG(s) dict_keys(['example_task_group']) retrieved from /home/airflow/.local/lib/python3.7/site-packages/airflow/example_dags/example_task_group.py
[2023-08-26T17:24:54.280+0000] {logging_mixin.py:120} INFO - [2023-08-26T17:24:54.279+0000] {dag.py:2585} INFO - Sync 1 DAGs
[2023-08-26T17:24:54.294+0000] {logging_mixin.py:120} INFO - [2023-08-26T17:24:54.294+0000] {dag.py:3340} INFO - Setting next_dagrun for example_task_group to 2023-08-25T17:24:54.294472+00:00, run_after=2023-08-26T17:24:54.294472+00:00
[2023-08-26T17:24:54.304+0000] {processor.py:176} INFO - Processing /home/airflow/.local/lib/python3.7/site-packages/airflow/example_dags/example_task_group.py took 0.062 seconds
[2023-08-26T17:25:24.594+0000] {processor.py:154} INFO - Started process (PID=2697) to work on /home/airflow/.local/lib/python3.7/site-packages/airflow/example_dags/example_task_group.py
[2023-08-26T17:25:24.595+0000] {processor.py:756} INFO - Processing file /home/airflow/.local/lib/python3.7/site-packages/airflow/example_dags/example_task_group.py for tasks to queue
[2023-08-26T17:25:24.595+0000] {logging_mixin.py:120} INFO - [2023-08-26T17:25:24.595+0000] {dagbag.py:537} INFO - Filling up the DagBag from /home/airflow/.local/lib/python3.7/site-packages/airflow/example_dags/example_task_group.py
[2023-08-26T17:25:24.607+0000] {processor.py:766} INFO - DAG(s) dict_keys(['example_task_group']) retrieved from /home/airflow/.local/lib/python3.7/site-packages/airflow/example_dags/example_task_group.py
[2023-08-26T17:25:24.631+0000] {logging_mixin.py:120} INFO - [2023-08-26T17:25:24.631+0000] {dag.py:2585} INFO - Sync 1 DAGs
[2023-08-26T17:25:24.646+0000] {logging_mixin.py:120} INFO - [2023-08-26T17:25:24.646+0000] {dag.py:3340} INFO - Setting next_dagrun for example_task_group to 2023-08-25T17:25:24.646544+00:00, run_after=2023-08-26T17:25:24.646544+00:00
[2023-08-26T17:25:24.660+0000] {processor.py:176} INFO - Processing /home/airflow/.local/lib/python3.7/site-packages/airflow/example_dags/example_task_group.py took 0.068 seconds
[2023-08-26T17:25:54.705+0000] {processor.py:154} INFO - Started process (PID=2759) to work on /home/airflow/.local/lib/python3.7/site-packages/airflow/example_dags/example_task_group.py
[2023-08-26T17:25:54.706+0000] {processor.py:756} INFO - Processing file /home/airflow/.local/lib/python3.7/site-packages/airflow/example_dags/example_task_group.py for tasks to queue
[2023-08-26T17:25:54.707+0000] {logging_mixin.py:120} INFO - [2023-08-26T17:25:54.707+0000] {dagbag.py:537} INFO - Filling up the DagBag from /home/airflow/.local/lib/python3.7/site-packages/airflow/example_dags/example_task_group.py
[2023-08-26T17:25:54.716+0000] {processor.py:766} INFO - DAG(s) dict_keys(['example_task_group']) retrieved from /home/airflow/.local/lib/python3.7/site-packages/airflow/example_dags/example_task_group.py
[2023-08-26T17:25:54.742+0000] {logging_mixin.py:120} INFO - [2023-08-26T17:25:54.742+0000] {dag.py:2585} INFO - Sync 1 DAGs
[2023-08-26T17:25:54.755+0000] {logging_mixin.py:120} INFO - [2023-08-26T17:25:54.755+0000] {dag.py:3340} INFO - Setting next_dagrun for example_task_group to 2023-08-25T17:25:54.755237+00:00, run_after=2023-08-26T17:25:54.755237+00:00
[2023-08-26T17:25:54.765+0000] {processor.py:176} INFO - Processing /home/airflow/.local/lib/python3.7/site-packages/airflow/example_dags/example_task_group.py took 0.062 seconds
[2023-08-26T17:26:24.891+0000] {processor.py:154} INFO - Started process (PID=2822) to work on /home/airflow/.local/lib/python3.7/site-packages/airflow/example_dags/example_task_group.py
[2023-08-26T17:26:24.892+0000] {processor.py:756} INFO - Processing file /home/airflow/.local/lib/python3.7/site-packages/airflow/example_dags/example_task_group.py for tasks to queue
[2023-08-26T17:26:24.892+0000] {logging_mixin.py:120} INFO - [2023-08-26T17:26:24.892+0000] {dagbag.py:537} INFO - Filling up the DagBag from /home/airflow/.local/lib/python3.7/site-packages/airflow/example_dags/example_task_group.py
[2023-08-26T17:26:24.904+0000] {processor.py:766} INFO - DAG(s) dict_keys(['example_task_group']) retrieved from /home/airflow/.local/lib/python3.7/site-packages/airflow/example_dags/example_task_group.py
[2023-08-26T17:26:24.930+0000] {logging_mixin.py:120} INFO - [2023-08-26T17:26:24.930+0000] {dag.py:2585} INFO - Sync 1 DAGs
[2023-08-26T17:26:24.945+0000] {logging_mixin.py:120} INFO - [2023-08-26T17:26:24.945+0000] {dag.py:3340} INFO - Setting next_dagrun for example_task_group to 2023-08-25T17:26:24.945597+00:00, run_after=2023-08-26T17:26:24.945597+00:00
[2023-08-26T17:26:24.956+0000] {processor.py:176} INFO - Processing /home/airflow/.local/lib/python3.7/site-packages/airflow/example_dags/example_task_group.py took 0.067 seconds
[2023-08-26T17:26:55.843+0000] {processor.py:154} INFO - Started process (PID=2876) to work on /home/airflow/.local/lib/python3.7/site-packages/airflow/example_dags/example_task_group.py
[2023-08-26T17:26:55.844+0000] {processor.py:756} INFO - Processing file /home/airflow/.local/lib/python3.7/site-packages/airflow/example_dags/example_task_group.py for tasks to queue
[2023-08-26T17:26:55.844+0000] {logging_mixin.py:120} INFO - [2023-08-26T17:26:55.844+0000] {dagbag.py:537} INFO - Filling up the DagBag from /home/airflow/.local/lib/python3.7/site-packages/airflow/example_dags/example_task_group.py
[2023-08-26T17:26:55.854+0000] {processor.py:766} INFO - DAG(s) dict_keys(['example_task_group']) retrieved from /home/airflow/.local/lib/python3.7/site-packages/airflow/example_dags/example_task_group.py
[2023-08-26T17:26:55.879+0000] {logging_mixin.py:120} INFO - [2023-08-26T17:26:55.878+0000] {dag.py:2585} INFO - Sync 1 DAGs
[2023-08-26T17:26:55.892+0000] {logging_mixin.py:120} INFO - [2023-08-26T17:26:55.892+0000] {dag.py:3340} INFO - Setting next_dagrun for example_task_group to 2023-08-25T17:26:55.892648+00:00, run_after=2023-08-26T17:26:55.892648+00:00
[2023-08-26T17:26:55.905+0000] {processor.py:176} INFO - Processing /home/airflow/.local/lib/python3.7/site-packages/airflow/example_dags/example_task_group.py took 0.064 seconds
[2023-08-26T17:27:26.869+0000] {processor.py:154} INFO - Started process (PID=2937) to work on /home/airflow/.local/lib/python3.7/site-packages/airflow/example_dags/example_task_group.py
[2023-08-26T17:27:26.870+0000] {processor.py:756} INFO - Processing file /home/airflow/.local/lib/python3.7/site-packages/airflow/example_dags/example_task_group.py for tasks to queue
[2023-08-26T17:27:26.871+0000] {logging_mixin.py:120} INFO - [2023-08-26T17:27:26.870+0000] {dagbag.py:537} INFO - Filling up the DagBag from /home/airflow/.local/lib/python3.7/site-packages/airflow/example_dags/example_task_group.py
[2023-08-26T17:27:26.883+0000] {processor.py:766} INFO - DAG(s) dict_keys(['example_task_group']) retrieved from /home/airflow/.local/lib/python3.7/site-packages/airflow/example_dags/example_task_group.py
[2023-08-26T17:27:26.914+0000] {logging_mixin.py:120} INFO - [2023-08-26T17:27:26.914+0000] {dag.py:2585} INFO - Sync 1 DAGs
[2023-08-26T17:27:26.931+0000] {logging_mixin.py:120} INFO - [2023-08-26T17:27:26.930+0000] {dag.py:3340} INFO - Setting next_dagrun for example_task_group to 2023-08-25T17:27:26.930728+00:00, run_after=2023-08-26T17:27:26.930728+00:00
[2023-08-26T17:27:26.942+0000] {processor.py:176} INFO - Processing /home/airflow/.local/lib/python3.7/site-packages/airflow/example_dags/example_task_group.py took 0.076 seconds
[2023-08-26T17:27:57.015+0000] {processor.py:154} INFO - Started process (PID=2999) to work on /home/airflow/.local/lib/python3.7/site-packages/airflow/example_dags/example_task_group.py
[2023-08-26T17:27:57.016+0000] {processor.py:756} INFO - Processing file /home/airflow/.local/lib/python3.7/site-packages/airflow/example_dags/example_task_group.py for tasks to queue
[2023-08-26T17:27:57.016+0000] {logging_mixin.py:120} INFO - [2023-08-26T17:27:57.016+0000] {dagbag.py:537} INFO - Filling up the DagBag from /home/airflow/.local/lib/python3.7/site-packages/airflow/example_dags/example_task_group.py
[2023-08-26T17:27:57.026+0000] {processor.py:766} INFO - DAG(s) dict_keys(['example_task_group']) retrieved from /home/airflow/.local/lib/python3.7/site-packages/airflow/example_dags/example_task_group.py
[2023-08-26T17:27:57.052+0000] {logging_mixin.py:120} INFO - [2023-08-26T17:27:57.052+0000] {dag.py:2585} INFO - Sync 1 DAGs
[2023-08-26T17:27:57.066+0000] {logging_mixin.py:120} INFO - [2023-08-26T17:27:57.066+0000] {dag.py:3340} INFO - Setting next_dagrun for example_task_group to 2023-08-25T17:27:57.066736+00:00, run_after=2023-08-26T17:27:57.066736+00:00
[2023-08-26T17:27:57.077+0000] {processor.py:176} INFO - Processing /home/airflow/.local/lib/python3.7/site-packages/airflow/example_dags/example_task_group.py took 0.064 seconds
[2023-08-26T17:28:27.182+0000] {processor.py:154} INFO - Started process (PID=3062) to work on /home/airflow/.local/lib/python3.7/site-packages/airflow/example_dags/example_task_group.py
[2023-08-26T17:28:27.182+0000] {processor.py:756} INFO - Processing file /home/airflow/.local/lib/python3.7/site-packages/airflow/example_dags/example_task_group.py for tasks to queue
[2023-08-26T17:28:27.183+0000] {logging_mixin.py:120} INFO - [2023-08-26T17:28:27.182+0000] {dagbag.py:537} INFO - Filling up the DagBag from /home/airflow/.local/lib/python3.7/site-packages/airflow/example_dags/example_task_group.py
[2023-08-26T17:28:27.194+0000] {processor.py:766} INFO - DAG(s) dict_keys(['example_task_group']) retrieved from /home/airflow/.local/lib/python3.7/site-packages/airflow/example_dags/example_task_group.py
[2023-08-26T17:28:27.220+0000] {logging_mixin.py:120} INFO - [2023-08-26T17:28:27.219+0000] {dag.py:2585} INFO - Sync 1 DAGs
[2023-08-26T17:28:27.234+0000] {logging_mixin.py:120} INFO - [2023-08-26T17:28:27.234+0000] {dag.py:3340} INFO - Setting next_dagrun for example_task_group to 2023-08-25T17:28:27.234348+00:00, run_after=2023-08-26T17:28:27.234348+00:00
[2023-08-26T17:28:27.245+0000] {processor.py:176} INFO - Processing /home/airflow/.local/lib/python3.7/site-packages/airflow/example_dags/example_task_group.py took 0.066 seconds
[2023-08-26T17:28:58.304+0000] {processor.py:154} INFO - Started process (PID=3124) to work on /home/airflow/.local/lib/python3.7/site-packages/airflow/example_dags/example_task_group.py
[2023-08-26T17:28:58.305+0000] {processor.py:756} INFO - Processing file /home/airflow/.local/lib/python3.7/site-packages/airflow/example_dags/example_task_group.py for tasks to queue
[2023-08-26T17:28:58.306+0000] {logging_mixin.py:120} INFO - [2023-08-26T17:28:58.306+0000] {dagbag.py:537} INFO - Filling up the DagBag from /home/airflow/.local/lib/python3.7/site-packages/airflow/example_dags/example_task_group.py
[2023-08-26T17:28:58.316+0000] {processor.py:766} INFO - DAG(s) dict_keys(['example_task_group']) retrieved from /home/airflow/.local/lib/python3.7/site-packages/airflow/example_dags/example_task_group.py
[2023-08-26T17:28:58.341+0000] {logging_mixin.py:120} INFO - [2023-08-26T17:28:58.341+0000] {dag.py:2585} INFO - Sync 1 DAGs
[2023-08-26T17:28:58.355+0000] {logging_mixin.py:120} INFO - [2023-08-26T17:28:58.355+0000] {dag.py:3340} INFO - Setting next_dagrun for example_task_group to 2023-08-25T17:28:58.355713+00:00, run_after=2023-08-26T17:28:58.355713+00:00
[2023-08-26T17:28:58.366+0000] {processor.py:176} INFO - Processing /home/airflow/.local/lib/python3.7/site-packages/airflow/example_dags/example_task_group.py took 0.065 seconds
[2023-08-26T17:29:28.585+0000] {processor.py:154} INFO - Started process (PID=3187) to work on /home/airflow/.local/lib/python3.7/site-packages/airflow/example_dags/example_task_group.py
[2023-08-26T17:29:28.586+0000] {processor.py:756} INFO - Processing file /home/airflow/.local/lib/python3.7/site-packages/airflow/example_dags/example_task_group.py for tasks to queue
[2023-08-26T17:29:28.587+0000] {logging_mixin.py:120} INFO - [2023-08-26T17:29:28.587+0000] {dagbag.py:537} INFO - Filling up the DagBag from /home/airflow/.local/lib/python3.7/site-packages/airflow/example_dags/example_task_group.py
[2023-08-26T17:29:28.597+0000] {processor.py:766} INFO - DAG(s) dict_keys(['example_task_group']) retrieved from /home/airflow/.local/lib/python3.7/site-packages/airflow/example_dags/example_task_group.py
[2023-08-26T17:29:28.625+0000] {logging_mixin.py:120} INFO - [2023-08-26T17:29:28.625+0000] {dag.py:2585} INFO - Sync 1 DAGs
[2023-08-26T17:29:28.639+0000] {logging_mixin.py:120} INFO - [2023-08-26T17:29:28.639+0000] {dag.py:3340} INFO - Setting next_dagrun for example_task_group to 2023-08-25T17:29:28.639459+00:00, run_after=2023-08-26T17:29:28.639459+00:00
[2023-08-26T17:29:28.652+0000] {processor.py:176} INFO - Processing /home/airflow/.local/lib/python3.7/site-packages/airflow/example_dags/example_task_group.py took 0.070 seconds
[2023-08-26T17:29:58.856+0000] {processor.py:154} INFO - Started process (PID=3249) to work on /home/airflow/.local/lib/python3.7/site-packages/airflow/example_dags/example_task_group.py
[2023-08-26T17:29:58.857+0000] {processor.py:756} INFO - Processing file /home/airflow/.local/lib/python3.7/site-packages/airflow/example_dags/example_task_group.py for tasks to queue
[2023-08-26T17:29:58.857+0000] {logging_mixin.py:120} INFO - [2023-08-26T17:29:58.857+0000] {dagbag.py:537} INFO - Filling up the DagBag from /home/airflow/.local/lib/python3.7/site-packages/airflow/example_dags/example_task_group.py
[2023-08-26T17:29:58.867+0000] {processor.py:766} INFO - DAG(s) dict_keys(['example_task_group']) retrieved from /home/airflow/.local/lib/python3.7/site-packages/airflow/example_dags/example_task_group.py
[2023-08-26T17:29:58.897+0000] {logging_mixin.py:120} INFO - [2023-08-26T17:29:58.897+0000] {dag.py:2585} INFO - Sync 1 DAGs
[2023-08-26T17:29:58.913+0000] {logging_mixin.py:120} INFO - [2023-08-26T17:29:58.913+0000] {dag.py:3340} INFO - Setting next_dagrun for example_task_group to 2023-08-25T17:29:58.912861+00:00, run_after=2023-08-26T17:29:58.912861+00:00
[2023-08-26T17:29:58.924+0000] {processor.py:176} INFO - Processing /home/airflow/.local/lib/python3.7/site-packages/airflow/example_dags/example_task_group.py took 0.071 seconds
[2023-08-26T17:30:29.021+0000] {processor.py:154} INFO - Started process (PID=3304) to work on /home/airflow/.local/lib/python3.7/site-packages/airflow/example_dags/example_task_group.py
[2023-08-26T17:30:29.022+0000] {processor.py:756} INFO - Processing file /home/airflow/.local/lib/python3.7/site-packages/airflow/example_dags/example_task_group.py for tasks to queue
[2023-08-26T17:30:29.022+0000] {logging_mixin.py:120} INFO - [2023-08-26T17:30:29.022+0000] {dagbag.py:537} INFO - Filling up the DagBag from /home/airflow/.local/lib/python3.7/site-packages/airflow/example_dags/example_task_group.py
[2023-08-26T17:30:29.032+0000] {processor.py:766} INFO - DAG(s) dict_keys(['example_task_group']) retrieved from /home/airflow/.local/lib/python3.7/site-packages/airflow/example_dags/example_task_group.py
[2023-08-26T17:30:29.059+0000] {logging_mixin.py:120} INFO - [2023-08-26T17:30:29.059+0000] {dag.py:2585} INFO - Sync 1 DAGs
[2023-08-26T17:30:29.076+0000] {logging_mixin.py:120} INFO - [2023-08-26T17:30:29.076+0000] {dag.py:3340} INFO - Setting next_dagrun for example_task_group to 2023-08-25T17:30:29.076229+00:00, run_after=2023-08-26T17:30:29.076229+00:00
[2023-08-26T17:30:29.089+0000] {processor.py:176} INFO - Processing /home/airflow/.local/lib/python3.7/site-packages/airflow/example_dags/example_task_group.py took 0.070 seconds
[2023-08-26T17:30:59.270+0000] {processor.py:154} INFO - Started process (PID=3367) to work on /home/airflow/.local/lib/python3.7/site-packages/airflow/example_dags/example_task_group.py
[2023-08-26T17:30:59.271+0000] {processor.py:756} INFO - Processing file /home/airflow/.local/lib/python3.7/site-packages/airflow/example_dags/example_task_group.py for tasks to queue
[2023-08-26T17:30:59.273+0000] {logging_mixin.py:120} INFO - [2023-08-26T17:30:59.273+0000] {dagbag.py:537} INFO - Filling up the DagBag from /home/airflow/.local/lib/python3.7/site-packages/airflow/example_dags/example_task_group.py
[2023-08-26T17:30:59.285+0000] {processor.py:766} INFO - DAG(s) dict_keys(['example_task_group']) retrieved from /home/airflow/.local/lib/python3.7/site-packages/airflow/example_dags/example_task_group.py
[2023-08-26T17:30:59.317+0000] {logging_mixin.py:120} INFO - [2023-08-26T17:30:59.317+0000] {dag.py:2585} INFO - Sync 1 DAGs
[2023-08-26T17:30:59.335+0000] {logging_mixin.py:120} INFO - [2023-08-26T17:30:59.335+0000] {dag.py:3340} INFO - Setting next_dagrun for example_task_group to 2023-08-25T17:30:59.334911+00:00, run_after=2023-08-26T17:30:59.334911+00:00
[2023-08-26T17:30:59.347+0000] {processor.py:176} INFO - Processing /home/airflow/.local/lib/python3.7/site-packages/airflow/example_dags/example_task_group.py took 0.080 seconds
[2023-08-26T17:31:29.473+0000] {processor.py:154} INFO - Started process (PID=3430) to work on /home/airflow/.local/lib/python3.7/site-packages/airflow/example_dags/example_task_group.py
[2023-08-26T17:31:29.474+0000] {processor.py:756} INFO - Processing file /home/airflow/.local/lib/python3.7/site-packages/airflow/example_dags/example_task_group.py for tasks to queue
[2023-08-26T17:31:29.474+0000] {logging_mixin.py:120} INFO - [2023-08-26T17:31:29.474+0000] {dagbag.py:537} INFO - Filling up the DagBag from /home/airflow/.local/lib/python3.7/site-packages/airflow/example_dags/example_task_group.py
[2023-08-26T17:31:29.485+0000] {processor.py:766} INFO - DAG(s) dict_keys(['example_task_group']) retrieved from /home/airflow/.local/lib/python3.7/site-packages/airflow/example_dags/example_task_group.py
[2023-08-26T17:31:29.511+0000] {logging_mixin.py:120} INFO - [2023-08-26T17:31:29.511+0000] {dag.py:2585} INFO - Sync 1 DAGs
[2023-08-26T17:31:29.525+0000] {logging_mixin.py:120} INFO - [2023-08-26T17:31:29.525+0000] {dag.py:3340} INFO - Setting next_dagrun for example_task_group to 2023-08-25T17:31:29.525384+00:00, run_after=2023-08-26T17:31:29.525384+00:00
[2023-08-26T17:31:29.536+0000] {processor.py:176} INFO - Processing /home/airflow/.local/lib/python3.7/site-packages/airflow/example_dags/example_task_group.py took 0.065 seconds
