[2023-08-26T17:03:32.145+0000] {processor.py:154} INFO - Started process (PID=48) to work on /home/airflow/.local/lib/python3.7/site-packages/airflow/example_dags/example_task_group_decorator.py
[2023-08-26T17:03:32.146+0000] {processor.py:756} INFO - Processing file /home/airflow/.local/lib/python3.7/site-packages/airflow/example_dags/example_task_group_decorator.py for tasks to queue
[2023-08-26T17:03:32.146+0000] {logging_mixin.py:120} INFO - [2023-08-26T17:03:32.146+0000] {dagbag.py:537} INFO - Filling up the DagBag from /home/airflow/.local/lib/python3.7/site-packages/airflow/example_dags/example_task_group_decorator.py
[2023-08-26T17:03:32.175+0000] {processor.py:766} INFO - DAG(s) dict_keys(['example_task_group_decorator']) retrieved from /home/airflow/.local/lib/python3.7/site-packages/airflow/example_dags/example_task_group_decorator.py
[2023-08-26T17:03:32.282+0000] {logging_mixin.py:120} INFO - [2023-08-26T17:03:32.282+0000] {manager.py:507} INFO - Created Permission View: can edit on DAG:example_task_group_decorator
[2023-08-26T17:03:32.288+0000] {logging_mixin.py:120} INFO - [2023-08-26T17:03:32.288+0000] {manager.py:507} INFO - Created Permission View: can read on DAG:example_task_group_decorator
[2023-08-26T17:03:32.292+0000] {logging_mixin.py:120} INFO - [2023-08-26T17:03:32.292+0000] {manager.py:507} INFO - Created Permission View: can delete on DAG:example_task_group_decorator
[2023-08-26T17:03:32.293+0000] {logging_mixin.py:120} INFO - [2023-08-26T17:03:32.293+0000] {dag.py:2585} INFO - Sync 1 DAGs
[2023-08-26T17:03:32.302+0000] {logging_mixin.py:120} INFO - [2023-08-26T17:03:32.302+0000] {dag.py:2606} INFO - Creating ORM DAG for example_task_group_decorator
[2023-08-26T17:03:32.311+0000] {logging_mixin.py:120} INFO - [2023-08-26T17:03:32.311+0000] {dag.py:3340} INFO - Setting next_dagrun for example_task_group_decorator to 2023-08-25T17:03:32.311431+00:00, run_after=2023-08-26T17:03:32.311431+00:00
[2023-08-26T17:03:32.326+0000] {processor.py:176} INFO - Processing /home/airflow/.local/lib/python3.7/site-packages/airflow/example_dags/example_task_group_decorator.py took 0.185 seconds
[2023-08-26T17:04:02.376+0000] {processor.py:154} INFO - Started process (PID=110) to work on /home/airflow/.local/lib/python3.7/site-packages/airflow/example_dags/example_task_group_decorator.py
[2023-08-26T17:04:02.377+0000] {processor.py:756} INFO - Processing file /home/airflow/.local/lib/python3.7/site-packages/airflow/example_dags/example_task_group_decorator.py for tasks to queue
[2023-08-26T17:04:02.378+0000] {logging_mixin.py:120} INFO - [2023-08-26T17:04:02.378+0000] {dagbag.py:537} INFO - Filling up the DagBag from /home/airflow/.local/lib/python3.7/site-packages/airflow/example_dags/example_task_group_decorator.py
[2023-08-26T17:04:02.397+0000] {processor.py:766} INFO - DAG(s) dict_keys(['example_task_group_decorator']) retrieved from /home/airflow/.local/lib/python3.7/site-packages/airflow/example_dags/example_task_group_decorator.py
[2023-08-26T17:04:02.427+0000] {logging_mixin.py:120} INFO - [2023-08-26T17:04:02.427+0000] {dag.py:2585} INFO - Sync 1 DAGs
[2023-08-26T17:04:02.444+0000] {logging_mixin.py:120} INFO - [2023-08-26T17:04:02.444+0000] {dag.py:3340} INFO - Setting next_dagrun for example_task_group_decorator to 2023-08-25T17:04:02.443876+00:00, run_after=2023-08-26T17:04:02.443876+00:00
[2023-08-26T17:04:02.456+0000] {processor.py:176} INFO - Processing /home/airflow/.local/lib/python3.7/site-packages/airflow/example_dags/example_task_group_decorator.py took 0.082 seconds
[2023-08-26T17:04:32.850+0000] {processor.py:154} INFO - Started process (PID=174) to work on /home/airflow/.local/lib/python3.7/site-packages/airflow/example_dags/example_task_group_decorator.py
[2023-08-26T17:04:32.850+0000] {processor.py:756} INFO - Processing file /home/airflow/.local/lib/python3.7/site-packages/airflow/example_dags/example_task_group_decorator.py for tasks to queue
[2023-08-26T17:04:32.851+0000] {logging_mixin.py:120} INFO - [2023-08-26T17:04:32.851+0000] {dagbag.py:537} INFO - Filling up the DagBag from /home/airflow/.local/lib/python3.7/site-packages/airflow/example_dags/example_task_group_decorator.py
[2023-08-26T17:04:32.867+0000] {processor.py:766} INFO - DAG(s) dict_keys(['example_task_group_decorator']) retrieved from /home/airflow/.local/lib/python3.7/site-packages/airflow/example_dags/example_task_group_decorator.py
[2023-08-26T17:04:32.893+0000] {logging_mixin.py:120} INFO - [2023-08-26T17:04:32.893+0000] {dag.py:2585} INFO - Sync 1 DAGs
[2023-08-26T17:04:32.906+0000] {logging_mixin.py:120} INFO - [2023-08-26T17:04:32.906+0000] {dag.py:3340} INFO - Setting next_dagrun for example_task_group_decorator to 2023-08-25T17:04:32.906391+00:00, run_after=2023-08-26T17:04:32.906391+00:00
[2023-08-26T17:04:32.916+0000] {processor.py:176} INFO - Processing /home/airflow/.local/lib/python3.7/site-packages/airflow/example_dags/example_task_group_decorator.py took 0.068 seconds
[2023-08-26T17:05:03.751+0000] {processor.py:154} INFO - Started process (PID=237) to work on /home/airflow/.local/lib/python3.7/site-packages/airflow/example_dags/example_task_group_decorator.py
[2023-08-26T17:05:03.752+0000] {processor.py:756} INFO - Processing file /home/airflow/.local/lib/python3.7/site-packages/airflow/example_dags/example_task_group_decorator.py for tasks to queue
[2023-08-26T17:05:03.753+0000] {logging_mixin.py:120} INFO - [2023-08-26T17:05:03.753+0000] {dagbag.py:537} INFO - Filling up the DagBag from /home/airflow/.local/lib/python3.7/site-packages/airflow/example_dags/example_task_group_decorator.py
[2023-08-26T17:05:03.769+0000] {processor.py:766} INFO - DAG(s) dict_keys(['example_task_group_decorator']) retrieved from /home/airflow/.local/lib/python3.7/site-packages/airflow/example_dags/example_task_group_decorator.py
[2023-08-26T17:05:03.796+0000] {logging_mixin.py:120} INFO - [2023-08-26T17:05:03.796+0000] {dag.py:2585} INFO - Sync 1 DAGs
[2023-08-26T17:05:03.812+0000] {logging_mixin.py:120} INFO - [2023-08-26T17:05:03.812+0000] {dag.py:3340} INFO - Setting next_dagrun for example_task_group_decorator to 2023-08-25T17:05:03.812064+00:00, run_after=2023-08-26T17:05:03.812064+00:00
[2023-08-26T17:05:03.826+0000] {processor.py:176} INFO - Processing /home/airflow/.local/lib/python3.7/site-packages/airflow/example_dags/example_task_group_decorator.py took 0.076 seconds
[2023-08-26T17:05:34.823+0000] {processor.py:154} INFO - Started process (PID=301) to work on /home/airflow/.local/lib/python3.7/site-packages/airflow/example_dags/example_task_group_decorator.py
[2023-08-26T17:05:34.823+0000] {processor.py:756} INFO - Processing file /home/airflow/.local/lib/python3.7/site-packages/airflow/example_dags/example_task_group_decorator.py for tasks to queue
[2023-08-26T17:05:34.824+0000] {logging_mixin.py:120} INFO - [2023-08-26T17:05:34.824+0000] {dagbag.py:537} INFO - Filling up the DagBag from /home/airflow/.local/lib/python3.7/site-packages/airflow/example_dags/example_task_group_decorator.py
[2023-08-26T17:05:34.844+0000] {processor.py:766} INFO - DAG(s) dict_keys(['example_task_group_decorator']) retrieved from /home/airflow/.local/lib/python3.7/site-packages/airflow/example_dags/example_task_group_decorator.py
[2023-08-26T17:05:34.876+0000] {logging_mixin.py:120} INFO - [2023-08-26T17:05:34.876+0000] {dag.py:2585} INFO - Sync 1 DAGs
[2023-08-26T17:05:34.890+0000] {logging_mixin.py:120} INFO - [2023-08-26T17:05:34.889+0000] {dag.py:3340} INFO - Setting next_dagrun for example_task_group_decorator to 2023-08-25T17:05:34.889788+00:00, run_after=2023-08-26T17:05:34.889788+00:00
[2023-08-26T17:05:34.903+0000] {processor.py:176} INFO - Processing /home/airflow/.local/lib/python3.7/site-packages/airflow/example_dags/example_task_group_decorator.py took 0.084 seconds
[2023-08-26T17:06:04.978+0000] {processor.py:154} INFO - Started process (PID=355) to work on /home/airflow/.local/lib/python3.7/site-packages/airflow/example_dags/example_task_group_decorator.py
[2023-08-26T17:06:04.978+0000] {processor.py:756} INFO - Processing file /home/airflow/.local/lib/python3.7/site-packages/airflow/example_dags/example_task_group_decorator.py for tasks to queue
[2023-08-26T17:06:04.979+0000] {logging_mixin.py:120} INFO - [2023-08-26T17:06:04.979+0000] {dagbag.py:537} INFO - Filling up the DagBag from /home/airflow/.local/lib/python3.7/site-packages/airflow/example_dags/example_task_group_decorator.py
[2023-08-26T17:06:04.994+0000] {processor.py:766} INFO - DAG(s) dict_keys(['example_task_group_decorator']) retrieved from /home/airflow/.local/lib/python3.7/site-packages/airflow/example_dags/example_task_group_decorator.py
[2023-08-26T17:06:05.018+0000] {logging_mixin.py:120} INFO - [2023-08-26T17:06:05.018+0000] {dag.py:2585} INFO - Sync 1 DAGs
[2023-08-26T17:06:05.031+0000] {logging_mixin.py:120} INFO - [2023-08-26T17:06:05.031+0000] {dag.py:3340} INFO - Setting next_dagrun for example_task_group_decorator to 2023-08-25T17:06:05.031326+00:00, run_after=2023-08-26T17:06:05.031326+00:00
[2023-08-26T17:06:05.041+0000] {processor.py:176} INFO - Processing /home/airflow/.local/lib/python3.7/site-packages/airflow/example_dags/example_task_group_decorator.py took 0.066 seconds
[2023-08-26T17:06:36.021+0000] {processor.py:154} INFO - Started process (PID=418) to work on /home/airflow/.local/lib/python3.7/site-packages/airflow/example_dags/example_task_group_decorator.py
[2023-08-26T17:06:36.022+0000] {processor.py:756} INFO - Processing file /home/airflow/.local/lib/python3.7/site-packages/airflow/example_dags/example_task_group_decorator.py for tasks to queue
[2023-08-26T17:06:36.022+0000] {logging_mixin.py:120} INFO - [2023-08-26T17:06:36.022+0000] {dagbag.py:537} INFO - Filling up the DagBag from /home/airflow/.local/lib/python3.7/site-packages/airflow/example_dags/example_task_group_decorator.py
[2023-08-26T17:06:36.038+0000] {processor.py:766} INFO - DAG(s) dict_keys(['example_task_group_decorator']) retrieved from /home/airflow/.local/lib/python3.7/site-packages/airflow/example_dags/example_task_group_decorator.py
[2023-08-26T17:06:36.064+0000] {logging_mixin.py:120} INFO - [2023-08-26T17:06:36.064+0000] {dag.py:2585} INFO - Sync 1 DAGs
[2023-08-26T17:06:36.078+0000] {logging_mixin.py:120} INFO - [2023-08-26T17:06:36.078+0000] {dag.py:3340} INFO - Setting next_dagrun for example_task_group_decorator to 2023-08-25T17:06:36.078457+00:00, run_after=2023-08-26T17:06:36.078457+00:00
[2023-08-26T17:06:36.088+0000] {processor.py:176} INFO - Processing /home/airflow/.local/lib/python3.7/site-packages/airflow/example_dags/example_task_group_decorator.py took 0.069 seconds
[2023-08-26T17:07:06.951+0000] {processor.py:154} INFO - Started process (PID=480) to work on /home/airflow/.local/lib/python3.7/site-packages/airflow/example_dags/example_task_group_decorator.py
[2023-08-26T17:07:06.952+0000] {processor.py:756} INFO - Processing file /home/airflow/.local/lib/python3.7/site-packages/airflow/example_dags/example_task_group_decorator.py for tasks to queue
[2023-08-26T17:07:06.953+0000] {logging_mixin.py:120} INFO - [2023-08-26T17:07:06.953+0000] {dagbag.py:537} INFO - Filling up the DagBag from /home/airflow/.local/lib/python3.7/site-packages/airflow/example_dags/example_task_group_decorator.py
[2023-08-26T17:07:06.969+0000] {processor.py:766} INFO - DAG(s) dict_keys(['example_task_group_decorator']) retrieved from /home/airflow/.local/lib/python3.7/site-packages/airflow/example_dags/example_task_group_decorator.py
[2023-08-26T17:07:06.997+0000] {logging_mixin.py:120} INFO - [2023-08-26T17:07:06.996+0000] {dag.py:2585} INFO - Sync 1 DAGs
[2023-08-26T17:07:07.010+0000] {logging_mixin.py:120} INFO - [2023-08-26T17:07:07.010+0000] {dag.py:3340} INFO - Setting next_dagrun for example_task_group_decorator to 2023-08-25T17:07:07.010560+00:00, run_after=2023-08-26T17:07:07.010560+00:00
[2023-08-26T17:07:07.021+0000] {processor.py:176} INFO - Processing /home/airflow/.local/lib/python3.7/site-packages/airflow/example_dags/example_task_group_decorator.py took 0.072 seconds
[2023-08-26T17:07:38.240+0000] {processor.py:154} INFO - Started process (PID=543) to work on /home/airflow/.local/lib/python3.7/site-packages/airflow/example_dags/example_task_group_decorator.py
[2023-08-26T17:07:38.241+0000] {processor.py:756} INFO - Processing file /home/airflow/.local/lib/python3.7/site-packages/airflow/example_dags/example_task_group_decorator.py for tasks to queue
[2023-08-26T17:07:38.242+0000] {logging_mixin.py:120} INFO - [2023-08-26T17:07:38.242+0000] {dagbag.py:537} INFO - Filling up the DagBag from /home/airflow/.local/lib/python3.7/site-packages/airflow/example_dags/example_task_group_decorator.py
[2023-08-26T17:07:38.259+0000] {processor.py:766} INFO - DAG(s) dict_keys(['example_task_group_decorator']) retrieved from /home/airflow/.local/lib/python3.7/site-packages/airflow/example_dags/example_task_group_decorator.py
[2023-08-26T17:07:38.285+0000] {logging_mixin.py:120} INFO - [2023-08-26T17:07:38.285+0000] {dag.py:2585} INFO - Sync 1 DAGs
[2023-08-26T17:07:38.299+0000] {logging_mixin.py:120} INFO - [2023-08-26T17:07:38.299+0000] {dag.py:3340} INFO - Setting next_dagrun for example_task_group_decorator to 2023-08-25T17:07:38.299007+00:00, run_after=2023-08-26T17:07:38.299007+00:00
[2023-08-26T17:07:38.311+0000] {processor.py:176} INFO - Processing /home/airflow/.local/lib/python3.7/site-packages/airflow/example_dags/example_task_group_decorator.py took 0.073 seconds
[2023-08-26T17:08:09.224+0000] {processor.py:154} INFO - Started process (PID=606) to work on /home/airflow/.local/lib/python3.7/site-packages/airflow/example_dags/example_task_group_decorator.py
[2023-08-26T17:08:09.225+0000] {processor.py:756} INFO - Processing file /home/airflow/.local/lib/python3.7/site-packages/airflow/example_dags/example_task_group_decorator.py for tasks to queue
[2023-08-26T17:08:09.226+0000] {logging_mixin.py:120} INFO - [2023-08-26T17:08:09.225+0000] {dagbag.py:537} INFO - Filling up the DagBag from /home/airflow/.local/lib/python3.7/site-packages/airflow/example_dags/example_task_group_decorator.py
[2023-08-26T17:08:09.242+0000] {processor.py:766} INFO - DAG(s) dict_keys(['example_task_group_decorator']) retrieved from /home/airflow/.local/lib/python3.7/site-packages/airflow/example_dags/example_task_group_decorator.py
[2023-08-26T17:08:09.266+0000] {logging_mixin.py:120} INFO - [2023-08-26T17:08:09.266+0000] {dag.py:2585} INFO - Sync 1 DAGs
[2023-08-26T17:08:09.279+0000] {logging_mixin.py:120} INFO - [2023-08-26T17:08:09.279+0000] {dag.py:3340} INFO - Setting next_dagrun for example_task_group_decorator to 2023-08-25T17:08:09.279629+00:00, run_after=2023-08-26T17:08:09.279629+00:00
[2023-08-26T17:08:09.290+0000] {processor.py:176} INFO - Processing /home/airflow/.local/lib/python3.7/site-packages/airflow/example_dags/example_task_group_decorator.py took 0.068 seconds
[2023-08-26T17:08:40.239+0000] {processor.py:154} INFO - Started process (PID=669) to work on /home/airflow/.local/lib/python3.7/site-packages/airflow/example_dags/example_task_group_decorator.py
[2023-08-26T17:08:40.240+0000] {processor.py:756} INFO - Processing file /home/airflow/.local/lib/python3.7/site-packages/airflow/example_dags/example_task_group_decorator.py for tasks to queue
[2023-08-26T17:08:40.240+0000] {logging_mixin.py:120} INFO - [2023-08-26T17:08:40.240+0000] {dagbag.py:537} INFO - Filling up the DagBag from /home/airflow/.local/lib/python3.7/site-packages/airflow/example_dags/example_task_group_decorator.py
[2023-08-26T17:08:40.256+0000] {processor.py:766} INFO - DAG(s) dict_keys(['example_task_group_decorator']) retrieved from /home/airflow/.local/lib/python3.7/site-packages/airflow/example_dags/example_task_group_decorator.py
[2023-08-26T17:08:40.287+0000] {logging_mixin.py:120} INFO - [2023-08-26T17:08:40.287+0000] {dag.py:2585} INFO - Sync 1 DAGs
[2023-08-26T17:08:40.306+0000] {logging_mixin.py:120} INFO - [2023-08-26T17:08:40.306+0000] {dag.py:3340} INFO - Setting next_dagrun for example_task_group_decorator to 2023-08-25T17:08:40.306053+00:00, run_after=2023-08-26T17:08:40.306053+00:00
[2023-08-26T17:08:40.324+0000] {processor.py:176} INFO - Processing /home/airflow/.local/lib/python3.7/site-packages/airflow/example_dags/example_task_group_decorator.py took 0.088 seconds
[2023-08-26T17:09:10.492+0000] {processor.py:154} INFO - Started process (PID=731) to work on /home/airflow/.local/lib/python3.7/site-packages/airflow/example_dags/example_task_group_decorator.py
[2023-08-26T17:09:10.493+0000] {processor.py:756} INFO - Processing file /home/airflow/.local/lib/python3.7/site-packages/airflow/example_dags/example_task_group_decorator.py for tasks to queue
[2023-08-26T17:09:10.494+0000] {logging_mixin.py:120} INFO - [2023-08-26T17:09:10.494+0000] {dagbag.py:537} INFO - Filling up the DagBag from /home/airflow/.local/lib/python3.7/site-packages/airflow/example_dags/example_task_group_decorator.py
[2023-08-26T17:09:10.510+0000] {processor.py:766} INFO - DAG(s) dict_keys(['example_task_group_decorator']) retrieved from /home/airflow/.local/lib/python3.7/site-packages/airflow/example_dags/example_task_group_decorator.py
[2023-08-26T17:09:10.539+0000] {logging_mixin.py:120} INFO - [2023-08-26T17:09:10.539+0000] {dag.py:2585} INFO - Sync 1 DAGs
[2023-08-26T17:09:10.554+0000] {logging_mixin.py:120} INFO - [2023-08-26T17:09:10.554+0000] {dag.py:3340} INFO - Setting next_dagrun for example_task_group_decorator to 2023-08-25T17:09:10.554445+00:00, run_after=2023-08-26T17:09:10.554445+00:00
[2023-08-26T17:09:10.564+0000] {processor.py:176} INFO - Processing /home/airflow/.local/lib/python3.7/site-packages/airflow/example_dags/example_task_group_decorator.py took 0.074 seconds
[2023-08-26T17:09:40.709+0000] {processor.py:154} INFO - Started process (PID=785) to work on /home/airflow/.local/lib/python3.7/site-packages/airflow/example_dags/example_task_group_decorator.py
[2023-08-26T17:09:40.710+0000] {processor.py:756} INFO - Processing file /home/airflow/.local/lib/python3.7/site-packages/airflow/example_dags/example_task_group_decorator.py for tasks to queue
[2023-08-26T17:09:40.710+0000] {logging_mixin.py:120} INFO - [2023-08-26T17:09:40.710+0000] {dagbag.py:537} INFO - Filling up the DagBag from /home/airflow/.local/lib/python3.7/site-packages/airflow/example_dags/example_task_group_decorator.py
[2023-08-26T17:09:40.727+0000] {processor.py:766} INFO - DAG(s) dict_keys(['example_task_group_decorator']) retrieved from /home/airflow/.local/lib/python3.7/site-packages/airflow/example_dags/example_task_group_decorator.py
[2023-08-26T17:09:40.752+0000] {logging_mixin.py:120} INFO - [2023-08-26T17:09:40.752+0000] {dag.py:2585} INFO - Sync 1 DAGs
[2023-08-26T17:09:40.766+0000] {logging_mixin.py:120} INFO - [2023-08-26T17:09:40.766+0000] {dag.py:3340} INFO - Setting next_dagrun for example_task_group_decorator to 2023-08-25T17:09:40.766379+00:00, run_after=2023-08-26T17:09:40.766379+00:00
[2023-08-26T17:09:40.777+0000] {processor.py:176} INFO - Processing /home/airflow/.local/lib/python3.7/site-packages/airflow/example_dags/example_task_group_decorator.py took 0.070 seconds
[2023-08-26T17:10:10.870+0000] {processor.py:154} INFO - Started process (PID=848) to work on /home/airflow/.local/lib/python3.7/site-packages/airflow/example_dags/example_task_group_decorator.py
[2023-08-26T17:10:10.871+0000] {processor.py:756} INFO - Processing file /home/airflow/.local/lib/python3.7/site-packages/airflow/example_dags/example_task_group_decorator.py for tasks to queue
[2023-08-26T17:10:10.872+0000] {logging_mixin.py:120} INFO - [2023-08-26T17:10:10.872+0000] {dagbag.py:537} INFO - Filling up the DagBag from /home/airflow/.local/lib/python3.7/site-packages/airflow/example_dags/example_task_group_decorator.py
[2023-08-26T17:10:10.890+0000] {processor.py:766} INFO - DAG(s) dict_keys(['example_task_group_decorator']) retrieved from /home/airflow/.local/lib/python3.7/site-packages/airflow/example_dags/example_task_group_decorator.py
[2023-08-26T17:10:10.920+0000] {logging_mixin.py:120} INFO - [2023-08-26T17:10:10.920+0000] {dag.py:2585} INFO - Sync 1 DAGs
[2023-08-26T17:10:10.936+0000] {logging_mixin.py:120} INFO - [2023-08-26T17:10:10.936+0000] {dag.py:3340} INFO - Setting next_dagrun for example_task_group_decorator to 2023-08-25T17:10:10.936560+00:00, run_after=2023-08-26T17:10:10.936560+00:00
[2023-08-26T17:10:10.948+0000] {processor.py:176} INFO - Processing /home/airflow/.local/lib/python3.7/site-packages/airflow/example_dags/example_task_group_decorator.py took 0.080 seconds
[2023-08-26T17:10:41.034+0000] {processor.py:154} INFO - Started process (PID=911) to work on /home/airflow/.local/lib/python3.7/site-packages/airflow/example_dags/example_task_group_decorator.py
[2023-08-26T17:10:41.035+0000] {processor.py:756} INFO - Processing file /home/airflow/.local/lib/python3.7/site-packages/airflow/example_dags/example_task_group_decorator.py for tasks to queue
[2023-08-26T17:10:41.035+0000] {logging_mixin.py:120} INFO - [2023-08-26T17:10:41.035+0000] {dagbag.py:537} INFO - Filling up the DagBag from /home/airflow/.local/lib/python3.7/site-packages/airflow/example_dags/example_task_group_decorator.py
[2023-08-26T17:10:41.054+0000] {processor.py:766} INFO - DAG(s) dict_keys(['example_task_group_decorator']) retrieved from /home/airflow/.local/lib/python3.7/site-packages/airflow/example_dags/example_task_group_decorator.py
[2023-08-26T17:10:41.084+0000] {logging_mixin.py:120} INFO - [2023-08-26T17:10:41.084+0000] {dag.py:2585} INFO - Sync 1 DAGs
[2023-08-26T17:10:41.100+0000] {logging_mixin.py:120} INFO - [2023-08-26T17:10:41.099+0000] {dag.py:3340} INFO - Setting next_dagrun for example_task_group_decorator to 2023-08-25T17:10:41.099616+00:00, run_after=2023-08-26T17:10:41.099616+00:00
[2023-08-26T17:10:41.112+0000] {processor.py:176} INFO - Processing /home/airflow/.local/lib/python3.7/site-packages/airflow/example_dags/example_task_group_decorator.py took 0.081 seconds
[2023-08-26T17:11:11.337+0000] {processor.py:154} INFO - Started process (PID=974) to work on /home/airflow/.local/lib/python3.7/site-packages/airflow/example_dags/example_task_group_decorator.py
[2023-08-26T17:11:11.338+0000] {processor.py:756} INFO - Processing file /home/airflow/.local/lib/python3.7/site-packages/airflow/example_dags/example_task_group_decorator.py for tasks to queue
[2023-08-26T17:11:11.338+0000] {logging_mixin.py:120} INFO - [2023-08-26T17:11:11.338+0000] {dagbag.py:537} INFO - Filling up the DagBag from /home/airflow/.local/lib/python3.7/site-packages/airflow/example_dags/example_task_group_decorator.py
[2023-08-26T17:11:11.354+0000] {processor.py:766} INFO - DAG(s) dict_keys(['example_task_group_decorator']) retrieved from /home/airflow/.local/lib/python3.7/site-packages/airflow/example_dags/example_task_group_decorator.py
[2023-08-26T17:11:11.381+0000] {logging_mixin.py:120} INFO - [2023-08-26T17:11:11.381+0000] {dag.py:2585} INFO - Sync 1 DAGs
[2023-08-26T17:11:11.395+0000] {logging_mixin.py:120} INFO - [2023-08-26T17:11:11.394+0000] {dag.py:3340} INFO - Setting next_dagrun for example_task_group_decorator to 2023-08-25T17:11:11.394748+00:00, run_after=2023-08-26T17:11:11.394748+00:00
[2023-08-26T17:11:11.407+0000] {processor.py:176} INFO - Processing /home/airflow/.local/lib/python3.7/site-packages/airflow/example_dags/example_task_group_decorator.py took 0.072 seconds
[2023-08-26T17:11:42.413+0000] {processor.py:154} INFO - Started process (PID=1036) to work on /home/airflow/.local/lib/python3.7/site-packages/airflow/example_dags/example_task_group_decorator.py
[2023-08-26T17:11:42.414+0000] {processor.py:756} INFO - Processing file /home/airflow/.local/lib/python3.7/site-packages/airflow/example_dags/example_task_group_decorator.py for tasks to queue
[2023-08-26T17:11:42.414+0000] {logging_mixin.py:120} INFO - [2023-08-26T17:11:42.414+0000] {dagbag.py:537} INFO - Filling up the DagBag from /home/airflow/.local/lib/python3.7/site-packages/airflow/example_dags/example_task_group_decorator.py
[2023-08-26T17:11:42.430+0000] {processor.py:766} INFO - DAG(s) dict_keys(['example_task_group_decorator']) retrieved from /home/airflow/.local/lib/python3.7/site-packages/airflow/example_dags/example_task_group_decorator.py
[2023-08-26T17:11:42.455+0000] {logging_mixin.py:120} INFO - [2023-08-26T17:11:42.455+0000] {dag.py:2585} INFO - Sync 1 DAGs
[2023-08-26T17:11:42.469+0000] {logging_mixin.py:120} INFO - [2023-08-26T17:11:42.469+0000] {dag.py:3340} INFO - Setting next_dagrun for example_task_group_decorator to 2023-08-25T17:11:42.469674+00:00, run_after=2023-08-26T17:11:42.469674+00:00
[2023-08-26T17:11:42.480+0000] {processor.py:176} INFO - Processing /home/airflow/.local/lib/python3.7/site-packages/airflow/example_dags/example_task_group_decorator.py took 0.068 seconds
[2023-08-26T17:12:13.512+0000] {processor.py:154} INFO - Started process (PID=1099) to work on /home/airflow/.local/lib/python3.7/site-packages/airflow/example_dags/example_task_group_decorator.py
[2023-08-26T17:12:13.513+0000] {processor.py:756} INFO - Processing file /home/airflow/.local/lib/python3.7/site-packages/airflow/example_dags/example_task_group_decorator.py for tasks to queue
[2023-08-26T17:12:13.513+0000] {logging_mixin.py:120} INFO - [2023-08-26T17:12:13.513+0000] {dagbag.py:537} INFO - Filling up the DagBag from /home/airflow/.local/lib/python3.7/site-packages/airflow/example_dags/example_task_group_decorator.py
[2023-08-26T17:12:13.528+0000] {processor.py:766} INFO - DAG(s) dict_keys(['example_task_group_decorator']) retrieved from /home/airflow/.local/lib/python3.7/site-packages/airflow/example_dags/example_task_group_decorator.py
[2023-08-26T17:12:13.555+0000] {logging_mixin.py:120} INFO - [2023-08-26T17:12:13.555+0000] {dag.py:2585} INFO - Sync 1 DAGs
[2023-08-26T17:12:13.569+0000] {logging_mixin.py:120} INFO - [2023-08-26T17:12:13.569+0000] {dag.py:3340} INFO - Setting next_dagrun for example_task_group_decorator to 2023-08-25T17:12:13.569007+00:00, run_after=2023-08-26T17:12:13.569007+00:00
[2023-08-26T17:12:13.578+0000] {processor.py:176} INFO - Processing /home/airflow/.local/lib/python3.7/site-packages/airflow/example_dags/example_task_group_decorator.py took 0.068 seconds
[2023-08-26T17:12:44.658+0000] {processor.py:154} INFO - Started process (PID=1166) to work on /home/airflow/.local/lib/python3.7/site-packages/airflow/example_dags/example_task_group_decorator.py
[2023-08-26T17:12:44.659+0000] {processor.py:756} INFO - Processing file /home/airflow/.local/lib/python3.7/site-packages/airflow/example_dags/example_task_group_decorator.py for tasks to queue
[2023-08-26T17:12:44.659+0000] {logging_mixin.py:120} INFO - [2023-08-26T17:12:44.659+0000] {dagbag.py:537} INFO - Filling up the DagBag from /home/airflow/.local/lib/python3.7/site-packages/airflow/example_dags/example_task_group_decorator.py
[2023-08-26T17:12:44.679+0000] {processor.py:766} INFO - DAG(s) dict_keys(['example_task_group_decorator']) retrieved from /home/airflow/.local/lib/python3.7/site-packages/airflow/example_dags/example_task_group_decorator.py
[2023-08-26T17:12:44.714+0000] {logging_mixin.py:120} INFO - [2023-08-26T17:12:44.714+0000] {dag.py:2585} INFO - Sync 1 DAGs
[2023-08-26T17:12:44.730+0000] {logging_mixin.py:120} INFO - [2023-08-26T17:12:44.730+0000] {dag.py:3340} INFO - Setting next_dagrun for example_task_group_decorator to 2023-08-25T17:12:44.730453+00:00, run_after=2023-08-26T17:12:44.730453+00:00
[2023-08-26T17:12:44.743+0000] {processor.py:176} INFO - Processing /home/airflow/.local/lib/python3.7/site-packages/airflow/example_dags/example_task_group_decorator.py took 0.088 seconds
[2023-08-26T17:13:14.789+0000] {processor.py:154} INFO - Started process (PID=1222) to work on /home/airflow/.local/lib/python3.7/site-packages/airflow/example_dags/example_task_group_decorator.py
[2023-08-26T17:13:14.790+0000] {processor.py:756} INFO - Processing file /home/airflow/.local/lib/python3.7/site-packages/airflow/example_dags/example_task_group_decorator.py for tasks to queue
[2023-08-26T17:13:14.791+0000] {logging_mixin.py:120} INFO - [2023-08-26T17:13:14.791+0000] {dagbag.py:537} INFO - Filling up the DagBag from /home/airflow/.local/lib/python3.7/site-packages/airflow/example_dags/example_task_group_decorator.py
[2023-08-26T17:13:14.810+0000] {processor.py:766} INFO - DAG(s) dict_keys(['example_task_group_decorator']) retrieved from /home/airflow/.local/lib/python3.7/site-packages/airflow/example_dags/example_task_group_decorator.py
[2023-08-26T17:13:14.842+0000] {logging_mixin.py:120} INFO - [2023-08-26T17:13:14.842+0000] {dag.py:2585} INFO - Sync 1 DAGs
[2023-08-26T17:13:14.857+0000] {logging_mixin.py:120} INFO - [2023-08-26T17:13:14.857+0000] {dag.py:3340} INFO - Setting next_dagrun for example_task_group_decorator to 2023-08-25T17:13:14.857555+00:00, run_after=2023-08-26T17:13:14.857555+00:00
[2023-08-26T17:13:14.871+0000] {processor.py:176} INFO - Processing /home/airflow/.local/lib/python3.7/site-packages/airflow/example_dags/example_task_group_decorator.py took 0.084 seconds
[2023-08-26T17:13:45.132+0000] {processor.py:154} INFO - Started process (PID=1285) to work on /home/airflow/.local/lib/python3.7/site-packages/airflow/example_dags/example_task_group_decorator.py
[2023-08-26T17:13:45.133+0000] {processor.py:756} INFO - Processing file /home/airflow/.local/lib/python3.7/site-packages/airflow/example_dags/example_task_group_decorator.py for tasks to queue
[2023-08-26T17:13:45.134+0000] {logging_mixin.py:120} INFO - [2023-08-26T17:13:45.134+0000] {dagbag.py:537} INFO - Filling up the DagBag from /home/airflow/.local/lib/python3.7/site-packages/airflow/example_dags/example_task_group_decorator.py
[2023-08-26T17:13:45.159+0000] {processor.py:766} INFO - DAG(s) dict_keys(['example_task_group_decorator']) retrieved from /home/airflow/.local/lib/python3.7/site-packages/airflow/example_dags/example_task_group_decorator.py
[2023-08-26T17:13:45.197+0000] {logging_mixin.py:120} INFO - [2023-08-26T17:13:45.197+0000] {dag.py:2585} INFO - Sync 1 DAGs
[2023-08-26T17:13:45.214+0000] {logging_mixin.py:120} INFO - [2023-08-26T17:13:45.214+0000] {dag.py:3340} INFO - Setting next_dagrun for example_task_group_decorator to 2023-08-25T17:13:45.214236+00:00, run_after=2023-08-26T17:13:45.214236+00:00
[2023-08-26T17:13:45.230+0000] {processor.py:176} INFO - Processing /home/airflow/.local/lib/python3.7/site-packages/airflow/example_dags/example_task_group_decorator.py took 0.100 seconds
[2023-08-26T17:14:16.186+0000] {processor.py:154} INFO - Started process (PID=1348) to work on /home/airflow/.local/lib/python3.7/site-packages/airflow/example_dags/example_task_group_decorator.py
[2023-08-26T17:14:16.187+0000] {processor.py:756} INFO - Processing file /home/airflow/.local/lib/python3.7/site-packages/airflow/example_dags/example_task_group_decorator.py for tasks to queue
[2023-08-26T17:14:16.188+0000] {logging_mixin.py:120} INFO - [2023-08-26T17:14:16.188+0000] {dagbag.py:537} INFO - Filling up the DagBag from /home/airflow/.local/lib/python3.7/site-packages/airflow/example_dags/example_task_group_decorator.py
[2023-08-26T17:14:16.206+0000] {processor.py:766} INFO - DAG(s) dict_keys(['example_task_group_decorator']) retrieved from /home/airflow/.local/lib/python3.7/site-packages/airflow/example_dags/example_task_group_decorator.py
[2023-08-26T17:14:16.237+0000] {logging_mixin.py:120} INFO - [2023-08-26T17:14:16.237+0000] {dag.py:2585} INFO - Sync 1 DAGs
[2023-08-26T17:14:16.254+0000] {logging_mixin.py:120} INFO - [2023-08-26T17:14:16.254+0000] {dag.py:3340} INFO - Setting next_dagrun for example_task_group_decorator to 2023-08-25T17:14:16.254283+00:00, run_after=2023-08-26T17:14:16.254283+00:00
[2023-08-26T17:14:16.267+0000] {processor.py:176} INFO - Processing /home/airflow/.local/lib/python3.7/site-packages/airflow/example_dags/example_task_group_decorator.py took 0.083 seconds
[2023-08-26T17:14:46.366+0000] {processor.py:154} INFO - Started process (PID=1413) to work on /home/airflow/.local/lib/python3.7/site-packages/airflow/example_dags/example_task_group_decorator.py
[2023-08-26T17:14:46.367+0000] {processor.py:756} INFO - Processing file /home/airflow/.local/lib/python3.7/site-packages/airflow/example_dags/example_task_group_decorator.py for tasks to queue
[2023-08-26T17:14:46.368+0000] {logging_mixin.py:120} INFO - [2023-08-26T17:14:46.368+0000] {dagbag.py:537} INFO - Filling up the DagBag from /home/airflow/.local/lib/python3.7/site-packages/airflow/example_dags/example_task_group_decorator.py
[2023-08-26T17:14:46.386+0000] {processor.py:766} INFO - DAG(s) dict_keys(['example_task_group_decorator']) retrieved from /home/airflow/.local/lib/python3.7/site-packages/airflow/example_dags/example_task_group_decorator.py
[2023-08-26T17:14:46.414+0000] {logging_mixin.py:120} INFO - [2023-08-26T17:14:46.414+0000] {dag.py:2585} INFO - Sync 1 DAGs
[2023-08-26T17:14:46.435+0000] {logging_mixin.py:120} INFO - [2023-08-26T17:14:46.435+0000] {dag.py:3340} INFO - Setting next_dagrun for example_task_group_decorator to 2023-08-25T17:14:46.435069+00:00, run_after=2023-08-26T17:14:46.435069+00:00
[2023-08-26T17:14:46.454+0000] {processor.py:176} INFO - Processing /home/airflow/.local/lib/python3.7/site-packages/airflow/example_dags/example_task_group_decorator.py took 0.090 seconds
[2023-08-26T17:15:16.508+0000] {processor.py:154} INFO - Started process (PID=1476) to work on /home/airflow/.local/lib/python3.7/site-packages/airflow/example_dags/example_task_group_decorator.py
[2023-08-26T17:15:16.508+0000] {processor.py:756} INFO - Processing file /home/airflow/.local/lib/python3.7/site-packages/airflow/example_dags/example_task_group_decorator.py for tasks to queue
[2023-08-26T17:15:16.509+0000] {logging_mixin.py:120} INFO - [2023-08-26T17:15:16.509+0000] {dagbag.py:537} INFO - Filling up the DagBag from /home/airflow/.local/lib/python3.7/site-packages/airflow/example_dags/example_task_group_decorator.py
[2023-08-26T17:15:16.524+0000] {processor.py:766} INFO - DAG(s) dict_keys(['example_task_group_decorator']) retrieved from /home/airflow/.local/lib/python3.7/site-packages/airflow/example_dags/example_task_group_decorator.py
[2023-08-26T17:15:16.549+0000] {logging_mixin.py:120} INFO - [2023-08-26T17:15:16.549+0000] {dag.py:2585} INFO - Sync 1 DAGs
[2023-08-26T17:15:16.563+0000] {logging_mixin.py:120} INFO - [2023-08-26T17:15:16.563+0000] {dag.py:3340} INFO - Setting next_dagrun for example_task_group_decorator to 2023-08-25T17:15:16.563551+00:00, run_after=2023-08-26T17:15:16.563551+00:00
[2023-08-26T17:15:16.573+0000] {processor.py:176} INFO - Processing /home/airflow/.local/lib/python3.7/site-packages/airflow/example_dags/example_task_group_decorator.py took 0.068 seconds
[2023-08-26T17:15:46.750+0000] {processor.py:154} INFO - Started process (PID=1531) to work on /home/airflow/.local/lib/python3.7/site-packages/airflow/example_dags/example_task_group_decorator.py
[2023-08-26T17:15:46.751+0000] {processor.py:756} INFO - Processing file /home/airflow/.local/lib/python3.7/site-packages/airflow/example_dags/example_task_group_decorator.py for tasks to queue
[2023-08-26T17:15:46.751+0000] {logging_mixin.py:120} INFO - [2023-08-26T17:15:46.751+0000] {dagbag.py:537} INFO - Filling up the DagBag from /home/airflow/.local/lib/python3.7/site-packages/airflow/example_dags/example_task_group_decorator.py
[2023-08-26T17:15:46.768+0000] {processor.py:766} INFO - DAG(s) dict_keys(['example_task_group_decorator']) retrieved from /home/airflow/.local/lib/python3.7/site-packages/airflow/example_dags/example_task_group_decorator.py
[2023-08-26T17:15:46.795+0000] {logging_mixin.py:120} INFO - [2023-08-26T17:15:46.795+0000] {dag.py:2585} INFO - Sync 1 DAGs
[2023-08-26T17:15:46.809+0000] {logging_mixin.py:120} INFO - [2023-08-26T17:15:46.809+0000] {dag.py:3340} INFO - Setting next_dagrun for example_task_group_decorator to 2023-08-25T17:15:46.809217+00:00, run_after=2023-08-26T17:15:46.809217+00:00
[2023-08-26T17:15:46.820+0000] {processor.py:176} INFO - Processing /home/airflow/.local/lib/python3.7/site-packages/airflow/example_dags/example_task_group_decorator.py took 0.072 seconds
[2023-08-26T17:16:17.805+0000] {processor.py:154} INFO - Started process (PID=1594) to work on /home/airflow/.local/lib/python3.7/site-packages/airflow/example_dags/example_task_group_decorator.py
[2023-08-26T17:16:17.805+0000] {processor.py:756} INFO - Processing file /home/airflow/.local/lib/python3.7/site-packages/airflow/example_dags/example_task_group_decorator.py for tasks to queue
[2023-08-26T17:16:17.806+0000] {logging_mixin.py:120} INFO - [2023-08-26T17:16:17.806+0000] {dagbag.py:537} INFO - Filling up the DagBag from /home/airflow/.local/lib/python3.7/site-packages/airflow/example_dags/example_task_group_decorator.py
[2023-08-26T17:16:17.824+0000] {processor.py:766} INFO - DAG(s) dict_keys(['example_task_group_decorator']) retrieved from /home/airflow/.local/lib/python3.7/site-packages/airflow/example_dags/example_task_group_decorator.py
[2023-08-26T17:16:17.857+0000] {logging_mixin.py:120} INFO - [2023-08-26T17:16:17.857+0000] {dag.py:2585} INFO - Sync 1 DAGs
[2023-08-26T17:16:17.876+0000] {logging_mixin.py:120} INFO - [2023-08-26T17:16:17.876+0000] {dag.py:3340} INFO - Setting next_dagrun for example_task_group_decorator to 2023-08-25T17:16:17.875950+00:00, run_after=2023-08-26T17:16:17.875950+00:00
[2023-08-26T17:16:17.887+0000] {processor.py:176} INFO - Processing /home/airflow/.local/lib/python3.7/site-packages/airflow/example_dags/example_task_group_decorator.py took 0.085 seconds
[2023-08-26T17:16:48.880+0000] {processor.py:154} INFO - Started process (PID=1657) to work on /home/airflow/.local/lib/python3.7/site-packages/airflow/example_dags/example_task_group_decorator.py
[2023-08-26T17:16:48.882+0000] {processor.py:756} INFO - Processing file /home/airflow/.local/lib/python3.7/site-packages/airflow/example_dags/example_task_group_decorator.py for tasks to queue
[2023-08-26T17:16:48.882+0000] {logging_mixin.py:120} INFO - [2023-08-26T17:16:48.882+0000] {dagbag.py:537} INFO - Filling up the DagBag from /home/airflow/.local/lib/python3.7/site-packages/airflow/example_dags/example_task_group_decorator.py
[2023-08-26T17:16:48.902+0000] {processor.py:766} INFO - DAG(s) dict_keys(['example_task_group_decorator']) retrieved from /home/airflow/.local/lib/python3.7/site-packages/airflow/example_dags/example_task_group_decorator.py
[2023-08-26T17:16:48.930+0000] {logging_mixin.py:120} INFO - [2023-08-26T17:16:48.930+0000] {dag.py:2585} INFO - Sync 1 DAGs
[2023-08-26T17:16:48.943+0000] {logging_mixin.py:120} INFO - [2023-08-26T17:16:48.943+0000] {dag.py:3340} INFO - Setting next_dagrun for example_task_group_decorator to 2023-08-25T17:16:48.943665+00:00, run_after=2023-08-26T17:16:48.943665+00:00
[2023-08-26T17:16:48.955+0000] {processor.py:176} INFO - Processing /home/airflow/.local/lib/python3.7/site-packages/airflow/example_dags/example_task_group_decorator.py took 0.079 seconds
[2023-08-26T17:17:18.970+0000] {processor.py:154} INFO - Started process (PID=1721) to work on /home/airflow/.local/lib/python3.7/site-packages/airflow/example_dags/example_task_group_decorator.py
[2023-08-26T17:17:18.971+0000] {processor.py:756} INFO - Processing file /home/airflow/.local/lib/python3.7/site-packages/airflow/example_dags/example_task_group_decorator.py for tasks to queue
[2023-08-26T17:17:18.971+0000] {logging_mixin.py:120} INFO - [2023-08-26T17:17:18.971+0000] {dagbag.py:537} INFO - Filling up the DagBag from /home/airflow/.local/lib/python3.7/site-packages/airflow/example_dags/example_task_group_decorator.py
[2023-08-26T17:17:18.988+0000] {processor.py:766} INFO - DAG(s) dict_keys(['example_task_group_decorator']) retrieved from /home/airflow/.local/lib/python3.7/site-packages/airflow/example_dags/example_task_group_decorator.py
[2023-08-26T17:17:19.033+0000] {logging_mixin.py:120} INFO - [2023-08-26T17:17:19.033+0000] {dag.py:2585} INFO - Sync 1 DAGs
[2023-08-26T17:17:19.050+0000] {logging_mixin.py:120} INFO - [2023-08-26T17:17:19.050+0000] {dag.py:3340} INFO - Setting next_dagrun for example_task_group_decorator to 2023-08-25T17:17:19.050491+00:00, run_after=2023-08-26T17:17:19.050491+00:00
[2023-08-26T17:17:19.062+0000] {processor.py:176} INFO - Processing /home/airflow/.local/lib/python3.7/site-packages/airflow/example_dags/example_task_group_decorator.py took 0.094 seconds
[2023-08-26T17:17:49.088+0000] {processor.py:154} INFO - Started process (PID=1783) to work on /home/airflow/.local/lib/python3.7/site-packages/airflow/example_dags/example_task_group_decorator.py
[2023-08-26T17:17:49.088+0000] {processor.py:756} INFO - Processing file /home/airflow/.local/lib/python3.7/site-packages/airflow/example_dags/example_task_group_decorator.py for tasks to queue
[2023-08-26T17:17:49.089+0000] {logging_mixin.py:120} INFO - [2023-08-26T17:17:49.089+0000] {dagbag.py:537} INFO - Filling up the DagBag from /home/airflow/.local/lib/python3.7/site-packages/airflow/example_dags/example_task_group_decorator.py
[2023-08-26T17:17:49.106+0000] {processor.py:766} INFO - DAG(s) dict_keys(['example_task_group_decorator']) retrieved from /home/airflow/.local/lib/python3.7/site-packages/airflow/example_dags/example_task_group_decorator.py
[2023-08-26T17:17:49.134+0000] {logging_mixin.py:120} INFO - [2023-08-26T17:17:49.134+0000] {dag.py:2585} INFO - Sync 1 DAGs
[2023-08-26T17:17:49.147+0000] {logging_mixin.py:120} INFO - [2023-08-26T17:17:49.147+0000] {dag.py:3340} INFO - Setting next_dagrun for example_task_group_decorator to 2023-08-25T17:17:49.147587+00:00, run_after=2023-08-26T17:17:49.147587+00:00
[2023-08-26T17:17:49.159+0000] {processor.py:176} INFO - Processing /home/airflow/.local/lib/python3.7/site-packages/airflow/example_dags/example_task_group_decorator.py took 0.073 seconds
[2023-08-26T17:18:20.168+0000] {processor.py:154} INFO - Started process (PID=1846) to work on /home/airflow/.local/lib/python3.7/site-packages/airflow/example_dags/example_task_group_decorator.py
[2023-08-26T17:18:20.169+0000] {processor.py:756} INFO - Processing file /home/airflow/.local/lib/python3.7/site-packages/airflow/example_dags/example_task_group_decorator.py for tasks to queue
[2023-08-26T17:18:20.169+0000] {logging_mixin.py:120} INFO - [2023-08-26T17:18:20.169+0000] {dagbag.py:537} INFO - Filling up the DagBag from /home/airflow/.local/lib/python3.7/site-packages/airflow/example_dags/example_task_group_decorator.py
[2023-08-26T17:18:20.185+0000] {processor.py:766} INFO - DAG(s) dict_keys(['example_task_group_decorator']) retrieved from /home/airflow/.local/lib/python3.7/site-packages/airflow/example_dags/example_task_group_decorator.py
[2023-08-26T17:18:20.209+0000] {logging_mixin.py:120} INFO - [2023-08-26T17:18:20.209+0000] {dag.py:2585} INFO - Sync 1 DAGs
[2023-08-26T17:18:20.223+0000] {logging_mixin.py:120} INFO - [2023-08-26T17:18:20.223+0000] {dag.py:3340} INFO - Setting next_dagrun for example_task_group_decorator to 2023-08-25T17:18:20.223075+00:00, run_after=2023-08-26T17:18:20.223075+00:00
[2023-08-26T17:18:20.232+0000] {processor.py:176} INFO - Processing /home/airflow/.local/lib/python3.7/site-packages/airflow/example_dags/example_task_group_decorator.py took 0.066 seconds
[2023-08-26T17:18:50.347+0000] {processor.py:154} INFO - Started process (PID=1899) to work on /home/airflow/.local/lib/python3.7/site-packages/airflow/example_dags/example_task_group_decorator.py
[2023-08-26T17:18:50.348+0000] {processor.py:756} INFO - Processing file /home/airflow/.local/lib/python3.7/site-packages/airflow/example_dags/example_task_group_decorator.py for tasks to queue
[2023-08-26T17:18:50.348+0000] {logging_mixin.py:120} INFO - [2023-08-26T17:18:50.348+0000] {dagbag.py:537} INFO - Filling up the DagBag from /home/airflow/.local/lib/python3.7/site-packages/airflow/example_dags/example_task_group_decorator.py
[2023-08-26T17:18:50.364+0000] {processor.py:766} INFO - DAG(s) dict_keys(['example_task_group_decorator']) retrieved from /home/airflow/.local/lib/python3.7/site-packages/airflow/example_dags/example_task_group_decorator.py
[2023-08-26T17:18:50.390+0000] {logging_mixin.py:120} INFO - [2023-08-26T17:18:50.390+0000] {dag.py:2585} INFO - Sync 1 DAGs
[2023-08-26T17:18:50.407+0000] {logging_mixin.py:120} INFO - [2023-08-26T17:18:50.406+0000] {dag.py:3340} INFO - Setting next_dagrun for example_task_group_decorator to 2023-08-25T17:18:50.406699+00:00, run_after=2023-08-26T17:18:50.406699+00:00
[2023-08-26T17:18:50.419+0000] {processor.py:176} INFO - Processing /home/airflow/.local/lib/python3.7/site-packages/airflow/example_dags/example_task_group_decorator.py took 0.074 seconds
[2023-08-26T17:19:20.819+0000] {processor.py:154} INFO - Started process (PID=1962) to work on /home/airflow/.local/lib/python3.7/site-packages/airflow/example_dags/example_task_group_decorator.py
[2023-08-26T17:19:20.819+0000] {processor.py:756} INFO - Processing file /home/airflow/.local/lib/python3.7/site-packages/airflow/example_dags/example_task_group_decorator.py for tasks to queue
[2023-08-26T17:19:20.820+0000] {logging_mixin.py:120} INFO - [2023-08-26T17:19:20.820+0000] {dagbag.py:537} INFO - Filling up the DagBag from /home/airflow/.local/lib/python3.7/site-packages/airflow/example_dags/example_task_group_decorator.py
[2023-08-26T17:19:20.836+0000] {processor.py:766} INFO - DAG(s) dict_keys(['example_task_group_decorator']) retrieved from /home/airflow/.local/lib/python3.7/site-packages/airflow/example_dags/example_task_group_decorator.py
[2023-08-26T17:19:20.863+0000] {logging_mixin.py:120} INFO - [2023-08-26T17:19:20.863+0000] {dag.py:2585} INFO - Sync 1 DAGs
[2023-08-26T17:19:20.876+0000] {logging_mixin.py:120} INFO - [2023-08-26T17:19:20.876+0000] {dag.py:3340} INFO - Setting next_dagrun for example_task_group_decorator to 2023-08-25T17:19:20.876511+00:00, run_after=2023-08-26T17:19:20.876511+00:00
[2023-08-26T17:19:20.886+0000] {processor.py:176} INFO - Processing /home/airflow/.local/lib/python3.7/site-packages/airflow/example_dags/example_task_group_decorator.py took 0.070 seconds
[2023-08-26T17:19:51.757+0000] {processor.py:154} INFO - Started process (PID=2025) to work on /home/airflow/.local/lib/python3.7/site-packages/airflow/example_dags/example_task_group_decorator.py
[2023-08-26T17:19:51.758+0000] {processor.py:756} INFO - Processing file /home/airflow/.local/lib/python3.7/site-packages/airflow/example_dags/example_task_group_decorator.py for tasks to queue
[2023-08-26T17:19:51.758+0000] {logging_mixin.py:120} INFO - [2023-08-26T17:19:51.758+0000] {dagbag.py:537} INFO - Filling up the DagBag from /home/airflow/.local/lib/python3.7/site-packages/airflow/example_dags/example_task_group_decorator.py
[2023-08-26T17:19:51.775+0000] {processor.py:766} INFO - DAG(s) dict_keys(['example_task_group_decorator']) retrieved from /home/airflow/.local/lib/python3.7/site-packages/airflow/example_dags/example_task_group_decorator.py
[2023-08-26T17:19:51.803+0000] {logging_mixin.py:120} INFO - [2023-08-26T17:19:51.802+0000] {dag.py:2585} INFO - Sync 1 DAGs
[2023-08-26T17:19:51.821+0000] {logging_mixin.py:120} INFO - [2023-08-26T17:19:51.821+0000] {dag.py:3340} INFO - Setting next_dagrun for example_task_group_decorator to 2023-08-25T17:19:51.821146+00:00, run_after=2023-08-26T17:19:51.821146+00:00
[2023-08-26T17:19:51.835+0000] {processor.py:176} INFO - Processing /home/airflow/.local/lib/python3.7/site-packages/airflow/example_dags/example_task_group_decorator.py took 0.080 seconds
[2023-08-26T17:20:21.939+0000] {processor.py:154} INFO - Started process (PID=2088) to work on /home/airflow/.local/lib/python3.7/site-packages/airflow/example_dags/example_task_group_decorator.py
[2023-08-26T17:20:21.939+0000] {processor.py:756} INFO - Processing file /home/airflow/.local/lib/python3.7/site-packages/airflow/example_dags/example_task_group_decorator.py for tasks to queue
[2023-08-26T17:20:21.940+0000] {logging_mixin.py:120} INFO - [2023-08-26T17:20:21.940+0000] {dagbag.py:537} INFO - Filling up the DagBag from /home/airflow/.local/lib/python3.7/site-packages/airflow/example_dags/example_task_group_decorator.py
[2023-08-26T17:20:21.954+0000] {processor.py:766} INFO - DAG(s) dict_keys(['example_task_group_decorator']) retrieved from /home/airflow/.local/lib/python3.7/site-packages/airflow/example_dags/example_task_group_decorator.py
[2023-08-26T17:20:21.979+0000] {logging_mixin.py:120} INFO - [2023-08-26T17:20:21.979+0000] {dag.py:2585} INFO - Sync 1 DAGs
[2023-08-26T17:20:21.993+0000] {logging_mixin.py:120} INFO - [2023-08-26T17:20:21.993+0000] {dag.py:3340} INFO - Setting next_dagrun for example_task_group_decorator to 2023-08-25T17:20:21.993332+00:00, run_after=2023-08-26T17:20:21.993332+00:00
[2023-08-26T17:20:22.003+0000] {processor.py:176} INFO - Processing /home/airflow/.local/lib/python3.7/site-packages/airflow/example_dags/example_task_group_decorator.py took 0.067 seconds
[2023-08-26T17:20:52.352+0000] {processor.py:154} INFO - Started process (PID=2151) to work on /home/airflow/.local/lib/python3.7/site-packages/airflow/example_dags/example_task_group_decorator.py
[2023-08-26T17:20:52.353+0000] {processor.py:756} INFO - Processing file /home/airflow/.local/lib/python3.7/site-packages/airflow/example_dags/example_task_group_decorator.py for tasks to queue
[2023-08-26T17:20:52.354+0000] {logging_mixin.py:120} INFO - [2023-08-26T17:20:52.354+0000] {dagbag.py:537} INFO - Filling up the DagBag from /home/airflow/.local/lib/python3.7/site-packages/airflow/example_dags/example_task_group_decorator.py
[2023-08-26T17:20:52.372+0000] {processor.py:766} INFO - DAG(s) dict_keys(['example_task_group_decorator']) retrieved from /home/airflow/.local/lib/python3.7/site-packages/airflow/example_dags/example_task_group_decorator.py
[2023-08-26T17:20:52.402+0000] {logging_mixin.py:120} INFO - [2023-08-26T17:20:52.402+0000] {dag.py:2585} INFO - Sync 1 DAGs
[2023-08-26T17:20:52.418+0000] {logging_mixin.py:120} INFO - [2023-08-26T17:20:52.418+0000] {dag.py:3340} INFO - Setting next_dagrun for example_task_group_decorator to 2023-08-25T17:20:52.418570+00:00, run_after=2023-08-26T17:20:52.418570+00:00
[2023-08-26T17:20:52.434+0000] {processor.py:176} INFO - Processing /home/airflow/.local/lib/python3.7/site-packages/airflow/example_dags/example_task_group_decorator.py took 0.084 seconds
[2023-08-26T17:21:22.497+0000] {processor.py:154} INFO - Started process (PID=2214) to work on /home/airflow/.local/lib/python3.7/site-packages/airflow/example_dags/example_task_group_decorator.py
[2023-08-26T17:21:22.498+0000] {processor.py:756} INFO - Processing file /home/airflow/.local/lib/python3.7/site-packages/airflow/example_dags/example_task_group_decorator.py for tasks to queue
[2023-08-26T17:21:22.500+0000] {logging_mixin.py:120} INFO - [2023-08-26T17:21:22.500+0000] {dagbag.py:537} INFO - Filling up the DagBag from /home/airflow/.local/lib/python3.7/site-packages/airflow/example_dags/example_task_group_decorator.py
[2023-08-26T17:21:22.518+0000] {processor.py:766} INFO - DAG(s) dict_keys(['example_task_group_decorator']) retrieved from /home/airflow/.local/lib/python3.7/site-packages/airflow/example_dags/example_task_group_decorator.py
[2023-08-26T17:21:22.552+0000] {logging_mixin.py:120} INFO - [2023-08-26T17:21:22.552+0000] {dag.py:2585} INFO - Sync 1 DAGs
[2023-08-26T17:21:22.571+0000] {logging_mixin.py:120} INFO - [2023-08-26T17:21:22.571+0000] {dag.py:3340} INFO - Setting next_dagrun for example_task_group_decorator to 2023-08-25T17:21:22.571477+00:00, run_after=2023-08-26T17:21:22.571477+00:00
[2023-08-26T17:21:22.589+0000] {processor.py:176} INFO - Processing /home/airflow/.local/lib/python3.7/site-packages/airflow/example_dags/example_task_group_decorator.py took 0.095 seconds
[2023-08-26T17:21:52.997+0000] {processor.py:154} INFO - Started process (PID=2268) to work on /home/airflow/.local/lib/python3.7/site-packages/airflow/example_dags/example_task_group_decorator.py
[2023-08-26T17:21:52.997+0000] {processor.py:756} INFO - Processing file /home/airflow/.local/lib/python3.7/site-packages/airflow/example_dags/example_task_group_decorator.py for tasks to queue
[2023-08-26T17:21:52.998+0000] {logging_mixin.py:120} INFO - [2023-08-26T17:21:52.998+0000] {dagbag.py:537} INFO - Filling up the DagBag from /home/airflow/.local/lib/python3.7/site-packages/airflow/example_dags/example_task_group_decorator.py
[2023-08-26T17:21:53.014+0000] {processor.py:766} INFO - DAG(s) dict_keys(['example_task_group_decorator']) retrieved from /home/airflow/.local/lib/python3.7/site-packages/airflow/example_dags/example_task_group_decorator.py
[2023-08-26T17:21:53.040+0000] {logging_mixin.py:120} INFO - [2023-08-26T17:21:53.040+0000] {dag.py:2585} INFO - Sync 1 DAGs
[2023-08-26T17:21:53.053+0000] {logging_mixin.py:120} INFO - [2023-08-26T17:21:53.053+0000] {dag.py:3340} INFO - Setting next_dagrun for example_task_group_decorator to 2023-08-25T17:21:53.053693+00:00, run_after=2023-08-26T17:21:53.053693+00:00
[2023-08-26T17:21:53.065+0000] {processor.py:176} INFO - Processing /home/airflow/.local/lib/python3.7/site-packages/airflow/example_dags/example_task_group_decorator.py took 0.070 seconds
[2023-08-26T17:22:23.140+0000] {processor.py:154} INFO - Started process (PID=2331) to work on /home/airflow/.local/lib/python3.7/site-packages/airflow/example_dags/example_task_group_decorator.py
[2023-08-26T17:22:23.142+0000] {processor.py:756} INFO - Processing file /home/airflow/.local/lib/python3.7/site-packages/airflow/example_dags/example_task_group_decorator.py for tasks to queue
[2023-08-26T17:22:23.142+0000] {logging_mixin.py:120} INFO - [2023-08-26T17:22:23.142+0000] {dagbag.py:537} INFO - Filling up the DagBag from /home/airflow/.local/lib/python3.7/site-packages/airflow/example_dags/example_task_group_decorator.py
[2023-08-26T17:22:23.168+0000] {processor.py:766} INFO - DAG(s) dict_keys(['example_task_group_decorator']) retrieved from /home/airflow/.local/lib/python3.7/site-packages/airflow/example_dags/example_task_group_decorator.py
[2023-08-26T17:22:23.209+0000] {logging_mixin.py:120} INFO - [2023-08-26T17:22:23.209+0000] {dag.py:2585} INFO - Sync 1 DAGs
[2023-08-26T17:22:23.231+0000] {logging_mixin.py:120} INFO - [2023-08-26T17:22:23.231+0000] {dag.py:3340} INFO - Setting next_dagrun for example_task_group_decorator to 2023-08-25T17:22:23.231026+00:00, run_after=2023-08-26T17:22:23.231026+00:00
[2023-08-26T17:22:23.246+0000] {processor.py:176} INFO - Processing /home/airflow/.local/lib/python3.7/site-packages/airflow/example_dags/example_task_group_decorator.py took 0.110 seconds
[2023-08-26T17:22:53.281+0000] {processor.py:154} INFO - Started process (PID=2392) to work on /home/airflow/.local/lib/python3.7/site-packages/airflow/example_dags/example_task_group_decorator.py
[2023-08-26T17:22:53.281+0000] {processor.py:756} INFO - Processing file /home/airflow/.local/lib/python3.7/site-packages/airflow/example_dags/example_task_group_decorator.py for tasks to queue
[2023-08-26T17:22:53.282+0000] {logging_mixin.py:120} INFO - [2023-08-26T17:22:53.282+0000] {dagbag.py:537} INFO - Filling up the DagBag from /home/airflow/.local/lib/python3.7/site-packages/airflow/example_dags/example_task_group_decorator.py
[2023-08-26T17:22:53.300+0000] {processor.py:766} INFO - DAG(s) dict_keys(['example_task_group_decorator']) retrieved from /home/airflow/.local/lib/python3.7/site-packages/airflow/example_dags/example_task_group_decorator.py
[2023-08-26T17:22:53.327+0000] {logging_mixin.py:120} INFO - [2023-08-26T17:22:53.327+0000] {dag.py:2585} INFO - Sync 1 DAGs
[2023-08-26T17:22:53.343+0000] {logging_mixin.py:120} INFO - [2023-08-26T17:22:53.343+0000] {dag.py:3340} INFO - Setting next_dagrun for example_task_group_decorator to 2023-08-25T17:22:53.343378+00:00, run_after=2023-08-26T17:22:53.343378+00:00
[2023-08-26T17:22:53.353+0000] {processor.py:176} INFO - Processing /home/airflow/.local/lib/python3.7/site-packages/airflow/example_dags/example_task_group_decorator.py took 0.075 seconds
[2023-08-26T17:23:23.569+0000] {processor.py:154} INFO - Started process (PID=2455) to work on /home/airflow/.local/lib/python3.7/site-packages/airflow/example_dags/example_task_group_decorator.py
[2023-08-26T17:23:23.570+0000] {processor.py:756} INFO - Processing file /home/airflow/.local/lib/python3.7/site-packages/airflow/example_dags/example_task_group_decorator.py for tasks to queue
[2023-08-26T17:23:23.571+0000] {logging_mixin.py:120} INFO - [2023-08-26T17:23:23.571+0000] {dagbag.py:537} INFO - Filling up the DagBag from /home/airflow/.local/lib/python3.7/site-packages/airflow/example_dags/example_task_group_decorator.py
[2023-08-26T17:23:23.588+0000] {processor.py:766} INFO - DAG(s) dict_keys(['example_task_group_decorator']) retrieved from /home/airflow/.local/lib/python3.7/site-packages/airflow/example_dags/example_task_group_decorator.py
[2023-08-26T17:23:23.613+0000] {logging_mixin.py:120} INFO - [2023-08-26T17:23:23.613+0000] {dag.py:2585} INFO - Sync 1 DAGs
[2023-08-26T17:23:23.626+0000] {logging_mixin.py:120} INFO - [2023-08-26T17:23:23.626+0000] {dag.py:3340} INFO - Setting next_dagrun for example_task_group_decorator to 2023-08-25T17:23:23.626521+00:00, run_after=2023-08-26T17:23:23.626521+00:00
[2023-08-26T17:23:23.635+0000] {processor.py:176} INFO - Processing /home/airflow/.local/lib/python3.7/site-packages/airflow/example_dags/example_task_group_decorator.py took 0.068 seconds
[2023-08-26T17:23:53.876+0000] {processor.py:154} INFO - Started process (PID=2517) to work on /home/airflow/.local/lib/python3.7/site-packages/airflow/example_dags/example_task_group_decorator.py
[2023-08-26T17:23:53.877+0000] {processor.py:756} INFO - Processing file /home/airflow/.local/lib/python3.7/site-packages/airflow/example_dags/example_task_group_decorator.py for tasks to queue
[2023-08-26T17:23:53.877+0000] {logging_mixin.py:120} INFO - [2023-08-26T17:23:53.877+0000] {dagbag.py:537} INFO - Filling up the DagBag from /home/airflow/.local/lib/python3.7/site-packages/airflow/example_dags/example_task_group_decorator.py
[2023-08-26T17:23:53.893+0000] {processor.py:766} INFO - DAG(s) dict_keys(['example_task_group_decorator']) retrieved from /home/airflow/.local/lib/python3.7/site-packages/airflow/example_dags/example_task_group_decorator.py
[2023-08-26T17:23:53.918+0000] {logging_mixin.py:120} INFO - [2023-08-26T17:23:53.917+0000] {dag.py:2585} INFO - Sync 1 DAGs
[2023-08-26T17:23:53.930+0000] {logging_mixin.py:120} INFO - [2023-08-26T17:23:53.930+0000] {dag.py:3340} INFO - Setting next_dagrun for example_task_group_decorator to 2023-08-25T17:23:53.930237+00:00, run_after=2023-08-26T17:23:53.930237+00:00
[2023-08-26T17:23:53.941+0000] {processor.py:176} INFO - Processing /home/airflow/.local/lib/python3.7/site-packages/airflow/example_dags/example_task_group_decorator.py took 0.066 seconds
[2023-08-26T17:24:24.057+0000] {processor.py:154} INFO - Started process (PID=2572) to work on /home/airflow/.local/lib/python3.7/site-packages/airflow/example_dags/example_task_group_decorator.py
[2023-08-26T17:24:24.058+0000] {processor.py:756} INFO - Processing file /home/airflow/.local/lib/python3.7/site-packages/airflow/example_dags/example_task_group_decorator.py for tasks to queue
[2023-08-26T17:24:24.059+0000] {logging_mixin.py:120} INFO - [2023-08-26T17:24:24.059+0000] {dagbag.py:537} INFO - Filling up the DagBag from /home/airflow/.local/lib/python3.7/site-packages/airflow/example_dags/example_task_group_decorator.py
[2023-08-26T17:24:24.077+0000] {processor.py:766} INFO - DAG(s) dict_keys(['example_task_group_decorator']) retrieved from /home/airflow/.local/lib/python3.7/site-packages/airflow/example_dags/example_task_group_decorator.py
[2023-08-26T17:24:24.104+0000] {logging_mixin.py:120} INFO - [2023-08-26T17:24:24.104+0000] {dag.py:2585} INFO - Sync 1 DAGs
[2023-08-26T17:24:24.118+0000] {logging_mixin.py:120} INFO - [2023-08-26T17:24:24.118+0000] {dag.py:3340} INFO - Setting next_dagrun for example_task_group_decorator to 2023-08-25T17:24:24.118692+00:00, run_after=2023-08-26T17:24:24.118692+00:00
[2023-08-26T17:24:24.128+0000] {processor.py:176} INFO - Processing /home/airflow/.local/lib/python3.7/site-packages/airflow/example_dags/example_task_group_decorator.py took 0.073 seconds
[2023-08-26T17:24:54.325+0000] {processor.py:154} INFO - Started process (PID=2636) to work on /home/airflow/.local/lib/python3.7/site-packages/airflow/example_dags/example_task_group_decorator.py
[2023-08-26T17:24:54.326+0000] {processor.py:756} INFO - Processing file /home/airflow/.local/lib/python3.7/site-packages/airflow/example_dags/example_task_group_decorator.py for tasks to queue
[2023-08-26T17:24:54.326+0000] {logging_mixin.py:120} INFO - [2023-08-26T17:24:54.326+0000] {dagbag.py:537} INFO - Filling up the DagBag from /home/airflow/.local/lib/python3.7/site-packages/airflow/example_dags/example_task_group_decorator.py
[2023-08-26T17:24:54.342+0000] {processor.py:766} INFO - DAG(s) dict_keys(['example_task_group_decorator']) retrieved from /home/airflow/.local/lib/python3.7/site-packages/airflow/example_dags/example_task_group_decorator.py
[2023-08-26T17:24:54.368+0000] {logging_mixin.py:120} INFO - [2023-08-26T17:24:54.368+0000] {dag.py:2585} INFO - Sync 1 DAGs
[2023-08-26T17:24:54.381+0000] {logging_mixin.py:120} INFO - [2023-08-26T17:24:54.381+0000] {dag.py:3340} INFO - Setting next_dagrun for example_task_group_decorator to 2023-08-25T17:24:54.381606+00:00, run_after=2023-08-26T17:24:54.381606+00:00
[2023-08-26T17:24:54.391+0000] {processor.py:176} INFO - Processing /home/airflow/.local/lib/python3.7/site-packages/airflow/example_dags/example_task_group_decorator.py took 0.068 seconds
[2023-08-26T17:25:24.754+0000] {processor.py:154} INFO - Started process (PID=2700) to work on /home/airflow/.local/lib/python3.7/site-packages/airflow/example_dags/example_task_group_decorator.py
[2023-08-26T17:25:24.755+0000] {processor.py:756} INFO - Processing file /home/airflow/.local/lib/python3.7/site-packages/airflow/example_dags/example_task_group_decorator.py for tasks to queue
[2023-08-26T17:25:24.755+0000] {logging_mixin.py:120} INFO - [2023-08-26T17:25:24.755+0000] {dagbag.py:537} INFO - Filling up the DagBag from /home/airflow/.local/lib/python3.7/site-packages/airflow/example_dags/example_task_group_decorator.py
[2023-08-26T17:25:24.771+0000] {processor.py:766} INFO - DAG(s) dict_keys(['example_task_group_decorator']) retrieved from /home/airflow/.local/lib/python3.7/site-packages/airflow/example_dags/example_task_group_decorator.py
[2023-08-26T17:25:24.800+0000] {logging_mixin.py:120} INFO - [2023-08-26T17:25:24.800+0000] {dag.py:2585} INFO - Sync 1 DAGs
[2023-08-26T17:25:24.814+0000] {logging_mixin.py:120} INFO - [2023-08-26T17:25:24.814+0000] {dag.py:3340} INFO - Setting next_dagrun for example_task_group_decorator to 2023-08-25T17:25:24.814275+00:00, run_after=2023-08-26T17:25:24.814275+00:00
[2023-08-26T17:25:24.825+0000] {processor.py:176} INFO - Processing /home/airflow/.local/lib/python3.7/site-packages/airflow/example_dags/example_task_group_decorator.py took 0.073 seconds
[2023-08-26T17:25:54.844+0000] {processor.py:154} INFO - Started process (PID=2762) to work on /home/airflow/.local/lib/python3.7/site-packages/airflow/example_dags/example_task_group_decorator.py
[2023-08-26T17:25:54.845+0000] {processor.py:756} INFO - Processing file /home/airflow/.local/lib/python3.7/site-packages/airflow/example_dags/example_task_group_decorator.py for tasks to queue
[2023-08-26T17:25:54.846+0000] {logging_mixin.py:120} INFO - [2023-08-26T17:25:54.846+0000] {dagbag.py:537} INFO - Filling up the DagBag from /home/airflow/.local/lib/python3.7/site-packages/airflow/example_dags/example_task_group_decorator.py
[2023-08-26T17:25:54.861+0000] {processor.py:766} INFO - DAG(s) dict_keys(['example_task_group_decorator']) retrieved from /home/airflow/.local/lib/python3.7/site-packages/airflow/example_dags/example_task_group_decorator.py
[2023-08-26T17:25:54.887+0000] {logging_mixin.py:120} INFO - [2023-08-26T17:25:54.887+0000] {dag.py:2585} INFO - Sync 1 DAGs
[2023-08-26T17:25:54.901+0000] {logging_mixin.py:120} INFO - [2023-08-26T17:25:54.901+0000] {dag.py:3340} INFO - Setting next_dagrun for example_task_group_decorator to 2023-08-25T17:25:54.900836+00:00, run_after=2023-08-26T17:25:54.900836+00:00
[2023-08-26T17:25:54.911+0000] {processor.py:176} INFO - Processing /home/airflow/.local/lib/python3.7/site-packages/airflow/example_dags/example_task_group_decorator.py took 0.069 seconds
[2023-08-26T17:26:25.035+0000] {processor.py:154} INFO - Started process (PID=2825) to work on /home/airflow/.local/lib/python3.7/site-packages/airflow/example_dags/example_task_group_decorator.py
[2023-08-26T17:26:25.036+0000] {processor.py:756} INFO - Processing file /home/airflow/.local/lib/python3.7/site-packages/airflow/example_dags/example_task_group_decorator.py for tasks to queue
[2023-08-26T17:26:25.036+0000] {logging_mixin.py:120} INFO - [2023-08-26T17:26:25.036+0000] {dagbag.py:537} INFO - Filling up the DagBag from /home/airflow/.local/lib/python3.7/site-packages/airflow/example_dags/example_task_group_decorator.py
[2023-08-26T17:26:25.052+0000] {processor.py:766} INFO - DAG(s) dict_keys(['example_task_group_decorator']) retrieved from /home/airflow/.local/lib/python3.7/site-packages/airflow/example_dags/example_task_group_decorator.py
[2023-08-26T17:26:25.076+0000] {logging_mixin.py:120} INFO - [2023-08-26T17:26:25.076+0000] {dag.py:2585} INFO - Sync 1 DAGs
[2023-08-26T17:26:25.090+0000] {logging_mixin.py:120} INFO - [2023-08-26T17:26:25.090+0000] {dag.py:3340} INFO - Setting next_dagrun for example_task_group_decorator to 2023-08-25T17:26:25.090284+00:00, run_after=2023-08-26T17:26:25.090284+00:00
[2023-08-26T17:26:25.100+0000] {processor.py:176} INFO - Processing /home/airflow/.local/lib/python3.7/site-packages/airflow/example_dags/example_task_group_decorator.py took 0.067 seconds
[2023-08-26T17:26:55.996+0000] {processor.py:154} INFO - Started process (PID=2885) to work on /home/airflow/.local/lib/python3.7/site-packages/airflow/example_dags/example_task_group_decorator.py
[2023-08-26T17:26:55.997+0000] {processor.py:756} INFO - Processing file /home/airflow/.local/lib/python3.7/site-packages/airflow/example_dags/example_task_group_decorator.py for tasks to queue
[2023-08-26T17:26:55.997+0000] {logging_mixin.py:120} INFO - [2023-08-26T17:26:55.997+0000] {dagbag.py:537} INFO - Filling up the DagBag from /home/airflow/.local/lib/python3.7/site-packages/airflow/example_dags/example_task_group_decorator.py
[2023-08-26T17:26:56.015+0000] {processor.py:766} INFO - DAG(s) dict_keys(['example_task_group_decorator']) retrieved from /home/airflow/.local/lib/python3.7/site-packages/airflow/example_dags/example_task_group_decorator.py
[2023-08-26T17:26:56.042+0000] {logging_mixin.py:120} INFO - [2023-08-26T17:26:56.042+0000] {dag.py:2585} INFO - Sync 1 DAGs
[2023-08-26T17:26:56.056+0000] {logging_mixin.py:120} INFO - [2023-08-26T17:26:56.056+0000] {dag.py:3340} INFO - Setting next_dagrun for example_task_group_decorator to 2023-08-25T17:26:56.056341+00:00, run_after=2023-08-26T17:26:56.056341+00:00
[2023-08-26T17:26:56.069+0000] {processor.py:176} INFO - Processing /home/airflow/.local/lib/python3.7/site-packages/airflow/example_dags/example_task_group_decorator.py took 0.076 seconds
[2023-08-26T17:27:27.026+0000] {processor.py:154} INFO - Started process (PID=2940) to work on /home/airflow/.local/lib/python3.7/site-packages/airflow/example_dags/example_task_group_decorator.py
[2023-08-26T17:27:27.027+0000] {processor.py:756} INFO - Processing file /home/airflow/.local/lib/python3.7/site-packages/airflow/example_dags/example_task_group_decorator.py for tasks to queue
[2023-08-26T17:27:27.028+0000] {logging_mixin.py:120} INFO - [2023-08-26T17:27:27.028+0000] {dagbag.py:537} INFO - Filling up the DagBag from /home/airflow/.local/lib/python3.7/site-packages/airflow/example_dags/example_task_group_decorator.py
[2023-08-26T17:27:27.043+0000] {processor.py:766} INFO - DAG(s) dict_keys(['example_task_group_decorator']) retrieved from /home/airflow/.local/lib/python3.7/site-packages/airflow/example_dags/example_task_group_decorator.py
[2023-08-26T17:27:27.068+0000] {logging_mixin.py:120} INFO - [2023-08-26T17:27:27.068+0000] {dag.py:2585} INFO - Sync 1 DAGs
[2023-08-26T17:27:27.082+0000] {logging_mixin.py:120} INFO - [2023-08-26T17:27:27.082+0000] {dag.py:3340} INFO - Setting next_dagrun for example_task_group_decorator to 2023-08-25T17:27:27.082255+00:00, run_after=2023-08-26T17:27:27.082255+00:00
[2023-08-26T17:27:27.093+0000] {processor.py:176} INFO - Processing /home/airflow/.local/lib/python3.7/site-packages/airflow/example_dags/example_task_group_decorator.py took 0.068 seconds
[2023-08-26T17:27:57.154+0000] {processor.py:154} INFO - Started process (PID=3002) to work on /home/airflow/.local/lib/python3.7/site-packages/airflow/example_dags/example_task_group_decorator.py
[2023-08-26T17:27:57.155+0000] {processor.py:756} INFO - Processing file /home/airflow/.local/lib/python3.7/site-packages/airflow/example_dags/example_task_group_decorator.py for tasks to queue
[2023-08-26T17:27:57.156+0000] {logging_mixin.py:120} INFO - [2023-08-26T17:27:57.156+0000] {dagbag.py:537} INFO - Filling up the DagBag from /home/airflow/.local/lib/python3.7/site-packages/airflow/example_dags/example_task_group_decorator.py
[2023-08-26T17:27:57.173+0000] {processor.py:766} INFO - DAG(s) dict_keys(['example_task_group_decorator']) retrieved from /home/airflow/.local/lib/python3.7/site-packages/airflow/example_dags/example_task_group_decorator.py
[2023-08-26T17:27:57.199+0000] {logging_mixin.py:120} INFO - [2023-08-26T17:27:57.199+0000] {dag.py:2585} INFO - Sync 1 DAGs
[2023-08-26T17:27:57.212+0000] {logging_mixin.py:120} INFO - [2023-08-26T17:27:57.212+0000] {dag.py:3340} INFO - Setting next_dagrun for example_task_group_decorator to 2023-08-25T17:27:57.212367+00:00, run_after=2023-08-26T17:27:57.212367+00:00
[2023-08-26T17:27:57.223+0000] {processor.py:176} INFO - Processing /home/airflow/.local/lib/python3.7/site-packages/airflow/example_dags/example_task_group_decorator.py took 0.071 seconds
[2023-08-26T17:28:27.268+0000] {processor.py:154} INFO - Started process (PID=3065) to work on /home/airflow/.local/lib/python3.7/site-packages/airflow/example_dags/example_task_group_decorator.py
[2023-08-26T17:28:27.269+0000] {processor.py:756} INFO - Processing file /home/airflow/.local/lib/python3.7/site-packages/airflow/example_dags/example_task_group_decorator.py for tasks to queue
[2023-08-26T17:28:27.269+0000] {logging_mixin.py:120} INFO - [2023-08-26T17:28:27.269+0000] {dagbag.py:537} INFO - Filling up the DagBag from /home/airflow/.local/lib/python3.7/site-packages/airflow/example_dags/example_task_group_decorator.py
[2023-08-26T17:28:27.285+0000] {processor.py:766} INFO - DAG(s) dict_keys(['example_task_group_decorator']) retrieved from /home/airflow/.local/lib/python3.7/site-packages/airflow/example_dags/example_task_group_decorator.py
[2023-08-26T17:28:27.311+0000] {logging_mixin.py:120} INFO - [2023-08-26T17:28:27.311+0000] {dag.py:2585} INFO - Sync 1 DAGs
[2023-08-26T17:28:27.327+0000] {logging_mixin.py:120} INFO - [2023-08-26T17:28:27.327+0000] {dag.py:3340} INFO - Setting next_dagrun for example_task_group_decorator to 2023-08-25T17:28:27.327716+00:00, run_after=2023-08-26T17:28:27.327716+00:00
[2023-08-26T17:28:27.337+0000] {processor.py:176} INFO - Processing /home/airflow/.local/lib/python3.7/site-packages/airflow/example_dags/example_task_group_decorator.py took 0.071 seconds
[2023-08-26T17:28:58.446+0000] {processor.py:154} INFO - Started process (PID=3127) to work on /home/airflow/.local/lib/python3.7/site-packages/airflow/example_dags/example_task_group_decorator.py
[2023-08-26T17:28:58.448+0000] {processor.py:756} INFO - Processing file /home/airflow/.local/lib/python3.7/site-packages/airflow/example_dags/example_task_group_decorator.py for tasks to queue
[2023-08-26T17:28:58.448+0000] {logging_mixin.py:120} INFO - [2023-08-26T17:28:58.448+0000] {dagbag.py:537} INFO - Filling up the DagBag from /home/airflow/.local/lib/python3.7/site-packages/airflow/example_dags/example_task_group_decorator.py
[2023-08-26T17:28:58.469+0000] {processor.py:766} INFO - DAG(s) dict_keys(['example_task_group_decorator']) retrieved from /home/airflow/.local/lib/python3.7/site-packages/airflow/example_dags/example_task_group_decorator.py
[2023-08-26T17:28:58.501+0000] {logging_mixin.py:120} INFO - [2023-08-26T17:28:58.501+0000] {dag.py:2585} INFO - Sync 1 DAGs
[2023-08-26T17:28:58.518+0000] {logging_mixin.py:120} INFO - [2023-08-26T17:28:58.518+0000] {dag.py:3340} INFO - Setting next_dagrun for example_task_group_decorator to 2023-08-25T17:28:58.517816+00:00, run_after=2023-08-26T17:28:58.517816+00:00
[2023-08-26T17:28:58.530+0000] {processor.py:176} INFO - Processing /home/airflow/.local/lib/python3.7/site-packages/airflow/example_dags/example_task_group_decorator.py took 0.087 seconds
[2023-08-26T17:29:28.739+0000] {processor.py:154} INFO - Started process (PID=3190) to work on /home/airflow/.local/lib/python3.7/site-packages/airflow/example_dags/example_task_group_decorator.py
[2023-08-26T17:29:28.740+0000] {processor.py:756} INFO - Processing file /home/airflow/.local/lib/python3.7/site-packages/airflow/example_dags/example_task_group_decorator.py for tasks to queue
[2023-08-26T17:29:28.741+0000] {logging_mixin.py:120} INFO - [2023-08-26T17:29:28.741+0000] {dagbag.py:537} INFO - Filling up the DagBag from /home/airflow/.local/lib/python3.7/site-packages/airflow/example_dags/example_task_group_decorator.py
[2023-08-26T17:29:28.757+0000] {processor.py:766} INFO - DAG(s) dict_keys(['example_task_group_decorator']) retrieved from /home/airflow/.local/lib/python3.7/site-packages/airflow/example_dags/example_task_group_decorator.py
[2023-08-26T17:29:28.784+0000] {logging_mixin.py:120} INFO - [2023-08-26T17:29:28.784+0000] {dag.py:2585} INFO - Sync 1 DAGs
[2023-08-26T17:29:28.797+0000] {logging_mixin.py:120} INFO - [2023-08-26T17:29:28.797+0000] {dag.py:3340} INFO - Setting next_dagrun for example_task_group_decorator to 2023-08-25T17:29:28.797589+00:00, run_after=2023-08-26T17:29:28.797589+00:00
[2023-08-26T17:29:28.808+0000] {processor.py:176} INFO - Processing /home/airflow/.local/lib/python3.7/site-packages/airflow/example_dags/example_task_group_decorator.py took 0.071 seconds
[2023-08-26T17:29:59.018+0000] {processor.py:154} INFO - Started process (PID=3252) to work on /home/airflow/.local/lib/python3.7/site-packages/airflow/example_dags/example_task_group_decorator.py
[2023-08-26T17:29:59.019+0000] {processor.py:756} INFO - Processing file /home/airflow/.local/lib/python3.7/site-packages/airflow/example_dags/example_task_group_decorator.py for tasks to queue
[2023-08-26T17:29:59.019+0000] {logging_mixin.py:120} INFO - [2023-08-26T17:29:59.019+0000] {dagbag.py:537} INFO - Filling up the DagBag from /home/airflow/.local/lib/python3.7/site-packages/airflow/example_dags/example_task_group_decorator.py
[2023-08-26T17:29:59.035+0000] {processor.py:766} INFO - DAG(s) dict_keys(['example_task_group_decorator']) retrieved from /home/airflow/.local/lib/python3.7/site-packages/airflow/example_dags/example_task_group_decorator.py
[2023-08-26T17:29:59.062+0000] {logging_mixin.py:120} INFO - [2023-08-26T17:29:59.062+0000] {dag.py:2585} INFO - Sync 1 DAGs
[2023-08-26T17:29:59.077+0000] {logging_mixin.py:120} INFO - [2023-08-26T17:29:59.077+0000] {dag.py:3340} INFO - Setting next_dagrun for example_task_group_decorator to 2023-08-25T17:29:59.077320+00:00, run_after=2023-08-26T17:29:59.077320+00:00
[2023-08-26T17:29:59.090+0000] {processor.py:176} INFO - Processing /home/airflow/.local/lib/python3.7/site-packages/airflow/example_dags/example_task_group_decorator.py took 0.074 seconds
[2023-08-26T17:30:29.172+0000] {processor.py:154} INFO - Started process (PID=3307) to work on /home/airflow/.local/lib/python3.7/site-packages/airflow/example_dags/example_task_group_decorator.py
[2023-08-26T17:30:29.173+0000] {processor.py:756} INFO - Processing file /home/airflow/.local/lib/python3.7/site-packages/airflow/example_dags/example_task_group_decorator.py for tasks to queue
[2023-08-26T17:30:29.174+0000] {logging_mixin.py:120} INFO - [2023-08-26T17:30:29.173+0000] {dagbag.py:537} INFO - Filling up the DagBag from /home/airflow/.local/lib/python3.7/site-packages/airflow/example_dags/example_task_group_decorator.py
[2023-08-26T17:30:29.194+0000] {processor.py:766} INFO - DAG(s) dict_keys(['example_task_group_decorator']) retrieved from /home/airflow/.local/lib/python3.7/site-packages/airflow/example_dags/example_task_group_decorator.py
[2023-08-26T17:30:29.224+0000] {logging_mixin.py:120} INFO - [2023-08-26T17:30:29.224+0000] {dag.py:2585} INFO - Sync 1 DAGs
[2023-08-26T17:30:29.240+0000] {logging_mixin.py:120} INFO - [2023-08-26T17:30:29.240+0000] {dag.py:3340} INFO - Setting next_dagrun for example_task_group_decorator to 2023-08-25T17:30:29.240491+00:00, run_after=2023-08-26T17:30:29.240491+00:00
[2023-08-26T17:30:29.251+0000] {processor.py:176} INFO - Processing /home/airflow/.local/lib/python3.7/site-packages/airflow/example_dags/example_task_group_decorator.py took 0.081 seconds
[2023-08-26T17:30:59.439+0000] {processor.py:154} INFO - Started process (PID=3370) to work on /home/airflow/.local/lib/python3.7/site-packages/airflow/example_dags/example_task_group_decorator.py
[2023-08-26T17:30:59.440+0000] {processor.py:756} INFO - Processing file /home/airflow/.local/lib/python3.7/site-packages/airflow/example_dags/example_task_group_decorator.py for tasks to queue
[2023-08-26T17:30:59.441+0000] {logging_mixin.py:120} INFO - [2023-08-26T17:30:59.441+0000] {dagbag.py:537} INFO - Filling up the DagBag from /home/airflow/.local/lib/python3.7/site-packages/airflow/example_dags/example_task_group_decorator.py
[2023-08-26T17:30:59.460+0000] {processor.py:766} INFO - DAG(s) dict_keys(['example_task_group_decorator']) retrieved from /home/airflow/.local/lib/python3.7/site-packages/airflow/example_dags/example_task_group_decorator.py
[2023-08-26T17:30:59.492+0000] {logging_mixin.py:120} INFO - [2023-08-26T17:30:59.492+0000] {dag.py:2585} INFO - Sync 1 DAGs
[2023-08-26T17:30:59.507+0000] {logging_mixin.py:120} INFO - [2023-08-26T17:30:59.507+0000] {dag.py:3340} INFO - Setting next_dagrun for example_task_group_decorator to 2023-08-25T17:30:59.507460+00:00, run_after=2023-08-26T17:30:59.507460+00:00
[2023-08-26T17:30:59.518+0000] {processor.py:176} INFO - Processing /home/airflow/.local/lib/python3.7/site-packages/airflow/example_dags/example_task_group_decorator.py took 0.083 seconds
[2023-08-26T17:31:29.612+0000] {processor.py:154} INFO - Started process (PID=3433) to work on /home/airflow/.local/lib/python3.7/site-packages/airflow/example_dags/example_task_group_decorator.py
[2023-08-26T17:31:29.613+0000] {processor.py:756} INFO - Processing file /home/airflow/.local/lib/python3.7/site-packages/airflow/example_dags/example_task_group_decorator.py for tasks to queue
[2023-08-26T17:31:29.614+0000] {logging_mixin.py:120} INFO - [2023-08-26T17:31:29.614+0000] {dagbag.py:537} INFO - Filling up the DagBag from /home/airflow/.local/lib/python3.7/site-packages/airflow/example_dags/example_task_group_decorator.py
[2023-08-26T17:31:29.631+0000] {processor.py:766} INFO - DAG(s) dict_keys(['example_task_group_decorator']) retrieved from /home/airflow/.local/lib/python3.7/site-packages/airflow/example_dags/example_task_group_decorator.py
[2023-08-26T17:31:29.656+0000] {logging_mixin.py:120} INFO - [2023-08-26T17:31:29.656+0000] {dag.py:2585} INFO - Sync 1 DAGs
[2023-08-26T17:31:29.669+0000] {logging_mixin.py:120} INFO - [2023-08-26T17:31:29.669+0000] {dag.py:3340} INFO - Setting next_dagrun for example_task_group_decorator to 2023-08-25T17:31:29.669221+00:00, run_after=2023-08-26T17:31:29.669221+00:00
[2023-08-26T17:31:29.678+0000] {processor.py:176} INFO - Processing /home/airflow/.local/lib/python3.7/site-packages/airflow/example_dags/example_task_group_decorator.py took 0.068 seconds
