[2023-08-26T17:03:31.101+0000] {processor.py:154} INFO - Started process (PID=38) to work on /home/airflow/.local/lib/python3.7/site-packages/airflow/example_dags/example_branch_python_dop_operator_3.py
[2023-08-26T17:03:31.102+0000] {processor.py:756} INFO - Processing file /home/airflow/.local/lib/python3.7/site-packages/airflow/example_dags/example_branch_python_dop_operator_3.py for tasks to queue
[2023-08-26T17:03:31.102+0000] {logging_mixin.py:120} INFO - [2023-08-26T17:03:31.102+0000] {dagbag.py:537} INFO - Filling up the DagBag from /home/airflow/.local/lib/python3.7/site-packages/airflow/example_dags/example_branch_python_dop_operator_3.py
[2023-08-26T17:03:31.118+0000] {processor.py:766} INFO - DAG(s) dict_keys(['example_branch_dop_operator_v3']) retrieved from /home/airflow/.local/lib/python3.7/site-packages/airflow/example_dags/example_branch_python_dop_operator_3.py
[2023-08-26T17:03:31.205+0000] {logging_mixin.py:120} INFO - [2023-08-26T17:03:31.205+0000] {manager.py:507} INFO - Created Permission View: can edit on DAG:example_branch_dop_operator_v3
[2023-08-26T17:03:31.214+0000] {logging_mixin.py:120} INFO - [2023-08-26T17:03:31.214+0000] {manager.py:507} INFO - Created Permission View: can read on DAG:example_branch_dop_operator_v3
[2023-08-26T17:03:31.219+0000] {logging_mixin.py:120} INFO - [2023-08-26T17:03:31.219+0000] {manager.py:507} INFO - Created Permission View: can delete on DAG:example_branch_dop_operator_v3
[2023-08-26T17:03:31.220+0000] {logging_mixin.py:120} INFO - [2023-08-26T17:03:31.220+0000] {dag.py:2585} INFO - Sync 1 DAGs
[2023-08-26T17:03:31.229+0000] {logging_mixin.py:120} INFO - [2023-08-26T17:03:31.229+0000] {dag.py:2606} INFO - Creating ORM DAG for example_branch_dop_operator_v3
[2023-08-26T17:03:31.240+0000] {logging_mixin.py:120} INFO - [2023-08-26T17:03:31.240+0000] {dag.py:3340} INFO - Setting next_dagrun for example_branch_dop_operator_v3 to 2023-08-26T17:02:00+00:00, run_after=2023-08-26T17:03:00+00:00
[2023-08-26T17:03:31.254+0000] {processor.py:176} INFO - Processing /home/airflow/.local/lib/python3.7/site-packages/airflow/example_dags/example_branch_python_dop_operator_3.py took 0.155 seconds
[2023-08-26T17:04:01.485+0000] {processor.py:154} INFO - Started process (PID=100) to work on /home/airflow/.local/lib/python3.7/site-packages/airflow/example_dags/example_branch_python_dop_operator_3.py
[2023-08-26T17:04:01.486+0000] {processor.py:756} INFO - Processing file /home/airflow/.local/lib/python3.7/site-packages/airflow/example_dags/example_branch_python_dop_operator_3.py for tasks to queue
[2023-08-26T17:04:01.486+0000] {logging_mixin.py:120} INFO - [2023-08-26T17:04:01.486+0000] {dagbag.py:537} INFO - Filling up the DagBag from /home/airflow/.local/lib/python3.7/site-packages/airflow/example_dags/example_branch_python_dop_operator_3.py
[2023-08-26T17:04:01.501+0000] {processor.py:766} INFO - DAG(s) dict_keys(['example_branch_dop_operator_v3']) retrieved from /home/airflow/.local/lib/python3.7/site-packages/airflow/example_dags/example_branch_python_dop_operator_3.py
[2023-08-26T17:04:01.525+0000] {logging_mixin.py:120} INFO - [2023-08-26T17:04:01.525+0000] {dag.py:2585} INFO - Sync 1 DAGs
[2023-08-26T17:04:01.543+0000] {logging_mixin.py:120} INFO - [2023-08-26T17:04:01.543+0000] {dag.py:3340} INFO - Setting next_dagrun for example_branch_dop_operator_v3 to 2023-08-26T17:03:00+00:00, run_after=2023-08-26T17:04:00+00:00
[2023-08-26T17:04:01.553+0000] {processor.py:176} INFO - Processing /home/airflow/.local/lib/python3.7/site-packages/airflow/example_dags/example_branch_python_dop_operator_3.py took 0.070 seconds
[2023-08-26T17:04:32.367+0000] {processor.py:154} INFO - Started process (PID=164) to work on /home/airflow/.local/lib/python3.7/site-packages/airflow/example_dags/example_branch_python_dop_operator_3.py
[2023-08-26T17:04:32.368+0000] {processor.py:756} INFO - Processing file /home/airflow/.local/lib/python3.7/site-packages/airflow/example_dags/example_branch_python_dop_operator_3.py for tasks to queue
[2023-08-26T17:04:32.369+0000] {logging_mixin.py:120} INFO - [2023-08-26T17:04:32.368+0000] {dagbag.py:537} INFO - Filling up the DagBag from /home/airflow/.local/lib/python3.7/site-packages/airflow/example_dags/example_branch_python_dop_operator_3.py
[2023-08-26T17:04:32.385+0000] {processor.py:766} INFO - DAG(s) dict_keys(['example_branch_dop_operator_v3']) retrieved from /home/airflow/.local/lib/python3.7/site-packages/airflow/example_dags/example_branch_python_dop_operator_3.py
[2023-08-26T17:04:32.411+0000] {logging_mixin.py:120} INFO - [2023-08-26T17:04:32.411+0000] {dag.py:2585} INFO - Sync 1 DAGs
[2023-08-26T17:04:32.428+0000] {logging_mixin.py:120} INFO - [2023-08-26T17:04:32.428+0000] {dag.py:3340} INFO - Setting next_dagrun for example_branch_dop_operator_v3 to 2023-08-26T17:03:00+00:00, run_after=2023-08-26T17:04:00+00:00
[2023-08-26T17:04:32.439+0000] {processor.py:176} INFO - Processing /home/airflow/.local/lib/python3.7/site-packages/airflow/example_dags/example_branch_python_dop_operator_3.py took 0.077 seconds
[2023-08-26T17:05:03.266+0000] {processor.py:154} INFO - Started process (PID=227) to work on /home/airflow/.local/lib/python3.7/site-packages/airflow/example_dags/example_branch_python_dop_operator_3.py
[2023-08-26T17:05:03.267+0000] {processor.py:756} INFO - Processing file /home/airflow/.local/lib/python3.7/site-packages/airflow/example_dags/example_branch_python_dop_operator_3.py for tasks to queue
[2023-08-26T17:05:03.267+0000] {logging_mixin.py:120} INFO - [2023-08-26T17:05:03.267+0000] {dagbag.py:537} INFO - Filling up the DagBag from /home/airflow/.local/lib/python3.7/site-packages/airflow/example_dags/example_branch_python_dop_operator_3.py
[2023-08-26T17:05:03.281+0000] {processor.py:766} INFO - DAG(s) dict_keys(['example_branch_dop_operator_v3']) retrieved from /home/airflow/.local/lib/python3.7/site-packages/airflow/example_dags/example_branch_python_dop_operator_3.py
[2023-08-26T17:05:03.306+0000] {logging_mixin.py:120} INFO - [2023-08-26T17:05:03.306+0000] {dag.py:2585} INFO - Sync 1 DAGs
[2023-08-26T17:05:03.322+0000] {logging_mixin.py:120} INFO - [2023-08-26T17:05:03.322+0000] {dag.py:3340} INFO - Setting next_dagrun for example_branch_dop_operator_v3 to 2023-08-26T17:04:00+00:00, run_after=2023-08-26T17:05:00+00:00
[2023-08-26T17:05:03.333+0000] {processor.py:176} INFO - Processing /home/airflow/.local/lib/python3.7/site-packages/airflow/example_dags/example_branch_python_dop_operator_3.py took 0.068 seconds
[2023-08-26T17:05:34.255+0000] {processor.py:154} INFO - Started process (PID=291) to work on /home/airflow/.local/lib/python3.7/site-packages/airflow/example_dags/example_branch_python_dop_operator_3.py
[2023-08-26T17:05:34.256+0000] {processor.py:756} INFO - Processing file /home/airflow/.local/lib/python3.7/site-packages/airflow/example_dags/example_branch_python_dop_operator_3.py for tasks to queue
[2023-08-26T17:05:34.257+0000] {logging_mixin.py:120} INFO - [2023-08-26T17:05:34.257+0000] {dagbag.py:537} INFO - Filling up the DagBag from /home/airflow/.local/lib/python3.7/site-packages/airflow/example_dags/example_branch_python_dop_operator_3.py
[2023-08-26T17:05:34.272+0000] {processor.py:766} INFO - DAG(s) dict_keys(['example_branch_dop_operator_v3']) retrieved from /home/airflow/.local/lib/python3.7/site-packages/airflow/example_dags/example_branch_python_dop_operator_3.py
[2023-08-26T17:05:34.299+0000] {logging_mixin.py:120} INFO - [2023-08-26T17:05:34.299+0000] {dag.py:2585} INFO - Sync 1 DAGs
[2023-08-26T17:05:34.316+0000] {logging_mixin.py:120} INFO - [2023-08-26T17:05:34.316+0000] {dag.py:3340} INFO - Setting next_dagrun for example_branch_dop_operator_v3 to 2023-08-26T17:04:00+00:00, run_after=2023-08-26T17:05:00+00:00
[2023-08-26T17:05:34.326+0000] {processor.py:176} INFO - Processing /home/airflow/.local/lib/python3.7/site-packages/airflow/example_dags/example_branch_python_dop_operator_3.py took 0.074 seconds
[2023-08-26T17:06:04.438+0000] {processor.py:154} INFO - Started process (PID=345) to work on /home/airflow/.local/lib/python3.7/site-packages/airflow/example_dags/example_branch_python_dop_operator_3.py
[2023-08-26T17:06:04.439+0000] {processor.py:756} INFO - Processing file /home/airflow/.local/lib/python3.7/site-packages/airflow/example_dags/example_branch_python_dop_operator_3.py for tasks to queue
[2023-08-26T17:06:04.439+0000] {logging_mixin.py:120} INFO - [2023-08-26T17:06:04.439+0000] {dagbag.py:537} INFO - Filling up the DagBag from /home/airflow/.local/lib/python3.7/site-packages/airflow/example_dags/example_branch_python_dop_operator_3.py
[2023-08-26T17:06:04.453+0000] {processor.py:766} INFO - DAG(s) dict_keys(['example_branch_dop_operator_v3']) retrieved from /home/airflow/.local/lib/python3.7/site-packages/airflow/example_dags/example_branch_python_dop_operator_3.py
[2023-08-26T17:06:04.479+0000] {logging_mixin.py:120} INFO - [2023-08-26T17:06:04.479+0000] {dag.py:2585} INFO - Sync 1 DAGs
[2023-08-26T17:06:04.495+0000] {logging_mixin.py:120} INFO - [2023-08-26T17:06:04.495+0000] {dag.py:3340} INFO - Setting next_dagrun for example_branch_dop_operator_v3 to 2023-08-26T17:05:00+00:00, run_after=2023-08-26T17:06:00+00:00
[2023-08-26T17:06:04.505+0000] {processor.py:176} INFO - Processing /home/airflow/.local/lib/python3.7/site-packages/airflow/example_dags/example_branch_python_dop_operator_3.py took 0.069 seconds
[2023-08-26T17:06:35.545+0000] {processor.py:154} INFO - Started process (PID=408) to work on /home/airflow/.local/lib/python3.7/site-packages/airflow/example_dags/example_branch_python_dop_operator_3.py
[2023-08-26T17:06:35.545+0000] {processor.py:756} INFO - Processing file /home/airflow/.local/lib/python3.7/site-packages/airflow/example_dags/example_branch_python_dop_operator_3.py for tasks to queue
[2023-08-26T17:06:35.546+0000] {logging_mixin.py:120} INFO - [2023-08-26T17:06:35.546+0000] {dagbag.py:537} INFO - Filling up the DagBag from /home/airflow/.local/lib/python3.7/site-packages/airflow/example_dags/example_branch_python_dop_operator_3.py
[2023-08-26T17:06:35.559+0000] {processor.py:766} INFO - DAG(s) dict_keys(['example_branch_dop_operator_v3']) retrieved from /home/airflow/.local/lib/python3.7/site-packages/airflow/example_dags/example_branch_python_dop_operator_3.py
[2023-08-26T17:06:35.586+0000] {logging_mixin.py:120} INFO - [2023-08-26T17:06:35.586+0000] {dag.py:2585} INFO - Sync 1 DAGs
[2023-08-26T17:06:35.603+0000] {logging_mixin.py:120} INFO - [2023-08-26T17:06:35.603+0000] {dag.py:3340} INFO - Setting next_dagrun for example_branch_dop_operator_v3 to 2023-08-26T17:05:00+00:00, run_after=2023-08-26T17:06:00+00:00
[2023-08-26T17:06:35.613+0000] {processor.py:176} INFO - Processing /home/airflow/.local/lib/python3.7/site-packages/airflow/example_dags/example_branch_python_dop_operator_3.py took 0.070 seconds
[2023-08-26T17:07:06.459+0000] {processor.py:154} INFO - Started process (PID=470) to work on /home/airflow/.local/lib/python3.7/site-packages/airflow/example_dags/example_branch_python_dop_operator_3.py
[2023-08-26T17:07:06.459+0000] {processor.py:756} INFO - Processing file /home/airflow/.local/lib/python3.7/site-packages/airflow/example_dags/example_branch_python_dop_operator_3.py for tasks to queue
[2023-08-26T17:07:06.460+0000] {logging_mixin.py:120} INFO - [2023-08-26T17:07:06.460+0000] {dagbag.py:537} INFO - Filling up the DagBag from /home/airflow/.local/lib/python3.7/site-packages/airflow/example_dags/example_branch_python_dop_operator_3.py
[2023-08-26T17:07:06.473+0000] {processor.py:766} INFO - DAG(s) dict_keys(['example_branch_dop_operator_v3']) retrieved from /home/airflow/.local/lib/python3.7/site-packages/airflow/example_dags/example_branch_python_dop_operator_3.py
[2023-08-26T17:07:06.504+0000] {logging_mixin.py:120} INFO - [2023-08-26T17:07:06.504+0000] {dag.py:2585} INFO - Sync 1 DAGs
[2023-08-26T17:07:06.523+0000] {logging_mixin.py:120} INFO - [2023-08-26T17:07:06.523+0000] {dag.py:3340} INFO - Setting next_dagrun for example_branch_dop_operator_v3 to 2023-08-26T17:06:00+00:00, run_after=2023-08-26T17:07:00+00:00
[2023-08-26T17:07:06.538+0000] {processor.py:176} INFO - Processing /home/airflow/.local/lib/python3.7/site-packages/airflow/example_dags/example_branch_python_dop_operator_3.py took 0.082 seconds
[2023-08-26T17:07:37.628+0000] {processor.py:154} INFO - Started process (PID=533) to work on /home/airflow/.local/lib/python3.7/site-packages/airflow/example_dags/example_branch_python_dop_operator_3.py
[2023-08-26T17:07:37.628+0000] {processor.py:756} INFO - Processing file /home/airflow/.local/lib/python3.7/site-packages/airflow/example_dags/example_branch_python_dop_operator_3.py for tasks to queue
[2023-08-26T17:07:37.629+0000] {logging_mixin.py:120} INFO - [2023-08-26T17:07:37.629+0000] {dagbag.py:537} INFO - Filling up the DagBag from /home/airflow/.local/lib/python3.7/site-packages/airflow/example_dags/example_branch_python_dop_operator_3.py
[2023-08-26T17:07:37.648+0000] {processor.py:766} INFO - DAG(s) dict_keys(['example_branch_dop_operator_v3']) retrieved from /home/airflow/.local/lib/python3.7/site-packages/airflow/example_dags/example_branch_python_dop_operator_3.py
[2023-08-26T17:07:37.690+0000] {logging_mixin.py:120} INFO - [2023-08-26T17:07:37.690+0000] {dag.py:2585} INFO - Sync 1 DAGs
[2023-08-26T17:07:37.713+0000] {logging_mixin.py:120} INFO - [2023-08-26T17:07:37.713+0000] {dag.py:3340} INFO - Setting next_dagrun for example_branch_dop_operator_v3 to 2023-08-26T17:06:00+00:00, run_after=2023-08-26T17:07:00+00:00
[2023-08-26T17:07:37.727+0000] {processor.py:176} INFO - Processing /home/airflow/.local/lib/python3.7/site-packages/airflow/example_dags/example_branch_python_dop_operator_3.py took 0.104 seconds
[2023-08-26T17:08:08.680+0000] {processor.py:154} INFO - Started process (PID=596) to work on /home/airflow/.local/lib/python3.7/site-packages/airflow/example_dags/example_branch_python_dop_operator_3.py
[2023-08-26T17:08:08.681+0000] {processor.py:756} INFO - Processing file /home/airflow/.local/lib/python3.7/site-packages/airflow/example_dags/example_branch_python_dop_operator_3.py for tasks to queue
[2023-08-26T17:08:08.682+0000] {logging_mixin.py:120} INFO - [2023-08-26T17:08:08.682+0000] {dagbag.py:537} INFO - Filling up the DagBag from /home/airflow/.local/lib/python3.7/site-packages/airflow/example_dags/example_branch_python_dop_operator_3.py
[2023-08-26T17:08:08.703+0000] {processor.py:766} INFO - DAG(s) dict_keys(['example_branch_dop_operator_v3']) retrieved from /home/airflow/.local/lib/python3.7/site-packages/airflow/example_dags/example_branch_python_dop_operator_3.py
[2023-08-26T17:08:08.732+0000] {logging_mixin.py:120} INFO - [2023-08-26T17:08:08.732+0000] {dag.py:2585} INFO - Sync 1 DAGs
[2023-08-26T17:08:08.749+0000] {logging_mixin.py:120} INFO - [2023-08-26T17:08:08.749+0000] {dag.py:3340} INFO - Setting next_dagrun for example_branch_dop_operator_v3 to 2023-08-26T17:07:00+00:00, run_after=2023-08-26T17:08:00+00:00
[2023-08-26T17:08:08.761+0000] {processor.py:176} INFO - Processing /home/airflow/.local/lib/python3.7/site-packages/airflow/example_dags/example_branch_python_dop_operator_3.py took 0.084 seconds
[2023-08-26T17:08:39.620+0000] {processor.py:154} INFO - Started process (PID=659) to work on /home/airflow/.local/lib/python3.7/site-packages/airflow/example_dags/example_branch_python_dop_operator_3.py
[2023-08-26T17:08:39.621+0000] {processor.py:756} INFO - Processing file /home/airflow/.local/lib/python3.7/site-packages/airflow/example_dags/example_branch_python_dop_operator_3.py for tasks to queue
[2023-08-26T17:08:39.622+0000] {logging_mixin.py:120} INFO - [2023-08-26T17:08:39.622+0000] {dagbag.py:537} INFO - Filling up the DagBag from /home/airflow/.local/lib/python3.7/site-packages/airflow/example_dags/example_branch_python_dop_operator_3.py
[2023-08-26T17:08:39.644+0000] {processor.py:766} INFO - DAG(s) dict_keys(['example_branch_dop_operator_v3']) retrieved from /home/airflow/.local/lib/python3.7/site-packages/airflow/example_dags/example_branch_python_dop_operator_3.py
[2023-08-26T17:08:39.685+0000] {logging_mixin.py:120} INFO - [2023-08-26T17:08:39.685+0000] {dag.py:2585} INFO - Sync 1 DAGs
[2023-08-26T17:08:39.709+0000] {logging_mixin.py:120} INFO - [2023-08-26T17:08:39.709+0000] {dag.py:3340} INFO - Setting next_dagrun for example_branch_dop_operator_v3 to 2023-08-26T17:07:00+00:00, run_after=2023-08-26T17:08:00+00:00
[2023-08-26T17:08:39.725+0000] {processor.py:176} INFO - Processing /home/airflow/.local/lib/python3.7/site-packages/airflow/example_dags/example_branch_python_dop_operator_3.py took 0.110 seconds
[2023-08-26T17:09:09.762+0000] {processor.py:154} INFO - Started process (PID=720) to work on /home/airflow/.local/lib/python3.7/site-packages/airflow/example_dags/example_branch_python_dop_operator_3.py
[2023-08-26T17:09:09.763+0000] {processor.py:756} INFO - Processing file /home/airflow/.local/lib/python3.7/site-packages/airflow/example_dags/example_branch_python_dop_operator_3.py for tasks to queue
[2023-08-26T17:09:09.763+0000] {logging_mixin.py:120} INFO - [2023-08-26T17:09:09.763+0000] {dagbag.py:537} INFO - Filling up the DagBag from /home/airflow/.local/lib/python3.7/site-packages/airflow/example_dags/example_branch_python_dop_operator_3.py
[2023-08-26T17:09:09.777+0000] {processor.py:766} INFO - DAG(s) dict_keys(['example_branch_dop_operator_v3']) retrieved from /home/airflow/.local/lib/python3.7/site-packages/airflow/example_dags/example_branch_python_dop_operator_3.py
[2023-08-26T17:09:09.803+0000] {logging_mixin.py:120} INFO - [2023-08-26T17:09:09.803+0000] {dag.py:2585} INFO - Sync 1 DAGs
[2023-08-26T17:09:09.821+0000] {logging_mixin.py:120} INFO - [2023-08-26T17:09:09.821+0000] {dag.py:3340} INFO - Setting next_dagrun for example_branch_dop_operator_v3 to 2023-08-26T17:08:00+00:00, run_after=2023-08-26T17:09:00+00:00
[2023-08-26T17:09:09.832+0000] {processor.py:176} INFO - Processing /home/airflow/.local/lib/python3.7/site-packages/airflow/example_dags/example_branch_python_dop_operator_3.py took 0.072 seconds
[2023-08-26T17:09:40.121+0000] {processor.py:154} INFO - Started process (PID=775) to work on /home/airflow/.local/lib/python3.7/site-packages/airflow/example_dags/example_branch_python_dop_operator_3.py
[2023-08-26T17:09:40.122+0000] {processor.py:756} INFO - Processing file /home/airflow/.local/lib/python3.7/site-packages/airflow/example_dags/example_branch_python_dop_operator_3.py for tasks to queue
[2023-08-26T17:09:40.123+0000] {logging_mixin.py:120} INFO - [2023-08-26T17:09:40.123+0000] {dagbag.py:537} INFO - Filling up the DagBag from /home/airflow/.local/lib/python3.7/site-packages/airflow/example_dags/example_branch_python_dop_operator_3.py
[2023-08-26T17:09:40.145+0000] {processor.py:766} INFO - DAG(s) dict_keys(['example_branch_dop_operator_v3']) retrieved from /home/airflow/.local/lib/python3.7/site-packages/airflow/example_dags/example_branch_python_dop_operator_3.py
[2023-08-26T17:09:40.177+0000] {logging_mixin.py:120} INFO - [2023-08-26T17:09:40.176+0000] {dag.py:2585} INFO - Sync 1 DAGs
[2023-08-26T17:09:40.196+0000] {logging_mixin.py:120} INFO - [2023-08-26T17:09:40.196+0000] {dag.py:3340} INFO - Setting next_dagrun for example_branch_dop_operator_v3 to 2023-08-26T17:08:00+00:00, run_after=2023-08-26T17:09:00+00:00
[2023-08-26T17:09:40.210+0000] {processor.py:176} INFO - Processing /home/airflow/.local/lib/python3.7/site-packages/airflow/example_dags/example_branch_python_dop_operator_3.py took 0.093 seconds
[2023-08-26T17:10:10.322+0000] {processor.py:154} INFO - Started process (PID=837) to work on /home/airflow/.local/lib/python3.7/site-packages/airflow/example_dags/example_branch_python_dop_operator_3.py
[2023-08-26T17:10:10.323+0000] {processor.py:756} INFO - Processing file /home/airflow/.local/lib/python3.7/site-packages/airflow/example_dags/example_branch_python_dop_operator_3.py for tasks to queue
[2023-08-26T17:10:10.324+0000] {logging_mixin.py:120} INFO - [2023-08-26T17:10:10.324+0000] {dagbag.py:537} INFO - Filling up the DagBag from /home/airflow/.local/lib/python3.7/site-packages/airflow/example_dags/example_branch_python_dop_operator_3.py
[2023-08-26T17:10:10.343+0000] {processor.py:766} INFO - DAG(s) dict_keys(['example_branch_dop_operator_v3']) retrieved from /home/airflow/.local/lib/python3.7/site-packages/airflow/example_dags/example_branch_python_dop_operator_3.py
[2023-08-26T17:10:10.379+0000] {logging_mixin.py:120} INFO - [2023-08-26T17:10:10.379+0000] {dag.py:2585} INFO - Sync 1 DAGs
[2023-08-26T17:10:10.399+0000] {logging_mixin.py:120} INFO - [2023-08-26T17:10:10.399+0000] {dag.py:3340} INFO - Setting next_dagrun for example_branch_dop_operator_v3 to 2023-08-26T17:09:00+00:00, run_after=2023-08-26T17:10:00+00:00
[2023-08-26T17:10:10.411+0000] {processor.py:176} INFO - Processing /home/airflow/.local/lib/python3.7/site-packages/airflow/example_dags/example_branch_python_dop_operator_3.py took 0.092 seconds
[2023-08-26T17:10:40.474+0000] {processor.py:154} INFO - Started process (PID=900) to work on /home/airflow/.local/lib/python3.7/site-packages/airflow/example_dags/example_branch_python_dop_operator_3.py
[2023-08-26T17:10:40.475+0000] {processor.py:756} INFO - Processing file /home/airflow/.local/lib/python3.7/site-packages/airflow/example_dags/example_branch_python_dop_operator_3.py for tasks to queue
[2023-08-26T17:10:40.476+0000] {logging_mixin.py:120} INFO - [2023-08-26T17:10:40.475+0000] {dagbag.py:537} INFO - Filling up the DagBag from /home/airflow/.local/lib/python3.7/site-packages/airflow/example_dags/example_branch_python_dop_operator_3.py
[2023-08-26T17:10:40.491+0000] {processor.py:766} INFO - DAG(s) dict_keys(['example_branch_dop_operator_v3']) retrieved from /home/airflow/.local/lib/python3.7/site-packages/airflow/example_dags/example_branch_python_dop_operator_3.py
[2023-08-26T17:10:40.519+0000] {logging_mixin.py:120} INFO - [2023-08-26T17:10:40.519+0000] {dag.py:2585} INFO - Sync 1 DAGs
[2023-08-26T17:10:40.538+0000] {logging_mixin.py:120} INFO - [2023-08-26T17:10:40.538+0000] {dag.py:3340} INFO - Setting next_dagrun for example_branch_dop_operator_v3 to 2023-08-26T17:09:00+00:00, run_after=2023-08-26T17:10:00+00:00
[2023-08-26T17:10:40.552+0000] {processor.py:176} INFO - Processing /home/airflow/.local/lib/python3.7/site-packages/airflow/example_dags/example_branch_python_dop_operator_3.py took 0.080 seconds
[2023-08-26T17:11:10.707+0000] {processor.py:154} INFO - Started process (PID=963) to work on /home/airflow/.local/lib/python3.7/site-packages/airflow/example_dags/example_branch_python_dop_operator_3.py
[2023-08-26T17:11:10.708+0000] {processor.py:756} INFO - Processing file /home/airflow/.local/lib/python3.7/site-packages/airflow/example_dags/example_branch_python_dop_operator_3.py for tasks to queue
[2023-08-26T17:11:10.708+0000] {logging_mixin.py:120} INFO - [2023-08-26T17:11:10.708+0000] {dagbag.py:537} INFO - Filling up the DagBag from /home/airflow/.local/lib/python3.7/site-packages/airflow/example_dags/example_branch_python_dop_operator_3.py
[2023-08-26T17:11:10.722+0000] {processor.py:766} INFO - DAG(s) dict_keys(['example_branch_dop_operator_v3']) retrieved from /home/airflow/.local/lib/python3.7/site-packages/airflow/example_dags/example_branch_python_dop_operator_3.py
[2023-08-26T17:11:10.748+0000] {logging_mixin.py:120} INFO - [2023-08-26T17:11:10.748+0000] {dag.py:2585} INFO - Sync 1 DAGs
[2023-08-26T17:11:10.765+0000] {logging_mixin.py:120} INFO - [2023-08-26T17:11:10.764+0000] {dag.py:3340} INFO - Setting next_dagrun for example_branch_dop_operator_v3 to 2023-08-26T17:10:00+00:00, run_after=2023-08-26T17:11:00+00:00
[2023-08-26T17:11:10.774+0000] {processor.py:176} INFO - Processing /home/airflow/.local/lib/python3.7/site-packages/airflow/example_dags/example_branch_python_dop_operator_3.py took 0.069 seconds
[2023-08-26T17:11:40.820+0000] {processor.py:154} INFO - Started process (PID=1025) to work on /home/airflow/.local/lib/python3.7/site-packages/airflow/example_dags/example_branch_python_dop_operator_3.py
[2023-08-26T17:11:40.821+0000] {processor.py:756} INFO - Processing file /home/airflow/.local/lib/python3.7/site-packages/airflow/example_dags/example_branch_python_dop_operator_3.py for tasks to queue
[2023-08-26T17:11:40.822+0000] {logging_mixin.py:120} INFO - [2023-08-26T17:11:40.822+0000] {dagbag.py:537} INFO - Filling up the DagBag from /home/airflow/.local/lib/python3.7/site-packages/airflow/example_dags/example_branch_python_dop_operator_3.py
[2023-08-26T17:11:40.841+0000] {processor.py:766} INFO - DAG(s) dict_keys(['example_branch_dop_operator_v3']) retrieved from /home/airflow/.local/lib/python3.7/site-packages/airflow/example_dags/example_branch_python_dop_operator_3.py
[2023-08-26T17:11:40.867+0000] {logging_mixin.py:120} INFO - [2023-08-26T17:11:40.867+0000] {dag.py:2585} INFO - Sync 1 DAGs
[2023-08-26T17:11:40.881+0000] {logging_mixin.py:120} INFO - [2023-08-26T17:11:40.881+0000] {dag.py:3340} INFO - Setting next_dagrun for example_branch_dop_operator_v3 to 2023-08-26T17:10:00+00:00, run_after=2023-08-26T17:11:00+00:00
[2023-08-26T17:11:40.890+0000] {processor.py:176} INFO - Processing /home/airflow/.local/lib/python3.7/site-packages/airflow/example_dags/example_branch_python_dop_operator_3.py took 0.073 seconds
[2023-08-26T17:12:11.828+0000] {processor.py:154} INFO - Started process (PID=1079) to work on /home/airflow/.local/lib/python3.7/site-packages/airflow/example_dags/example_branch_python_dop_operator_3.py
[2023-08-26T17:12:11.829+0000] {processor.py:756} INFO - Processing file /home/airflow/.local/lib/python3.7/site-packages/airflow/example_dags/example_branch_python_dop_operator_3.py for tasks to queue
[2023-08-26T17:12:11.830+0000] {logging_mixin.py:120} INFO - [2023-08-26T17:12:11.830+0000] {dagbag.py:537} INFO - Filling up the DagBag from /home/airflow/.local/lib/python3.7/site-packages/airflow/example_dags/example_branch_python_dop_operator_3.py
[2023-08-26T17:12:11.848+0000] {processor.py:766} INFO - DAG(s) dict_keys(['example_branch_dop_operator_v3']) retrieved from /home/airflow/.local/lib/python3.7/site-packages/airflow/example_dags/example_branch_python_dop_operator_3.py
[2023-08-26T17:12:11.882+0000] {logging_mixin.py:120} INFO - [2023-08-26T17:12:11.881+0000] {dag.py:2585} INFO - Sync 1 DAGs
[2023-08-26T17:12:11.900+0000] {logging_mixin.py:120} INFO - [2023-08-26T17:12:11.900+0000] {dag.py:3340} INFO - Setting next_dagrun for example_branch_dop_operator_v3 to 2023-08-26T17:11:00+00:00, run_after=2023-08-26T17:12:00+00:00
[2023-08-26T17:12:11.911+0000] {processor.py:176} INFO - Processing /home/airflow/.local/lib/python3.7/site-packages/airflow/example_dags/example_branch_python_dop_operator_3.py took 0.087 seconds
[2023-08-26T17:12:41.978+0000] {processor.py:154} INFO - Started process (PID=1148) to work on /home/airflow/.local/lib/python3.7/site-packages/airflow/example_dags/example_branch_python_dop_operator_3.py
[2023-08-26T17:12:41.979+0000] {processor.py:756} INFO - Processing file /home/airflow/.local/lib/python3.7/site-packages/airflow/example_dags/example_branch_python_dop_operator_3.py for tasks to queue
[2023-08-26T17:12:41.979+0000] {logging_mixin.py:120} INFO - [2023-08-26T17:12:41.979+0000] {dagbag.py:537} INFO - Filling up the DagBag from /home/airflow/.local/lib/python3.7/site-packages/airflow/example_dags/example_branch_python_dop_operator_3.py
[2023-08-26T17:12:41.993+0000] {processor.py:766} INFO - DAG(s) dict_keys(['example_branch_dop_operator_v3']) retrieved from /home/airflow/.local/lib/python3.7/site-packages/airflow/example_dags/example_branch_python_dop_operator_3.py
[2023-08-26T17:12:42.016+0000] {logging_mixin.py:120} INFO - [2023-08-26T17:12:42.016+0000] {dag.py:2585} INFO - Sync 1 DAGs
[2023-08-26T17:12:42.032+0000] {logging_mixin.py:120} INFO - [2023-08-26T17:12:42.032+0000] {dag.py:3340} INFO - Setting next_dagrun for example_branch_dop_operator_v3 to 2023-08-26T17:11:00+00:00, run_after=2023-08-26T17:12:00+00:00
[2023-08-26T17:12:42.043+0000] {processor.py:176} INFO - Processing /home/airflow/.local/lib/python3.7/site-packages/airflow/example_dags/example_branch_python_dop_operator_3.py took 0.067 seconds
[2023-08-26T17:13:12.183+0000] {processor.py:154} INFO - Started process (PID=1211) to work on /home/airflow/.local/lib/python3.7/site-packages/airflow/example_dags/example_branch_python_dop_operator_3.py
[2023-08-26T17:13:12.184+0000] {processor.py:756} INFO - Processing file /home/airflow/.local/lib/python3.7/site-packages/airflow/example_dags/example_branch_python_dop_operator_3.py for tasks to queue
[2023-08-26T17:13:12.185+0000] {logging_mixin.py:120} INFO - [2023-08-26T17:13:12.185+0000] {dagbag.py:537} INFO - Filling up the DagBag from /home/airflow/.local/lib/python3.7/site-packages/airflow/example_dags/example_branch_python_dop_operator_3.py
[2023-08-26T17:13:12.201+0000] {processor.py:766} INFO - DAG(s) dict_keys(['example_branch_dop_operator_v3']) retrieved from /home/airflow/.local/lib/python3.7/site-packages/airflow/example_dags/example_branch_python_dop_operator_3.py
[2023-08-26T17:13:12.227+0000] {logging_mixin.py:120} INFO - [2023-08-26T17:13:12.227+0000] {dag.py:2585} INFO - Sync 1 DAGs
[2023-08-26T17:13:12.242+0000] {logging_mixin.py:120} INFO - [2023-08-26T17:13:12.242+0000] {dag.py:3340} INFO - Setting next_dagrun for example_branch_dop_operator_v3 to 2023-08-26T17:12:00+00:00, run_after=2023-08-26T17:13:00+00:00
[2023-08-26T17:13:12.253+0000] {processor.py:176} INFO - Processing /home/airflow/.local/lib/python3.7/site-packages/airflow/example_dags/example_branch_python_dop_operator_3.py took 0.072 seconds
[2023-08-26T17:13:42.552+0000] {processor.py:154} INFO - Started process (PID=1274) to work on /home/airflow/.local/lib/python3.7/site-packages/airflow/example_dags/example_branch_python_dop_operator_3.py
[2023-08-26T17:13:42.553+0000] {processor.py:756} INFO - Processing file /home/airflow/.local/lib/python3.7/site-packages/airflow/example_dags/example_branch_python_dop_operator_3.py for tasks to queue
[2023-08-26T17:13:42.554+0000] {logging_mixin.py:120} INFO - [2023-08-26T17:13:42.554+0000] {dagbag.py:537} INFO - Filling up the DagBag from /home/airflow/.local/lib/python3.7/site-packages/airflow/example_dags/example_branch_python_dop_operator_3.py
[2023-08-26T17:13:42.567+0000] {processor.py:766} INFO - DAG(s) dict_keys(['example_branch_dop_operator_v3']) retrieved from /home/airflow/.local/lib/python3.7/site-packages/airflow/example_dags/example_branch_python_dop_operator_3.py
[2023-08-26T17:13:42.591+0000] {logging_mixin.py:120} INFO - [2023-08-26T17:13:42.591+0000] {dag.py:2585} INFO - Sync 1 DAGs
[2023-08-26T17:13:42.608+0000] {logging_mixin.py:120} INFO - [2023-08-26T17:13:42.608+0000] {dag.py:3340} INFO - Setting next_dagrun for example_branch_dop_operator_v3 to 2023-08-26T17:12:00+00:00, run_after=2023-08-26T17:13:00+00:00
[2023-08-26T17:13:42.621+0000] {processor.py:176} INFO - Processing /home/airflow/.local/lib/python3.7/site-packages/airflow/example_dags/example_branch_python_dop_operator_3.py took 0.071 seconds
[2023-08-26T17:14:13.665+0000] {processor.py:154} INFO - Started process (PID=1337) to work on /home/airflow/.local/lib/python3.7/site-packages/airflow/example_dags/example_branch_python_dop_operator_3.py
[2023-08-26T17:14:13.665+0000] {processor.py:756} INFO - Processing file /home/airflow/.local/lib/python3.7/site-packages/airflow/example_dags/example_branch_python_dop_operator_3.py for tasks to queue
[2023-08-26T17:14:13.666+0000] {logging_mixin.py:120} INFO - [2023-08-26T17:14:13.666+0000] {dagbag.py:537} INFO - Filling up the DagBag from /home/airflow/.local/lib/python3.7/site-packages/airflow/example_dags/example_branch_python_dop_operator_3.py
[2023-08-26T17:14:13.679+0000] {processor.py:766} INFO - DAG(s) dict_keys(['example_branch_dop_operator_v3']) retrieved from /home/airflow/.local/lib/python3.7/site-packages/airflow/example_dags/example_branch_python_dop_operator_3.py
[2023-08-26T17:14:13.703+0000] {logging_mixin.py:120} INFO - [2023-08-26T17:14:13.702+0000] {dag.py:2585} INFO - Sync 1 DAGs
[2023-08-26T17:14:13.721+0000] {logging_mixin.py:120} INFO - [2023-08-26T17:14:13.720+0000] {dag.py:3340} INFO - Setting next_dagrun for example_branch_dop_operator_v3 to 2023-08-26T17:13:00+00:00, run_after=2023-08-26T17:14:00+00:00
[2023-08-26T17:14:13.734+0000] {processor.py:176} INFO - Processing /home/airflow/.local/lib/python3.7/site-packages/airflow/example_dags/example_branch_python_dop_operator_3.py took 0.072 seconds
[2023-08-26T17:14:44.756+0000] {processor.py:154} INFO - Started process (PID=1402) to work on /home/airflow/.local/lib/python3.7/site-packages/airflow/example_dags/example_branch_python_dop_operator_3.py
[2023-08-26T17:14:44.759+0000] {processor.py:756} INFO - Processing file /home/airflow/.local/lib/python3.7/site-packages/airflow/example_dags/example_branch_python_dop_operator_3.py for tasks to queue
[2023-08-26T17:14:44.759+0000] {logging_mixin.py:120} INFO - [2023-08-26T17:14:44.759+0000] {dagbag.py:537} INFO - Filling up the DagBag from /home/airflow/.local/lib/python3.7/site-packages/airflow/example_dags/example_branch_python_dop_operator_3.py
[2023-08-26T17:14:44.772+0000] {processor.py:766} INFO - DAG(s) dict_keys(['example_branch_dop_operator_v3']) retrieved from /home/airflow/.local/lib/python3.7/site-packages/airflow/example_dags/example_branch_python_dop_operator_3.py
[2023-08-26T17:14:44.798+0000] {logging_mixin.py:120} INFO - [2023-08-26T17:14:44.798+0000] {dag.py:2585} INFO - Sync 1 DAGs
[2023-08-26T17:14:44.814+0000] {logging_mixin.py:120} INFO - [2023-08-26T17:14:44.814+0000] {dag.py:3340} INFO - Setting next_dagrun for example_branch_dop_operator_v3 to 2023-08-26T17:13:00+00:00, run_after=2023-08-26T17:14:00+00:00
[2023-08-26T17:14:44.824+0000] {processor.py:176} INFO - Processing /home/airflow/.local/lib/python3.7/site-packages/airflow/example_dags/example_branch_python_dop_operator_3.py took 0.070 seconds
[2023-08-26T17:15:14.949+0000] {processor.py:154} INFO - Started process (PID=1456) to work on /home/airflow/.local/lib/python3.7/site-packages/airflow/example_dags/example_branch_python_dop_operator_3.py
[2023-08-26T17:15:14.950+0000] {processor.py:756} INFO - Processing file /home/airflow/.local/lib/python3.7/site-packages/airflow/example_dags/example_branch_python_dop_operator_3.py for tasks to queue
[2023-08-26T17:15:14.950+0000] {logging_mixin.py:120} INFO - [2023-08-26T17:15:14.950+0000] {dagbag.py:537} INFO - Filling up the DagBag from /home/airflow/.local/lib/python3.7/site-packages/airflow/example_dags/example_branch_python_dop_operator_3.py
[2023-08-26T17:15:14.964+0000] {processor.py:766} INFO - DAG(s) dict_keys(['example_branch_dop_operator_v3']) retrieved from /home/airflow/.local/lib/python3.7/site-packages/airflow/example_dags/example_branch_python_dop_operator_3.py
[2023-08-26T17:15:14.988+0000] {logging_mixin.py:120} INFO - [2023-08-26T17:15:14.988+0000] {dag.py:2585} INFO - Sync 1 DAGs
[2023-08-26T17:15:15.003+0000] {logging_mixin.py:120} INFO - [2023-08-26T17:15:15.003+0000] {dag.py:3340} INFO - Setting next_dagrun for example_branch_dop_operator_v3 to 2023-08-26T17:14:00+00:00, run_after=2023-08-26T17:15:00+00:00
[2023-08-26T17:15:15.013+0000] {processor.py:176} INFO - Processing /home/airflow/.local/lib/python3.7/site-packages/airflow/example_dags/example_branch_python_dop_operator_3.py took 0.067 seconds
[2023-08-26T17:15:45.038+0000] {processor.py:154} INFO - Started process (PID=1520) to work on /home/airflow/.local/lib/python3.7/site-packages/airflow/example_dags/example_branch_python_dop_operator_3.py
[2023-08-26T17:15:45.039+0000] {processor.py:756} INFO - Processing file /home/airflow/.local/lib/python3.7/site-packages/airflow/example_dags/example_branch_python_dop_operator_3.py for tasks to queue
[2023-08-26T17:15:45.039+0000] {logging_mixin.py:120} INFO - [2023-08-26T17:15:45.039+0000] {dagbag.py:537} INFO - Filling up the DagBag from /home/airflow/.local/lib/python3.7/site-packages/airflow/example_dags/example_branch_python_dop_operator_3.py
[2023-08-26T17:15:45.053+0000] {processor.py:766} INFO - DAG(s) dict_keys(['example_branch_dop_operator_v3']) retrieved from /home/airflow/.local/lib/python3.7/site-packages/airflow/example_dags/example_branch_python_dop_operator_3.py
[2023-08-26T17:15:45.079+0000] {logging_mixin.py:120} INFO - [2023-08-26T17:15:45.079+0000] {dag.py:2585} INFO - Sync 1 DAGs
[2023-08-26T17:15:45.099+0000] {logging_mixin.py:120} INFO - [2023-08-26T17:15:45.099+0000] {dag.py:3340} INFO - Setting next_dagrun for example_branch_dop_operator_v3 to 2023-08-26T17:14:00+00:00, run_after=2023-08-26T17:15:00+00:00
[2023-08-26T17:15:45.110+0000] {processor.py:176} INFO - Processing /home/airflow/.local/lib/python3.7/site-packages/airflow/example_dags/example_branch_python_dop_operator_3.py took 0.074 seconds
[2023-08-26T17:16:15.188+0000] {processor.py:154} INFO - Started process (PID=1583) to work on /home/airflow/.local/lib/python3.7/site-packages/airflow/example_dags/example_branch_python_dop_operator_3.py
[2023-08-26T17:16:15.189+0000] {processor.py:756} INFO - Processing file /home/airflow/.local/lib/python3.7/site-packages/airflow/example_dags/example_branch_python_dop_operator_3.py for tasks to queue
[2023-08-26T17:16:15.189+0000] {logging_mixin.py:120} INFO - [2023-08-26T17:16:15.189+0000] {dagbag.py:537} INFO - Filling up the DagBag from /home/airflow/.local/lib/python3.7/site-packages/airflow/example_dags/example_branch_python_dop_operator_3.py
[2023-08-26T17:16:15.205+0000] {processor.py:766} INFO - DAG(s) dict_keys(['example_branch_dop_operator_v3']) retrieved from /home/airflow/.local/lib/python3.7/site-packages/airflow/example_dags/example_branch_python_dop_operator_3.py
[2023-08-26T17:16:15.236+0000] {logging_mixin.py:120} INFO - [2023-08-26T17:16:15.236+0000] {dag.py:2585} INFO - Sync 1 DAGs
[2023-08-26T17:16:15.253+0000] {logging_mixin.py:120} INFO - [2023-08-26T17:16:15.253+0000] {dag.py:3340} INFO - Setting next_dagrun for example_branch_dop_operator_v3 to 2023-08-26T17:15:00+00:00, run_after=2023-08-26T17:16:00+00:00
[2023-08-26T17:16:15.263+0000] {processor.py:176} INFO - Processing /home/airflow/.local/lib/python3.7/site-packages/airflow/example_dags/example_branch_python_dop_operator_3.py took 0.077 seconds
[2023-08-26T17:16:46.245+0000] {processor.py:154} INFO - Started process (PID=1646) to work on /home/airflow/.local/lib/python3.7/site-packages/airflow/example_dags/example_branch_python_dop_operator_3.py
[2023-08-26T17:16:46.246+0000] {processor.py:756} INFO - Processing file /home/airflow/.local/lib/python3.7/site-packages/airflow/example_dags/example_branch_python_dop_operator_3.py for tasks to queue
[2023-08-26T17:16:46.247+0000] {logging_mixin.py:120} INFO - [2023-08-26T17:16:46.247+0000] {dagbag.py:537} INFO - Filling up the DagBag from /home/airflow/.local/lib/python3.7/site-packages/airflow/example_dags/example_branch_python_dop_operator_3.py
[2023-08-26T17:16:46.261+0000] {processor.py:766} INFO - DAG(s) dict_keys(['example_branch_dop_operator_v3']) retrieved from /home/airflow/.local/lib/python3.7/site-packages/airflow/example_dags/example_branch_python_dop_operator_3.py
[2023-08-26T17:16:46.290+0000] {logging_mixin.py:120} INFO - [2023-08-26T17:16:46.290+0000] {dag.py:2585} INFO - Sync 1 DAGs
[2023-08-26T17:16:46.308+0000] {logging_mixin.py:120} INFO - [2023-08-26T17:16:46.308+0000] {dag.py:3340} INFO - Setting next_dagrun for example_branch_dop_operator_v3 to 2023-08-26T17:15:00+00:00, run_after=2023-08-26T17:16:00+00:00
[2023-08-26T17:16:46.321+0000] {processor.py:176} INFO - Processing /home/airflow/.local/lib/python3.7/site-packages/airflow/example_dags/example_branch_python_dop_operator_3.py took 0.079 seconds
[2023-08-26T17:17:17.310+0000] {processor.py:154} INFO - Started process (PID=1710) to work on /home/airflow/.local/lib/python3.7/site-packages/airflow/example_dags/example_branch_python_dop_operator_3.py
[2023-08-26T17:17:17.311+0000] {processor.py:756} INFO - Processing file /home/airflow/.local/lib/python3.7/site-packages/airflow/example_dags/example_branch_python_dop_operator_3.py for tasks to queue
[2023-08-26T17:17:17.312+0000] {logging_mixin.py:120} INFO - [2023-08-26T17:17:17.312+0000] {dagbag.py:537} INFO - Filling up the DagBag from /home/airflow/.local/lib/python3.7/site-packages/airflow/example_dags/example_branch_python_dop_operator_3.py
[2023-08-26T17:17:17.327+0000] {processor.py:766} INFO - DAG(s) dict_keys(['example_branch_dop_operator_v3']) retrieved from /home/airflow/.local/lib/python3.7/site-packages/airflow/example_dags/example_branch_python_dop_operator_3.py
[2023-08-26T17:17:17.356+0000] {logging_mixin.py:120} INFO - [2023-08-26T17:17:17.356+0000] {dag.py:2585} INFO - Sync 1 DAGs
[2023-08-26T17:17:17.371+0000] {logging_mixin.py:120} INFO - [2023-08-26T17:17:17.371+0000] {dag.py:3340} INFO - Setting next_dagrun for example_branch_dop_operator_v3 to 2023-08-26T17:16:00+00:00, run_after=2023-08-26T17:17:00+00:00
[2023-08-26T17:17:17.384+0000] {processor.py:176} INFO - Processing /home/airflow/.local/lib/python3.7/site-packages/airflow/example_dags/example_branch_python_dop_operator_3.py took 0.076 seconds
[2023-08-26T17:17:47.504+0000] {processor.py:154} INFO - Started process (PID=1772) to work on /home/airflow/.local/lib/python3.7/site-packages/airflow/example_dags/example_branch_python_dop_operator_3.py
[2023-08-26T17:17:47.504+0000] {processor.py:756} INFO - Processing file /home/airflow/.local/lib/python3.7/site-packages/airflow/example_dags/example_branch_python_dop_operator_3.py for tasks to queue
[2023-08-26T17:17:47.505+0000] {logging_mixin.py:120} INFO - [2023-08-26T17:17:47.505+0000] {dagbag.py:537} INFO - Filling up the DagBag from /home/airflow/.local/lib/python3.7/site-packages/airflow/example_dags/example_branch_python_dop_operator_3.py
[2023-08-26T17:17:47.518+0000] {processor.py:766} INFO - DAG(s) dict_keys(['example_branch_dop_operator_v3']) retrieved from /home/airflow/.local/lib/python3.7/site-packages/airflow/example_dags/example_branch_python_dop_operator_3.py
[2023-08-26T17:17:47.541+0000] {logging_mixin.py:120} INFO - [2023-08-26T17:17:47.541+0000] {dag.py:2585} INFO - Sync 1 DAGs
[2023-08-26T17:17:47.557+0000] {logging_mixin.py:120} INFO - [2023-08-26T17:17:47.557+0000] {dag.py:3340} INFO - Setting next_dagrun for example_branch_dop_operator_v3 to 2023-08-26T17:16:00+00:00, run_after=2023-08-26T17:17:00+00:00
[2023-08-26T17:17:47.567+0000] {processor.py:176} INFO - Processing /home/airflow/.local/lib/python3.7/site-packages/airflow/example_dags/example_branch_python_dop_operator_3.py took 0.065 seconds
[2023-08-26T17:18:18.567+0000] {processor.py:154} INFO - Started process (PID=1827) to work on /home/airflow/.local/lib/python3.7/site-packages/airflow/example_dags/example_branch_python_dop_operator_3.py
[2023-08-26T17:18:18.568+0000] {processor.py:756} INFO - Processing file /home/airflow/.local/lib/python3.7/site-packages/airflow/example_dags/example_branch_python_dop_operator_3.py for tasks to queue
[2023-08-26T17:18:18.569+0000] {logging_mixin.py:120} INFO - [2023-08-26T17:18:18.569+0000] {dagbag.py:537} INFO - Filling up the DagBag from /home/airflow/.local/lib/python3.7/site-packages/airflow/example_dags/example_branch_python_dop_operator_3.py
[2023-08-26T17:18:18.584+0000] {processor.py:766} INFO - DAG(s) dict_keys(['example_branch_dop_operator_v3']) retrieved from /home/airflow/.local/lib/python3.7/site-packages/airflow/example_dags/example_branch_python_dop_operator_3.py
[2023-08-26T17:18:18.612+0000] {logging_mixin.py:120} INFO - [2023-08-26T17:18:18.612+0000] {dag.py:2585} INFO - Sync 1 DAGs
[2023-08-26T17:18:18.631+0000] {logging_mixin.py:120} INFO - [2023-08-26T17:18:18.631+0000] {dag.py:3340} INFO - Setting next_dagrun for example_branch_dop_operator_v3 to 2023-08-26T17:17:00+00:00, run_after=2023-08-26T17:18:00+00:00
[2023-08-26T17:18:18.642+0000] {processor.py:176} INFO - Processing /home/airflow/.local/lib/python3.7/site-packages/airflow/example_dags/example_branch_python_dop_operator_3.py took 0.077 seconds
[2023-08-26T17:18:48.791+0000] {processor.py:154} INFO - Started process (PID=1889) to work on /home/airflow/.local/lib/python3.7/site-packages/airflow/example_dags/example_branch_python_dop_operator_3.py
[2023-08-26T17:18:48.793+0000] {processor.py:756} INFO - Processing file /home/airflow/.local/lib/python3.7/site-packages/airflow/example_dags/example_branch_python_dop_operator_3.py for tasks to queue
[2023-08-26T17:18:48.793+0000] {logging_mixin.py:120} INFO - [2023-08-26T17:18:48.793+0000] {dagbag.py:537} INFO - Filling up the DagBag from /home/airflow/.local/lib/python3.7/site-packages/airflow/example_dags/example_branch_python_dop_operator_3.py
[2023-08-26T17:18:48.811+0000] {processor.py:766} INFO - DAG(s) dict_keys(['example_branch_dop_operator_v3']) retrieved from /home/airflow/.local/lib/python3.7/site-packages/airflow/example_dags/example_branch_python_dop_operator_3.py
[2023-08-26T17:18:48.842+0000] {logging_mixin.py:120} INFO - [2023-08-26T17:18:48.842+0000] {dag.py:2585} INFO - Sync 1 DAGs
[2023-08-26T17:18:48.860+0000] {logging_mixin.py:120} INFO - [2023-08-26T17:18:48.860+0000] {dag.py:3340} INFO - Setting next_dagrun for example_branch_dop_operator_v3 to 2023-08-26T17:17:00+00:00, run_after=2023-08-26T17:18:00+00:00
[2023-08-26T17:18:48.873+0000] {processor.py:176} INFO - Processing /home/airflow/.local/lib/python3.7/site-packages/airflow/example_dags/example_branch_python_dop_operator_3.py took 0.084 seconds
[2023-08-26T17:19:19.215+0000] {processor.py:154} INFO - Started process (PID=1951) to work on /home/airflow/.local/lib/python3.7/site-packages/airflow/example_dags/example_branch_python_dop_operator_3.py
[2023-08-26T17:19:19.216+0000] {processor.py:756} INFO - Processing file /home/airflow/.local/lib/python3.7/site-packages/airflow/example_dags/example_branch_python_dop_operator_3.py for tasks to queue
[2023-08-26T17:19:19.220+0000] {logging_mixin.py:120} INFO - [2023-08-26T17:19:19.220+0000] {dagbag.py:537} INFO - Filling up the DagBag from /home/airflow/.local/lib/python3.7/site-packages/airflow/example_dags/example_branch_python_dop_operator_3.py
[2023-08-26T17:19:19.233+0000] {processor.py:766} INFO - DAG(s) dict_keys(['example_branch_dop_operator_v3']) retrieved from /home/airflow/.local/lib/python3.7/site-packages/airflow/example_dags/example_branch_python_dop_operator_3.py
[2023-08-26T17:19:19.257+0000] {logging_mixin.py:120} INFO - [2023-08-26T17:19:19.257+0000] {dag.py:2585} INFO - Sync 1 DAGs
[2023-08-26T17:19:19.272+0000] {logging_mixin.py:120} INFO - [2023-08-26T17:19:19.272+0000] {dag.py:3340} INFO - Setting next_dagrun for example_branch_dop_operator_v3 to 2023-08-26T17:18:00+00:00, run_after=2023-08-26T17:19:00+00:00
[2023-08-26T17:19:19.281+0000] {processor.py:176} INFO - Processing /home/airflow/.local/lib/python3.7/site-packages/airflow/example_dags/example_branch_python_dop_operator_3.py took 0.069 seconds
[2023-08-26T17:19:50.320+0000] {processor.py:154} INFO - Started process (PID=2015) to work on /home/airflow/.local/lib/python3.7/site-packages/airflow/example_dags/example_branch_python_dop_operator_3.py
[2023-08-26T17:19:50.321+0000] {processor.py:756} INFO - Processing file /home/airflow/.local/lib/python3.7/site-packages/airflow/example_dags/example_branch_python_dop_operator_3.py for tasks to queue
[2023-08-26T17:19:50.321+0000] {logging_mixin.py:120} INFO - [2023-08-26T17:19:50.321+0000] {dagbag.py:537} INFO - Filling up the DagBag from /home/airflow/.local/lib/python3.7/site-packages/airflow/example_dags/example_branch_python_dop_operator_3.py
[2023-08-26T17:19:50.335+0000] {processor.py:766} INFO - DAG(s) dict_keys(['example_branch_dop_operator_v3']) retrieved from /home/airflow/.local/lib/python3.7/site-packages/airflow/example_dags/example_branch_python_dop_operator_3.py
[2023-08-26T17:19:50.360+0000] {logging_mixin.py:120} INFO - [2023-08-26T17:19:50.360+0000] {dag.py:2585} INFO - Sync 1 DAGs
[2023-08-26T17:19:50.378+0000] {logging_mixin.py:120} INFO - [2023-08-26T17:19:50.378+0000] {dag.py:3340} INFO - Setting next_dagrun for example_branch_dop_operator_v3 to 2023-08-26T17:18:00+00:00, run_after=2023-08-26T17:19:00+00:00
[2023-08-26T17:19:50.390+0000] {processor.py:176} INFO - Processing /home/airflow/.local/lib/python3.7/site-packages/airflow/example_dags/example_branch_python_dop_operator_3.py took 0.071 seconds
[2023-08-26T17:20:21.352+0000] {processor.py:154} INFO - Started process (PID=2078) to work on /home/airflow/.local/lib/python3.7/site-packages/airflow/example_dags/example_branch_python_dop_operator_3.py
[2023-08-26T17:20:21.353+0000] {processor.py:756} INFO - Processing file /home/airflow/.local/lib/python3.7/site-packages/airflow/example_dags/example_branch_python_dop_operator_3.py for tasks to queue
[2023-08-26T17:20:21.353+0000] {logging_mixin.py:120} INFO - [2023-08-26T17:20:21.353+0000] {dagbag.py:537} INFO - Filling up the DagBag from /home/airflow/.local/lib/python3.7/site-packages/airflow/example_dags/example_branch_python_dop_operator_3.py
[2023-08-26T17:20:21.367+0000] {processor.py:766} INFO - DAG(s) dict_keys(['example_branch_dop_operator_v3']) retrieved from /home/airflow/.local/lib/python3.7/site-packages/airflow/example_dags/example_branch_python_dop_operator_3.py
[2023-08-26T17:20:21.392+0000] {logging_mixin.py:120} INFO - [2023-08-26T17:20:21.392+0000] {dag.py:2585} INFO - Sync 1 DAGs
[2023-08-26T17:20:21.408+0000] {logging_mixin.py:120} INFO - [2023-08-26T17:20:21.408+0000] {dag.py:3340} INFO - Setting next_dagrun for example_branch_dop_operator_v3 to 2023-08-26T17:19:00+00:00, run_after=2023-08-26T17:20:00+00:00
[2023-08-26T17:20:21.418+0000] {processor.py:176} INFO - Processing /home/airflow/.local/lib/python3.7/site-packages/airflow/example_dags/example_branch_python_dop_operator_3.py took 0.068 seconds
[2023-08-26T17:20:51.586+0000] {processor.py:154} INFO - Started process (PID=2141) to work on /home/airflow/.local/lib/python3.7/site-packages/airflow/example_dags/example_branch_python_dop_operator_3.py
[2023-08-26T17:20:51.589+0000] {processor.py:756} INFO - Processing file /home/airflow/.local/lib/python3.7/site-packages/airflow/example_dags/example_branch_python_dop_operator_3.py for tasks to queue
[2023-08-26T17:20:51.590+0000] {logging_mixin.py:120} INFO - [2023-08-26T17:20:51.590+0000] {dagbag.py:537} INFO - Filling up the DagBag from /home/airflow/.local/lib/python3.7/site-packages/airflow/example_dags/example_branch_python_dop_operator_3.py
[2023-08-26T17:20:51.608+0000] {processor.py:766} INFO - DAG(s) dict_keys(['example_branch_dop_operator_v3']) retrieved from /home/airflow/.local/lib/python3.7/site-packages/airflow/example_dags/example_branch_python_dop_operator_3.py
[2023-08-26T17:20:51.638+0000] {logging_mixin.py:120} INFO - [2023-08-26T17:20:51.638+0000] {dag.py:2585} INFO - Sync 1 DAGs
[2023-08-26T17:20:51.654+0000] {logging_mixin.py:120} INFO - [2023-08-26T17:20:51.654+0000] {dag.py:3340} INFO - Setting next_dagrun for example_branch_dop_operator_v3 to 2023-08-26T17:19:00+00:00, run_after=2023-08-26T17:20:00+00:00
[2023-08-26T17:20:51.667+0000] {processor.py:176} INFO - Processing /home/airflow/.local/lib/python3.7/site-packages/airflow/example_dags/example_branch_python_dop_operator_3.py took 0.084 seconds
[2023-08-26T17:21:21.742+0000] {processor.py:154} INFO - Started process (PID=2194) to work on /home/airflow/.local/lib/python3.7/site-packages/airflow/example_dags/example_branch_python_dop_operator_3.py
[2023-08-26T17:21:21.743+0000] {processor.py:756} INFO - Processing file /home/airflow/.local/lib/python3.7/site-packages/airflow/example_dags/example_branch_python_dop_operator_3.py for tasks to queue
[2023-08-26T17:21:21.744+0000] {logging_mixin.py:120} INFO - [2023-08-26T17:21:21.744+0000] {dagbag.py:537} INFO - Filling up the DagBag from /home/airflow/.local/lib/python3.7/site-packages/airflow/example_dags/example_branch_python_dop_operator_3.py
[2023-08-26T17:21:21.760+0000] {processor.py:766} INFO - DAG(s) dict_keys(['example_branch_dop_operator_v3']) retrieved from /home/airflow/.local/lib/python3.7/site-packages/airflow/example_dags/example_branch_python_dop_operator_3.py
[2023-08-26T17:21:21.790+0000] {logging_mixin.py:120} INFO - [2023-08-26T17:21:21.790+0000] {dag.py:2585} INFO - Sync 1 DAGs
[2023-08-26T17:21:21.808+0000] {logging_mixin.py:120} INFO - [2023-08-26T17:21:21.808+0000] {dag.py:3340} INFO - Setting next_dagrun for example_branch_dop_operator_v3 to 2023-08-26T17:20:00+00:00, run_after=2023-08-26T17:21:00+00:00
[2023-08-26T17:21:21.821+0000] {processor.py:176} INFO - Processing /home/airflow/.local/lib/python3.7/site-packages/airflow/example_dags/example_branch_python_dop_operator_3.py took 0.084 seconds
[2023-08-26T17:21:52.302+0000] {processor.py:154} INFO - Started process (PID=2258) to work on /home/airflow/.local/lib/python3.7/site-packages/airflow/example_dags/example_branch_python_dop_operator_3.py
[2023-08-26T17:21:52.303+0000] {processor.py:756} INFO - Processing file /home/airflow/.local/lib/python3.7/site-packages/airflow/example_dags/example_branch_python_dop_operator_3.py for tasks to queue
[2023-08-26T17:21:52.304+0000] {logging_mixin.py:120} INFO - [2023-08-26T17:21:52.304+0000] {dagbag.py:537} INFO - Filling up the DagBag from /home/airflow/.local/lib/python3.7/site-packages/airflow/example_dags/example_branch_python_dop_operator_3.py
[2023-08-26T17:21:52.338+0000] {processor.py:766} INFO - DAG(s) dict_keys(['example_branch_dop_operator_v3']) retrieved from /home/airflow/.local/lib/python3.7/site-packages/airflow/example_dags/example_branch_python_dop_operator_3.py
[2023-08-26T17:21:52.370+0000] {logging_mixin.py:120} INFO - [2023-08-26T17:21:52.370+0000] {dag.py:2585} INFO - Sync 1 DAGs
[2023-08-26T17:21:52.385+0000] {logging_mixin.py:120} INFO - [2023-08-26T17:21:52.385+0000] {dag.py:3340} INFO - Setting next_dagrun for example_branch_dop_operator_v3 to 2023-08-26T17:20:00+00:00, run_after=2023-08-26T17:21:00+00:00
[2023-08-26T17:21:52.396+0000] {processor.py:176} INFO - Processing /home/airflow/.local/lib/python3.7/site-packages/airflow/example_dags/example_branch_python_dop_operator_3.py took 0.097 seconds
[2023-08-26T17:22:22.514+0000] {processor.py:154} INFO - Started process (PID=2321) to work on /home/airflow/.local/lib/python3.7/site-packages/airflow/example_dags/example_branch_python_dop_operator_3.py
[2023-08-26T17:22:22.515+0000] {processor.py:756} INFO - Processing file /home/airflow/.local/lib/python3.7/site-packages/airflow/example_dags/example_branch_python_dop_operator_3.py for tasks to queue
[2023-08-26T17:22:22.516+0000] {logging_mixin.py:120} INFO - [2023-08-26T17:22:22.516+0000] {dagbag.py:537} INFO - Filling up the DagBag from /home/airflow/.local/lib/python3.7/site-packages/airflow/example_dags/example_branch_python_dop_operator_3.py
[2023-08-26T17:22:22.529+0000] {processor.py:766} INFO - DAG(s) dict_keys(['example_branch_dop_operator_v3']) retrieved from /home/airflow/.local/lib/python3.7/site-packages/airflow/example_dags/example_branch_python_dop_operator_3.py
[2023-08-26T17:22:22.554+0000] {logging_mixin.py:120} INFO - [2023-08-26T17:22:22.554+0000] {dag.py:2585} INFO - Sync 1 DAGs
[2023-08-26T17:22:22.571+0000] {logging_mixin.py:120} INFO - [2023-08-26T17:22:22.571+0000] {dag.py:3340} INFO - Setting next_dagrun for example_branch_dop_operator_v3 to 2023-08-26T17:21:00+00:00, run_after=2023-08-26T17:22:00+00:00
[2023-08-26T17:22:22.581+0000] {processor.py:176} INFO - Processing /home/airflow/.local/lib/python3.7/site-packages/airflow/example_dags/example_branch_python_dop_operator_3.py took 0.069 seconds
[2023-08-26T17:22:52.775+0000] {processor.py:154} INFO - Started process (PID=2382) to work on /home/airflow/.local/lib/python3.7/site-packages/airflow/example_dags/example_branch_python_dop_operator_3.py
[2023-08-26T17:22:52.776+0000] {processor.py:756} INFO - Processing file /home/airflow/.local/lib/python3.7/site-packages/airflow/example_dags/example_branch_python_dop_operator_3.py for tasks to queue
[2023-08-26T17:22:52.776+0000] {logging_mixin.py:120} INFO - [2023-08-26T17:22:52.776+0000] {dagbag.py:537} INFO - Filling up the DagBag from /home/airflow/.local/lib/python3.7/site-packages/airflow/example_dags/example_branch_python_dop_operator_3.py
[2023-08-26T17:22:52.790+0000] {processor.py:766} INFO - DAG(s) dict_keys(['example_branch_dop_operator_v3']) retrieved from /home/airflow/.local/lib/python3.7/site-packages/airflow/example_dags/example_branch_python_dop_operator_3.py
[2023-08-26T17:22:52.817+0000] {logging_mixin.py:120} INFO - [2023-08-26T17:22:52.816+0000] {dag.py:2585} INFO - Sync 1 DAGs
[2023-08-26T17:22:52.833+0000] {logging_mixin.py:120} INFO - [2023-08-26T17:22:52.833+0000] {dag.py:3340} INFO - Setting next_dagrun for example_branch_dop_operator_v3 to 2023-08-26T17:21:00+00:00, run_after=2023-08-26T17:22:00+00:00
[2023-08-26T17:22:52.844+0000] {processor.py:176} INFO - Processing /home/airflow/.local/lib/python3.7/site-packages/airflow/example_dags/example_branch_python_dop_operator_3.py took 0.071 seconds
[2023-08-26T17:23:23.064+0000] {processor.py:154} INFO - Started process (PID=2445) to work on /home/airflow/.local/lib/python3.7/site-packages/airflow/example_dags/example_branch_python_dop_operator_3.py
[2023-08-26T17:23:23.065+0000] {processor.py:756} INFO - Processing file /home/airflow/.local/lib/python3.7/site-packages/airflow/example_dags/example_branch_python_dop_operator_3.py for tasks to queue
[2023-08-26T17:23:23.066+0000] {logging_mixin.py:120} INFO - [2023-08-26T17:23:23.066+0000] {dagbag.py:537} INFO - Filling up the DagBag from /home/airflow/.local/lib/python3.7/site-packages/airflow/example_dags/example_branch_python_dop_operator_3.py
[2023-08-26T17:23:23.079+0000] {processor.py:766} INFO - DAG(s) dict_keys(['example_branch_dop_operator_v3']) retrieved from /home/airflow/.local/lib/python3.7/site-packages/airflow/example_dags/example_branch_python_dop_operator_3.py
[2023-08-26T17:23:23.106+0000] {logging_mixin.py:120} INFO - [2023-08-26T17:23:23.106+0000] {dag.py:2585} INFO - Sync 1 DAGs
[2023-08-26T17:23:23.127+0000] {logging_mixin.py:120} INFO - [2023-08-26T17:23:23.127+0000] {dag.py:3340} INFO - Setting next_dagrun for example_branch_dop_operator_v3 to 2023-08-26T17:22:00+00:00, run_after=2023-08-26T17:23:00+00:00
[2023-08-26T17:23:23.140+0000] {processor.py:176} INFO - Processing /home/airflow/.local/lib/python3.7/site-packages/airflow/example_dags/example_branch_python_dop_operator_3.py took 0.077 seconds
[2023-08-26T17:23:53.178+0000] {processor.py:154} INFO - Started process (PID=2506) to work on /home/airflow/.local/lib/python3.7/site-packages/airflow/example_dags/example_branch_python_dop_operator_3.py
[2023-08-26T17:23:53.179+0000] {processor.py:756} INFO - Processing file /home/airflow/.local/lib/python3.7/site-packages/airflow/example_dags/example_branch_python_dop_operator_3.py for tasks to queue
[2023-08-26T17:23:53.179+0000] {logging_mixin.py:120} INFO - [2023-08-26T17:23:53.179+0000] {dagbag.py:537} INFO - Filling up the DagBag from /home/airflow/.local/lib/python3.7/site-packages/airflow/example_dags/example_branch_python_dop_operator_3.py
[2023-08-26T17:23:53.200+0000] {processor.py:766} INFO - DAG(s) dict_keys(['example_branch_dop_operator_v3']) retrieved from /home/airflow/.local/lib/python3.7/site-packages/airflow/example_dags/example_branch_python_dop_operator_3.py
[2023-08-26T17:23:53.232+0000] {logging_mixin.py:120} INFO - [2023-08-26T17:23:53.232+0000] {dag.py:2585} INFO - Sync 1 DAGs
[2023-08-26T17:23:53.253+0000] {logging_mixin.py:120} INFO - [2023-08-26T17:23:53.253+0000] {dag.py:3340} INFO - Setting next_dagrun for example_branch_dop_operator_v3 to 2023-08-26T17:22:00+00:00, run_after=2023-08-26T17:23:00+00:00
[2023-08-26T17:23:53.272+0000] {processor.py:176} INFO - Processing /home/airflow/.local/lib/python3.7/site-packages/airflow/example_dags/example_branch_python_dop_operator_3.py took 0.096 seconds
[2023-08-26T17:24:23.489+0000] {processor.py:154} INFO - Started process (PID=2561) to work on /home/airflow/.local/lib/python3.7/site-packages/airflow/example_dags/example_branch_python_dop_operator_3.py
[2023-08-26T17:24:23.489+0000] {processor.py:756} INFO - Processing file /home/airflow/.local/lib/python3.7/site-packages/airflow/example_dags/example_branch_python_dop_operator_3.py for tasks to queue
[2023-08-26T17:24:23.490+0000] {logging_mixin.py:120} INFO - [2023-08-26T17:24:23.490+0000] {dagbag.py:537} INFO - Filling up the DagBag from /home/airflow/.local/lib/python3.7/site-packages/airflow/example_dags/example_branch_python_dop_operator_3.py
[2023-08-26T17:24:23.503+0000] {processor.py:766} INFO - DAG(s) dict_keys(['example_branch_dop_operator_v3']) retrieved from /home/airflow/.local/lib/python3.7/site-packages/airflow/example_dags/example_branch_python_dop_operator_3.py
[2023-08-26T17:24:23.529+0000] {logging_mixin.py:120} INFO - [2023-08-26T17:24:23.529+0000] {dag.py:2585} INFO - Sync 1 DAGs
[2023-08-26T17:24:23.546+0000] {logging_mixin.py:120} INFO - [2023-08-26T17:24:23.546+0000] {dag.py:3340} INFO - Setting next_dagrun for example_branch_dop_operator_v3 to 2023-08-26T17:23:00+00:00, run_after=2023-08-26T17:24:00+00:00
[2023-08-26T17:24:23.557+0000] {processor.py:176} INFO - Processing /home/airflow/.local/lib/python3.7/site-packages/airflow/example_dags/example_branch_python_dop_operator_3.py took 0.070 seconds
[2023-08-26T17:24:53.840+0000] {processor.py:154} INFO - Started process (PID=2625) to work on /home/airflow/.local/lib/python3.7/site-packages/airflow/example_dags/example_branch_python_dop_operator_3.py
[2023-08-26T17:24:53.841+0000] {processor.py:756} INFO - Processing file /home/airflow/.local/lib/python3.7/site-packages/airflow/example_dags/example_branch_python_dop_operator_3.py for tasks to queue
[2023-08-26T17:24:53.841+0000] {logging_mixin.py:120} INFO - [2023-08-26T17:24:53.841+0000] {dagbag.py:537} INFO - Filling up the DagBag from /home/airflow/.local/lib/python3.7/site-packages/airflow/example_dags/example_branch_python_dop_operator_3.py
[2023-08-26T17:24:53.854+0000] {processor.py:766} INFO - DAG(s) dict_keys(['example_branch_dop_operator_v3']) retrieved from /home/airflow/.local/lib/python3.7/site-packages/airflow/example_dags/example_branch_python_dop_operator_3.py
[2023-08-26T17:24:53.879+0000] {logging_mixin.py:120} INFO - [2023-08-26T17:24:53.879+0000] {dag.py:2585} INFO - Sync 1 DAGs
[2023-08-26T17:24:53.895+0000] {logging_mixin.py:120} INFO - [2023-08-26T17:24:53.895+0000] {dag.py:3340} INFO - Setting next_dagrun for example_branch_dop_operator_v3 to 2023-08-26T17:23:00+00:00, run_after=2023-08-26T17:24:00+00:00
[2023-08-26T17:24:53.905+0000] {processor.py:176} INFO - Processing /home/airflow/.local/lib/python3.7/site-packages/airflow/example_dags/example_branch_python_dop_operator_3.py took 0.067 seconds
[2023-08-26T17:25:24.075+0000] {processor.py:154} INFO - Started process (PID=2689) to work on /home/airflow/.local/lib/python3.7/site-packages/airflow/example_dags/example_branch_python_dop_operator_3.py
[2023-08-26T17:25:24.076+0000] {processor.py:756} INFO - Processing file /home/airflow/.local/lib/python3.7/site-packages/airflow/example_dags/example_branch_python_dop_operator_3.py for tasks to queue
[2023-08-26T17:25:24.076+0000] {logging_mixin.py:120} INFO - [2023-08-26T17:25:24.076+0000] {dagbag.py:537} INFO - Filling up the DagBag from /home/airflow/.local/lib/python3.7/site-packages/airflow/example_dags/example_branch_python_dop_operator_3.py
[2023-08-26T17:25:24.090+0000] {processor.py:766} INFO - DAG(s) dict_keys(['example_branch_dop_operator_v3']) retrieved from /home/airflow/.local/lib/python3.7/site-packages/airflow/example_dags/example_branch_python_dop_operator_3.py
[2023-08-26T17:25:24.114+0000] {logging_mixin.py:120} INFO - [2023-08-26T17:25:24.114+0000] {dag.py:2585} INFO - Sync 1 DAGs
[2023-08-26T17:25:24.130+0000] {logging_mixin.py:120} INFO - [2023-08-26T17:25:24.130+0000] {dag.py:3340} INFO - Setting next_dagrun for example_branch_dop_operator_v3 to 2023-08-26T17:24:00+00:00, run_after=2023-08-26T17:25:00+00:00
[2023-08-26T17:25:24.142+0000] {processor.py:176} INFO - Processing /home/airflow/.local/lib/python3.7/site-packages/airflow/example_dags/example_branch_python_dop_operator_3.py took 0.069 seconds
[2023-08-26T17:25:54.286+0000] {processor.py:154} INFO - Started process (PID=2751) to work on /home/airflow/.local/lib/python3.7/site-packages/airflow/example_dags/example_branch_python_dop_operator_3.py
[2023-08-26T17:25:54.286+0000] {processor.py:756} INFO - Processing file /home/airflow/.local/lib/python3.7/site-packages/airflow/example_dags/example_branch_python_dop_operator_3.py for tasks to queue
[2023-08-26T17:25:54.287+0000] {logging_mixin.py:120} INFO - [2023-08-26T17:25:54.287+0000] {dagbag.py:537} INFO - Filling up the DagBag from /home/airflow/.local/lib/python3.7/site-packages/airflow/example_dags/example_branch_python_dop_operator_3.py
[2023-08-26T17:25:54.302+0000] {processor.py:766} INFO - DAG(s) dict_keys(['example_branch_dop_operator_v3']) retrieved from /home/airflow/.local/lib/python3.7/site-packages/airflow/example_dags/example_branch_python_dop_operator_3.py
[2023-08-26T17:25:54.327+0000] {logging_mixin.py:120} INFO - [2023-08-26T17:25:54.327+0000] {dag.py:2585} INFO - Sync 1 DAGs
[2023-08-26T17:25:54.345+0000] {logging_mixin.py:120} INFO - [2023-08-26T17:25:54.344+0000] {dag.py:3340} INFO - Setting next_dagrun for example_branch_dop_operator_v3 to 2023-08-26T17:24:00+00:00, run_after=2023-08-26T17:25:00+00:00
[2023-08-26T17:25:54.356+0000] {processor.py:176} INFO - Processing /home/airflow/.local/lib/python3.7/site-packages/airflow/example_dags/example_branch_python_dop_operator_3.py took 0.073 seconds
[2023-08-26T17:26:24.442+0000] {processor.py:154} INFO - Started process (PID=2814) to work on /home/airflow/.local/lib/python3.7/site-packages/airflow/example_dags/example_branch_python_dop_operator_3.py
[2023-08-26T17:26:24.443+0000] {processor.py:756} INFO - Processing file /home/airflow/.local/lib/python3.7/site-packages/airflow/example_dags/example_branch_python_dop_operator_3.py for tasks to queue
[2023-08-26T17:26:24.444+0000] {logging_mixin.py:120} INFO - [2023-08-26T17:26:24.444+0000] {dagbag.py:537} INFO - Filling up the DagBag from /home/airflow/.local/lib/python3.7/site-packages/airflow/example_dags/example_branch_python_dop_operator_3.py
[2023-08-26T17:26:24.461+0000] {processor.py:766} INFO - DAG(s) dict_keys(['example_branch_dop_operator_v3']) retrieved from /home/airflow/.local/lib/python3.7/site-packages/airflow/example_dags/example_branch_python_dop_operator_3.py
[2023-08-26T17:26:24.488+0000] {logging_mixin.py:120} INFO - [2023-08-26T17:26:24.487+0000] {dag.py:2585} INFO - Sync 1 DAGs
[2023-08-26T17:26:24.504+0000] {logging_mixin.py:120} INFO - [2023-08-26T17:26:24.504+0000] {dag.py:3340} INFO - Setting next_dagrun for example_branch_dop_operator_v3 to 2023-08-26T17:25:00+00:00, run_after=2023-08-26T17:26:00+00:00
[2023-08-26T17:26:24.517+0000] {processor.py:176} INFO - Processing /home/airflow/.local/lib/python3.7/site-packages/airflow/example_dags/example_branch_python_dop_operator_3.py took 0.079 seconds
[2023-08-26T17:26:55.531+0000] {processor.py:154} INFO - Started process (PID=2869) to work on /home/airflow/.local/lib/python3.7/site-packages/airflow/example_dags/example_branch_python_dop_operator_3.py
[2023-08-26T17:26:55.532+0000] {processor.py:756} INFO - Processing file /home/airflow/.local/lib/python3.7/site-packages/airflow/example_dags/example_branch_python_dop_operator_3.py for tasks to queue
[2023-08-26T17:26:55.532+0000] {logging_mixin.py:120} INFO - [2023-08-26T17:26:55.532+0000] {dagbag.py:537} INFO - Filling up the DagBag from /home/airflow/.local/lib/python3.7/site-packages/airflow/example_dags/example_branch_python_dop_operator_3.py
[2023-08-26T17:26:55.546+0000] {processor.py:766} INFO - DAG(s) dict_keys(['example_branch_dop_operator_v3']) retrieved from /home/airflow/.local/lib/python3.7/site-packages/airflow/example_dags/example_branch_python_dop_operator_3.py
[2023-08-26T17:26:55.571+0000] {logging_mixin.py:120} INFO - [2023-08-26T17:26:55.571+0000] {dag.py:2585} INFO - Sync 1 DAGs
[2023-08-26T17:26:55.585+0000] {logging_mixin.py:120} INFO - [2023-08-26T17:26:55.585+0000] {dag.py:3340} INFO - Setting next_dagrun for example_branch_dop_operator_v3 to 2023-08-26T17:25:00+00:00, run_after=2023-08-26T17:26:00+00:00
[2023-08-26T17:26:55.594+0000] {processor.py:176} INFO - Processing /home/airflow/.local/lib/python3.7/site-packages/airflow/example_dags/example_branch_python_dop_operator_3.py took 0.065 seconds
[2023-08-26T17:27:26.515+0000] {processor.py:154} INFO - Started process (PID=2930) to work on /home/airflow/.local/lib/python3.7/site-packages/airflow/example_dags/example_branch_python_dop_operator_3.py
[2023-08-26T17:27:26.516+0000] {processor.py:756} INFO - Processing file /home/airflow/.local/lib/python3.7/site-packages/airflow/example_dags/example_branch_python_dop_operator_3.py for tasks to queue
[2023-08-26T17:27:26.517+0000] {logging_mixin.py:120} INFO - [2023-08-26T17:27:26.517+0000] {dagbag.py:537} INFO - Filling up the DagBag from /home/airflow/.local/lib/python3.7/site-packages/airflow/example_dags/example_branch_python_dop_operator_3.py
[2023-08-26T17:27:26.532+0000] {processor.py:766} INFO - DAG(s) dict_keys(['example_branch_dop_operator_v3']) retrieved from /home/airflow/.local/lib/python3.7/site-packages/airflow/example_dags/example_branch_python_dop_operator_3.py
[2023-08-26T17:27:26.560+0000] {logging_mixin.py:120} INFO - [2023-08-26T17:27:26.560+0000] {dag.py:2585} INFO - Sync 1 DAGs
[2023-08-26T17:27:26.576+0000] {logging_mixin.py:120} INFO - [2023-08-26T17:27:26.576+0000] {dag.py:3340} INFO - Setting next_dagrun for example_branch_dop_operator_v3 to 2023-08-26T17:26:00+00:00, run_after=2023-08-26T17:27:00+00:00
[2023-08-26T17:27:26.587+0000] {processor.py:176} INFO - Processing /home/airflow/.local/lib/python3.7/site-packages/airflow/example_dags/example_branch_python_dop_operator_3.py took 0.075 seconds
[2023-08-26T17:27:56.671+0000] {processor.py:154} INFO - Started process (PID=2992) to work on /home/airflow/.local/lib/python3.7/site-packages/airflow/example_dags/example_branch_python_dop_operator_3.py
[2023-08-26T17:27:56.672+0000] {processor.py:756} INFO - Processing file /home/airflow/.local/lib/python3.7/site-packages/airflow/example_dags/example_branch_python_dop_operator_3.py for tasks to queue
[2023-08-26T17:27:56.673+0000] {logging_mixin.py:120} INFO - [2023-08-26T17:27:56.673+0000] {dagbag.py:537} INFO - Filling up the DagBag from /home/airflow/.local/lib/python3.7/site-packages/airflow/example_dags/example_branch_python_dop_operator_3.py
[2023-08-26T17:27:56.687+0000] {processor.py:766} INFO - DAG(s) dict_keys(['example_branch_dop_operator_v3']) retrieved from /home/airflow/.local/lib/python3.7/site-packages/airflow/example_dags/example_branch_python_dop_operator_3.py
[2023-08-26T17:27:56.713+0000] {logging_mixin.py:120} INFO - [2023-08-26T17:27:56.713+0000] {dag.py:2585} INFO - Sync 1 DAGs
[2023-08-26T17:27:56.729+0000] {logging_mixin.py:120} INFO - [2023-08-26T17:27:56.729+0000] {dag.py:3340} INFO - Setting next_dagrun for example_branch_dop_operator_v3 to 2023-08-26T17:26:00+00:00, run_after=2023-08-26T17:27:00+00:00
[2023-08-26T17:27:56.741+0000] {processor.py:176} INFO - Processing /home/airflow/.local/lib/python3.7/site-packages/airflow/example_dags/example_branch_python_dop_operator_3.py took 0.072 seconds
[2023-08-26T17:28:26.789+0000] {processor.py:154} INFO - Started process (PID=3054) to work on /home/airflow/.local/lib/python3.7/site-packages/airflow/example_dags/example_branch_python_dop_operator_3.py
[2023-08-26T17:28:26.790+0000] {processor.py:756} INFO - Processing file /home/airflow/.local/lib/python3.7/site-packages/airflow/example_dags/example_branch_python_dop_operator_3.py for tasks to queue
[2023-08-26T17:28:26.790+0000] {logging_mixin.py:120} INFO - [2023-08-26T17:28:26.790+0000] {dagbag.py:537} INFO - Filling up the DagBag from /home/airflow/.local/lib/python3.7/site-packages/airflow/example_dags/example_branch_python_dop_operator_3.py
[2023-08-26T17:28:26.804+0000] {processor.py:766} INFO - DAG(s) dict_keys(['example_branch_dop_operator_v3']) retrieved from /home/airflow/.local/lib/python3.7/site-packages/airflow/example_dags/example_branch_python_dop_operator_3.py
[2023-08-26T17:28:26.829+0000] {logging_mixin.py:120} INFO - [2023-08-26T17:28:26.829+0000] {dag.py:2585} INFO - Sync 1 DAGs
[2023-08-26T17:28:26.845+0000] {logging_mixin.py:120} INFO - [2023-08-26T17:28:26.845+0000] {dag.py:3340} INFO - Setting next_dagrun for example_branch_dop_operator_v3 to 2023-08-26T17:27:00+00:00, run_after=2023-08-26T17:28:00+00:00
[2023-08-26T17:28:26.854+0000] {processor.py:176} INFO - Processing /home/airflow/.local/lib/python3.7/site-packages/airflow/example_dags/example_branch_python_dop_operator_3.py took 0.067 seconds
[2023-08-26T17:28:57.939+0000] {processor.py:154} INFO - Started process (PID=3117) to work on /home/airflow/.local/lib/python3.7/site-packages/airflow/example_dags/example_branch_python_dop_operator_3.py
[2023-08-26T17:28:57.940+0000] {processor.py:756} INFO - Processing file /home/airflow/.local/lib/python3.7/site-packages/airflow/example_dags/example_branch_python_dop_operator_3.py for tasks to queue
[2023-08-26T17:28:57.941+0000] {logging_mixin.py:120} INFO - [2023-08-26T17:28:57.941+0000] {dagbag.py:537} INFO - Filling up the DagBag from /home/airflow/.local/lib/python3.7/site-packages/airflow/example_dags/example_branch_python_dop_operator_3.py
[2023-08-26T17:28:57.954+0000] {processor.py:766} INFO - DAG(s) dict_keys(['example_branch_dop_operator_v3']) retrieved from /home/airflow/.local/lib/python3.7/site-packages/airflow/example_dags/example_branch_python_dop_operator_3.py
[2023-08-26T17:28:57.981+0000] {logging_mixin.py:120} INFO - [2023-08-26T17:28:57.980+0000] {dag.py:2585} INFO - Sync 1 DAGs
[2023-08-26T17:28:58.001+0000] {logging_mixin.py:120} INFO - [2023-08-26T17:28:58.000+0000] {dag.py:3340} INFO - Setting next_dagrun for example_branch_dop_operator_v3 to 2023-08-26T17:27:00+00:00, run_after=2023-08-26T17:28:00+00:00
[2023-08-26T17:28:58.014+0000] {processor.py:176} INFO - Processing /home/airflow/.local/lib/python3.7/site-packages/airflow/example_dags/example_branch_python_dop_operator_3.py took 0.077 seconds
[2023-08-26T17:29:28.198+0000] {processor.py:154} INFO - Started process (PID=3180) to work on /home/airflow/.local/lib/python3.7/site-packages/airflow/example_dags/example_branch_python_dop_operator_3.py
[2023-08-26T17:29:28.199+0000] {processor.py:756} INFO - Processing file /home/airflow/.local/lib/python3.7/site-packages/airflow/example_dags/example_branch_python_dop_operator_3.py for tasks to queue
[2023-08-26T17:29:28.199+0000] {logging_mixin.py:120} INFO - [2023-08-26T17:29:28.199+0000] {dagbag.py:537} INFO - Filling up the DagBag from /home/airflow/.local/lib/python3.7/site-packages/airflow/example_dags/example_branch_python_dop_operator_3.py
[2023-08-26T17:29:28.213+0000] {processor.py:766} INFO - DAG(s) dict_keys(['example_branch_dop_operator_v3']) retrieved from /home/airflow/.local/lib/python3.7/site-packages/airflow/example_dags/example_branch_python_dop_operator_3.py
[2023-08-26T17:29:28.246+0000] {logging_mixin.py:120} INFO - [2023-08-26T17:29:28.246+0000] {dag.py:2585} INFO - Sync 1 DAGs
[2023-08-26T17:29:28.266+0000] {logging_mixin.py:120} INFO - [2023-08-26T17:29:28.266+0000] {dag.py:3340} INFO - Setting next_dagrun for example_branch_dop_operator_v3 to 2023-08-26T17:28:00+00:00, run_after=2023-08-26T17:29:00+00:00
[2023-08-26T17:29:28.279+0000] {processor.py:176} INFO - Processing /home/airflow/.local/lib/python3.7/site-packages/airflow/example_dags/example_branch_python_dop_operator_3.py took 0.083 seconds
[2023-08-26T17:29:58.346+0000] {processor.py:154} INFO - Started process (PID=3233) to work on /home/airflow/.local/lib/python3.7/site-packages/airflow/example_dags/example_branch_python_dop_operator_3.py
[2023-08-26T17:29:58.346+0000] {processor.py:756} INFO - Processing file /home/airflow/.local/lib/python3.7/site-packages/airflow/example_dags/example_branch_python_dop_operator_3.py for tasks to queue
[2023-08-26T17:29:58.347+0000] {logging_mixin.py:120} INFO - [2023-08-26T17:29:58.347+0000] {dagbag.py:537} INFO - Filling up the DagBag from /home/airflow/.local/lib/python3.7/site-packages/airflow/example_dags/example_branch_python_dop_operator_3.py
[2023-08-26T17:29:58.365+0000] {processor.py:766} INFO - DAG(s) dict_keys(['example_branch_dop_operator_v3']) retrieved from /home/airflow/.local/lib/python3.7/site-packages/airflow/example_dags/example_branch_python_dop_operator_3.py
[2023-08-26T17:29:58.399+0000] {logging_mixin.py:120} INFO - [2023-08-26T17:29:58.399+0000] {dag.py:2585} INFO - Sync 1 DAGs
[2023-08-26T17:29:58.419+0000] {logging_mixin.py:120} INFO - [2023-08-26T17:29:58.419+0000] {dag.py:3340} INFO - Setting next_dagrun for example_branch_dop_operator_v3 to 2023-08-26T17:28:00+00:00, run_after=2023-08-26T17:29:00+00:00
[2023-08-26T17:29:58.432+0000] {processor.py:176} INFO - Processing /home/airflow/.local/lib/python3.7/site-packages/airflow/example_dags/example_branch_python_dop_operator_3.py took 0.088 seconds
[2023-08-26T17:30:28.661+0000] {processor.py:154} INFO - Started process (PID=3297) to work on /home/airflow/.local/lib/python3.7/site-packages/airflow/example_dags/example_branch_python_dop_operator_3.py
[2023-08-26T17:30:28.662+0000] {processor.py:756} INFO - Processing file /home/airflow/.local/lib/python3.7/site-packages/airflow/example_dags/example_branch_python_dop_operator_3.py for tasks to queue
[2023-08-26T17:30:28.662+0000] {logging_mixin.py:120} INFO - [2023-08-26T17:30:28.662+0000] {dagbag.py:537} INFO - Filling up the DagBag from /home/airflow/.local/lib/python3.7/site-packages/airflow/example_dags/example_branch_python_dop_operator_3.py
[2023-08-26T17:30:28.676+0000] {processor.py:766} INFO - DAG(s) dict_keys(['example_branch_dop_operator_v3']) retrieved from /home/airflow/.local/lib/python3.7/site-packages/airflow/example_dags/example_branch_python_dop_operator_3.py
[2023-08-26T17:30:28.710+0000] {logging_mixin.py:120} INFO - [2023-08-26T17:30:28.710+0000] {dag.py:2585} INFO - Sync 1 DAGs
[2023-08-26T17:30:28.733+0000] {logging_mixin.py:120} INFO - [2023-08-26T17:30:28.733+0000] {dag.py:3340} INFO - Setting next_dagrun for example_branch_dop_operator_v3 to 2023-08-26T17:29:00+00:00, run_after=2023-08-26T17:30:00+00:00
[2023-08-26T17:30:28.746+0000] {processor.py:176} INFO - Processing /home/airflow/.local/lib/python3.7/site-packages/airflow/example_dags/example_branch_python_dop_operator_3.py took 0.087 seconds
[2023-08-26T17:30:58.808+0000] {processor.py:154} INFO - Started process (PID=3359) to work on /home/airflow/.local/lib/python3.7/site-packages/airflow/example_dags/example_branch_python_dop_operator_3.py
[2023-08-26T17:30:58.809+0000] {processor.py:756} INFO - Processing file /home/airflow/.local/lib/python3.7/site-packages/airflow/example_dags/example_branch_python_dop_operator_3.py for tasks to queue
[2023-08-26T17:30:58.810+0000] {logging_mixin.py:120} INFO - [2023-08-26T17:30:58.810+0000] {dagbag.py:537} INFO - Filling up the DagBag from /home/airflow/.local/lib/python3.7/site-packages/airflow/example_dags/example_branch_python_dop_operator_3.py
[2023-08-26T17:30:58.825+0000] {processor.py:766} INFO - DAG(s) dict_keys(['example_branch_dop_operator_v3']) retrieved from /home/airflow/.local/lib/python3.7/site-packages/airflow/example_dags/example_branch_python_dop_operator_3.py
[2023-08-26T17:30:58.857+0000] {logging_mixin.py:120} INFO - [2023-08-26T17:30:58.857+0000] {dag.py:2585} INFO - Sync 1 DAGs
[2023-08-26T17:30:58.877+0000] {logging_mixin.py:120} INFO - [2023-08-26T17:30:58.877+0000] {dag.py:3340} INFO - Setting next_dagrun for example_branch_dop_operator_v3 to 2023-08-26T17:29:00+00:00, run_after=2023-08-26T17:30:00+00:00
[2023-08-26T17:30:58.888+0000] {processor.py:176} INFO - Processing /home/airflow/.local/lib/python3.7/site-packages/airflow/example_dags/example_branch_python_dop_operator_3.py took 0.083 seconds
[2023-08-26T17:31:29.109+0000] {processor.py:154} INFO - Started process (PID=3423) to work on /home/airflow/.local/lib/python3.7/site-packages/airflow/example_dags/example_branch_python_dop_operator_3.py
[2023-08-26T17:31:29.110+0000] {processor.py:756} INFO - Processing file /home/airflow/.local/lib/python3.7/site-packages/airflow/example_dags/example_branch_python_dop_operator_3.py for tasks to queue
[2023-08-26T17:31:29.110+0000] {logging_mixin.py:120} INFO - [2023-08-26T17:31:29.110+0000] {dagbag.py:537} INFO - Filling up the DagBag from /home/airflow/.local/lib/python3.7/site-packages/airflow/example_dags/example_branch_python_dop_operator_3.py
[2023-08-26T17:31:29.124+0000] {processor.py:766} INFO - DAG(s) dict_keys(['example_branch_dop_operator_v3']) retrieved from /home/airflow/.local/lib/python3.7/site-packages/airflow/example_dags/example_branch_python_dop_operator_3.py
[2023-08-26T17:31:29.151+0000] {logging_mixin.py:120} INFO - [2023-08-26T17:31:29.151+0000] {dag.py:2585} INFO - Sync 1 DAGs
[2023-08-26T17:31:29.169+0000] {logging_mixin.py:120} INFO - [2023-08-26T17:31:29.169+0000] {dag.py:3340} INFO - Setting next_dagrun for example_branch_dop_operator_v3 to 2023-08-26T17:30:00+00:00, run_after=2023-08-26T17:31:00+00:00
[2023-08-26T17:31:29.182+0000] {processor.py:176} INFO - Processing /home/airflow/.local/lib/python3.7/site-packages/airflow/example_dags/example_branch_python_dop_operator_3.py took 0.075 seconds
