[2023-08-26T17:03:34.494+0000] {processor.py:154} INFO - Started process (PID=65) to work on /home/airflow/.local/lib/python3.7/site-packages/airflow/example_dags/example_sla_dag.py
[2023-08-26T17:03:34.495+0000] {processor.py:756} INFO - Processing file /home/airflow/.local/lib/python3.7/site-packages/airflow/example_dags/example_sla_dag.py for tasks to queue
[2023-08-26T17:03:34.497+0000] {logging_mixin.py:120} INFO - [2023-08-26T17:03:34.497+0000] {dagbag.py:537} INFO - Filling up the DagBag from /home/airflow/.local/lib/python3.7/site-packages/airflow/example_dags/example_sla_dag.py
[2023-08-26T17:03:34.512+0000] {processor.py:766} INFO - DAG(s) dict_keys(['example_sla_dag']) retrieved from /home/airflow/.local/lib/python3.7/site-packages/airflow/example_dags/example_sla_dag.py
[2023-08-26T17:03:34.605+0000] {logging_mixin.py:120} INFO - [2023-08-26T17:03:34.605+0000] {manager.py:507} INFO - Created Permission View: can edit on DAG:example_sla_dag
[2023-08-26T17:03:34.611+0000] {logging_mixin.py:120} INFO - [2023-08-26T17:03:34.611+0000] {manager.py:507} INFO - Created Permission View: can read on DAG:example_sla_dag
[2023-08-26T17:03:34.616+0000] {logging_mixin.py:120} INFO - [2023-08-26T17:03:34.616+0000] {manager.py:507} INFO - Created Permission View: can delete on DAG:example_sla_dag
[2023-08-26T17:03:34.616+0000] {logging_mixin.py:120} INFO - [2023-08-26T17:03:34.616+0000] {dag.py:2585} INFO - Sync 1 DAGs
[2023-08-26T17:03:34.628+0000] {logging_mixin.py:120} INFO - [2023-08-26T17:03:34.628+0000] {dag.py:2606} INFO - Creating ORM DAG for example_sla_dag
[2023-08-26T17:03:34.640+0000] {logging_mixin.py:120} INFO - [2023-08-26T17:03:34.640+0000] {dag.py:3340} INFO - Setting next_dagrun for example_sla_dag to 2023-08-26T17:00:00+00:00, run_after=2023-08-26T17:02:00+00:00
[2023-08-26T17:03:34.655+0000] {processor.py:176} INFO - Processing /home/airflow/.local/lib/python3.7/site-packages/airflow/example_dags/example_sla_dag.py took 0.163 seconds
[2023-08-26T17:04:04.732+0000] {processor.py:154} INFO - Started process (PID=127) to work on /home/airflow/.local/lib/python3.7/site-packages/airflow/example_dags/example_sla_dag.py
[2023-08-26T17:04:04.733+0000] {processor.py:756} INFO - Processing file /home/airflow/.local/lib/python3.7/site-packages/airflow/example_dags/example_sla_dag.py for tasks to queue
[2023-08-26T17:04:04.734+0000] {logging_mixin.py:120} INFO - [2023-08-26T17:04:04.734+0000] {dagbag.py:537} INFO - Filling up the DagBag from /home/airflow/.local/lib/python3.7/site-packages/airflow/example_dags/example_sla_dag.py
[2023-08-26T17:04:04.750+0000] {processor.py:766} INFO - DAG(s) dict_keys(['example_sla_dag']) retrieved from /home/airflow/.local/lib/python3.7/site-packages/airflow/example_dags/example_sla_dag.py
[2023-08-26T17:04:04.780+0000] {logging_mixin.py:120} INFO - [2023-08-26T17:04:04.780+0000] {dag.py:2585} INFO - Sync 1 DAGs
[2023-08-26T17:04:04.799+0000] {logging_mixin.py:120} INFO - [2023-08-26T17:04:04.799+0000] {dag.py:3340} INFO - Setting next_dagrun for example_sla_dag to 2023-08-26T17:02:00+00:00, run_after=2023-08-26T17:04:00+00:00
[2023-08-26T17:04:04.812+0000] {processor.py:176} INFO - Processing /home/airflow/.local/lib/python3.7/site-packages/airflow/example_dags/example_sla_dag.py took 0.083 seconds
[2023-08-26T17:04:35.677+0000] {processor.py:154} INFO - Started process (PID=191) to work on /home/airflow/.local/lib/python3.7/site-packages/airflow/example_dags/example_sla_dag.py
[2023-08-26T17:04:35.678+0000] {processor.py:756} INFO - Processing file /home/airflow/.local/lib/python3.7/site-packages/airflow/example_dags/example_sla_dag.py for tasks to queue
[2023-08-26T17:04:35.679+0000] {logging_mixin.py:120} INFO - [2023-08-26T17:04:35.679+0000] {dagbag.py:537} INFO - Filling up the DagBag from /home/airflow/.local/lib/python3.7/site-packages/airflow/example_dags/example_sla_dag.py
[2023-08-26T17:04:35.696+0000] {processor.py:766} INFO - DAG(s) dict_keys(['example_sla_dag']) retrieved from /home/airflow/.local/lib/python3.7/site-packages/airflow/example_dags/example_sla_dag.py
[2023-08-26T17:04:35.726+0000] {logging_mixin.py:120} INFO - [2023-08-26T17:04:35.726+0000] {dag.py:2585} INFO - Sync 1 DAGs
[2023-08-26T17:04:35.742+0000] {logging_mixin.py:120} INFO - [2023-08-26T17:04:35.742+0000] {dag.py:3340} INFO - Setting next_dagrun for example_sla_dag to 2023-08-26T17:02:00+00:00, run_after=2023-08-26T17:04:00+00:00
[2023-08-26T17:04:35.752+0000] {processor.py:176} INFO - Processing /home/airflow/.local/lib/python3.7/site-packages/airflow/example_dags/example_sla_dag.py took 0.079 seconds
[2023-08-26T17:05:06.643+0000] {processor.py:154} INFO - Started process (PID=254) to work on /home/airflow/.local/lib/python3.7/site-packages/airflow/example_dags/example_sla_dag.py
[2023-08-26T17:05:06.644+0000] {processor.py:756} INFO - Processing file /home/airflow/.local/lib/python3.7/site-packages/airflow/example_dags/example_sla_dag.py for tasks to queue
[2023-08-26T17:05:06.645+0000] {logging_mixin.py:120} INFO - [2023-08-26T17:05:06.645+0000] {dagbag.py:537} INFO - Filling up the DagBag from /home/airflow/.local/lib/python3.7/site-packages/airflow/example_dags/example_sla_dag.py
[2023-08-26T17:05:06.663+0000] {processor.py:766} INFO - DAG(s) dict_keys(['example_sla_dag']) retrieved from /home/airflow/.local/lib/python3.7/site-packages/airflow/example_dags/example_sla_dag.py
[2023-08-26T17:05:06.690+0000] {logging_mixin.py:120} INFO - [2023-08-26T17:05:06.690+0000] {dag.py:2585} INFO - Sync 1 DAGs
[2023-08-26T17:05:06.704+0000] {logging_mixin.py:120} INFO - [2023-08-26T17:05:06.704+0000] {dag.py:3340} INFO - Setting next_dagrun for example_sla_dag to 2023-08-26T17:02:00+00:00, run_after=2023-08-26T17:04:00+00:00
[2023-08-26T17:05:06.713+0000] {processor.py:176} INFO - Processing /home/airflow/.local/lib/python3.7/site-packages/airflow/example_dags/example_sla_dag.py took 0.073 seconds
[2023-08-26T17:05:36.842+0000] {processor.py:154} INFO - Started process (PID=318) to work on /home/airflow/.local/lib/python3.7/site-packages/airflow/example_dags/example_sla_dag.py
[2023-08-26T17:05:36.843+0000] {processor.py:756} INFO - Processing file /home/airflow/.local/lib/python3.7/site-packages/airflow/example_dags/example_sla_dag.py for tasks to queue
[2023-08-26T17:05:36.844+0000] {logging_mixin.py:120} INFO - [2023-08-26T17:05:36.844+0000] {dagbag.py:537} INFO - Filling up the DagBag from /home/airflow/.local/lib/python3.7/site-packages/airflow/example_dags/example_sla_dag.py
[2023-08-26T17:05:36.862+0000] {processor.py:766} INFO - DAG(s) dict_keys(['example_sla_dag']) retrieved from /home/airflow/.local/lib/python3.7/site-packages/airflow/example_dags/example_sla_dag.py
[2023-08-26T17:05:36.888+0000] {logging_mixin.py:120} INFO - [2023-08-26T17:05:36.888+0000] {dag.py:2585} INFO - Sync 1 DAGs
[2023-08-26T17:05:36.904+0000] {logging_mixin.py:120} INFO - [2023-08-26T17:05:36.903+0000] {dag.py:3340} INFO - Setting next_dagrun for example_sla_dag to 2023-08-26T17:02:00+00:00, run_after=2023-08-26T17:04:00+00:00
[2023-08-26T17:05:36.914+0000] {processor.py:176} INFO - Processing /home/airflow/.local/lib/python3.7/site-packages/airflow/example_dags/example_sla_dag.py took 0.076 seconds
[2023-08-26T17:06:07.879+0000] {processor.py:154} INFO - Started process (PID=381) to work on /home/airflow/.local/lib/python3.7/site-packages/airflow/example_dags/example_sla_dag.py
[2023-08-26T17:06:07.879+0000] {processor.py:756} INFO - Processing file /home/airflow/.local/lib/python3.7/site-packages/airflow/example_dags/example_sla_dag.py for tasks to queue
[2023-08-26T17:06:07.880+0000] {logging_mixin.py:120} INFO - [2023-08-26T17:06:07.880+0000] {dagbag.py:537} INFO - Filling up the DagBag from /home/airflow/.local/lib/python3.7/site-packages/airflow/example_dags/example_sla_dag.py
[2023-08-26T17:06:07.895+0000] {processor.py:766} INFO - DAG(s) dict_keys(['example_sla_dag']) retrieved from /home/airflow/.local/lib/python3.7/site-packages/airflow/example_dags/example_sla_dag.py
[2023-08-26T17:06:07.919+0000] {logging_mixin.py:120} INFO - [2023-08-26T17:06:07.919+0000] {dag.py:2585} INFO - Sync 1 DAGs
[2023-08-26T17:06:07.935+0000] {logging_mixin.py:120} INFO - [2023-08-26T17:06:07.935+0000] {dag.py:3340} INFO - Setting next_dagrun for example_sla_dag to 2023-08-26T17:04:00+00:00, run_after=2023-08-26T17:06:00+00:00
[2023-08-26T17:06:07.946+0000] {processor.py:176} INFO - Processing /home/airflow/.local/lib/python3.7/site-packages/airflow/example_dags/example_sla_dag.py took 0.070 seconds
[2023-08-26T17:06:38.727+0000] {processor.py:154} INFO - Started process (PID=442) to work on /home/airflow/.local/lib/python3.7/site-packages/airflow/example_dags/example_sla_dag.py
[2023-08-26T17:06:38.728+0000] {processor.py:756} INFO - Processing file /home/airflow/.local/lib/python3.7/site-packages/airflow/example_dags/example_sla_dag.py for tasks to queue
[2023-08-26T17:06:38.729+0000] {logging_mixin.py:120} INFO - [2023-08-26T17:06:38.729+0000] {dagbag.py:537} INFO - Filling up the DagBag from /home/airflow/.local/lib/python3.7/site-packages/airflow/example_dags/example_sla_dag.py
[2023-08-26T17:06:38.745+0000] {processor.py:766} INFO - DAG(s) dict_keys(['example_sla_dag']) retrieved from /home/airflow/.local/lib/python3.7/site-packages/airflow/example_dags/example_sla_dag.py
[2023-08-26T17:06:38.776+0000] {logging_mixin.py:120} INFO - [2023-08-26T17:06:38.776+0000] {dag.py:2585} INFO - Sync 1 DAGs
[2023-08-26T17:06:38.792+0000] {logging_mixin.py:120} INFO - [2023-08-26T17:06:38.792+0000] {dag.py:3340} INFO - Setting next_dagrun for example_sla_dag to 2023-08-26T17:04:00+00:00, run_after=2023-08-26T17:06:00+00:00
[2023-08-26T17:06:38.804+0000] {processor.py:176} INFO - Processing /home/airflow/.local/lib/python3.7/site-packages/airflow/example_dags/example_sla_dag.py took 0.079 seconds
[2023-08-26T17:07:08.907+0000] {processor.py:154} INFO - Started process (PID=497) to work on /home/airflow/.local/lib/python3.7/site-packages/airflow/example_dags/example_sla_dag.py
[2023-08-26T17:07:08.908+0000] {processor.py:756} INFO - Processing file /home/airflow/.local/lib/python3.7/site-packages/airflow/example_dags/example_sla_dag.py for tasks to queue
[2023-08-26T17:07:08.909+0000] {logging_mixin.py:120} INFO - [2023-08-26T17:07:08.909+0000] {dagbag.py:537} INFO - Filling up the DagBag from /home/airflow/.local/lib/python3.7/site-packages/airflow/example_dags/example_sla_dag.py
[2023-08-26T17:07:08.922+0000] {processor.py:766} INFO - DAG(s) dict_keys(['example_sla_dag']) retrieved from /home/airflow/.local/lib/python3.7/site-packages/airflow/example_dags/example_sla_dag.py
[2023-08-26T17:07:08.950+0000] {logging_mixin.py:120} INFO - [2023-08-26T17:07:08.950+0000] {dag.py:2585} INFO - Sync 1 DAGs
[2023-08-26T17:07:08.966+0000] {logging_mixin.py:120} INFO - [2023-08-26T17:07:08.966+0000] {dag.py:3340} INFO - Setting next_dagrun for example_sla_dag to 2023-08-26T17:04:00+00:00, run_after=2023-08-26T17:06:00+00:00
[2023-08-26T17:07:08.976+0000] {processor.py:176} INFO - Processing /home/airflow/.local/lib/python3.7/site-packages/airflow/example_dags/example_sla_dag.py took 0.071 seconds
[2023-08-26T17:07:39.091+0000] {processor.py:154} INFO - Started process (PID=560) to work on /home/airflow/.local/lib/python3.7/site-packages/airflow/example_dags/example_sla_dag.py
[2023-08-26T17:07:39.092+0000] {processor.py:756} INFO - Processing file /home/airflow/.local/lib/python3.7/site-packages/airflow/example_dags/example_sla_dag.py for tasks to queue
[2023-08-26T17:07:39.093+0000] {logging_mixin.py:120} INFO - [2023-08-26T17:07:39.092+0000] {dagbag.py:537} INFO - Filling up the DagBag from /home/airflow/.local/lib/python3.7/site-packages/airflow/example_dags/example_sla_dag.py
[2023-08-26T17:07:39.107+0000] {processor.py:766} INFO - DAG(s) dict_keys(['example_sla_dag']) retrieved from /home/airflow/.local/lib/python3.7/site-packages/airflow/example_dags/example_sla_dag.py
[2023-08-26T17:07:39.132+0000] {logging_mixin.py:120} INFO - [2023-08-26T17:07:39.132+0000] {dag.py:2585} INFO - Sync 1 DAGs
[2023-08-26T17:07:39.147+0000] {logging_mixin.py:120} INFO - [2023-08-26T17:07:39.147+0000] {dag.py:3340} INFO - Setting next_dagrun for example_sla_dag to 2023-08-26T17:04:00+00:00, run_after=2023-08-26T17:06:00+00:00
[2023-08-26T17:07:39.157+0000] {processor.py:176} INFO - Processing /home/airflow/.local/lib/python3.7/site-packages/airflow/example_dags/example_sla_dag.py took 0.068 seconds
[2023-08-26T17:08:10.026+0000] {processor.py:154} INFO - Started process (PID=623) to work on /home/airflow/.local/lib/python3.7/site-packages/airflow/example_dags/example_sla_dag.py
[2023-08-26T17:08:10.026+0000] {processor.py:756} INFO - Processing file /home/airflow/.local/lib/python3.7/site-packages/airflow/example_dags/example_sla_dag.py for tasks to queue
[2023-08-26T17:08:10.027+0000] {logging_mixin.py:120} INFO - [2023-08-26T17:08:10.027+0000] {dagbag.py:537} INFO - Filling up the DagBag from /home/airflow/.local/lib/python3.7/site-packages/airflow/example_dags/example_sla_dag.py
[2023-08-26T17:08:10.041+0000] {processor.py:766} INFO - DAG(s) dict_keys(['example_sla_dag']) retrieved from /home/airflow/.local/lib/python3.7/site-packages/airflow/example_dags/example_sla_dag.py
[2023-08-26T17:08:10.074+0000] {logging_mixin.py:120} INFO - [2023-08-26T17:08:10.074+0000] {dag.py:2585} INFO - Sync 1 DAGs
[2023-08-26T17:08:10.091+0000] {logging_mixin.py:120} INFO - [2023-08-26T17:08:10.091+0000] {dag.py:3340} INFO - Setting next_dagrun for example_sla_dag to 2023-08-26T17:06:00+00:00, run_after=2023-08-26T17:08:00+00:00
[2023-08-26T17:08:10.100+0000] {processor.py:176} INFO - Processing /home/airflow/.local/lib/python3.7/site-packages/airflow/example_dags/example_sla_dag.py took 0.076 seconds
[2023-08-26T17:08:41.097+0000] {processor.py:154} INFO - Started process (PID=686) to work on /home/airflow/.local/lib/python3.7/site-packages/airflow/example_dags/example_sla_dag.py
[2023-08-26T17:08:41.098+0000] {processor.py:756} INFO - Processing file /home/airflow/.local/lib/python3.7/site-packages/airflow/example_dags/example_sla_dag.py for tasks to queue
[2023-08-26T17:08:41.098+0000] {logging_mixin.py:120} INFO - [2023-08-26T17:08:41.098+0000] {dagbag.py:537} INFO - Filling up the DagBag from /home/airflow/.local/lib/python3.7/site-packages/airflow/example_dags/example_sla_dag.py
[2023-08-26T17:08:41.114+0000] {processor.py:766} INFO - DAG(s) dict_keys(['example_sla_dag']) retrieved from /home/airflow/.local/lib/python3.7/site-packages/airflow/example_dags/example_sla_dag.py
[2023-08-26T17:08:41.143+0000] {logging_mixin.py:120} INFO - [2023-08-26T17:08:41.143+0000] {dag.py:2585} INFO - Sync 1 DAGs
[2023-08-26T17:08:41.160+0000] {logging_mixin.py:120} INFO - [2023-08-26T17:08:41.160+0000] {dag.py:3340} INFO - Setting next_dagrun for example_sla_dag to 2023-08-26T17:06:00+00:00, run_after=2023-08-26T17:08:00+00:00
[2023-08-26T17:08:41.172+0000] {processor.py:176} INFO - Processing /home/airflow/.local/lib/python3.7/site-packages/airflow/example_dags/example_sla_dag.py took 0.078 seconds
[2023-08-26T17:09:11.473+0000] {processor.py:154} INFO - Started process (PID=748) to work on /home/airflow/.local/lib/python3.7/site-packages/airflow/example_dags/example_sla_dag.py
[2023-08-26T17:09:11.474+0000] {processor.py:756} INFO - Processing file /home/airflow/.local/lib/python3.7/site-packages/airflow/example_dags/example_sla_dag.py for tasks to queue
[2023-08-26T17:09:11.474+0000] {logging_mixin.py:120} INFO - [2023-08-26T17:09:11.474+0000] {dagbag.py:537} INFO - Filling up the DagBag from /home/airflow/.local/lib/python3.7/site-packages/airflow/example_dags/example_sla_dag.py
[2023-08-26T17:09:11.488+0000] {processor.py:766} INFO - DAG(s) dict_keys(['example_sla_dag']) retrieved from /home/airflow/.local/lib/python3.7/site-packages/airflow/example_dags/example_sla_dag.py
[2023-08-26T17:09:11.517+0000] {logging_mixin.py:120} INFO - [2023-08-26T17:09:11.517+0000] {dag.py:2585} INFO - Sync 1 DAGs
[2023-08-26T17:09:11.536+0000] {logging_mixin.py:120} INFO - [2023-08-26T17:09:11.536+0000] {dag.py:3340} INFO - Setting next_dagrun for example_sla_dag to 2023-08-26T17:06:00+00:00, run_after=2023-08-26T17:08:00+00:00
[2023-08-26T17:09:11.547+0000] {processor.py:176} INFO - Processing /home/airflow/.local/lib/python3.7/site-packages/airflow/example_dags/example_sla_dag.py took 0.076 seconds
[2023-08-26T17:09:41.681+0000] {processor.py:154} INFO - Started process (PID=802) to work on /home/airflow/.local/lib/python3.7/site-packages/airflow/example_dags/example_sla_dag.py
[2023-08-26T17:09:41.681+0000] {processor.py:756} INFO - Processing file /home/airflow/.local/lib/python3.7/site-packages/airflow/example_dags/example_sla_dag.py for tasks to queue
[2023-08-26T17:09:41.682+0000] {logging_mixin.py:120} INFO - [2023-08-26T17:09:41.682+0000] {dagbag.py:537} INFO - Filling up the DagBag from /home/airflow/.local/lib/python3.7/site-packages/airflow/example_dags/example_sla_dag.py
[2023-08-26T17:09:41.695+0000] {processor.py:766} INFO - DAG(s) dict_keys(['example_sla_dag']) retrieved from /home/airflow/.local/lib/python3.7/site-packages/airflow/example_dags/example_sla_dag.py
[2023-08-26T17:09:41.725+0000] {logging_mixin.py:120} INFO - [2023-08-26T17:09:41.725+0000] {dag.py:2585} INFO - Sync 1 DAGs
[2023-08-26T17:09:41.748+0000] {logging_mixin.py:120} INFO - [2023-08-26T17:09:41.748+0000] {dag.py:3340} INFO - Setting next_dagrun for example_sla_dag to 2023-08-26T17:06:00+00:00, run_after=2023-08-26T17:08:00+00:00
[2023-08-26T17:09:41.763+0000] {processor.py:176} INFO - Processing /home/airflow/.local/lib/python3.7/site-packages/airflow/example_dags/example_sla_dag.py took 0.084 seconds
[2023-08-26T17:10:11.836+0000] {processor.py:154} INFO - Started process (PID=865) to work on /home/airflow/.local/lib/python3.7/site-packages/airflow/example_dags/example_sla_dag.py
[2023-08-26T17:10:11.836+0000] {processor.py:756} INFO - Processing file /home/airflow/.local/lib/python3.7/site-packages/airflow/example_dags/example_sla_dag.py for tasks to queue
[2023-08-26T17:10:11.837+0000] {logging_mixin.py:120} INFO - [2023-08-26T17:10:11.837+0000] {dagbag.py:537} INFO - Filling up the DagBag from /home/airflow/.local/lib/python3.7/site-packages/airflow/example_dags/example_sla_dag.py
[2023-08-26T17:10:11.849+0000] {processor.py:766} INFO - DAG(s) dict_keys(['example_sla_dag']) retrieved from /home/airflow/.local/lib/python3.7/site-packages/airflow/example_dags/example_sla_dag.py
[2023-08-26T17:10:11.876+0000] {logging_mixin.py:120} INFO - [2023-08-26T17:10:11.876+0000] {dag.py:2585} INFO - Sync 1 DAGs
[2023-08-26T17:10:11.893+0000] {logging_mixin.py:120} INFO - [2023-08-26T17:10:11.893+0000] {dag.py:3340} INFO - Setting next_dagrun for example_sla_dag to 2023-08-26T17:08:00+00:00, run_after=2023-08-26T17:10:00+00:00
[2023-08-26T17:10:11.904+0000] {processor.py:176} INFO - Processing /home/airflow/.local/lib/python3.7/site-packages/airflow/example_dags/example_sla_dag.py took 0.071 seconds
[2023-08-26T17:10:42.095+0000] {processor.py:154} INFO - Started process (PID=928) to work on /home/airflow/.local/lib/python3.7/site-packages/airflow/example_dags/example_sla_dag.py
[2023-08-26T17:10:42.095+0000] {processor.py:756} INFO - Processing file /home/airflow/.local/lib/python3.7/site-packages/airflow/example_dags/example_sla_dag.py for tasks to queue
[2023-08-26T17:10:42.096+0000] {logging_mixin.py:120} INFO - [2023-08-26T17:10:42.096+0000] {dagbag.py:537} INFO - Filling up the DagBag from /home/airflow/.local/lib/python3.7/site-packages/airflow/example_dags/example_sla_dag.py
[2023-08-26T17:10:42.114+0000] {processor.py:766} INFO - DAG(s) dict_keys(['example_sla_dag']) retrieved from /home/airflow/.local/lib/python3.7/site-packages/airflow/example_dags/example_sla_dag.py
[2023-08-26T17:10:42.142+0000] {logging_mixin.py:120} INFO - [2023-08-26T17:10:42.142+0000] {dag.py:2585} INFO - Sync 1 DAGs
[2023-08-26T17:10:42.159+0000] {logging_mixin.py:120} INFO - [2023-08-26T17:10:42.159+0000] {dag.py:3340} INFO - Setting next_dagrun for example_sla_dag to 2023-08-26T17:08:00+00:00, run_after=2023-08-26T17:10:00+00:00
[2023-08-26T17:10:42.171+0000] {processor.py:176} INFO - Processing /home/airflow/.local/lib/python3.7/site-packages/airflow/example_dags/example_sla_dag.py took 0.079 seconds
[2023-08-26T17:11:12.199+0000] {processor.py:154} INFO - Started process (PID=991) to work on /home/airflow/.local/lib/python3.7/site-packages/airflow/example_dags/example_sla_dag.py
[2023-08-26T17:11:12.200+0000] {processor.py:756} INFO - Processing file /home/airflow/.local/lib/python3.7/site-packages/airflow/example_dags/example_sla_dag.py for tasks to queue
[2023-08-26T17:11:12.201+0000] {logging_mixin.py:120} INFO - [2023-08-26T17:11:12.201+0000] {dagbag.py:537} INFO - Filling up the DagBag from /home/airflow/.local/lib/python3.7/site-packages/airflow/example_dags/example_sla_dag.py
[2023-08-26T17:11:12.213+0000] {processor.py:766} INFO - DAG(s) dict_keys(['example_sla_dag']) retrieved from /home/airflow/.local/lib/python3.7/site-packages/airflow/example_dags/example_sla_dag.py
[2023-08-26T17:11:12.237+0000] {logging_mixin.py:120} INFO - [2023-08-26T17:11:12.237+0000] {dag.py:2585} INFO - Sync 1 DAGs
[2023-08-26T17:11:12.253+0000] {logging_mixin.py:120} INFO - [2023-08-26T17:11:12.253+0000] {dag.py:3340} INFO - Setting next_dagrun for example_sla_dag to 2023-08-26T17:08:00+00:00, run_after=2023-08-26T17:10:00+00:00
[2023-08-26T17:11:12.264+0000] {processor.py:176} INFO - Processing /home/airflow/.local/lib/python3.7/site-packages/airflow/example_dags/example_sla_dag.py took 0.067 seconds
[2023-08-26T17:11:43.243+0000] {processor.py:154} INFO - Started process (PID=1053) to work on /home/airflow/.local/lib/python3.7/site-packages/airflow/example_dags/example_sla_dag.py
[2023-08-26T17:11:43.244+0000] {processor.py:756} INFO - Processing file /home/airflow/.local/lib/python3.7/site-packages/airflow/example_dags/example_sla_dag.py for tasks to queue
[2023-08-26T17:11:43.245+0000] {logging_mixin.py:120} INFO - [2023-08-26T17:11:43.245+0000] {dagbag.py:537} INFO - Filling up the DagBag from /home/airflow/.local/lib/python3.7/site-packages/airflow/example_dags/example_sla_dag.py
[2023-08-26T17:11:43.259+0000] {processor.py:766} INFO - DAG(s) dict_keys(['example_sla_dag']) retrieved from /home/airflow/.local/lib/python3.7/site-packages/airflow/example_dags/example_sla_dag.py
[2023-08-26T17:11:43.289+0000] {logging_mixin.py:120} INFO - [2023-08-26T17:11:43.289+0000] {dag.py:2585} INFO - Sync 1 DAGs
[2023-08-26T17:11:43.305+0000] {logging_mixin.py:120} INFO - [2023-08-26T17:11:43.305+0000] {dag.py:3340} INFO - Setting next_dagrun for example_sla_dag to 2023-08-26T17:08:00+00:00, run_after=2023-08-26T17:10:00+00:00
[2023-08-26T17:11:43.316+0000] {processor.py:176} INFO - Processing /home/airflow/.local/lib/python3.7/site-packages/airflow/example_dags/example_sla_dag.py took 0.076 seconds
[2023-08-26T17:12:14.362+0000] {processor.py:154} INFO - Started process (PID=1116) to work on /home/airflow/.local/lib/python3.7/site-packages/airflow/example_dags/example_sla_dag.py
[2023-08-26T17:12:14.363+0000] {processor.py:756} INFO - Processing file /home/airflow/.local/lib/python3.7/site-packages/airflow/example_dags/example_sla_dag.py for tasks to queue
[2023-08-26T17:12:14.363+0000] {logging_mixin.py:120} INFO - [2023-08-26T17:12:14.363+0000] {dagbag.py:537} INFO - Filling up the DagBag from /home/airflow/.local/lib/python3.7/site-packages/airflow/example_dags/example_sla_dag.py
[2023-08-26T17:12:14.376+0000] {processor.py:766} INFO - DAG(s) dict_keys(['example_sla_dag']) retrieved from /home/airflow/.local/lib/python3.7/site-packages/airflow/example_dags/example_sla_dag.py
[2023-08-26T17:12:14.410+0000] {logging_mixin.py:120} INFO - [2023-08-26T17:12:14.410+0000] {dag.py:2585} INFO - Sync 1 DAGs
[2023-08-26T17:12:14.429+0000] {logging_mixin.py:120} INFO - [2023-08-26T17:12:14.429+0000] {dag.py:3340} INFO - Setting next_dagrun for example_sla_dag to 2023-08-26T17:10:00+00:00, run_after=2023-08-26T17:12:00+00:00
[2023-08-26T17:12:14.439+0000] {processor.py:176} INFO - Processing /home/airflow/.local/lib/python3.7/site-packages/airflow/example_dags/example_sla_dag.py took 0.079 seconds
[2023-08-26T17:12:45.612+0000] {processor.py:154} INFO - Started process (PID=1185) to work on /home/airflow/.local/lib/python3.7/site-packages/airflow/example_dags/example_sla_dag.py
[2023-08-26T17:12:45.613+0000] {processor.py:756} INFO - Processing file /home/airflow/.local/lib/python3.7/site-packages/airflow/example_dags/example_sla_dag.py for tasks to queue
[2023-08-26T17:12:45.614+0000] {logging_mixin.py:120} INFO - [2023-08-26T17:12:45.614+0000] {dagbag.py:537} INFO - Filling up the DagBag from /home/airflow/.local/lib/python3.7/site-packages/airflow/example_dags/example_sla_dag.py
[2023-08-26T17:12:45.629+0000] {processor.py:766} INFO - DAG(s) dict_keys(['example_sla_dag']) retrieved from /home/airflow/.local/lib/python3.7/site-packages/airflow/example_dags/example_sla_dag.py
[2023-08-26T17:12:45.655+0000] {logging_mixin.py:120} INFO - [2023-08-26T17:12:45.655+0000] {dag.py:2585} INFO - Sync 1 DAGs
[2023-08-26T17:12:45.671+0000] {logging_mixin.py:120} INFO - [2023-08-26T17:12:45.671+0000] {dag.py:3340} INFO - Setting next_dagrun for example_sla_dag to 2023-08-26T17:10:00+00:00, run_after=2023-08-26T17:12:00+00:00
[2023-08-26T17:12:45.682+0000] {processor.py:176} INFO - Processing /home/airflow/.local/lib/python3.7/site-packages/airflow/example_dags/example_sla_dag.py took 0.072 seconds
[2023-08-26T17:13:15.819+0000] {processor.py:154} INFO - Started process (PID=1239) to work on /home/airflow/.local/lib/python3.7/site-packages/airflow/example_dags/example_sla_dag.py
[2023-08-26T17:13:15.820+0000] {processor.py:756} INFO - Processing file /home/airflow/.local/lib/python3.7/site-packages/airflow/example_dags/example_sla_dag.py for tasks to queue
[2023-08-26T17:13:15.820+0000] {logging_mixin.py:120} INFO - [2023-08-26T17:13:15.820+0000] {dagbag.py:537} INFO - Filling up the DagBag from /home/airflow/.local/lib/python3.7/site-packages/airflow/example_dags/example_sla_dag.py
[2023-08-26T17:13:15.836+0000] {processor.py:766} INFO - DAG(s) dict_keys(['example_sla_dag']) retrieved from /home/airflow/.local/lib/python3.7/site-packages/airflow/example_dags/example_sla_dag.py
[2023-08-26T17:13:15.874+0000] {logging_mixin.py:120} INFO - [2023-08-26T17:13:15.874+0000] {dag.py:2585} INFO - Sync 1 DAGs
[2023-08-26T17:13:15.895+0000] {logging_mixin.py:120} INFO - [2023-08-26T17:13:15.895+0000] {dag.py:3340} INFO - Setting next_dagrun for example_sla_dag to 2023-08-26T17:10:00+00:00, run_after=2023-08-26T17:12:00+00:00
[2023-08-26T17:13:15.909+0000] {processor.py:176} INFO - Processing /home/airflow/.local/lib/python3.7/site-packages/airflow/example_dags/example_sla_dag.py took 0.092 seconds
[2023-08-26T17:13:45.997+0000] {processor.py:154} INFO - Started process (PID=1302) to work on /home/airflow/.local/lib/python3.7/site-packages/airflow/example_dags/example_sla_dag.py
[2023-08-26T17:13:45.998+0000] {processor.py:756} INFO - Processing file /home/airflow/.local/lib/python3.7/site-packages/airflow/example_dags/example_sla_dag.py for tasks to queue
[2023-08-26T17:13:45.998+0000] {logging_mixin.py:120} INFO - [2023-08-26T17:13:45.998+0000] {dagbag.py:537} INFO - Filling up the DagBag from /home/airflow/.local/lib/python3.7/site-packages/airflow/example_dags/example_sla_dag.py
[2023-08-26T17:13:46.013+0000] {processor.py:766} INFO - DAG(s) dict_keys(['example_sla_dag']) retrieved from /home/airflow/.local/lib/python3.7/site-packages/airflow/example_dags/example_sla_dag.py
[2023-08-26T17:13:46.038+0000] {logging_mixin.py:120} INFO - [2023-08-26T17:13:46.038+0000] {dag.py:2585} INFO - Sync 1 DAGs
[2023-08-26T17:13:46.054+0000] {logging_mixin.py:120} INFO - [2023-08-26T17:13:46.054+0000] {dag.py:3340} INFO - Setting next_dagrun for example_sla_dag to 2023-08-26T17:10:00+00:00, run_after=2023-08-26T17:12:00+00:00
[2023-08-26T17:13:46.065+0000] {processor.py:176} INFO - Processing /home/airflow/.local/lib/python3.7/site-packages/airflow/example_dags/example_sla_dag.py took 0.070 seconds
[2023-08-26T17:14:17.058+0000] {processor.py:154} INFO - Started process (PID=1365) to work on /home/airflow/.local/lib/python3.7/site-packages/airflow/example_dags/example_sla_dag.py
[2023-08-26T17:14:17.059+0000] {processor.py:756} INFO - Processing file /home/airflow/.local/lib/python3.7/site-packages/airflow/example_dags/example_sla_dag.py for tasks to queue
[2023-08-26T17:14:17.060+0000] {logging_mixin.py:120} INFO - [2023-08-26T17:14:17.060+0000] {dagbag.py:537} INFO - Filling up the DagBag from /home/airflow/.local/lib/python3.7/site-packages/airflow/example_dags/example_sla_dag.py
[2023-08-26T17:14:17.079+0000] {processor.py:766} INFO - DAG(s) dict_keys(['example_sla_dag']) retrieved from /home/airflow/.local/lib/python3.7/site-packages/airflow/example_dags/example_sla_dag.py
[2023-08-26T17:14:17.119+0000] {logging_mixin.py:120} INFO - [2023-08-26T17:14:17.119+0000] {dag.py:2585} INFO - Sync 1 DAGs
[2023-08-26T17:14:17.139+0000] {logging_mixin.py:120} INFO - [2023-08-26T17:14:17.139+0000] {dag.py:3340} INFO - Setting next_dagrun for example_sla_dag to 2023-08-26T17:12:00+00:00, run_after=2023-08-26T17:14:00+00:00
[2023-08-26T17:14:17.153+0000] {processor.py:176} INFO - Processing /home/airflow/.local/lib/python3.7/site-packages/airflow/example_dags/example_sla_dag.py took 0.100 seconds
[2023-08-26T17:14:47.293+0000] {processor.py:154} INFO - Started process (PID=1430) to work on /home/airflow/.local/lib/python3.7/site-packages/airflow/example_dags/example_sla_dag.py
[2023-08-26T17:14:47.294+0000] {processor.py:756} INFO - Processing file /home/airflow/.local/lib/python3.7/site-packages/airflow/example_dags/example_sla_dag.py for tasks to queue
[2023-08-26T17:14:47.295+0000] {logging_mixin.py:120} INFO - [2023-08-26T17:14:47.295+0000] {dagbag.py:537} INFO - Filling up the DagBag from /home/airflow/.local/lib/python3.7/site-packages/airflow/example_dags/example_sla_dag.py
[2023-08-26T17:14:47.310+0000] {processor.py:766} INFO - DAG(s) dict_keys(['example_sla_dag']) retrieved from /home/airflow/.local/lib/python3.7/site-packages/airflow/example_dags/example_sla_dag.py
[2023-08-26T17:14:47.339+0000] {logging_mixin.py:120} INFO - [2023-08-26T17:14:47.338+0000] {dag.py:2585} INFO - Sync 1 DAGs
[2023-08-26T17:14:47.356+0000] {logging_mixin.py:120} INFO - [2023-08-26T17:14:47.356+0000] {dag.py:3340} INFO - Setting next_dagrun for example_sla_dag to 2023-08-26T17:12:00+00:00, run_after=2023-08-26T17:14:00+00:00
[2023-08-26T17:14:47.366+0000] {processor.py:176} INFO - Processing /home/airflow/.local/lib/python3.7/site-packages/airflow/example_dags/example_sla_dag.py took 0.076 seconds
[2023-08-26T17:15:17.442+0000] {processor.py:154} INFO - Started process (PID=1493) to work on /home/airflow/.local/lib/python3.7/site-packages/airflow/example_dags/example_sla_dag.py
[2023-08-26T17:15:17.443+0000] {processor.py:756} INFO - Processing file /home/airflow/.local/lib/python3.7/site-packages/airflow/example_dags/example_sla_dag.py for tasks to queue
[2023-08-26T17:15:17.443+0000] {logging_mixin.py:120} INFO - [2023-08-26T17:15:17.443+0000] {dagbag.py:537} INFO - Filling up the DagBag from /home/airflow/.local/lib/python3.7/site-packages/airflow/example_dags/example_sla_dag.py
[2023-08-26T17:15:17.457+0000] {processor.py:766} INFO - DAG(s) dict_keys(['example_sla_dag']) retrieved from /home/airflow/.local/lib/python3.7/site-packages/airflow/example_dags/example_sla_dag.py
[2023-08-26T17:15:17.482+0000] {logging_mixin.py:120} INFO - [2023-08-26T17:15:17.482+0000] {dag.py:2585} INFO - Sync 1 DAGs
[2023-08-26T17:15:17.497+0000] {logging_mixin.py:120} INFO - [2023-08-26T17:15:17.497+0000] {dag.py:3340} INFO - Setting next_dagrun for example_sla_dag to 2023-08-26T17:12:00+00:00, run_after=2023-08-26T17:14:00+00:00
[2023-08-26T17:15:17.506+0000] {processor.py:176} INFO - Processing /home/airflow/.local/lib/python3.7/site-packages/airflow/example_dags/example_sla_dag.py took 0.066 seconds
[2023-08-26T17:15:47.606+0000] {processor.py:154} INFO - Started process (PID=1548) to work on /home/airflow/.local/lib/python3.7/site-packages/airflow/example_dags/example_sla_dag.py
[2023-08-26T17:15:47.607+0000] {processor.py:756} INFO - Processing file /home/airflow/.local/lib/python3.7/site-packages/airflow/example_dags/example_sla_dag.py for tasks to queue
[2023-08-26T17:15:47.607+0000] {logging_mixin.py:120} INFO - [2023-08-26T17:15:47.607+0000] {dagbag.py:537} INFO - Filling up the DagBag from /home/airflow/.local/lib/python3.7/site-packages/airflow/example_dags/example_sla_dag.py
[2023-08-26T17:15:47.626+0000] {processor.py:766} INFO - DAG(s) dict_keys(['example_sla_dag']) retrieved from /home/airflow/.local/lib/python3.7/site-packages/airflow/example_dags/example_sla_dag.py
[2023-08-26T17:15:47.666+0000] {logging_mixin.py:120} INFO - [2023-08-26T17:15:47.666+0000] {dag.py:2585} INFO - Sync 1 DAGs
[2023-08-26T17:15:47.684+0000] {logging_mixin.py:120} INFO - [2023-08-26T17:15:47.684+0000] {dag.py:3340} INFO - Setting next_dagrun for example_sla_dag to 2023-08-26T17:12:00+00:00, run_after=2023-08-26T17:14:00+00:00
[2023-08-26T17:15:47.696+0000] {processor.py:176} INFO - Processing /home/airflow/.local/lib/python3.7/site-packages/airflow/example_dags/example_sla_dag.py took 0.092 seconds
[2023-08-26T17:16:18.585+0000] {processor.py:154} INFO - Started process (PID=1611) to work on /home/airflow/.local/lib/python3.7/site-packages/airflow/example_dags/example_sla_dag.py
[2023-08-26T17:16:18.586+0000] {processor.py:756} INFO - Processing file /home/airflow/.local/lib/python3.7/site-packages/airflow/example_dags/example_sla_dag.py for tasks to queue
[2023-08-26T17:16:18.586+0000] {logging_mixin.py:120} INFO - [2023-08-26T17:16:18.586+0000] {dagbag.py:537} INFO - Filling up the DagBag from /home/airflow/.local/lib/python3.7/site-packages/airflow/example_dags/example_sla_dag.py
[2023-08-26T17:16:18.600+0000] {processor.py:766} INFO - DAG(s) dict_keys(['example_sla_dag']) retrieved from /home/airflow/.local/lib/python3.7/site-packages/airflow/example_dags/example_sla_dag.py
[2023-08-26T17:16:18.625+0000] {logging_mixin.py:120} INFO - [2023-08-26T17:16:18.625+0000] {dag.py:2585} INFO - Sync 1 DAGs
[2023-08-26T17:16:18.641+0000] {logging_mixin.py:120} INFO - [2023-08-26T17:16:18.641+0000] {dag.py:3340} INFO - Setting next_dagrun for example_sla_dag to 2023-08-26T17:14:00+00:00, run_after=2023-08-26T17:16:00+00:00
[2023-08-26T17:16:18.656+0000] {processor.py:176} INFO - Processing /home/airflow/.local/lib/python3.7/site-packages/airflow/example_dags/example_sla_dag.py took 0.073 seconds
[2023-08-26T17:16:49.658+0000] {processor.py:154} INFO - Started process (PID=1674) to work on /home/airflow/.local/lib/python3.7/site-packages/airflow/example_dags/example_sla_dag.py
[2023-08-26T17:16:49.659+0000] {processor.py:756} INFO - Processing file /home/airflow/.local/lib/python3.7/site-packages/airflow/example_dags/example_sla_dag.py for tasks to queue
[2023-08-26T17:16:49.659+0000] {logging_mixin.py:120} INFO - [2023-08-26T17:16:49.659+0000] {dagbag.py:537} INFO - Filling up the DagBag from /home/airflow/.local/lib/python3.7/site-packages/airflow/example_dags/example_sla_dag.py
[2023-08-26T17:16:49.674+0000] {processor.py:766} INFO - DAG(s) dict_keys(['example_sla_dag']) retrieved from /home/airflow/.local/lib/python3.7/site-packages/airflow/example_dags/example_sla_dag.py
[2023-08-26T17:16:49.702+0000] {logging_mixin.py:120} INFO - [2023-08-26T17:16:49.702+0000] {dag.py:2585} INFO - Sync 1 DAGs
[2023-08-26T17:16:49.718+0000] {logging_mixin.py:120} INFO - [2023-08-26T17:16:49.718+0000] {dag.py:3340} INFO - Setting next_dagrun for example_sla_dag to 2023-08-26T17:14:00+00:00, run_after=2023-08-26T17:16:00+00:00
[2023-08-26T17:16:49.728+0000] {processor.py:176} INFO - Processing /home/airflow/.local/lib/python3.7/site-packages/airflow/example_dags/example_sla_dag.py took 0.072 seconds
[2023-08-26T17:17:19.869+0000] {processor.py:154} INFO - Started process (PID=1738) to work on /home/airflow/.local/lib/python3.7/site-packages/airflow/example_dags/example_sla_dag.py
[2023-08-26T17:17:19.870+0000] {processor.py:756} INFO - Processing file /home/airflow/.local/lib/python3.7/site-packages/airflow/example_dags/example_sla_dag.py for tasks to queue
[2023-08-26T17:17:19.871+0000] {logging_mixin.py:120} INFO - [2023-08-26T17:17:19.870+0000] {dagbag.py:537} INFO - Filling up the DagBag from /home/airflow/.local/lib/python3.7/site-packages/airflow/example_dags/example_sla_dag.py
[2023-08-26T17:17:19.884+0000] {processor.py:766} INFO - DAG(s) dict_keys(['example_sla_dag']) retrieved from /home/airflow/.local/lib/python3.7/site-packages/airflow/example_dags/example_sla_dag.py
[2023-08-26T17:17:19.910+0000] {logging_mixin.py:120} INFO - [2023-08-26T17:17:19.910+0000] {dag.py:2585} INFO - Sync 1 DAGs
[2023-08-26T17:17:19.925+0000] {logging_mixin.py:120} INFO - [2023-08-26T17:17:19.925+0000] {dag.py:3340} INFO - Setting next_dagrun for example_sla_dag to 2023-08-26T17:14:00+00:00, run_after=2023-08-26T17:16:00+00:00
[2023-08-26T17:17:19.935+0000] {processor.py:176} INFO - Processing /home/airflow/.local/lib/python3.7/site-packages/airflow/example_dags/example_sla_dag.py took 0.067 seconds
[2023-08-26T17:17:50.885+0000] {processor.py:154} INFO - Started process (PID=1800) to work on /home/airflow/.local/lib/python3.7/site-packages/airflow/example_dags/example_sla_dag.py
[2023-08-26T17:17:50.886+0000] {processor.py:756} INFO - Processing file /home/airflow/.local/lib/python3.7/site-packages/airflow/example_dags/example_sla_dag.py for tasks to queue
[2023-08-26T17:17:50.887+0000] {logging_mixin.py:120} INFO - [2023-08-26T17:17:50.886+0000] {dagbag.py:537} INFO - Filling up the DagBag from /home/airflow/.local/lib/python3.7/site-packages/airflow/example_dags/example_sla_dag.py
[2023-08-26T17:17:50.901+0000] {processor.py:766} INFO - DAG(s) dict_keys(['example_sla_dag']) retrieved from /home/airflow/.local/lib/python3.7/site-packages/airflow/example_dags/example_sla_dag.py
[2023-08-26T17:17:50.926+0000] {logging_mixin.py:120} INFO - [2023-08-26T17:17:50.926+0000] {dag.py:2585} INFO - Sync 1 DAGs
[2023-08-26T17:17:50.941+0000] {logging_mixin.py:120} INFO - [2023-08-26T17:17:50.941+0000] {dag.py:3340} INFO - Setting next_dagrun for example_sla_dag to 2023-08-26T17:14:00+00:00, run_after=2023-08-26T17:16:00+00:00
[2023-08-26T17:17:50.953+0000] {processor.py:176} INFO - Processing /home/airflow/.local/lib/python3.7/site-packages/airflow/example_dags/example_sla_dag.py took 0.070 seconds
[2023-08-26T17:18:21.040+0000] {processor.py:154} INFO - Started process (PID=1863) to work on /home/airflow/.local/lib/python3.7/site-packages/airflow/example_dags/example_sla_dag.py
[2023-08-26T17:18:21.041+0000] {processor.py:756} INFO - Processing file /home/airflow/.local/lib/python3.7/site-packages/airflow/example_dags/example_sla_dag.py for tasks to queue
[2023-08-26T17:18:21.041+0000] {logging_mixin.py:120} INFO - [2023-08-26T17:18:21.041+0000] {dagbag.py:537} INFO - Filling up the DagBag from /home/airflow/.local/lib/python3.7/site-packages/airflow/example_dags/example_sla_dag.py
[2023-08-26T17:18:21.055+0000] {processor.py:766} INFO - DAG(s) dict_keys(['example_sla_dag']) retrieved from /home/airflow/.local/lib/python3.7/site-packages/airflow/example_dags/example_sla_dag.py
[2023-08-26T17:18:21.080+0000] {logging_mixin.py:120} INFO - [2023-08-26T17:18:21.080+0000] {dag.py:2585} INFO - Sync 1 DAGs
[2023-08-26T17:18:21.096+0000] {logging_mixin.py:120} INFO - [2023-08-26T17:18:21.096+0000] {dag.py:3340} INFO - Setting next_dagrun for example_sla_dag to 2023-08-26T17:16:00+00:00, run_after=2023-08-26T17:18:00+00:00
[2023-08-26T17:18:21.106+0000] {processor.py:176} INFO - Processing /home/airflow/.local/lib/python3.7/site-packages/airflow/example_dags/example_sla_dag.py took 0.069 seconds
[2023-08-26T17:18:51.452+0000] {processor.py:154} INFO - Started process (PID=1925) to work on /home/airflow/.local/lib/python3.7/site-packages/airflow/example_dags/example_sla_dag.py
[2023-08-26T17:18:51.453+0000] {processor.py:756} INFO - Processing file /home/airflow/.local/lib/python3.7/site-packages/airflow/example_dags/example_sla_dag.py for tasks to queue
[2023-08-26T17:18:51.454+0000] {logging_mixin.py:120} INFO - [2023-08-26T17:18:51.453+0000] {dagbag.py:537} INFO - Filling up the DagBag from /home/airflow/.local/lib/python3.7/site-packages/airflow/example_dags/example_sla_dag.py
[2023-08-26T17:18:51.470+0000] {processor.py:766} INFO - DAG(s) dict_keys(['example_sla_dag']) retrieved from /home/airflow/.local/lib/python3.7/site-packages/airflow/example_dags/example_sla_dag.py
[2023-08-26T17:18:51.502+0000] {logging_mixin.py:120} INFO - [2023-08-26T17:18:51.502+0000] {dag.py:2585} INFO - Sync 1 DAGs
[2023-08-26T17:18:51.526+0000] {logging_mixin.py:120} INFO - [2023-08-26T17:18:51.526+0000] {dag.py:3340} INFO - Setting next_dagrun for example_sla_dag to 2023-08-26T17:16:00+00:00, run_after=2023-08-26T17:18:00+00:00
[2023-08-26T17:18:51.538+0000] {processor.py:176} INFO - Processing /home/airflow/.local/lib/python3.7/site-packages/airflow/example_dags/example_sla_dag.py took 0.090 seconds
[2023-08-26T17:19:21.603+0000] {processor.py:154} INFO - Started process (PID=1979) to work on /home/airflow/.local/lib/python3.7/site-packages/airflow/example_dags/example_sla_dag.py
[2023-08-26T17:19:21.604+0000] {processor.py:756} INFO - Processing file /home/airflow/.local/lib/python3.7/site-packages/airflow/example_dags/example_sla_dag.py for tasks to queue
[2023-08-26T17:19:21.605+0000] {logging_mixin.py:120} INFO - [2023-08-26T17:19:21.604+0000] {dagbag.py:537} INFO - Filling up the DagBag from /home/airflow/.local/lib/python3.7/site-packages/airflow/example_dags/example_sla_dag.py
[2023-08-26T17:19:21.619+0000] {processor.py:766} INFO - DAG(s) dict_keys(['example_sla_dag']) retrieved from /home/airflow/.local/lib/python3.7/site-packages/airflow/example_dags/example_sla_dag.py
[2023-08-26T17:19:21.645+0000] {logging_mixin.py:120} INFO - [2023-08-26T17:19:21.645+0000] {dag.py:2585} INFO - Sync 1 DAGs
[2023-08-26T17:19:21.661+0000] {logging_mixin.py:120} INFO - [2023-08-26T17:19:21.661+0000] {dag.py:3340} INFO - Setting next_dagrun for example_sla_dag to 2023-08-26T17:16:00+00:00, run_after=2023-08-26T17:18:00+00:00
[2023-08-26T17:19:21.671+0000] {processor.py:176} INFO - Processing /home/airflow/.local/lib/python3.7/site-packages/airflow/example_dags/example_sla_dag.py took 0.070 seconds
[2023-08-26T17:19:52.667+0000] {processor.py:154} INFO - Started process (PID=2042) to work on /home/airflow/.local/lib/python3.7/site-packages/airflow/example_dags/example_sla_dag.py
[2023-08-26T17:19:52.667+0000] {processor.py:756} INFO - Processing file /home/airflow/.local/lib/python3.7/site-packages/airflow/example_dags/example_sla_dag.py for tasks to queue
[2023-08-26T17:19:52.668+0000] {logging_mixin.py:120} INFO - [2023-08-26T17:19:52.668+0000] {dagbag.py:537} INFO - Filling up the DagBag from /home/airflow/.local/lib/python3.7/site-packages/airflow/example_dags/example_sla_dag.py
[2023-08-26T17:19:52.681+0000] {processor.py:766} INFO - DAG(s) dict_keys(['example_sla_dag']) retrieved from /home/airflow/.local/lib/python3.7/site-packages/airflow/example_dags/example_sla_dag.py
[2023-08-26T17:19:52.704+0000] {logging_mixin.py:120} INFO - [2023-08-26T17:19:52.704+0000] {dag.py:2585} INFO - Sync 1 DAGs
[2023-08-26T17:19:52.718+0000] {logging_mixin.py:120} INFO - [2023-08-26T17:19:52.718+0000] {dag.py:3340} INFO - Setting next_dagrun for example_sla_dag to 2023-08-26T17:16:00+00:00, run_after=2023-08-26T17:18:00+00:00
[2023-08-26T17:19:52.732+0000] {processor.py:176} INFO - Processing /home/airflow/.local/lib/python3.7/site-packages/airflow/example_dags/example_sla_dag.py took 0.067 seconds
[2023-08-26T17:20:22.845+0000] {processor.py:154} INFO - Started process (PID=2105) to work on /home/airflow/.local/lib/python3.7/site-packages/airflow/example_dags/example_sla_dag.py
[2023-08-26T17:20:22.846+0000] {processor.py:756} INFO - Processing file /home/airflow/.local/lib/python3.7/site-packages/airflow/example_dags/example_sla_dag.py for tasks to queue
[2023-08-26T17:20:22.846+0000] {logging_mixin.py:120} INFO - [2023-08-26T17:20:22.846+0000] {dagbag.py:537} INFO - Filling up the DagBag from /home/airflow/.local/lib/python3.7/site-packages/airflow/example_dags/example_sla_dag.py
[2023-08-26T17:20:22.859+0000] {processor.py:766} INFO - DAG(s) dict_keys(['example_sla_dag']) retrieved from /home/airflow/.local/lib/python3.7/site-packages/airflow/example_dags/example_sla_dag.py
[2023-08-26T17:20:22.884+0000] {logging_mixin.py:120} INFO - [2023-08-26T17:20:22.884+0000] {dag.py:2585} INFO - Sync 1 DAGs
[2023-08-26T17:20:22.900+0000] {logging_mixin.py:120} INFO - [2023-08-26T17:20:22.900+0000] {dag.py:3340} INFO - Setting next_dagrun for example_sla_dag to 2023-08-26T17:18:00+00:00, run_after=2023-08-26T17:20:00+00:00
[2023-08-26T17:20:22.910+0000] {processor.py:176} INFO - Processing /home/airflow/.local/lib/python3.7/site-packages/airflow/example_dags/example_sla_dag.py took 0.068 seconds
[2023-08-26T17:20:53.181+0000] {processor.py:154} INFO - Started process (PID=2168) to work on /home/airflow/.local/lib/python3.7/site-packages/airflow/example_dags/example_sla_dag.py
[2023-08-26T17:20:53.182+0000] {processor.py:756} INFO - Processing file /home/airflow/.local/lib/python3.7/site-packages/airflow/example_dags/example_sla_dag.py for tasks to queue
[2023-08-26T17:20:53.182+0000] {logging_mixin.py:120} INFO - [2023-08-26T17:20:53.182+0000] {dagbag.py:537} INFO - Filling up the DagBag from /home/airflow/.local/lib/python3.7/site-packages/airflow/example_dags/example_sla_dag.py
[2023-08-26T17:20:53.195+0000] {processor.py:766} INFO - DAG(s) dict_keys(['example_sla_dag']) retrieved from /home/airflow/.local/lib/python3.7/site-packages/airflow/example_dags/example_sla_dag.py
[2023-08-26T17:20:53.222+0000] {logging_mixin.py:120} INFO - [2023-08-26T17:20:53.221+0000] {dag.py:2585} INFO - Sync 1 DAGs
[2023-08-26T17:20:53.237+0000] {logging_mixin.py:120} INFO - [2023-08-26T17:20:53.237+0000] {dag.py:3340} INFO - Setting next_dagrun for example_sla_dag to 2023-08-26T17:18:00+00:00, run_after=2023-08-26T17:20:00+00:00
[2023-08-26T17:20:53.247+0000] {processor.py:176} INFO - Processing /home/airflow/.local/lib/python3.7/site-packages/airflow/example_dags/example_sla_dag.py took 0.069 seconds
[2023-08-26T17:21:23.571+0000] {processor.py:154} INFO - Started process (PID=2231) to work on /home/airflow/.local/lib/python3.7/site-packages/airflow/example_dags/example_sla_dag.py
[2023-08-26T17:21:23.572+0000] {processor.py:756} INFO - Processing file /home/airflow/.local/lib/python3.7/site-packages/airflow/example_dags/example_sla_dag.py for tasks to queue
[2023-08-26T17:21:23.572+0000] {logging_mixin.py:120} INFO - [2023-08-26T17:21:23.572+0000] {dagbag.py:537} INFO - Filling up the DagBag from /home/airflow/.local/lib/python3.7/site-packages/airflow/example_dags/example_sla_dag.py
[2023-08-26T17:21:23.588+0000] {processor.py:766} INFO - DAG(s) dict_keys(['example_sla_dag']) retrieved from /home/airflow/.local/lib/python3.7/site-packages/airflow/example_dags/example_sla_dag.py
[2023-08-26T17:21:23.618+0000] {logging_mixin.py:120} INFO - [2023-08-26T17:21:23.618+0000] {dag.py:2585} INFO - Sync 1 DAGs
[2023-08-26T17:21:23.635+0000] {logging_mixin.py:120} INFO - [2023-08-26T17:21:23.635+0000] {dag.py:3340} INFO - Setting next_dagrun for example_sla_dag to 2023-08-26T17:18:00+00:00, run_after=2023-08-26T17:20:00+00:00
[2023-08-26T17:21:23.647+0000] {processor.py:176} INFO - Processing /home/airflow/.local/lib/python3.7/site-packages/airflow/example_dags/example_sla_dag.py took 0.079 seconds
[2023-08-26T17:21:53.845+0000] {processor.py:154} INFO - Started process (PID=2285) to work on /home/airflow/.local/lib/python3.7/site-packages/airflow/example_dags/example_sla_dag.py
[2023-08-26T17:21:53.846+0000] {processor.py:756} INFO - Processing file /home/airflow/.local/lib/python3.7/site-packages/airflow/example_dags/example_sla_dag.py for tasks to queue
[2023-08-26T17:21:53.846+0000] {logging_mixin.py:120} INFO - [2023-08-26T17:21:53.846+0000] {dagbag.py:537} INFO - Filling up the DagBag from /home/airflow/.local/lib/python3.7/site-packages/airflow/example_dags/example_sla_dag.py
[2023-08-26T17:21:53.860+0000] {processor.py:766} INFO - DAG(s) dict_keys(['example_sla_dag']) retrieved from /home/airflow/.local/lib/python3.7/site-packages/airflow/example_dags/example_sla_dag.py
[2023-08-26T17:21:53.885+0000] {logging_mixin.py:120} INFO - [2023-08-26T17:21:53.885+0000] {dag.py:2585} INFO - Sync 1 DAGs
[2023-08-26T17:21:53.901+0000] {logging_mixin.py:120} INFO - [2023-08-26T17:21:53.901+0000] {dag.py:3340} INFO - Setting next_dagrun for example_sla_dag to 2023-08-26T17:18:00+00:00, run_after=2023-08-26T17:20:00+00:00
[2023-08-26T17:21:53.911+0000] {processor.py:176} INFO - Processing /home/airflow/.local/lib/python3.7/site-packages/airflow/example_dags/example_sla_dag.py took 0.068 seconds
[2023-08-26T17:22:24.092+0000] {processor.py:154} INFO - Started process (PID=2348) to work on /home/airflow/.local/lib/python3.7/site-packages/airflow/example_dags/example_sla_dag.py
[2023-08-26T17:22:24.093+0000] {processor.py:756} INFO - Processing file /home/airflow/.local/lib/python3.7/site-packages/airflow/example_dags/example_sla_dag.py for tasks to queue
[2023-08-26T17:22:24.093+0000] {logging_mixin.py:120} INFO - [2023-08-26T17:22:24.093+0000] {dagbag.py:537} INFO - Filling up the DagBag from /home/airflow/.local/lib/python3.7/site-packages/airflow/example_dags/example_sla_dag.py
[2023-08-26T17:22:24.108+0000] {processor.py:766} INFO - DAG(s) dict_keys(['example_sla_dag']) retrieved from /home/airflow/.local/lib/python3.7/site-packages/airflow/example_dags/example_sla_dag.py
[2023-08-26T17:22:24.134+0000] {logging_mixin.py:120} INFO - [2023-08-26T17:22:24.133+0000] {dag.py:2585} INFO - Sync 1 DAGs
[2023-08-26T17:22:24.152+0000] {logging_mixin.py:120} INFO - [2023-08-26T17:22:24.152+0000] {dag.py:3340} INFO - Setting next_dagrun for example_sla_dag to 2023-08-26T17:20:00+00:00, run_after=2023-08-26T17:22:00+00:00
[2023-08-26T17:22:24.173+0000] {processor.py:176} INFO - Processing /home/airflow/.local/lib/python3.7/site-packages/airflow/example_dags/example_sla_dag.py took 0.084 seconds
[2023-08-26T17:22:55.343+0000] {processor.py:154} INFO - Started process (PID=2409) to work on /home/airflow/.local/lib/python3.7/site-packages/airflow/example_dags/example_sla_dag.py
[2023-08-26T17:22:55.344+0000] {processor.py:756} INFO - Processing file /home/airflow/.local/lib/python3.7/site-packages/airflow/example_dags/example_sla_dag.py for tasks to queue
[2023-08-26T17:22:55.345+0000] {logging_mixin.py:120} INFO - [2023-08-26T17:22:55.345+0000] {dagbag.py:537} INFO - Filling up the DagBag from /home/airflow/.local/lib/python3.7/site-packages/airflow/example_dags/example_sla_dag.py
[2023-08-26T17:22:55.364+0000] {processor.py:766} INFO - DAG(s) dict_keys(['example_sla_dag']) retrieved from /home/airflow/.local/lib/python3.7/site-packages/airflow/example_dags/example_sla_dag.py
[2023-08-26T17:22:55.397+0000] {logging_mixin.py:120} INFO - [2023-08-26T17:22:55.397+0000] {dag.py:2585} INFO - Sync 1 DAGs
[2023-08-26T17:22:55.444+0000] {logging_mixin.py:120} INFO - [2023-08-26T17:22:55.444+0000] {dag.py:3340} INFO - Setting next_dagrun for example_sla_dag to 2023-08-26T17:20:00+00:00, run_after=2023-08-26T17:22:00+00:00
[2023-08-26T17:22:55.462+0000] {processor.py:176} INFO - Processing /home/airflow/.local/lib/python3.7/site-packages/airflow/example_dags/example_sla_dag.py took 0.122 seconds
[2023-08-26T17:23:25.545+0000] {processor.py:154} INFO - Started process (PID=2472) to work on /home/airflow/.local/lib/python3.7/site-packages/airflow/example_dags/example_sla_dag.py
[2023-08-26T17:23:25.546+0000] {processor.py:756} INFO - Processing file /home/airflow/.local/lib/python3.7/site-packages/airflow/example_dags/example_sla_dag.py for tasks to queue
[2023-08-26T17:23:25.547+0000] {logging_mixin.py:120} INFO - [2023-08-26T17:23:25.547+0000] {dagbag.py:537} INFO - Filling up the DagBag from /home/airflow/.local/lib/python3.7/site-packages/airflow/example_dags/example_sla_dag.py
[2023-08-26T17:23:25.562+0000] {processor.py:766} INFO - DAG(s) dict_keys(['example_sla_dag']) retrieved from /home/airflow/.local/lib/python3.7/site-packages/airflow/example_dags/example_sla_dag.py
[2023-08-26T17:23:25.591+0000] {logging_mixin.py:120} INFO - [2023-08-26T17:23:25.591+0000] {dag.py:2585} INFO - Sync 1 DAGs
[2023-08-26T17:23:25.608+0000] {logging_mixin.py:120} INFO - [2023-08-26T17:23:25.608+0000] {dag.py:3340} INFO - Setting next_dagrun for example_sla_dag to 2023-08-26T17:20:00+00:00, run_after=2023-08-26T17:22:00+00:00
[2023-08-26T17:23:25.622+0000] {processor.py:176} INFO - Processing /home/airflow/.local/lib/python3.7/site-packages/airflow/example_dags/example_sla_dag.py took 0.080 seconds
[2023-08-26T17:23:55.840+0000] {processor.py:154} INFO - Started process (PID=2534) to work on /home/airflow/.local/lib/python3.7/site-packages/airflow/example_dags/example_sla_dag.py
[2023-08-26T17:23:55.841+0000] {processor.py:756} INFO - Processing file /home/airflow/.local/lib/python3.7/site-packages/airflow/example_dags/example_sla_dag.py for tasks to queue
[2023-08-26T17:23:55.842+0000] {logging_mixin.py:120} INFO - [2023-08-26T17:23:55.842+0000] {dagbag.py:537} INFO - Filling up the DagBag from /home/airflow/.local/lib/python3.7/site-packages/airflow/example_dags/example_sla_dag.py
[2023-08-26T17:23:55.857+0000] {processor.py:766} INFO - DAG(s) dict_keys(['example_sla_dag']) retrieved from /home/airflow/.local/lib/python3.7/site-packages/airflow/example_dags/example_sla_dag.py
[2023-08-26T17:23:55.886+0000] {logging_mixin.py:120} INFO - [2023-08-26T17:23:55.886+0000] {dag.py:2585} INFO - Sync 1 DAGs
[2023-08-26T17:23:55.904+0000] {logging_mixin.py:120} INFO - [2023-08-26T17:23:55.903+0000] {dag.py:3340} INFO - Setting next_dagrun for example_sla_dag to 2023-08-26T17:20:00+00:00, run_after=2023-08-26T17:22:00+00:00
[2023-08-26T17:23:55.914+0000] {processor.py:176} INFO - Processing /home/airflow/.local/lib/python3.7/site-packages/airflow/example_dags/example_sla_dag.py took 0.077 seconds
[2023-08-26T17:24:26.157+0000] {processor.py:154} INFO - Started process (PID=2598) to work on /home/airflow/.local/lib/python3.7/site-packages/airflow/example_dags/example_sla_dag.py
[2023-08-26T17:24:26.158+0000] {processor.py:756} INFO - Processing file /home/airflow/.local/lib/python3.7/site-packages/airflow/example_dags/example_sla_dag.py for tasks to queue
[2023-08-26T17:24:26.158+0000] {logging_mixin.py:120} INFO - [2023-08-26T17:24:26.158+0000] {dagbag.py:537} INFO - Filling up the DagBag from /home/airflow/.local/lib/python3.7/site-packages/airflow/example_dags/example_sla_dag.py
[2023-08-26T17:24:26.174+0000] {processor.py:766} INFO - DAG(s) dict_keys(['example_sla_dag']) retrieved from /home/airflow/.local/lib/python3.7/site-packages/airflow/example_dags/example_sla_dag.py
[2023-08-26T17:24:26.201+0000] {logging_mixin.py:120} INFO - [2023-08-26T17:24:26.201+0000] {dag.py:2585} INFO - Sync 1 DAGs
[2023-08-26T17:24:26.217+0000] {logging_mixin.py:120} INFO - [2023-08-26T17:24:26.217+0000] {dag.py:3340} INFO - Setting next_dagrun for example_sla_dag to 2023-08-26T17:22:00+00:00, run_after=2023-08-26T17:24:00+00:00
[2023-08-26T17:24:26.227+0000] {processor.py:176} INFO - Processing /home/airflow/.local/lib/python3.7/site-packages/airflow/example_dags/example_sla_dag.py took 0.073 seconds
[2023-08-26T17:24:57.375+0000] {processor.py:154} INFO - Started process (PID=2653) to work on /home/airflow/.local/lib/python3.7/site-packages/airflow/example_dags/example_sla_dag.py
[2023-08-26T17:24:57.377+0000] {processor.py:756} INFO - Processing file /home/airflow/.local/lib/python3.7/site-packages/airflow/example_dags/example_sla_dag.py for tasks to queue
[2023-08-26T17:24:57.380+0000] {logging_mixin.py:120} INFO - [2023-08-26T17:24:57.379+0000] {dagbag.py:537} INFO - Filling up the DagBag from /home/airflow/.local/lib/python3.7/site-packages/airflow/example_dags/example_sla_dag.py
[2023-08-26T17:24:57.411+0000] {processor.py:766} INFO - DAG(s) dict_keys(['example_sla_dag']) retrieved from /home/airflow/.local/lib/python3.7/site-packages/airflow/example_dags/example_sla_dag.py
[2023-08-26T17:24:57.456+0000] {logging_mixin.py:120} INFO - [2023-08-26T17:24:57.455+0000] {dag.py:2585} INFO - Sync 1 DAGs
[2023-08-26T17:24:57.482+0000] {logging_mixin.py:120} INFO - [2023-08-26T17:24:57.482+0000] {dag.py:3340} INFO - Setting next_dagrun for example_sla_dag to 2023-08-26T17:22:00+00:00, run_after=2023-08-26T17:24:00+00:00
[2023-08-26T17:24:57.498+0000] {processor.py:176} INFO - Processing /home/airflow/.local/lib/python3.7/site-packages/airflow/example_dags/example_sla_dag.py took 0.129 seconds
[2023-08-26T17:25:27.645+0000] {processor.py:154} INFO - Started process (PID=2717) to work on /home/airflow/.local/lib/python3.7/site-packages/airflow/example_dags/example_sla_dag.py
[2023-08-26T17:25:27.646+0000] {processor.py:756} INFO - Processing file /home/airflow/.local/lib/python3.7/site-packages/airflow/example_dags/example_sla_dag.py for tasks to queue
[2023-08-26T17:25:27.647+0000] {logging_mixin.py:120} INFO - [2023-08-26T17:25:27.647+0000] {dagbag.py:537} INFO - Filling up the DagBag from /home/airflow/.local/lib/python3.7/site-packages/airflow/example_dags/example_sla_dag.py
[2023-08-26T17:25:27.661+0000] {processor.py:766} INFO - DAG(s) dict_keys(['example_sla_dag']) retrieved from /home/airflow/.local/lib/python3.7/site-packages/airflow/example_dags/example_sla_dag.py
[2023-08-26T17:25:27.690+0000] {logging_mixin.py:120} INFO - [2023-08-26T17:25:27.690+0000] {dag.py:2585} INFO - Sync 1 DAGs
[2023-08-26T17:25:27.707+0000] {logging_mixin.py:120} INFO - [2023-08-26T17:25:27.707+0000] {dag.py:3340} INFO - Setting next_dagrun for example_sla_dag to 2023-08-26T17:22:00+00:00, run_after=2023-08-26T17:24:00+00:00
[2023-08-26T17:25:27.718+0000] {processor.py:176} INFO - Processing /home/airflow/.local/lib/python3.7/site-packages/airflow/example_dags/example_sla_dag.py took 0.075 seconds
[2023-08-26T17:25:57.865+0000] {processor.py:154} INFO - Started process (PID=2779) to work on /home/airflow/.local/lib/python3.7/site-packages/airflow/example_dags/example_sla_dag.py
[2023-08-26T17:25:57.865+0000] {processor.py:756} INFO - Processing file /home/airflow/.local/lib/python3.7/site-packages/airflow/example_dags/example_sla_dag.py for tasks to queue
[2023-08-26T17:25:57.866+0000] {logging_mixin.py:120} INFO - [2023-08-26T17:25:57.866+0000] {dagbag.py:537} INFO - Filling up the DagBag from /home/airflow/.local/lib/python3.7/site-packages/airflow/example_dags/example_sla_dag.py
[2023-08-26T17:25:57.878+0000] {processor.py:766} INFO - DAG(s) dict_keys(['example_sla_dag']) retrieved from /home/airflow/.local/lib/python3.7/site-packages/airflow/example_dags/example_sla_dag.py
[2023-08-26T17:25:57.902+0000] {logging_mixin.py:120} INFO - [2023-08-26T17:25:57.902+0000] {dag.py:2585} INFO - Sync 1 DAGs
[2023-08-26T17:25:57.916+0000] {logging_mixin.py:120} INFO - [2023-08-26T17:25:57.916+0000] {dag.py:3340} INFO - Setting next_dagrun for example_sla_dag to 2023-08-26T17:22:00+00:00, run_after=2023-08-26T17:24:00+00:00
[2023-08-26T17:25:57.926+0000] {processor.py:176} INFO - Processing /home/airflow/.local/lib/python3.7/site-packages/airflow/example_dags/example_sla_dag.py took 0.063 seconds
[2023-08-26T17:26:28.918+0000] {processor.py:154} INFO - Started process (PID=2842) to work on /home/airflow/.local/lib/python3.7/site-packages/airflow/example_dags/example_sla_dag.py
[2023-08-26T17:26:28.919+0000] {processor.py:756} INFO - Processing file /home/airflow/.local/lib/python3.7/site-packages/airflow/example_dags/example_sla_dag.py for tasks to queue
[2023-08-26T17:26:28.920+0000] {logging_mixin.py:120} INFO - [2023-08-26T17:26:28.919+0000] {dagbag.py:537} INFO - Filling up the DagBag from /home/airflow/.local/lib/python3.7/site-packages/airflow/example_dags/example_sla_dag.py
[2023-08-26T17:26:28.933+0000] {processor.py:766} INFO - DAG(s) dict_keys(['example_sla_dag']) retrieved from /home/airflow/.local/lib/python3.7/site-packages/airflow/example_dags/example_sla_dag.py
[2023-08-26T17:26:28.957+0000] {logging_mixin.py:120} INFO - [2023-08-26T17:26:28.957+0000] {dag.py:2585} INFO - Sync 1 DAGs
[2023-08-26T17:26:28.973+0000] {logging_mixin.py:120} INFO - [2023-08-26T17:26:28.973+0000] {dag.py:3340} INFO - Setting next_dagrun for example_sla_dag to 2023-08-26T17:24:00+00:00, run_after=2023-08-26T17:26:00+00:00
[2023-08-26T17:26:28.983+0000] {processor.py:176} INFO - Processing /home/airflow/.local/lib/python3.7/site-packages/airflow/example_dags/example_sla_dag.py took 0.066 seconds
[2023-08-26T17:26:59.846+0000] {processor.py:154} INFO - Started process (PID=2904) to work on /home/airflow/.local/lib/python3.7/site-packages/airflow/example_dags/example_sla_dag.py
[2023-08-26T17:26:59.846+0000] {processor.py:756} INFO - Processing file /home/airflow/.local/lib/python3.7/site-packages/airflow/example_dags/example_sla_dag.py for tasks to queue
[2023-08-26T17:26:59.847+0000] {logging_mixin.py:120} INFO - [2023-08-26T17:26:59.847+0000] {dagbag.py:537} INFO - Filling up the DagBag from /home/airflow/.local/lib/python3.7/site-packages/airflow/example_dags/example_sla_dag.py
[2023-08-26T17:26:59.860+0000] {processor.py:766} INFO - DAG(s) dict_keys(['example_sla_dag']) retrieved from /home/airflow/.local/lib/python3.7/site-packages/airflow/example_dags/example_sla_dag.py
[2023-08-26T17:26:59.886+0000] {logging_mixin.py:120} INFO - [2023-08-26T17:26:59.886+0000] {dag.py:2585} INFO - Sync 1 DAGs
[2023-08-26T17:26:59.900+0000] {logging_mixin.py:120} INFO - [2023-08-26T17:26:59.900+0000] {dag.py:3340} INFO - Setting next_dagrun for example_sla_dag to 2023-08-26T17:24:00+00:00, run_after=2023-08-26T17:26:00+00:00
[2023-08-26T17:26:59.909+0000] {processor.py:176} INFO - Processing /home/airflow/.local/lib/python3.7/site-packages/airflow/example_dags/example_sla_dag.py took 0.065 seconds
[2023-08-26T17:27:30.921+0000] {processor.py:154} INFO - Started process (PID=2966) to work on /home/airflow/.local/lib/python3.7/site-packages/airflow/example_dags/example_sla_dag.py
[2023-08-26T17:27:30.921+0000] {processor.py:756} INFO - Processing file /home/airflow/.local/lib/python3.7/site-packages/airflow/example_dags/example_sla_dag.py for tasks to queue
[2023-08-26T17:27:30.922+0000] {logging_mixin.py:120} INFO - [2023-08-26T17:27:30.922+0000] {dagbag.py:537} INFO - Filling up the DagBag from /home/airflow/.local/lib/python3.7/site-packages/airflow/example_dags/example_sla_dag.py
[2023-08-26T17:27:30.934+0000] {processor.py:766} INFO - DAG(s) dict_keys(['example_sla_dag']) retrieved from /home/airflow/.local/lib/python3.7/site-packages/airflow/example_dags/example_sla_dag.py
[2023-08-26T17:27:30.959+0000] {logging_mixin.py:120} INFO - [2023-08-26T17:27:30.959+0000] {dag.py:2585} INFO - Sync 1 DAGs
[2023-08-26T17:27:30.974+0000] {logging_mixin.py:120} INFO - [2023-08-26T17:27:30.974+0000] {dag.py:3340} INFO - Setting next_dagrun for example_sla_dag to 2023-08-26T17:24:00+00:00, run_after=2023-08-26T17:26:00+00:00
[2023-08-26T17:27:30.985+0000] {processor.py:176} INFO - Processing /home/airflow/.local/lib/python3.7/site-packages/airflow/example_dags/example_sla_dag.py took 0.066 seconds
[2023-08-26T17:28:01.122+0000] {processor.py:154} INFO - Started process (PID=3028) to work on /home/airflow/.local/lib/python3.7/site-packages/airflow/example_dags/example_sla_dag.py
[2023-08-26T17:28:01.123+0000] {processor.py:756} INFO - Processing file /home/airflow/.local/lib/python3.7/site-packages/airflow/example_dags/example_sla_dag.py for tasks to queue
[2023-08-26T17:28:01.124+0000] {logging_mixin.py:120} INFO - [2023-08-26T17:28:01.124+0000] {dagbag.py:537} INFO - Filling up the DagBag from /home/airflow/.local/lib/python3.7/site-packages/airflow/example_dags/example_sla_dag.py
[2023-08-26T17:28:01.142+0000] {processor.py:766} INFO - DAG(s) dict_keys(['example_sla_dag']) retrieved from /home/airflow/.local/lib/python3.7/site-packages/airflow/example_dags/example_sla_dag.py
[2023-08-26T17:28:01.171+0000] {logging_mixin.py:120} INFO - [2023-08-26T17:28:01.170+0000] {dag.py:2585} INFO - Sync 1 DAGs
[2023-08-26T17:28:01.189+0000] {logging_mixin.py:120} INFO - [2023-08-26T17:28:01.189+0000] {dag.py:3340} INFO - Setting next_dagrun for example_sla_dag to 2023-08-26T17:26:00+00:00, run_after=2023-08-26T17:28:00+00:00
[2023-08-26T17:28:01.202+0000] {processor.py:176} INFO - Processing /home/airflow/.local/lib/python3.7/site-packages/airflow/example_dags/example_sla_dag.py took 0.086 seconds
[2023-08-26T17:28:32.220+0000] {processor.py:154} INFO - Started process (PID=3082) to work on /home/airflow/.local/lib/python3.7/site-packages/airflow/example_dags/example_sla_dag.py
[2023-08-26T17:28:32.220+0000] {processor.py:756} INFO - Processing file /home/airflow/.local/lib/python3.7/site-packages/airflow/example_dags/example_sla_dag.py for tasks to queue
[2023-08-26T17:28:32.221+0000] {logging_mixin.py:120} INFO - [2023-08-26T17:28:32.221+0000] {dagbag.py:537} INFO - Filling up the DagBag from /home/airflow/.local/lib/python3.7/site-packages/airflow/example_dags/example_sla_dag.py
[2023-08-26T17:28:32.236+0000] {processor.py:766} INFO - DAG(s) dict_keys(['example_sla_dag']) retrieved from /home/airflow/.local/lib/python3.7/site-packages/airflow/example_dags/example_sla_dag.py
[2023-08-26T17:28:32.272+0000] {logging_mixin.py:120} INFO - [2023-08-26T17:28:32.272+0000] {dag.py:2585} INFO - Sync 1 DAGs
[2023-08-26T17:28:32.292+0000] {logging_mixin.py:120} INFO - [2023-08-26T17:28:32.292+0000] {dag.py:3340} INFO - Setting next_dagrun for example_sla_dag to 2023-08-26T17:26:00+00:00, run_after=2023-08-26T17:28:00+00:00
[2023-08-26T17:28:32.312+0000] {processor.py:176} INFO - Processing /home/airflow/.local/lib/python3.7/site-packages/airflow/example_dags/example_sla_dag.py took 0.094 seconds
[2023-08-26T17:29:02.540+0000] {processor.py:154} INFO - Started process (PID=3144) to work on /home/airflow/.local/lib/python3.7/site-packages/airflow/example_dags/example_sla_dag.py
[2023-08-26T17:29:02.540+0000] {processor.py:756} INFO - Processing file /home/airflow/.local/lib/python3.7/site-packages/airflow/example_dags/example_sla_dag.py for tasks to queue
[2023-08-26T17:29:02.541+0000] {logging_mixin.py:120} INFO - [2023-08-26T17:29:02.541+0000] {dagbag.py:537} INFO - Filling up the DagBag from /home/airflow/.local/lib/python3.7/site-packages/airflow/example_dags/example_sla_dag.py
[2023-08-26T17:29:02.554+0000] {processor.py:766} INFO - DAG(s) dict_keys(['example_sla_dag']) retrieved from /home/airflow/.local/lib/python3.7/site-packages/airflow/example_dags/example_sla_dag.py
[2023-08-26T17:29:02.579+0000] {logging_mixin.py:120} INFO - [2023-08-26T17:29:02.579+0000] {dag.py:2585} INFO - Sync 1 DAGs
[2023-08-26T17:29:02.594+0000] {logging_mixin.py:120} INFO - [2023-08-26T17:29:02.594+0000] {dag.py:3340} INFO - Setting next_dagrun for example_sla_dag to 2023-08-26T17:26:00+00:00, run_after=2023-08-26T17:28:00+00:00
[2023-08-26T17:29:02.604+0000] {processor.py:176} INFO - Processing /home/airflow/.local/lib/python3.7/site-packages/airflow/example_dags/example_sla_dag.py took 0.066 seconds
[2023-08-26T17:29:32.660+0000] {processor.py:154} INFO - Started process (PID=3207) to work on /home/airflow/.local/lib/python3.7/site-packages/airflow/example_dags/example_sla_dag.py
[2023-08-26T17:29:32.662+0000] {processor.py:756} INFO - Processing file /home/airflow/.local/lib/python3.7/site-packages/airflow/example_dags/example_sla_dag.py for tasks to queue
[2023-08-26T17:29:32.663+0000] {logging_mixin.py:120} INFO - [2023-08-26T17:29:32.663+0000] {dagbag.py:537} INFO - Filling up the DagBag from /home/airflow/.local/lib/python3.7/site-packages/airflow/example_dags/example_sla_dag.py
[2023-08-26T17:29:32.678+0000] {processor.py:766} INFO - DAG(s) dict_keys(['example_sla_dag']) retrieved from /home/airflow/.local/lib/python3.7/site-packages/airflow/example_dags/example_sla_dag.py
[2023-08-26T17:29:32.707+0000] {logging_mixin.py:120} INFO - [2023-08-26T17:29:32.707+0000] {dag.py:2585} INFO - Sync 1 DAGs
[2023-08-26T17:29:32.725+0000] {logging_mixin.py:120} INFO - [2023-08-26T17:29:32.724+0000] {dag.py:3340} INFO - Setting next_dagrun for example_sla_dag to 2023-08-26T17:26:00+00:00, run_after=2023-08-26T17:28:00+00:00
[2023-08-26T17:29:32.738+0000] {processor.py:176} INFO - Processing /home/airflow/.local/lib/python3.7/site-packages/airflow/example_dags/example_sla_dag.py took 0.080 seconds
[2023-08-26T17:30:03.025+0000] {processor.py:154} INFO - Started process (PID=3269) to work on /home/airflow/.local/lib/python3.7/site-packages/airflow/example_dags/example_sla_dag.py
[2023-08-26T17:30:03.026+0000] {processor.py:756} INFO - Processing file /home/airflow/.local/lib/python3.7/site-packages/airflow/example_dags/example_sla_dag.py for tasks to queue
[2023-08-26T17:30:03.026+0000] {logging_mixin.py:120} INFO - [2023-08-26T17:30:03.026+0000] {dagbag.py:537} INFO - Filling up the DagBag from /home/airflow/.local/lib/python3.7/site-packages/airflow/example_dags/example_sla_dag.py
[2023-08-26T17:30:03.045+0000] {processor.py:766} INFO - DAG(s) dict_keys(['example_sla_dag']) retrieved from /home/airflow/.local/lib/python3.7/site-packages/airflow/example_dags/example_sla_dag.py
[2023-08-26T17:30:03.075+0000] {logging_mixin.py:120} INFO - [2023-08-26T17:30:03.075+0000] {dag.py:2585} INFO - Sync 1 DAGs
[2023-08-26T17:30:03.092+0000] {logging_mixin.py:120} INFO - [2023-08-26T17:30:03.091+0000] {dag.py:3340} INFO - Setting next_dagrun for example_sla_dag to 2023-08-26T17:28:00+00:00, run_after=2023-08-26T17:30:00+00:00
[2023-08-26T17:30:03.102+0000] {processor.py:176} INFO - Processing /home/airflow/.local/lib/python3.7/site-packages/airflow/example_dags/example_sla_dag.py took 0.080 seconds
[2023-08-26T17:30:33.172+0000] {processor.py:154} INFO - Started process (PID=3333) to work on /home/airflow/.local/lib/python3.7/site-packages/airflow/example_dags/example_sla_dag.py
[2023-08-26T17:30:33.173+0000] {processor.py:756} INFO - Processing file /home/airflow/.local/lib/python3.7/site-packages/airflow/example_dags/example_sla_dag.py for tasks to queue
[2023-08-26T17:30:33.173+0000] {logging_mixin.py:120} INFO - [2023-08-26T17:30:33.173+0000] {dagbag.py:537} INFO - Filling up the DagBag from /home/airflow/.local/lib/python3.7/site-packages/airflow/example_dags/example_sla_dag.py
[2023-08-26T17:30:33.187+0000] {processor.py:766} INFO - DAG(s) dict_keys(['example_sla_dag']) retrieved from /home/airflow/.local/lib/python3.7/site-packages/airflow/example_dags/example_sla_dag.py
[2023-08-26T17:30:33.211+0000] {logging_mixin.py:120} INFO - [2023-08-26T17:30:33.211+0000] {dag.py:2585} INFO - Sync 1 DAGs
[2023-08-26T17:30:33.227+0000] {logging_mixin.py:120} INFO - [2023-08-26T17:30:33.227+0000] {dag.py:3340} INFO - Setting next_dagrun for example_sla_dag to 2023-08-26T17:28:00+00:00, run_after=2023-08-26T17:30:00+00:00
[2023-08-26T17:30:33.237+0000] {processor.py:176} INFO - Processing /home/airflow/.local/lib/python3.7/site-packages/airflow/example_dags/example_sla_dag.py took 0.067 seconds
[2023-08-26T17:31:03.288+0000] {processor.py:154} INFO - Started process (PID=3387) to work on /home/airflow/.local/lib/python3.7/site-packages/airflow/example_dags/example_sla_dag.py
[2023-08-26T17:31:03.289+0000] {processor.py:756} INFO - Processing file /home/airflow/.local/lib/python3.7/site-packages/airflow/example_dags/example_sla_dag.py for tasks to queue
[2023-08-26T17:31:03.289+0000] {logging_mixin.py:120} INFO - [2023-08-26T17:31:03.289+0000] {dagbag.py:537} INFO - Filling up the DagBag from /home/airflow/.local/lib/python3.7/site-packages/airflow/example_dags/example_sla_dag.py
[2023-08-26T17:31:03.301+0000] {processor.py:766} INFO - DAG(s) dict_keys(['example_sla_dag']) retrieved from /home/airflow/.local/lib/python3.7/site-packages/airflow/example_dags/example_sla_dag.py
[2023-08-26T17:31:03.326+0000] {logging_mixin.py:120} INFO - [2023-08-26T17:31:03.326+0000] {dag.py:2585} INFO - Sync 1 DAGs
[2023-08-26T17:31:03.345+0000] {logging_mixin.py:120} INFO - [2023-08-26T17:31:03.345+0000] {dag.py:3340} INFO - Setting next_dagrun for example_sla_dag to 2023-08-26T17:28:00+00:00, run_after=2023-08-26T17:30:00+00:00
[2023-08-26T17:31:03.355+0000] {processor.py:176} INFO - Processing /home/airflow/.local/lib/python3.7/site-packages/airflow/example_dags/example_sla_dag.py took 0.069 seconds
[2023-08-26T17:31:33.514+0000] {processor.py:154} INFO - Started process (PID=3450) to work on /home/airflow/.local/lib/python3.7/site-packages/airflow/example_dags/example_sla_dag.py
[2023-08-26T17:31:33.515+0000] {processor.py:756} INFO - Processing file /home/airflow/.local/lib/python3.7/site-packages/airflow/example_dags/example_sla_dag.py for tasks to queue
[2023-08-26T17:31:33.515+0000] {logging_mixin.py:120} INFO - [2023-08-26T17:31:33.515+0000] {dagbag.py:537} INFO - Filling up the DagBag from /home/airflow/.local/lib/python3.7/site-packages/airflow/example_dags/example_sla_dag.py
[2023-08-26T17:31:33.527+0000] {processor.py:766} INFO - DAG(s) dict_keys(['example_sla_dag']) retrieved from /home/airflow/.local/lib/python3.7/site-packages/airflow/example_dags/example_sla_dag.py
[2023-08-26T17:31:33.557+0000] {logging_mixin.py:120} INFO - [2023-08-26T17:31:33.556+0000] {dag.py:2585} INFO - Sync 1 DAGs
[2023-08-26T17:31:33.575+0000] {logging_mixin.py:120} INFO - [2023-08-26T17:31:33.575+0000] {dag.py:3340} INFO - Setting next_dagrun for example_sla_dag to 2023-08-26T17:28:00+00:00, run_after=2023-08-26T17:30:00+00:00
[2023-08-26T17:31:33.587+0000] {processor.py:176} INFO - Processing /home/airflow/.local/lib/python3.7/site-packages/airflow/example_dags/example_sla_dag.py took 0.075 seconds
