[2023-08-26T17:03:32.961+0000] {processor.py:154} INFO - Started process (PID=55) to work on /home/airflow/.local/lib/python3.7/site-packages/airflow/example_dags/example_short_circuit_decorator.py
[2023-08-26T17:03:32.969+0000] {processor.py:756} INFO - Processing file /home/airflow/.local/lib/python3.7/site-packages/airflow/example_dags/example_short_circuit_decorator.py for tasks to queue
[2023-08-26T17:03:32.973+0000] {logging_mixin.py:120} INFO - [2023-08-26T17:03:32.973+0000] {dagbag.py:537} INFO - Filling up the DagBag from /home/airflow/.local/lib/python3.7/site-packages/airflow/example_dags/example_short_circuit_decorator.py
[2023-08-26T17:03:33.019+0000] {processor.py:766} INFO - DAG(s) dict_keys(['example_short_circuit_decorator']) retrieved from /home/airflow/.local/lib/python3.7/site-packages/airflow/example_dags/example_short_circuit_decorator.py
[2023-08-26T17:03:33.194+0000] {logging_mixin.py:120} INFO - [2023-08-26T17:03:33.193+0000] {manager.py:507} INFO - Created Permission View: can edit on DAG:example_short_circuit_decorator
[2023-08-26T17:03:33.200+0000] {logging_mixin.py:120} INFO - [2023-08-26T17:03:33.200+0000] {manager.py:507} INFO - Created Permission View: can read on DAG:example_short_circuit_decorator
[2023-08-26T17:03:33.204+0000] {logging_mixin.py:120} INFO - [2023-08-26T17:03:33.204+0000] {manager.py:507} INFO - Created Permission View: can delete on DAG:example_short_circuit_decorator
[2023-08-26T17:03:33.205+0000] {logging_mixin.py:120} INFO - [2023-08-26T17:03:33.205+0000] {dag.py:2585} INFO - Sync 1 DAGs
[2023-08-26T17:03:33.217+0000] {logging_mixin.py:120} INFO - [2023-08-26T17:03:33.217+0000] {dag.py:2606} INFO - Creating ORM DAG for example_short_circuit_decorator
[2023-08-26T17:03:33.232+0000] {logging_mixin.py:120} INFO - [2023-08-26T17:03:33.232+0000] {dag.py:3340} INFO - Setting next_dagrun for example_short_circuit_decorator to 2023-08-25T17:03:33.232053+00:00, run_after=2023-08-26T17:03:33.232053+00:00
[2023-08-26T17:03:33.254+0000] {processor.py:176} INFO - Processing /home/airflow/.local/lib/python3.7/site-packages/airflow/example_dags/example_short_circuit_decorator.py took 0.297 seconds
[2023-08-26T17:04:03.913+0000] {processor.py:154} INFO - Started process (PID=117) to work on /home/airflow/.local/lib/python3.7/site-packages/airflow/example_dags/example_short_circuit_decorator.py
[2023-08-26T17:04:03.914+0000] {processor.py:756} INFO - Processing file /home/airflow/.local/lib/python3.7/site-packages/airflow/example_dags/example_short_circuit_decorator.py for tasks to queue
[2023-08-26T17:04:03.914+0000] {logging_mixin.py:120} INFO - [2023-08-26T17:04:03.914+0000] {dagbag.py:537} INFO - Filling up the DagBag from /home/airflow/.local/lib/python3.7/site-packages/airflow/example_dags/example_short_circuit_decorator.py
[2023-08-26T17:04:03.931+0000] {processor.py:766} INFO - DAG(s) dict_keys(['example_short_circuit_decorator']) retrieved from /home/airflow/.local/lib/python3.7/site-packages/airflow/example_dags/example_short_circuit_decorator.py
[2023-08-26T17:04:03.956+0000] {logging_mixin.py:120} INFO - [2023-08-26T17:04:03.956+0000] {dag.py:2585} INFO - Sync 1 DAGs
[2023-08-26T17:04:03.973+0000] {logging_mixin.py:120} INFO - [2023-08-26T17:04:03.973+0000] {dag.py:3340} INFO - Setting next_dagrun for example_short_circuit_decorator to 2023-08-25T17:04:03.972917+00:00, run_after=2023-08-26T17:04:03.972917+00:00
[2023-08-26T17:04:03.985+0000] {processor.py:176} INFO - Processing /home/airflow/.local/lib/python3.7/site-packages/airflow/example_dags/example_short_circuit_decorator.py took 0.074 seconds
[2023-08-26T17:04:34.170+0000] {processor.py:154} INFO - Started process (PID=181) to work on /home/airflow/.local/lib/python3.7/site-packages/airflow/example_dags/example_short_circuit_decorator.py
[2023-08-26T17:04:34.170+0000] {processor.py:756} INFO - Processing file /home/airflow/.local/lib/python3.7/site-packages/airflow/example_dags/example_short_circuit_decorator.py for tasks to queue
[2023-08-26T17:04:34.171+0000] {logging_mixin.py:120} INFO - [2023-08-26T17:04:34.171+0000] {dagbag.py:537} INFO - Filling up the DagBag from /home/airflow/.local/lib/python3.7/site-packages/airflow/example_dags/example_short_circuit_decorator.py
[2023-08-26T17:04:34.185+0000] {processor.py:766} INFO - DAG(s) dict_keys(['example_short_circuit_decorator']) retrieved from /home/airflow/.local/lib/python3.7/site-packages/airflow/example_dags/example_short_circuit_decorator.py
[2023-08-26T17:04:34.210+0000] {logging_mixin.py:120} INFO - [2023-08-26T17:04:34.210+0000] {dag.py:2585} INFO - Sync 1 DAGs
[2023-08-26T17:04:34.224+0000] {logging_mixin.py:120} INFO - [2023-08-26T17:04:34.224+0000] {dag.py:3340} INFO - Setting next_dagrun for example_short_circuit_decorator to 2023-08-25T17:04:34.223931+00:00, run_after=2023-08-26T17:04:34.223931+00:00
[2023-08-26T17:04:34.234+0000] {processor.py:176} INFO - Processing /home/airflow/.local/lib/python3.7/site-packages/airflow/example_dags/example_short_circuit_decorator.py took 0.066 seconds
[2023-08-26T17:05:05.104+0000] {processor.py:154} INFO - Started process (PID=244) to work on /home/airflow/.local/lib/python3.7/site-packages/airflow/example_dags/example_short_circuit_decorator.py
[2023-08-26T17:05:05.105+0000] {processor.py:756} INFO - Processing file /home/airflow/.local/lib/python3.7/site-packages/airflow/example_dags/example_short_circuit_decorator.py for tasks to queue
[2023-08-26T17:05:05.106+0000] {logging_mixin.py:120} INFO - [2023-08-26T17:05:05.106+0000] {dagbag.py:537} INFO - Filling up the DagBag from /home/airflow/.local/lib/python3.7/site-packages/airflow/example_dags/example_short_circuit_decorator.py
[2023-08-26T17:05:05.123+0000] {processor.py:766} INFO - DAG(s) dict_keys(['example_short_circuit_decorator']) retrieved from /home/airflow/.local/lib/python3.7/site-packages/airflow/example_dags/example_short_circuit_decorator.py
[2023-08-26T17:05:05.153+0000] {logging_mixin.py:120} INFO - [2023-08-26T17:05:05.153+0000] {dag.py:2585} INFO - Sync 1 DAGs
[2023-08-26T17:05:05.169+0000] {logging_mixin.py:120} INFO - [2023-08-26T17:05:05.169+0000] {dag.py:3340} INFO - Setting next_dagrun for example_short_circuit_decorator to 2023-08-25T17:05:05.169112+00:00, run_after=2023-08-26T17:05:05.169112+00:00
[2023-08-26T17:05:05.182+0000] {processor.py:176} INFO - Processing /home/airflow/.local/lib/python3.7/site-packages/airflow/example_dags/example_short_circuit_decorator.py took 0.080 seconds
[2023-08-26T17:05:35.277+0000] {processor.py:154} INFO - Started process (PID=308) to work on /home/airflow/.local/lib/python3.7/site-packages/airflow/example_dags/example_short_circuit_decorator.py
[2023-08-26T17:05:35.278+0000] {processor.py:756} INFO - Processing file /home/airflow/.local/lib/python3.7/site-packages/airflow/example_dags/example_short_circuit_decorator.py for tasks to queue
[2023-08-26T17:05:35.278+0000] {logging_mixin.py:120} INFO - [2023-08-26T17:05:35.278+0000] {dagbag.py:537} INFO - Filling up the DagBag from /home/airflow/.local/lib/python3.7/site-packages/airflow/example_dags/example_short_circuit_decorator.py
[2023-08-26T17:05:35.293+0000] {processor.py:766} INFO - DAG(s) dict_keys(['example_short_circuit_decorator']) retrieved from /home/airflow/.local/lib/python3.7/site-packages/airflow/example_dags/example_short_circuit_decorator.py
[2023-08-26T17:05:35.318+0000] {logging_mixin.py:120} INFO - [2023-08-26T17:05:35.318+0000] {dag.py:2585} INFO - Sync 1 DAGs
[2023-08-26T17:05:35.332+0000] {logging_mixin.py:120} INFO - [2023-08-26T17:05:35.332+0000] {dag.py:3340} INFO - Setting next_dagrun for example_short_circuit_decorator to 2023-08-25T17:05:35.331999+00:00, run_after=2023-08-26T17:05:35.331999+00:00
[2023-08-26T17:05:35.343+0000] {processor.py:176} INFO - Processing /home/airflow/.local/lib/python3.7/site-packages/airflow/example_dags/example_short_circuit_decorator.py took 0.068 seconds
[2023-08-26T17:06:05.375+0000] {processor.py:154} INFO - Started process (PID=362) to work on /home/airflow/.local/lib/python3.7/site-packages/airflow/example_dags/example_short_circuit_decorator.py
[2023-08-26T17:06:05.376+0000] {processor.py:756} INFO - Processing file /home/airflow/.local/lib/python3.7/site-packages/airflow/example_dags/example_short_circuit_decorator.py for tasks to queue
[2023-08-26T17:06:05.377+0000] {logging_mixin.py:120} INFO - [2023-08-26T17:06:05.376+0000] {dagbag.py:537} INFO - Filling up the DagBag from /home/airflow/.local/lib/python3.7/site-packages/airflow/example_dags/example_short_circuit_decorator.py
[2023-08-26T17:06:05.390+0000] {processor.py:766} INFO - DAG(s) dict_keys(['example_short_circuit_decorator']) retrieved from /home/airflow/.local/lib/python3.7/site-packages/airflow/example_dags/example_short_circuit_decorator.py
[2023-08-26T17:06:05.414+0000] {logging_mixin.py:120} INFO - [2023-08-26T17:06:05.413+0000] {dag.py:2585} INFO - Sync 1 DAGs
[2023-08-26T17:06:05.427+0000] {logging_mixin.py:120} INFO - [2023-08-26T17:06:05.427+0000] {dag.py:3340} INFO - Setting next_dagrun for example_short_circuit_decorator to 2023-08-25T17:06:05.427237+00:00, run_after=2023-08-26T17:06:05.427237+00:00
[2023-08-26T17:06:05.437+0000] {processor.py:176} INFO - Processing /home/airflow/.local/lib/python3.7/site-packages/airflow/example_dags/example_short_circuit_decorator.py took 0.063 seconds
[2023-08-26T17:06:36.302+0000] {processor.py:154} INFO - Started process (PID=425) to work on /home/airflow/.local/lib/python3.7/site-packages/airflow/example_dags/example_short_circuit_decorator.py
[2023-08-26T17:06:36.303+0000] {processor.py:756} INFO - Processing file /home/airflow/.local/lib/python3.7/site-packages/airflow/example_dags/example_short_circuit_decorator.py for tasks to queue
[2023-08-26T17:06:36.303+0000] {logging_mixin.py:120} INFO - [2023-08-26T17:06:36.303+0000] {dagbag.py:537} INFO - Filling up the DagBag from /home/airflow/.local/lib/python3.7/site-packages/airflow/example_dags/example_short_circuit_decorator.py
[2023-08-26T17:06:36.318+0000] {processor.py:766} INFO - DAG(s) dict_keys(['example_short_circuit_decorator']) retrieved from /home/airflow/.local/lib/python3.7/site-packages/airflow/example_dags/example_short_circuit_decorator.py
[2023-08-26T17:06:36.344+0000] {logging_mixin.py:120} INFO - [2023-08-26T17:06:36.344+0000] {dag.py:2585} INFO - Sync 1 DAGs
[2023-08-26T17:06:36.358+0000] {logging_mixin.py:120} INFO - [2023-08-26T17:06:36.358+0000] {dag.py:3340} INFO - Setting next_dagrun for example_short_circuit_decorator to 2023-08-25T17:06:36.358505+00:00, run_after=2023-08-26T17:06:36.358505+00:00
[2023-08-26T17:06:36.369+0000] {processor.py:176} INFO - Processing /home/airflow/.local/lib/python3.7/site-packages/airflow/example_dags/example_short_circuit_decorator.py took 0.069 seconds
[2023-08-26T17:07:07.240+0000] {processor.py:154} INFO - Started process (PID=487) to work on /home/airflow/.local/lib/python3.7/site-packages/airflow/example_dags/example_short_circuit_decorator.py
[2023-08-26T17:07:07.240+0000] {processor.py:756} INFO - Processing file /home/airflow/.local/lib/python3.7/site-packages/airflow/example_dags/example_short_circuit_decorator.py for tasks to queue
[2023-08-26T17:07:07.241+0000] {logging_mixin.py:120} INFO - [2023-08-26T17:07:07.241+0000] {dagbag.py:537} INFO - Filling up the DagBag from /home/airflow/.local/lib/python3.7/site-packages/airflow/example_dags/example_short_circuit_decorator.py
[2023-08-26T17:07:07.255+0000] {processor.py:766} INFO - DAG(s) dict_keys(['example_short_circuit_decorator']) retrieved from /home/airflow/.local/lib/python3.7/site-packages/airflow/example_dags/example_short_circuit_decorator.py
[2023-08-26T17:07:07.281+0000] {logging_mixin.py:120} INFO - [2023-08-26T17:07:07.281+0000] {dag.py:2585} INFO - Sync 1 DAGs
[2023-08-26T17:07:07.295+0000] {logging_mixin.py:120} INFO - [2023-08-26T17:07:07.295+0000] {dag.py:3340} INFO - Setting next_dagrun for example_short_circuit_decorator to 2023-08-25T17:07:07.295163+00:00, run_after=2023-08-26T17:07:07.295163+00:00
[2023-08-26T17:07:07.306+0000] {processor.py:176} INFO - Processing /home/airflow/.local/lib/python3.7/site-packages/airflow/example_dags/example_short_circuit_decorator.py took 0.068 seconds
[2023-08-26T17:07:38.530+0000] {processor.py:154} INFO - Started process (PID=550) to work on /home/airflow/.local/lib/python3.7/site-packages/airflow/example_dags/example_short_circuit_decorator.py
[2023-08-26T17:07:38.531+0000] {processor.py:756} INFO - Processing file /home/airflow/.local/lib/python3.7/site-packages/airflow/example_dags/example_short_circuit_decorator.py for tasks to queue
[2023-08-26T17:07:38.531+0000] {logging_mixin.py:120} INFO - [2023-08-26T17:07:38.531+0000] {dagbag.py:537} INFO - Filling up the DagBag from /home/airflow/.local/lib/python3.7/site-packages/airflow/example_dags/example_short_circuit_decorator.py
[2023-08-26T17:07:38.545+0000] {processor.py:766} INFO - DAG(s) dict_keys(['example_short_circuit_decorator']) retrieved from /home/airflow/.local/lib/python3.7/site-packages/airflow/example_dags/example_short_circuit_decorator.py
[2023-08-26T17:07:38.570+0000] {logging_mixin.py:120} INFO - [2023-08-26T17:07:38.570+0000] {dag.py:2585} INFO - Sync 1 DAGs
[2023-08-26T17:07:38.584+0000] {logging_mixin.py:120} INFO - [2023-08-26T17:07:38.584+0000] {dag.py:3340} INFO - Setting next_dagrun for example_short_circuit_decorator to 2023-08-25T17:07:38.584691+00:00, run_after=2023-08-26T17:07:38.584691+00:00
[2023-08-26T17:07:38.596+0000] {processor.py:176} INFO - Processing /home/airflow/.local/lib/python3.7/site-packages/airflow/example_dags/example_short_circuit_decorator.py took 0.068 seconds
