[2023-08-26T17:03:33.291+0000] {processor.py:154} INFO - Started process (PID=57) to work on /home/airflow/.local/lib/python3.7/site-packages/airflow/example_dags/example_time_delta_sensor_async.py
[2023-08-26T17:03:33.294+0000] {processor.py:756} INFO - Processing file /home/airflow/.local/lib/python3.7/site-packages/airflow/example_dags/example_time_delta_sensor_async.py for tasks to queue
[2023-08-26T17:03:33.295+0000] {logging_mixin.py:120} INFO - [2023-08-26T17:03:33.294+0000] {dagbag.py:537} INFO - Filling up the DagBag from /home/airflow/.local/lib/python3.7/site-packages/airflow/example_dags/example_time_delta_sensor_async.py
[2023-08-26T17:03:33.331+0000] {processor.py:766} INFO - DAG(s) dict_keys(['example_time_delta_sensor_async']) retrieved from /home/airflow/.local/lib/python3.7/site-packages/airflow/example_dags/example_time_delta_sensor_async.py
[2023-08-26T17:03:33.794+0000] {logging_mixin.py:120} INFO - [2023-08-26T17:03:33.794+0000] {manager.py:507} INFO - Created Permission View: can edit on DAG:example_time_delta_sensor_async
[2023-08-26T17:03:33.802+0000] {logging_mixin.py:120} INFO - [2023-08-26T17:03:33.802+0000] {manager.py:507} INFO - Created Permission View: can read on DAG:example_time_delta_sensor_async
[2023-08-26T17:03:33.813+0000] {logging_mixin.py:120} INFO - [2023-08-26T17:03:33.813+0000] {manager.py:507} INFO - Created Permission View: can delete on DAG:example_time_delta_sensor_async
[2023-08-26T17:03:33.813+0000] {logging_mixin.py:120} INFO - [2023-08-26T17:03:33.813+0000] {dag.py:2585} INFO - Sync 1 DAGs
[2023-08-26T17:03:33.823+0000] {logging_mixin.py:120} INFO - [2023-08-26T17:03:33.823+0000] {dag.py:2606} INFO - Creating ORM DAG for example_time_delta_sensor_async
[2023-08-26T17:03:33.831+0000] {logging_mixin.py:120} INFO - [2023-08-26T17:03:33.831+0000] {dag.py:3340} INFO - Setting next_dagrun for example_time_delta_sensor_async to None, run_after=None
[2023-08-26T17:03:33.851+0000] {processor.py:176} INFO - Processing /home/airflow/.local/lib/python3.7/site-packages/airflow/example_dags/example_time_delta_sensor_async.py took 0.562 seconds
[2023-08-26T17:04:04.002+0000] {processor.py:154} INFO - Started process (PID=119) to work on /home/airflow/.local/lib/python3.7/site-packages/airflow/example_dags/example_time_delta_sensor_async.py
[2023-08-26T17:04:04.003+0000] {processor.py:756} INFO - Processing file /home/airflow/.local/lib/python3.7/site-packages/airflow/example_dags/example_time_delta_sensor_async.py for tasks to queue
[2023-08-26T17:04:04.004+0000] {logging_mixin.py:120} INFO - [2023-08-26T17:04:04.004+0000] {dagbag.py:537} INFO - Filling up the DagBag from /home/airflow/.local/lib/python3.7/site-packages/airflow/example_dags/example_time_delta_sensor_async.py
[2023-08-26T17:04:04.014+0000] {processor.py:766} INFO - DAG(s) dict_keys(['example_time_delta_sensor_async']) retrieved from /home/airflow/.local/lib/python3.7/site-packages/airflow/example_dags/example_time_delta_sensor_async.py
[2023-08-26T17:04:04.115+0000] {logging_mixin.py:120} INFO - [2023-08-26T17:04:04.115+0000] {dag.py:2585} INFO - Sync 1 DAGs
[2023-08-26T17:04:04.131+0000] {logging_mixin.py:120} INFO - [2023-08-26T17:04:04.131+0000] {dag.py:3340} INFO - Setting next_dagrun for example_time_delta_sensor_async to None, run_after=None
[2023-08-26T17:04:04.143+0000] {processor.py:176} INFO - Processing /home/airflow/.local/lib/python3.7/site-packages/airflow/example_dags/example_time_delta_sensor_async.py took 0.143 seconds
[2023-08-26T17:04:34.249+0000] {processor.py:154} INFO - Started process (PID=183) to work on /home/airflow/.local/lib/python3.7/site-packages/airflow/example_dags/example_time_delta_sensor_async.py
[2023-08-26T17:04:34.249+0000] {processor.py:756} INFO - Processing file /home/airflow/.local/lib/python3.7/site-packages/airflow/example_dags/example_time_delta_sensor_async.py for tasks to queue
[2023-08-26T17:04:34.250+0000] {logging_mixin.py:120} INFO - [2023-08-26T17:04:34.250+0000] {dagbag.py:537} INFO - Filling up the DagBag from /home/airflow/.local/lib/python3.7/site-packages/airflow/example_dags/example_time_delta_sensor_async.py
[2023-08-26T17:04:34.258+0000] {processor.py:766} INFO - DAG(s) dict_keys(['example_time_delta_sensor_async']) retrieved from /home/airflow/.local/lib/python3.7/site-packages/airflow/example_dags/example_time_delta_sensor_async.py
[2023-08-26T17:04:34.394+0000] {logging_mixin.py:120} INFO - [2023-08-26T17:04:34.393+0000] {dag.py:2585} INFO - Sync 1 DAGs
[2023-08-26T17:04:34.435+0000] {logging_mixin.py:120} INFO - [2023-08-26T17:04:34.434+0000] {dag.py:3340} INFO - Setting next_dagrun for example_time_delta_sensor_async to None, run_after=None
[2023-08-26T17:04:34.452+0000] {processor.py:176} INFO - Processing /home/airflow/.local/lib/python3.7/site-packages/airflow/example_dags/example_time_delta_sensor_async.py took 0.205 seconds
[2023-08-26T17:05:05.199+0000] {processor.py:154} INFO - Started process (PID=246) to work on /home/airflow/.local/lib/python3.7/site-packages/airflow/example_dags/example_time_delta_sensor_async.py
[2023-08-26T17:05:05.199+0000] {processor.py:756} INFO - Processing file /home/airflow/.local/lib/python3.7/site-packages/airflow/example_dags/example_time_delta_sensor_async.py for tasks to queue
[2023-08-26T17:05:05.200+0000] {logging_mixin.py:120} INFO - [2023-08-26T17:05:05.200+0000] {dagbag.py:537} INFO - Filling up the DagBag from /home/airflow/.local/lib/python3.7/site-packages/airflow/example_dags/example_time_delta_sensor_async.py
[2023-08-26T17:05:05.209+0000] {processor.py:766} INFO - DAG(s) dict_keys(['example_time_delta_sensor_async']) retrieved from /home/airflow/.local/lib/python3.7/site-packages/airflow/example_dags/example_time_delta_sensor_async.py
[2023-08-26T17:05:05.310+0000] {logging_mixin.py:120} INFO - [2023-08-26T17:05:05.310+0000] {dag.py:2585} INFO - Sync 1 DAGs
[2023-08-26T17:05:05.324+0000] {logging_mixin.py:120} INFO - [2023-08-26T17:05:05.324+0000] {dag.py:3340} INFO - Setting next_dagrun for example_time_delta_sensor_async to None, run_after=None
[2023-08-26T17:05:05.337+0000] {processor.py:176} INFO - Processing /home/airflow/.local/lib/python3.7/site-packages/airflow/example_dags/example_time_delta_sensor_async.py took 0.140 seconds
[2023-08-26T17:05:35.434+0000] {processor.py:154} INFO - Started process (PID=310) to work on /home/airflow/.local/lib/python3.7/site-packages/airflow/example_dags/example_time_delta_sensor_async.py
[2023-08-26T17:05:35.435+0000] {processor.py:756} INFO - Processing file /home/airflow/.local/lib/python3.7/site-packages/airflow/example_dags/example_time_delta_sensor_async.py for tasks to queue
[2023-08-26T17:05:35.435+0000] {logging_mixin.py:120} INFO - [2023-08-26T17:05:35.435+0000] {dagbag.py:537} INFO - Filling up the DagBag from /home/airflow/.local/lib/python3.7/site-packages/airflow/example_dags/example_time_delta_sensor_async.py
[2023-08-26T17:05:35.443+0000] {processor.py:766} INFO - DAG(s) dict_keys(['example_time_delta_sensor_async']) retrieved from /home/airflow/.local/lib/python3.7/site-packages/airflow/example_dags/example_time_delta_sensor_async.py
[2023-08-26T17:05:35.534+0000] {logging_mixin.py:120} INFO - [2023-08-26T17:05:35.534+0000] {dag.py:2585} INFO - Sync 1 DAGs
[2023-08-26T17:05:35.548+0000] {logging_mixin.py:120} INFO - [2023-08-26T17:05:35.547+0000] {dag.py:3340} INFO - Setting next_dagrun for example_time_delta_sensor_async to None, run_after=None
[2023-08-26T17:05:35.558+0000] {processor.py:176} INFO - Processing /home/airflow/.local/lib/python3.7/site-packages/airflow/example_dags/example_time_delta_sensor_async.py took 0.126 seconds
[2023-08-26T17:06:06.460+0000] {processor.py:154} INFO - Started process (PID=371) to work on /home/airflow/.local/lib/python3.7/site-packages/airflow/example_dags/example_time_delta_sensor_async.py
[2023-08-26T17:06:06.461+0000] {processor.py:756} INFO - Processing file /home/airflow/.local/lib/python3.7/site-packages/airflow/example_dags/example_time_delta_sensor_async.py for tasks to queue
[2023-08-26T17:06:06.461+0000] {logging_mixin.py:120} INFO - [2023-08-26T17:06:06.461+0000] {dagbag.py:537} INFO - Filling up the DagBag from /home/airflow/.local/lib/python3.7/site-packages/airflow/example_dags/example_time_delta_sensor_async.py
[2023-08-26T17:06:06.472+0000] {processor.py:766} INFO - DAG(s) dict_keys(['example_time_delta_sensor_async']) retrieved from /home/airflow/.local/lib/python3.7/site-packages/airflow/example_dags/example_time_delta_sensor_async.py
[2023-08-26T17:06:06.572+0000] {logging_mixin.py:120} INFO - [2023-08-26T17:06:06.572+0000] {dag.py:2585} INFO - Sync 1 DAGs
[2023-08-26T17:06:06.587+0000] {logging_mixin.py:120} INFO - [2023-08-26T17:06:06.587+0000] {dag.py:3340} INFO - Setting next_dagrun for example_time_delta_sensor_async to None, run_after=None
[2023-08-26T17:06:06.599+0000] {processor.py:176} INFO - Processing /home/airflow/.local/lib/python3.7/site-packages/airflow/example_dags/example_time_delta_sensor_async.py took 0.142 seconds
[2023-08-26T17:06:37.395+0000] {processor.py:154} INFO - Started process (PID=427) to work on /home/airflow/.local/lib/python3.7/site-packages/airflow/example_dags/example_time_delta_sensor_async.py
[2023-08-26T17:06:37.396+0000] {processor.py:756} INFO - Processing file /home/airflow/.local/lib/python3.7/site-packages/airflow/example_dags/example_time_delta_sensor_async.py for tasks to queue
[2023-08-26T17:06:37.396+0000] {logging_mixin.py:120} INFO - [2023-08-26T17:06:37.396+0000] {dagbag.py:537} INFO - Filling up the DagBag from /home/airflow/.local/lib/python3.7/site-packages/airflow/example_dags/example_time_delta_sensor_async.py
[2023-08-26T17:06:37.410+0000] {processor.py:766} INFO - DAG(s) dict_keys(['example_time_delta_sensor_async']) retrieved from /home/airflow/.local/lib/python3.7/site-packages/airflow/example_dags/example_time_delta_sensor_async.py
[2023-08-26T17:06:37.515+0000] {logging_mixin.py:120} INFO - [2023-08-26T17:06:37.515+0000] {dag.py:2585} INFO - Sync 1 DAGs
[2023-08-26T17:06:37.528+0000] {logging_mixin.py:120} INFO - [2023-08-26T17:06:37.528+0000] {dag.py:3340} INFO - Setting next_dagrun for example_time_delta_sensor_async to None, run_after=None
[2023-08-26T17:06:37.540+0000] {processor.py:176} INFO - Processing /home/airflow/.local/lib/python3.7/site-packages/airflow/example_dags/example_time_delta_sensor_async.py took 0.148 seconds
[2023-08-26T17:07:08.361+0000] {processor.py:154} INFO - Started process (PID=489) to work on /home/airflow/.local/lib/python3.7/site-packages/airflow/example_dags/example_time_delta_sensor_async.py
[2023-08-26T17:07:08.363+0000] {processor.py:756} INFO - Processing file /home/airflow/.local/lib/python3.7/site-packages/airflow/example_dags/example_time_delta_sensor_async.py for tasks to queue
[2023-08-26T17:07:08.364+0000] {logging_mixin.py:120} INFO - [2023-08-26T17:07:08.364+0000] {dagbag.py:537} INFO - Filling up the DagBag from /home/airflow/.local/lib/python3.7/site-packages/airflow/example_dags/example_time_delta_sensor_async.py
[2023-08-26T17:07:08.382+0000] {processor.py:766} INFO - DAG(s) dict_keys(['example_time_delta_sensor_async']) retrieved from /home/airflow/.local/lib/python3.7/site-packages/airflow/example_dags/example_time_delta_sensor_async.py
[2023-08-26T17:07:08.508+0000] {logging_mixin.py:120} INFO - [2023-08-26T17:07:08.508+0000] {dag.py:2585} INFO - Sync 1 DAGs
[2023-08-26T17:07:08.524+0000] {logging_mixin.py:120} INFO - [2023-08-26T17:07:08.524+0000] {dag.py:3340} INFO - Setting next_dagrun for example_time_delta_sensor_async to None, run_after=None
[2023-08-26T17:07:08.536+0000] {processor.py:176} INFO - Processing /home/airflow/.local/lib/python3.7/site-packages/airflow/example_dags/example_time_delta_sensor_async.py took 0.181 seconds
[2023-08-26T17:07:38.611+0000] {processor.py:154} INFO - Started process (PID=552) to work on /home/airflow/.local/lib/python3.7/site-packages/airflow/example_dags/example_time_delta_sensor_async.py
[2023-08-26T17:07:38.612+0000] {processor.py:756} INFO - Processing file /home/airflow/.local/lib/python3.7/site-packages/airflow/example_dags/example_time_delta_sensor_async.py for tasks to queue
[2023-08-26T17:07:38.613+0000] {logging_mixin.py:120} INFO - [2023-08-26T17:07:38.613+0000] {dagbag.py:537} INFO - Filling up the DagBag from /home/airflow/.local/lib/python3.7/site-packages/airflow/example_dags/example_time_delta_sensor_async.py
[2023-08-26T17:07:38.621+0000] {processor.py:766} INFO - DAG(s) dict_keys(['example_time_delta_sensor_async']) retrieved from /home/airflow/.local/lib/python3.7/site-packages/airflow/example_dags/example_time_delta_sensor_async.py
[2023-08-26T17:07:38.721+0000] {logging_mixin.py:120} INFO - [2023-08-26T17:07:38.721+0000] {dag.py:2585} INFO - Sync 1 DAGs
[2023-08-26T17:07:38.735+0000] {logging_mixin.py:120} INFO - [2023-08-26T17:07:38.735+0000] {dag.py:3340} INFO - Setting next_dagrun for example_time_delta_sensor_async to None, run_after=None
[2023-08-26T17:07:38.746+0000] {processor.py:176} INFO - Processing /home/airflow/.local/lib/python3.7/site-packages/airflow/example_dags/example_time_delta_sensor_async.py took 0.137 seconds
[2023-08-26T17:08:09.651+0000] {processor.py:154} INFO - Started process (PID=615) to work on /home/airflow/.local/lib/python3.7/site-packages/airflow/example_dags/example_time_delta_sensor_async.py
[2023-08-26T17:08:09.652+0000] {processor.py:756} INFO - Processing file /home/airflow/.local/lib/python3.7/site-packages/airflow/example_dags/example_time_delta_sensor_async.py for tasks to queue
[2023-08-26T17:08:09.653+0000] {logging_mixin.py:120} INFO - [2023-08-26T17:08:09.653+0000] {dagbag.py:537} INFO - Filling up the DagBag from /home/airflow/.local/lib/python3.7/site-packages/airflow/example_dags/example_time_delta_sensor_async.py
[2023-08-26T17:08:09.661+0000] {processor.py:766} INFO - DAG(s) dict_keys(['example_time_delta_sensor_async']) retrieved from /home/airflow/.local/lib/python3.7/site-packages/airflow/example_dags/example_time_delta_sensor_async.py
[2023-08-26T17:08:09.752+0000] {logging_mixin.py:120} INFO - [2023-08-26T17:08:09.752+0000] {dag.py:2585} INFO - Sync 1 DAGs
[2023-08-26T17:08:09.766+0000] {logging_mixin.py:120} INFO - [2023-08-26T17:08:09.766+0000] {dag.py:3340} INFO - Setting next_dagrun for example_time_delta_sensor_async to None, run_after=None
[2023-08-26T17:08:09.776+0000] {processor.py:176} INFO - Processing /home/airflow/.local/lib/python3.7/site-packages/airflow/example_dags/example_time_delta_sensor_async.py took 0.126 seconds
[2023-08-26T17:08:40.667+0000] {processor.py:154} INFO - Started process (PID=678) to work on /home/airflow/.local/lib/python3.7/site-packages/airflow/example_dags/example_time_delta_sensor_async.py
[2023-08-26T17:08:40.668+0000] {processor.py:756} INFO - Processing file /home/airflow/.local/lib/python3.7/site-packages/airflow/example_dags/example_time_delta_sensor_async.py for tasks to queue
[2023-08-26T17:08:40.668+0000] {logging_mixin.py:120} INFO - [2023-08-26T17:08:40.668+0000] {dagbag.py:537} INFO - Filling up the DagBag from /home/airflow/.local/lib/python3.7/site-packages/airflow/example_dags/example_time_delta_sensor_async.py
[2023-08-26T17:08:40.678+0000] {processor.py:766} INFO - DAG(s) dict_keys(['example_time_delta_sensor_async']) retrieved from /home/airflow/.local/lib/python3.7/site-packages/airflow/example_dags/example_time_delta_sensor_async.py
[2023-08-26T17:08:40.789+0000] {logging_mixin.py:120} INFO - [2023-08-26T17:08:40.789+0000] {dag.py:2585} INFO - Sync 1 DAGs
[2023-08-26T17:08:40.805+0000] {logging_mixin.py:120} INFO - [2023-08-26T17:08:40.804+0000] {dag.py:3340} INFO - Setting next_dagrun for example_time_delta_sensor_async to None, run_after=None
[2023-08-26T17:08:40.817+0000] {processor.py:176} INFO - Processing /home/airflow/.local/lib/python3.7/site-packages/airflow/example_dags/example_time_delta_sensor_async.py took 0.152 seconds
[2023-08-26T17:09:11.037+0000] {processor.py:154} INFO - Started process (PID=740) to work on /home/airflow/.local/lib/python3.7/site-packages/airflow/example_dags/example_time_delta_sensor_async.py
[2023-08-26T17:09:11.038+0000] {processor.py:756} INFO - Processing file /home/airflow/.local/lib/python3.7/site-packages/airflow/example_dags/example_time_delta_sensor_async.py for tasks to queue
[2023-08-26T17:09:11.038+0000] {logging_mixin.py:120} INFO - [2023-08-26T17:09:11.038+0000] {dagbag.py:537} INFO - Filling up the DagBag from /home/airflow/.local/lib/python3.7/site-packages/airflow/example_dags/example_time_delta_sensor_async.py
[2023-08-26T17:09:11.047+0000] {processor.py:766} INFO - DAG(s) dict_keys(['example_time_delta_sensor_async']) retrieved from /home/airflow/.local/lib/python3.7/site-packages/airflow/example_dags/example_time_delta_sensor_async.py
[2023-08-26T17:09:11.152+0000] {logging_mixin.py:120} INFO - [2023-08-26T17:09:11.152+0000] {dag.py:2585} INFO - Sync 1 DAGs
[2023-08-26T17:09:11.168+0000] {logging_mixin.py:120} INFO - [2023-08-26T17:09:11.168+0000] {dag.py:3340} INFO - Setting next_dagrun for example_time_delta_sensor_async to None, run_after=None
[2023-08-26T17:09:11.182+0000] {processor.py:176} INFO - Processing /home/airflow/.local/lib/python3.7/site-packages/airflow/example_dags/example_time_delta_sensor_async.py took 0.147 seconds
[2023-08-26T17:09:41.210+0000] {processor.py:154} INFO - Started process (PID=794) to work on /home/airflow/.local/lib/python3.7/site-packages/airflow/example_dags/example_time_delta_sensor_async.py
[2023-08-26T17:09:41.211+0000] {processor.py:756} INFO - Processing file /home/airflow/.local/lib/python3.7/site-packages/airflow/example_dags/example_time_delta_sensor_async.py for tasks to queue
[2023-08-26T17:09:41.211+0000] {logging_mixin.py:120} INFO - [2023-08-26T17:09:41.211+0000] {dagbag.py:537} INFO - Filling up the DagBag from /home/airflow/.local/lib/python3.7/site-packages/airflow/example_dags/example_time_delta_sensor_async.py
[2023-08-26T17:09:41.220+0000] {processor.py:766} INFO - DAG(s) dict_keys(['example_time_delta_sensor_async']) retrieved from /home/airflow/.local/lib/python3.7/site-packages/airflow/example_dags/example_time_delta_sensor_async.py
[2023-08-26T17:09:41.325+0000] {logging_mixin.py:120} INFO - [2023-08-26T17:09:41.325+0000] {dag.py:2585} INFO - Sync 1 DAGs
[2023-08-26T17:09:41.342+0000] {logging_mixin.py:120} INFO - [2023-08-26T17:09:41.342+0000] {dag.py:3340} INFO - Setting next_dagrun for example_time_delta_sensor_async to None, run_after=None
[2023-08-26T17:09:41.354+0000] {processor.py:176} INFO - Processing /home/airflow/.local/lib/python3.7/site-packages/airflow/example_dags/example_time_delta_sensor_async.py took 0.146 seconds
[2023-08-26T17:10:11.399+0000] {processor.py:154} INFO - Started process (PID=858) to work on /home/airflow/.local/lib/python3.7/site-packages/airflow/example_dags/example_time_delta_sensor_async.py
[2023-08-26T17:10:11.400+0000] {processor.py:756} INFO - Processing file /home/airflow/.local/lib/python3.7/site-packages/airflow/example_dags/example_time_delta_sensor_async.py for tasks to queue
[2023-08-26T17:10:11.400+0000] {logging_mixin.py:120} INFO - [2023-08-26T17:10:11.400+0000] {dagbag.py:537} INFO - Filling up the DagBag from /home/airflow/.local/lib/python3.7/site-packages/airflow/example_dags/example_time_delta_sensor_async.py
[2023-08-26T17:10:11.408+0000] {processor.py:766} INFO - DAG(s) dict_keys(['example_time_delta_sensor_async']) retrieved from /home/airflow/.local/lib/python3.7/site-packages/airflow/example_dags/example_time_delta_sensor_async.py
[2023-08-26T17:10:11.501+0000] {logging_mixin.py:120} INFO - [2023-08-26T17:10:11.501+0000] {dag.py:2585} INFO - Sync 1 DAGs
[2023-08-26T17:10:11.514+0000] {logging_mixin.py:120} INFO - [2023-08-26T17:10:11.514+0000] {dag.py:3340} INFO - Setting next_dagrun for example_time_delta_sensor_async to None, run_after=None
[2023-08-26T17:10:11.523+0000] {processor.py:176} INFO - Processing /home/airflow/.local/lib/python3.7/site-packages/airflow/example_dags/example_time_delta_sensor_async.py took 0.126 seconds
[2023-08-26T17:10:41.583+0000] {processor.py:154} INFO - Started process (PID=922) to work on /home/airflow/.local/lib/python3.7/site-packages/airflow/example_dags/example_time_delta_sensor_async.py
[2023-08-26T17:10:41.584+0000] {processor.py:756} INFO - Processing file /home/airflow/.local/lib/python3.7/site-packages/airflow/example_dags/example_time_delta_sensor_async.py for tasks to queue
[2023-08-26T17:10:41.584+0000] {logging_mixin.py:120} INFO - [2023-08-26T17:10:41.584+0000] {dagbag.py:537} INFO - Filling up the DagBag from /home/airflow/.local/lib/python3.7/site-packages/airflow/example_dags/example_time_delta_sensor_async.py
[2023-08-26T17:10:41.593+0000] {processor.py:766} INFO - DAG(s) dict_keys(['example_time_delta_sensor_async']) retrieved from /home/airflow/.local/lib/python3.7/site-packages/airflow/example_dags/example_time_delta_sensor_async.py
[2023-08-26T17:10:41.693+0000] {logging_mixin.py:120} INFO - [2023-08-26T17:10:41.693+0000] {dag.py:2585} INFO - Sync 1 DAGs
[2023-08-26T17:10:41.709+0000] {logging_mixin.py:120} INFO - [2023-08-26T17:10:41.709+0000] {dag.py:3340} INFO - Setting next_dagrun for example_time_delta_sensor_async to None, run_after=None
[2023-08-26T17:10:41.722+0000] {processor.py:176} INFO - Processing /home/airflow/.local/lib/python3.7/site-packages/airflow/example_dags/example_time_delta_sensor_async.py took 0.142 seconds
[2023-08-26T17:11:11.762+0000] {processor.py:154} INFO - Started process (PID=985) to work on /home/airflow/.local/lib/python3.7/site-packages/airflow/example_dags/example_time_delta_sensor_async.py
[2023-08-26T17:11:11.763+0000] {processor.py:756} INFO - Processing file /home/airflow/.local/lib/python3.7/site-packages/airflow/example_dags/example_time_delta_sensor_async.py for tasks to queue
[2023-08-26T17:11:11.764+0000] {logging_mixin.py:120} INFO - [2023-08-26T17:11:11.764+0000] {dagbag.py:537} INFO - Filling up the DagBag from /home/airflow/.local/lib/python3.7/site-packages/airflow/example_dags/example_time_delta_sensor_async.py
[2023-08-26T17:11:11.772+0000] {processor.py:766} INFO - DAG(s) dict_keys(['example_time_delta_sensor_async']) retrieved from /home/airflow/.local/lib/python3.7/site-packages/airflow/example_dags/example_time_delta_sensor_async.py
[2023-08-26T17:11:11.863+0000] {logging_mixin.py:120} INFO - [2023-08-26T17:11:11.863+0000] {dag.py:2585} INFO - Sync 1 DAGs
[2023-08-26T17:11:11.876+0000] {logging_mixin.py:120} INFO - [2023-08-26T17:11:11.876+0000] {dag.py:3340} INFO - Setting next_dagrun for example_time_delta_sensor_async to None, run_after=None
[2023-08-26T17:11:11.886+0000] {processor.py:176} INFO - Processing /home/airflow/.local/lib/python3.7/site-packages/airflow/example_dags/example_time_delta_sensor_async.py took 0.125 seconds
[2023-08-26T17:11:42.840+0000] {processor.py:154} INFO - Started process (PID=1045) to work on /home/airflow/.local/lib/python3.7/site-packages/airflow/example_dags/example_time_delta_sensor_async.py
[2023-08-26T17:11:42.840+0000] {processor.py:756} INFO - Processing file /home/airflow/.local/lib/python3.7/site-packages/airflow/example_dags/example_time_delta_sensor_async.py for tasks to queue
[2023-08-26T17:11:42.841+0000] {logging_mixin.py:120} INFO - [2023-08-26T17:11:42.841+0000] {dagbag.py:537} INFO - Filling up the DagBag from /home/airflow/.local/lib/python3.7/site-packages/airflow/example_dags/example_time_delta_sensor_async.py
[2023-08-26T17:11:42.849+0000] {processor.py:766} INFO - DAG(s) dict_keys(['example_time_delta_sensor_async']) retrieved from /home/airflow/.local/lib/python3.7/site-packages/airflow/example_dags/example_time_delta_sensor_async.py
[2023-08-26T17:11:42.948+0000] {logging_mixin.py:120} INFO - [2023-08-26T17:11:42.948+0000] {dag.py:2585} INFO - Sync 1 DAGs
[2023-08-26T17:11:42.963+0000] {logging_mixin.py:120} INFO - [2023-08-26T17:11:42.962+0000] {dag.py:3340} INFO - Setting next_dagrun for example_time_delta_sensor_async to None, run_after=None
[2023-08-26T17:11:42.973+0000] {processor.py:176} INFO - Processing /home/airflow/.local/lib/python3.7/site-packages/airflow/example_dags/example_time_delta_sensor_async.py took 0.136 seconds
[2023-08-26T17:12:13.973+0000] {processor.py:154} INFO - Started process (PID=1108) to work on /home/airflow/.local/lib/python3.7/site-packages/airflow/example_dags/example_time_delta_sensor_async.py
[2023-08-26T17:12:13.974+0000] {processor.py:756} INFO - Processing file /home/airflow/.local/lib/python3.7/site-packages/airflow/example_dags/example_time_delta_sensor_async.py for tasks to queue
[2023-08-26T17:12:13.974+0000] {logging_mixin.py:120} INFO - [2023-08-26T17:12:13.974+0000] {dagbag.py:537} INFO - Filling up the DagBag from /home/airflow/.local/lib/python3.7/site-packages/airflow/example_dags/example_time_delta_sensor_async.py
[2023-08-26T17:12:13.984+0000] {processor.py:766} INFO - DAG(s) dict_keys(['example_time_delta_sensor_async']) retrieved from /home/airflow/.local/lib/python3.7/site-packages/airflow/example_dags/example_time_delta_sensor_async.py
[2023-08-26T17:12:14.078+0000] {logging_mixin.py:120} INFO - [2023-08-26T17:12:14.078+0000] {dag.py:2585} INFO - Sync 1 DAGs
[2023-08-26T17:12:14.096+0000] {logging_mixin.py:120} INFO - [2023-08-26T17:12:14.096+0000] {dag.py:3340} INFO - Setting next_dagrun for example_time_delta_sensor_async to None, run_after=None
[2023-08-26T17:12:14.107+0000] {processor.py:176} INFO - Processing /home/airflow/.local/lib/python3.7/site-packages/airflow/example_dags/example_time_delta_sensor_async.py took 0.136 seconds
[2023-08-26T17:12:45.158+0000] {processor.py:154} INFO - Started process (PID=1177) to work on /home/airflow/.local/lib/python3.7/site-packages/airflow/example_dags/example_time_delta_sensor_async.py
[2023-08-26T17:12:45.159+0000] {processor.py:756} INFO - Processing file /home/airflow/.local/lib/python3.7/site-packages/airflow/example_dags/example_time_delta_sensor_async.py for tasks to queue
[2023-08-26T17:12:45.159+0000] {logging_mixin.py:120} INFO - [2023-08-26T17:12:45.159+0000] {dagbag.py:537} INFO - Filling up the DagBag from /home/airflow/.local/lib/python3.7/site-packages/airflow/example_dags/example_time_delta_sensor_async.py
[2023-08-26T17:12:45.169+0000] {processor.py:766} INFO - DAG(s) dict_keys(['example_time_delta_sensor_async']) retrieved from /home/airflow/.local/lib/python3.7/site-packages/airflow/example_dags/example_time_delta_sensor_async.py
[2023-08-26T17:12:45.273+0000] {logging_mixin.py:120} INFO - [2023-08-26T17:12:45.273+0000] {dag.py:2585} INFO - Sync 1 DAGs
[2023-08-26T17:12:45.290+0000] {logging_mixin.py:120} INFO - [2023-08-26T17:12:45.290+0000] {dag.py:3340} INFO - Setting next_dagrun for example_time_delta_sensor_async to None, run_after=None
[2023-08-26T17:12:45.303+0000] {processor.py:176} INFO - Processing /home/airflow/.local/lib/python3.7/site-packages/airflow/example_dags/example_time_delta_sensor_async.py took 0.148 seconds
[2023-08-26T17:13:15.390+0000] {processor.py:154} INFO - Started process (PID=1232) to work on /home/airflow/.local/lib/python3.7/site-packages/airflow/example_dags/example_time_delta_sensor_async.py
[2023-08-26T17:13:15.391+0000] {processor.py:756} INFO - Processing file /home/airflow/.local/lib/python3.7/site-packages/airflow/example_dags/example_time_delta_sensor_async.py for tasks to queue
[2023-08-26T17:13:15.391+0000] {logging_mixin.py:120} INFO - [2023-08-26T17:13:15.391+0000] {dagbag.py:537} INFO - Filling up the DagBag from /home/airflow/.local/lib/python3.7/site-packages/airflow/example_dags/example_time_delta_sensor_async.py
[2023-08-26T17:13:15.401+0000] {processor.py:766} INFO - DAG(s) dict_keys(['example_time_delta_sensor_async']) retrieved from /home/airflow/.local/lib/python3.7/site-packages/airflow/example_dags/example_time_delta_sensor_async.py
[2023-08-26T17:13:15.509+0000] {logging_mixin.py:120} INFO - [2023-08-26T17:13:15.509+0000] {dag.py:2585} INFO - Sync 1 DAGs
[2023-08-26T17:13:15.524+0000] {logging_mixin.py:120} INFO - [2023-08-26T17:13:15.524+0000] {dag.py:3340} INFO - Setting next_dagrun for example_time_delta_sensor_async to None, run_after=None
[2023-08-26T17:13:15.537+0000] {processor.py:176} INFO - Processing /home/airflow/.local/lib/python3.7/site-packages/airflow/example_dags/example_time_delta_sensor_async.py took 0.149 seconds
[2023-08-26T17:13:45.624+0000] {processor.py:154} INFO - Started process (PID=1295) to work on /home/airflow/.local/lib/python3.7/site-packages/airflow/example_dags/example_time_delta_sensor_async.py
[2023-08-26T17:13:45.624+0000] {processor.py:756} INFO - Processing file /home/airflow/.local/lib/python3.7/site-packages/airflow/example_dags/example_time_delta_sensor_async.py for tasks to queue
[2023-08-26T17:13:45.625+0000] {logging_mixin.py:120} INFO - [2023-08-26T17:13:45.625+0000] {dagbag.py:537} INFO - Filling up the DagBag from /home/airflow/.local/lib/python3.7/site-packages/airflow/example_dags/example_time_delta_sensor_async.py
[2023-08-26T17:13:45.634+0000] {processor.py:766} INFO - DAG(s) dict_keys(['example_time_delta_sensor_async']) retrieved from /home/airflow/.local/lib/python3.7/site-packages/airflow/example_dags/example_time_delta_sensor_async.py
[2023-08-26T17:13:45.728+0000] {logging_mixin.py:120} INFO - [2023-08-26T17:13:45.728+0000] {dag.py:2585} INFO - Sync 1 DAGs
[2023-08-26T17:13:45.742+0000] {logging_mixin.py:120} INFO - [2023-08-26T17:13:45.742+0000] {dag.py:3340} INFO - Setting next_dagrun for example_time_delta_sensor_async to None, run_after=None
[2023-08-26T17:13:45.752+0000] {processor.py:176} INFO - Processing /home/airflow/.local/lib/python3.7/site-packages/airflow/example_dags/example_time_delta_sensor_async.py took 0.131 seconds
[2023-08-26T17:14:16.655+0000] {processor.py:154} INFO - Started process (PID=1357) to work on /home/airflow/.local/lib/python3.7/site-packages/airflow/example_dags/example_time_delta_sensor_async.py
[2023-08-26T17:14:16.656+0000] {processor.py:756} INFO - Processing file /home/airflow/.local/lib/python3.7/site-packages/airflow/example_dags/example_time_delta_sensor_async.py for tasks to queue
[2023-08-26T17:14:16.657+0000] {logging_mixin.py:120} INFO - [2023-08-26T17:14:16.657+0000] {dagbag.py:537} INFO - Filling up the DagBag from /home/airflow/.local/lib/python3.7/site-packages/airflow/example_dags/example_time_delta_sensor_async.py
[2023-08-26T17:14:16.665+0000] {processor.py:766} INFO - DAG(s) dict_keys(['example_time_delta_sensor_async']) retrieved from /home/airflow/.local/lib/python3.7/site-packages/airflow/example_dags/example_time_delta_sensor_async.py
[2023-08-26T17:14:16.765+0000] {logging_mixin.py:120} INFO - [2023-08-26T17:14:16.765+0000] {dag.py:2585} INFO - Sync 1 DAGs
[2023-08-26T17:14:16.780+0000] {logging_mixin.py:120} INFO - [2023-08-26T17:14:16.780+0000] {dag.py:3340} INFO - Setting next_dagrun for example_time_delta_sensor_async to None, run_after=None
[2023-08-26T17:14:16.790+0000] {processor.py:176} INFO - Processing /home/airflow/.local/lib/python3.7/site-packages/airflow/example_dags/example_time_delta_sensor_async.py took 0.137 seconds
[2023-08-26T17:14:46.859+0000] {processor.py:154} INFO - Started process (PID=1422) to work on /home/airflow/.local/lib/python3.7/site-packages/airflow/example_dags/example_time_delta_sensor_async.py
[2023-08-26T17:14:46.860+0000] {processor.py:756} INFO - Processing file /home/airflow/.local/lib/python3.7/site-packages/airflow/example_dags/example_time_delta_sensor_async.py for tasks to queue
[2023-08-26T17:14:46.860+0000] {logging_mixin.py:120} INFO - [2023-08-26T17:14:46.860+0000] {dagbag.py:537} INFO - Filling up the DagBag from /home/airflow/.local/lib/python3.7/site-packages/airflow/example_dags/example_time_delta_sensor_async.py
[2023-08-26T17:14:46.870+0000] {processor.py:766} INFO - DAG(s) dict_keys(['example_time_delta_sensor_async']) retrieved from /home/airflow/.local/lib/python3.7/site-packages/airflow/example_dags/example_time_delta_sensor_async.py
[2023-08-26T17:14:46.972+0000] {logging_mixin.py:120} INFO - [2023-08-26T17:14:46.972+0000] {dag.py:2585} INFO - Sync 1 DAGs
[2023-08-26T17:14:46.987+0000] {logging_mixin.py:120} INFO - [2023-08-26T17:14:46.987+0000] {dag.py:3340} INFO - Setting next_dagrun for example_time_delta_sensor_async to None, run_after=None
[2023-08-26T17:14:46.999+0000] {processor.py:176} INFO - Processing /home/airflow/.local/lib/python3.7/site-packages/airflow/example_dags/example_time_delta_sensor_async.py took 0.143 seconds
[2023-08-26T17:15:17.081+0000] {processor.py:154} INFO - Started process (PID=1486) to work on /home/airflow/.local/lib/python3.7/site-packages/airflow/example_dags/example_time_delta_sensor_async.py
[2023-08-26T17:15:17.082+0000] {processor.py:756} INFO - Processing file /home/airflow/.local/lib/python3.7/site-packages/airflow/example_dags/example_time_delta_sensor_async.py for tasks to queue
[2023-08-26T17:15:17.082+0000] {logging_mixin.py:120} INFO - [2023-08-26T17:15:17.082+0000] {dagbag.py:537} INFO - Filling up the DagBag from /home/airflow/.local/lib/python3.7/site-packages/airflow/example_dags/example_time_delta_sensor_async.py
[2023-08-26T17:15:17.091+0000] {processor.py:766} INFO - DAG(s) dict_keys(['example_time_delta_sensor_async']) retrieved from /home/airflow/.local/lib/python3.7/site-packages/airflow/example_dags/example_time_delta_sensor_async.py
[2023-08-26T17:15:17.183+0000] {logging_mixin.py:120} INFO - [2023-08-26T17:15:17.183+0000] {dag.py:2585} INFO - Sync 1 DAGs
[2023-08-26T17:15:17.195+0000] {logging_mixin.py:120} INFO - [2023-08-26T17:15:17.195+0000] {dag.py:3340} INFO - Setting next_dagrun for example_time_delta_sensor_async to None, run_after=None
[2023-08-26T17:15:17.204+0000] {processor.py:176} INFO - Processing /home/airflow/.local/lib/python3.7/site-packages/airflow/example_dags/example_time_delta_sensor_async.py took 0.126 seconds
[2023-08-26T17:15:47.228+0000] {processor.py:154} INFO - Started process (PID=1541) to work on /home/airflow/.local/lib/python3.7/site-packages/airflow/example_dags/example_time_delta_sensor_async.py
[2023-08-26T17:15:47.228+0000] {processor.py:756} INFO - Processing file /home/airflow/.local/lib/python3.7/site-packages/airflow/example_dags/example_time_delta_sensor_async.py for tasks to queue
[2023-08-26T17:15:47.232+0000] {logging_mixin.py:120} INFO - [2023-08-26T17:15:47.232+0000] {dagbag.py:537} INFO - Filling up the DagBag from /home/airflow/.local/lib/python3.7/site-packages/airflow/example_dags/example_time_delta_sensor_async.py
[2023-08-26T17:15:47.240+0000] {processor.py:766} INFO - DAG(s) dict_keys(['example_time_delta_sensor_async']) retrieved from /home/airflow/.local/lib/python3.7/site-packages/airflow/example_dags/example_time_delta_sensor_async.py
[2023-08-26T17:15:47.340+0000] {logging_mixin.py:120} INFO - [2023-08-26T17:15:47.340+0000] {dag.py:2585} INFO - Sync 1 DAGs
[2023-08-26T17:15:47.355+0000] {logging_mixin.py:120} INFO - [2023-08-26T17:15:47.355+0000] {dag.py:3340} INFO - Setting next_dagrun for example_time_delta_sensor_async to None, run_after=None
[2023-08-26T17:15:47.368+0000] {processor.py:176} INFO - Processing /home/airflow/.local/lib/python3.7/site-packages/airflow/example_dags/example_time_delta_sensor_async.py took 0.142 seconds
[2023-08-26T17:16:18.175+0000] {processor.py:154} INFO - Started process (PID=1603) to work on /home/airflow/.local/lib/python3.7/site-packages/airflow/example_dags/example_time_delta_sensor_async.py
[2023-08-26T17:16:18.176+0000] {processor.py:756} INFO - Processing file /home/airflow/.local/lib/python3.7/site-packages/airflow/example_dags/example_time_delta_sensor_async.py for tasks to queue
[2023-08-26T17:16:18.176+0000] {logging_mixin.py:120} INFO - [2023-08-26T17:16:18.176+0000] {dagbag.py:537} INFO - Filling up the DagBag from /home/airflow/.local/lib/python3.7/site-packages/airflow/example_dags/example_time_delta_sensor_async.py
[2023-08-26T17:16:18.185+0000] {processor.py:766} INFO - DAG(s) dict_keys(['example_time_delta_sensor_async']) retrieved from /home/airflow/.local/lib/python3.7/site-packages/airflow/example_dags/example_time_delta_sensor_async.py
[2023-08-26T17:16:18.287+0000] {logging_mixin.py:120} INFO - [2023-08-26T17:16:18.287+0000] {dag.py:2585} INFO - Sync 1 DAGs
[2023-08-26T17:16:18.302+0000] {logging_mixin.py:120} INFO - [2023-08-26T17:16:18.302+0000] {dag.py:3340} INFO - Setting next_dagrun for example_time_delta_sensor_async to None, run_after=None
[2023-08-26T17:16:18.313+0000] {processor.py:176} INFO - Processing /home/airflow/.local/lib/python3.7/site-packages/airflow/example_dags/example_time_delta_sensor_async.py took 0.140 seconds
[2023-08-26T17:16:49.255+0000] {processor.py:154} INFO - Started process (PID=1666) to work on /home/airflow/.local/lib/python3.7/site-packages/airflow/example_dags/example_time_delta_sensor_async.py
[2023-08-26T17:16:49.256+0000] {processor.py:756} INFO - Processing file /home/airflow/.local/lib/python3.7/site-packages/airflow/example_dags/example_time_delta_sensor_async.py for tasks to queue
[2023-08-26T17:16:49.256+0000] {logging_mixin.py:120} INFO - [2023-08-26T17:16:49.256+0000] {dagbag.py:537} INFO - Filling up the DagBag from /home/airflow/.local/lib/python3.7/site-packages/airflow/example_dags/example_time_delta_sensor_async.py
[2023-08-26T17:16:49.264+0000] {processor.py:766} INFO - DAG(s) dict_keys(['example_time_delta_sensor_async']) retrieved from /home/airflow/.local/lib/python3.7/site-packages/airflow/example_dags/example_time_delta_sensor_async.py
[2023-08-26T17:16:49.358+0000] {logging_mixin.py:120} INFO - [2023-08-26T17:16:49.357+0000] {dag.py:2585} INFO - Sync 1 DAGs
[2023-08-26T17:16:49.371+0000] {logging_mixin.py:120} INFO - [2023-08-26T17:16:49.371+0000] {dag.py:3340} INFO - Setting next_dagrun for example_time_delta_sensor_async to None, run_after=None
[2023-08-26T17:16:49.381+0000] {processor.py:176} INFO - Processing /home/airflow/.local/lib/python3.7/site-packages/airflow/example_dags/example_time_delta_sensor_async.py took 0.128 seconds
[2023-08-26T17:17:19.433+0000] {processor.py:154} INFO - Started process (PID=1730) to work on /home/airflow/.local/lib/python3.7/site-packages/airflow/example_dags/example_time_delta_sensor_async.py
[2023-08-26T17:17:19.434+0000] {processor.py:756} INFO - Processing file /home/airflow/.local/lib/python3.7/site-packages/airflow/example_dags/example_time_delta_sensor_async.py for tasks to queue
[2023-08-26T17:17:19.435+0000] {logging_mixin.py:120} INFO - [2023-08-26T17:17:19.434+0000] {dagbag.py:537} INFO - Filling up the DagBag from /home/airflow/.local/lib/python3.7/site-packages/airflow/example_dags/example_time_delta_sensor_async.py
[2023-08-26T17:17:19.443+0000] {processor.py:766} INFO - DAG(s) dict_keys(['example_time_delta_sensor_async']) retrieved from /home/airflow/.local/lib/python3.7/site-packages/airflow/example_dags/example_time_delta_sensor_async.py
[2023-08-26T17:17:19.557+0000] {logging_mixin.py:120} INFO - [2023-08-26T17:17:19.557+0000] {dag.py:2585} INFO - Sync 1 DAGs
[2023-08-26T17:17:19.573+0000] {logging_mixin.py:120} INFO - [2023-08-26T17:17:19.573+0000] {dag.py:3340} INFO - Setting next_dagrun for example_time_delta_sensor_async to None, run_after=None
[2023-08-26T17:17:19.584+0000] {processor.py:176} INFO - Processing /home/airflow/.local/lib/python3.7/site-packages/airflow/example_dags/example_time_delta_sensor_async.py took 0.153 seconds
[2023-08-26T17:17:50.492+0000] {processor.py:154} INFO - Started process (PID=1792) to work on /home/airflow/.local/lib/python3.7/site-packages/airflow/example_dags/example_time_delta_sensor_async.py
[2023-08-26T17:17:50.493+0000] {processor.py:756} INFO - Processing file /home/airflow/.local/lib/python3.7/site-packages/airflow/example_dags/example_time_delta_sensor_async.py for tasks to queue
[2023-08-26T17:17:50.493+0000] {logging_mixin.py:120} INFO - [2023-08-26T17:17:50.493+0000] {dagbag.py:537} INFO - Filling up the DagBag from /home/airflow/.local/lib/python3.7/site-packages/airflow/example_dags/example_time_delta_sensor_async.py
[2023-08-26T17:17:50.502+0000] {processor.py:766} INFO - DAG(s) dict_keys(['example_time_delta_sensor_async']) retrieved from /home/airflow/.local/lib/python3.7/site-packages/airflow/example_dags/example_time_delta_sensor_async.py
[2023-08-26T17:17:50.606+0000] {logging_mixin.py:120} INFO - [2023-08-26T17:17:50.606+0000] {dag.py:2585} INFO - Sync 1 DAGs
[2023-08-26T17:17:50.620+0000] {logging_mixin.py:120} INFO - [2023-08-26T17:17:50.620+0000] {dag.py:3340} INFO - Setting next_dagrun for example_time_delta_sensor_async to None, run_after=None
[2023-08-26T17:17:50.631+0000] {processor.py:176} INFO - Processing /home/airflow/.local/lib/python3.7/site-packages/airflow/example_dags/example_time_delta_sensor_async.py took 0.141 seconds
[2023-08-26T17:18:20.717+0000] {processor.py:154} INFO - Started process (PID=1856) to work on /home/airflow/.local/lib/python3.7/site-packages/airflow/example_dags/example_time_delta_sensor_async.py
[2023-08-26T17:18:20.718+0000] {processor.py:756} INFO - Processing file /home/airflow/.local/lib/python3.7/site-packages/airflow/example_dags/example_time_delta_sensor_async.py for tasks to queue
[2023-08-26T17:18:20.719+0000] {logging_mixin.py:120} INFO - [2023-08-26T17:18:20.718+0000] {dagbag.py:537} INFO - Filling up the DagBag from /home/airflow/.local/lib/python3.7/site-packages/airflow/example_dags/example_time_delta_sensor_async.py
[2023-08-26T17:18:20.727+0000] {processor.py:766} INFO - DAG(s) dict_keys(['example_time_delta_sensor_async']) retrieved from /home/airflow/.local/lib/python3.7/site-packages/airflow/example_dags/example_time_delta_sensor_async.py
[2023-08-26T17:18:20.824+0000] {logging_mixin.py:120} INFO - [2023-08-26T17:18:20.823+0000] {dag.py:2585} INFO - Sync 1 DAGs
[2023-08-26T17:18:20.839+0000] {logging_mixin.py:120} INFO - [2023-08-26T17:18:20.839+0000] {dag.py:3340} INFO - Setting next_dagrun for example_time_delta_sensor_async to None, run_after=None
[2023-08-26T17:18:20.848+0000] {processor.py:176} INFO - Processing /home/airflow/.local/lib/python3.7/site-packages/airflow/example_dags/example_time_delta_sensor_async.py took 0.134 seconds
[2023-08-26T17:18:51.065+0000] {processor.py:154} INFO - Started process (PID=1916) to work on /home/airflow/.local/lib/python3.7/site-packages/airflow/example_dags/example_time_delta_sensor_async.py
[2023-08-26T17:18:51.065+0000] {processor.py:756} INFO - Processing file /home/airflow/.local/lib/python3.7/site-packages/airflow/example_dags/example_time_delta_sensor_async.py for tasks to queue
[2023-08-26T17:18:51.066+0000] {logging_mixin.py:120} INFO - [2023-08-26T17:18:51.066+0000] {dagbag.py:537} INFO - Filling up the DagBag from /home/airflow/.local/lib/python3.7/site-packages/airflow/example_dags/example_time_delta_sensor_async.py
[2023-08-26T17:18:51.075+0000] {processor.py:766} INFO - DAG(s) dict_keys(['example_time_delta_sensor_async']) retrieved from /home/airflow/.local/lib/python3.7/site-packages/airflow/example_dags/example_time_delta_sensor_async.py
[2023-08-26T17:18:51.198+0000] {logging_mixin.py:120} INFO - [2023-08-26T17:18:51.198+0000] {dag.py:2585} INFO - Sync 1 DAGs
[2023-08-26T17:18:51.214+0000] {logging_mixin.py:120} INFO - [2023-08-26T17:18:51.214+0000] {dag.py:3340} INFO - Setting next_dagrun for example_time_delta_sensor_async to None, run_after=None
[2023-08-26T17:18:51.227+0000] {processor.py:176} INFO - Processing /home/airflow/.local/lib/python3.7/site-packages/airflow/example_dags/example_time_delta_sensor_async.py took 0.165 seconds
[2023-08-26T17:19:21.267+0000] {processor.py:154} INFO - Started process (PID=1972) to work on /home/airflow/.local/lib/python3.7/site-packages/airflow/example_dags/example_time_delta_sensor_async.py
[2023-08-26T17:19:21.268+0000] {processor.py:756} INFO - Processing file /home/airflow/.local/lib/python3.7/site-packages/airflow/example_dags/example_time_delta_sensor_async.py for tasks to queue
[2023-08-26T17:19:21.268+0000] {logging_mixin.py:120} INFO - [2023-08-26T17:19:21.268+0000] {dagbag.py:537} INFO - Filling up the DagBag from /home/airflow/.local/lib/python3.7/site-packages/airflow/example_dags/example_time_delta_sensor_async.py
[2023-08-26T17:19:21.277+0000] {processor.py:766} INFO - DAG(s) dict_keys(['example_time_delta_sensor_async']) retrieved from /home/airflow/.local/lib/python3.7/site-packages/airflow/example_dags/example_time_delta_sensor_async.py
[2023-08-26T17:19:21.371+0000] {logging_mixin.py:120} INFO - [2023-08-26T17:19:21.371+0000] {dag.py:2585} INFO - Sync 1 DAGs
[2023-08-26T17:19:21.385+0000] {logging_mixin.py:120} INFO - [2023-08-26T17:19:21.385+0000] {dag.py:3340} INFO - Setting next_dagrun for example_time_delta_sensor_async to None, run_after=None
[2023-08-26T17:19:21.394+0000] {processor.py:176} INFO - Processing /home/airflow/.local/lib/python3.7/site-packages/airflow/example_dags/example_time_delta_sensor_async.py took 0.130 seconds
[2023-08-26T17:19:52.294+0000] {processor.py:154} INFO - Started process (PID=2034) to work on /home/airflow/.local/lib/python3.7/site-packages/airflow/example_dags/example_time_delta_sensor_async.py
[2023-08-26T17:19:52.295+0000] {processor.py:756} INFO - Processing file /home/airflow/.local/lib/python3.7/site-packages/airflow/example_dags/example_time_delta_sensor_async.py for tasks to queue
[2023-08-26T17:19:52.295+0000] {logging_mixin.py:120} INFO - [2023-08-26T17:19:52.295+0000] {dagbag.py:537} INFO - Filling up the DagBag from /home/airflow/.local/lib/python3.7/site-packages/airflow/example_dags/example_time_delta_sensor_async.py
[2023-08-26T17:19:52.303+0000] {processor.py:766} INFO - DAG(s) dict_keys(['example_time_delta_sensor_async']) retrieved from /home/airflow/.local/lib/python3.7/site-packages/airflow/example_dags/example_time_delta_sensor_async.py
[2023-08-26T17:19:52.397+0000] {logging_mixin.py:120} INFO - [2023-08-26T17:19:52.397+0000] {dag.py:2585} INFO - Sync 1 DAGs
[2023-08-26T17:19:52.411+0000] {logging_mixin.py:120} INFO - [2023-08-26T17:19:52.410+0000] {dag.py:3340} INFO - Setting next_dagrun for example_time_delta_sensor_async to None, run_after=None
[2023-08-26T17:19:52.421+0000] {processor.py:176} INFO - Processing /home/airflow/.local/lib/python3.7/site-packages/airflow/example_dags/example_time_delta_sensor_async.py took 0.129 seconds
[2023-08-26T17:20:22.445+0000] {processor.py:154} INFO - Started process (PID=2097) to work on /home/airflow/.local/lib/python3.7/site-packages/airflow/example_dags/example_time_delta_sensor_async.py
[2023-08-26T17:20:22.446+0000] {processor.py:756} INFO - Processing file /home/airflow/.local/lib/python3.7/site-packages/airflow/example_dags/example_time_delta_sensor_async.py for tasks to queue
[2023-08-26T17:20:22.446+0000] {logging_mixin.py:120} INFO - [2023-08-26T17:20:22.446+0000] {dagbag.py:537} INFO - Filling up the DagBag from /home/airflow/.local/lib/python3.7/site-packages/airflow/example_dags/example_time_delta_sensor_async.py
[2023-08-26T17:20:22.454+0000] {processor.py:766} INFO - DAG(s) dict_keys(['example_time_delta_sensor_async']) retrieved from /home/airflow/.local/lib/python3.7/site-packages/airflow/example_dags/example_time_delta_sensor_async.py
[2023-08-26T17:20:22.548+0000] {logging_mixin.py:120} INFO - [2023-08-26T17:20:22.548+0000] {dag.py:2585} INFO - Sync 1 DAGs
[2023-08-26T17:20:22.562+0000] {logging_mixin.py:120} INFO - [2023-08-26T17:20:22.562+0000] {dag.py:3340} INFO - Setting next_dagrun for example_time_delta_sensor_async to None, run_after=None
[2023-08-26T17:20:22.572+0000] {processor.py:176} INFO - Processing /home/airflow/.local/lib/python3.7/site-packages/airflow/example_dags/example_time_delta_sensor_async.py took 0.129 seconds
[2023-08-26T17:20:52.738+0000] {processor.py:154} INFO - Started process (PID=2160) to work on /home/airflow/.local/lib/python3.7/site-packages/airflow/example_dags/example_time_delta_sensor_async.py
[2023-08-26T17:20:52.739+0000] {processor.py:756} INFO - Processing file /home/airflow/.local/lib/python3.7/site-packages/airflow/example_dags/example_time_delta_sensor_async.py for tasks to queue
[2023-08-26T17:20:52.740+0000] {logging_mixin.py:120} INFO - [2023-08-26T17:20:52.740+0000] {dagbag.py:537} INFO - Filling up the DagBag from /home/airflow/.local/lib/python3.7/site-packages/airflow/example_dags/example_time_delta_sensor_async.py
[2023-08-26T17:20:52.748+0000] {processor.py:766} INFO - DAG(s) dict_keys(['example_time_delta_sensor_async']) retrieved from /home/airflow/.local/lib/python3.7/site-packages/airflow/example_dags/example_time_delta_sensor_async.py
[2023-08-26T17:20:52.847+0000] {logging_mixin.py:120} INFO - [2023-08-26T17:20:52.847+0000] {dag.py:2585} INFO - Sync 1 DAGs
[2023-08-26T17:20:52.860+0000] {logging_mixin.py:120} INFO - [2023-08-26T17:20:52.860+0000] {dag.py:3340} INFO - Setting next_dagrun for example_time_delta_sensor_async to None, run_after=None
[2023-08-26T17:20:52.870+0000] {processor.py:176} INFO - Processing /home/airflow/.local/lib/python3.7/site-packages/airflow/example_dags/example_time_delta_sensor_async.py took 0.134 seconds
[2023-08-26T17:21:22.964+0000] {processor.py:154} INFO - Started process (PID=2223) to work on /home/airflow/.local/lib/python3.7/site-packages/airflow/example_dags/example_time_delta_sensor_async.py
[2023-08-26T17:21:22.964+0000] {processor.py:756} INFO - Processing file /home/airflow/.local/lib/python3.7/site-packages/airflow/example_dags/example_time_delta_sensor_async.py for tasks to queue
[2023-08-26T17:21:22.965+0000] {logging_mixin.py:120} INFO - [2023-08-26T17:21:22.965+0000] {dagbag.py:537} INFO - Filling up the DagBag from /home/airflow/.local/lib/python3.7/site-packages/airflow/example_dags/example_time_delta_sensor_async.py
[2023-08-26T17:21:22.974+0000] {processor.py:766} INFO - DAG(s) dict_keys(['example_time_delta_sensor_async']) retrieved from /home/airflow/.local/lib/python3.7/site-packages/airflow/example_dags/example_time_delta_sensor_async.py
[2023-08-26T17:21:23.076+0000] {logging_mixin.py:120} INFO - [2023-08-26T17:21:23.076+0000] {dag.py:2585} INFO - Sync 1 DAGs
[2023-08-26T17:21:23.092+0000] {logging_mixin.py:120} INFO - [2023-08-26T17:21:23.092+0000] {dag.py:3340} INFO - Setting next_dagrun for example_time_delta_sensor_async to None, run_after=None
[2023-08-26T17:21:23.105+0000] {processor.py:176} INFO - Processing /home/airflow/.local/lib/python3.7/site-packages/airflow/example_dags/example_time_delta_sensor_async.py took 0.144 seconds
[2023-08-26T17:21:53.390+0000] {processor.py:154} INFO - Started process (PID=2277) to work on /home/airflow/.local/lib/python3.7/site-packages/airflow/example_dags/example_time_delta_sensor_async.py
[2023-08-26T17:21:53.391+0000] {processor.py:756} INFO - Processing file /home/airflow/.local/lib/python3.7/site-packages/airflow/example_dags/example_time_delta_sensor_async.py for tasks to queue
[2023-08-26T17:21:53.392+0000] {logging_mixin.py:120} INFO - [2023-08-26T17:21:53.392+0000] {dagbag.py:537} INFO - Filling up the DagBag from /home/airflow/.local/lib/python3.7/site-packages/airflow/example_dags/example_time_delta_sensor_async.py
[2023-08-26T17:21:53.400+0000] {processor.py:766} INFO - DAG(s) dict_keys(['example_time_delta_sensor_async']) retrieved from /home/airflow/.local/lib/python3.7/site-packages/airflow/example_dags/example_time_delta_sensor_async.py
[2023-08-26T17:21:53.510+0000] {logging_mixin.py:120} INFO - [2023-08-26T17:21:53.510+0000] {dag.py:2585} INFO - Sync 1 DAGs
[2023-08-26T17:21:53.523+0000] {logging_mixin.py:120} INFO - [2023-08-26T17:21:53.523+0000] {dag.py:3340} INFO - Setting next_dagrun for example_time_delta_sensor_async to None, run_after=None
[2023-08-26T17:21:53.534+0000] {processor.py:176} INFO - Processing /home/airflow/.local/lib/python3.7/site-packages/airflow/example_dags/example_time_delta_sensor_async.py took 0.146 seconds
[2023-08-26T17:22:23.718+0000] {processor.py:154} INFO - Started process (PID=2340) to work on /home/airflow/.local/lib/python3.7/site-packages/airflow/example_dags/example_time_delta_sensor_async.py
[2023-08-26T17:22:23.719+0000] {processor.py:756} INFO - Processing file /home/airflow/.local/lib/python3.7/site-packages/airflow/example_dags/example_time_delta_sensor_async.py for tasks to queue
[2023-08-26T17:22:23.719+0000] {logging_mixin.py:120} INFO - [2023-08-26T17:22:23.719+0000] {dagbag.py:537} INFO - Filling up the DagBag from /home/airflow/.local/lib/python3.7/site-packages/airflow/example_dags/example_time_delta_sensor_async.py
[2023-08-26T17:22:23.727+0000] {processor.py:766} INFO - DAG(s) dict_keys(['example_time_delta_sensor_async']) retrieved from /home/airflow/.local/lib/python3.7/site-packages/airflow/example_dags/example_time_delta_sensor_async.py
[2023-08-26T17:22:23.819+0000] {logging_mixin.py:120} INFO - [2023-08-26T17:22:23.819+0000] {dag.py:2585} INFO - Sync 1 DAGs
[2023-08-26T17:22:23.833+0000] {logging_mixin.py:120} INFO - [2023-08-26T17:22:23.833+0000] {dag.py:3340} INFO - Setting next_dagrun for example_time_delta_sensor_async to None, run_after=None
[2023-08-26T17:22:23.842+0000] {processor.py:176} INFO - Processing /home/airflow/.local/lib/python3.7/site-packages/airflow/example_dags/example_time_delta_sensor_async.py took 0.126 seconds
[2023-08-26T17:22:54.832+0000] {processor.py:154} INFO - Started process (PID=2401) to work on /home/airflow/.local/lib/python3.7/site-packages/airflow/example_dags/example_time_delta_sensor_async.py
[2023-08-26T17:22:54.833+0000] {processor.py:756} INFO - Processing file /home/airflow/.local/lib/python3.7/site-packages/airflow/example_dags/example_time_delta_sensor_async.py for tasks to queue
[2023-08-26T17:22:54.834+0000] {logging_mixin.py:120} INFO - [2023-08-26T17:22:54.834+0000] {dagbag.py:537} INFO - Filling up the DagBag from /home/airflow/.local/lib/python3.7/site-packages/airflow/example_dags/example_time_delta_sensor_async.py
[2023-08-26T17:22:54.842+0000] {processor.py:766} INFO - DAG(s) dict_keys(['example_time_delta_sensor_async']) retrieved from /home/airflow/.local/lib/python3.7/site-packages/airflow/example_dags/example_time_delta_sensor_async.py
[2023-08-26T17:22:54.955+0000] {logging_mixin.py:120} INFO - [2023-08-26T17:22:54.955+0000] {dag.py:2585} INFO - Sync 1 DAGs
[2023-08-26T17:22:54.972+0000] {logging_mixin.py:120} INFO - [2023-08-26T17:22:54.972+0000] {dag.py:3340} INFO - Setting next_dagrun for example_time_delta_sensor_async to None, run_after=None
[2023-08-26T17:22:54.986+0000] {processor.py:176} INFO - Processing /home/airflow/.local/lib/python3.7/site-packages/airflow/example_dags/example_time_delta_sensor_async.py took 0.157 seconds
[2023-08-26T17:23:25.008+0000] {processor.py:154} INFO - Started process (PID=2465) to work on /home/airflow/.local/lib/python3.7/site-packages/airflow/example_dags/example_time_delta_sensor_async.py
[2023-08-26T17:23:25.009+0000] {processor.py:756} INFO - Processing file /home/airflow/.local/lib/python3.7/site-packages/airflow/example_dags/example_time_delta_sensor_async.py for tasks to queue
[2023-08-26T17:23:25.010+0000] {logging_mixin.py:120} INFO - [2023-08-26T17:23:25.010+0000] {dagbag.py:537} INFO - Filling up the DagBag from /home/airflow/.local/lib/python3.7/site-packages/airflow/example_dags/example_time_delta_sensor_async.py
[2023-08-26T17:23:25.018+0000] {processor.py:766} INFO - DAG(s) dict_keys(['example_time_delta_sensor_async']) retrieved from /home/airflow/.local/lib/python3.7/site-packages/airflow/example_dags/example_time_delta_sensor_async.py
[2023-08-26T17:23:25.119+0000] {logging_mixin.py:120} INFO - [2023-08-26T17:23:25.119+0000] {dag.py:2585} INFO - Sync 1 DAGs
[2023-08-26T17:23:25.133+0000] {logging_mixin.py:120} INFO - [2023-08-26T17:23:25.133+0000] {dag.py:3340} INFO - Setting next_dagrun for example_time_delta_sensor_async to None, run_after=None
[2023-08-26T17:23:25.145+0000] {processor.py:176} INFO - Processing /home/airflow/.local/lib/python3.7/site-packages/airflow/example_dags/example_time_delta_sensor_async.py took 0.139 seconds
[2023-08-26T17:23:55.285+0000] {processor.py:154} INFO - Started process (PID=2527) to work on /home/airflow/.local/lib/python3.7/site-packages/airflow/example_dags/example_time_delta_sensor_async.py
[2023-08-26T17:23:55.286+0000] {processor.py:756} INFO - Processing file /home/airflow/.local/lib/python3.7/site-packages/airflow/example_dags/example_time_delta_sensor_async.py for tasks to queue
[2023-08-26T17:23:55.286+0000] {logging_mixin.py:120} INFO - [2023-08-26T17:23:55.286+0000] {dagbag.py:537} INFO - Filling up the DagBag from /home/airflow/.local/lib/python3.7/site-packages/airflow/example_dags/example_time_delta_sensor_async.py
[2023-08-26T17:23:55.294+0000] {processor.py:766} INFO - DAG(s) dict_keys(['example_time_delta_sensor_async']) retrieved from /home/airflow/.local/lib/python3.7/site-packages/airflow/example_dags/example_time_delta_sensor_async.py
[2023-08-26T17:23:55.394+0000] {logging_mixin.py:120} INFO - [2023-08-26T17:23:55.393+0000] {dag.py:2585} INFO - Sync 1 DAGs
[2023-08-26T17:23:55.407+0000] {logging_mixin.py:120} INFO - [2023-08-26T17:23:55.407+0000] {dag.py:3340} INFO - Setting next_dagrun for example_time_delta_sensor_async to None, run_after=None
[2023-08-26T17:23:55.417+0000] {processor.py:176} INFO - Processing /home/airflow/.local/lib/python3.7/site-packages/airflow/example_dags/example_time_delta_sensor_async.py took 0.135 seconds
[2023-08-26T17:24:25.633+0000] {processor.py:154} INFO - Started process (PID=2590) to work on /home/airflow/.local/lib/python3.7/site-packages/airflow/example_dags/example_time_delta_sensor_async.py
[2023-08-26T17:24:25.639+0000] {processor.py:756} INFO - Processing file /home/airflow/.local/lib/python3.7/site-packages/airflow/example_dags/example_time_delta_sensor_async.py for tasks to queue
[2023-08-26T17:24:25.640+0000] {logging_mixin.py:120} INFO - [2023-08-26T17:24:25.639+0000] {dagbag.py:537} INFO - Filling up the DagBag from /home/airflow/.local/lib/python3.7/site-packages/airflow/example_dags/example_time_delta_sensor_async.py
[2023-08-26T17:24:25.656+0000] {processor.py:766} INFO - DAG(s) dict_keys(['example_time_delta_sensor_async']) retrieved from /home/airflow/.local/lib/python3.7/site-packages/airflow/example_dags/example_time_delta_sensor_async.py
[2023-08-26T17:24:25.869+0000] {logging_mixin.py:120} INFO - [2023-08-26T17:24:25.869+0000] {dag.py:2585} INFO - Sync 1 DAGs
[2023-08-26T17:24:25.886+0000] {logging_mixin.py:120} INFO - [2023-08-26T17:24:25.886+0000] {dag.py:3340} INFO - Setting next_dagrun for example_time_delta_sensor_async to None, run_after=None
[2023-08-26T17:24:25.897+0000] {processor.py:176} INFO - Processing /home/airflow/.local/lib/python3.7/site-packages/airflow/example_dags/example_time_delta_sensor_async.py took 0.258 seconds
[2023-08-26T17:24:56.812+0000] {processor.py:154} INFO - Started process (PID=2645) to work on /home/airflow/.local/lib/python3.7/site-packages/airflow/example_dags/example_time_delta_sensor_async.py
[2023-08-26T17:24:56.812+0000] {processor.py:756} INFO - Processing file /home/airflow/.local/lib/python3.7/site-packages/airflow/example_dags/example_time_delta_sensor_async.py for tasks to queue
[2023-08-26T17:24:56.813+0000] {logging_mixin.py:120} INFO - [2023-08-26T17:24:56.813+0000] {dagbag.py:537} INFO - Filling up the DagBag from /home/airflow/.local/lib/python3.7/site-packages/airflow/example_dags/example_time_delta_sensor_async.py
[2023-08-26T17:24:56.824+0000] {processor.py:766} INFO - DAG(s) dict_keys(['example_time_delta_sensor_async']) retrieved from /home/airflow/.local/lib/python3.7/site-packages/airflow/example_dags/example_time_delta_sensor_async.py
[2023-08-26T17:24:56.943+0000] {logging_mixin.py:120} INFO - [2023-08-26T17:24:56.943+0000] {dag.py:2585} INFO - Sync 1 DAGs
[2023-08-26T17:24:56.960+0000] {logging_mixin.py:120} INFO - [2023-08-26T17:24:56.960+0000] {dag.py:3340} INFO - Setting next_dagrun for example_time_delta_sensor_async to None, run_after=None
[2023-08-26T17:24:56.970+0000] {processor.py:176} INFO - Processing /home/airflow/.local/lib/python3.7/site-packages/airflow/example_dags/example_time_delta_sensor_async.py took 0.161 seconds
[2023-08-26T17:25:27.237+0000] {processor.py:154} INFO - Started process (PID=2709) to work on /home/airflow/.local/lib/python3.7/site-packages/airflow/example_dags/example_time_delta_sensor_async.py
[2023-08-26T17:25:27.237+0000] {processor.py:756} INFO - Processing file /home/airflow/.local/lib/python3.7/site-packages/airflow/example_dags/example_time_delta_sensor_async.py for tasks to queue
[2023-08-26T17:25:27.238+0000] {logging_mixin.py:120} INFO - [2023-08-26T17:25:27.238+0000] {dagbag.py:537} INFO - Filling up the DagBag from /home/airflow/.local/lib/python3.7/site-packages/airflow/example_dags/example_time_delta_sensor_async.py
[2023-08-26T17:25:27.247+0000] {processor.py:766} INFO - DAG(s) dict_keys(['example_time_delta_sensor_async']) retrieved from /home/airflow/.local/lib/python3.7/site-packages/airflow/example_dags/example_time_delta_sensor_async.py
[2023-08-26T17:25:27.352+0000] {logging_mixin.py:120} INFO - [2023-08-26T17:25:27.352+0000] {dag.py:2585} INFO - Sync 1 DAGs
[2023-08-26T17:25:27.367+0000] {logging_mixin.py:120} INFO - [2023-08-26T17:25:27.366+0000] {dag.py:3340} INFO - Setting next_dagrun for example_time_delta_sensor_async to None, run_after=None
[2023-08-26T17:25:27.378+0000] {processor.py:176} INFO - Processing /home/airflow/.local/lib/python3.7/site-packages/airflow/example_dags/example_time_delta_sensor_async.py took 0.144 seconds
[2023-08-26T17:25:57.417+0000] {processor.py:154} INFO - Started process (PID=2772) to work on /home/airflow/.local/lib/python3.7/site-packages/airflow/example_dags/example_time_delta_sensor_async.py
[2023-08-26T17:25:57.418+0000] {processor.py:756} INFO - Processing file /home/airflow/.local/lib/python3.7/site-packages/airflow/example_dags/example_time_delta_sensor_async.py for tasks to queue
[2023-08-26T17:25:57.418+0000] {logging_mixin.py:120} INFO - [2023-08-26T17:25:57.418+0000] {dagbag.py:537} INFO - Filling up the DagBag from /home/airflow/.local/lib/python3.7/site-packages/airflow/example_dags/example_time_delta_sensor_async.py
[2023-08-26T17:25:57.426+0000] {processor.py:766} INFO - DAG(s) dict_keys(['example_time_delta_sensor_async']) retrieved from /home/airflow/.local/lib/python3.7/site-packages/airflow/example_dags/example_time_delta_sensor_async.py
[2023-08-26T17:25:57.523+0000] {logging_mixin.py:120} INFO - [2023-08-26T17:25:57.523+0000] {dag.py:2585} INFO - Sync 1 DAGs
[2023-08-26T17:25:57.536+0000] {logging_mixin.py:120} INFO - [2023-08-26T17:25:57.536+0000] {dag.py:3340} INFO - Setting next_dagrun for example_time_delta_sensor_async to None, run_after=None
[2023-08-26T17:25:57.544+0000] {processor.py:176} INFO - Processing /home/airflow/.local/lib/python3.7/site-packages/airflow/example_dags/example_time_delta_sensor_async.py took 0.130 seconds
[2023-08-26T17:26:28.527+0000] {processor.py:154} INFO - Started process (PID=2835) to work on /home/airflow/.local/lib/python3.7/site-packages/airflow/example_dags/example_time_delta_sensor_async.py
[2023-08-26T17:26:28.528+0000] {processor.py:756} INFO - Processing file /home/airflow/.local/lib/python3.7/site-packages/airflow/example_dags/example_time_delta_sensor_async.py for tasks to queue
[2023-08-26T17:26:28.529+0000] {logging_mixin.py:120} INFO - [2023-08-26T17:26:28.529+0000] {dagbag.py:537} INFO - Filling up the DagBag from /home/airflow/.local/lib/python3.7/site-packages/airflow/example_dags/example_time_delta_sensor_async.py
[2023-08-26T17:26:28.544+0000] {processor.py:766} INFO - DAG(s) dict_keys(['example_time_delta_sensor_async']) retrieved from /home/airflow/.local/lib/python3.7/site-packages/airflow/example_dags/example_time_delta_sensor_async.py
[2023-08-26T17:26:28.653+0000] {logging_mixin.py:120} INFO - [2023-08-26T17:26:28.653+0000] {dag.py:2585} INFO - Sync 1 DAGs
[2023-08-26T17:26:28.666+0000] {logging_mixin.py:120} INFO - [2023-08-26T17:26:28.666+0000] {dag.py:3340} INFO - Setting next_dagrun for example_time_delta_sensor_async to None, run_after=None
[2023-08-26T17:26:28.676+0000] {processor.py:176} INFO - Processing /home/airflow/.local/lib/python3.7/site-packages/airflow/example_dags/example_time_delta_sensor_async.py took 0.155 seconds
[2023-08-26T17:26:59.454+0000] {processor.py:154} INFO - Started process (PID=2897) to work on /home/airflow/.local/lib/python3.7/site-packages/airflow/example_dags/example_time_delta_sensor_async.py
[2023-08-26T17:26:59.456+0000] {processor.py:756} INFO - Processing file /home/airflow/.local/lib/python3.7/site-packages/airflow/example_dags/example_time_delta_sensor_async.py for tasks to queue
[2023-08-26T17:26:59.457+0000] {logging_mixin.py:120} INFO - [2023-08-26T17:26:59.456+0000] {dagbag.py:537} INFO - Filling up the DagBag from /home/airflow/.local/lib/python3.7/site-packages/airflow/example_dags/example_time_delta_sensor_async.py
[2023-08-26T17:26:59.471+0000] {processor.py:766} INFO - DAG(s) dict_keys(['example_time_delta_sensor_async']) retrieved from /home/airflow/.local/lib/python3.7/site-packages/airflow/example_dags/example_time_delta_sensor_async.py
[2023-08-26T17:26:59.579+0000] {logging_mixin.py:120} INFO - [2023-08-26T17:26:59.579+0000] {dag.py:2585} INFO - Sync 1 DAGs
[2023-08-26T17:26:59.593+0000] {logging_mixin.py:120} INFO - [2023-08-26T17:26:59.593+0000] {dag.py:3340} INFO - Setting next_dagrun for example_time_delta_sensor_async to None, run_after=None
[2023-08-26T17:26:59.604+0000] {processor.py:176} INFO - Processing /home/airflow/.local/lib/python3.7/site-packages/airflow/example_dags/example_time_delta_sensor_async.py took 0.153 seconds
[2023-08-26T17:27:30.514+0000] {processor.py:154} INFO - Started process (PID=2959) to work on /home/airflow/.local/lib/python3.7/site-packages/airflow/example_dags/example_time_delta_sensor_async.py
[2023-08-26T17:27:30.515+0000] {processor.py:756} INFO - Processing file /home/airflow/.local/lib/python3.7/site-packages/airflow/example_dags/example_time_delta_sensor_async.py for tasks to queue
[2023-08-26T17:27:30.516+0000] {logging_mixin.py:120} INFO - [2023-08-26T17:27:30.516+0000] {dagbag.py:537} INFO - Filling up the DagBag from /home/airflow/.local/lib/python3.7/site-packages/airflow/example_dags/example_time_delta_sensor_async.py
[2023-08-26T17:27:30.529+0000] {processor.py:766} INFO - DAG(s) dict_keys(['example_time_delta_sensor_async']) retrieved from /home/airflow/.local/lib/python3.7/site-packages/airflow/example_dags/example_time_delta_sensor_async.py
[2023-08-26T17:27:30.628+0000] {logging_mixin.py:120} INFO - [2023-08-26T17:27:30.628+0000] {dag.py:2585} INFO - Sync 1 DAGs
[2023-08-26T17:27:30.641+0000] {logging_mixin.py:120} INFO - [2023-08-26T17:27:30.641+0000] {dag.py:3340} INFO - Setting next_dagrun for example_time_delta_sensor_async to None, run_after=None
[2023-08-26T17:27:30.651+0000] {processor.py:176} INFO - Processing /home/airflow/.local/lib/python3.7/site-packages/airflow/example_dags/example_time_delta_sensor_async.py took 0.142 seconds
[2023-08-26T17:28:00.672+0000] {processor.py:154} INFO - Started process (PID=3021) to work on /home/airflow/.local/lib/python3.7/site-packages/airflow/example_dags/example_time_delta_sensor_async.py
[2023-08-26T17:28:00.674+0000] {processor.py:756} INFO - Processing file /home/airflow/.local/lib/python3.7/site-packages/airflow/example_dags/example_time_delta_sensor_async.py for tasks to queue
[2023-08-26T17:28:00.675+0000] {logging_mixin.py:120} INFO - [2023-08-26T17:28:00.675+0000] {dagbag.py:537} INFO - Filling up the DagBag from /home/airflow/.local/lib/python3.7/site-packages/airflow/example_dags/example_time_delta_sensor_async.py
[2023-08-26T17:28:00.683+0000] {processor.py:766} INFO - DAG(s) dict_keys(['example_time_delta_sensor_async']) retrieved from /home/airflow/.local/lib/python3.7/site-packages/airflow/example_dags/example_time_delta_sensor_async.py
[2023-08-26T17:28:00.798+0000] {logging_mixin.py:120} INFO - [2023-08-26T17:28:00.797+0000] {dag.py:2585} INFO - Sync 1 DAGs
[2023-08-26T17:28:00.829+0000] {logging_mixin.py:120} INFO - [2023-08-26T17:28:00.828+0000] {dag.py:3340} INFO - Setting next_dagrun for example_time_delta_sensor_async to None, run_after=None
[2023-08-26T17:28:00.846+0000] {processor.py:176} INFO - Processing /home/airflow/.local/lib/python3.7/site-packages/airflow/example_dags/example_time_delta_sensor_async.py took 0.177 seconds
[2023-08-26T17:28:31.784+0000] {processor.py:154} INFO - Started process (PID=3075) to work on /home/airflow/.local/lib/python3.7/site-packages/airflow/example_dags/example_time_delta_sensor_async.py
[2023-08-26T17:28:31.785+0000] {processor.py:756} INFO - Processing file /home/airflow/.local/lib/python3.7/site-packages/airflow/example_dags/example_time_delta_sensor_async.py for tasks to queue
[2023-08-26T17:28:31.785+0000] {logging_mixin.py:120} INFO - [2023-08-26T17:28:31.785+0000] {dagbag.py:537} INFO - Filling up the DagBag from /home/airflow/.local/lib/python3.7/site-packages/airflow/example_dags/example_time_delta_sensor_async.py
[2023-08-26T17:28:31.797+0000] {processor.py:766} INFO - DAG(s) dict_keys(['example_time_delta_sensor_async']) retrieved from /home/airflow/.local/lib/python3.7/site-packages/airflow/example_dags/example_time_delta_sensor_async.py
[2023-08-26T17:28:31.906+0000] {logging_mixin.py:120} INFO - [2023-08-26T17:28:31.906+0000] {dag.py:2585} INFO - Sync 1 DAGs
[2023-08-26T17:28:31.923+0000] {logging_mixin.py:120} INFO - [2023-08-26T17:28:31.923+0000] {dag.py:3340} INFO - Setting next_dagrun for example_time_delta_sensor_async to None, run_after=None
[2023-08-26T17:28:31.937+0000] {processor.py:176} INFO - Processing /home/airflow/.local/lib/python3.7/site-packages/airflow/example_dags/example_time_delta_sensor_async.py took 0.155 seconds
[2023-08-26T17:29:02.065+0000] {processor.py:154} INFO - Started process (PID=3137) to work on /home/airflow/.local/lib/python3.7/site-packages/airflow/example_dags/example_time_delta_sensor_async.py
[2023-08-26T17:29:02.066+0000] {processor.py:756} INFO - Processing file /home/airflow/.local/lib/python3.7/site-packages/airflow/example_dags/example_time_delta_sensor_async.py for tasks to queue
[2023-08-26T17:29:02.067+0000] {logging_mixin.py:120} INFO - [2023-08-26T17:29:02.066+0000] {dagbag.py:537} INFO - Filling up the DagBag from /home/airflow/.local/lib/python3.7/site-packages/airflow/example_dags/example_time_delta_sensor_async.py
[2023-08-26T17:29:02.078+0000] {processor.py:766} INFO - DAG(s) dict_keys(['example_time_delta_sensor_async']) retrieved from /home/airflow/.local/lib/python3.7/site-packages/airflow/example_dags/example_time_delta_sensor_async.py
[2023-08-26T17:29:02.187+0000] {logging_mixin.py:120} INFO - [2023-08-26T17:29:02.186+0000] {dag.py:2585} INFO - Sync 1 DAGs
[2023-08-26T17:29:02.201+0000] {logging_mixin.py:120} INFO - [2023-08-26T17:29:02.201+0000] {dag.py:3340} INFO - Setting next_dagrun for example_time_delta_sensor_async to None, run_after=None
[2023-08-26T17:29:02.211+0000] {processor.py:176} INFO - Processing /home/airflow/.local/lib/python3.7/site-packages/airflow/example_dags/example_time_delta_sensor_async.py took 0.150 seconds
[2023-08-26T17:29:32.233+0000] {processor.py:154} INFO - Started process (PID=3200) to work on /home/airflow/.local/lib/python3.7/site-packages/airflow/example_dags/example_time_delta_sensor_async.py
[2023-08-26T17:29:32.234+0000] {processor.py:756} INFO - Processing file /home/airflow/.local/lib/python3.7/site-packages/airflow/example_dags/example_time_delta_sensor_async.py for tasks to queue
[2023-08-26T17:29:32.235+0000] {logging_mixin.py:120} INFO - [2023-08-26T17:29:32.235+0000] {dagbag.py:537} INFO - Filling up the DagBag from /home/airflow/.local/lib/python3.7/site-packages/airflow/example_dags/example_time_delta_sensor_async.py
[2023-08-26T17:29:32.245+0000] {processor.py:766} INFO - DAG(s) dict_keys(['example_time_delta_sensor_async']) retrieved from /home/airflow/.local/lib/python3.7/site-packages/airflow/example_dags/example_time_delta_sensor_async.py
[2023-08-26T17:29:32.349+0000] {logging_mixin.py:120} INFO - [2023-08-26T17:29:32.349+0000] {dag.py:2585} INFO - Sync 1 DAGs
[2023-08-26T17:29:32.365+0000] {logging_mixin.py:120} INFO - [2023-08-26T17:29:32.365+0000] {dag.py:3340} INFO - Setting next_dagrun for example_time_delta_sensor_async to None, run_after=None
[2023-08-26T17:29:32.377+0000] {processor.py:176} INFO - Processing /home/airflow/.local/lib/python3.7/site-packages/airflow/example_dags/example_time_delta_sensor_async.py took 0.148 seconds
[2023-08-26T17:30:02.464+0000] {processor.py:154} INFO - Started process (PID=3262) to work on /home/airflow/.local/lib/python3.7/site-packages/airflow/example_dags/example_time_delta_sensor_async.py
[2023-08-26T17:30:02.465+0000] {processor.py:756} INFO - Processing file /home/airflow/.local/lib/python3.7/site-packages/airflow/example_dags/example_time_delta_sensor_async.py for tasks to queue
[2023-08-26T17:30:02.466+0000] {logging_mixin.py:120} INFO - [2023-08-26T17:30:02.466+0000] {dagbag.py:537} INFO - Filling up the DagBag from /home/airflow/.local/lib/python3.7/site-packages/airflow/example_dags/example_time_delta_sensor_async.py
[2023-08-26T17:30:02.483+0000] {processor.py:766} INFO - DAG(s) dict_keys(['example_time_delta_sensor_async']) retrieved from /home/airflow/.local/lib/python3.7/site-packages/airflow/example_dags/example_time_delta_sensor_async.py
[2023-08-26T17:30:02.606+0000] {logging_mixin.py:120} INFO - [2023-08-26T17:30:02.606+0000] {dag.py:2585} INFO - Sync 1 DAGs
[2023-08-26T17:30:02.625+0000] {logging_mixin.py:120} INFO - [2023-08-26T17:30:02.625+0000] {dag.py:3340} INFO - Setting next_dagrun for example_time_delta_sensor_async to None, run_after=None
[2023-08-26T17:30:02.640+0000] {processor.py:176} INFO - Processing /home/airflow/.local/lib/python3.7/site-packages/airflow/example_dags/example_time_delta_sensor_async.py took 0.181 seconds
[2023-08-26T17:30:32.695+0000] {processor.py:154} INFO - Started process (PID=3326) to work on /home/airflow/.local/lib/python3.7/site-packages/airflow/example_dags/example_time_delta_sensor_async.py
[2023-08-26T17:30:32.696+0000] {processor.py:756} INFO - Processing file /home/airflow/.local/lib/python3.7/site-packages/airflow/example_dags/example_time_delta_sensor_async.py for tasks to queue
[2023-08-26T17:30:32.697+0000] {logging_mixin.py:120} INFO - [2023-08-26T17:30:32.697+0000] {dagbag.py:537} INFO - Filling up the DagBag from /home/airflow/.local/lib/python3.7/site-packages/airflow/example_dags/example_time_delta_sensor_async.py
[2023-08-26T17:30:32.708+0000] {processor.py:766} INFO - DAG(s) dict_keys(['example_time_delta_sensor_async']) retrieved from /home/airflow/.local/lib/python3.7/site-packages/airflow/example_dags/example_time_delta_sensor_async.py
[2023-08-26T17:30:32.812+0000] {logging_mixin.py:120} INFO - [2023-08-26T17:30:32.812+0000] {dag.py:2585} INFO - Sync 1 DAGs
[2023-08-26T17:30:32.828+0000] {logging_mixin.py:120} INFO - [2023-08-26T17:30:32.828+0000] {dag.py:3340} INFO - Setting next_dagrun for example_time_delta_sensor_async to None, run_after=None
[2023-08-26T17:30:32.839+0000] {processor.py:176} INFO - Processing /home/airflow/.local/lib/python3.7/site-packages/airflow/example_dags/example_time_delta_sensor_async.py took 0.147 seconds
[2023-08-26T17:31:02.882+0000] {processor.py:154} INFO - Started process (PID=3380) to work on /home/airflow/.local/lib/python3.7/site-packages/airflow/example_dags/example_time_delta_sensor_async.py
[2023-08-26T17:31:02.883+0000] {processor.py:756} INFO - Processing file /home/airflow/.local/lib/python3.7/site-packages/airflow/example_dags/example_time_delta_sensor_async.py for tasks to queue
[2023-08-26T17:31:02.885+0000] {logging_mixin.py:120} INFO - [2023-08-26T17:31:02.884+0000] {dagbag.py:537} INFO - Filling up the DagBag from /home/airflow/.local/lib/python3.7/site-packages/airflow/example_dags/example_time_delta_sensor_async.py
[2023-08-26T17:31:02.899+0000] {processor.py:766} INFO - DAG(s) dict_keys(['example_time_delta_sensor_async']) retrieved from /home/airflow/.local/lib/python3.7/site-packages/airflow/example_dags/example_time_delta_sensor_async.py
[2023-08-26T17:31:03.014+0000] {logging_mixin.py:120} INFO - [2023-08-26T17:31:03.014+0000] {dag.py:2585} INFO - Sync 1 DAGs
[2023-08-26T17:31:03.030+0000] {logging_mixin.py:120} INFO - [2023-08-26T17:31:03.030+0000] {dag.py:3340} INFO - Setting next_dagrun for example_time_delta_sensor_async to None, run_after=None
[2023-08-26T17:31:03.041+0000] {processor.py:176} INFO - Processing /home/airflow/.local/lib/python3.7/site-packages/airflow/example_dags/example_time_delta_sensor_async.py took 0.163 seconds
[2023-08-26T17:31:33.115+0000] {processor.py:154} INFO - Started process (PID=3443) to work on /home/airflow/.local/lib/python3.7/site-packages/airflow/example_dags/example_time_delta_sensor_async.py
[2023-08-26T17:31:33.116+0000] {processor.py:756} INFO - Processing file /home/airflow/.local/lib/python3.7/site-packages/airflow/example_dags/example_time_delta_sensor_async.py for tasks to queue
[2023-08-26T17:31:33.119+0000] {logging_mixin.py:120} INFO - [2023-08-26T17:31:33.117+0000] {dagbag.py:537} INFO - Filling up the DagBag from /home/airflow/.local/lib/python3.7/site-packages/airflow/example_dags/example_time_delta_sensor_async.py
[2023-08-26T17:31:33.132+0000] {processor.py:766} INFO - DAG(s) dict_keys(['example_time_delta_sensor_async']) retrieved from /home/airflow/.local/lib/python3.7/site-packages/airflow/example_dags/example_time_delta_sensor_async.py
[2023-08-26T17:31:33.239+0000] {logging_mixin.py:120} INFO - [2023-08-26T17:31:33.239+0000] {dag.py:2585} INFO - Sync 1 DAGs
[2023-08-26T17:31:33.253+0000] {logging_mixin.py:120} INFO - [2023-08-26T17:31:33.253+0000] {dag.py:3340} INFO - Setting next_dagrun for example_time_delta_sensor_async to None, run_after=None
[2023-08-26T17:31:33.263+0000] {processor.py:176} INFO - Processing /home/airflow/.local/lib/python3.7/site-packages/airflow/example_dags/example_time_delta_sensor_async.py took 0.152 seconds
