[2023-08-26T17:03:30.956+0000] {processor.py:154} INFO - Started process (PID=36) to work on /home/airflow/.local/lib/python3.7/site-packages/airflow/example_dags/example_python_operator.py
[2023-08-26T17:03:30.957+0000] {processor.py:756} INFO - Processing file /home/airflow/.local/lib/python3.7/site-packages/airflow/example_dags/example_python_operator.py for tasks to queue
[2023-08-26T17:03:30.957+0000] {logging_mixin.py:120} INFO - [2023-08-26T17:03:30.957+0000] {dagbag.py:537} INFO - Filling up the DagBag from /home/airflow/.local/lib/python3.7/site-packages/airflow/example_dags/example_python_operator.py
[2023-08-26T17:03:30.968+0000] {logging_mixin.py:120} INFO - [2023-08-26T17:03:30.968+0000] {taskmixin.py:205} WARNING - Dependency <Task(_PythonDecoratedOperator): print_the_context>, log_sql_query already registered for DAG: example_python_operator
[2023-08-26T17:03:30.968+0000] {logging_mixin.py:120} INFO - [2023-08-26T17:03:30.968+0000] {taskmixin.py:205} WARNING - Dependency <Task(_PythonDecoratedOperator): log_sql_query>, print_the_context already registered for DAG: example_python_operator
[2023-08-26T17:03:30.969+0000] {logging_mixin.py:120} INFO - [2023-08-26T17:03:30.969+0000] {taskmixin.py:205} WARNING - Dependency <Task(_PythonDecoratedOperator): print_the_context>, log_sql_query already registered for DAG: example_python_operator
[2023-08-26T17:03:30.969+0000] {logging_mixin.py:120} INFO - [2023-08-26T17:03:30.969+0000] {taskmixin.py:205} WARNING - Dependency <Task(_PythonDecoratedOperator): log_sql_query>, print_the_context already registered for DAG: example_python_operator
[2023-08-26T17:03:30.970+0000] {logging_mixin.py:120} INFO - [2023-08-26T17:03:30.970+0000] {taskmixin.py:205} WARNING - Dependency <Task(_PythonDecoratedOperator): print_the_context>, log_sql_query already registered for DAG: example_python_operator
[2023-08-26T17:03:30.970+0000] {logging_mixin.py:120} INFO - [2023-08-26T17:03:30.970+0000] {taskmixin.py:205} WARNING - Dependency <Task(_PythonDecoratedOperator): log_sql_query>, print_the_context already registered for DAG: example_python_operator
[2023-08-26T17:03:30.970+0000] {logging_mixin.py:120} INFO - [2023-08-26T17:03:30.970+0000] {taskmixin.py:205} WARNING - Dependency <Task(_PythonDecoratedOperator): print_the_context>, log_sql_query already registered for DAG: example_python_operator
[2023-08-26T17:03:30.971+0000] {logging_mixin.py:120} INFO - [2023-08-26T17:03:30.971+0000] {taskmixin.py:205} WARNING - Dependency <Task(_PythonDecoratedOperator): log_sql_query>, print_the_context already registered for DAG: example_python_operator
[2023-08-26T17:03:30.976+0000] {processor.py:766} INFO - DAG(s) dict_keys(['example_python_operator']) retrieved from /home/airflow/.local/lib/python3.7/site-packages/airflow/example_dags/example_python_operator.py
[2023-08-26T17:03:31.047+0000] {logging_mixin.py:120} INFO - [2023-08-26T17:03:31.047+0000] {manager.py:507} INFO - Created Permission View: can edit on DAG:example_python_operator
[2023-08-26T17:03:31.052+0000] {logging_mixin.py:120} INFO - [2023-08-26T17:03:31.052+0000] {manager.py:507} INFO - Created Permission View: can read on DAG:example_python_operator
[2023-08-26T17:03:31.056+0000] {logging_mixin.py:120} INFO - [2023-08-26T17:03:31.056+0000] {manager.py:507} INFO - Created Permission View: can delete on DAG:example_python_operator
[2023-08-26T17:03:31.056+0000] {logging_mixin.py:120} INFO - [2023-08-26T17:03:31.056+0000] {dag.py:2585} INFO - Sync 1 DAGs
[2023-08-26T17:03:31.064+0000] {logging_mixin.py:120} INFO - [2023-08-26T17:03:31.063+0000] {dag.py:2606} INFO - Creating ORM DAG for example_python_operator
[2023-08-26T17:03:31.071+0000] {logging_mixin.py:120} INFO - [2023-08-26T17:03:31.071+0000] {dag.py:3340} INFO - Setting next_dagrun for example_python_operator to None, run_after=None
[2023-08-26T17:03:31.082+0000] {processor.py:176} INFO - Processing /home/airflow/.local/lib/python3.7/site-packages/airflow/example_dags/example_python_operator.py took 0.128 seconds
[2023-08-26T17:04:01.404+0000] {processor.py:154} INFO - Started process (PID=98) to work on /home/airflow/.local/lib/python3.7/site-packages/airflow/example_dags/example_python_operator.py
[2023-08-26T17:04:01.404+0000] {processor.py:756} INFO - Processing file /home/airflow/.local/lib/python3.7/site-packages/airflow/example_dags/example_python_operator.py for tasks to queue
[2023-08-26T17:04:01.405+0000] {logging_mixin.py:120} INFO - [2023-08-26T17:04:01.405+0000] {dagbag.py:537} INFO - Filling up the DagBag from /home/airflow/.local/lib/python3.7/site-packages/airflow/example_dags/example_python_operator.py
[2023-08-26T17:04:01.414+0000] {logging_mixin.py:120} INFO - [2023-08-26T17:04:01.414+0000] {taskmixin.py:205} WARNING - Dependency <Task(_PythonDecoratedOperator): print_the_context>, log_sql_query already registered for DAG: example_python_operator
[2023-08-26T17:04:01.414+0000] {logging_mixin.py:120} INFO - [2023-08-26T17:04:01.414+0000] {taskmixin.py:205} WARNING - Dependency <Task(_PythonDecoratedOperator): log_sql_query>, print_the_context already registered for DAG: example_python_operator
[2023-08-26T17:04:01.414+0000] {logging_mixin.py:120} INFO - [2023-08-26T17:04:01.414+0000] {taskmixin.py:205} WARNING - Dependency <Task(_PythonDecoratedOperator): print_the_context>, log_sql_query already registered for DAG: example_python_operator
[2023-08-26T17:04:01.415+0000] {logging_mixin.py:120} INFO - [2023-08-26T17:04:01.415+0000] {taskmixin.py:205} WARNING - Dependency <Task(_PythonDecoratedOperator): log_sql_query>, print_the_context already registered for DAG: example_python_operator
[2023-08-26T17:04:01.415+0000] {logging_mixin.py:120} INFO - [2023-08-26T17:04:01.415+0000] {taskmixin.py:205} WARNING - Dependency <Task(_PythonDecoratedOperator): print_the_context>, log_sql_query already registered for DAG: example_python_operator
[2023-08-26T17:04:01.415+0000] {logging_mixin.py:120} INFO - [2023-08-26T17:04:01.415+0000] {taskmixin.py:205} WARNING - Dependency <Task(_PythonDecoratedOperator): log_sql_query>, print_the_context already registered for DAG: example_python_operator
[2023-08-26T17:04:01.416+0000] {logging_mixin.py:120} INFO - [2023-08-26T17:04:01.416+0000] {taskmixin.py:205} WARNING - Dependency <Task(_PythonDecoratedOperator): print_the_context>, log_sql_query already registered for DAG: example_python_operator
[2023-08-26T17:04:01.416+0000] {logging_mixin.py:120} INFO - [2023-08-26T17:04:01.416+0000] {taskmixin.py:205} WARNING - Dependency <Task(_PythonDecoratedOperator): log_sql_query>, print_the_context already registered for DAG: example_python_operator
[2023-08-26T17:04:01.422+0000] {processor.py:766} INFO - DAG(s) dict_keys(['example_python_operator']) retrieved from /home/airflow/.local/lib/python3.7/site-packages/airflow/example_dags/example_python_operator.py
[2023-08-26T17:04:01.446+0000] {logging_mixin.py:120} INFO - [2023-08-26T17:04:01.446+0000] {dag.py:2585} INFO - Sync 1 DAGs
[2023-08-26T17:04:01.459+0000] {logging_mixin.py:120} INFO - [2023-08-26T17:04:01.459+0000] {dag.py:3340} INFO - Setting next_dagrun for example_python_operator to None, run_after=None
[2023-08-26T17:04:01.468+0000] {processor.py:176} INFO - Processing /home/airflow/.local/lib/python3.7/site-packages/airflow/example_dags/example_python_operator.py took 0.066 seconds
[2023-08-26T17:04:32.269+0000] {processor.py:154} INFO - Started process (PID=162) to work on /home/airflow/.local/lib/python3.7/site-packages/airflow/example_dags/example_python_operator.py
[2023-08-26T17:04:32.270+0000] {processor.py:756} INFO - Processing file /home/airflow/.local/lib/python3.7/site-packages/airflow/example_dags/example_python_operator.py for tasks to queue
[2023-08-26T17:04:32.271+0000] {logging_mixin.py:120} INFO - [2023-08-26T17:04:32.271+0000] {dagbag.py:537} INFO - Filling up the DagBag from /home/airflow/.local/lib/python3.7/site-packages/airflow/example_dags/example_python_operator.py
[2023-08-26T17:04:32.282+0000] {logging_mixin.py:120} INFO - [2023-08-26T17:04:32.282+0000] {taskmixin.py:205} WARNING - Dependency <Task(_PythonDecoratedOperator): print_the_context>, log_sql_query already registered for DAG: example_python_operator
[2023-08-26T17:04:32.283+0000] {logging_mixin.py:120} INFO - [2023-08-26T17:04:32.283+0000] {taskmixin.py:205} WARNING - Dependency <Task(_PythonDecoratedOperator): log_sql_query>, print_the_context already registered for DAG: example_python_operator
[2023-08-26T17:04:32.283+0000] {logging_mixin.py:120} INFO - [2023-08-26T17:04:32.283+0000] {taskmixin.py:205} WARNING - Dependency <Task(_PythonDecoratedOperator): print_the_context>, log_sql_query already registered for DAG: example_python_operator
[2023-08-26T17:04:32.283+0000] {logging_mixin.py:120} INFO - [2023-08-26T17:04:32.283+0000] {taskmixin.py:205} WARNING - Dependency <Task(_PythonDecoratedOperator): log_sql_query>, print_the_context already registered for DAG: example_python_operator
[2023-08-26T17:04:32.284+0000] {logging_mixin.py:120} INFO - [2023-08-26T17:04:32.283+0000] {taskmixin.py:205} WARNING - Dependency <Task(_PythonDecoratedOperator): print_the_context>, log_sql_query already registered for DAG: example_python_operator
[2023-08-26T17:04:32.284+0000] {logging_mixin.py:120} INFO - [2023-08-26T17:04:32.284+0000] {taskmixin.py:205} WARNING - Dependency <Task(_PythonDecoratedOperator): log_sql_query>, print_the_context already registered for DAG: example_python_operator
[2023-08-26T17:04:32.284+0000] {logging_mixin.py:120} INFO - [2023-08-26T17:04:32.284+0000] {taskmixin.py:205} WARNING - Dependency <Task(_PythonDecoratedOperator): print_the_context>, log_sql_query already registered for DAG: example_python_operator
[2023-08-26T17:04:32.284+0000] {logging_mixin.py:120} INFO - [2023-08-26T17:04:32.284+0000] {taskmixin.py:205} WARNING - Dependency <Task(_PythonDecoratedOperator): log_sql_query>, print_the_context already registered for DAG: example_python_operator
[2023-08-26T17:04:32.289+0000] {processor.py:766} INFO - DAG(s) dict_keys(['example_python_operator']) retrieved from /home/airflow/.local/lib/python3.7/site-packages/airflow/example_dags/example_python_operator.py
[2023-08-26T17:04:32.315+0000] {logging_mixin.py:120} INFO - [2023-08-26T17:04:32.315+0000] {dag.py:2585} INFO - Sync 1 DAGs
[2023-08-26T17:04:32.331+0000] {logging_mixin.py:120} INFO - [2023-08-26T17:04:32.331+0000] {dag.py:3340} INFO - Setting next_dagrun for example_python_operator to None, run_after=None
[2023-08-26T17:04:32.342+0000] {processor.py:176} INFO - Processing /home/airflow/.local/lib/python3.7/site-packages/airflow/example_dags/example_python_operator.py took 0.078 seconds
[2023-08-26T17:05:03.182+0000] {processor.py:154} INFO - Started process (PID=225) to work on /home/airflow/.local/lib/python3.7/site-packages/airflow/example_dags/example_python_operator.py
[2023-08-26T17:05:03.183+0000] {processor.py:756} INFO - Processing file /home/airflow/.local/lib/python3.7/site-packages/airflow/example_dags/example_python_operator.py for tasks to queue
[2023-08-26T17:05:03.183+0000] {logging_mixin.py:120} INFO - [2023-08-26T17:05:03.183+0000] {dagbag.py:537} INFO - Filling up the DagBag from /home/airflow/.local/lib/python3.7/site-packages/airflow/example_dags/example_python_operator.py
[2023-08-26T17:05:03.193+0000] {logging_mixin.py:120} INFO - [2023-08-26T17:05:03.193+0000] {taskmixin.py:205} WARNING - Dependency <Task(_PythonDecoratedOperator): print_the_context>, log_sql_query already registered for DAG: example_python_operator
[2023-08-26T17:05:03.194+0000] {logging_mixin.py:120} INFO - [2023-08-26T17:05:03.194+0000] {taskmixin.py:205} WARNING - Dependency <Task(_PythonDecoratedOperator): log_sql_query>, print_the_context already registered for DAG: example_python_operator
[2023-08-26T17:05:03.194+0000] {logging_mixin.py:120} INFO - [2023-08-26T17:05:03.194+0000] {taskmixin.py:205} WARNING - Dependency <Task(_PythonDecoratedOperator): print_the_context>, log_sql_query already registered for DAG: example_python_operator
[2023-08-26T17:05:03.194+0000] {logging_mixin.py:120} INFO - [2023-08-26T17:05:03.194+0000] {taskmixin.py:205} WARNING - Dependency <Task(_PythonDecoratedOperator): log_sql_query>, print_the_context already registered for DAG: example_python_operator
[2023-08-26T17:05:03.195+0000] {logging_mixin.py:120} INFO - [2023-08-26T17:05:03.195+0000] {taskmixin.py:205} WARNING - Dependency <Task(_PythonDecoratedOperator): print_the_context>, log_sql_query already registered for DAG: example_python_operator
[2023-08-26T17:05:03.195+0000] {logging_mixin.py:120} INFO - [2023-08-26T17:05:03.195+0000] {taskmixin.py:205} WARNING - Dependency <Task(_PythonDecoratedOperator): log_sql_query>, print_the_context already registered for DAG: example_python_operator
[2023-08-26T17:05:03.195+0000] {logging_mixin.py:120} INFO - [2023-08-26T17:05:03.195+0000] {taskmixin.py:205} WARNING - Dependency <Task(_PythonDecoratedOperator): print_the_context>, log_sql_query already registered for DAG: example_python_operator
[2023-08-26T17:05:03.196+0000] {logging_mixin.py:120} INFO - [2023-08-26T17:05:03.196+0000] {taskmixin.py:205} WARNING - Dependency <Task(_PythonDecoratedOperator): log_sql_query>, print_the_context already registered for DAG: example_python_operator
[2023-08-26T17:05:03.201+0000] {processor.py:766} INFO - DAG(s) dict_keys(['example_python_operator']) retrieved from /home/airflow/.local/lib/python3.7/site-packages/airflow/example_dags/example_python_operator.py
[2023-08-26T17:05:03.228+0000] {logging_mixin.py:120} INFO - [2023-08-26T17:05:03.227+0000] {dag.py:2585} INFO - Sync 1 DAGs
[2023-08-26T17:05:03.240+0000] {logging_mixin.py:120} INFO - [2023-08-26T17:05:03.240+0000] {dag.py:3340} INFO - Setting next_dagrun for example_python_operator to None, run_after=None
[2023-08-26T17:05:03.249+0000] {processor.py:176} INFO - Processing /home/airflow/.local/lib/python3.7/site-packages/airflow/example_dags/example_python_operator.py took 0.069 seconds
[2023-08-26T17:05:34.157+0000] {processor.py:154} INFO - Started process (PID=287) to work on /home/airflow/.local/lib/python3.7/site-packages/airflow/example_dags/example_python_operator.py
[2023-08-26T17:05:34.158+0000] {processor.py:756} INFO - Processing file /home/airflow/.local/lib/python3.7/site-packages/airflow/example_dags/example_python_operator.py for tasks to queue
[2023-08-26T17:05:34.158+0000] {logging_mixin.py:120} INFO - [2023-08-26T17:05:34.158+0000] {dagbag.py:537} INFO - Filling up the DagBag from /home/airflow/.local/lib/python3.7/site-packages/airflow/example_dags/example_python_operator.py
[2023-08-26T17:05:34.169+0000] {logging_mixin.py:120} INFO - [2023-08-26T17:05:34.169+0000] {taskmixin.py:205} WARNING - Dependency <Task(_PythonDecoratedOperator): print_the_context>, log_sql_query already registered for DAG: example_python_operator
[2023-08-26T17:05:34.169+0000] {logging_mixin.py:120} INFO - [2023-08-26T17:05:34.169+0000] {taskmixin.py:205} WARNING - Dependency <Task(_PythonDecoratedOperator): log_sql_query>, print_the_context already registered for DAG: example_python_operator
[2023-08-26T17:05:34.169+0000] {logging_mixin.py:120} INFO - [2023-08-26T17:05:34.169+0000] {taskmixin.py:205} WARNING - Dependency <Task(_PythonDecoratedOperator): print_the_context>, log_sql_query already registered for DAG: example_python_operator
[2023-08-26T17:05:34.170+0000] {logging_mixin.py:120} INFO - [2023-08-26T17:05:34.170+0000] {taskmixin.py:205} WARNING - Dependency <Task(_PythonDecoratedOperator): log_sql_query>, print_the_context already registered for DAG: example_python_operator
[2023-08-26T17:05:34.172+0000] {logging_mixin.py:120} INFO - [2023-08-26T17:05:34.171+0000] {taskmixin.py:205} WARNING - Dependency <Task(_PythonDecoratedOperator): print_the_context>, log_sql_query already registered for DAG: example_python_operator
[2023-08-26T17:05:34.172+0000] {logging_mixin.py:120} INFO - [2023-08-26T17:05:34.172+0000] {taskmixin.py:205} WARNING - Dependency <Task(_PythonDecoratedOperator): log_sql_query>, print_the_context already registered for DAG: example_python_operator
[2023-08-26T17:05:34.172+0000] {logging_mixin.py:120} INFO - [2023-08-26T17:05:34.172+0000] {taskmixin.py:205} WARNING - Dependency <Task(_PythonDecoratedOperator): print_the_context>, log_sql_query already registered for DAG: example_python_operator
[2023-08-26T17:05:34.173+0000] {logging_mixin.py:120} INFO - [2023-08-26T17:05:34.173+0000] {taskmixin.py:205} WARNING - Dependency <Task(_PythonDecoratedOperator): log_sql_query>, print_the_context already registered for DAG: example_python_operator
[2023-08-26T17:05:34.178+0000] {processor.py:766} INFO - DAG(s) dict_keys(['example_python_operator']) retrieved from /home/airflow/.local/lib/python3.7/site-packages/airflow/example_dags/example_python_operator.py
[2023-08-26T17:05:34.207+0000] {logging_mixin.py:120} INFO - [2023-08-26T17:05:34.207+0000] {dag.py:2585} INFO - Sync 1 DAGs
[2023-08-26T17:05:34.223+0000] {logging_mixin.py:120} INFO - [2023-08-26T17:05:34.223+0000] {dag.py:3340} INFO - Setting next_dagrun for example_python_operator to None, run_after=None
[2023-08-26T17:05:34.237+0000] {processor.py:176} INFO - Processing /home/airflow/.local/lib/python3.7/site-packages/airflow/example_dags/example_python_operator.py took 0.082 seconds
[2023-08-26T17:06:04.354+0000] {processor.py:154} INFO - Started process (PID=343) to work on /home/airflow/.local/lib/python3.7/site-packages/airflow/example_dags/example_python_operator.py
[2023-08-26T17:06:04.355+0000] {processor.py:756} INFO - Processing file /home/airflow/.local/lib/python3.7/site-packages/airflow/example_dags/example_python_operator.py for tasks to queue
[2023-08-26T17:06:04.356+0000] {logging_mixin.py:120} INFO - [2023-08-26T17:06:04.356+0000] {dagbag.py:537} INFO - Filling up the DagBag from /home/airflow/.local/lib/python3.7/site-packages/airflow/example_dags/example_python_operator.py
[2023-08-26T17:06:04.366+0000] {logging_mixin.py:120} INFO - [2023-08-26T17:06:04.365+0000] {taskmixin.py:205} WARNING - Dependency <Task(_PythonDecoratedOperator): print_the_context>, log_sql_query already registered for DAG: example_python_operator
[2023-08-26T17:06:04.366+0000] {logging_mixin.py:120} INFO - [2023-08-26T17:06:04.366+0000] {taskmixin.py:205} WARNING - Dependency <Task(_PythonDecoratedOperator): log_sql_query>, print_the_context already registered for DAG: example_python_operator
[2023-08-26T17:06:04.366+0000] {logging_mixin.py:120} INFO - [2023-08-26T17:06:04.366+0000] {taskmixin.py:205} WARNING - Dependency <Task(_PythonDecoratedOperator): print_the_context>, log_sql_query already registered for DAG: example_python_operator
[2023-08-26T17:06:04.366+0000] {logging_mixin.py:120} INFO - [2023-08-26T17:06:04.366+0000] {taskmixin.py:205} WARNING - Dependency <Task(_PythonDecoratedOperator): log_sql_query>, print_the_context already registered for DAG: example_python_operator
[2023-08-26T17:06:04.367+0000] {logging_mixin.py:120} INFO - [2023-08-26T17:06:04.367+0000] {taskmixin.py:205} WARNING - Dependency <Task(_PythonDecoratedOperator): print_the_context>, log_sql_query already registered for DAG: example_python_operator
[2023-08-26T17:06:04.367+0000] {logging_mixin.py:120} INFO - [2023-08-26T17:06:04.367+0000] {taskmixin.py:205} WARNING - Dependency <Task(_PythonDecoratedOperator): log_sql_query>, print_the_context already registered for DAG: example_python_operator
[2023-08-26T17:06:04.367+0000] {logging_mixin.py:120} INFO - [2023-08-26T17:06:04.367+0000] {taskmixin.py:205} WARNING - Dependency <Task(_PythonDecoratedOperator): print_the_context>, log_sql_query already registered for DAG: example_python_operator
[2023-08-26T17:06:04.368+0000] {logging_mixin.py:120} INFO - [2023-08-26T17:06:04.368+0000] {taskmixin.py:205} WARNING - Dependency <Task(_PythonDecoratedOperator): log_sql_query>, print_the_context already registered for DAG: example_python_operator
[2023-08-26T17:06:04.372+0000] {processor.py:766} INFO - DAG(s) dict_keys(['example_python_operator']) retrieved from /home/airflow/.local/lib/python3.7/site-packages/airflow/example_dags/example_python_operator.py
[2023-08-26T17:06:04.397+0000] {logging_mixin.py:120} INFO - [2023-08-26T17:06:04.397+0000] {dag.py:2585} INFO - Sync 1 DAGs
[2023-08-26T17:06:04.412+0000] {logging_mixin.py:120} INFO - [2023-08-26T17:06:04.412+0000] {dag.py:3340} INFO - Setting next_dagrun for example_python_operator to None, run_after=None
[2023-08-26T17:06:04.423+0000] {processor.py:176} INFO - Processing /home/airflow/.local/lib/python3.7/site-packages/airflow/example_dags/example_python_operator.py took 0.070 seconds
[2023-08-26T17:06:35.460+0000] {processor.py:154} INFO - Started process (PID=406) to work on /home/airflow/.local/lib/python3.7/site-packages/airflow/example_dags/example_python_operator.py
[2023-08-26T17:06:35.461+0000] {processor.py:756} INFO - Processing file /home/airflow/.local/lib/python3.7/site-packages/airflow/example_dags/example_python_operator.py for tasks to queue
[2023-08-26T17:06:35.461+0000] {logging_mixin.py:120} INFO - [2023-08-26T17:06:35.461+0000] {dagbag.py:537} INFO - Filling up the DagBag from /home/airflow/.local/lib/python3.7/site-packages/airflow/example_dags/example_python_operator.py
[2023-08-26T17:06:35.471+0000] {logging_mixin.py:120} INFO - [2023-08-26T17:06:35.471+0000] {taskmixin.py:205} WARNING - Dependency <Task(_PythonDecoratedOperator): print_the_context>, log_sql_query already registered for DAG: example_python_operator
[2023-08-26T17:06:35.472+0000] {logging_mixin.py:120} INFO - [2023-08-26T17:06:35.472+0000] {taskmixin.py:205} WARNING - Dependency <Task(_PythonDecoratedOperator): log_sql_query>, print_the_context already registered for DAG: example_python_operator
[2023-08-26T17:06:35.472+0000] {logging_mixin.py:120} INFO - [2023-08-26T17:06:35.472+0000] {taskmixin.py:205} WARNING - Dependency <Task(_PythonDecoratedOperator): print_the_context>, log_sql_query already registered for DAG: example_python_operator
[2023-08-26T17:06:35.473+0000] {logging_mixin.py:120} INFO - [2023-08-26T17:06:35.472+0000] {taskmixin.py:205} WARNING - Dependency <Task(_PythonDecoratedOperator): log_sql_query>, print_the_context already registered for DAG: example_python_operator
[2023-08-26T17:06:35.473+0000] {logging_mixin.py:120} INFO - [2023-08-26T17:06:35.473+0000] {taskmixin.py:205} WARNING - Dependency <Task(_PythonDecoratedOperator): print_the_context>, log_sql_query already registered for DAG: example_python_operator
[2023-08-26T17:06:35.474+0000] {logging_mixin.py:120} INFO - [2023-08-26T17:06:35.474+0000] {taskmixin.py:205} WARNING - Dependency <Task(_PythonDecoratedOperator): log_sql_query>, print_the_context already registered for DAG: example_python_operator
[2023-08-26T17:06:35.474+0000] {logging_mixin.py:120} INFO - [2023-08-26T17:06:35.474+0000] {taskmixin.py:205} WARNING - Dependency <Task(_PythonDecoratedOperator): print_the_context>, log_sql_query already registered for DAG: example_python_operator
[2023-08-26T17:06:35.474+0000] {logging_mixin.py:120} INFO - [2023-08-26T17:06:35.474+0000] {taskmixin.py:205} WARNING - Dependency <Task(_PythonDecoratedOperator): log_sql_query>, print_the_context already registered for DAG: example_python_operator
[2023-08-26T17:06:35.479+0000] {processor.py:766} INFO - DAG(s) dict_keys(['example_python_operator']) retrieved from /home/airflow/.local/lib/python3.7/site-packages/airflow/example_dags/example_python_operator.py
[2023-08-26T17:06:35.505+0000] {logging_mixin.py:120} INFO - [2023-08-26T17:06:35.505+0000] {dag.py:2585} INFO - Sync 1 DAGs
[2023-08-26T17:06:35.520+0000] {logging_mixin.py:120} INFO - [2023-08-26T17:06:35.520+0000] {dag.py:3340} INFO - Setting next_dagrun for example_python_operator to None, run_after=None
[2023-08-26T17:06:35.530+0000] {processor.py:176} INFO - Processing /home/airflow/.local/lib/python3.7/site-packages/airflow/example_dags/example_python_operator.py took 0.072 seconds
[2023-08-26T17:07:06.371+0000] {processor.py:154} INFO - Started process (PID=468) to work on /home/airflow/.local/lib/python3.7/site-packages/airflow/example_dags/example_python_operator.py
[2023-08-26T17:07:06.372+0000] {processor.py:756} INFO - Processing file /home/airflow/.local/lib/python3.7/site-packages/airflow/example_dags/example_python_operator.py for tasks to queue
[2023-08-26T17:07:06.372+0000] {logging_mixin.py:120} INFO - [2023-08-26T17:07:06.372+0000] {dagbag.py:537} INFO - Filling up the DagBag from /home/airflow/.local/lib/python3.7/site-packages/airflow/example_dags/example_python_operator.py
[2023-08-26T17:07:06.382+0000] {logging_mixin.py:120} INFO - [2023-08-26T17:07:06.382+0000] {taskmixin.py:205} WARNING - Dependency <Task(_PythonDecoratedOperator): print_the_context>, log_sql_query already registered for DAG: example_python_operator
[2023-08-26T17:07:06.383+0000] {logging_mixin.py:120} INFO - [2023-08-26T17:07:06.383+0000] {taskmixin.py:205} WARNING - Dependency <Task(_PythonDecoratedOperator): log_sql_query>, print_the_context already registered for DAG: example_python_operator
[2023-08-26T17:07:06.383+0000] {logging_mixin.py:120} INFO - [2023-08-26T17:07:06.383+0000] {taskmixin.py:205} WARNING - Dependency <Task(_PythonDecoratedOperator): print_the_context>, log_sql_query already registered for DAG: example_python_operator
[2023-08-26T17:07:06.383+0000] {logging_mixin.py:120} INFO - [2023-08-26T17:07:06.383+0000] {taskmixin.py:205} WARNING - Dependency <Task(_PythonDecoratedOperator): log_sql_query>, print_the_context already registered for DAG: example_python_operator
[2023-08-26T17:07:06.384+0000] {logging_mixin.py:120} INFO - [2023-08-26T17:07:06.384+0000] {taskmixin.py:205} WARNING - Dependency <Task(_PythonDecoratedOperator): print_the_context>, log_sql_query already registered for DAG: example_python_operator
[2023-08-26T17:07:06.384+0000] {logging_mixin.py:120} INFO - [2023-08-26T17:07:06.384+0000] {taskmixin.py:205} WARNING - Dependency <Task(_PythonDecoratedOperator): log_sql_query>, print_the_context already registered for DAG: example_python_operator
[2023-08-26T17:07:06.384+0000] {logging_mixin.py:120} INFO - [2023-08-26T17:07:06.384+0000] {taskmixin.py:205} WARNING - Dependency <Task(_PythonDecoratedOperator): print_the_context>, log_sql_query already registered for DAG: example_python_operator
[2023-08-26T17:07:06.385+0000] {logging_mixin.py:120} INFO - [2023-08-26T17:07:06.385+0000] {taskmixin.py:205} WARNING - Dependency <Task(_PythonDecoratedOperator): log_sql_query>, print_the_context already registered for DAG: example_python_operator
[2023-08-26T17:07:06.390+0000] {processor.py:766} INFO - DAG(s) dict_keys(['example_python_operator']) retrieved from /home/airflow/.local/lib/python3.7/site-packages/airflow/example_dags/example_python_operator.py
[2023-08-26T17:07:06.418+0000] {logging_mixin.py:120} INFO - [2023-08-26T17:07:06.418+0000] {dag.py:2585} INFO - Sync 1 DAGs
[2023-08-26T17:07:06.432+0000] {logging_mixin.py:120} INFO - [2023-08-26T17:07:06.432+0000] {dag.py:3340} INFO - Setting next_dagrun for example_python_operator to None, run_after=None
[2023-08-26T17:07:06.442+0000] {processor.py:176} INFO - Processing /home/airflow/.local/lib/python3.7/site-packages/airflow/example_dags/example_python_operator.py took 0.073 seconds
[2023-08-26T17:07:37.498+0000] {processor.py:154} INFO - Started process (PID=531) to work on /home/airflow/.local/lib/python3.7/site-packages/airflow/example_dags/example_python_operator.py
[2023-08-26T17:07:37.499+0000] {processor.py:756} INFO - Processing file /home/airflow/.local/lib/python3.7/site-packages/airflow/example_dags/example_python_operator.py for tasks to queue
[2023-08-26T17:07:37.500+0000] {logging_mixin.py:120} INFO - [2023-08-26T17:07:37.499+0000] {dagbag.py:537} INFO - Filling up the DagBag from /home/airflow/.local/lib/python3.7/site-packages/airflow/example_dags/example_python_operator.py
[2023-08-26T17:07:37.512+0000] {logging_mixin.py:120} INFO - [2023-08-26T17:07:37.512+0000] {taskmixin.py:205} WARNING - Dependency <Task(_PythonDecoratedOperator): print_the_context>, log_sql_query already registered for DAG: example_python_operator
[2023-08-26T17:07:37.512+0000] {logging_mixin.py:120} INFO - [2023-08-26T17:07:37.512+0000] {taskmixin.py:205} WARNING - Dependency <Task(_PythonDecoratedOperator): log_sql_query>, print_the_context already registered for DAG: example_python_operator
[2023-08-26T17:07:37.513+0000] {logging_mixin.py:120} INFO - [2023-08-26T17:07:37.513+0000] {taskmixin.py:205} WARNING - Dependency <Task(_PythonDecoratedOperator): print_the_context>, log_sql_query already registered for DAG: example_python_operator
[2023-08-26T17:07:37.513+0000] {logging_mixin.py:120} INFO - [2023-08-26T17:07:37.513+0000] {taskmixin.py:205} WARNING - Dependency <Task(_PythonDecoratedOperator): log_sql_query>, print_the_context already registered for DAG: example_python_operator
[2023-08-26T17:07:37.514+0000] {logging_mixin.py:120} INFO - [2023-08-26T17:07:37.514+0000] {taskmixin.py:205} WARNING - Dependency <Task(_PythonDecoratedOperator): print_the_context>, log_sql_query already registered for DAG: example_python_operator
[2023-08-26T17:07:37.514+0000] {logging_mixin.py:120} INFO - [2023-08-26T17:07:37.514+0000] {taskmixin.py:205} WARNING - Dependency <Task(_PythonDecoratedOperator): log_sql_query>, print_the_context already registered for DAG: example_python_operator
[2023-08-26T17:07:37.515+0000] {logging_mixin.py:120} INFO - [2023-08-26T17:07:37.515+0000] {taskmixin.py:205} WARNING - Dependency <Task(_PythonDecoratedOperator): print_the_context>, log_sql_query already registered for DAG: example_python_operator
[2023-08-26T17:07:37.515+0000] {logging_mixin.py:120} INFO - [2023-08-26T17:07:37.515+0000] {taskmixin.py:205} WARNING - Dependency <Task(_PythonDecoratedOperator): log_sql_query>, print_the_context already registered for DAG: example_python_operator
[2023-08-26T17:07:37.520+0000] {processor.py:766} INFO - DAG(s) dict_keys(['example_python_operator']) retrieved from /home/airflow/.local/lib/python3.7/site-packages/airflow/example_dags/example_python_operator.py
[2023-08-26T17:07:37.560+0000] {logging_mixin.py:120} INFO - [2023-08-26T17:07:37.560+0000] {dag.py:2585} INFO - Sync 1 DAGs
[2023-08-26T17:07:37.577+0000] {logging_mixin.py:120} INFO - [2023-08-26T17:07:37.576+0000] {dag.py:3340} INFO - Setting next_dagrun for example_python_operator to None, run_after=None
[2023-08-26T17:07:37.594+0000] {processor.py:176} INFO - Processing /home/airflow/.local/lib/python3.7/site-packages/airflow/example_dags/example_python_operator.py took 0.098 seconds
[2023-08-26T17:08:07.656+0000] {processor.py:154} INFO - Started process (PID=594) to work on /home/airflow/.local/lib/python3.7/site-packages/airflow/example_dags/example_python_operator.py
[2023-08-26T17:08:07.657+0000] {processor.py:756} INFO - Processing file /home/airflow/.local/lib/python3.7/site-packages/airflow/example_dags/example_python_operator.py for tasks to queue
[2023-08-26T17:08:07.657+0000] {logging_mixin.py:120} INFO - [2023-08-26T17:08:07.657+0000] {dagbag.py:537} INFO - Filling up the DagBag from /home/airflow/.local/lib/python3.7/site-packages/airflow/example_dags/example_python_operator.py
[2023-08-26T17:08:07.666+0000] {logging_mixin.py:120} INFO - [2023-08-26T17:08:07.666+0000] {taskmixin.py:205} WARNING - Dependency <Task(_PythonDecoratedOperator): print_the_context>, log_sql_query already registered for DAG: example_python_operator
[2023-08-26T17:08:07.666+0000] {logging_mixin.py:120} INFO - [2023-08-26T17:08:07.666+0000] {taskmixin.py:205} WARNING - Dependency <Task(_PythonDecoratedOperator): log_sql_query>, print_the_context already registered for DAG: example_python_operator
[2023-08-26T17:08:07.667+0000] {logging_mixin.py:120} INFO - [2023-08-26T17:08:07.667+0000] {taskmixin.py:205} WARNING - Dependency <Task(_PythonDecoratedOperator): print_the_context>, log_sql_query already registered for DAG: example_python_operator
[2023-08-26T17:08:07.667+0000] {logging_mixin.py:120} INFO - [2023-08-26T17:08:07.667+0000] {taskmixin.py:205} WARNING - Dependency <Task(_PythonDecoratedOperator): log_sql_query>, print_the_context already registered for DAG: example_python_operator
[2023-08-26T17:08:07.667+0000] {logging_mixin.py:120} INFO - [2023-08-26T17:08:07.667+0000] {taskmixin.py:205} WARNING - Dependency <Task(_PythonDecoratedOperator): print_the_context>, log_sql_query already registered for DAG: example_python_operator
[2023-08-26T17:08:07.667+0000] {logging_mixin.py:120} INFO - [2023-08-26T17:08:07.667+0000] {taskmixin.py:205} WARNING - Dependency <Task(_PythonDecoratedOperator): log_sql_query>, print_the_context already registered for DAG: example_python_operator
[2023-08-26T17:08:07.668+0000] {logging_mixin.py:120} INFO - [2023-08-26T17:08:07.668+0000] {taskmixin.py:205} WARNING - Dependency <Task(_PythonDecoratedOperator): print_the_context>, log_sql_query already registered for DAG: example_python_operator
[2023-08-26T17:08:07.668+0000] {logging_mixin.py:120} INFO - [2023-08-26T17:08:07.668+0000] {taskmixin.py:205} WARNING - Dependency <Task(_PythonDecoratedOperator): log_sql_query>, print_the_context already registered for DAG: example_python_operator
[2023-08-26T17:08:07.673+0000] {processor.py:766} INFO - DAG(s) dict_keys(['example_python_operator']) retrieved from /home/airflow/.local/lib/python3.7/site-packages/airflow/example_dags/example_python_operator.py
[2023-08-26T17:08:07.698+0000] {logging_mixin.py:120} INFO - [2023-08-26T17:08:07.698+0000] {dag.py:2585} INFO - Sync 1 DAGs
[2023-08-26T17:08:07.711+0000] {logging_mixin.py:120} INFO - [2023-08-26T17:08:07.711+0000] {dag.py:3340} INFO - Setting next_dagrun for example_python_operator to None, run_after=None
[2023-08-26T17:08:07.720+0000] {processor.py:176} INFO - Processing /home/airflow/.local/lib/python3.7/site-packages/airflow/example_dags/example_python_operator.py took 0.066 seconds
[2023-08-26T17:08:38.590+0000] {processor.py:154} INFO - Started process (PID=657) to work on /home/airflow/.local/lib/python3.7/site-packages/airflow/example_dags/example_python_operator.py
[2023-08-26T17:08:38.590+0000] {processor.py:756} INFO - Processing file /home/airflow/.local/lib/python3.7/site-packages/airflow/example_dags/example_python_operator.py for tasks to queue
[2023-08-26T17:08:38.591+0000] {logging_mixin.py:120} INFO - [2023-08-26T17:08:38.591+0000] {dagbag.py:537} INFO - Filling up the DagBag from /home/airflow/.local/lib/python3.7/site-packages/airflow/example_dags/example_python_operator.py
[2023-08-26T17:08:38.601+0000] {logging_mixin.py:120} INFO - [2023-08-26T17:08:38.601+0000] {taskmixin.py:205} WARNING - Dependency <Task(_PythonDecoratedOperator): print_the_context>, log_sql_query already registered for DAG: example_python_operator
[2023-08-26T17:08:38.602+0000] {logging_mixin.py:120} INFO - [2023-08-26T17:08:38.602+0000] {taskmixin.py:205} WARNING - Dependency <Task(_PythonDecoratedOperator): log_sql_query>, print_the_context already registered for DAG: example_python_operator
[2023-08-26T17:08:38.602+0000] {logging_mixin.py:120} INFO - [2023-08-26T17:08:38.602+0000] {taskmixin.py:205} WARNING - Dependency <Task(_PythonDecoratedOperator): print_the_context>, log_sql_query already registered for DAG: example_python_operator
[2023-08-26T17:08:38.602+0000] {logging_mixin.py:120} INFO - [2023-08-26T17:08:38.602+0000] {taskmixin.py:205} WARNING - Dependency <Task(_PythonDecoratedOperator): log_sql_query>, print_the_context already registered for DAG: example_python_operator
[2023-08-26T17:08:38.603+0000] {logging_mixin.py:120} INFO - [2023-08-26T17:08:38.603+0000] {taskmixin.py:205} WARNING - Dependency <Task(_PythonDecoratedOperator): print_the_context>, log_sql_query already registered for DAG: example_python_operator
[2023-08-26T17:08:38.603+0000] {logging_mixin.py:120} INFO - [2023-08-26T17:08:38.603+0000] {taskmixin.py:205} WARNING - Dependency <Task(_PythonDecoratedOperator): log_sql_query>, print_the_context already registered for DAG: example_python_operator
[2023-08-26T17:08:38.603+0000] {logging_mixin.py:120} INFO - [2023-08-26T17:08:38.603+0000] {taskmixin.py:205} WARNING - Dependency <Task(_PythonDecoratedOperator): print_the_context>, log_sql_query already registered for DAG: example_python_operator
[2023-08-26T17:08:38.603+0000] {logging_mixin.py:120} INFO - [2023-08-26T17:08:38.603+0000] {taskmixin.py:205} WARNING - Dependency <Task(_PythonDecoratedOperator): log_sql_query>, print_the_context already registered for DAG: example_python_operator
[2023-08-26T17:08:38.608+0000] {processor.py:766} INFO - DAG(s) dict_keys(['example_python_operator']) retrieved from /home/airflow/.local/lib/python3.7/site-packages/airflow/example_dags/example_python_operator.py
[2023-08-26T17:08:38.641+0000] {logging_mixin.py:120} INFO - [2023-08-26T17:08:38.641+0000] {dag.py:2585} INFO - Sync 1 DAGs
[2023-08-26T17:08:38.660+0000] {logging_mixin.py:120} INFO - [2023-08-26T17:08:38.660+0000] {dag.py:3340} INFO - Setting next_dagrun for example_python_operator to None, run_after=None
[2023-08-26T17:08:38.675+0000] {processor.py:176} INFO - Processing /home/airflow/.local/lib/python3.7/site-packages/airflow/example_dags/example_python_operator.py took 0.088 seconds
