[2023-08-26T17:03:32.251+0000] {processor.py:154} INFO - Started process (PID=49) to work on /home/airflow/.local/lib/python3.7/site-packages/airflow/example_dags/example_dag_decorator.py
[2023-08-26T17:03:32.253+0000] {processor.py:756} INFO - Processing file /home/airflow/.local/lib/python3.7/site-packages/airflow/example_dags/example_dag_decorator.py for tasks to queue
[2023-08-26T17:03:32.254+0000] {logging_mixin.py:120} INFO - [2023-08-26T17:03:32.253+0000] {dagbag.py:537} INFO - Filling up the DagBag from /home/airflow/.local/lib/python3.7/site-packages/airflow/example_dags/example_dag_decorator.py
[2023-08-26T17:03:32.267+0000] {logging_mixin.py:120} INFO - [2023-08-26T17:03:32.266+0000] {taskmixin.py:205} WARNING - Dependency <Task(_PythonDecoratedOperator): prepare_email>, send_email already registered for DAG: example_dag_decorator
[2023-08-26T17:03:32.267+0000] {logging_mixin.py:120} INFO - [2023-08-26T17:03:32.267+0000] {taskmixin.py:205} WARNING - Dependency <Task(EmailOperator): send_email>, prepare_email already registered for DAG: example_dag_decorator
[2023-08-26T17:03:32.284+0000] {processor.py:766} INFO - DAG(s) dict_keys(['example_dag_decorator']) retrieved from /home/airflow/.local/lib/python3.7/site-packages/airflow/example_dags/example_dag_decorator.py
[2023-08-26T17:03:32.379+0000] {logging_mixin.py:120} INFO - [2023-08-26T17:03:32.379+0000] {manager.py:507} INFO - Created Permission View: can edit on DAG:example_dag_decorator
[2023-08-26T17:03:32.385+0000] {logging_mixin.py:120} INFO - [2023-08-26T17:03:32.385+0000] {manager.py:507} INFO - Created Permission View: can read on DAG:example_dag_decorator
[2023-08-26T17:03:32.390+0000] {logging_mixin.py:120} INFO - [2023-08-26T17:03:32.390+0000] {manager.py:507} INFO - Created Permission View: can delete on DAG:example_dag_decorator
[2023-08-26T17:03:32.390+0000] {logging_mixin.py:120} INFO - [2023-08-26T17:03:32.390+0000] {dag.py:2585} INFO - Sync 1 DAGs
[2023-08-26T17:03:32.400+0000] {logging_mixin.py:120} INFO - [2023-08-26T17:03:32.400+0000] {dag.py:2606} INFO - Creating ORM DAG for example_dag_decorator
[2023-08-26T17:03:32.411+0000] {logging_mixin.py:120} INFO - [2023-08-26T17:03:32.411+0000] {dag.py:3340} INFO - Setting next_dagrun for example_dag_decorator to None, run_after=None
[2023-08-26T17:03:32.426+0000] {processor.py:176} INFO - Processing /home/airflow/.local/lib/python3.7/site-packages/airflow/example_dags/example_dag_decorator.py took 0.181 seconds
[2023-08-26T17:04:02.473+0000] {processor.py:154} INFO - Started process (PID=111) to work on /home/airflow/.local/lib/python3.7/site-packages/airflow/example_dags/example_dag_decorator.py
[2023-08-26T17:04:02.474+0000] {processor.py:756} INFO - Processing file /home/airflow/.local/lib/python3.7/site-packages/airflow/example_dags/example_dag_decorator.py for tasks to queue
[2023-08-26T17:04:02.474+0000] {logging_mixin.py:120} INFO - [2023-08-26T17:04:02.474+0000] {dagbag.py:537} INFO - Filling up the DagBag from /home/airflow/.local/lib/python3.7/site-packages/airflow/example_dags/example_dag_decorator.py
[2023-08-26T17:04:02.485+0000] {logging_mixin.py:120} INFO - [2023-08-26T17:04:02.485+0000] {taskmixin.py:205} WARNING - Dependency <Task(_PythonDecoratedOperator): prepare_email>, send_email already registered for DAG: example_dag_decorator
[2023-08-26T17:04:02.485+0000] {logging_mixin.py:120} INFO - [2023-08-26T17:04:02.485+0000] {taskmixin.py:205} WARNING - Dependency <Task(EmailOperator): send_email>, prepare_email already registered for DAG: example_dag_decorator
[2023-08-26T17:04:02.495+0000] {processor.py:766} INFO - DAG(s) dict_keys(['example_dag_decorator']) retrieved from /home/airflow/.local/lib/python3.7/site-packages/airflow/example_dags/example_dag_decorator.py
[2023-08-26T17:04:02.549+0000] {logging_mixin.py:120} INFO - [2023-08-26T17:04:02.549+0000] {dag.py:2585} INFO - Sync 1 DAGs
[2023-08-26T17:04:02.564+0000] {logging_mixin.py:120} INFO - [2023-08-26T17:04:02.564+0000] {dag.py:3340} INFO - Setting next_dagrun for example_dag_decorator to None, run_after=None
[2023-08-26T17:04:02.579+0000] {processor.py:176} INFO - Processing /home/airflow/.local/lib/python3.7/site-packages/airflow/example_dags/example_dag_decorator.py took 0.108 seconds
[2023-08-26T17:04:32.859+0000] {processor.py:154} INFO - Started process (PID=175) to work on /home/airflow/.local/lib/python3.7/site-packages/airflow/example_dags/example_dag_decorator.py
[2023-08-26T17:04:32.860+0000] {processor.py:756} INFO - Processing file /home/airflow/.local/lib/python3.7/site-packages/airflow/example_dags/example_dag_decorator.py for tasks to queue
[2023-08-26T17:04:32.860+0000] {logging_mixin.py:120} INFO - [2023-08-26T17:04:32.860+0000] {dagbag.py:537} INFO - Filling up the DagBag from /home/airflow/.local/lib/python3.7/site-packages/airflow/example_dags/example_dag_decorator.py
[2023-08-26T17:04:32.869+0000] {logging_mixin.py:120} INFO - [2023-08-26T17:04:32.869+0000] {taskmixin.py:205} WARNING - Dependency <Task(_PythonDecoratedOperator): prepare_email>, send_email already registered for DAG: example_dag_decorator
[2023-08-26T17:04:32.869+0000] {logging_mixin.py:120} INFO - [2023-08-26T17:04:32.869+0000] {taskmixin.py:205} WARNING - Dependency <Task(EmailOperator): send_email>, prepare_email already registered for DAG: example_dag_decorator
[2023-08-26T17:04:32.876+0000] {processor.py:766} INFO - DAG(s) dict_keys(['example_dag_decorator']) retrieved from /home/airflow/.local/lib/python3.7/site-packages/airflow/example_dags/example_dag_decorator.py
[2023-08-26T17:04:32.920+0000] {logging_mixin.py:120} INFO - [2023-08-26T17:04:32.920+0000] {dag.py:2585} INFO - Sync 1 DAGs
[2023-08-26T17:04:32.933+0000] {logging_mixin.py:120} INFO - [2023-08-26T17:04:32.933+0000] {dag.py:3340} INFO - Setting next_dagrun for example_dag_decorator to None, run_after=None
[2023-08-26T17:04:32.944+0000] {processor.py:176} INFO - Processing /home/airflow/.local/lib/python3.7/site-packages/airflow/example_dags/example_dag_decorator.py took 0.088 seconds
[2023-08-26T17:05:03.766+0000] {processor.py:154} INFO - Started process (PID=238) to work on /home/airflow/.local/lib/python3.7/site-packages/airflow/example_dags/example_dag_decorator.py
[2023-08-26T17:05:03.766+0000] {processor.py:756} INFO - Processing file /home/airflow/.local/lib/python3.7/site-packages/airflow/example_dags/example_dag_decorator.py for tasks to queue
[2023-08-26T17:05:03.767+0000] {logging_mixin.py:120} INFO - [2023-08-26T17:05:03.767+0000] {dagbag.py:537} INFO - Filling up the DagBag from /home/airflow/.local/lib/python3.7/site-packages/airflow/example_dags/example_dag_decorator.py
[2023-08-26T17:05:03.775+0000] {logging_mixin.py:120} INFO - [2023-08-26T17:05:03.775+0000] {taskmixin.py:205} WARNING - Dependency <Task(_PythonDecoratedOperator): prepare_email>, send_email already registered for DAG: example_dag_decorator
[2023-08-26T17:05:03.775+0000] {logging_mixin.py:120} INFO - [2023-08-26T17:05:03.775+0000] {taskmixin.py:205} WARNING - Dependency <Task(EmailOperator): send_email>, prepare_email already registered for DAG: example_dag_decorator
[2023-08-26T17:05:03.784+0000] {processor.py:766} INFO - DAG(s) dict_keys(['example_dag_decorator']) retrieved from /home/airflow/.local/lib/python3.7/site-packages/airflow/example_dags/example_dag_decorator.py
[2023-08-26T17:05:03.842+0000] {logging_mixin.py:120} INFO - [2023-08-26T17:05:03.842+0000] {dag.py:2585} INFO - Sync 1 DAGs
[2023-08-26T17:05:03.856+0000] {logging_mixin.py:120} INFO - [2023-08-26T17:05:03.856+0000] {dag.py:3340} INFO - Setting next_dagrun for example_dag_decorator to None, run_after=None
[2023-08-26T17:05:03.867+0000] {processor.py:176} INFO - Processing /home/airflow/.local/lib/python3.7/site-packages/airflow/example_dags/example_dag_decorator.py took 0.104 seconds
[2023-08-26T17:05:34.909+0000] {processor.py:154} INFO - Started process (PID=302) to work on /home/airflow/.local/lib/python3.7/site-packages/airflow/example_dags/example_dag_decorator.py
[2023-08-26T17:05:34.910+0000] {processor.py:756} INFO - Processing file /home/airflow/.local/lib/python3.7/site-packages/airflow/example_dags/example_dag_decorator.py for tasks to queue
[2023-08-26T17:05:34.910+0000] {logging_mixin.py:120} INFO - [2023-08-26T17:05:34.910+0000] {dagbag.py:537} INFO - Filling up the DagBag from /home/airflow/.local/lib/python3.7/site-packages/airflow/example_dags/example_dag_decorator.py
[2023-08-26T17:05:34.919+0000] {logging_mixin.py:120} INFO - [2023-08-26T17:05:34.919+0000] {taskmixin.py:205} WARNING - Dependency <Task(_PythonDecoratedOperator): prepare_email>, send_email already registered for DAG: example_dag_decorator
[2023-08-26T17:05:34.919+0000] {logging_mixin.py:120} INFO - [2023-08-26T17:05:34.919+0000] {taskmixin.py:205} WARNING - Dependency <Task(EmailOperator): send_email>, prepare_email already registered for DAG: example_dag_decorator
[2023-08-26T17:05:34.929+0000] {processor.py:766} INFO - DAG(s) dict_keys(['example_dag_decorator']) retrieved from /home/airflow/.local/lib/python3.7/site-packages/airflow/example_dags/example_dag_decorator.py
[2023-08-26T17:05:34.980+0000] {logging_mixin.py:120} INFO - [2023-08-26T17:05:34.980+0000] {dag.py:2585} INFO - Sync 1 DAGs
[2023-08-26T17:05:34.995+0000] {logging_mixin.py:120} INFO - [2023-08-26T17:05:34.995+0000] {dag.py:3340} INFO - Setting next_dagrun for example_dag_decorator to None, run_after=None
[2023-08-26T17:05:35.007+0000] {processor.py:176} INFO - Processing /home/airflow/.local/lib/python3.7/site-packages/airflow/example_dags/example_dag_decorator.py took 0.102 seconds
[2023-08-26T17:06:05.056+0000] {processor.py:154} INFO - Started process (PID=356) to work on /home/airflow/.local/lib/python3.7/site-packages/airflow/example_dags/example_dag_decorator.py
[2023-08-26T17:06:05.056+0000] {processor.py:756} INFO - Processing file /home/airflow/.local/lib/python3.7/site-packages/airflow/example_dags/example_dag_decorator.py for tasks to queue
[2023-08-26T17:06:05.057+0000] {logging_mixin.py:120} INFO - [2023-08-26T17:06:05.057+0000] {dagbag.py:537} INFO - Filling up the DagBag from /home/airflow/.local/lib/python3.7/site-packages/airflow/example_dags/example_dag_decorator.py
[2023-08-26T17:06:05.066+0000] {logging_mixin.py:120} INFO - [2023-08-26T17:06:05.066+0000] {taskmixin.py:205} WARNING - Dependency <Task(_PythonDecoratedOperator): prepare_email>, send_email already registered for DAG: example_dag_decorator
[2023-08-26T17:06:05.066+0000] {logging_mixin.py:120} INFO - [2023-08-26T17:06:05.066+0000] {taskmixin.py:205} WARNING - Dependency <Task(EmailOperator): send_email>, prepare_email already registered for DAG: example_dag_decorator
[2023-08-26T17:06:05.074+0000] {processor.py:766} INFO - DAG(s) dict_keys(['example_dag_decorator']) retrieved from /home/airflow/.local/lib/python3.7/site-packages/airflow/example_dags/example_dag_decorator.py
[2023-08-26T17:06:05.118+0000] {logging_mixin.py:120} INFO - [2023-08-26T17:06:05.118+0000] {dag.py:2585} INFO - Sync 1 DAGs
[2023-08-26T17:06:05.130+0000] {logging_mixin.py:120} INFO - [2023-08-26T17:06:05.130+0000] {dag.py:3340} INFO - Setting next_dagrun for example_dag_decorator to None, run_after=None
[2023-08-26T17:06:05.141+0000] {processor.py:176} INFO - Processing /home/airflow/.local/lib/python3.7/site-packages/airflow/example_dags/example_dag_decorator.py took 0.088 seconds
[2023-08-26T17:06:36.031+0000] {processor.py:154} INFO - Started process (PID=419) to work on /home/airflow/.local/lib/python3.7/site-packages/airflow/example_dags/example_dag_decorator.py
[2023-08-26T17:06:36.031+0000] {processor.py:756} INFO - Processing file /home/airflow/.local/lib/python3.7/site-packages/airflow/example_dags/example_dag_decorator.py for tasks to queue
[2023-08-26T17:06:36.032+0000] {logging_mixin.py:120} INFO - [2023-08-26T17:06:36.032+0000] {dagbag.py:537} INFO - Filling up the DagBag from /home/airflow/.local/lib/python3.7/site-packages/airflow/example_dags/example_dag_decorator.py
[2023-08-26T17:06:36.040+0000] {logging_mixin.py:120} INFO - [2023-08-26T17:06:36.040+0000] {taskmixin.py:205} WARNING - Dependency <Task(_PythonDecoratedOperator): prepare_email>, send_email already registered for DAG: example_dag_decorator
[2023-08-26T17:06:36.040+0000] {logging_mixin.py:120} INFO - [2023-08-26T17:06:36.040+0000] {taskmixin.py:205} WARNING - Dependency <Task(EmailOperator): send_email>, prepare_email already registered for DAG: example_dag_decorator
[2023-08-26T17:06:36.048+0000] {processor.py:766} INFO - DAG(s) dict_keys(['example_dag_decorator']) retrieved from /home/airflow/.local/lib/python3.7/site-packages/airflow/example_dags/example_dag_decorator.py
[2023-08-26T17:06:36.095+0000] {logging_mixin.py:120} INFO - [2023-08-26T17:06:36.095+0000] {dag.py:2585} INFO - Sync 1 DAGs
[2023-08-26T17:06:36.109+0000] {logging_mixin.py:120} INFO - [2023-08-26T17:06:36.109+0000] {dag.py:3340} INFO - Setting next_dagrun for example_dag_decorator to None, run_after=None
[2023-08-26T17:06:36.121+0000] {processor.py:176} INFO - Processing /home/airflow/.local/lib/python3.7/site-packages/airflow/example_dags/example_dag_decorator.py took 0.092 seconds
[2023-08-26T17:07:06.954+0000] {processor.py:154} INFO - Started process (PID=481) to work on /home/airflow/.local/lib/python3.7/site-packages/airflow/example_dags/example_dag_decorator.py
[2023-08-26T17:07:06.955+0000] {processor.py:756} INFO - Processing file /home/airflow/.local/lib/python3.7/site-packages/airflow/example_dags/example_dag_decorator.py for tasks to queue
[2023-08-26T17:07:06.955+0000] {logging_mixin.py:120} INFO - [2023-08-26T17:07:06.955+0000] {dagbag.py:537} INFO - Filling up the DagBag from /home/airflow/.local/lib/python3.7/site-packages/airflow/example_dags/example_dag_decorator.py
[2023-08-26T17:07:06.964+0000] {logging_mixin.py:120} INFO - [2023-08-26T17:07:06.964+0000] {taskmixin.py:205} WARNING - Dependency <Task(_PythonDecoratedOperator): prepare_email>, send_email already registered for DAG: example_dag_decorator
[2023-08-26T17:07:06.964+0000] {logging_mixin.py:120} INFO - [2023-08-26T17:07:06.964+0000] {taskmixin.py:205} WARNING - Dependency <Task(EmailOperator): send_email>, prepare_email already registered for DAG: example_dag_decorator
[2023-08-26T17:07:06.972+0000] {processor.py:766} INFO - DAG(s) dict_keys(['example_dag_decorator']) retrieved from /home/airflow/.local/lib/python3.7/site-packages/airflow/example_dags/example_dag_decorator.py
[2023-08-26T17:07:07.018+0000] {logging_mixin.py:120} INFO - [2023-08-26T17:07:07.018+0000] {dag.py:2585} INFO - Sync 1 DAGs
[2023-08-26T17:07:07.032+0000] {logging_mixin.py:120} INFO - [2023-08-26T17:07:07.032+0000] {dag.py:3340} INFO - Setting next_dagrun for example_dag_decorator to None, run_after=None
[2023-08-26T17:07:07.044+0000] {processor.py:176} INFO - Processing /home/airflow/.local/lib/python3.7/site-packages/airflow/example_dags/example_dag_decorator.py took 0.092 seconds
[2023-08-26T17:07:38.255+0000] {processor.py:154} INFO - Started process (PID=544) to work on /home/airflow/.local/lib/python3.7/site-packages/airflow/example_dags/example_dag_decorator.py
[2023-08-26T17:07:38.256+0000] {processor.py:756} INFO - Processing file /home/airflow/.local/lib/python3.7/site-packages/airflow/example_dags/example_dag_decorator.py for tasks to queue
[2023-08-26T17:07:38.256+0000] {logging_mixin.py:120} INFO - [2023-08-26T17:07:38.256+0000] {dagbag.py:537} INFO - Filling up the DagBag from /home/airflow/.local/lib/python3.7/site-packages/airflow/example_dags/example_dag_decorator.py
[2023-08-26T17:07:38.265+0000] {logging_mixin.py:120} INFO - [2023-08-26T17:07:38.265+0000] {taskmixin.py:205} WARNING - Dependency <Task(_PythonDecoratedOperator): prepare_email>, send_email already registered for DAG: example_dag_decorator
[2023-08-26T17:07:38.266+0000] {logging_mixin.py:120} INFO - [2023-08-26T17:07:38.266+0000] {taskmixin.py:205} WARNING - Dependency <Task(EmailOperator): send_email>, prepare_email already registered for DAG: example_dag_decorator
[2023-08-26T17:07:38.274+0000] {processor.py:766} INFO - DAG(s) dict_keys(['example_dag_decorator']) retrieved from /home/airflow/.local/lib/python3.7/site-packages/airflow/example_dags/example_dag_decorator.py
[2023-08-26T17:07:38.323+0000] {logging_mixin.py:120} INFO - [2023-08-26T17:07:38.323+0000] {dag.py:2585} INFO - Sync 1 DAGs
[2023-08-26T17:07:38.336+0000] {logging_mixin.py:120} INFO - [2023-08-26T17:07:38.336+0000] {dag.py:3340} INFO - Setting next_dagrun for example_dag_decorator to None, run_after=None
[2023-08-26T17:07:38.347+0000] {processor.py:176} INFO - Processing /home/airflow/.local/lib/python3.7/site-packages/airflow/example_dags/example_dag_decorator.py took 0.094 seconds
[2023-08-26T17:08:09.304+0000] {processor.py:154} INFO - Started process (PID=607) to work on /home/airflow/.local/lib/python3.7/site-packages/airflow/example_dags/example_dag_decorator.py
[2023-08-26T17:08:09.305+0000] {processor.py:756} INFO - Processing file /home/airflow/.local/lib/python3.7/site-packages/airflow/example_dags/example_dag_decorator.py for tasks to queue
[2023-08-26T17:08:09.305+0000] {logging_mixin.py:120} INFO - [2023-08-26T17:08:09.305+0000] {dagbag.py:537} INFO - Filling up the DagBag from /home/airflow/.local/lib/python3.7/site-packages/airflow/example_dags/example_dag_decorator.py
[2023-08-26T17:08:09.314+0000] {logging_mixin.py:120} INFO - [2023-08-26T17:08:09.314+0000] {taskmixin.py:205} WARNING - Dependency <Task(_PythonDecoratedOperator): prepare_email>, send_email already registered for DAG: example_dag_decorator
[2023-08-26T17:08:09.314+0000] {logging_mixin.py:120} INFO - [2023-08-26T17:08:09.314+0000] {taskmixin.py:205} WARNING - Dependency <Task(EmailOperator): send_email>, prepare_email already registered for DAG: example_dag_decorator
[2023-08-26T17:08:09.323+0000] {processor.py:766} INFO - DAG(s) dict_keys(['example_dag_decorator']) retrieved from /home/airflow/.local/lib/python3.7/site-packages/airflow/example_dags/example_dag_decorator.py
[2023-08-26T17:08:09.373+0000] {logging_mixin.py:120} INFO - [2023-08-26T17:08:09.373+0000] {dag.py:2585} INFO - Sync 1 DAGs
[2023-08-26T17:08:09.387+0000] {logging_mixin.py:120} INFO - [2023-08-26T17:08:09.387+0000] {dag.py:3340} INFO - Setting next_dagrun for example_dag_decorator to None, run_after=None
[2023-08-26T17:08:09.400+0000] {processor.py:176} INFO - Processing /home/airflow/.local/lib/python3.7/site-packages/airflow/example_dags/example_dag_decorator.py took 0.098 seconds
[2023-08-26T17:08:40.264+0000] {processor.py:154} INFO - Started process (PID=670) to work on /home/airflow/.local/lib/python3.7/site-packages/airflow/example_dags/example_dag_decorator.py
[2023-08-26T17:08:40.265+0000] {processor.py:756} INFO - Processing file /home/airflow/.local/lib/python3.7/site-packages/airflow/example_dags/example_dag_decorator.py for tasks to queue
[2023-08-26T17:08:40.266+0000] {logging_mixin.py:120} INFO - [2023-08-26T17:08:40.266+0000] {dagbag.py:537} INFO - Filling up the DagBag from /home/airflow/.local/lib/python3.7/site-packages/airflow/example_dags/example_dag_decorator.py
[2023-08-26T17:08:40.275+0000] {logging_mixin.py:120} INFO - [2023-08-26T17:08:40.275+0000] {taskmixin.py:205} WARNING - Dependency <Task(_PythonDecoratedOperator): prepare_email>, send_email already registered for DAG: example_dag_decorator
[2023-08-26T17:08:40.276+0000] {logging_mixin.py:120} INFO - [2023-08-26T17:08:40.275+0000] {taskmixin.py:205} WARNING - Dependency <Task(EmailOperator): send_email>, prepare_email already registered for DAG: example_dag_decorator
[2023-08-26T17:08:40.283+0000] {processor.py:766} INFO - DAG(s) dict_keys(['example_dag_decorator']) retrieved from /home/airflow/.local/lib/python3.7/site-packages/airflow/example_dags/example_dag_decorator.py
[2023-08-26T17:08:40.342+0000] {logging_mixin.py:120} INFO - [2023-08-26T17:08:40.342+0000] {dag.py:2585} INFO - Sync 1 DAGs
[2023-08-26T17:08:40.356+0000] {logging_mixin.py:120} INFO - [2023-08-26T17:08:40.356+0000] {dag.py:3340} INFO - Setting next_dagrun for example_dag_decorator to None, run_after=None
[2023-08-26T17:08:40.369+0000] {processor.py:176} INFO - Processing /home/airflow/.local/lib/python3.7/site-packages/airflow/example_dags/example_dag_decorator.py took 0.107 seconds
