[2023-08-26T17:03:33.640+0000] {processor.py:154} INFO - Started process (PID=58) to work on /home/airflow/.local/lib/python3.7/site-packages/airflow/example_dags/example_branch_day_of_week_operator.py
[2023-08-26T17:03:33.647+0000] {processor.py:756} INFO - Processing file /home/airflow/.local/lib/python3.7/site-packages/airflow/example_dags/example_branch_day_of_week_operator.py for tasks to queue
[2023-08-26T17:03:33.654+0000] {logging_mixin.py:120} INFO - [2023-08-26T17:03:33.653+0000] {dagbag.py:537} INFO - Filling up the DagBag from /home/airflow/.local/lib/python3.7/site-packages/airflow/example_dags/example_branch_day_of_week_operator.py
[2023-08-26T17:03:33.701+0000] {processor.py:766} INFO - DAG(s) dict_keys(['example_weekday_branch_operator']) retrieved from /home/airflow/.local/lib/python3.7/site-packages/airflow/example_dags/example_branch_day_of_week_operator.py
[2023-08-26T17:03:33.846+0000] {logging_mixin.py:120} INFO - [2023-08-26T17:03:33.846+0000] {manager.py:507} INFO - Created Permission View: can edit on DAG:example_weekday_branch_operator
[2023-08-26T17:03:33.856+0000] {logging_mixin.py:120} INFO - [2023-08-26T17:03:33.856+0000] {manager.py:507} INFO - Created Permission View: can read on DAG:example_weekday_branch_operator
[2023-08-26T17:03:33.861+0000] {logging_mixin.py:120} INFO - [2023-08-26T17:03:33.861+0000] {manager.py:507} INFO - Created Permission View: can delete on DAG:example_weekday_branch_operator
[2023-08-26T17:03:33.863+0000] {logging_mixin.py:120} INFO - [2023-08-26T17:03:33.863+0000] {dag.py:2585} INFO - Sync 1 DAGs
[2023-08-26T17:03:33.875+0000] {logging_mixin.py:120} INFO - [2023-08-26T17:03:33.875+0000] {dag.py:2606} INFO - Creating ORM DAG for example_weekday_branch_operator
[2023-08-26T17:03:33.884+0000] {logging_mixin.py:120} INFO - [2023-08-26T17:03:33.884+0000] {dag.py:3340} INFO - Setting next_dagrun for example_weekday_branch_operator to 2023-08-25T00:00:00+00:00, run_after=2023-08-26T00:00:00+00:00
[2023-08-26T17:03:33.899+0000] {processor.py:176} INFO - Processing /home/airflow/.local/lib/python3.7/site-packages/airflow/example_dags/example_branch_day_of_week_operator.py took 0.264 seconds
[2023-08-26T17:04:04.015+0000] {processor.py:154} INFO - Started process (PID=120) to work on /home/airflow/.local/lib/python3.7/site-packages/airflow/example_dags/example_branch_day_of_week_operator.py
[2023-08-26T17:04:04.016+0000] {processor.py:756} INFO - Processing file /home/airflow/.local/lib/python3.7/site-packages/airflow/example_dags/example_branch_day_of_week_operator.py for tasks to queue
[2023-08-26T17:04:04.017+0000] {logging_mixin.py:120} INFO - [2023-08-26T17:04:04.017+0000] {dagbag.py:537} INFO - Filling up the DagBag from /home/airflow/.local/lib/python3.7/site-packages/airflow/example_dags/example_branch_day_of_week_operator.py
[2023-08-26T17:04:04.027+0000] {processor.py:766} INFO - DAG(s) dict_keys(['example_weekday_branch_operator']) retrieved from /home/airflow/.local/lib/python3.7/site-packages/airflow/example_dags/example_branch_day_of_week_operator.py
[2023-08-26T17:04:04.056+0000] {logging_mixin.py:120} INFO - [2023-08-26T17:04:04.056+0000] {dag.py:2585} INFO - Sync 1 DAGs
[2023-08-26T17:04:04.073+0000] {logging_mixin.py:120} INFO - [2023-08-26T17:04:04.073+0000] {dag.py:3340} INFO - Setting next_dagrun for example_weekday_branch_operator to 2023-08-25T00:00:00+00:00, run_after=2023-08-26T00:00:00+00:00
[2023-08-26T17:04:04.086+0000] {processor.py:176} INFO - Processing /home/airflow/.local/lib/python3.7/site-packages/airflow/example_dags/example_branch_day_of_week_operator.py took 0.074 seconds
[2023-08-26T17:04:34.256+0000] {processor.py:154} INFO - Started process (PID=184) to work on /home/airflow/.local/lib/python3.7/site-packages/airflow/example_dags/example_branch_day_of_week_operator.py
[2023-08-26T17:04:34.257+0000] {processor.py:756} INFO - Processing file /home/airflow/.local/lib/python3.7/site-packages/airflow/example_dags/example_branch_day_of_week_operator.py for tasks to queue
[2023-08-26T17:04:34.257+0000] {logging_mixin.py:120} INFO - [2023-08-26T17:04:34.257+0000] {dagbag.py:537} INFO - Filling up the DagBag from /home/airflow/.local/lib/python3.7/site-packages/airflow/example_dags/example_branch_day_of_week_operator.py
[2023-08-26T17:04:34.266+0000] {processor.py:766} INFO - DAG(s) dict_keys(['example_weekday_branch_operator']) retrieved from /home/airflow/.local/lib/python3.7/site-packages/airflow/example_dags/example_branch_day_of_week_operator.py
[2023-08-26T17:04:34.291+0000] {logging_mixin.py:120} INFO - [2023-08-26T17:04:34.291+0000] {dag.py:2585} INFO - Sync 1 DAGs
[2023-08-26T17:04:34.305+0000] {logging_mixin.py:120} INFO - [2023-08-26T17:04:34.305+0000] {dag.py:3340} INFO - Setting next_dagrun for example_weekday_branch_operator to 2023-08-25T00:00:00+00:00, run_after=2023-08-26T00:00:00+00:00
[2023-08-26T17:04:34.315+0000] {processor.py:176} INFO - Processing /home/airflow/.local/lib/python3.7/site-packages/airflow/example_dags/example_branch_day_of_week_operator.py took 0.061 seconds
[2023-08-26T17:05:05.354+0000] {processor.py:154} INFO - Started process (PID=247) to work on /home/airflow/.local/lib/python3.7/site-packages/airflow/example_dags/example_branch_day_of_week_operator.py
[2023-08-26T17:05:05.355+0000] {processor.py:756} INFO - Processing file /home/airflow/.local/lib/python3.7/site-packages/airflow/example_dags/example_branch_day_of_week_operator.py for tasks to queue
[2023-08-26T17:05:05.356+0000] {logging_mixin.py:120} INFO - [2023-08-26T17:05:05.355+0000] {dagbag.py:537} INFO - Filling up the DagBag from /home/airflow/.local/lib/python3.7/site-packages/airflow/example_dags/example_branch_day_of_week_operator.py
[2023-08-26T17:05:05.368+0000] {processor.py:766} INFO - DAG(s) dict_keys(['example_weekday_branch_operator']) retrieved from /home/airflow/.local/lib/python3.7/site-packages/airflow/example_dags/example_branch_day_of_week_operator.py
[2023-08-26T17:05:05.409+0000] {logging_mixin.py:120} INFO - [2023-08-26T17:05:05.409+0000] {dag.py:2585} INFO - Sync 1 DAGs
[2023-08-26T17:05:05.427+0000] {logging_mixin.py:120} INFO - [2023-08-26T17:05:05.427+0000] {dag.py:3340} INFO - Setting next_dagrun for example_weekday_branch_operator to 2023-08-25T00:00:00+00:00, run_after=2023-08-26T00:00:00+00:00
[2023-08-26T17:05:05.440+0000] {processor.py:176} INFO - Processing /home/airflow/.local/lib/python3.7/site-packages/airflow/example_dags/example_branch_day_of_week_operator.py took 0.088 seconds
[2023-08-26T17:05:35.573+0000] {processor.py:154} INFO - Started process (PID=311) to work on /home/airflow/.local/lib/python3.7/site-packages/airflow/example_dags/example_branch_day_of_week_operator.py
[2023-08-26T17:05:35.574+0000] {processor.py:756} INFO - Processing file /home/airflow/.local/lib/python3.7/site-packages/airflow/example_dags/example_branch_day_of_week_operator.py for tasks to queue
[2023-08-26T17:05:35.574+0000] {logging_mixin.py:120} INFO - [2023-08-26T17:05:35.574+0000] {dagbag.py:537} INFO - Filling up the DagBag from /home/airflow/.local/lib/python3.7/site-packages/airflow/example_dags/example_branch_day_of_week_operator.py
[2023-08-26T17:05:35.585+0000] {processor.py:766} INFO - DAG(s) dict_keys(['example_weekday_branch_operator']) retrieved from /home/airflow/.local/lib/python3.7/site-packages/airflow/example_dags/example_branch_day_of_week_operator.py
[2023-08-26T17:05:35.612+0000] {logging_mixin.py:120} INFO - [2023-08-26T17:05:35.612+0000] {dag.py:2585} INFO - Sync 1 DAGs
[2023-08-26T17:05:35.628+0000] {logging_mixin.py:120} INFO - [2023-08-26T17:05:35.628+0000] {dag.py:3340} INFO - Setting next_dagrun for example_weekday_branch_operator to 2023-08-25T00:00:00+00:00, run_after=2023-08-26T00:00:00+00:00
[2023-08-26T17:05:35.641+0000] {processor.py:176} INFO - Processing /home/airflow/.local/lib/python3.7/site-packages/airflow/example_dags/example_branch_day_of_week_operator.py took 0.070 seconds
[2023-08-26T17:06:06.463+0000] {processor.py:154} INFO - Started process (PID=372) to work on /home/airflow/.local/lib/python3.7/site-packages/airflow/example_dags/example_branch_day_of_week_operator.py
[2023-08-26T17:06:06.464+0000] {processor.py:756} INFO - Processing file /home/airflow/.local/lib/python3.7/site-packages/airflow/example_dags/example_branch_day_of_week_operator.py for tasks to queue
[2023-08-26T17:06:06.465+0000] {logging_mixin.py:120} INFO - [2023-08-26T17:06:06.465+0000] {dagbag.py:537} INFO - Filling up the DagBag from /home/airflow/.local/lib/python3.7/site-packages/airflow/example_dags/example_branch_day_of_week_operator.py
[2023-08-26T17:06:06.477+0000] {processor.py:766} INFO - DAG(s) dict_keys(['example_weekday_branch_operator']) retrieved from /home/airflow/.local/lib/python3.7/site-packages/airflow/example_dags/example_branch_day_of_week_operator.py
[2023-08-26T17:06:06.504+0000] {logging_mixin.py:120} INFO - [2023-08-26T17:06:06.504+0000] {dag.py:2585} INFO - Sync 1 DAGs
[2023-08-26T17:06:06.519+0000] {logging_mixin.py:120} INFO - [2023-08-26T17:06:06.519+0000] {dag.py:3340} INFO - Setting next_dagrun for example_weekday_branch_operator to 2023-08-25T00:00:00+00:00, run_after=2023-08-26T00:00:00+00:00
[2023-08-26T17:06:06.533+0000] {processor.py:176} INFO - Processing /home/airflow/.local/lib/python3.7/site-packages/airflow/example_dags/example_branch_day_of_week_operator.py took 0.072 seconds
[2023-08-26T17:06:37.399+0000] {processor.py:154} INFO - Started process (PID=428) to work on /home/airflow/.local/lib/python3.7/site-packages/airflow/example_dags/example_branch_day_of_week_operator.py
[2023-08-26T17:06:37.400+0000] {processor.py:756} INFO - Processing file /home/airflow/.local/lib/python3.7/site-packages/airflow/example_dags/example_branch_day_of_week_operator.py for tasks to queue
[2023-08-26T17:06:37.400+0000] {logging_mixin.py:120} INFO - [2023-08-26T17:06:37.400+0000] {dagbag.py:537} INFO - Filling up the DagBag from /home/airflow/.local/lib/python3.7/site-packages/airflow/example_dags/example_branch_day_of_week_operator.py
[2023-08-26T17:06:37.415+0000] {processor.py:766} INFO - DAG(s) dict_keys(['example_weekday_branch_operator']) retrieved from /home/airflow/.local/lib/python3.7/site-packages/airflow/example_dags/example_branch_day_of_week_operator.py
[2023-08-26T17:06:37.444+0000] {logging_mixin.py:120} INFO - [2023-08-26T17:06:37.444+0000] {dag.py:2585} INFO - Sync 1 DAGs
[2023-08-26T17:06:37.460+0000] {logging_mixin.py:120} INFO - [2023-08-26T17:06:37.460+0000] {dag.py:3340} INFO - Setting next_dagrun for example_weekday_branch_operator to 2023-08-25T00:00:00+00:00, run_after=2023-08-26T00:00:00+00:00
[2023-08-26T17:06:37.470+0000] {processor.py:176} INFO - Processing /home/airflow/.local/lib/python3.7/site-packages/airflow/example_dags/example_branch_day_of_week_operator.py took 0.074 seconds
[2023-08-26T17:07:08.366+0000] {processor.py:154} INFO - Started process (PID=490) to work on /home/airflow/.local/lib/python3.7/site-packages/airflow/example_dags/example_branch_day_of_week_operator.py
[2023-08-26T17:07:08.367+0000] {processor.py:756} INFO - Processing file /home/airflow/.local/lib/python3.7/site-packages/airflow/example_dags/example_branch_day_of_week_operator.py for tasks to queue
[2023-08-26T17:07:08.369+0000] {logging_mixin.py:120} INFO - [2023-08-26T17:07:08.368+0000] {dagbag.py:537} INFO - Filling up the DagBag from /home/airflow/.local/lib/python3.7/site-packages/airflow/example_dags/example_branch_day_of_week_operator.py
[2023-08-26T17:07:08.387+0000] {processor.py:766} INFO - DAG(s) dict_keys(['example_weekday_branch_operator']) retrieved from /home/airflow/.local/lib/python3.7/site-packages/airflow/example_dags/example_branch_day_of_week_operator.py
[2023-08-26T17:07:08.424+0000] {logging_mixin.py:120} INFO - [2023-08-26T17:07:08.423+0000] {dag.py:2585} INFO - Sync 1 DAGs
[2023-08-26T17:07:08.442+0000] {logging_mixin.py:120} INFO - [2023-08-26T17:07:08.442+0000] {dag.py:3340} INFO - Setting next_dagrun for example_weekday_branch_operator to 2023-08-25T00:00:00+00:00, run_after=2023-08-26T00:00:00+00:00
[2023-08-26T17:07:08.456+0000] {processor.py:176} INFO - Processing /home/airflow/.local/lib/python3.7/site-packages/airflow/example_dags/example_branch_day_of_week_operator.py took 0.095 seconds
[2023-08-26T17:07:38.672+0000] {processor.py:154} INFO - Started process (PID=553) to work on /home/airflow/.local/lib/python3.7/site-packages/airflow/example_dags/example_branch_day_of_week_operator.py
[2023-08-26T17:07:38.673+0000] {processor.py:756} INFO - Processing file /home/airflow/.local/lib/python3.7/site-packages/airflow/example_dags/example_branch_day_of_week_operator.py for tasks to queue
[2023-08-26T17:07:38.674+0000] {logging_mixin.py:120} INFO - [2023-08-26T17:07:38.674+0000] {dagbag.py:537} INFO - Filling up the DagBag from /home/airflow/.local/lib/python3.7/site-packages/airflow/example_dags/example_branch_day_of_week_operator.py
[2023-08-26T17:07:38.691+0000] {processor.py:766} INFO - DAG(s) dict_keys(['example_weekday_branch_operator']) retrieved from /home/airflow/.local/lib/python3.7/site-packages/airflow/example_dags/example_branch_day_of_week_operator.py
[2023-08-26T17:07:38.720+0000] {logging_mixin.py:120} INFO - [2023-08-26T17:07:38.720+0000] {dag.py:2585} INFO - Sync 1 DAGs
[2023-08-26T17:07:38.735+0000] {logging_mixin.py:120} INFO - [2023-08-26T17:07:38.735+0000] {dag.py:3340} INFO - Setting next_dagrun for example_weekday_branch_operator to 2023-08-25T00:00:00+00:00, run_after=2023-08-26T00:00:00+00:00
[2023-08-26T17:07:38.746+0000] {processor.py:176} INFO - Processing /home/airflow/.local/lib/python3.7/site-packages/airflow/example_dags/example_branch_day_of_week_operator.py took 0.078 seconds
[2023-08-26T17:08:09.667+0000] {processor.py:154} INFO - Started process (PID=616) to work on /home/airflow/.local/lib/python3.7/site-packages/airflow/example_dags/example_branch_day_of_week_operator.py
[2023-08-26T17:08:09.667+0000] {processor.py:756} INFO - Processing file /home/airflow/.local/lib/python3.7/site-packages/airflow/example_dags/example_branch_day_of_week_operator.py for tasks to queue
[2023-08-26T17:08:09.668+0000] {logging_mixin.py:120} INFO - [2023-08-26T17:08:09.668+0000] {dagbag.py:537} INFO - Filling up the DagBag from /home/airflow/.local/lib/python3.7/site-packages/airflow/example_dags/example_branch_day_of_week_operator.py
[2023-08-26T17:08:09.677+0000] {processor.py:766} INFO - DAG(s) dict_keys(['example_weekday_branch_operator']) retrieved from /home/airflow/.local/lib/python3.7/site-packages/airflow/example_dags/example_branch_day_of_week_operator.py
[2023-08-26T17:08:09.702+0000] {logging_mixin.py:120} INFO - [2023-08-26T17:08:09.702+0000] {dag.py:2585} INFO - Sync 1 DAGs
[2023-08-26T17:08:09.715+0000] {logging_mixin.py:120} INFO - [2023-08-26T17:08:09.715+0000] {dag.py:3340} INFO - Setting next_dagrun for example_weekday_branch_operator to 2023-08-25T00:00:00+00:00, run_after=2023-08-26T00:00:00+00:00
[2023-08-26T17:08:09.726+0000] {processor.py:176} INFO - Processing /home/airflow/.local/lib/python3.7/site-packages/airflow/example_dags/example_branch_day_of_week_operator.py took 0.061 seconds
[2023-08-26T17:08:40.730+0000] {processor.py:154} INFO - Started process (PID=679) to work on /home/airflow/.local/lib/python3.7/site-packages/airflow/example_dags/example_branch_day_of_week_operator.py
[2023-08-26T17:08:40.731+0000] {processor.py:756} INFO - Processing file /home/airflow/.local/lib/python3.7/site-packages/airflow/example_dags/example_branch_day_of_week_operator.py for tasks to queue
[2023-08-26T17:08:40.732+0000] {logging_mixin.py:120} INFO - [2023-08-26T17:08:40.732+0000] {dagbag.py:537} INFO - Filling up the DagBag from /home/airflow/.local/lib/python3.7/site-packages/airflow/example_dags/example_branch_day_of_week_operator.py
[2023-08-26T17:08:40.745+0000] {processor.py:766} INFO - DAG(s) dict_keys(['example_weekday_branch_operator']) retrieved from /home/airflow/.local/lib/python3.7/site-packages/airflow/example_dags/example_branch_day_of_week_operator.py
[2023-08-26T17:08:40.780+0000] {logging_mixin.py:120} INFO - [2023-08-26T17:08:40.780+0000] {dag.py:2585} INFO - Sync 1 DAGs
[2023-08-26T17:08:40.798+0000] {logging_mixin.py:120} INFO - [2023-08-26T17:08:40.798+0000] {dag.py:3340} INFO - Setting next_dagrun for example_weekday_branch_operator to 2023-08-25T00:00:00+00:00, run_after=2023-08-26T00:00:00+00:00
[2023-08-26T17:08:40.812+0000] {processor.py:176} INFO - Processing /home/airflow/.local/lib/python3.7/site-packages/airflow/example_dags/example_branch_day_of_week_operator.py took 0.086 seconds
[2023-08-26T17:09:11.124+0000] {processor.py:154} INFO - Started process (PID=741) to work on /home/airflow/.local/lib/python3.7/site-packages/airflow/example_dags/example_branch_day_of_week_operator.py
[2023-08-26T17:09:11.126+0000] {processor.py:756} INFO - Processing file /home/airflow/.local/lib/python3.7/site-packages/airflow/example_dags/example_branch_day_of_week_operator.py for tasks to queue
[2023-08-26T17:09:11.127+0000] {logging_mixin.py:120} INFO - [2023-08-26T17:09:11.127+0000] {dagbag.py:537} INFO - Filling up the DagBag from /home/airflow/.local/lib/python3.7/site-packages/airflow/example_dags/example_branch_day_of_week_operator.py
[2023-08-26T17:09:11.138+0000] {processor.py:766} INFO - DAG(s) dict_keys(['example_weekday_branch_operator']) retrieved from /home/airflow/.local/lib/python3.7/site-packages/airflow/example_dags/example_branch_day_of_week_operator.py
[2023-08-26T17:09:11.166+0000] {logging_mixin.py:120} INFO - [2023-08-26T17:09:11.166+0000] {dag.py:2585} INFO - Sync 1 DAGs
[2023-08-26T17:09:11.183+0000] {logging_mixin.py:120} INFO - [2023-08-26T17:09:11.183+0000] {dag.py:3340} INFO - Setting next_dagrun for example_weekday_branch_operator to 2023-08-25T00:00:00+00:00, run_after=2023-08-26T00:00:00+00:00
[2023-08-26T17:09:11.195+0000] {processor.py:176} INFO - Processing /home/airflow/.local/lib/python3.7/site-packages/airflow/example_dags/example_branch_day_of_week_operator.py took 0.072 seconds
[2023-08-26T17:09:41.214+0000] {processor.py:154} INFO - Started process (PID=795) to work on /home/airflow/.local/lib/python3.7/site-packages/airflow/example_dags/example_branch_day_of_week_operator.py
[2023-08-26T17:09:41.215+0000] {processor.py:756} INFO - Processing file /home/airflow/.local/lib/python3.7/site-packages/airflow/example_dags/example_branch_day_of_week_operator.py for tasks to queue
[2023-08-26T17:09:41.215+0000] {logging_mixin.py:120} INFO - [2023-08-26T17:09:41.215+0000] {dagbag.py:537} INFO - Filling up the DagBag from /home/airflow/.local/lib/python3.7/site-packages/airflow/example_dags/example_branch_day_of_week_operator.py
[2023-08-26T17:09:41.225+0000] {processor.py:766} INFO - DAG(s) dict_keys(['example_weekday_branch_operator']) retrieved from /home/airflow/.local/lib/python3.7/site-packages/airflow/example_dags/example_branch_day_of_week_operator.py
[2023-08-26T17:09:41.251+0000] {logging_mixin.py:120} INFO - [2023-08-26T17:09:41.251+0000] {dag.py:2585} INFO - Sync 1 DAGs
[2023-08-26T17:09:41.266+0000] {logging_mixin.py:120} INFO - [2023-08-26T17:09:41.266+0000] {dag.py:3340} INFO - Setting next_dagrun for example_weekday_branch_operator to 2023-08-25T00:00:00+00:00, run_after=2023-08-26T00:00:00+00:00
[2023-08-26T17:09:41.276+0000] {processor.py:176} INFO - Processing /home/airflow/.local/lib/python3.7/site-packages/airflow/example_dags/example_branch_day_of_week_operator.py took 0.065 seconds
[2023-08-26T17:10:11.324+0000] {processor.py:154} INFO - Started process (PID=857) to work on /home/airflow/.local/lib/python3.7/site-packages/airflow/example_dags/example_branch_day_of_week_operator.py
[2023-08-26T17:10:11.325+0000] {processor.py:756} INFO - Processing file /home/airflow/.local/lib/python3.7/site-packages/airflow/example_dags/example_branch_day_of_week_operator.py for tasks to queue
[2023-08-26T17:10:11.325+0000] {logging_mixin.py:120} INFO - [2023-08-26T17:10:11.325+0000] {dagbag.py:537} INFO - Filling up the DagBag from /home/airflow/.local/lib/python3.7/site-packages/airflow/example_dags/example_branch_day_of_week_operator.py
[2023-08-26T17:10:11.336+0000] {processor.py:766} INFO - DAG(s) dict_keys(['example_weekday_branch_operator']) retrieved from /home/airflow/.local/lib/python3.7/site-packages/airflow/example_dags/example_branch_day_of_week_operator.py
[2023-08-26T17:10:11.360+0000] {logging_mixin.py:120} INFO - [2023-08-26T17:10:11.360+0000] {dag.py:2585} INFO - Sync 1 DAGs
[2023-08-26T17:10:11.373+0000] {logging_mixin.py:120} INFO - [2023-08-26T17:10:11.373+0000] {dag.py:3340} INFO - Setting next_dagrun for example_weekday_branch_operator to 2023-08-25T00:00:00+00:00, run_after=2023-08-26T00:00:00+00:00
[2023-08-26T17:10:11.383+0000] {processor.py:176} INFO - Processing /home/airflow/.local/lib/python3.7/site-packages/airflow/example_dags/example_branch_day_of_week_operator.py took 0.061 seconds
[2023-08-26T17:10:41.492+0000] {processor.py:154} INFO - Started process (PID=920) to work on /home/airflow/.local/lib/python3.7/site-packages/airflow/example_dags/example_branch_day_of_week_operator.py
[2023-08-26T17:10:41.493+0000] {processor.py:756} INFO - Processing file /home/airflow/.local/lib/python3.7/site-packages/airflow/example_dags/example_branch_day_of_week_operator.py for tasks to queue
[2023-08-26T17:10:41.494+0000] {logging_mixin.py:120} INFO - [2023-08-26T17:10:41.494+0000] {dagbag.py:537} INFO - Filling up the DagBag from /home/airflow/.local/lib/python3.7/site-packages/airflow/example_dags/example_branch_day_of_week_operator.py
[2023-08-26T17:10:41.505+0000] {processor.py:766} INFO - DAG(s) dict_keys(['example_weekday_branch_operator']) retrieved from /home/airflow/.local/lib/python3.7/site-packages/airflow/example_dags/example_branch_day_of_week_operator.py
[2023-08-26T17:10:41.535+0000] {logging_mixin.py:120} INFO - [2023-08-26T17:10:41.535+0000] {dag.py:2585} INFO - Sync 1 DAGs
[2023-08-26T17:10:41.552+0000] {logging_mixin.py:120} INFO - [2023-08-26T17:10:41.552+0000] {dag.py:3340} INFO - Setting next_dagrun for example_weekday_branch_operator to 2023-08-25T00:00:00+00:00, run_after=2023-08-26T00:00:00+00:00
[2023-08-26T17:10:41.565+0000] {processor.py:176} INFO - Processing /home/airflow/.local/lib/python3.7/site-packages/airflow/example_dags/example_branch_day_of_week_operator.py took 0.074 seconds
[2023-08-26T17:11:11.684+0000] {processor.py:154} INFO - Started process (PID=983) to work on /home/airflow/.local/lib/python3.7/site-packages/airflow/example_dags/example_branch_day_of_week_operator.py
[2023-08-26T17:11:11.685+0000] {processor.py:756} INFO - Processing file /home/airflow/.local/lib/python3.7/site-packages/airflow/example_dags/example_branch_day_of_week_operator.py for tasks to queue
[2023-08-26T17:11:11.686+0000] {logging_mixin.py:120} INFO - [2023-08-26T17:11:11.685+0000] {dagbag.py:537} INFO - Filling up the DagBag from /home/airflow/.local/lib/python3.7/site-packages/airflow/example_dags/example_branch_day_of_week_operator.py
[2023-08-26T17:11:11.697+0000] {processor.py:766} INFO - DAG(s) dict_keys(['example_weekday_branch_operator']) retrieved from /home/airflow/.local/lib/python3.7/site-packages/airflow/example_dags/example_branch_day_of_week_operator.py
[2023-08-26T17:11:11.722+0000] {logging_mixin.py:120} INFO - [2023-08-26T17:11:11.722+0000] {dag.py:2585} INFO - Sync 1 DAGs
[2023-08-26T17:11:11.736+0000] {logging_mixin.py:120} INFO - [2023-08-26T17:11:11.736+0000] {dag.py:3340} INFO - Setting next_dagrun for example_weekday_branch_operator to 2023-08-25T00:00:00+00:00, run_after=2023-08-26T00:00:00+00:00
[2023-08-26T17:11:11.746+0000] {processor.py:176} INFO - Processing /home/airflow/.local/lib/python3.7/site-packages/airflow/example_dags/example_branch_day_of_week_operator.py took 0.064 seconds
[2023-08-26T17:11:42.862+0000] {processor.py:154} INFO - Started process (PID=1046) to work on /home/airflow/.local/lib/python3.7/site-packages/airflow/example_dags/example_branch_day_of_week_operator.py
[2023-08-26T17:11:42.863+0000] {processor.py:756} INFO - Processing file /home/airflow/.local/lib/python3.7/site-packages/airflow/example_dags/example_branch_day_of_week_operator.py for tasks to queue
[2023-08-26T17:11:42.864+0000] {logging_mixin.py:120} INFO - [2023-08-26T17:11:42.864+0000] {dagbag.py:537} INFO - Filling up the DagBag from /home/airflow/.local/lib/python3.7/site-packages/airflow/example_dags/example_branch_day_of_week_operator.py
[2023-08-26T17:11:42.874+0000] {processor.py:766} INFO - DAG(s) dict_keys(['example_weekday_branch_operator']) retrieved from /home/airflow/.local/lib/python3.7/site-packages/airflow/example_dags/example_branch_day_of_week_operator.py
[2023-08-26T17:11:42.899+0000] {logging_mixin.py:120} INFO - [2023-08-26T17:11:42.899+0000] {dag.py:2585} INFO - Sync 1 DAGs
[2023-08-26T17:11:42.914+0000] {logging_mixin.py:120} INFO - [2023-08-26T17:11:42.914+0000] {dag.py:3340} INFO - Setting next_dagrun for example_weekday_branch_operator to 2023-08-25T00:00:00+00:00, run_after=2023-08-26T00:00:00+00:00
[2023-08-26T17:11:42.924+0000] {processor.py:176} INFO - Processing /home/airflow/.local/lib/python3.7/site-packages/airflow/example_dags/example_branch_day_of_week_operator.py took 0.064 seconds
[2023-08-26T17:12:14.002+0000] {processor.py:154} INFO - Started process (PID=1109) to work on /home/airflow/.local/lib/python3.7/site-packages/airflow/example_dags/example_branch_day_of_week_operator.py
[2023-08-26T17:12:14.002+0000] {processor.py:756} INFO - Processing file /home/airflow/.local/lib/python3.7/site-packages/airflow/example_dags/example_branch_day_of_week_operator.py for tasks to queue
[2023-08-26T17:12:14.003+0000] {logging_mixin.py:120} INFO - [2023-08-26T17:12:14.003+0000] {dagbag.py:537} INFO - Filling up the DagBag from /home/airflow/.local/lib/python3.7/site-packages/airflow/example_dags/example_branch_day_of_week_operator.py
[2023-08-26T17:12:14.013+0000] {processor.py:766} INFO - DAG(s) dict_keys(['example_weekday_branch_operator']) retrieved from /home/airflow/.local/lib/python3.7/site-packages/airflow/example_dags/example_branch_day_of_week_operator.py
[2023-08-26T17:12:14.038+0000] {logging_mixin.py:120} INFO - [2023-08-26T17:12:14.038+0000] {dag.py:2585} INFO - Sync 1 DAGs
[2023-08-26T17:12:14.052+0000] {logging_mixin.py:120} INFO - [2023-08-26T17:12:14.052+0000] {dag.py:3340} INFO - Setting next_dagrun for example_weekday_branch_operator to 2023-08-25T00:00:00+00:00, run_after=2023-08-26T00:00:00+00:00
[2023-08-26T17:12:14.063+0000] {processor.py:176} INFO - Processing /home/airflow/.local/lib/python3.7/site-packages/airflow/example_dags/example_branch_day_of_week_operator.py took 0.063 seconds
[2023-08-26T17:12:45.182+0000] {processor.py:154} INFO - Started process (PID=1178) to work on /home/airflow/.local/lib/python3.7/site-packages/airflow/example_dags/example_branch_day_of_week_operator.py
[2023-08-26T17:12:45.183+0000] {processor.py:756} INFO - Processing file /home/airflow/.local/lib/python3.7/site-packages/airflow/example_dags/example_branch_day_of_week_operator.py for tasks to queue
[2023-08-26T17:12:45.184+0000] {logging_mixin.py:120} INFO - [2023-08-26T17:12:45.184+0000] {dagbag.py:537} INFO - Filling up the DagBag from /home/airflow/.local/lib/python3.7/site-packages/airflow/example_dags/example_branch_day_of_week_operator.py
[2023-08-26T17:12:45.195+0000] {processor.py:766} INFO - DAG(s) dict_keys(['example_weekday_branch_operator']) retrieved from /home/airflow/.local/lib/python3.7/site-packages/airflow/example_dags/example_branch_day_of_week_operator.py
[2023-08-26T17:12:45.226+0000] {logging_mixin.py:120} INFO - [2023-08-26T17:12:45.225+0000] {dag.py:2585} INFO - Sync 1 DAGs
[2023-08-26T17:12:45.243+0000] {logging_mixin.py:120} INFO - [2023-08-26T17:12:45.243+0000] {dag.py:3340} INFO - Setting next_dagrun for example_weekday_branch_operator to 2023-08-25T00:00:00+00:00, run_after=2023-08-26T00:00:00+00:00
[2023-08-26T17:12:45.257+0000] {processor.py:176} INFO - Processing /home/airflow/.local/lib/python3.7/site-packages/airflow/example_dags/example_branch_day_of_week_operator.py took 0.077 seconds
[2023-08-26T17:13:15.299+0000] {processor.py:154} INFO - Started process (PID=1231) to work on /home/airflow/.local/lib/python3.7/site-packages/airflow/example_dags/example_branch_day_of_week_operator.py
[2023-08-26T17:13:15.300+0000] {processor.py:756} INFO - Processing file /home/airflow/.local/lib/python3.7/site-packages/airflow/example_dags/example_branch_day_of_week_operator.py for tasks to queue
[2023-08-26T17:13:15.301+0000] {logging_mixin.py:120} INFO - [2023-08-26T17:13:15.301+0000] {dagbag.py:537} INFO - Filling up the DagBag from /home/airflow/.local/lib/python3.7/site-packages/airflow/example_dags/example_branch_day_of_week_operator.py
[2023-08-26T17:13:15.312+0000] {processor.py:766} INFO - DAG(s) dict_keys(['example_weekday_branch_operator']) retrieved from /home/airflow/.local/lib/python3.7/site-packages/airflow/example_dags/example_branch_day_of_week_operator.py
[2023-08-26T17:13:15.343+0000] {logging_mixin.py:120} INFO - [2023-08-26T17:13:15.342+0000] {dag.py:2585} INFO - Sync 1 DAGs
[2023-08-26T17:13:15.359+0000] {logging_mixin.py:120} INFO - [2023-08-26T17:13:15.359+0000] {dag.py:3340} INFO - Setting next_dagrun for example_weekday_branch_operator to 2023-08-25T00:00:00+00:00, run_after=2023-08-26T00:00:00+00:00
[2023-08-26T17:13:15.373+0000] {processor.py:176} INFO - Processing /home/airflow/.local/lib/python3.7/site-packages/airflow/example_dags/example_branch_day_of_week_operator.py took 0.076 seconds
[2023-08-26T17:13:45.608+0000] {processor.py:154} INFO - Started process (PID=1294) to work on /home/airflow/.local/lib/python3.7/site-packages/airflow/example_dags/example_branch_day_of_week_operator.py
[2023-08-26T17:13:45.609+0000] {processor.py:756} INFO - Processing file /home/airflow/.local/lib/python3.7/site-packages/airflow/example_dags/example_branch_day_of_week_operator.py for tasks to queue
[2023-08-26T17:13:45.609+0000] {logging_mixin.py:120} INFO - [2023-08-26T17:13:45.609+0000] {dagbag.py:537} INFO - Filling up the DagBag from /home/airflow/.local/lib/python3.7/site-packages/airflow/example_dags/example_branch_day_of_week_operator.py
[2023-08-26T17:13:45.619+0000] {processor.py:766} INFO - DAG(s) dict_keys(['example_weekday_branch_operator']) retrieved from /home/airflow/.local/lib/python3.7/site-packages/airflow/example_dags/example_branch_day_of_week_operator.py
[2023-08-26T17:13:45.647+0000] {logging_mixin.py:120} INFO - [2023-08-26T17:13:45.647+0000] {dag.py:2585} INFO - Sync 1 DAGs
[2023-08-26T17:13:45.662+0000] {logging_mixin.py:120} INFO - [2023-08-26T17:13:45.662+0000] {dag.py:3340} INFO - Setting next_dagrun for example_weekday_branch_operator to 2023-08-25T00:00:00+00:00, run_after=2023-08-26T00:00:00+00:00
[2023-08-26T17:13:45.671+0000] {processor.py:176} INFO - Processing /home/airflow/.local/lib/python3.7/site-packages/airflow/example_dags/example_branch_day_of_week_operator.py took 0.065 seconds
[2023-08-26T17:14:16.684+0000] {processor.py:154} INFO - Started process (PID=1358) to work on /home/airflow/.local/lib/python3.7/site-packages/airflow/example_dags/example_branch_day_of_week_operator.py
[2023-08-26T17:14:16.685+0000] {processor.py:756} INFO - Processing file /home/airflow/.local/lib/python3.7/site-packages/airflow/example_dags/example_branch_day_of_week_operator.py for tasks to queue
[2023-08-26T17:14:16.686+0000] {logging_mixin.py:120} INFO - [2023-08-26T17:14:16.685+0000] {dagbag.py:537} INFO - Filling up the DagBag from /home/airflow/.local/lib/python3.7/site-packages/airflow/example_dags/example_branch_day_of_week_operator.py
[2023-08-26T17:14:16.696+0000] {processor.py:766} INFO - DAG(s) dict_keys(['example_weekday_branch_operator']) retrieved from /home/airflow/.local/lib/python3.7/site-packages/airflow/example_dags/example_branch_day_of_week_operator.py
[2023-08-26T17:14:16.732+0000] {logging_mixin.py:120} INFO - [2023-08-26T17:14:16.732+0000] {dag.py:2585} INFO - Sync 1 DAGs
[2023-08-26T17:14:16.748+0000] {logging_mixin.py:120} INFO - [2023-08-26T17:14:16.748+0000] {dag.py:3340} INFO - Setting next_dagrun for example_weekday_branch_operator to 2023-08-25T00:00:00+00:00, run_after=2023-08-26T00:00:00+00:00
[2023-08-26T17:14:16.759+0000] {processor.py:176} INFO - Processing /home/airflow/.local/lib/python3.7/site-packages/airflow/example_dags/example_branch_day_of_week_operator.py took 0.077 seconds
[2023-08-26T17:14:46.879+0000] {processor.py:154} INFO - Started process (PID=1423) to work on /home/airflow/.local/lib/python3.7/site-packages/airflow/example_dags/example_branch_day_of_week_operator.py
[2023-08-26T17:14:46.880+0000] {processor.py:756} INFO - Processing file /home/airflow/.local/lib/python3.7/site-packages/airflow/example_dags/example_branch_day_of_week_operator.py for tasks to queue
[2023-08-26T17:14:46.880+0000] {logging_mixin.py:120} INFO - [2023-08-26T17:14:46.880+0000] {dagbag.py:537} INFO - Filling up the DagBag from /home/airflow/.local/lib/python3.7/site-packages/airflow/example_dags/example_branch_day_of_week_operator.py
[2023-08-26T17:14:46.890+0000] {processor.py:766} INFO - DAG(s) dict_keys(['example_weekday_branch_operator']) retrieved from /home/airflow/.local/lib/python3.7/site-packages/airflow/example_dags/example_branch_day_of_week_operator.py
[2023-08-26T17:14:46.917+0000] {logging_mixin.py:120} INFO - [2023-08-26T17:14:46.917+0000] {dag.py:2585} INFO - Sync 1 DAGs
[2023-08-26T17:14:46.934+0000] {logging_mixin.py:120} INFO - [2023-08-26T17:14:46.934+0000] {dag.py:3340} INFO - Setting next_dagrun for example_weekday_branch_operator to 2023-08-25T00:00:00+00:00, run_after=2023-08-26T00:00:00+00:00
[2023-08-26T17:14:46.947+0000] {processor.py:176} INFO - Processing /home/airflow/.local/lib/python3.7/site-packages/airflow/example_dags/example_branch_day_of_week_operator.py took 0.071 seconds
[2023-08-26T17:15:17.009+0000] {processor.py:154} INFO - Started process (PID=1485) to work on /home/airflow/.local/lib/python3.7/site-packages/airflow/example_dags/example_branch_day_of_week_operator.py
[2023-08-26T17:15:17.010+0000] {processor.py:756} INFO - Processing file /home/airflow/.local/lib/python3.7/site-packages/airflow/example_dags/example_branch_day_of_week_operator.py for tasks to queue
[2023-08-26T17:15:17.010+0000] {logging_mixin.py:120} INFO - [2023-08-26T17:15:17.010+0000] {dagbag.py:537} INFO - Filling up the DagBag from /home/airflow/.local/lib/python3.7/site-packages/airflow/example_dags/example_branch_day_of_week_operator.py
[2023-08-26T17:15:17.020+0000] {processor.py:766} INFO - DAG(s) dict_keys(['example_weekday_branch_operator']) retrieved from /home/airflow/.local/lib/python3.7/site-packages/airflow/example_dags/example_branch_day_of_week_operator.py
[2023-08-26T17:15:17.045+0000] {logging_mixin.py:120} INFO - [2023-08-26T17:15:17.045+0000] {dag.py:2585} INFO - Sync 1 DAGs
[2023-08-26T17:15:17.058+0000] {logging_mixin.py:120} INFO - [2023-08-26T17:15:17.058+0000] {dag.py:3340} INFO - Setting next_dagrun for example_weekday_branch_operator to 2023-08-25T00:00:00+00:00, run_after=2023-08-26T00:00:00+00:00
[2023-08-26T17:15:17.066+0000] {processor.py:176} INFO - Processing /home/airflow/.local/lib/python3.7/site-packages/airflow/example_dags/example_branch_day_of_week_operator.py took 0.059 seconds
[2023-08-26T17:15:47.208+0000] {processor.py:154} INFO - Started process (PID=1540) to work on /home/airflow/.local/lib/python3.7/site-packages/airflow/example_dags/example_branch_day_of_week_operator.py
[2023-08-26T17:15:47.209+0000] {processor.py:756} INFO - Processing file /home/airflow/.local/lib/python3.7/site-packages/airflow/example_dags/example_branch_day_of_week_operator.py for tasks to queue
[2023-08-26T17:15:47.209+0000] {logging_mixin.py:120} INFO - [2023-08-26T17:15:47.209+0000] {dagbag.py:537} INFO - Filling up the DagBag from /home/airflow/.local/lib/python3.7/site-packages/airflow/example_dags/example_branch_day_of_week_operator.py
[2023-08-26T17:15:47.219+0000] {processor.py:766} INFO - DAG(s) dict_keys(['example_weekday_branch_operator']) retrieved from /home/airflow/.local/lib/python3.7/site-packages/airflow/example_dags/example_branch_day_of_week_operator.py
[2023-08-26T17:15:47.247+0000] {logging_mixin.py:120} INFO - [2023-08-26T17:15:47.247+0000] {dag.py:2585} INFO - Sync 1 DAGs
[2023-08-26T17:15:47.261+0000] {logging_mixin.py:120} INFO - [2023-08-26T17:15:47.261+0000] {dag.py:3340} INFO - Setting next_dagrun for example_weekday_branch_operator to 2023-08-25T00:00:00+00:00, run_after=2023-08-26T00:00:00+00:00
[2023-08-26T17:15:47.271+0000] {processor.py:176} INFO - Processing /home/airflow/.local/lib/python3.7/site-packages/airflow/example_dags/example_branch_day_of_week_operator.py took 0.066 seconds
[2023-08-26T17:16:18.242+0000] {processor.py:154} INFO - Started process (PID=1604) to work on /home/airflow/.local/lib/python3.7/site-packages/airflow/example_dags/example_branch_day_of_week_operator.py
[2023-08-26T17:16:18.243+0000] {processor.py:756} INFO - Processing file /home/airflow/.local/lib/python3.7/site-packages/airflow/example_dags/example_branch_day_of_week_operator.py for tasks to queue
[2023-08-26T17:16:18.243+0000] {logging_mixin.py:120} INFO - [2023-08-26T17:16:18.243+0000] {dagbag.py:537} INFO - Filling up the DagBag from /home/airflow/.local/lib/python3.7/site-packages/airflow/example_dags/example_branch_day_of_week_operator.py
[2023-08-26T17:16:18.253+0000] {processor.py:766} INFO - DAG(s) dict_keys(['example_weekday_branch_operator']) retrieved from /home/airflow/.local/lib/python3.7/site-packages/airflow/example_dags/example_branch_day_of_week_operator.py
[2023-08-26T17:16:18.279+0000] {logging_mixin.py:120} INFO - [2023-08-26T17:16:18.279+0000] {dag.py:2585} INFO - Sync 1 DAGs
[2023-08-26T17:16:18.295+0000] {logging_mixin.py:120} INFO - [2023-08-26T17:16:18.295+0000] {dag.py:3340} INFO - Setting next_dagrun for example_weekday_branch_operator to 2023-08-25T00:00:00+00:00, run_after=2023-08-26T00:00:00+00:00
[2023-08-26T17:16:18.306+0000] {processor.py:176} INFO - Processing /home/airflow/.local/lib/python3.7/site-packages/airflow/example_dags/example_branch_day_of_week_operator.py took 0.067 seconds
[2023-08-26T17:16:49.312+0000] {processor.py:154} INFO - Started process (PID=1667) to work on /home/airflow/.local/lib/python3.7/site-packages/airflow/example_dags/example_branch_day_of_week_operator.py
[2023-08-26T17:16:49.313+0000] {processor.py:756} INFO - Processing file /home/airflow/.local/lib/python3.7/site-packages/airflow/example_dags/example_branch_day_of_week_operator.py for tasks to queue
[2023-08-26T17:16:49.313+0000] {logging_mixin.py:120} INFO - [2023-08-26T17:16:49.313+0000] {dagbag.py:537} INFO - Filling up the DagBag from /home/airflow/.local/lib/python3.7/site-packages/airflow/example_dags/example_branch_day_of_week_operator.py
[2023-08-26T17:16:49.323+0000] {processor.py:766} INFO - DAG(s) dict_keys(['example_weekday_branch_operator']) retrieved from /home/airflow/.local/lib/python3.7/site-packages/airflow/example_dags/example_branch_day_of_week_operator.py
[2023-08-26T17:16:49.348+0000] {logging_mixin.py:120} INFO - [2023-08-26T17:16:49.348+0000] {dag.py:2585} INFO - Sync 1 DAGs
[2023-08-26T17:16:49.363+0000] {logging_mixin.py:120} INFO - [2023-08-26T17:16:49.363+0000] {dag.py:3340} INFO - Setting next_dagrun for example_weekday_branch_operator to 2023-08-25T00:00:00+00:00, run_after=2023-08-26T00:00:00+00:00
[2023-08-26T17:16:49.372+0000] {processor.py:176} INFO - Processing /home/airflow/.local/lib/python3.7/site-packages/airflow/example_dags/example_branch_day_of_week_operator.py took 0.063 seconds
[2023-08-26T17:17:19.476+0000] {processor.py:154} INFO - Started process (PID=1731) to work on /home/airflow/.local/lib/python3.7/site-packages/airflow/example_dags/example_branch_day_of_week_operator.py
[2023-08-26T17:17:19.477+0000] {processor.py:756} INFO - Processing file /home/airflow/.local/lib/python3.7/site-packages/airflow/example_dags/example_branch_day_of_week_operator.py for tasks to queue
[2023-08-26T17:17:19.478+0000] {logging_mixin.py:120} INFO - [2023-08-26T17:17:19.478+0000] {dagbag.py:537} INFO - Filling up the DagBag from /home/airflow/.local/lib/python3.7/site-packages/airflow/example_dags/example_branch_day_of_week_operator.py
[2023-08-26T17:17:19.491+0000] {processor.py:766} INFO - DAG(s) dict_keys(['example_weekday_branch_operator']) retrieved from /home/airflow/.local/lib/python3.7/site-packages/airflow/example_dags/example_branch_day_of_week_operator.py
[2023-08-26T17:17:19.520+0000] {logging_mixin.py:120} INFO - [2023-08-26T17:17:19.520+0000] {dag.py:2585} INFO - Sync 1 DAGs
[2023-08-26T17:17:19.537+0000] {logging_mixin.py:120} INFO - [2023-08-26T17:17:19.537+0000] {dag.py:3340} INFO - Setting next_dagrun for example_weekday_branch_operator to 2023-08-25T00:00:00+00:00, run_after=2023-08-26T00:00:00+00:00
[2023-08-26T17:17:19.548+0000] {processor.py:176} INFO - Processing /home/airflow/.local/lib/python3.7/site-packages/airflow/example_dags/example_branch_day_of_week_operator.py took 0.076 seconds
[2023-08-26T17:17:50.520+0000] {processor.py:154} INFO - Started process (PID=1793) to work on /home/airflow/.local/lib/python3.7/site-packages/airflow/example_dags/example_branch_day_of_week_operator.py
[2023-08-26T17:17:50.521+0000] {processor.py:756} INFO - Processing file /home/airflow/.local/lib/python3.7/site-packages/airflow/example_dags/example_branch_day_of_week_operator.py for tasks to queue
[2023-08-26T17:17:50.522+0000] {logging_mixin.py:120} INFO - [2023-08-26T17:17:50.522+0000] {dagbag.py:537} INFO - Filling up the DagBag from /home/airflow/.local/lib/python3.7/site-packages/airflow/example_dags/example_branch_day_of_week_operator.py
[2023-08-26T17:17:50.534+0000] {processor.py:766} INFO - DAG(s) dict_keys(['example_weekday_branch_operator']) retrieved from /home/airflow/.local/lib/python3.7/site-packages/airflow/example_dags/example_branch_day_of_week_operator.py
[2023-08-26T17:17:50.566+0000] {logging_mixin.py:120} INFO - [2023-08-26T17:17:50.566+0000] {dag.py:2585} INFO - Sync 1 DAGs
[2023-08-26T17:17:50.582+0000] {logging_mixin.py:120} INFO - [2023-08-26T17:17:50.582+0000] {dag.py:3340} INFO - Setting next_dagrun for example_weekday_branch_operator to 2023-08-25T00:00:00+00:00, run_after=2023-08-26T00:00:00+00:00
[2023-08-26T17:17:50.592+0000] {processor.py:176} INFO - Processing /home/airflow/.local/lib/python3.7/site-packages/airflow/example_dags/example_branch_day_of_week_operator.py took 0.074 seconds
[2023-08-26T17:18:20.645+0000] {processor.py:154} INFO - Started process (PID=1855) to work on /home/airflow/.local/lib/python3.7/site-packages/airflow/example_dags/example_branch_day_of_week_operator.py
[2023-08-26T17:18:20.646+0000] {processor.py:756} INFO - Processing file /home/airflow/.local/lib/python3.7/site-packages/airflow/example_dags/example_branch_day_of_week_operator.py for tasks to queue
[2023-08-26T17:18:20.647+0000] {logging_mixin.py:120} INFO - [2023-08-26T17:18:20.647+0000] {dagbag.py:537} INFO - Filling up the DagBag from /home/airflow/.local/lib/python3.7/site-packages/airflow/example_dags/example_branch_day_of_week_operator.py
[2023-08-26T17:18:20.660+0000] {processor.py:766} INFO - DAG(s) dict_keys(['example_weekday_branch_operator']) retrieved from /home/airflow/.local/lib/python3.7/site-packages/airflow/example_dags/example_branch_day_of_week_operator.py
[2023-08-26T17:18:20.688+0000] {logging_mixin.py:120} INFO - [2023-08-26T17:18:20.688+0000] {dag.py:2585} INFO - Sync 1 DAGs
[2023-08-26T17:18:20.702+0000] {logging_mixin.py:120} INFO - [2023-08-26T17:18:20.702+0000] {dag.py:3340} INFO - Setting next_dagrun for example_weekday_branch_operator to 2023-08-25T00:00:00+00:00, run_after=2023-08-26T00:00:00+00:00
[2023-08-26T17:18:20.713+0000] {processor.py:176} INFO - Processing /home/airflow/.local/lib/python3.7/site-packages/airflow/example_dags/example_branch_day_of_week_operator.py took 0.071 seconds
[2023-08-26T17:18:50.978+0000] {processor.py:154} INFO - Started process (PID=1915) to work on /home/airflow/.local/lib/python3.7/site-packages/airflow/example_dags/example_branch_day_of_week_operator.py
[2023-08-26T17:18:50.979+0000] {processor.py:756} INFO - Processing file /home/airflow/.local/lib/python3.7/site-packages/airflow/example_dags/example_branch_day_of_week_operator.py for tasks to queue
[2023-08-26T17:18:50.980+0000] {logging_mixin.py:120} INFO - [2023-08-26T17:18:50.980+0000] {dagbag.py:537} INFO - Filling up the DagBag from /home/airflow/.local/lib/python3.7/site-packages/airflow/example_dags/example_branch_day_of_week_operator.py
[2023-08-26T17:18:50.991+0000] {processor.py:766} INFO - DAG(s) dict_keys(['example_weekday_branch_operator']) retrieved from /home/airflow/.local/lib/python3.7/site-packages/airflow/example_dags/example_branch_day_of_week_operator.py
[2023-08-26T17:18:51.020+0000] {logging_mixin.py:120} INFO - [2023-08-26T17:18:51.019+0000] {dag.py:2585} INFO - Sync 1 DAGs
[2023-08-26T17:18:51.036+0000] {logging_mixin.py:120} INFO - [2023-08-26T17:18:51.036+0000] {dag.py:3340} INFO - Setting next_dagrun for example_weekday_branch_operator to 2023-08-25T00:00:00+00:00, run_after=2023-08-26T00:00:00+00:00
[2023-08-26T17:18:51.047+0000] {processor.py:176} INFO - Processing /home/airflow/.local/lib/python3.7/site-packages/airflow/example_dags/example_branch_day_of_week_operator.py took 0.071 seconds
[2023-08-26T17:19:21.208+0000] {processor.py:154} INFO - Started process (PID=1971) to work on /home/airflow/.local/lib/python3.7/site-packages/airflow/example_dags/example_branch_day_of_week_operator.py
[2023-08-26T17:19:21.209+0000] {processor.py:756} INFO - Processing file /home/airflow/.local/lib/python3.7/site-packages/airflow/example_dags/example_branch_day_of_week_operator.py for tasks to queue
[2023-08-26T17:19:21.209+0000] {logging_mixin.py:120} INFO - [2023-08-26T17:19:21.209+0000] {dagbag.py:537} INFO - Filling up the DagBag from /home/airflow/.local/lib/python3.7/site-packages/airflow/example_dags/example_branch_day_of_week_operator.py
[2023-08-26T17:19:21.221+0000] {processor.py:766} INFO - DAG(s) dict_keys(['example_weekday_branch_operator']) retrieved from /home/airflow/.local/lib/python3.7/site-packages/airflow/example_dags/example_branch_day_of_week_operator.py
[2023-08-26T17:19:21.250+0000] {logging_mixin.py:120} INFO - [2023-08-26T17:19:21.250+0000] {dag.py:2585} INFO - Sync 1 DAGs
[2023-08-26T17:19:21.265+0000] {logging_mixin.py:120} INFO - [2023-08-26T17:19:21.265+0000] {dag.py:3340} INFO - Setting next_dagrun for example_weekday_branch_operator to 2023-08-25T00:00:00+00:00, run_after=2023-08-26T00:00:00+00:00
[2023-08-26T17:19:21.275+0000] {processor.py:176} INFO - Processing /home/airflow/.local/lib/python3.7/site-packages/airflow/example_dags/example_branch_day_of_week_operator.py took 0.069 seconds
[2023-08-26T17:19:52.296+0000] {processor.py:154} INFO - Started process (PID=2035) to work on /home/airflow/.local/lib/python3.7/site-packages/airflow/example_dags/example_branch_day_of_week_operator.py
[2023-08-26T17:19:52.297+0000] {processor.py:756} INFO - Processing file /home/airflow/.local/lib/python3.7/site-packages/airflow/example_dags/example_branch_day_of_week_operator.py for tasks to queue
[2023-08-26T17:19:52.297+0000] {logging_mixin.py:120} INFO - [2023-08-26T17:19:52.297+0000] {dagbag.py:537} INFO - Filling up the DagBag from /home/airflow/.local/lib/python3.7/site-packages/airflow/example_dags/example_branch_day_of_week_operator.py
[2023-08-26T17:19:52.307+0000] {processor.py:766} INFO - DAG(s) dict_keys(['example_weekday_branch_operator']) retrieved from /home/airflow/.local/lib/python3.7/site-packages/airflow/example_dags/example_branch_day_of_week_operator.py
[2023-08-26T17:19:52.332+0000] {logging_mixin.py:120} INFO - [2023-08-26T17:19:52.332+0000] {dag.py:2585} INFO - Sync 1 DAGs
[2023-08-26T17:19:52.347+0000] {logging_mixin.py:120} INFO - [2023-08-26T17:19:52.346+0000] {dag.py:3340} INFO - Setting next_dagrun for example_weekday_branch_operator to 2023-08-25T00:00:00+00:00, run_after=2023-08-26T00:00:00+00:00
[2023-08-26T17:19:52.357+0000] {processor.py:176} INFO - Processing /home/airflow/.local/lib/python3.7/site-packages/airflow/example_dags/example_branch_day_of_week_operator.py took 0.063 seconds
[2023-08-26T17:20:22.521+0000] {processor.py:154} INFO - Started process (PID=2098) to work on /home/airflow/.local/lib/python3.7/site-packages/airflow/example_dags/example_branch_day_of_week_operator.py
[2023-08-26T17:20:22.521+0000] {processor.py:756} INFO - Processing file /home/airflow/.local/lib/python3.7/site-packages/airflow/example_dags/example_branch_day_of_week_operator.py for tasks to queue
[2023-08-26T17:20:22.522+0000] {logging_mixin.py:120} INFO - [2023-08-26T17:20:22.522+0000] {dagbag.py:537} INFO - Filling up the DagBag from /home/airflow/.local/lib/python3.7/site-packages/airflow/example_dags/example_branch_day_of_week_operator.py
[2023-08-26T17:20:22.532+0000] {processor.py:766} INFO - DAG(s) dict_keys(['example_weekday_branch_operator']) retrieved from /home/airflow/.local/lib/python3.7/site-packages/airflow/example_dags/example_branch_day_of_week_operator.py
[2023-08-26T17:20:22.557+0000] {logging_mixin.py:120} INFO - [2023-08-26T17:20:22.557+0000] {dag.py:2585} INFO - Sync 1 DAGs
[2023-08-26T17:20:22.572+0000] {logging_mixin.py:120} INFO - [2023-08-26T17:20:22.571+0000] {dag.py:3340} INFO - Setting next_dagrun for example_weekday_branch_operator to 2023-08-25T00:00:00+00:00, run_after=2023-08-26T00:00:00+00:00
[2023-08-26T17:20:22.585+0000] {processor.py:176} INFO - Processing /home/airflow/.local/lib/python3.7/site-packages/airflow/example_dags/example_branch_day_of_week_operator.py took 0.066 seconds
[2023-08-26T17:20:52.805+0000] {processor.py:154} INFO - Started process (PID=2161) to work on /home/airflow/.local/lib/python3.7/site-packages/airflow/example_dags/example_branch_day_of_week_operator.py
[2023-08-26T17:20:52.806+0000] {processor.py:756} INFO - Processing file /home/airflow/.local/lib/python3.7/site-packages/airflow/example_dags/example_branch_day_of_week_operator.py for tasks to queue
[2023-08-26T17:20:52.806+0000] {logging_mixin.py:120} INFO - [2023-08-26T17:20:52.806+0000] {dagbag.py:537} INFO - Filling up the DagBag from /home/airflow/.local/lib/python3.7/site-packages/airflow/example_dags/example_branch_day_of_week_operator.py
[2023-08-26T17:20:52.817+0000] {processor.py:766} INFO - DAG(s) dict_keys(['example_weekday_branch_operator']) retrieved from /home/airflow/.local/lib/python3.7/site-packages/airflow/example_dags/example_branch_day_of_week_operator.py
[2023-08-26T17:20:52.842+0000] {logging_mixin.py:120} INFO - [2023-08-26T17:20:52.842+0000] {dag.py:2585} INFO - Sync 1 DAGs
[2023-08-26T17:20:52.856+0000] {logging_mixin.py:120} INFO - [2023-08-26T17:20:52.856+0000] {dag.py:3340} INFO - Setting next_dagrun for example_weekday_branch_operator to 2023-08-25T00:00:00+00:00, run_after=2023-08-26T00:00:00+00:00
[2023-08-26T17:20:52.868+0000] {processor.py:176} INFO - Processing /home/airflow/.local/lib/python3.7/site-packages/airflow/example_dags/example_branch_day_of_week_operator.py took 0.065 seconds
[2023-08-26T17:21:23.028+0000] {processor.py:154} INFO - Started process (PID=2224) to work on /home/airflow/.local/lib/python3.7/site-packages/airflow/example_dags/example_branch_day_of_week_operator.py
[2023-08-26T17:21:23.029+0000] {processor.py:756} INFO - Processing file /home/airflow/.local/lib/python3.7/site-packages/airflow/example_dags/example_branch_day_of_week_operator.py for tasks to queue
[2023-08-26T17:21:23.029+0000] {logging_mixin.py:120} INFO - [2023-08-26T17:21:23.029+0000] {dagbag.py:537} INFO - Filling up the DagBag from /home/airflow/.local/lib/python3.7/site-packages/airflow/example_dags/example_branch_day_of_week_operator.py
[2023-08-26T17:21:23.044+0000] {processor.py:766} INFO - DAG(s) dict_keys(['example_weekday_branch_operator']) retrieved from /home/airflow/.local/lib/python3.7/site-packages/airflow/example_dags/example_branch_day_of_week_operator.py
[2023-08-26T17:21:23.079+0000] {logging_mixin.py:120} INFO - [2023-08-26T17:21:23.079+0000] {dag.py:2585} INFO - Sync 1 DAGs
[2023-08-26T17:21:23.096+0000] {logging_mixin.py:120} INFO - [2023-08-26T17:21:23.096+0000] {dag.py:3340} INFO - Setting next_dagrun for example_weekday_branch_operator to 2023-08-25T00:00:00+00:00, run_after=2023-08-26T00:00:00+00:00
[2023-08-26T17:21:23.110+0000] {processor.py:176} INFO - Processing /home/airflow/.local/lib/python3.7/site-packages/airflow/example_dags/example_branch_day_of_week_operator.py took 0.084 seconds
[2023-08-26T17:21:53.470+0000] {processor.py:154} INFO - Started process (PID=2278) to work on /home/airflow/.local/lib/python3.7/site-packages/airflow/example_dags/example_branch_day_of_week_operator.py
[2023-08-26T17:21:53.470+0000] {processor.py:756} INFO - Processing file /home/airflow/.local/lib/python3.7/site-packages/airflow/example_dags/example_branch_day_of_week_operator.py for tasks to queue
[2023-08-26T17:21:53.471+0000] {logging_mixin.py:120} INFO - [2023-08-26T17:21:53.471+0000] {dagbag.py:537} INFO - Filling up the DagBag from /home/airflow/.local/lib/python3.7/site-packages/airflow/example_dags/example_branch_day_of_week_operator.py
[2023-08-26T17:21:53.481+0000] {processor.py:766} INFO - DAG(s) dict_keys(['example_weekday_branch_operator']) retrieved from /home/airflow/.local/lib/python3.7/site-packages/airflow/example_dags/example_branch_day_of_week_operator.py
[2023-08-26T17:21:53.506+0000] {logging_mixin.py:120} INFO - [2023-08-26T17:21:53.506+0000] {dag.py:2585} INFO - Sync 1 DAGs
[2023-08-26T17:21:53.521+0000] {logging_mixin.py:120} INFO - [2023-08-26T17:21:53.521+0000] {dag.py:3340} INFO - Setting next_dagrun for example_weekday_branch_operator to 2023-08-25T00:00:00+00:00, run_after=2023-08-26T00:00:00+00:00
[2023-08-26T17:21:53.531+0000] {processor.py:176} INFO - Processing /home/airflow/.local/lib/python3.7/site-packages/airflow/example_dags/example_branch_day_of_week_operator.py took 0.063 seconds
[2023-08-26T17:22:23.720+0000] {processor.py:154} INFO - Started process (PID=2341) to work on /home/airflow/.local/lib/python3.7/site-packages/airflow/example_dags/example_branch_day_of_week_operator.py
[2023-08-26T17:22:23.721+0000] {processor.py:756} INFO - Processing file /home/airflow/.local/lib/python3.7/site-packages/airflow/example_dags/example_branch_day_of_week_operator.py for tasks to queue
[2023-08-26T17:22:23.722+0000] {logging_mixin.py:120} INFO - [2023-08-26T17:22:23.722+0000] {dagbag.py:537} INFO - Filling up the DagBag from /home/airflow/.local/lib/python3.7/site-packages/airflow/example_dags/example_branch_day_of_week_operator.py
[2023-08-26T17:22:23.731+0000] {processor.py:766} INFO - DAG(s) dict_keys(['example_weekday_branch_operator']) retrieved from /home/airflow/.local/lib/python3.7/site-packages/airflow/example_dags/example_branch_day_of_week_operator.py
[2023-08-26T17:22:23.756+0000] {logging_mixin.py:120} INFO - [2023-08-26T17:22:23.756+0000] {dag.py:2585} INFO - Sync 1 DAGs
[2023-08-26T17:22:23.769+0000] {logging_mixin.py:120} INFO - [2023-08-26T17:22:23.769+0000] {dag.py:3340} INFO - Setting next_dagrun for example_weekday_branch_operator to 2023-08-25T00:00:00+00:00, run_after=2023-08-26T00:00:00+00:00
[2023-08-26T17:22:23.783+0000] {processor.py:176} INFO - Processing /home/airflow/.local/lib/python3.7/site-packages/airflow/example_dags/example_branch_day_of_week_operator.py took 0.065 seconds
[2023-08-26T17:22:54.864+0000] {processor.py:154} INFO - Started process (PID=2402) to work on /home/airflow/.local/lib/python3.7/site-packages/airflow/example_dags/example_branch_day_of_week_operator.py
[2023-08-26T17:22:54.865+0000] {processor.py:756} INFO - Processing file /home/airflow/.local/lib/python3.7/site-packages/airflow/example_dags/example_branch_day_of_week_operator.py for tasks to queue
[2023-08-26T17:22:54.866+0000] {logging_mixin.py:120} INFO - [2023-08-26T17:22:54.866+0000] {dagbag.py:537} INFO - Filling up the DagBag from /home/airflow/.local/lib/python3.7/site-packages/airflow/example_dags/example_branch_day_of_week_operator.py
[2023-08-26T17:22:54.879+0000] {processor.py:766} INFO - DAG(s) dict_keys(['example_weekday_branch_operator']) retrieved from /home/airflow/.local/lib/python3.7/site-packages/airflow/example_dags/example_branch_day_of_week_operator.py
[2023-08-26T17:22:54.910+0000] {logging_mixin.py:120} INFO - [2023-08-26T17:22:54.909+0000] {dag.py:2585} INFO - Sync 1 DAGs
[2023-08-26T17:22:54.927+0000] {logging_mixin.py:120} INFO - [2023-08-26T17:22:54.927+0000] {dag.py:3340} INFO - Setting next_dagrun for example_weekday_branch_operator to 2023-08-25T00:00:00+00:00, run_after=2023-08-26T00:00:00+00:00
[2023-08-26T17:22:54.938+0000] {processor.py:176} INFO - Processing /home/airflow/.local/lib/python3.7/site-packages/airflow/example_dags/example_branch_day_of_week_operator.py took 0.076 seconds
[2023-08-26T17:23:24.987+0000] {processor.py:154} INFO - Started process (PID=2464) to work on /home/airflow/.local/lib/python3.7/site-packages/airflow/example_dags/example_branch_day_of_week_operator.py
[2023-08-26T17:23:24.987+0000] {processor.py:756} INFO - Processing file /home/airflow/.local/lib/python3.7/site-packages/airflow/example_dags/example_branch_day_of_week_operator.py for tasks to queue
[2023-08-26T17:23:24.988+0000] {logging_mixin.py:120} INFO - [2023-08-26T17:23:24.988+0000] {dagbag.py:537} INFO - Filling up the DagBag from /home/airflow/.local/lib/python3.7/site-packages/airflow/example_dags/example_branch_day_of_week_operator.py
[2023-08-26T17:23:25.000+0000] {processor.py:766} INFO - DAG(s) dict_keys(['example_weekday_branch_operator']) retrieved from /home/airflow/.local/lib/python3.7/site-packages/airflow/example_dags/example_branch_day_of_week_operator.py
[2023-08-26T17:23:25.027+0000] {logging_mixin.py:120} INFO - [2023-08-26T17:23:25.026+0000] {dag.py:2585} INFO - Sync 1 DAGs
[2023-08-26T17:23:25.041+0000] {logging_mixin.py:120} INFO - [2023-08-26T17:23:25.041+0000] {dag.py:3340} INFO - Setting next_dagrun for example_weekday_branch_operator to 2023-08-25T00:00:00+00:00, run_after=2023-08-26T00:00:00+00:00
[2023-08-26T17:23:25.052+0000] {processor.py:176} INFO - Processing /home/airflow/.local/lib/python3.7/site-packages/airflow/example_dags/example_branch_day_of_week_operator.py took 0.068 seconds
[2023-08-26T17:23:55.261+0000] {processor.py:154} INFO - Started process (PID=2526) to work on /home/airflow/.local/lib/python3.7/site-packages/airflow/example_dags/example_branch_day_of_week_operator.py
[2023-08-26T17:23:55.262+0000] {processor.py:756} INFO - Processing file /home/airflow/.local/lib/python3.7/site-packages/airflow/example_dags/example_branch_day_of_week_operator.py for tasks to queue
[2023-08-26T17:23:55.262+0000] {logging_mixin.py:120} INFO - [2023-08-26T17:23:55.262+0000] {dagbag.py:537} INFO - Filling up the DagBag from /home/airflow/.local/lib/python3.7/site-packages/airflow/example_dags/example_branch_day_of_week_operator.py
[2023-08-26T17:23:55.273+0000] {processor.py:766} INFO - DAG(s) dict_keys(['example_weekday_branch_operator']) retrieved from /home/airflow/.local/lib/python3.7/site-packages/airflow/example_dags/example_branch_day_of_week_operator.py
[2023-08-26T17:23:55.299+0000] {logging_mixin.py:120} INFO - [2023-08-26T17:23:55.299+0000] {dag.py:2585} INFO - Sync 1 DAGs
[2023-08-26T17:23:55.314+0000] {logging_mixin.py:120} INFO - [2023-08-26T17:23:55.314+0000] {dag.py:3340} INFO - Setting next_dagrun for example_weekday_branch_operator to 2023-08-25T00:00:00+00:00, run_after=2023-08-26T00:00:00+00:00
[2023-08-26T17:23:55.324+0000] {processor.py:176} INFO - Processing /home/airflow/.local/lib/python3.7/site-packages/airflow/example_dags/example_branch_day_of_week_operator.py took 0.065 seconds
[2023-08-26T17:24:25.676+0000] {processor.py:154} INFO - Started process (PID=2591) to work on /home/airflow/.local/lib/python3.7/site-packages/airflow/example_dags/example_branch_day_of_week_operator.py
[2023-08-26T17:24:25.678+0000] {processor.py:756} INFO - Processing file /home/airflow/.local/lib/python3.7/site-packages/airflow/example_dags/example_branch_day_of_week_operator.py for tasks to queue
[2023-08-26T17:24:25.679+0000] {logging_mixin.py:120} INFO - [2023-08-26T17:24:25.679+0000] {dagbag.py:537} INFO - Filling up the DagBag from /home/airflow/.local/lib/python3.7/site-packages/airflow/example_dags/example_branch_day_of_week_operator.py
[2023-08-26T17:24:25.707+0000] {processor.py:766} INFO - DAG(s) dict_keys(['example_weekday_branch_operator']) retrieved from /home/airflow/.local/lib/python3.7/site-packages/airflow/example_dags/example_branch_day_of_week_operator.py
[2023-08-26T17:24:25.834+0000] {logging_mixin.py:120} INFO - [2023-08-26T17:24:25.834+0000] {dag.py:2585} INFO - Sync 1 DAGs
[2023-08-26T17:24:25.854+0000] {logging_mixin.py:120} INFO - [2023-08-26T17:24:25.854+0000] {dag.py:3340} INFO - Setting next_dagrun for example_weekday_branch_operator to 2023-08-25T00:00:00+00:00, run_after=2023-08-26T00:00:00+00:00
[2023-08-26T17:24:25.865+0000] {processor.py:176} INFO - Processing /home/airflow/.local/lib/python3.7/site-packages/airflow/example_dags/example_branch_day_of_week_operator.py took 0.190 seconds
[2023-08-26T17:24:56.814+0000] {processor.py:154} INFO - Started process (PID=2646) to work on /home/airflow/.local/lib/python3.7/site-packages/airflow/example_dags/example_branch_day_of_week_operator.py
[2023-08-26T17:24:56.815+0000] {processor.py:756} INFO - Processing file /home/airflow/.local/lib/python3.7/site-packages/airflow/example_dags/example_branch_day_of_week_operator.py for tasks to queue
[2023-08-26T17:24:56.816+0000] {logging_mixin.py:120} INFO - [2023-08-26T17:24:56.816+0000] {dagbag.py:537} INFO - Filling up the DagBag from /home/airflow/.local/lib/python3.7/site-packages/airflow/example_dags/example_branch_day_of_week_operator.py
[2023-08-26T17:24:56.828+0000] {processor.py:766} INFO - DAG(s) dict_keys(['example_weekday_branch_operator']) retrieved from /home/airflow/.local/lib/python3.7/site-packages/airflow/example_dags/example_branch_day_of_week_operator.py
[2023-08-26T17:24:56.866+0000] {logging_mixin.py:120} INFO - [2023-08-26T17:24:56.866+0000] {dag.py:2585} INFO - Sync 1 DAGs
[2023-08-26T17:24:56.887+0000] {logging_mixin.py:120} INFO - [2023-08-26T17:24:56.886+0000] {dag.py:3340} INFO - Setting next_dagrun for example_weekday_branch_operator to 2023-08-25T00:00:00+00:00, run_after=2023-08-26T00:00:00+00:00
[2023-08-26T17:24:56.899+0000] {processor.py:176} INFO - Processing /home/airflow/.local/lib/python3.7/site-packages/airflow/example_dags/example_branch_day_of_week_operator.py took 0.087 seconds
[2023-08-26T17:25:27.240+0000] {processor.py:154} INFO - Started process (PID=2710) to work on /home/airflow/.local/lib/python3.7/site-packages/airflow/example_dags/example_branch_day_of_week_operator.py
[2023-08-26T17:25:27.240+0000] {processor.py:756} INFO - Processing file /home/airflow/.local/lib/python3.7/site-packages/airflow/example_dags/example_branch_day_of_week_operator.py for tasks to queue
[2023-08-26T17:25:27.241+0000] {logging_mixin.py:120} INFO - [2023-08-26T17:25:27.241+0000] {dagbag.py:537} INFO - Filling up the DagBag from /home/airflow/.local/lib/python3.7/site-packages/airflow/example_dags/example_branch_day_of_week_operator.py
[2023-08-26T17:25:27.251+0000] {processor.py:766} INFO - DAG(s) dict_keys(['example_weekday_branch_operator']) retrieved from /home/airflow/.local/lib/python3.7/site-packages/airflow/example_dags/example_branch_day_of_week_operator.py
[2023-08-26T17:25:27.280+0000] {logging_mixin.py:120} INFO - [2023-08-26T17:25:27.280+0000] {dag.py:2585} INFO - Sync 1 DAGs
[2023-08-26T17:25:27.295+0000] {logging_mixin.py:120} INFO - [2023-08-26T17:25:27.295+0000] {dag.py:3340} INFO - Setting next_dagrun for example_weekday_branch_operator to 2023-08-25T00:00:00+00:00, run_after=2023-08-26T00:00:00+00:00
[2023-08-26T17:25:27.307+0000] {processor.py:176} INFO - Processing /home/airflow/.local/lib/python3.7/site-packages/airflow/example_dags/example_branch_day_of_week_operator.py took 0.070 seconds
[2023-08-26T17:25:57.337+0000] {processor.py:154} INFO - Started process (PID=2771) to work on /home/airflow/.local/lib/python3.7/site-packages/airflow/example_dags/example_branch_day_of_week_operator.py
[2023-08-26T17:25:57.338+0000] {processor.py:756} INFO - Processing file /home/airflow/.local/lib/python3.7/site-packages/airflow/example_dags/example_branch_day_of_week_operator.py for tasks to queue
[2023-08-26T17:25:57.338+0000] {logging_mixin.py:120} INFO - [2023-08-26T17:25:57.338+0000] {dagbag.py:537} INFO - Filling up the DagBag from /home/airflow/.local/lib/python3.7/site-packages/airflow/example_dags/example_branch_day_of_week_operator.py
[2023-08-26T17:25:57.348+0000] {processor.py:766} INFO - DAG(s) dict_keys(['example_weekday_branch_operator']) retrieved from /home/airflow/.local/lib/python3.7/site-packages/airflow/example_dags/example_branch_day_of_week_operator.py
[2023-08-26T17:25:57.373+0000] {logging_mixin.py:120} INFO - [2023-08-26T17:25:57.373+0000] {dag.py:2585} INFO - Sync 1 DAGs
[2023-08-26T17:25:57.390+0000] {logging_mixin.py:120} INFO - [2023-08-26T17:25:57.390+0000] {dag.py:3340} INFO - Setting next_dagrun for example_weekday_branch_operator to 2023-08-25T00:00:00+00:00, run_after=2023-08-26T00:00:00+00:00
[2023-08-26T17:25:57.401+0000] {processor.py:176} INFO - Processing /home/airflow/.local/lib/python3.7/site-packages/airflow/example_dags/example_branch_day_of_week_operator.py took 0.066 seconds
[2023-08-26T17:26:27.479+0000] {processor.py:154} INFO - Started process (PID=2834) to work on /home/airflow/.local/lib/python3.7/site-packages/airflow/example_dags/example_branch_day_of_week_operator.py
[2023-08-26T17:26:27.480+0000] {processor.py:756} INFO - Processing file /home/airflow/.local/lib/python3.7/site-packages/airflow/example_dags/example_branch_day_of_week_operator.py for tasks to queue
[2023-08-26T17:26:27.481+0000] {logging_mixin.py:120} INFO - [2023-08-26T17:26:27.480+0000] {dagbag.py:537} INFO - Filling up the DagBag from /home/airflow/.local/lib/python3.7/site-packages/airflow/example_dags/example_branch_day_of_week_operator.py
[2023-08-26T17:26:27.491+0000] {processor.py:766} INFO - DAG(s) dict_keys(['example_weekday_branch_operator']) retrieved from /home/airflow/.local/lib/python3.7/site-packages/airflow/example_dags/example_branch_day_of_week_operator.py
[2023-08-26T17:26:27.515+0000] {logging_mixin.py:120} INFO - [2023-08-26T17:26:27.515+0000] {dag.py:2585} INFO - Sync 1 DAGs
[2023-08-26T17:26:27.528+0000] {logging_mixin.py:120} INFO - [2023-08-26T17:26:27.528+0000] {dag.py:3340} INFO - Setting next_dagrun for example_weekday_branch_operator to 2023-08-25T00:00:00+00:00, run_after=2023-08-26T00:00:00+00:00
[2023-08-26T17:26:27.537+0000] {processor.py:176} INFO - Processing /home/airflow/.local/lib/python3.7/site-packages/airflow/example_dags/example_branch_day_of_week_operator.py took 0.060 seconds
[2023-08-26T17:26:58.399+0000] {processor.py:154} INFO - Started process (PID=2896) to work on /home/airflow/.local/lib/python3.7/site-packages/airflow/example_dags/example_branch_day_of_week_operator.py
[2023-08-26T17:26:58.400+0000] {processor.py:756} INFO - Processing file /home/airflow/.local/lib/python3.7/site-packages/airflow/example_dags/example_branch_day_of_week_operator.py for tasks to queue
[2023-08-26T17:26:58.401+0000] {logging_mixin.py:120} INFO - [2023-08-26T17:26:58.401+0000] {dagbag.py:537} INFO - Filling up the DagBag from /home/airflow/.local/lib/python3.7/site-packages/airflow/example_dags/example_branch_day_of_week_operator.py
[2023-08-26T17:26:58.413+0000] {processor.py:766} INFO - DAG(s) dict_keys(['example_weekday_branch_operator']) retrieved from /home/airflow/.local/lib/python3.7/site-packages/airflow/example_dags/example_branch_day_of_week_operator.py
[2023-08-26T17:26:58.441+0000] {logging_mixin.py:120} INFO - [2023-08-26T17:26:58.441+0000] {dag.py:2585} INFO - Sync 1 DAGs
[2023-08-26T17:26:58.455+0000] {logging_mixin.py:120} INFO - [2023-08-26T17:26:58.455+0000] {dag.py:3340} INFO - Setting next_dagrun for example_weekday_branch_operator to 2023-08-25T00:00:00+00:00, run_after=2023-08-26T00:00:00+00:00
[2023-08-26T17:26:58.464+0000] {processor.py:176} INFO - Processing /home/airflow/.local/lib/python3.7/site-packages/airflow/example_dags/example_branch_day_of_week_operator.py took 0.068 seconds
[2023-08-26T17:27:29.465+0000] {processor.py:154} INFO - Started process (PID=2958) to work on /home/airflow/.local/lib/python3.7/site-packages/airflow/example_dags/example_branch_day_of_week_operator.py
[2023-08-26T17:27:29.465+0000] {processor.py:756} INFO - Processing file /home/airflow/.local/lib/python3.7/site-packages/airflow/example_dags/example_branch_day_of_week_operator.py for tasks to queue
[2023-08-26T17:27:29.466+0000] {logging_mixin.py:120} INFO - [2023-08-26T17:27:29.466+0000] {dagbag.py:537} INFO - Filling up the DagBag from /home/airflow/.local/lib/python3.7/site-packages/airflow/example_dags/example_branch_day_of_week_operator.py
[2023-08-26T17:27:29.477+0000] {processor.py:766} INFO - DAG(s) dict_keys(['example_weekday_branch_operator']) retrieved from /home/airflow/.local/lib/python3.7/site-packages/airflow/example_dags/example_branch_day_of_week_operator.py
[2023-08-26T17:27:29.502+0000] {logging_mixin.py:120} INFO - [2023-08-26T17:27:29.502+0000] {dag.py:2585} INFO - Sync 1 DAGs
[2023-08-26T17:27:29.515+0000] {logging_mixin.py:120} INFO - [2023-08-26T17:27:29.515+0000] {dag.py:3340} INFO - Setting next_dagrun for example_weekday_branch_operator to 2023-08-25T00:00:00+00:00, run_after=2023-08-26T00:00:00+00:00
[2023-08-26T17:27:29.525+0000] {processor.py:176} INFO - Processing /home/airflow/.local/lib/python3.7/site-packages/airflow/example_dags/example_branch_day_of_week_operator.py took 0.062 seconds
[2023-08-26T17:27:59.586+0000] {processor.py:154} INFO - Started process (PID=3011) to work on /home/airflow/.local/lib/python3.7/site-packages/airflow/example_dags/example_branch_day_of_week_operator.py
[2023-08-26T17:27:59.588+0000] {processor.py:756} INFO - Processing file /home/airflow/.local/lib/python3.7/site-packages/airflow/example_dags/example_branch_day_of_week_operator.py for tasks to queue
[2023-08-26T17:27:59.588+0000] {logging_mixin.py:120} INFO - [2023-08-26T17:27:59.588+0000] {dagbag.py:537} INFO - Filling up the DagBag from /home/airflow/.local/lib/python3.7/site-packages/airflow/example_dags/example_branch_day_of_week_operator.py
[2023-08-26T17:27:59.600+0000] {processor.py:766} INFO - DAG(s) dict_keys(['example_weekday_branch_operator']) retrieved from /home/airflow/.local/lib/python3.7/site-packages/airflow/example_dags/example_branch_day_of_week_operator.py
[2023-08-26T17:27:59.630+0000] {logging_mixin.py:120} INFO - [2023-08-26T17:27:59.629+0000] {dag.py:2585} INFO - Sync 1 DAGs
[2023-08-26T17:27:59.645+0000] {logging_mixin.py:120} INFO - [2023-08-26T17:27:59.645+0000] {dag.py:3340} INFO - Setting next_dagrun for example_weekday_branch_operator to 2023-08-25T00:00:00+00:00, run_after=2023-08-26T00:00:00+00:00
[2023-08-26T17:27:59.655+0000] {processor.py:176} INFO - Processing /home/airflow/.local/lib/python3.7/site-packages/airflow/example_dags/example_branch_day_of_week_operator.py took 0.071 seconds
[2023-08-26T17:28:29.743+0000] {processor.py:154} INFO - Started process (PID=3074) to work on /home/airflow/.local/lib/python3.7/site-packages/airflow/example_dags/example_branch_day_of_week_operator.py
[2023-08-26T17:28:29.743+0000] {processor.py:756} INFO - Processing file /home/airflow/.local/lib/python3.7/site-packages/airflow/example_dags/example_branch_day_of_week_operator.py for tasks to queue
[2023-08-26T17:28:29.744+0000] {logging_mixin.py:120} INFO - [2023-08-26T17:28:29.744+0000] {dagbag.py:537} INFO - Filling up the DagBag from /home/airflow/.local/lib/python3.7/site-packages/airflow/example_dags/example_branch_day_of_week_operator.py
[2023-08-26T17:28:29.755+0000] {processor.py:766} INFO - DAG(s) dict_keys(['example_weekday_branch_operator']) retrieved from /home/airflow/.local/lib/python3.7/site-packages/airflow/example_dags/example_branch_day_of_week_operator.py
[2023-08-26T17:28:29.781+0000] {logging_mixin.py:120} INFO - [2023-08-26T17:28:29.781+0000] {dag.py:2585} INFO - Sync 1 DAGs
[2023-08-26T17:28:29.795+0000] {logging_mixin.py:120} INFO - [2023-08-26T17:28:29.795+0000] {dag.py:3340} INFO - Setting next_dagrun for example_weekday_branch_operator to 2023-08-25T00:00:00+00:00, run_after=2023-08-26T00:00:00+00:00
[2023-08-26T17:28:29.804+0000] {processor.py:176} INFO - Processing /home/airflow/.local/lib/python3.7/site-packages/airflow/example_dags/example_branch_day_of_week_operator.py took 0.064 seconds
[2023-08-26T17:29:00.009+0000] {processor.py:154} INFO - Started process (PID=3136) to work on /home/airflow/.local/lib/python3.7/site-packages/airflow/example_dags/example_branch_day_of_week_operator.py
[2023-08-26T17:29:00.009+0000] {processor.py:756} INFO - Processing file /home/airflow/.local/lib/python3.7/site-packages/airflow/example_dags/example_branch_day_of_week_operator.py for tasks to queue
[2023-08-26T17:29:00.010+0000] {logging_mixin.py:120} INFO - [2023-08-26T17:29:00.010+0000] {dagbag.py:537} INFO - Filling up the DagBag from /home/airflow/.local/lib/python3.7/site-packages/airflow/example_dags/example_branch_day_of_week_operator.py
[2023-08-26T17:29:00.021+0000] {processor.py:766} INFO - DAG(s) dict_keys(['example_weekday_branch_operator']) retrieved from /home/airflow/.local/lib/python3.7/site-packages/airflow/example_dags/example_branch_day_of_week_operator.py
[2023-08-26T17:29:00.047+0000] {logging_mixin.py:120} INFO - [2023-08-26T17:29:00.047+0000] {dag.py:2585} INFO - Sync 1 DAGs
[2023-08-26T17:29:00.061+0000] {logging_mixin.py:120} INFO - [2023-08-26T17:29:00.061+0000] {dag.py:3340} INFO - Setting next_dagrun for example_weekday_branch_operator to 2023-08-25T00:00:00+00:00, run_after=2023-08-26T00:00:00+00:00
[2023-08-26T17:29:00.071+0000] {processor.py:176} INFO - Processing /home/airflow/.local/lib/python3.7/site-packages/airflow/example_dags/example_branch_day_of_week_operator.py took 0.065 seconds
[2023-08-26T17:29:30.183+0000] {processor.py:154} INFO - Started process (PID=3199) to work on /home/airflow/.local/lib/python3.7/site-packages/airflow/example_dags/example_branch_day_of_week_operator.py
[2023-08-26T17:29:30.184+0000] {processor.py:756} INFO - Processing file /home/airflow/.local/lib/python3.7/site-packages/airflow/example_dags/example_branch_day_of_week_operator.py for tasks to queue
[2023-08-26T17:29:30.184+0000] {logging_mixin.py:120} INFO - [2023-08-26T17:29:30.184+0000] {dagbag.py:537} INFO - Filling up the DagBag from /home/airflow/.local/lib/python3.7/site-packages/airflow/example_dags/example_branch_day_of_week_operator.py
[2023-08-26T17:29:30.195+0000] {processor.py:766} INFO - DAG(s) dict_keys(['example_weekday_branch_operator']) retrieved from /home/airflow/.local/lib/python3.7/site-packages/airflow/example_dags/example_branch_day_of_week_operator.py
[2023-08-26T17:29:30.232+0000] {logging_mixin.py:120} INFO - [2023-08-26T17:29:30.232+0000] {dag.py:2585} INFO - Sync 1 DAGs
[2023-08-26T17:29:30.246+0000] {logging_mixin.py:120} INFO - [2023-08-26T17:29:30.245+0000] {dag.py:3340} INFO - Setting next_dagrun for example_weekday_branch_operator to 2023-08-25T00:00:00+00:00, run_after=2023-08-26T00:00:00+00:00
[2023-08-26T17:29:30.255+0000] {processor.py:176} INFO - Processing /home/airflow/.local/lib/python3.7/site-packages/airflow/example_dags/example_branch_day_of_week_operator.py took 0.074 seconds
[2023-08-26T17:30:00.407+0000] {processor.py:154} INFO - Started process (PID=3261) to work on /home/airflow/.local/lib/python3.7/site-packages/airflow/example_dags/example_branch_day_of_week_operator.py
[2023-08-26T17:30:00.407+0000] {processor.py:756} INFO - Processing file /home/airflow/.local/lib/python3.7/site-packages/airflow/example_dags/example_branch_day_of_week_operator.py for tasks to queue
[2023-08-26T17:30:00.408+0000] {logging_mixin.py:120} INFO - [2023-08-26T17:30:00.408+0000] {dagbag.py:537} INFO - Filling up the DagBag from /home/airflow/.local/lib/python3.7/site-packages/airflow/example_dags/example_branch_day_of_week_operator.py
[2023-08-26T17:30:00.418+0000] {processor.py:766} INFO - DAG(s) dict_keys(['example_weekday_branch_operator']) retrieved from /home/airflow/.local/lib/python3.7/site-packages/airflow/example_dags/example_branch_day_of_week_operator.py
[2023-08-26T17:30:00.443+0000] {logging_mixin.py:120} INFO - [2023-08-26T17:30:00.443+0000] {dag.py:2585} INFO - Sync 1 DAGs
[2023-08-26T17:30:00.456+0000] {logging_mixin.py:120} INFO - [2023-08-26T17:30:00.456+0000] {dag.py:3340} INFO - Setting next_dagrun for example_weekday_branch_operator to 2023-08-25T00:00:00+00:00, run_after=2023-08-26T00:00:00+00:00
[2023-08-26T17:30:00.465+0000] {processor.py:176} INFO - Processing /home/airflow/.local/lib/python3.7/site-packages/airflow/example_dags/example_branch_day_of_week_operator.py took 0.060 seconds
[2023-08-26T17:30:30.624+0000] {processor.py:154} INFO - Started process (PID=3316) to work on /home/airflow/.local/lib/python3.7/site-packages/airflow/example_dags/example_branch_day_of_week_operator.py
[2023-08-26T17:30:30.625+0000] {processor.py:756} INFO - Processing file /home/airflow/.local/lib/python3.7/site-packages/airflow/example_dags/example_branch_day_of_week_operator.py for tasks to queue
[2023-08-26T17:30:30.625+0000] {logging_mixin.py:120} INFO - [2023-08-26T17:30:30.625+0000] {dagbag.py:537} INFO - Filling up the DagBag from /home/airflow/.local/lib/python3.7/site-packages/airflow/example_dags/example_branch_day_of_week_operator.py
[2023-08-26T17:30:30.638+0000] {processor.py:766} INFO - DAG(s) dict_keys(['example_weekday_branch_operator']) retrieved from /home/airflow/.local/lib/python3.7/site-packages/airflow/example_dags/example_branch_day_of_week_operator.py
[2023-08-26T17:30:30.665+0000] {logging_mixin.py:120} INFO - [2023-08-26T17:30:30.665+0000] {dag.py:2585} INFO - Sync 1 DAGs
[2023-08-26T17:30:30.681+0000] {logging_mixin.py:120} INFO - [2023-08-26T17:30:30.681+0000] {dag.py:3340} INFO - Setting next_dagrun for example_weekday_branch_operator to 2023-08-25T00:00:00+00:00, run_after=2023-08-26T00:00:00+00:00
[2023-08-26T17:30:30.691+0000] {processor.py:176} INFO - Processing /home/airflow/.local/lib/python3.7/site-packages/airflow/example_dags/example_branch_day_of_week_operator.py took 0.071 seconds
[2023-08-26T17:31:00.833+0000] {processor.py:154} INFO - Started process (PID=3379) to work on /home/airflow/.local/lib/python3.7/site-packages/airflow/example_dags/example_branch_day_of_week_operator.py
[2023-08-26T17:31:00.833+0000] {processor.py:756} INFO - Processing file /home/airflow/.local/lib/python3.7/site-packages/airflow/example_dags/example_branch_day_of_week_operator.py for tasks to queue
[2023-08-26T17:31:00.834+0000] {logging_mixin.py:120} INFO - [2023-08-26T17:31:00.834+0000] {dagbag.py:537} INFO - Filling up the DagBag from /home/airflow/.local/lib/python3.7/site-packages/airflow/example_dags/example_branch_day_of_week_operator.py
[2023-08-26T17:31:00.845+0000] {processor.py:766} INFO - DAG(s) dict_keys(['example_weekday_branch_operator']) retrieved from /home/airflow/.local/lib/python3.7/site-packages/airflow/example_dags/example_branch_day_of_week_operator.py
[2023-08-26T17:31:00.886+0000] {logging_mixin.py:120} INFO - [2023-08-26T17:31:00.886+0000] {dag.py:2585} INFO - Sync 1 DAGs
[2023-08-26T17:31:00.907+0000] {logging_mixin.py:120} INFO - [2023-08-26T17:31:00.907+0000] {dag.py:3340} INFO - Setting next_dagrun for example_weekday_branch_operator to 2023-08-25T00:00:00+00:00, run_after=2023-08-26T00:00:00+00:00
[2023-08-26T17:31:00.920+0000] {processor.py:176} INFO - Processing /home/airflow/.local/lib/python3.7/site-packages/airflow/example_dags/example_branch_day_of_week_operator.py took 0.090 seconds
[2023-08-26T17:31:31.055+0000] {processor.py:154} INFO - Started process (PID=3442) to work on /home/airflow/.local/lib/python3.7/site-packages/airflow/example_dags/example_branch_day_of_week_operator.py
[2023-08-26T17:31:31.056+0000] {processor.py:756} INFO - Processing file /home/airflow/.local/lib/python3.7/site-packages/airflow/example_dags/example_branch_day_of_week_operator.py for tasks to queue
[2023-08-26T17:31:31.056+0000] {logging_mixin.py:120} INFO - [2023-08-26T17:31:31.056+0000] {dagbag.py:537} INFO - Filling up the DagBag from /home/airflow/.local/lib/python3.7/site-packages/airflow/example_dags/example_branch_day_of_week_operator.py
[2023-08-26T17:31:31.068+0000] {processor.py:766} INFO - DAG(s) dict_keys(['example_weekday_branch_operator']) retrieved from /home/airflow/.local/lib/python3.7/site-packages/airflow/example_dags/example_branch_day_of_week_operator.py
[2023-08-26T17:31:31.094+0000] {logging_mixin.py:120} INFO - [2023-08-26T17:31:31.094+0000] {dag.py:2585} INFO - Sync 1 DAGs
[2023-08-26T17:31:31.107+0000] {logging_mixin.py:120} INFO - [2023-08-26T17:31:31.107+0000] {dag.py:3340} INFO - Setting next_dagrun for example_weekday_branch_operator to 2023-08-25T00:00:00+00:00, run_after=2023-08-26T00:00:00+00:00
[2023-08-26T17:31:31.116+0000] {processor.py:176} INFO - Processing /home/airflow/.local/lib/python3.7/site-packages/airflow/example_dags/example_branch_day_of_week_operator.py took 0.063 seconds
