[2023-08-26T17:03:31.966+0000] {processor.py:154} INFO - Started process (PID=46) to work on /home/airflow/.local/lib/python3.7/site-packages/airflow/example_dags/example_skip_dag.py
[2023-08-26T17:03:31.967+0000] {processor.py:756} INFO - Processing file /home/airflow/.local/lib/python3.7/site-packages/airflow/example_dags/example_skip_dag.py for tasks to queue
[2023-08-26T17:03:31.967+0000] {logging_mixin.py:120} INFO - [2023-08-26T17:03:31.967+0000] {dagbag.py:537} INFO - Filling up the DagBag from /home/airflow/.local/lib/python3.7/site-packages/airflow/example_dags/example_skip_dag.py
[2023-08-26T17:03:31.979+0000] {processor.py:766} INFO - DAG(s) dict_keys(['example_skip_dag']) retrieved from /home/airflow/.local/lib/python3.7/site-packages/airflow/example_dags/example_skip_dag.py
[2023-08-26T17:03:32.079+0000] {logging_mixin.py:120} INFO - [2023-08-26T17:03:32.079+0000] {manager.py:507} INFO - Created Permission View: can edit on DAG:example_skip_dag
[2023-08-26T17:03:32.089+0000] {logging_mixin.py:120} INFO - [2023-08-26T17:03:32.089+0000] {manager.py:507} INFO - Created Permission View: can read on DAG:example_skip_dag
[2023-08-26T17:03:32.094+0000] {logging_mixin.py:120} INFO - [2023-08-26T17:03:32.094+0000] {manager.py:507} INFO - Created Permission View: can delete on DAG:example_skip_dag
[2023-08-26T17:03:32.094+0000] {logging_mixin.py:120} INFO - [2023-08-26T17:03:32.094+0000] {dag.py:2585} INFO - Sync 1 DAGs
[2023-08-26T17:03:32.104+0000] {logging_mixin.py:120} INFO - [2023-08-26T17:03:32.104+0000] {dag.py:2606} INFO - Creating ORM DAG for example_skip_dag
[2023-08-26T17:03:32.112+0000] {logging_mixin.py:120} INFO - [2023-08-26T17:03:32.112+0000] {dag.py:3340} INFO - Setting next_dagrun for example_skip_dag to 2023-08-25T17:03:32.112241+00:00, run_after=2023-08-26T17:03:32.112241+00:00
[2023-08-26T17:03:32.125+0000] {processor.py:176} INFO - Processing /home/airflow/.local/lib/python3.7/site-packages/airflow/example_dags/example_skip_dag.py took 0.162 seconds
[2023-08-26T17:04:02.185+0000] {processor.py:154} INFO - Started process (PID=108) to work on /home/airflow/.local/lib/python3.7/site-packages/airflow/example_dags/example_skip_dag.py
[2023-08-26T17:04:02.186+0000] {processor.py:756} INFO - Processing file /home/airflow/.local/lib/python3.7/site-packages/airflow/example_dags/example_skip_dag.py for tasks to queue
[2023-08-26T17:04:02.186+0000] {logging_mixin.py:120} INFO - [2023-08-26T17:04:02.186+0000] {dagbag.py:537} INFO - Filling up the DagBag from /home/airflow/.local/lib/python3.7/site-packages/airflow/example_dags/example_skip_dag.py
[2023-08-26T17:04:02.196+0000] {processor.py:766} INFO - DAG(s) dict_keys(['example_skip_dag']) retrieved from /home/airflow/.local/lib/python3.7/site-packages/airflow/example_dags/example_skip_dag.py
[2023-08-26T17:04:02.220+0000] {logging_mixin.py:120} INFO - [2023-08-26T17:04:02.220+0000] {dag.py:2585} INFO - Sync 1 DAGs
[2023-08-26T17:04:02.233+0000] {logging_mixin.py:120} INFO - [2023-08-26T17:04:02.233+0000] {dag.py:3340} INFO - Setting next_dagrun for example_skip_dag to 2023-08-25T17:04:02.233397+00:00, run_after=2023-08-26T17:04:02.233397+00:00
[2023-08-26T17:04:02.243+0000] {processor.py:176} INFO - Processing /home/airflow/.local/lib/python3.7/site-packages/airflow/example_dags/example_skip_dag.py took 0.060 seconds
[2023-08-26T17:04:32.773+0000] {processor.py:154} INFO - Started process (PID=172) to work on /home/airflow/.local/lib/python3.7/site-packages/airflow/example_dags/example_skip_dag.py
[2023-08-26T17:04:32.774+0000] {processor.py:756} INFO - Processing file /home/airflow/.local/lib/python3.7/site-packages/airflow/example_dags/example_skip_dag.py for tasks to queue
[2023-08-26T17:04:32.775+0000] {logging_mixin.py:120} INFO - [2023-08-26T17:04:32.774+0000] {dagbag.py:537} INFO - Filling up the DagBag from /home/airflow/.local/lib/python3.7/site-packages/airflow/example_dags/example_skip_dag.py
[2023-08-26T17:04:32.785+0000] {processor.py:766} INFO - DAG(s) dict_keys(['example_skip_dag']) retrieved from /home/airflow/.local/lib/python3.7/site-packages/airflow/example_dags/example_skip_dag.py
[2023-08-26T17:04:32.810+0000] {logging_mixin.py:120} INFO - [2023-08-26T17:04:32.810+0000] {dag.py:2585} INFO - Sync 1 DAGs
[2023-08-26T17:04:32.825+0000] {logging_mixin.py:120} INFO - [2023-08-26T17:04:32.825+0000] {dag.py:3340} INFO - Setting next_dagrun for example_skip_dag to 2023-08-25T17:04:32.825051+00:00, run_after=2023-08-26T17:04:32.825051+00:00
[2023-08-26T17:04:32.834+0000] {processor.py:176} INFO - Processing /home/airflow/.local/lib/python3.7/site-packages/airflow/example_dags/example_skip_dag.py took 0.064 seconds
[2023-08-26T17:05:03.673+0000] {processor.py:154} INFO - Started process (PID=235) to work on /home/airflow/.local/lib/python3.7/site-packages/airflow/example_dags/example_skip_dag.py
[2023-08-26T17:05:03.674+0000] {processor.py:756} INFO - Processing file /home/airflow/.local/lib/python3.7/site-packages/airflow/example_dags/example_skip_dag.py for tasks to queue
[2023-08-26T17:05:03.674+0000] {logging_mixin.py:120} INFO - [2023-08-26T17:05:03.674+0000] {dagbag.py:537} INFO - Filling up the DagBag from /home/airflow/.local/lib/python3.7/site-packages/airflow/example_dags/example_skip_dag.py
[2023-08-26T17:05:03.685+0000] {processor.py:766} INFO - DAG(s) dict_keys(['example_skip_dag']) retrieved from /home/airflow/.local/lib/python3.7/site-packages/airflow/example_dags/example_skip_dag.py
[2023-08-26T17:05:03.711+0000] {logging_mixin.py:120} INFO - [2023-08-26T17:05:03.711+0000] {dag.py:2585} INFO - Sync 1 DAGs
[2023-08-26T17:05:03.726+0000] {logging_mixin.py:120} INFO - [2023-08-26T17:05:03.726+0000] {dag.py:3340} INFO - Setting next_dagrun for example_skip_dag to 2023-08-25T17:05:03.726240+00:00, run_after=2023-08-26T17:05:03.726240+00:00
[2023-08-26T17:05:03.736+0000] {processor.py:176} INFO - Processing /home/airflow/.local/lib/python3.7/site-packages/airflow/example_dags/example_skip_dag.py took 0.065 seconds
[2023-08-26T17:05:34.715+0000] {processor.py:154} INFO - Started process (PID=299) to work on /home/airflow/.local/lib/python3.7/site-packages/airflow/example_dags/example_skip_dag.py
[2023-08-26T17:05:34.715+0000] {processor.py:756} INFO - Processing file /home/airflow/.local/lib/python3.7/site-packages/airflow/example_dags/example_skip_dag.py for tasks to queue
[2023-08-26T17:05:34.716+0000] {logging_mixin.py:120} INFO - [2023-08-26T17:05:34.716+0000] {dagbag.py:537} INFO - Filling up the DagBag from /home/airflow/.local/lib/python3.7/site-packages/airflow/example_dags/example_skip_dag.py
[2023-08-26T17:05:34.727+0000] {processor.py:766} INFO - DAG(s) dict_keys(['example_skip_dag']) retrieved from /home/airflow/.local/lib/python3.7/site-packages/airflow/example_dags/example_skip_dag.py
[2023-08-26T17:05:34.761+0000] {logging_mixin.py:120} INFO - [2023-08-26T17:05:34.761+0000] {dag.py:2585} INFO - Sync 1 DAGs
[2023-08-26T17:05:34.779+0000] {logging_mixin.py:120} INFO - [2023-08-26T17:05:34.779+0000] {dag.py:3340} INFO - Setting next_dagrun for example_skip_dag to 2023-08-25T17:05:34.778830+00:00, run_after=2023-08-26T17:05:34.778830+00:00
[2023-08-26T17:05:34.794+0000] {processor.py:176} INFO - Processing /home/airflow/.local/lib/python3.7/site-packages/airflow/example_dags/example_skip_dag.py took 0.081 seconds
[2023-08-26T17:06:04.823+0000] {processor.py:154} INFO - Started process (PID=353) to work on /home/airflow/.local/lib/python3.7/site-packages/airflow/example_dags/example_skip_dag.py
[2023-08-26T17:06:04.824+0000] {processor.py:756} INFO - Processing file /home/airflow/.local/lib/python3.7/site-packages/airflow/example_dags/example_skip_dag.py for tasks to queue
[2023-08-26T17:06:04.824+0000] {logging_mixin.py:120} INFO - [2023-08-26T17:06:04.824+0000] {dagbag.py:537} INFO - Filling up the DagBag from /home/airflow/.local/lib/python3.7/site-packages/airflow/example_dags/example_skip_dag.py
[2023-08-26T17:06:04.833+0000] {processor.py:766} INFO - DAG(s) dict_keys(['example_skip_dag']) retrieved from /home/airflow/.local/lib/python3.7/site-packages/airflow/example_dags/example_skip_dag.py
[2023-08-26T17:06:04.865+0000] {logging_mixin.py:120} INFO - [2023-08-26T17:06:04.865+0000] {dag.py:2585} INFO - Sync 1 DAGs
[2023-08-26T17:06:04.883+0000] {logging_mixin.py:120} INFO - [2023-08-26T17:06:04.883+0000] {dag.py:3340} INFO - Setting next_dagrun for example_skip_dag to 2023-08-25T17:06:04.883160+00:00, run_after=2023-08-26T17:06:04.883160+00:00
[2023-08-26T17:06:04.893+0000] {processor.py:176} INFO - Processing /home/airflow/.local/lib/python3.7/site-packages/airflow/example_dags/example_skip_dag.py took 0.073 seconds
[2023-08-26T17:06:35.942+0000] {processor.py:154} INFO - Started process (PID=416) to work on /home/airflow/.local/lib/python3.7/site-packages/airflow/example_dags/example_skip_dag.py
[2023-08-26T17:06:35.943+0000] {processor.py:756} INFO - Processing file /home/airflow/.local/lib/python3.7/site-packages/airflow/example_dags/example_skip_dag.py for tasks to queue
[2023-08-26T17:06:35.943+0000] {logging_mixin.py:120} INFO - [2023-08-26T17:06:35.943+0000] {dagbag.py:537} INFO - Filling up the DagBag from /home/airflow/.local/lib/python3.7/site-packages/airflow/example_dags/example_skip_dag.py
[2023-08-26T17:06:35.953+0000] {processor.py:766} INFO - DAG(s) dict_keys(['example_skip_dag']) retrieved from /home/airflow/.local/lib/python3.7/site-packages/airflow/example_dags/example_skip_dag.py
[2023-08-26T17:06:35.980+0000] {logging_mixin.py:120} INFO - [2023-08-26T17:06:35.980+0000] {dag.py:2585} INFO - Sync 1 DAGs
[2023-08-26T17:06:35.995+0000] {logging_mixin.py:120} INFO - [2023-08-26T17:06:35.995+0000] {dag.py:3340} INFO - Setting next_dagrun for example_skip_dag to 2023-08-25T17:06:35.995615+00:00, run_after=2023-08-26T17:06:35.995615+00:00
[2023-08-26T17:06:36.005+0000] {processor.py:176} INFO - Processing /home/airflow/.local/lib/python3.7/site-packages/airflow/example_dags/example_skip_dag.py took 0.066 seconds
[2023-08-26T17:07:06.807+0000] {processor.py:154} INFO - Started process (PID=478) to work on /home/airflow/.local/lib/python3.7/site-packages/airflow/example_dags/example_skip_dag.py
[2023-08-26T17:07:06.808+0000] {processor.py:756} INFO - Processing file /home/airflow/.local/lib/python3.7/site-packages/airflow/example_dags/example_skip_dag.py for tasks to queue
[2023-08-26T17:07:06.809+0000] {logging_mixin.py:120} INFO - [2023-08-26T17:07:06.809+0000] {dagbag.py:537} INFO - Filling up the DagBag from /home/airflow/.local/lib/python3.7/site-packages/airflow/example_dags/example_skip_dag.py
[2023-08-26T17:07:06.817+0000] {processor.py:766} INFO - DAG(s) dict_keys(['example_skip_dag']) retrieved from /home/airflow/.local/lib/python3.7/site-packages/airflow/example_dags/example_skip_dag.py
[2023-08-26T17:07:06.841+0000] {logging_mixin.py:120} INFO - [2023-08-26T17:07:06.841+0000] {dag.py:2585} INFO - Sync 1 DAGs
[2023-08-26T17:07:06.854+0000] {logging_mixin.py:120} INFO - [2023-08-26T17:07:06.854+0000] {dag.py:3340} INFO - Setting next_dagrun for example_skip_dag to 2023-08-25T17:07:06.854711+00:00, run_after=2023-08-26T17:07:06.854711+00:00
[2023-08-26T17:07:06.865+0000] {processor.py:176} INFO - Processing /home/airflow/.local/lib/python3.7/site-packages/airflow/example_dags/example_skip_dag.py took 0.060 seconds
[2023-08-26T17:07:38.162+0000] {processor.py:154} INFO - Started process (PID=541) to work on /home/airflow/.local/lib/python3.7/site-packages/airflow/example_dags/example_skip_dag.py
[2023-08-26T17:07:38.163+0000] {processor.py:756} INFO - Processing file /home/airflow/.local/lib/python3.7/site-packages/airflow/example_dags/example_skip_dag.py for tasks to queue
[2023-08-26T17:07:38.164+0000] {logging_mixin.py:120} INFO - [2023-08-26T17:07:38.164+0000] {dagbag.py:537} INFO - Filling up the DagBag from /home/airflow/.local/lib/python3.7/site-packages/airflow/example_dags/example_skip_dag.py
[2023-08-26T17:07:38.173+0000] {processor.py:766} INFO - DAG(s) dict_keys(['example_skip_dag']) retrieved from /home/airflow/.local/lib/python3.7/site-packages/airflow/example_dags/example_skip_dag.py
[2023-08-26T17:07:38.199+0000] {logging_mixin.py:120} INFO - [2023-08-26T17:07:38.199+0000] {dag.py:2585} INFO - Sync 1 DAGs
[2023-08-26T17:07:38.214+0000] {logging_mixin.py:120} INFO - [2023-08-26T17:07:38.214+0000] {dag.py:3340} INFO - Setting next_dagrun for example_skip_dag to 2023-08-25T17:07:38.214024+00:00, run_after=2023-08-26T17:07:38.214024+00:00
[2023-08-26T17:07:38.224+0000] {processor.py:176} INFO - Processing /home/airflow/.local/lib/python3.7/site-packages/airflow/example_dags/example_skip_dag.py took 0.064 seconds
[2023-08-26T17:08:09.152+0000] {processor.py:154} INFO - Started process (PID=604) to work on /home/airflow/.local/lib/python3.7/site-packages/airflow/example_dags/example_skip_dag.py
[2023-08-26T17:08:09.152+0000] {processor.py:756} INFO - Processing file /home/airflow/.local/lib/python3.7/site-packages/airflow/example_dags/example_skip_dag.py for tasks to queue
[2023-08-26T17:08:09.153+0000] {logging_mixin.py:120} INFO - [2023-08-26T17:08:09.153+0000] {dagbag.py:537} INFO - Filling up the DagBag from /home/airflow/.local/lib/python3.7/site-packages/airflow/example_dags/example_skip_dag.py
[2023-08-26T17:08:09.161+0000] {processor.py:766} INFO - DAG(s) dict_keys(['example_skip_dag']) retrieved from /home/airflow/.local/lib/python3.7/site-packages/airflow/example_dags/example_skip_dag.py
[2023-08-26T17:08:09.186+0000] {logging_mixin.py:120} INFO - [2023-08-26T17:08:09.186+0000] {dag.py:2585} INFO - Sync 1 DAGs
[2023-08-26T17:08:09.199+0000] {logging_mixin.py:120} INFO - [2023-08-26T17:08:09.199+0000] {dag.py:3340} INFO - Setting next_dagrun for example_skip_dag to 2023-08-25T17:08:09.199488+00:00, run_after=2023-08-26T17:08:09.199488+00:00
[2023-08-26T17:08:09.210+0000] {processor.py:176} INFO - Processing /home/airflow/.local/lib/python3.7/site-packages/airflow/example_dags/example_skip_dag.py took 0.061 seconds
[2023-08-26T17:08:40.154+0000] {processor.py:154} INFO - Started process (PID=667) to work on /home/airflow/.local/lib/python3.7/site-packages/airflow/example_dags/example_skip_dag.py
[2023-08-26T17:08:40.155+0000] {processor.py:756} INFO - Processing file /home/airflow/.local/lib/python3.7/site-packages/airflow/example_dags/example_skip_dag.py for tasks to queue
[2023-08-26T17:08:40.156+0000] {logging_mixin.py:120} INFO - [2023-08-26T17:08:40.156+0000] {dagbag.py:537} INFO - Filling up the DagBag from /home/airflow/.local/lib/python3.7/site-packages/airflow/example_dags/example_skip_dag.py
[2023-08-26T17:08:40.166+0000] {processor.py:766} INFO - DAG(s) dict_keys(['example_skip_dag']) retrieved from /home/airflow/.local/lib/python3.7/site-packages/airflow/example_dags/example_skip_dag.py
[2023-08-26T17:08:40.193+0000] {logging_mixin.py:120} INFO - [2023-08-26T17:08:40.193+0000] {dag.py:2585} INFO - Sync 1 DAGs
[2023-08-26T17:08:40.208+0000] {logging_mixin.py:120} INFO - [2023-08-26T17:08:40.208+0000] {dag.py:3340} INFO - Setting next_dagrun for example_skip_dag to 2023-08-25T17:08:40.207913+00:00, run_after=2023-08-26T17:08:40.207913+00:00
[2023-08-26T17:08:40.222+0000] {processor.py:176} INFO - Processing /home/airflow/.local/lib/python3.7/site-packages/airflow/example_dags/example_skip_dag.py took 0.070 seconds
[2023-08-26T17:09:10.411+0000] {processor.py:154} INFO - Started process (PID=729) to work on /home/airflow/.local/lib/python3.7/site-packages/airflow/example_dags/example_skip_dag.py
[2023-08-26T17:09:10.412+0000] {processor.py:756} INFO - Processing file /home/airflow/.local/lib/python3.7/site-packages/airflow/example_dags/example_skip_dag.py for tasks to queue
[2023-08-26T17:09:10.413+0000] {logging_mixin.py:120} INFO - [2023-08-26T17:09:10.413+0000] {dagbag.py:537} INFO - Filling up the DagBag from /home/airflow/.local/lib/python3.7/site-packages/airflow/example_dags/example_skip_dag.py
[2023-08-26T17:09:10.422+0000] {processor.py:766} INFO - DAG(s) dict_keys(['example_skip_dag']) retrieved from /home/airflow/.local/lib/python3.7/site-packages/airflow/example_dags/example_skip_dag.py
[2023-08-26T17:09:10.448+0000] {logging_mixin.py:120} INFO - [2023-08-26T17:09:10.448+0000] {dag.py:2585} INFO - Sync 1 DAGs
[2023-08-26T17:09:10.463+0000] {logging_mixin.py:120} INFO - [2023-08-26T17:09:10.463+0000] {dag.py:3340} INFO - Setting next_dagrun for example_skip_dag to 2023-08-25T17:09:10.463342+00:00, run_after=2023-08-26T17:09:10.463342+00:00
[2023-08-26T17:09:10.476+0000] {processor.py:176} INFO - Processing /home/airflow/.local/lib/python3.7/site-packages/airflow/example_dags/example_skip_dag.py took 0.067 seconds
[2023-08-26T17:09:40.616+0000] {processor.py:154} INFO - Started process (PID=783) to work on /home/airflow/.local/lib/python3.7/site-packages/airflow/example_dags/example_skip_dag.py
[2023-08-26T17:09:40.617+0000] {processor.py:756} INFO - Processing file /home/airflow/.local/lib/python3.7/site-packages/airflow/example_dags/example_skip_dag.py for tasks to queue
[2023-08-26T17:09:40.617+0000] {logging_mixin.py:120} INFO - [2023-08-26T17:09:40.617+0000] {dagbag.py:537} INFO - Filling up the DagBag from /home/airflow/.local/lib/python3.7/site-packages/airflow/example_dags/example_skip_dag.py
[2023-08-26T17:09:40.628+0000] {processor.py:766} INFO - DAG(s) dict_keys(['example_skip_dag']) retrieved from /home/airflow/.local/lib/python3.7/site-packages/airflow/example_dags/example_skip_dag.py
[2023-08-26T17:09:40.656+0000] {logging_mixin.py:120} INFO - [2023-08-26T17:09:40.656+0000] {dag.py:2585} INFO - Sync 1 DAGs
[2023-08-26T17:09:40.672+0000] {logging_mixin.py:120} INFO - [2023-08-26T17:09:40.672+0000] {dag.py:3340} INFO - Setting next_dagrun for example_skip_dag to 2023-08-25T17:09:40.672502+00:00, run_after=2023-08-26T17:09:40.672502+00:00
[2023-08-26T17:09:40.687+0000] {processor.py:176} INFO - Processing /home/airflow/.local/lib/python3.7/site-packages/airflow/example_dags/example_skip_dag.py took 0.074 seconds
[2023-08-26T17:10:10.783+0000] {processor.py:154} INFO - Started process (PID=846) to work on /home/airflow/.local/lib/python3.7/site-packages/airflow/example_dags/example_skip_dag.py
[2023-08-26T17:10:10.784+0000] {processor.py:756} INFO - Processing file /home/airflow/.local/lib/python3.7/site-packages/airflow/example_dags/example_skip_dag.py for tasks to queue
[2023-08-26T17:10:10.785+0000] {logging_mixin.py:120} INFO - [2023-08-26T17:10:10.785+0000] {dagbag.py:537} INFO - Filling up the DagBag from /home/airflow/.local/lib/python3.7/site-packages/airflow/example_dags/example_skip_dag.py
[2023-08-26T17:10:10.793+0000] {processor.py:766} INFO - DAG(s) dict_keys(['example_skip_dag']) retrieved from /home/airflow/.local/lib/python3.7/site-packages/airflow/example_dags/example_skip_dag.py
[2023-08-26T17:10:10.823+0000] {logging_mixin.py:120} INFO - [2023-08-26T17:10:10.823+0000] {dag.py:2585} INFO - Sync 1 DAGs
[2023-08-26T17:10:10.839+0000] {logging_mixin.py:120} INFO - [2023-08-26T17:10:10.839+0000] {dag.py:3340} INFO - Setting next_dagrun for example_skip_dag to 2023-08-25T17:10:10.839661+00:00, run_after=2023-08-26T17:10:10.839661+00:00
[2023-08-26T17:10:10.853+0000] {processor.py:176} INFO - Processing /home/airflow/.local/lib/python3.7/site-packages/airflow/example_dags/example_skip_dag.py took 0.072 seconds
[2023-08-26T17:10:40.949+0000] {processor.py:154} INFO - Started process (PID=909) to work on /home/airflow/.local/lib/python3.7/site-packages/airflow/example_dags/example_skip_dag.py
[2023-08-26T17:10:40.949+0000] {processor.py:756} INFO - Processing file /home/airflow/.local/lib/python3.7/site-packages/airflow/example_dags/example_skip_dag.py for tasks to queue
[2023-08-26T17:10:40.950+0000] {logging_mixin.py:120} INFO - [2023-08-26T17:10:40.950+0000] {dagbag.py:537} INFO - Filling up the DagBag from /home/airflow/.local/lib/python3.7/site-packages/airflow/example_dags/example_skip_dag.py
[2023-08-26T17:10:40.960+0000] {processor.py:766} INFO - DAG(s) dict_keys(['example_skip_dag']) retrieved from /home/airflow/.local/lib/python3.7/site-packages/airflow/example_dags/example_skip_dag.py
[2023-08-26T17:10:40.986+0000] {logging_mixin.py:120} INFO - [2023-08-26T17:10:40.986+0000] {dag.py:2585} INFO - Sync 1 DAGs
[2023-08-26T17:10:41.003+0000] {logging_mixin.py:120} INFO - [2023-08-26T17:10:41.002+0000] {dag.py:3340} INFO - Setting next_dagrun for example_skip_dag to 2023-08-25T17:10:41.002832+00:00, run_after=2023-08-26T17:10:41.002832+00:00
[2023-08-26T17:10:41.016+0000] {processor.py:176} INFO - Processing /home/airflow/.local/lib/python3.7/site-packages/airflow/example_dags/example_skip_dag.py took 0.071 seconds
[2023-08-26T17:11:11.264+0000] {processor.py:154} INFO - Started process (PID=972) to work on /home/airflow/.local/lib/python3.7/site-packages/airflow/example_dags/example_skip_dag.py
[2023-08-26T17:11:11.265+0000] {processor.py:756} INFO - Processing file /home/airflow/.local/lib/python3.7/site-packages/airflow/example_dags/example_skip_dag.py for tasks to queue
[2023-08-26T17:11:11.266+0000] {logging_mixin.py:120} INFO - [2023-08-26T17:11:11.266+0000] {dagbag.py:537} INFO - Filling up the DagBag from /home/airflow/.local/lib/python3.7/site-packages/airflow/example_dags/example_skip_dag.py
[2023-08-26T17:11:11.274+0000] {processor.py:766} INFO - DAG(s) dict_keys(['example_skip_dag']) retrieved from /home/airflow/.local/lib/python3.7/site-packages/airflow/example_dags/example_skip_dag.py
[2023-08-26T17:11:11.299+0000] {logging_mixin.py:120} INFO - [2023-08-26T17:11:11.299+0000] {dag.py:2585} INFO - Sync 1 DAGs
[2023-08-26T17:11:11.312+0000] {logging_mixin.py:120} INFO - [2023-08-26T17:11:11.312+0000] {dag.py:3340} INFO - Setting next_dagrun for example_skip_dag to 2023-08-25T17:11:11.312598+00:00, run_after=2023-08-26T17:11:11.312598+00:00
[2023-08-26T17:11:11.322+0000] {processor.py:176} INFO - Processing /home/airflow/.local/lib/python3.7/site-packages/airflow/example_dags/example_skip_dag.py took 0.060 seconds
[2023-08-26T17:11:42.339+0000] {processor.py:154} INFO - Started process (PID=1034) to work on /home/airflow/.local/lib/python3.7/site-packages/airflow/example_dags/example_skip_dag.py
[2023-08-26T17:11:42.340+0000] {processor.py:756} INFO - Processing file /home/airflow/.local/lib/python3.7/site-packages/airflow/example_dags/example_skip_dag.py for tasks to queue
[2023-08-26T17:11:42.341+0000] {logging_mixin.py:120} INFO - [2023-08-26T17:11:42.340+0000] {dagbag.py:537} INFO - Filling up the DagBag from /home/airflow/.local/lib/python3.7/site-packages/airflow/example_dags/example_skip_dag.py
[2023-08-26T17:11:42.349+0000] {processor.py:766} INFO - DAG(s) dict_keys(['example_skip_dag']) retrieved from /home/airflow/.local/lib/python3.7/site-packages/airflow/example_dags/example_skip_dag.py
[2023-08-26T17:11:42.375+0000] {logging_mixin.py:120} INFO - [2023-08-26T17:11:42.374+0000] {dag.py:2585} INFO - Sync 1 DAGs
[2023-08-26T17:11:42.388+0000] {logging_mixin.py:120} INFO - [2023-08-26T17:11:42.388+0000] {dag.py:3340} INFO - Setting next_dagrun for example_skip_dag to 2023-08-25T17:11:42.388115+00:00, run_after=2023-08-26T17:11:42.388115+00:00
[2023-08-26T17:11:42.398+0000] {processor.py:176} INFO - Processing /home/airflow/.local/lib/python3.7/site-packages/airflow/example_dags/example_skip_dag.py took 0.061 seconds
[2023-08-26T17:12:13.425+0000] {processor.py:154} INFO - Started process (PID=1097) to work on /home/airflow/.local/lib/python3.7/site-packages/airflow/example_dags/example_skip_dag.py
[2023-08-26T17:12:13.426+0000] {processor.py:756} INFO - Processing file /home/airflow/.local/lib/python3.7/site-packages/airflow/example_dags/example_skip_dag.py for tasks to queue
[2023-08-26T17:12:13.426+0000] {logging_mixin.py:120} INFO - [2023-08-26T17:12:13.426+0000] {dagbag.py:537} INFO - Filling up the DagBag from /home/airflow/.local/lib/python3.7/site-packages/airflow/example_dags/example_skip_dag.py
[2023-08-26T17:12:13.434+0000] {processor.py:766} INFO - DAG(s) dict_keys(['example_skip_dag']) retrieved from /home/airflow/.local/lib/python3.7/site-packages/airflow/example_dags/example_skip_dag.py
[2023-08-26T17:12:13.466+0000] {logging_mixin.py:120} INFO - [2023-08-26T17:12:13.466+0000] {dag.py:2585} INFO - Sync 1 DAGs
[2023-08-26T17:12:13.485+0000] {logging_mixin.py:120} INFO - [2023-08-26T17:12:13.485+0000] {dag.py:3340} INFO - Setting next_dagrun for example_skip_dag to 2023-08-25T17:12:13.485100+00:00, run_after=2023-08-26T17:12:13.485100+00:00
[2023-08-26T17:12:13.497+0000] {processor.py:176} INFO - Processing /home/airflow/.local/lib/python3.7/site-packages/airflow/example_dags/example_skip_dag.py took 0.077 seconds
[2023-08-26T17:12:44.546+0000] {processor.py:154} INFO - Started process (PID=1157) to work on /home/airflow/.local/lib/python3.7/site-packages/airflow/example_dags/example_skip_dag.py
[2023-08-26T17:12:44.547+0000] {processor.py:756} INFO - Processing file /home/airflow/.local/lib/python3.7/site-packages/airflow/example_dags/example_skip_dag.py for tasks to queue
[2023-08-26T17:12:44.548+0000] {logging_mixin.py:120} INFO - [2023-08-26T17:12:44.548+0000] {dagbag.py:537} INFO - Filling up the DagBag from /home/airflow/.local/lib/python3.7/site-packages/airflow/example_dags/example_skip_dag.py
[2023-08-26T17:12:44.562+0000] {processor.py:766} INFO - DAG(s) dict_keys(['example_skip_dag']) retrieved from /home/airflow/.local/lib/python3.7/site-packages/airflow/example_dags/example_skip_dag.py
[2023-08-26T17:12:44.601+0000] {logging_mixin.py:120} INFO - [2023-08-26T17:12:44.601+0000] {dag.py:2585} INFO - Sync 1 DAGs
[2023-08-26T17:12:44.623+0000] {logging_mixin.py:120} INFO - [2023-08-26T17:12:44.623+0000] {dag.py:3340} INFO - Setting next_dagrun for example_skip_dag to 2023-08-25T17:12:44.622879+00:00, run_after=2023-08-26T17:12:44.622879+00:00
[2023-08-26T17:12:44.637+0000] {processor.py:176} INFO - Processing /home/airflow/.local/lib/python3.7/site-packages/airflow/example_dags/example_skip_dag.py took 0.095 seconds
[2023-08-26T17:13:14.697+0000] {processor.py:154} INFO - Started process (PID=1220) to work on /home/airflow/.local/lib/python3.7/site-packages/airflow/example_dags/example_skip_dag.py
[2023-08-26T17:13:14.698+0000] {processor.py:756} INFO - Processing file /home/airflow/.local/lib/python3.7/site-packages/airflow/example_dags/example_skip_dag.py for tasks to queue
[2023-08-26T17:13:14.698+0000] {logging_mixin.py:120} INFO - [2023-08-26T17:13:14.698+0000] {dagbag.py:537} INFO - Filling up the DagBag from /home/airflow/.local/lib/python3.7/site-packages/airflow/example_dags/example_skip_dag.py
[2023-08-26T17:13:14.709+0000] {processor.py:766} INFO - DAG(s) dict_keys(['example_skip_dag']) retrieved from /home/airflow/.local/lib/python3.7/site-packages/airflow/example_dags/example_skip_dag.py
[2023-08-26T17:13:14.740+0000] {logging_mixin.py:120} INFO - [2023-08-26T17:13:14.740+0000] {dag.py:2585} INFO - Sync 1 DAGs
[2023-08-26T17:13:14.758+0000] {logging_mixin.py:120} INFO - [2023-08-26T17:13:14.757+0000] {dag.py:3340} INFO - Setting next_dagrun for example_skip_dag to 2023-08-25T17:13:14.757725+00:00, run_after=2023-08-26T17:13:14.757725+00:00
[2023-08-26T17:13:14.769+0000] {processor.py:176} INFO - Processing /home/airflow/.local/lib/python3.7/site-packages/airflow/example_dags/example_skip_dag.py took 0.076 seconds
[2023-08-26T17:13:45.056+0000] {processor.py:154} INFO - Started process (PID=1283) to work on /home/airflow/.local/lib/python3.7/site-packages/airflow/example_dags/example_skip_dag.py
[2023-08-26T17:13:45.056+0000] {processor.py:756} INFO - Processing file /home/airflow/.local/lib/python3.7/site-packages/airflow/example_dags/example_skip_dag.py for tasks to queue
[2023-08-26T17:13:45.057+0000] {logging_mixin.py:120} INFO - [2023-08-26T17:13:45.057+0000] {dagbag.py:537} INFO - Filling up the DagBag from /home/airflow/.local/lib/python3.7/site-packages/airflow/example_dags/example_skip_dag.py
[2023-08-26T17:13:45.067+0000] {processor.py:766} INFO - DAG(s) dict_keys(['example_skip_dag']) retrieved from /home/airflow/.local/lib/python3.7/site-packages/airflow/example_dags/example_skip_dag.py
[2023-08-26T17:13:45.092+0000] {logging_mixin.py:120} INFO - [2023-08-26T17:13:45.092+0000] {dag.py:2585} INFO - Sync 1 DAGs
[2023-08-26T17:13:45.106+0000] {logging_mixin.py:120} INFO - [2023-08-26T17:13:45.106+0000] {dag.py:3340} INFO - Setting next_dagrun for example_skip_dag to 2023-08-25T17:13:45.106226+00:00, run_after=2023-08-26T17:13:45.106226+00:00
[2023-08-26T17:13:45.117+0000] {processor.py:176} INFO - Processing /home/airflow/.local/lib/python3.7/site-packages/airflow/example_dags/example_skip_dag.py took 0.063 seconds
[2023-08-26T17:14:16.092+0000] {processor.py:154} INFO - Started process (PID=1346) to work on /home/airflow/.local/lib/python3.7/site-packages/airflow/example_dags/example_skip_dag.py
[2023-08-26T17:14:16.093+0000] {processor.py:756} INFO - Processing file /home/airflow/.local/lib/python3.7/site-packages/airflow/example_dags/example_skip_dag.py for tasks to queue
[2023-08-26T17:14:16.094+0000] {logging_mixin.py:120} INFO - [2023-08-26T17:14:16.094+0000] {dagbag.py:537} INFO - Filling up the DagBag from /home/airflow/.local/lib/python3.7/site-packages/airflow/example_dags/example_skip_dag.py
[2023-08-26T17:14:16.106+0000] {processor.py:766} INFO - DAG(s) dict_keys(['example_skip_dag']) retrieved from /home/airflow/.local/lib/python3.7/site-packages/airflow/example_dags/example_skip_dag.py
[2023-08-26T17:14:16.136+0000] {logging_mixin.py:120} INFO - [2023-08-26T17:14:16.136+0000] {dag.py:2585} INFO - Sync 1 DAGs
[2023-08-26T17:14:16.152+0000] {logging_mixin.py:120} INFO - [2023-08-26T17:14:16.151+0000] {dag.py:3340} INFO - Setting next_dagrun for example_skip_dag to 2023-08-25T17:14:16.151774+00:00, run_after=2023-08-26T17:14:16.151774+00:00
[2023-08-26T17:14:16.165+0000] {processor.py:176} INFO - Processing /home/airflow/.local/lib/python3.7/site-packages/airflow/example_dags/example_skip_dag.py took 0.076 seconds
[2023-08-26T17:14:46.286+0000] {processor.py:154} INFO - Started process (PID=1411) to work on /home/airflow/.local/lib/python3.7/site-packages/airflow/example_dags/example_skip_dag.py
[2023-08-26T17:14:46.286+0000] {processor.py:756} INFO - Processing file /home/airflow/.local/lib/python3.7/site-packages/airflow/example_dags/example_skip_dag.py for tasks to queue
[2023-08-26T17:14:46.287+0000] {logging_mixin.py:120} INFO - [2023-08-26T17:14:46.287+0000] {dagbag.py:537} INFO - Filling up the DagBag from /home/airflow/.local/lib/python3.7/site-packages/airflow/example_dags/example_skip_dag.py
[2023-08-26T17:14:46.296+0000] {processor.py:766} INFO - DAG(s) dict_keys(['example_skip_dag']) retrieved from /home/airflow/.local/lib/python3.7/site-packages/airflow/example_dags/example_skip_dag.py
[2023-08-26T17:14:46.321+0000] {logging_mixin.py:120} INFO - [2023-08-26T17:14:46.321+0000] {dag.py:2585} INFO - Sync 1 DAGs
[2023-08-26T17:14:46.337+0000] {logging_mixin.py:120} INFO - [2023-08-26T17:14:46.337+0000] {dag.py:3340} INFO - Setting next_dagrun for example_skip_dag to 2023-08-25T17:14:46.337213+00:00, run_after=2023-08-26T17:14:46.337213+00:00
[2023-08-26T17:14:46.349+0000] {processor.py:176} INFO - Processing /home/airflow/.local/lib/python3.7/site-packages/airflow/example_dags/example_skip_dag.py took 0.065 seconds
[2023-08-26T17:15:16.433+0000] {processor.py:154} INFO - Started process (PID=1474) to work on /home/airflow/.local/lib/python3.7/site-packages/airflow/example_dags/example_skip_dag.py
[2023-08-26T17:15:16.434+0000] {processor.py:756} INFO - Processing file /home/airflow/.local/lib/python3.7/site-packages/airflow/example_dags/example_skip_dag.py for tasks to queue
[2023-08-26T17:15:16.434+0000] {logging_mixin.py:120} INFO - [2023-08-26T17:15:16.434+0000] {dagbag.py:537} INFO - Filling up the DagBag from /home/airflow/.local/lib/python3.7/site-packages/airflow/example_dags/example_skip_dag.py
[2023-08-26T17:15:16.443+0000] {processor.py:766} INFO - DAG(s) dict_keys(['example_skip_dag']) retrieved from /home/airflow/.local/lib/python3.7/site-packages/airflow/example_dags/example_skip_dag.py
[2023-08-26T17:15:16.469+0000] {logging_mixin.py:120} INFO - [2023-08-26T17:15:16.469+0000] {dag.py:2585} INFO - Sync 1 DAGs
[2023-08-26T17:15:16.483+0000] {logging_mixin.py:120} INFO - [2023-08-26T17:15:16.483+0000] {dag.py:3340} INFO - Setting next_dagrun for example_skip_dag to 2023-08-25T17:15:16.483046+00:00, run_after=2023-08-26T17:15:16.483046+00:00
[2023-08-26T17:15:16.492+0000] {processor.py:176} INFO - Processing /home/airflow/.local/lib/python3.7/site-packages/airflow/example_dags/example_skip_dag.py took 0.061 seconds
[2023-08-26T17:15:46.673+0000] {processor.py:154} INFO - Started process (PID=1529) to work on /home/airflow/.local/lib/python3.7/site-packages/airflow/example_dags/example_skip_dag.py
[2023-08-26T17:15:46.674+0000] {processor.py:756} INFO - Processing file /home/airflow/.local/lib/python3.7/site-packages/airflow/example_dags/example_skip_dag.py for tasks to queue
[2023-08-26T17:15:46.675+0000] {logging_mixin.py:120} INFO - [2023-08-26T17:15:46.675+0000] {dagbag.py:537} INFO - Filling up the DagBag from /home/airflow/.local/lib/python3.7/site-packages/airflow/example_dags/example_skip_dag.py
[2023-08-26T17:15:46.684+0000] {processor.py:766} INFO - DAG(s) dict_keys(['example_skip_dag']) retrieved from /home/airflow/.local/lib/python3.7/site-packages/airflow/example_dags/example_skip_dag.py
[2023-08-26T17:15:46.710+0000] {logging_mixin.py:120} INFO - [2023-08-26T17:15:46.710+0000] {dag.py:2585} INFO - Sync 1 DAGs
[2023-08-26T17:15:46.724+0000] {logging_mixin.py:120} INFO - [2023-08-26T17:15:46.724+0000] {dag.py:3340} INFO - Setting next_dagrun for example_skip_dag to 2023-08-25T17:15:46.724747+00:00, run_after=2023-08-26T17:15:46.724747+00:00
[2023-08-26T17:15:46.735+0000] {processor.py:176} INFO - Processing /home/airflow/.local/lib/python3.7/site-packages/airflow/example_dags/example_skip_dag.py took 0.064 seconds
[2023-08-26T17:16:17.630+0000] {processor.py:154} INFO - Started process (PID=1592) to work on /home/airflow/.local/lib/python3.7/site-packages/airflow/example_dags/example_skip_dag.py
[2023-08-26T17:16:17.631+0000] {processor.py:756} INFO - Processing file /home/airflow/.local/lib/python3.7/site-packages/airflow/example_dags/example_skip_dag.py for tasks to queue
[2023-08-26T17:16:17.632+0000] {logging_mixin.py:120} INFO - [2023-08-26T17:16:17.632+0000] {dagbag.py:537} INFO - Filling up the DagBag from /home/airflow/.local/lib/python3.7/site-packages/airflow/example_dags/example_skip_dag.py
[2023-08-26T17:16:17.642+0000] {processor.py:766} INFO - DAG(s) dict_keys(['example_skip_dag']) retrieved from /home/airflow/.local/lib/python3.7/site-packages/airflow/example_dags/example_skip_dag.py
[2023-08-26T17:16:17.671+0000] {logging_mixin.py:120} INFO - [2023-08-26T17:16:17.671+0000] {dag.py:2585} INFO - Sync 1 DAGs
[2023-08-26T17:16:17.688+0000] {logging_mixin.py:120} INFO - [2023-08-26T17:16:17.687+0000] {dag.py:3340} INFO - Setting next_dagrun for example_skip_dag to 2023-08-25T17:16:17.687757+00:00, run_after=2023-08-26T17:16:17.687757+00:00
[2023-08-26T17:16:17.700+0000] {processor.py:176} INFO - Processing /home/airflow/.local/lib/python3.7/site-packages/airflow/example_dags/example_skip_dag.py took 0.072 seconds
[2023-08-26T17:16:48.754+0000] {processor.py:154} INFO - Started process (PID=1655) to work on /home/airflow/.local/lib/python3.7/site-packages/airflow/example_dags/example_skip_dag.py
[2023-08-26T17:16:48.755+0000] {processor.py:756} INFO - Processing file /home/airflow/.local/lib/python3.7/site-packages/airflow/example_dags/example_skip_dag.py for tasks to queue
[2023-08-26T17:16:48.755+0000] {logging_mixin.py:120} INFO - [2023-08-26T17:16:48.755+0000] {dagbag.py:537} INFO - Filling up the DagBag from /home/airflow/.local/lib/python3.7/site-packages/airflow/example_dags/example_skip_dag.py
[2023-08-26T17:16:48.770+0000] {processor.py:766} INFO - DAG(s) dict_keys(['example_skip_dag']) retrieved from /home/airflow/.local/lib/python3.7/site-packages/airflow/example_dags/example_skip_dag.py
[2023-08-26T17:16:48.812+0000] {logging_mixin.py:120} INFO - [2023-08-26T17:16:48.812+0000] {dag.py:2585} INFO - Sync 1 DAGs
[2023-08-26T17:16:48.832+0000] {logging_mixin.py:120} INFO - [2023-08-26T17:16:48.832+0000] {dag.py:3340} INFO - Setting next_dagrun for example_skip_dag to 2023-08-25T17:16:48.831859+00:00, run_after=2023-08-26T17:16:48.831859+00:00
[2023-08-26T17:16:48.849+0000] {processor.py:176} INFO - Processing /home/airflow/.local/lib/python3.7/site-packages/airflow/example_dags/example_skip_dag.py took 0.098 seconds
[2023-08-26T17:17:18.894+0000] {processor.py:154} INFO - Started process (PID=1719) to work on /home/airflow/.local/lib/python3.7/site-packages/airflow/example_dags/example_skip_dag.py
[2023-08-26T17:17:18.894+0000] {processor.py:756} INFO - Processing file /home/airflow/.local/lib/python3.7/site-packages/airflow/example_dags/example_skip_dag.py for tasks to queue
[2023-08-26T17:17:18.895+0000] {logging_mixin.py:120} INFO - [2023-08-26T17:17:18.895+0000] {dagbag.py:537} INFO - Filling up the DagBag from /home/airflow/.local/lib/python3.7/site-packages/airflow/example_dags/example_skip_dag.py
[2023-08-26T17:17:18.904+0000] {processor.py:766} INFO - DAG(s) dict_keys(['example_skip_dag']) retrieved from /home/airflow/.local/lib/python3.7/site-packages/airflow/example_dags/example_skip_dag.py
[2023-08-26T17:17:18.929+0000] {logging_mixin.py:120} INFO - [2023-08-26T17:17:18.929+0000] {dag.py:2585} INFO - Sync 1 DAGs
[2023-08-26T17:17:18.944+0000] {logging_mixin.py:120} INFO - [2023-08-26T17:17:18.944+0000] {dag.py:3340} INFO - Setting next_dagrun for example_skip_dag to 2023-08-25T17:17:18.944167+00:00, run_after=2023-08-26T17:17:18.944167+00:00
[2023-08-26T17:17:18.953+0000] {processor.py:176} INFO - Processing /home/airflow/.local/lib/python3.7/site-packages/airflow/example_dags/example_skip_dag.py took 0.062 seconds
[2023-08-26T17:17:49.006+0000] {processor.py:154} INFO - Started process (PID=1781) to work on /home/airflow/.local/lib/python3.7/site-packages/airflow/example_dags/example_skip_dag.py
[2023-08-26T17:17:49.007+0000] {processor.py:756} INFO - Processing file /home/airflow/.local/lib/python3.7/site-packages/airflow/example_dags/example_skip_dag.py for tasks to queue
[2023-08-26T17:17:49.008+0000] {logging_mixin.py:120} INFO - [2023-08-26T17:17:49.008+0000] {dagbag.py:537} INFO - Filling up the DagBag from /home/airflow/.local/lib/python3.7/site-packages/airflow/example_dags/example_skip_dag.py
[2023-08-26T17:17:49.019+0000] {processor.py:766} INFO - DAG(s) dict_keys(['example_skip_dag']) retrieved from /home/airflow/.local/lib/python3.7/site-packages/airflow/example_dags/example_skip_dag.py
[2023-08-26T17:17:49.047+0000] {logging_mixin.py:120} INFO - [2023-08-26T17:17:49.047+0000] {dag.py:2585} INFO - Sync 1 DAGs
[2023-08-26T17:17:49.063+0000] {logging_mixin.py:120} INFO - [2023-08-26T17:17:49.063+0000] {dag.py:3340} INFO - Setting next_dagrun for example_skip_dag to 2023-08-25T17:17:49.063015+00:00, run_after=2023-08-26T17:17:49.063015+00:00
[2023-08-26T17:17:49.073+0000] {processor.py:176} INFO - Processing /home/airflow/.local/lib/python3.7/site-packages/airflow/example_dags/example_skip_dag.py took 0.069 seconds
[2023-08-26T17:18:20.092+0000] {processor.py:154} INFO - Started process (PID=1844) to work on /home/airflow/.local/lib/python3.7/site-packages/airflow/example_dags/example_skip_dag.py
[2023-08-26T17:18:20.093+0000] {processor.py:756} INFO - Processing file /home/airflow/.local/lib/python3.7/site-packages/airflow/example_dags/example_skip_dag.py for tasks to queue
[2023-08-26T17:18:20.093+0000] {logging_mixin.py:120} INFO - [2023-08-26T17:18:20.093+0000] {dagbag.py:537} INFO - Filling up the DagBag from /home/airflow/.local/lib/python3.7/site-packages/airflow/example_dags/example_skip_dag.py
[2023-08-26T17:18:20.103+0000] {processor.py:766} INFO - DAG(s) dict_keys(['example_skip_dag']) retrieved from /home/airflow/.local/lib/python3.7/site-packages/airflow/example_dags/example_skip_dag.py
[2023-08-26T17:18:20.129+0000] {logging_mixin.py:120} INFO - [2023-08-26T17:18:20.128+0000] {dag.py:2585} INFO - Sync 1 DAGs
[2023-08-26T17:18:20.142+0000] {logging_mixin.py:120} INFO - [2023-08-26T17:18:20.142+0000] {dag.py:3340} INFO - Setting next_dagrun for example_skip_dag to 2023-08-25T17:18:20.142204+00:00, run_after=2023-08-26T17:18:20.142204+00:00
[2023-08-26T17:18:20.153+0000] {processor.py:176} INFO - Processing /home/airflow/.local/lib/python3.7/site-packages/airflow/example_dags/example_skip_dag.py took 0.063 seconds
[2023-08-26T17:18:50.254+0000] {processor.py:154} INFO - Started process (PID=1897) to work on /home/airflow/.local/lib/python3.7/site-packages/airflow/example_dags/example_skip_dag.py
[2023-08-26T17:18:50.256+0000] {processor.py:756} INFO - Processing file /home/airflow/.local/lib/python3.7/site-packages/airflow/example_dags/example_skip_dag.py for tasks to queue
[2023-08-26T17:18:50.256+0000] {logging_mixin.py:120} INFO - [2023-08-26T17:18:50.256+0000] {dagbag.py:537} INFO - Filling up the DagBag from /home/airflow/.local/lib/python3.7/site-packages/airflow/example_dags/example_skip_dag.py
[2023-08-26T17:18:50.273+0000] {processor.py:766} INFO - DAG(s) dict_keys(['example_skip_dag']) retrieved from /home/airflow/.local/lib/python3.7/site-packages/airflow/example_dags/example_skip_dag.py
[2023-08-26T17:18:50.303+0000] {logging_mixin.py:120} INFO - [2023-08-26T17:18:50.303+0000] {dag.py:2585} INFO - Sync 1 DAGs
[2023-08-26T17:18:50.319+0000] {logging_mixin.py:120} INFO - [2023-08-26T17:18:50.319+0000] {dag.py:3340} INFO - Setting next_dagrun for example_skip_dag to 2023-08-25T17:18:50.319119+00:00, run_after=2023-08-26T17:18:50.319119+00:00
[2023-08-26T17:18:50.330+0000] {processor.py:176} INFO - Processing /home/airflow/.local/lib/python3.7/site-packages/airflow/example_dags/example_skip_dag.py took 0.080 seconds
[2023-08-26T17:19:20.656+0000] {processor.py:154} INFO - Started process (PID=1960) to work on /home/airflow/.local/lib/python3.7/site-packages/airflow/example_dags/example_skip_dag.py
[2023-08-26T17:19:20.657+0000] {processor.py:756} INFO - Processing file /home/airflow/.local/lib/python3.7/site-packages/airflow/example_dags/example_skip_dag.py for tasks to queue
[2023-08-26T17:19:20.657+0000] {logging_mixin.py:120} INFO - [2023-08-26T17:19:20.657+0000] {dagbag.py:537} INFO - Filling up the DagBag from /home/airflow/.local/lib/python3.7/site-packages/airflow/example_dags/example_skip_dag.py
[2023-08-26T17:19:20.670+0000] {processor.py:766} INFO - DAG(s) dict_keys(['example_skip_dag']) retrieved from /home/airflow/.local/lib/python3.7/site-packages/airflow/example_dags/example_skip_dag.py
[2023-08-26T17:19:20.704+0000] {logging_mixin.py:120} INFO - [2023-08-26T17:19:20.704+0000] {dag.py:2585} INFO - Sync 1 DAGs
[2023-08-26T17:19:20.717+0000] {logging_mixin.py:120} INFO - [2023-08-26T17:19:20.717+0000] {dag.py:3340} INFO - Setting next_dagrun for example_skip_dag to 2023-08-25T17:19:20.717093+00:00, run_after=2023-08-26T17:19:20.717093+00:00
[2023-08-26T17:19:20.728+0000] {processor.py:176} INFO - Processing /home/airflow/.local/lib/python3.7/site-packages/airflow/example_dags/example_skip_dag.py took 0.075 seconds
[2023-08-26T17:19:51.673+0000] {processor.py:154} INFO - Started process (PID=2023) to work on /home/airflow/.local/lib/python3.7/site-packages/airflow/example_dags/example_skip_dag.py
[2023-08-26T17:19:51.674+0000] {processor.py:756} INFO - Processing file /home/airflow/.local/lib/python3.7/site-packages/airflow/example_dags/example_skip_dag.py for tasks to queue
[2023-08-26T17:19:51.674+0000] {logging_mixin.py:120} INFO - [2023-08-26T17:19:51.674+0000] {dagbag.py:537} INFO - Filling up the DagBag from /home/airflow/.local/lib/python3.7/site-packages/airflow/example_dags/example_skip_dag.py
[2023-08-26T17:19:51.683+0000] {processor.py:766} INFO - DAG(s) dict_keys(['example_skip_dag']) retrieved from /home/airflow/.local/lib/python3.7/site-packages/airflow/example_dags/example_skip_dag.py
[2023-08-26T17:19:51.710+0000] {logging_mixin.py:120} INFO - [2023-08-26T17:19:51.710+0000] {dag.py:2585} INFO - Sync 1 DAGs
[2023-08-26T17:19:51.727+0000] {logging_mixin.py:120} INFO - [2023-08-26T17:19:51.727+0000] {dag.py:3340} INFO - Setting next_dagrun for example_skip_dag to 2023-08-25T17:19:51.727265+00:00, run_after=2023-08-26T17:19:51.727265+00:00
[2023-08-26T17:19:51.739+0000] {processor.py:176} INFO - Processing /home/airflow/.local/lib/python3.7/site-packages/airflow/example_dags/example_skip_dag.py took 0.068 seconds
[2023-08-26T17:20:21.797+0000] {processor.py:154} INFO - Started process (PID=2086) to work on /home/airflow/.local/lib/python3.7/site-packages/airflow/example_dags/example_skip_dag.py
[2023-08-26T17:20:21.797+0000] {processor.py:756} INFO - Processing file /home/airflow/.local/lib/python3.7/site-packages/airflow/example_dags/example_skip_dag.py for tasks to queue
[2023-08-26T17:20:21.798+0000] {logging_mixin.py:120} INFO - [2023-08-26T17:20:21.798+0000] {dagbag.py:537} INFO - Filling up the DagBag from /home/airflow/.local/lib/python3.7/site-packages/airflow/example_dags/example_skip_dag.py
[2023-08-26T17:20:21.808+0000] {processor.py:766} INFO - DAG(s) dict_keys(['example_skip_dag']) retrieved from /home/airflow/.local/lib/python3.7/site-packages/airflow/example_dags/example_skip_dag.py
[2023-08-26T17:20:21.834+0000] {logging_mixin.py:120} INFO - [2023-08-26T17:20:21.834+0000] {dag.py:2585} INFO - Sync 1 DAGs
[2023-08-26T17:20:21.848+0000] {logging_mixin.py:120} INFO - [2023-08-26T17:20:21.848+0000] {dag.py:3340} INFO - Setting next_dagrun for example_skip_dag to 2023-08-25T17:20:21.848015+00:00, run_after=2023-08-26T17:20:21.848015+00:00
[2023-08-26T17:20:21.859+0000] {processor.py:176} INFO - Processing /home/airflow/.local/lib/python3.7/site-packages/airflow/example_dags/example_skip_dag.py took 0.064 seconds
[2023-08-26T17:20:52.177+0000] {processor.py:154} INFO - Started process (PID=2149) to work on /home/airflow/.local/lib/python3.7/site-packages/airflow/example_dags/example_skip_dag.py
[2023-08-26T17:20:52.178+0000] {processor.py:756} INFO - Processing file /home/airflow/.local/lib/python3.7/site-packages/airflow/example_dags/example_skip_dag.py for tasks to queue
[2023-08-26T17:20:52.179+0000] {logging_mixin.py:120} INFO - [2023-08-26T17:20:52.179+0000] {dagbag.py:537} INFO - Filling up the DagBag from /home/airflow/.local/lib/python3.7/site-packages/airflow/example_dags/example_skip_dag.py
[2023-08-26T17:20:52.189+0000] {processor.py:766} INFO - DAG(s) dict_keys(['example_skip_dag']) retrieved from /home/airflow/.local/lib/python3.7/site-packages/airflow/example_dags/example_skip_dag.py
[2023-08-26T17:20:52.216+0000] {logging_mixin.py:120} INFO - [2023-08-26T17:20:52.216+0000] {dag.py:2585} INFO - Sync 1 DAGs
[2023-08-26T17:20:52.233+0000] {logging_mixin.py:120} INFO - [2023-08-26T17:20:52.233+0000] {dag.py:3340} INFO - Setting next_dagrun for example_skip_dag to 2023-08-25T17:20:52.233165+00:00, run_after=2023-08-26T17:20:52.233165+00:00
[2023-08-26T17:20:52.245+0000] {processor.py:176} INFO - Processing /home/airflow/.local/lib/python3.7/site-packages/airflow/example_dags/example_skip_dag.py took 0.071 seconds
[2023-08-26T17:21:22.308+0000] {processor.py:154} INFO - Started process (PID=2212) to work on /home/airflow/.local/lib/python3.7/site-packages/airflow/example_dags/example_skip_dag.py
[2023-08-26T17:21:22.309+0000] {processor.py:756} INFO - Processing file /home/airflow/.local/lib/python3.7/site-packages/airflow/example_dags/example_skip_dag.py for tasks to queue
[2023-08-26T17:21:22.309+0000] {logging_mixin.py:120} INFO - [2023-08-26T17:21:22.309+0000] {dagbag.py:537} INFO - Filling up the DagBag from /home/airflow/.local/lib/python3.7/site-packages/airflow/example_dags/example_skip_dag.py
[2023-08-26T17:21:22.319+0000] {processor.py:766} INFO - DAG(s) dict_keys(['example_skip_dag']) retrieved from /home/airflow/.local/lib/python3.7/site-packages/airflow/example_dags/example_skip_dag.py
[2023-08-26T17:21:22.352+0000] {logging_mixin.py:120} INFO - [2023-08-26T17:21:22.352+0000] {dag.py:2585} INFO - Sync 1 DAGs
[2023-08-26T17:21:22.370+0000] {logging_mixin.py:120} INFO - [2023-08-26T17:21:22.370+0000] {dag.py:3340} INFO - Setting next_dagrun for example_skip_dag to 2023-08-25T17:21:22.370063+00:00, run_after=2023-08-26T17:21:22.370063+00:00
[2023-08-26T17:21:22.387+0000] {processor.py:176} INFO - Processing /home/airflow/.local/lib/python3.7/site-packages/airflow/example_dags/example_skip_dag.py took 0.082 seconds
[2023-08-26T17:21:52.855+0000] {processor.py:154} INFO - Started process (PID=2266) to work on /home/airflow/.local/lib/python3.7/site-packages/airflow/example_dags/example_skip_dag.py
[2023-08-26T17:21:52.855+0000] {processor.py:756} INFO - Processing file /home/airflow/.local/lib/python3.7/site-packages/airflow/example_dags/example_skip_dag.py for tasks to queue
[2023-08-26T17:21:52.856+0000] {logging_mixin.py:120} INFO - [2023-08-26T17:21:52.856+0000] {dagbag.py:537} INFO - Filling up the DagBag from /home/airflow/.local/lib/python3.7/site-packages/airflow/example_dags/example_skip_dag.py
[2023-08-26T17:21:52.865+0000] {processor.py:766} INFO - DAG(s) dict_keys(['example_skip_dag']) retrieved from /home/airflow/.local/lib/python3.7/site-packages/airflow/example_dags/example_skip_dag.py
[2023-08-26T17:21:52.890+0000] {logging_mixin.py:120} INFO - [2023-08-26T17:21:52.890+0000] {dag.py:2585} INFO - Sync 1 DAGs
[2023-08-26T17:21:52.903+0000] {logging_mixin.py:120} INFO - [2023-08-26T17:21:52.903+0000] {dag.py:3340} INFO - Setting next_dagrun for example_skip_dag to 2023-08-25T17:21:52.902849+00:00, run_after=2023-08-26T17:21:52.902849+00:00
[2023-08-26T17:21:52.912+0000] {processor.py:176} INFO - Processing /home/airflow/.local/lib/python3.7/site-packages/airflow/example_dags/example_skip_dag.py took 0.060 seconds
[2023-08-26T17:22:23.010+0000] {processor.py:154} INFO - Started process (PID=2329) to work on /home/airflow/.local/lib/python3.7/site-packages/airflow/example_dags/example_skip_dag.py
[2023-08-26T17:22:23.011+0000] {processor.py:756} INFO - Processing file /home/airflow/.local/lib/python3.7/site-packages/airflow/example_dags/example_skip_dag.py for tasks to queue
[2023-08-26T17:22:23.011+0000] {logging_mixin.py:120} INFO - [2023-08-26T17:22:23.011+0000] {dagbag.py:537} INFO - Filling up the DagBag from /home/airflow/.local/lib/python3.7/site-packages/airflow/example_dags/example_skip_dag.py
[2023-08-26T17:22:23.021+0000] {processor.py:766} INFO - DAG(s) dict_keys(['example_skip_dag']) retrieved from /home/airflow/.local/lib/python3.7/site-packages/airflow/example_dags/example_skip_dag.py
[2023-08-26T17:22:23.063+0000] {logging_mixin.py:120} INFO - [2023-08-26T17:22:23.063+0000] {dag.py:2585} INFO - Sync 1 DAGs
[2023-08-26T17:22:23.084+0000] {logging_mixin.py:120} INFO - [2023-08-26T17:22:23.084+0000] {dag.py:3340} INFO - Setting next_dagrun for example_skip_dag to 2023-08-25T17:22:23.084449+00:00, run_after=2023-08-26T17:22:23.084449+00:00
[2023-08-26T17:22:23.099+0000] {processor.py:176} INFO - Processing /home/airflow/.local/lib/python3.7/site-packages/airflow/example_dags/example_skip_dag.py took 0.091 seconds
[2023-08-26T17:22:53.185+0000] {processor.py:154} INFO - Started process (PID=2390) to work on /home/airflow/.local/lib/python3.7/site-packages/airflow/example_dags/example_skip_dag.py
[2023-08-26T17:22:53.190+0000] {processor.py:756} INFO - Processing file /home/airflow/.local/lib/python3.7/site-packages/airflow/example_dags/example_skip_dag.py for tasks to queue
[2023-08-26T17:22:53.190+0000] {logging_mixin.py:120} INFO - [2023-08-26T17:22:53.190+0000] {dagbag.py:537} INFO - Filling up the DagBag from /home/airflow/.local/lib/python3.7/site-packages/airflow/example_dags/example_skip_dag.py
[2023-08-26T17:22:53.199+0000] {processor.py:766} INFO - DAG(s) dict_keys(['example_skip_dag']) retrieved from /home/airflow/.local/lib/python3.7/site-packages/airflow/example_dags/example_skip_dag.py
[2023-08-26T17:22:53.225+0000] {logging_mixin.py:120} INFO - [2023-08-26T17:22:53.225+0000] {dag.py:2585} INFO - Sync 1 DAGs
[2023-08-26T17:22:53.242+0000] {logging_mixin.py:120} INFO - [2023-08-26T17:22:53.242+0000] {dag.py:3340} INFO - Setting next_dagrun for example_skip_dag to 2023-08-25T17:22:53.241786+00:00, run_after=2023-08-26T17:22:53.241786+00:00
[2023-08-26T17:22:53.258+0000] {processor.py:176} INFO - Processing /home/airflow/.local/lib/python3.7/site-packages/airflow/example_dags/example_skip_dag.py took 0.076 seconds
[2023-08-26T17:23:23.493+0000] {processor.py:154} INFO - Started process (PID=2453) to work on /home/airflow/.local/lib/python3.7/site-packages/airflow/example_dags/example_skip_dag.py
[2023-08-26T17:23:23.494+0000] {processor.py:756} INFO - Processing file /home/airflow/.local/lib/python3.7/site-packages/airflow/example_dags/example_skip_dag.py for tasks to queue
[2023-08-26T17:23:23.495+0000] {logging_mixin.py:120} INFO - [2023-08-26T17:23:23.495+0000] {dagbag.py:537} INFO - Filling up the DagBag from /home/airflow/.local/lib/python3.7/site-packages/airflow/example_dags/example_skip_dag.py
[2023-08-26T17:23:23.504+0000] {processor.py:766} INFO - DAG(s) dict_keys(['example_skip_dag']) retrieved from /home/airflow/.local/lib/python3.7/site-packages/airflow/example_dags/example_skip_dag.py
[2023-08-26T17:23:23.530+0000] {logging_mixin.py:120} INFO - [2023-08-26T17:23:23.530+0000] {dag.py:2585} INFO - Sync 1 DAGs
[2023-08-26T17:23:23.544+0000] {logging_mixin.py:120} INFO - [2023-08-26T17:23:23.544+0000] {dag.py:3340} INFO - Setting next_dagrun for example_skip_dag to 2023-08-25T17:23:23.544114+00:00, run_after=2023-08-26T17:23:23.544114+00:00
[2023-08-26T17:23:23.554+0000] {processor.py:176} INFO - Processing /home/airflow/.local/lib/python3.7/site-packages/airflow/example_dags/example_skip_dag.py took 0.063 seconds
[2023-08-26T17:23:53.802+0000] {processor.py:154} INFO - Started process (PID=2515) to work on /home/airflow/.local/lib/python3.7/site-packages/airflow/example_dags/example_skip_dag.py
[2023-08-26T17:23:53.802+0000] {processor.py:756} INFO - Processing file /home/airflow/.local/lib/python3.7/site-packages/airflow/example_dags/example_skip_dag.py for tasks to queue
[2023-08-26T17:23:53.803+0000] {logging_mixin.py:120} INFO - [2023-08-26T17:23:53.803+0000] {dagbag.py:537} INFO - Filling up the DagBag from /home/airflow/.local/lib/python3.7/site-packages/airflow/example_dags/example_skip_dag.py
[2023-08-26T17:23:53.813+0000] {processor.py:766} INFO - DAG(s) dict_keys(['example_skip_dag']) retrieved from /home/airflow/.local/lib/python3.7/site-packages/airflow/example_dags/example_skip_dag.py
[2023-08-26T17:23:53.838+0000] {logging_mixin.py:120} INFO - [2023-08-26T17:23:53.838+0000] {dag.py:2585} INFO - Sync 1 DAGs
[2023-08-26T17:23:53.851+0000] {logging_mixin.py:120} INFO - [2023-08-26T17:23:53.851+0000] {dag.py:3340} INFO - Setting next_dagrun for example_skip_dag to 2023-08-25T17:23:53.851704+00:00, run_after=2023-08-26T17:23:53.851704+00:00
[2023-08-26T17:23:53.861+0000] {processor.py:176} INFO - Processing /home/airflow/.local/lib/python3.7/site-packages/airflow/example_dags/example_skip_dag.py took 0.062 seconds
[2023-08-26T17:24:23.976+0000] {processor.py:154} INFO - Started process (PID=2570) to work on /home/airflow/.local/lib/python3.7/site-packages/airflow/example_dags/example_skip_dag.py
[2023-08-26T17:24:23.976+0000] {processor.py:756} INFO - Processing file /home/airflow/.local/lib/python3.7/site-packages/airflow/example_dags/example_skip_dag.py for tasks to queue
[2023-08-26T17:24:23.977+0000] {logging_mixin.py:120} INFO - [2023-08-26T17:24:23.977+0000] {dagbag.py:537} INFO - Filling up the DagBag from /home/airflow/.local/lib/python3.7/site-packages/airflow/example_dags/example_skip_dag.py
[2023-08-26T17:24:23.986+0000] {processor.py:766} INFO - DAG(s) dict_keys(['example_skip_dag']) retrieved from /home/airflow/.local/lib/python3.7/site-packages/airflow/example_dags/example_skip_dag.py
[2023-08-26T17:24:24.011+0000] {logging_mixin.py:120} INFO - [2023-08-26T17:24:24.011+0000] {dag.py:2585} INFO - Sync 1 DAGs
[2023-08-26T17:24:24.025+0000] {logging_mixin.py:120} INFO - [2023-08-26T17:24:24.025+0000] {dag.py:3340} INFO - Setting next_dagrun for example_skip_dag to 2023-08-25T17:24:24.025611+00:00, run_after=2023-08-26T17:24:24.025611+00:00
[2023-08-26T17:24:24.039+0000] {processor.py:176} INFO - Processing /home/airflow/.local/lib/python3.7/site-packages/airflow/example_dags/example_skip_dag.py took 0.065 seconds
[2023-08-26T17:24:54.249+0000] {processor.py:154} INFO - Started process (PID=2634) to work on /home/airflow/.local/lib/python3.7/site-packages/airflow/example_dags/example_skip_dag.py
[2023-08-26T17:24:54.250+0000] {processor.py:756} INFO - Processing file /home/airflow/.local/lib/python3.7/site-packages/airflow/example_dags/example_skip_dag.py for tasks to queue
[2023-08-26T17:24:54.251+0000] {logging_mixin.py:120} INFO - [2023-08-26T17:24:54.251+0000] {dagbag.py:537} INFO - Filling up the DagBag from /home/airflow/.local/lib/python3.7/site-packages/airflow/example_dags/example_skip_dag.py
[2023-08-26T17:24:54.260+0000] {processor.py:766} INFO - DAG(s) dict_keys(['example_skip_dag']) retrieved from /home/airflow/.local/lib/python3.7/site-packages/airflow/example_dags/example_skip_dag.py
[2023-08-26T17:24:54.285+0000] {logging_mixin.py:120} INFO - [2023-08-26T17:24:54.284+0000] {dag.py:2585} INFO - Sync 1 DAGs
[2023-08-26T17:24:54.299+0000] {logging_mixin.py:120} INFO - [2023-08-26T17:24:54.299+0000] {dag.py:3340} INFO - Setting next_dagrun for example_skip_dag to 2023-08-25T17:24:54.299308+00:00, run_after=2023-08-26T17:24:54.299308+00:00
[2023-08-26T17:24:54.309+0000] {processor.py:176} INFO - Processing /home/airflow/.local/lib/python3.7/site-packages/airflow/example_dags/example_skip_dag.py took 0.061 seconds
[2023-08-26T17:25:24.676+0000] {processor.py:154} INFO - Started process (PID=2698) to work on /home/airflow/.local/lib/python3.7/site-packages/airflow/example_dags/example_skip_dag.py
[2023-08-26T17:25:24.676+0000] {processor.py:756} INFO - Processing file /home/airflow/.local/lib/python3.7/site-packages/airflow/example_dags/example_skip_dag.py for tasks to queue
[2023-08-26T17:25:24.677+0000] {logging_mixin.py:120} INFO - [2023-08-26T17:25:24.677+0000] {dagbag.py:537} INFO - Filling up the DagBag from /home/airflow/.local/lib/python3.7/site-packages/airflow/example_dags/example_skip_dag.py
[2023-08-26T17:25:24.686+0000] {processor.py:766} INFO - DAG(s) dict_keys(['example_skip_dag']) retrieved from /home/airflow/.local/lib/python3.7/site-packages/airflow/example_dags/example_skip_dag.py
[2023-08-26T17:25:24.713+0000] {logging_mixin.py:120} INFO - [2023-08-26T17:25:24.713+0000] {dag.py:2585} INFO - Sync 1 DAGs
[2023-08-26T17:25:24.727+0000] {logging_mixin.py:120} INFO - [2023-08-26T17:25:24.727+0000] {dag.py:3340} INFO - Setting next_dagrun for example_skip_dag to 2023-08-25T17:25:24.727119+00:00, run_after=2023-08-26T17:25:24.727119+00:00
[2023-08-26T17:25:24.736+0000] {processor.py:176} INFO - Processing /home/airflow/.local/lib/python3.7/site-packages/airflow/example_dags/example_skip_dag.py took 0.063 seconds
[2023-08-26T17:25:54.773+0000] {processor.py:154} INFO - Started process (PID=2760) to work on /home/airflow/.local/lib/python3.7/site-packages/airflow/example_dags/example_skip_dag.py
[2023-08-26T17:25:54.774+0000] {processor.py:756} INFO - Processing file /home/airflow/.local/lib/python3.7/site-packages/airflow/example_dags/example_skip_dag.py for tasks to queue
[2023-08-26T17:25:54.774+0000] {logging_mixin.py:120} INFO - [2023-08-26T17:25:54.774+0000] {dagbag.py:537} INFO - Filling up the DagBag from /home/airflow/.local/lib/python3.7/site-packages/airflow/example_dags/example_skip_dag.py
[2023-08-26T17:25:54.783+0000] {processor.py:766} INFO - DAG(s) dict_keys(['example_skip_dag']) retrieved from /home/airflow/.local/lib/python3.7/site-packages/airflow/example_dags/example_skip_dag.py
[2023-08-26T17:25:54.807+0000] {logging_mixin.py:120} INFO - [2023-08-26T17:25:54.807+0000] {dag.py:2585} INFO - Sync 1 DAGs
[2023-08-26T17:25:54.819+0000] {logging_mixin.py:120} INFO - [2023-08-26T17:25:54.819+0000] {dag.py:3340} INFO - Setting next_dagrun for example_skip_dag to 2023-08-25T17:25:54.819661+00:00, run_after=2023-08-26T17:25:54.819661+00:00
[2023-08-26T17:25:54.828+0000] {processor.py:176} INFO - Processing /home/airflow/.local/lib/python3.7/site-packages/airflow/example_dags/example_skip_dag.py took 0.057 seconds
[2023-08-26T17:26:24.958+0000] {processor.py:154} INFO - Started process (PID=2823) to work on /home/airflow/.local/lib/python3.7/site-packages/airflow/example_dags/example_skip_dag.py
[2023-08-26T17:26:24.959+0000] {processor.py:756} INFO - Processing file /home/airflow/.local/lib/python3.7/site-packages/airflow/example_dags/example_skip_dag.py for tasks to queue
[2023-08-26T17:26:24.959+0000] {logging_mixin.py:120} INFO - [2023-08-26T17:26:24.959+0000] {dagbag.py:537} INFO - Filling up the DagBag from /home/airflow/.local/lib/python3.7/site-packages/airflow/example_dags/example_skip_dag.py
[2023-08-26T17:26:24.969+0000] {processor.py:766} INFO - DAG(s) dict_keys(['example_skip_dag']) retrieved from /home/airflow/.local/lib/python3.7/site-packages/airflow/example_dags/example_skip_dag.py
[2023-08-26T17:26:24.994+0000] {logging_mixin.py:120} INFO - [2023-08-26T17:26:24.994+0000] {dag.py:2585} INFO - Sync 1 DAGs
[2023-08-26T17:26:25.008+0000] {logging_mixin.py:120} INFO - [2023-08-26T17:26:25.008+0000] {dag.py:3340} INFO - Setting next_dagrun for example_skip_dag to 2023-08-25T17:26:25.008339+00:00, run_after=2023-08-26T17:26:25.008339+00:00
[2023-08-26T17:26:25.019+0000] {processor.py:176} INFO - Processing /home/airflow/.local/lib/python3.7/site-packages/airflow/example_dags/example_skip_dag.py took 0.063 seconds
[2023-08-26T17:26:55.915+0000] {processor.py:154} INFO - Started process (PID=2877) to work on /home/airflow/.local/lib/python3.7/site-packages/airflow/example_dags/example_skip_dag.py
[2023-08-26T17:26:55.915+0000] {processor.py:756} INFO - Processing file /home/airflow/.local/lib/python3.7/site-packages/airflow/example_dags/example_skip_dag.py for tasks to queue
[2023-08-26T17:26:55.916+0000] {logging_mixin.py:120} INFO - [2023-08-26T17:26:55.916+0000] {dagbag.py:537} INFO - Filling up the DagBag from /home/airflow/.local/lib/python3.7/site-packages/airflow/example_dags/example_skip_dag.py
[2023-08-26T17:26:55.926+0000] {processor.py:766} INFO - DAG(s) dict_keys(['example_skip_dag']) retrieved from /home/airflow/.local/lib/python3.7/site-packages/airflow/example_dags/example_skip_dag.py
[2023-08-26T17:26:55.952+0000] {logging_mixin.py:120} INFO - [2023-08-26T17:26:55.952+0000] {dag.py:2585} INFO - Sync 1 DAGs
[2023-08-26T17:26:55.967+0000] {logging_mixin.py:120} INFO - [2023-08-26T17:26:55.967+0000] {dag.py:3340} INFO - Setting next_dagrun for example_skip_dag to 2023-08-25T17:26:55.967301+00:00, run_after=2023-08-26T17:26:55.967301+00:00
[2023-08-26T17:26:55.979+0000] {processor.py:176} INFO - Processing /home/airflow/.local/lib/python3.7/site-packages/airflow/example_dags/example_skip_dag.py took 0.067 seconds
[2023-08-26T17:27:26.951+0000] {processor.py:154} INFO - Started process (PID=2938) to work on /home/airflow/.local/lib/python3.7/site-packages/airflow/example_dags/example_skip_dag.py
[2023-08-26T17:27:26.952+0000] {processor.py:756} INFO - Processing file /home/airflow/.local/lib/python3.7/site-packages/airflow/example_dags/example_skip_dag.py for tasks to queue
[2023-08-26T17:27:26.952+0000] {logging_mixin.py:120} INFO - [2023-08-26T17:27:26.952+0000] {dagbag.py:537} INFO - Filling up the DagBag from /home/airflow/.local/lib/python3.7/site-packages/airflow/example_dags/example_skip_dag.py
[2023-08-26T17:27:26.962+0000] {processor.py:766} INFO - DAG(s) dict_keys(['example_skip_dag']) retrieved from /home/airflow/.local/lib/python3.7/site-packages/airflow/example_dags/example_skip_dag.py
[2023-08-26T17:27:26.987+0000] {logging_mixin.py:120} INFO - [2023-08-26T17:27:26.987+0000] {dag.py:2585} INFO - Sync 1 DAGs
[2023-08-26T17:27:27.001+0000] {logging_mixin.py:120} INFO - [2023-08-26T17:27:27.001+0000] {dag.py:3340} INFO - Setting next_dagrun for example_skip_dag to 2023-08-25T17:27:27.001387+00:00, run_after=2023-08-26T17:27:27.001387+00:00
[2023-08-26T17:27:27.011+0000] {processor.py:176} INFO - Processing /home/airflow/.local/lib/python3.7/site-packages/airflow/example_dags/example_skip_dag.py took 0.062 seconds
[2023-08-26T17:27:57.074+0000] {processor.py:154} INFO - Started process (PID=3000) to work on /home/airflow/.local/lib/python3.7/site-packages/airflow/example_dags/example_skip_dag.py
[2023-08-26T17:27:57.075+0000] {processor.py:756} INFO - Processing file /home/airflow/.local/lib/python3.7/site-packages/airflow/example_dags/example_skip_dag.py for tasks to queue
[2023-08-26T17:27:57.075+0000] {logging_mixin.py:120} INFO - [2023-08-26T17:27:57.075+0000] {dagbag.py:537} INFO - Filling up the DagBag from /home/airflow/.local/lib/python3.7/site-packages/airflow/example_dags/example_skip_dag.py
[2023-08-26T17:27:57.085+0000] {processor.py:766} INFO - DAG(s) dict_keys(['example_skip_dag']) retrieved from /home/airflow/.local/lib/python3.7/site-packages/airflow/example_dags/example_skip_dag.py
[2023-08-26T17:27:57.111+0000] {logging_mixin.py:120} INFO - [2023-08-26T17:27:57.111+0000] {dag.py:2585} INFO - Sync 1 DAGs
[2023-08-26T17:27:57.126+0000] {logging_mixin.py:120} INFO - [2023-08-26T17:27:57.126+0000] {dag.py:3340} INFO - Setting next_dagrun for example_skip_dag to 2023-08-25T17:27:57.126235+00:00, run_after=2023-08-26T17:27:57.126235+00:00
[2023-08-26T17:27:57.138+0000] {processor.py:176} INFO - Processing /home/airflow/.local/lib/python3.7/site-packages/airflow/example_dags/example_skip_dag.py took 0.067 seconds
[2023-08-26T17:28:27.192+0000] {processor.py:154} INFO - Started process (PID=3063) to work on /home/airflow/.local/lib/python3.7/site-packages/airflow/example_dags/example_skip_dag.py
[2023-08-26T17:28:27.192+0000] {processor.py:756} INFO - Processing file /home/airflow/.local/lib/python3.7/site-packages/airflow/example_dags/example_skip_dag.py for tasks to queue
[2023-08-26T17:28:27.193+0000] {logging_mixin.py:120} INFO - [2023-08-26T17:28:27.193+0000] {dagbag.py:537} INFO - Filling up the DagBag from /home/airflow/.local/lib/python3.7/site-packages/airflow/example_dags/example_skip_dag.py
[2023-08-26T17:28:27.202+0000] {processor.py:766} INFO - DAG(s) dict_keys(['example_skip_dag']) retrieved from /home/airflow/.local/lib/python3.7/site-packages/airflow/example_dags/example_skip_dag.py
[2023-08-26T17:28:27.227+0000] {logging_mixin.py:120} INFO - [2023-08-26T17:28:27.227+0000] {dag.py:2585} INFO - Sync 1 DAGs
[2023-08-26T17:28:27.240+0000] {logging_mixin.py:120} INFO - [2023-08-26T17:28:27.240+0000] {dag.py:3340} INFO - Setting next_dagrun for example_skip_dag to 2023-08-25T17:28:27.240715+00:00, run_after=2023-08-26T17:28:27.240715+00:00
[2023-08-26T17:28:27.252+0000] {processor.py:176} INFO - Processing /home/airflow/.local/lib/python3.7/site-packages/airflow/example_dags/example_skip_dag.py took 0.062 seconds
[2023-08-26T17:28:58.361+0000] {processor.py:154} INFO - Started process (PID=3125) to work on /home/airflow/.local/lib/python3.7/site-packages/airflow/example_dags/example_skip_dag.py
[2023-08-26T17:28:58.362+0000] {processor.py:756} INFO - Processing file /home/airflow/.local/lib/python3.7/site-packages/airflow/example_dags/example_skip_dag.py for tasks to queue
[2023-08-26T17:28:58.362+0000] {logging_mixin.py:120} INFO - [2023-08-26T17:28:58.362+0000] {dagbag.py:537} INFO - Filling up the DagBag from /home/airflow/.local/lib/python3.7/site-packages/airflow/example_dags/example_skip_dag.py
[2023-08-26T17:28:58.372+0000] {processor.py:766} INFO - DAG(s) dict_keys(['example_skip_dag']) retrieved from /home/airflow/.local/lib/python3.7/site-packages/airflow/example_dags/example_skip_dag.py
[2023-08-26T17:28:58.398+0000] {logging_mixin.py:120} INFO - [2023-08-26T17:28:58.398+0000] {dag.py:2585} INFO - Sync 1 DAGs
[2023-08-26T17:28:58.413+0000] {logging_mixin.py:120} INFO - [2023-08-26T17:28:58.412+0000] {dag.py:3340} INFO - Setting next_dagrun for example_skip_dag to 2023-08-25T17:28:58.412755+00:00, run_after=2023-08-26T17:28:58.412755+00:00
[2023-08-26T17:28:58.424+0000] {processor.py:176} INFO - Processing /home/airflow/.local/lib/python3.7/site-packages/airflow/example_dags/example_skip_dag.py took 0.066 seconds
[2023-08-26T17:29:28.645+0000] {processor.py:154} INFO - Started process (PID=3188) to work on /home/airflow/.local/lib/python3.7/site-packages/airflow/example_dags/example_skip_dag.py
[2023-08-26T17:29:28.646+0000] {processor.py:756} INFO - Processing file /home/airflow/.local/lib/python3.7/site-packages/airflow/example_dags/example_skip_dag.py for tasks to queue
[2023-08-26T17:29:28.647+0000] {logging_mixin.py:120} INFO - [2023-08-26T17:29:28.647+0000] {dagbag.py:537} INFO - Filling up the DagBag from /home/airflow/.local/lib/python3.7/site-packages/airflow/example_dags/example_skip_dag.py
[2023-08-26T17:29:28.658+0000] {processor.py:766} INFO - DAG(s) dict_keys(['example_skip_dag']) retrieved from /home/airflow/.local/lib/python3.7/site-packages/airflow/example_dags/example_skip_dag.py
[2023-08-26T17:29:28.691+0000] {logging_mixin.py:120} INFO - [2023-08-26T17:29:28.691+0000] {dag.py:2585} INFO - Sync 1 DAGs
[2023-08-26T17:29:28.708+0000] {logging_mixin.py:120} INFO - [2023-08-26T17:29:28.708+0000] {dag.py:3340} INFO - Setting next_dagrun for example_skip_dag to 2023-08-25T17:29:28.708565+00:00, run_after=2023-08-26T17:29:28.708565+00:00
[2023-08-26T17:29:28.722+0000] {processor.py:176} INFO - Processing /home/airflow/.local/lib/python3.7/site-packages/airflow/example_dags/example_skip_dag.py took 0.080 seconds
[2023-08-26T17:29:58.934+0000] {processor.py:154} INFO - Started process (PID=3250) to work on /home/airflow/.local/lib/python3.7/site-packages/airflow/example_dags/example_skip_dag.py
[2023-08-26T17:29:58.935+0000] {processor.py:756} INFO - Processing file /home/airflow/.local/lib/python3.7/site-packages/airflow/example_dags/example_skip_dag.py for tasks to queue
[2023-08-26T17:29:58.935+0000] {logging_mixin.py:120} INFO - [2023-08-26T17:29:58.935+0000] {dagbag.py:537} INFO - Filling up the DagBag from /home/airflow/.local/lib/python3.7/site-packages/airflow/example_dags/example_skip_dag.py
[2023-08-26T17:29:58.945+0000] {processor.py:766} INFO - DAG(s) dict_keys(['example_skip_dag']) retrieved from /home/airflow/.local/lib/python3.7/site-packages/airflow/example_dags/example_skip_dag.py
[2023-08-26T17:29:58.974+0000] {logging_mixin.py:120} INFO - [2023-08-26T17:29:58.974+0000] {dag.py:2585} INFO - Sync 1 DAGs
[2023-08-26T17:29:58.991+0000] {logging_mixin.py:120} INFO - [2023-08-26T17:29:58.990+0000] {dag.py:3340} INFO - Setting next_dagrun for example_skip_dag to 2023-08-25T17:29:58.990776+00:00, run_after=2023-08-26T17:29:58.990776+00:00
[2023-08-26T17:29:59.002+0000] {processor.py:176} INFO - Processing /home/airflow/.local/lib/python3.7/site-packages/airflow/example_dags/example_skip_dag.py took 0.072 seconds
[2023-08-26T17:30:29.083+0000] {processor.py:154} INFO - Started process (PID=3305) to work on /home/airflow/.local/lib/python3.7/site-packages/airflow/example_dags/example_skip_dag.py
[2023-08-26T17:30:29.084+0000] {processor.py:756} INFO - Processing file /home/airflow/.local/lib/python3.7/site-packages/airflow/example_dags/example_skip_dag.py for tasks to queue
[2023-08-26T17:30:29.084+0000] {logging_mixin.py:120} INFO - [2023-08-26T17:30:29.084+0000] {dagbag.py:537} INFO - Filling up the DagBag from /home/airflow/.local/lib/python3.7/site-packages/airflow/example_dags/example_skip_dag.py
[2023-08-26T17:30:29.095+0000] {processor.py:766} INFO - DAG(s) dict_keys(['example_skip_dag']) retrieved from /home/airflow/.local/lib/python3.7/site-packages/airflow/example_dags/example_skip_dag.py
[2023-08-26T17:30:29.127+0000] {logging_mixin.py:120} INFO - [2023-08-26T17:30:29.127+0000] {dag.py:2585} INFO - Sync 1 DAGs
[2023-08-26T17:30:29.143+0000] {logging_mixin.py:120} INFO - [2023-08-26T17:30:29.143+0000] {dag.py:3340} INFO - Setting next_dagrun for example_skip_dag to 2023-08-25T17:30:29.143375+00:00, run_after=2023-08-26T17:30:29.143375+00:00
[2023-08-26T17:30:29.153+0000] {processor.py:176} INFO - Processing /home/airflow/.local/lib/python3.7/site-packages/airflow/example_dags/example_skip_dag.py took 0.073 seconds
[2023-08-26T17:30:59.275+0000] {processor.py:154} INFO - Started process (PID=3368) to work on /home/airflow/.local/lib/python3.7/site-packages/airflow/example_dags/example_skip_dag.py
[2023-08-26T17:30:59.276+0000] {processor.py:756} INFO - Processing file /home/airflow/.local/lib/python3.7/site-packages/airflow/example_dags/example_skip_dag.py for tasks to queue
[2023-08-26T17:30:59.276+0000] {logging_mixin.py:120} INFO - [2023-08-26T17:30:59.276+0000] {dagbag.py:537} INFO - Filling up the DagBag from /home/airflow/.local/lib/python3.7/site-packages/airflow/example_dags/example_skip_dag.py
[2023-08-26T17:30:59.287+0000] {processor.py:766} INFO - DAG(s) dict_keys(['example_skip_dag']) retrieved from /home/airflow/.local/lib/python3.7/site-packages/airflow/example_dags/example_skip_dag.py
[2023-08-26T17:30:59.319+0000] {logging_mixin.py:120} INFO - [2023-08-26T17:30:59.319+0000] {dag.py:2585} INFO - Sync 1 DAGs
[2023-08-26T17:30:59.335+0000] {logging_mixin.py:120} INFO - [2023-08-26T17:30:59.335+0000] {dag.py:3340} INFO - Setting next_dagrun for example_skip_dag to 2023-08-25T17:30:59.335124+00:00, run_after=2023-08-26T17:30:59.335124+00:00
[2023-08-26T17:30:59.347+0000] {processor.py:176} INFO - Processing /home/airflow/.local/lib/python3.7/site-packages/airflow/example_dags/example_skip_dag.py took 0.077 seconds
[2023-08-26T17:31:29.536+0000] {processor.py:154} INFO - Started process (PID=3431) to work on /home/airflow/.local/lib/python3.7/site-packages/airflow/example_dags/example_skip_dag.py
[2023-08-26T17:31:29.536+0000] {processor.py:756} INFO - Processing file /home/airflow/.local/lib/python3.7/site-packages/airflow/example_dags/example_skip_dag.py for tasks to queue
[2023-08-26T17:31:29.537+0000] {logging_mixin.py:120} INFO - [2023-08-26T17:31:29.537+0000] {dagbag.py:537} INFO - Filling up the DagBag from /home/airflow/.local/lib/python3.7/site-packages/airflow/example_dags/example_skip_dag.py
[2023-08-26T17:31:29.546+0000] {processor.py:766} INFO - DAG(s) dict_keys(['example_skip_dag']) retrieved from /home/airflow/.local/lib/python3.7/site-packages/airflow/example_dags/example_skip_dag.py
[2023-08-26T17:31:29.573+0000] {logging_mixin.py:120} INFO - [2023-08-26T17:31:29.573+0000] {dag.py:2585} INFO - Sync 1 DAGs
[2023-08-26T17:31:29.586+0000] {logging_mixin.py:120} INFO - [2023-08-26T17:31:29.586+0000] {dag.py:3340} INFO - Setting next_dagrun for example_skip_dag to 2023-08-25T17:31:29.586539+00:00, run_after=2023-08-26T17:31:29.586539+00:00
[2023-08-26T17:31:29.596+0000] {processor.py:176} INFO - Processing /home/airflow/.local/lib/python3.7/site-packages/airflow/example_dags/example_skip_dag.py took 0.063 seconds
