[2023-08-26T17:03:31.562+0000] {processor.py:154} INFO - Started process (PID=42) to work on /home/airflow/.local/lib/python3.7/site-packages/airflow/example_dags/tutorial_taskflow_api.py
[2023-08-26T17:03:31.563+0000] {processor.py:756} INFO - Processing file /home/airflow/.local/lib/python3.7/site-packages/airflow/example_dags/tutorial_taskflow_api.py for tasks to queue
[2023-08-26T17:03:31.564+0000] {logging_mixin.py:120} INFO - [2023-08-26T17:03:31.564+0000] {dagbag.py:537} INFO - Filling up the DagBag from /home/airflow/.local/lib/python3.7/site-packages/airflow/example_dags/tutorial_taskflow_api.py
[2023-08-26T17:03:31.584+0000] {processor.py:766} INFO - DAG(s) dict_keys(['tutorial_taskflow_api']) retrieved from /home/airflow/.local/lib/python3.7/site-packages/airflow/example_dags/tutorial_taskflow_api.py
[2023-08-26T17:03:31.690+0000] {logging_mixin.py:120} INFO - [2023-08-26T17:03:31.689+0000] {manager.py:507} INFO - Created Permission View: can edit on DAG:tutorial_taskflow_api
[2023-08-26T17:03:31.697+0000] {logging_mixin.py:120} INFO - [2023-08-26T17:03:31.697+0000] {manager.py:507} INFO - Created Permission View: can read on DAG:tutorial_taskflow_api
[2023-08-26T17:03:31.703+0000] {logging_mixin.py:120} INFO - [2023-08-26T17:03:31.703+0000] {manager.py:507} INFO - Created Permission View: can delete on DAG:tutorial_taskflow_api
[2023-08-26T17:03:31.703+0000] {logging_mixin.py:120} INFO - [2023-08-26T17:03:31.703+0000] {dag.py:2585} INFO - Sync 1 DAGs
[2023-08-26T17:03:31.715+0000] {logging_mixin.py:120} INFO - [2023-08-26T17:03:31.714+0000] {dag.py:2606} INFO - Creating ORM DAG for tutorial_taskflow_api
[2023-08-26T17:03:31.724+0000] {logging_mixin.py:120} INFO - [2023-08-26T17:03:31.724+0000] {dag.py:3340} INFO - Setting next_dagrun for tutorial_taskflow_api to None, run_after=None
[2023-08-26T17:03:31.738+0000] {processor.py:176} INFO - Processing /home/airflow/.local/lib/python3.7/site-packages/airflow/example_dags/tutorial_taskflow_api.py took 0.179 seconds
[2023-08-26T17:04:01.827+0000] {processor.py:154} INFO - Started process (PID=104) to work on /home/airflow/.local/lib/python3.7/site-packages/airflow/example_dags/tutorial_taskflow_api.py
[2023-08-26T17:04:01.829+0000] {processor.py:756} INFO - Processing file /home/airflow/.local/lib/python3.7/site-packages/airflow/example_dags/tutorial_taskflow_api.py for tasks to queue
[2023-08-26T17:04:01.829+0000] {logging_mixin.py:120} INFO - [2023-08-26T17:04:01.829+0000] {dagbag.py:537} INFO - Filling up the DagBag from /home/airflow/.local/lib/python3.7/site-packages/airflow/example_dags/tutorial_taskflow_api.py
[2023-08-26T17:04:01.848+0000] {processor.py:766} INFO - DAG(s) dict_keys(['tutorial_taskflow_api']) retrieved from /home/airflow/.local/lib/python3.7/site-packages/airflow/example_dags/tutorial_taskflow_api.py
[2023-08-26T17:04:01.881+0000] {logging_mixin.py:120} INFO - [2023-08-26T17:04:01.881+0000] {dag.py:2585} INFO - Sync 1 DAGs
[2023-08-26T17:04:01.898+0000] {logging_mixin.py:120} INFO - [2023-08-26T17:04:01.898+0000] {dag.py:3340} INFO - Setting next_dagrun for tutorial_taskflow_api to None, run_after=None
[2023-08-26T17:04:01.909+0000] {processor.py:176} INFO - Processing /home/airflow/.local/lib/python3.7/site-packages/airflow/example_dags/tutorial_taskflow_api.py took 0.085 seconds
[2023-08-26T17:04:32.608+0000] {processor.py:154} INFO - Started process (PID=168) to work on /home/airflow/.local/lib/python3.7/site-packages/airflow/example_dags/tutorial_taskflow_api.py
[2023-08-26T17:04:32.609+0000] {processor.py:756} INFO - Processing file /home/airflow/.local/lib/python3.7/site-packages/airflow/example_dags/tutorial_taskflow_api.py for tasks to queue
[2023-08-26T17:04:32.610+0000] {logging_mixin.py:120} INFO - [2023-08-26T17:04:32.610+0000] {dagbag.py:537} INFO - Filling up the DagBag from /home/airflow/.local/lib/python3.7/site-packages/airflow/example_dags/tutorial_taskflow_api.py
[2023-08-26T17:04:32.625+0000] {processor.py:766} INFO - DAG(s) dict_keys(['tutorial_taskflow_api']) retrieved from /home/airflow/.local/lib/python3.7/site-packages/airflow/example_dags/tutorial_taskflow_api.py
[2023-08-26T17:04:32.650+0000] {logging_mixin.py:120} INFO - [2023-08-26T17:04:32.650+0000] {dag.py:2585} INFO - Sync 1 DAGs
[2023-08-26T17:04:32.664+0000] {logging_mixin.py:120} INFO - [2023-08-26T17:04:32.664+0000] {dag.py:3340} INFO - Setting next_dagrun for tutorial_taskflow_api to None, run_after=None
[2023-08-26T17:04:32.674+0000] {processor.py:176} INFO - Processing /home/airflow/.local/lib/python3.7/site-packages/airflow/example_dags/tutorial_taskflow_api.py took 0.070 seconds
[2023-08-26T17:05:03.500+0000] {processor.py:154} INFO - Started process (PID=231) to work on /home/airflow/.local/lib/python3.7/site-packages/airflow/example_dags/tutorial_taskflow_api.py
[2023-08-26T17:05:03.501+0000] {processor.py:756} INFO - Processing file /home/airflow/.local/lib/python3.7/site-packages/airflow/example_dags/tutorial_taskflow_api.py for tasks to queue
[2023-08-26T17:05:03.501+0000] {logging_mixin.py:120} INFO - [2023-08-26T17:05:03.501+0000] {dagbag.py:537} INFO - Filling up the DagBag from /home/airflow/.local/lib/python3.7/site-packages/airflow/example_dags/tutorial_taskflow_api.py
[2023-08-26T17:05:03.516+0000] {processor.py:766} INFO - DAG(s) dict_keys(['tutorial_taskflow_api']) retrieved from /home/airflow/.local/lib/python3.7/site-packages/airflow/example_dags/tutorial_taskflow_api.py
[2023-08-26T17:05:03.544+0000] {logging_mixin.py:120} INFO - [2023-08-26T17:05:03.544+0000] {dag.py:2585} INFO - Sync 1 DAGs
[2023-08-26T17:05:03.558+0000] {logging_mixin.py:120} INFO - [2023-08-26T17:05:03.558+0000] {dag.py:3340} INFO - Setting next_dagrun for tutorial_taskflow_api to None, run_after=None
[2023-08-26T17:05:03.569+0000] {processor.py:176} INFO - Processing /home/airflow/.local/lib/python3.7/site-packages/airflow/example_dags/tutorial_taskflow_api.py took 0.071 seconds
[2023-08-26T17:05:34.515+0000] {processor.py:154} INFO - Started process (PID=295) to work on /home/airflow/.local/lib/python3.7/site-packages/airflow/example_dags/tutorial_taskflow_api.py
[2023-08-26T17:05:34.515+0000] {processor.py:756} INFO - Processing file /home/airflow/.local/lib/python3.7/site-packages/airflow/example_dags/tutorial_taskflow_api.py for tasks to queue
[2023-08-26T17:05:34.516+0000] {logging_mixin.py:120} INFO - [2023-08-26T17:05:34.516+0000] {dagbag.py:537} INFO - Filling up the DagBag from /home/airflow/.local/lib/python3.7/site-packages/airflow/example_dags/tutorial_taskflow_api.py
[2023-08-26T17:05:34.529+0000] {processor.py:766} INFO - DAG(s) dict_keys(['tutorial_taskflow_api']) retrieved from /home/airflow/.local/lib/python3.7/site-packages/airflow/example_dags/tutorial_taskflow_api.py
[2023-08-26T17:05:34.559+0000] {logging_mixin.py:120} INFO - [2023-08-26T17:05:34.559+0000] {dag.py:2585} INFO - Sync 1 DAGs
[2023-08-26T17:05:34.577+0000] {logging_mixin.py:120} INFO - [2023-08-26T17:05:34.576+0000] {dag.py:3340} INFO - Setting next_dagrun for tutorial_taskflow_api to None, run_after=None
[2023-08-26T17:05:34.592+0000] {processor.py:176} INFO - Processing /home/airflow/.local/lib/python3.7/site-packages/airflow/example_dags/tutorial_taskflow_api.py took 0.080 seconds
[2023-08-26T17:06:04.666+0000] {processor.py:154} INFO - Started process (PID=349) to work on /home/airflow/.local/lib/python3.7/site-packages/airflow/example_dags/tutorial_taskflow_api.py
[2023-08-26T17:06:04.667+0000] {processor.py:756} INFO - Processing file /home/airflow/.local/lib/python3.7/site-packages/airflow/example_dags/tutorial_taskflow_api.py for tasks to queue
[2023-08-26T17:06:04.667+0000] {logging_mixin.py:120} INFO - [2023-08-26T17:06:04.667+0000] {dagbag.py:537} INFO - Filling up the DagBag from /home/airflow/.local/lib/python3.7/site-packages/airflow/example_dags/tutorial_taskflow_api.py
[2023-08-26T17:06:04.680+0000] {processor.py:766} INFO - DAG(s) dict_keys(['tutorial_taskflow_api']) retrieved from /home/airflow/.local/lib/python3.7/site-packages/airflow/example_dags/tutorial_taskflow_api.py
[2023-08-26T17:06:04.705+0000] {logging_mixin.py:120} INFO - [2023-08-26T17:06:04.705+0000] {dag.py:2585} INFO - Sync 1 DAGs
[2023-08-26T17:06:04.719+0000] {logging_mixin.py:120} INFO - [2023-08-26T17:06:04.719+0000] {dag.py:3340} INFO - Setting next_dagrun for tutorial_taskflow_api to None, run_after=None
[2023-08-26T17:06:04.729+0000] {processor.py:176} INFO - Processing /home/airflow/.local/lib/python3.7/site-packages/airflow/example_dags/tutorial_taskflow_api.py took 0.064 seconds
[2023-08-26T17:06:35.778+0000] {processor.py:154} INFO - Started process (PID=412) to work on /home/airflow/.local/lib/python3.7/site-packages/airflow/example_dags/tutorial_taskflow_api.py
[2023-08-26T17:06:35.779+0000] {processor.py:756} INFO - Processing file /home/airflow/.local/lib/python3.7/site-packages/airflow/example_dags/tutorial_taskflow_api.py for tasks to queue
[2023-08-26T17:06:35.779+0000] {logging_mixin.py:120} INFO - [2023-08-26T17:06:35.779+0000] {dagbag.py:537} INFO - Filling up the DagBag from /home/airflow/.local/lib/python3.7/site-packages/airflow/example_dags/tutorial_taskflow_api.py
[2023-08-26T17:06:35.793+0000] {processor.py:766} INFO - DAG(s) dict_keys(['tutorial_taskflow_api']) retrieved from /home/airflow/.local/lib/python3.7/site-packages/airflow/example_dags/tutorial_taskflow_api.py
[2023-08-26T17:06:35.819+0000] {logging_mixin.py:120} INFO - [2023-08-26T17:06:35.819+0000] {dag.py:2585} INFO - Sync 1 DAGs
[2023-08-26T17:06:35.833+0000] {logging_mixin.py:120} INFO - [2023-08-26T17:06:35.833+0000] {dag.py:3340} INFO - Setting next_dagrun for tutorial_taskflow_api to None, run_after=None
[2023-08-26T17:06:35.844+0000] {processor.py:176} INFO - Processing /home/airflow/.local/lib/python3.7/site-packages/airflow/example_dags/tutorial_taskflow_api.py took 0.068 seconds
[2023-08-26T17:07:06.647+0000] {processor.py:154} INFO - Started process (PID=474) to work on /home/airflow/.local/lib/python3.7/site-packages/airflow/example_dags/tutorial_taskflow_api.py
[2023-08-26T17:07:06.648+0000] {processor.py:756} INFO - Processing file /home/airflow/.local/lib/python3.7/site-packages/airflow/example_dags/tutorial_taskflow_api.py for tasks to queue
[2023-08-26T17:07:06.648+0000] {logging_mixin.py:120} INFO - [2023-08-26T17:07:06.648+0000] {dagbag.py:537} INFO - Filling up the DagBag from /home/airflow/.local/lib/python3.7/site-packages/airflow/example_dags/tutorial_taskflow_api.py
[2023-08-26T17:07:06.660+0000] {processor.py:766} INFO - DAG(s) dict_keys(['tutorial_taskflow_api']) retrieved from /home/airflow/.local/lib/python3.7/site-packages/airflow/example_dags/tutorial_taskflow_api.py
[2023-08-26T17:07:06.686+0000] {logging_mixin.py:120} INFO - [2023-08-26T17:07:06.685+0000] {dag.py:2585} INFO - Sync 1 DAGs
[2023-08-26T17:07:06.699+0000] {logging_mixin.py:120} INFO - [2023-08-26T17:07:06.699+0000] {dag.py:3340} INFO - Setting next_dagrun for tutorial_taskflow_api to None, run_after=None
[2023-08-26T17:07:06.713+0000] {processor.py:176} INFO - Processing /home/airflow/.local/lib/python3.7/site-packages/airflow/example_dags/tutorial_taskflow_api.py took 0.068 seconds
[2023-08-26T17:07:37.956+0000] {processor.py:154} INFO - Started process (PID=537) to work on /home/airflow/.local/lib/python3.7/site-packages/airflow/example_dags/tutorial_taskflow_api.py
[2023-08-26T17:07:37.957+0000] {processor.py:756} INFO - Processing file /home/airflow/.local/lib/python3.7/site-packages/airflow/example_dags/tutorial_taskflow_api.py for tasks to queue
[2023-08-26T17:07:37.958+0000] {logging_mixin.py:120} INFO - [2023-08-26T17:07:37.958+0000] {dagbag.py:537} INFO - Filling up the DagBag from /home/airflow/.local/lib/python3.7/site-packages/airflow/example_dags/tutorial_taskflow_api.py
[2023-08-26T17:07:37.980+0000] {processor.py:766} INFO - DAG(s) dict_keys(['tutorial_taskflow_api']) retrieved from /home/airflow/.local/lib/python3.7/site-packages/airflow/example_dags/tutorial_taskflow_api.py
[2023-08-26T17:07:38.021+0000] {logging_mixin.py:120} INFO - [2023-08-26T17:07:38.021+0000] {dag.py:2585} INFO - Sync 1 DAGs
[2023-08-26T17:07:38.039+0000] {logging_mixin.py:120} INFO - [2023-08-26T17:07:38.039+0000] {dag.py:3340} INFO - Setting next_dagrun for tutorial_taskflow_api to None, run_after=None
[2023-08-26T17:07:38.051+0000] {processor.py:176} INFO - Processing /home/airflow/.local/lib/python3.7/site-packages/airflow/example_dags/tutorial_taskflow_api.py took 0.100 seconds
[2023-08-26T17:08:08.928+0000] {processor.py:154} INFO - Started process (PID=600) to work on /home/airflow/.local/lib/python3.7/site-packages/airflow/example_dags/tutorial_taskflow_api.py
[2023-08-26T17:08:08.929+0000] {processor.py:756} INFO - Processing file /home/airflow/.local/lib/python3.7/site-packages/airflow/example_dags/tutorial_taskflow_api.py for tasks to queue
[2023-08-26T17:08:08.929+0000] {logging_mixin.py:120} INFO - [2023-08-26T17:08:08.929+0000] {dagbag.py:537} INFO - Filling up the DagBag from /home/airflow/.local/lib/python3.7/site-packages/airflow/example_dags/tutorial_taskflow_api.py
[2023-08-26T17:08:08.941+0000] {processor.py:766} INFO - DAG(s) dict_keys(['tutorial_taskflow_api']) retrieved from /home/airflow/.local/lib/python3.7/site-packages/airflow/example_dags/tutorial_taskflow_api.py
[2023-08-26T17:08:08.965+0000] {logging_mixin.py:120} INFO - [2023-08-26T17:08:08.965+0000] {dag.py:2585} INFO - Sync 1 DAGs
[2023-08-26T17:08:08.979+0000] {logging_mixin.py:120} INFO - [2023-08-26T17:08:08.979+0000] {dag.py:3340} INFO - Setting next_dagrun for tutorial_taskflow_api to None, run_after=None
[2023-08-26T17:08:08.988+0000] {processor.py:176} INFO - Processing /home/airflow/.local/lib/python3.7/site-packages/airflow/example_dags/tutorial_taskflow_api.py took 0.062 seconds
[2023-08-26T17:08:39.957+0000] {processor.py:154} INFO - Started process (PID=663) to work on /home/airflow/.local/lib/python3.7/site-packages/airflow/example_dags/tutorial_taskflow_api.py
[2023-08-26T17:08:39.958+0000] {processor.py:756} INFO - Processing file /home/airflow/.local/lib/python3.7/site-packages/airflow/example_dags/tutorial_taskflow_api.py for tasks to queue
[2023-08-26T17:08:39.960+0000] {logging_mixin.py:120} INFO - [2023-08-26T17:08:39.960+0000] {dagbag.py:537} INFO - Filling up the DagBag from /home/airflow/.local/lib/python3.7/site-packages/airflow/example_dags/tutorial_taskflow_api.py
[2023-08-26T17:08:39.979+0000] {processor.py:766} INFO - DAG(s) dict_keys(['tutorial_taskflow_api']) retrieved from /home/airflow/.local/lib/python3.7/site-packages/airflow/example_dags/tutorial_taskflow_api.py
[2023-08-26T17:08:40.016+0000] {logging_mixin.py:120} INFO - [2023-08-26T17:08:40.016+0000] {dag.py:2585} INFO - Sync 1 DAGs
[2023-08-26T17:08:40.032+0000] {logging_mixin.py:120} INFO - [2023-08-26T17:08:40.031+0000] {dag.py:3340} INFO - Setting next_dagrun for tutorial_taskflow_api to None, run_after=None
[2023-08-26T17:08:40.044+0000] {processor.py:176} INFO - Processing /home/airflow/.local/lib/python3.7/site-packages/airflow/example_dags/tutorial_taskflow_api.py took 0.091 seconds
[2023-08-26T17:09:10.117+0000] {processor.py:154} INFO - Started process (PID=725) to work on /home/airflow/.local/lib/python3.7/site-packages/airflow/example_dags/tutorial_taskflow_api.py
[2023-08-26T17:09:10.118+0000] {processor.py:756} INFO - Processing file /home/airflow/.local/lib/python3.7/site-packages/airflow/example_dags/tutorial_taskflow_api.py for tasks to queue
[2023-08-26T17:09:10.119+0000] {logging_mixin.py:120} INFO - [2023-08-26T17:09:10.119+0000] {dagbag.py:537} INFO - Filling up the DagBag from /home/airflow/.local/lib/python3.7/site-packages/airflow/example_dags/tutorial_taskflow_api.py
[2023-08-26T17:09:10.133+0000] {processor.py:766} INFO - DAG(s) dict_keys(['tutorial_taskflow_api']) retrieved from /home/airflow/.local/lib/python3.7/site-packages/airflow/example_dags/tutorial_taskflow_api.py
[2023-08-26T17:09:10.170+0000] {logging_mixin.py:120} INFO - [2023-08-26T17:09:10.169+0000] {dag.py:2585} INFO - Sync 1 DAGs
[2023-08-26T17:09:10.188+0000] {logging_mixin.py:120} INFO - [2023-08-26T17:09:10.188+0000] {dag.py:3340} INFO - Setting next_dagrun for tutorial_taskflow_api to None, run_after=None
[2023-08-26T17:09:10.207+0000] {processor.py:176} INFO - Processing /home/airflow/.local/lib/python3.7/site-packages/airflow/example_dags/tutorial_taskflow_api.py took 0.093 seconds
[2023-08-26T17:09:40.430+0000] {processor.py:154} INFO - Started process (PID=779) to work on /home/airflow/.local/lib/python3.7/site-packages/airflow/example_dags/tutorial_taskflow_api.py
[2023-08-26T17:09:40.431+0000] {processor.py:756} INFO - Processing file /home/airflow/.local/lib/python3.7/site-packages/airflow/example_dags/tutorial_taskflow_api.py for tasks to queue
[2023-08-26T17:09:40.432+0000] {logging_mixin.py:120} INFO - [2023-08-26T17:09:40.432+0000] {dagbag.py:537} INFO - Filling up the DagBag from /home/airflow/.local/lib/python3.7/site-packages/airflow/example_dags/tutorial_taskflow_api.py
[2023-08-26T17:09:40.447+0000] {processor.py:766} INFO - DAG(s) dict_keys(['tutorial_taskflow_api']) retrieved from /home/airflow/.local/lib/python3.7/site-packages/airflow/example_dags/tutorial_taskflow_api.py
[2023-08-26T17:09:40.476+0000] {logging_mixin.py:120} INFO - [2023-08-26T17:09:40.476+0000] {dag.py:2585} INFO - Sync 1 DAGs
[2023-08-26T17:09:40.492+0000] {logging_mixin.py:120} INFO - [2023-08-26T17:09:40.491+0000] {dag.py:3340} INFO - Setting next_dagrun for tutorial_taskflow_api to None, run_after=None
[2023-08-26T17:09:40.504+0000] {processor.py:176} INFO - Processing /home/airflow/.local/lib/python3.7/site-packages/airflow/example_dags/tutorial_taskflow_api.py took 0.076 seconds
[2023-08-26T17:10:10.599+0000] {processor.py:154} INFO - Started process (PID=842) to work on /home/airflow/.local/lib/python3.7/site-packages/airflow/example_dags/tutorial_taskflow_api.py
[2023-08-26T17:10:10.600+0000] {processor.py:756} INFO - Processing file /home/airflow/.local/lib/python3.7/site-packages/airflow/example_dags/tutorial_taskflow_api.py for tasks to queue
[2023-08-26T17:10:10.601+0000] {logging_mixin.py:120} INFO - [2023-08-26T17:10:10.601+0000] {dagbag.py:537} INFO - Filling up the DagBag from /home/airflow/.local/lib/python3.7/site-packages/airflow/example_dags/tutorial_taskflow_api.py
[2023-08-26T17:10:10.615+0000] {processor.py:766} INFO - DAG(s) dict_keys(['tutorial_taskflow_api']) retrieved from /home/airflow/.local/lib/python3.7/site-packages/airflow/example_dags/tutorial_taskflow_api.py
[2023-08-26T17:10:10.645+0000] {logging_mixin.py:120} INFO - [2023-08-26T17:10:10.644+0000] {dag.py:2585} INFO - Sync 1 DAGs
[2023-08-26T17:10:10.659+0000] {logging_mixin.py:120} INFO - [2023-08-26T17:10:10.659+0000] {dag.py:3340} INFO - Setting next_dagrun for tutorial_taskflow_api to None, run_after=None
[2023-08-26T17:10:10.673+0000] {processor.py:176} INFO - Processing /home/airflow/.local/lib/python3.7/site-packages/airflow/example_dags/tutorial_taskflow_api.py took 0.076 seconds
[2023-08-26T17:10:40.762+0000] {processor.py:154} INFO - Started process (PID=905) to work on /home/airflow/.local/lib/python3.7/site-packages/airflow/example_dags/tutorial_taskflow_api.py
[2023-08-26T17:10:40.763+0000] {processor.py:756} INFO - Processing file /home/airflow/.local/lib/python3.7/site-packages/airflow/example_dags/tutorial_taskflow_api.py for tasks to queue
[2023-08-26T17:10:40.764+0000] {logging_mixin.py:120} INFO - [2023-08-26T17:10:40.764+0000] {dagbag.py:537} INFO - Filling up the DagBag from /home/airflow/.local/lib/python3.7/site-packages/airflow/example_dags/tutorial_taskflow_api.py
[2023-08-26T17:10:40.779+0000] {processor.py:766} INFO - DAG(s) dict_keys(['tutorial_taskflow_api']) retrieved from /home/airflow/.local/lib/python3.7/site-packages/airflow/example_dags/tutorial_taskflow_api.py
[2023-08-26T17:10:40.808+0000] {logging_mixin.py:120} INFO - [2023-08-26T17:10:40.808+0000] {dag.py:2585} INFO - Sync 1 DAGs
[2023-08-26T17:10:40.824+0000] {logging_mixin.py:120} INFO - [2023-08-26T17:10:40.824+0000] {dag.py:3340} INFO - Setting next_dagrun for tutorial_taskflow_api to None, run_after=None
[2023-08-26T17:10:40.838+0000] {processor.py:176} INFO - Processing /home/airflow/.local/lib/python3.7/site-packages/airflow/example_dags/tutorial_taskflow_api.py took 0.078 seconds
[2023-08-26T17:11:11.030+0000] {processor.py:154} INFO - Started process (PID=968) to work on /home/airflow/.local/lib/python3.7/site-packages/airflow/example_dags/tutorial_taskflow_api.py
[2023-08-26T17:11:11.031+0000] {processor.py:756} INFO - Processing file /home/airflow/.local/lib/python3.7/site-packages/airflow/example_dags/tutorial_taskflow_api.py for tasks to queue
[2023-08-26T17:11:11.032+0000] {logging_mixin.py:120} INFO - [2023-08-26T17:11:11.032+0000] {dagbag.py:537} INFO - Filling up the DagBag from /home/airflow/.local/lib/python3.7/site-packages/airflow/example_dags/tutorial_taskflow_api.py
[2023-08-26T17:11:11.045+0000] {processor.py:766} INFO - DAG(s) dict_keys(['tutorial_taskflow_api']) retrieved from /home/airflow/.local/lib/python3.7/site-packages/airflow/example_dags/tutorial_taskflow_api.py
[2023-08-26T17:11:11.076+0000] {logging_mixin.py:120} INFO - [2023-08-26T17:11:11.076+0000] {dag.py:2585} INFO - Sync 1 DAGs
[2023-08-26T17:11:11.090+0000] {logging_mixin.py:120} INFO - [2023-08-26T17:11:11.090+0000] {dag.py:3340} INFO - Setting next_dagrun for tutorial_taskflow_api to None, run_after=None
[2023-08-26T17:11:11.100+0000] {processor.py:176} INFO - Processing /home/airflow/.local/lib/python3.7/site-packages/airflow/example_dags/tutorial_taskflow_api.py took 0.073 seconds
[2023-08-26T17:11:42.113+0000] {processor.py:154} INFO - Started process (PID=1030) to work on /home/airflow/.local/lib/python3.7/site-packages/airflow/example_dags/tutorial_taskflow_api.py
[2023-08-26T17:11:42.113+0000] {processor.py:756} INFO - Processing file /home/airflow/.local/lib/python3.7/site-packages/airflow/example_dags/tutorial_taskflow_api.py for tasks to queue
[2023-08-26T17:11:42.114+0000] {logging_mixin.py:120} INFO - [2023-08-26T17:11:42.114+0000] {dagbag.py:537} INFO - Filling up the DagBag from /home/airflow/.local/lib/python3.7/site-packages/airflow/example_dags/tutorial_taskflow_api.py
[2023-08-26T17:11:42.126+0000] {processor.py:766} INFO - DAG(s) dict_keys(['tutorial_taskflow_api']) retrieved from /home/airflow/.local/lib/python3.7/site-packages/airflow/example_dags/tutorial_taskflow_api.py
[2023-08-26T17:11:42.152+0000] {logging_mixin.py:120} INFO - [2023-08-26T17:11:42.152+0000] {dag.py:2585} INFO - Sync 1 DAGs
[2023-08-26T17:11:42.164+0000] {logging_mixin.py:120} INFO - [2023-08-26T17:11:42.164+0000] {dag.py:3340} INFO - Setting next_dagrun for tutorial_taskflow_api to None, run_after=None
[2023-08-26T17:11:42.173+0000] {processor.py:176} INFO - Processing /home/airflow/.local/lib/python3.7/site-packages/airflow/example_dags/tutorial_taskflow_api.py took 0.062 seconds
[2023-08-26T17:12:13.125+0000] {processor.py:154} INFO - Started process (PID=1093) to work on /home/airflow/.local/lib/python3.7/site-packages/airflow/example_dags/tutorial_taskflow_api.py
[2023-08-26T17:12:13.126+0000] {processor.py:756} INFO - Processing file /home/airflow/.local/lib/python3.7/site-packages/airflow/example_dags/tutorial_taskflow_api.py for tasks to queue
[2023-08-26T17:12:13.127+0000] {logging_mixin.py:120} INFO - [2023-08-26T17:12:13.127+0000] {dagbag.py:537} INFO - Filling up the DagBag from /home/airflow/.local/lib/python3.7/site-packages/airflow/example_dags/tutorial_taskflow_api.py
[2023-08-26T17:12:13.166+0000] {processor.py:766} INFO - DAG(s) dict_keys(['tutorial_taskflow_api']) retrieved from /home/airflow/.local/lib/python3.7/site-packages/airflow/example_dags/tutorial_taskflow_api.py
[2023-08-26T17:12:13.198+0000] {logging_mixin.py:120} INFO - [2023-08-26T17:12:13.198+0000] {dag.py:2585} INFO - Sync 1 DAGs
[2023-08-26T17:12:13.212+0000] {logging_mixin.py:120} INFO - [2023-08-26T17:12:13.212+0000] {dag.py:3340} INFO - Setting next_dagrun for tutorial_taskflow_api to None, run_after=None
[2023-08-26T17:12:13.223+0000] {processor.py:176} INFO - Processing /home/airflow/.local/lib/python3.7/site-packages/airflow/example_dags/tutorial_taskflow_api.py took 0.101 seconds
[2023-08-26T17:12:43.241+0000] {processor.py:154} INFO - Started process (PID=1153) to work on /home/airflow/.local/lib/python3.7/site-packages/airflow/example_dags/tutorial_taskflow_api.py
[2023-08-26T17:12:43.241+0000] {processor.py:756} INFO - Processing file /home/airflow/.local/lib/python3.7/site-packages/airflow/example_dags/tutorial_taskflow_api.py for tasks to queue
[2023-08-26T17:12:43.242+0000] {logging_mixin.py:120} INFO - [2023-08-26T17:12:43.242+0000] {dagbag.py:537} INFO - Filling up the DagBag from /home/airflow/.local/lib/python3.7/site-packages/airflow/example_dags/tutorial_taskflow_api.py
[2023-08-26T17:12:43.256+0000] {processor.py:766} INFO - DAG(s) dict_keys(['tutorial_taskflow_api']) retrieved from /home/airflow/.local/lib/python3.7/site-packages/airflow/example_dags/tutorial_taskflow_api.py
[2023-08-26T17:12:43.281+0000] {logging_mixin.py:120} INFO - [2023-08-26T17:12:43.281+0000] {dag.py:2585} INFO - Sync 1 DAGs
[2023-08-26T17:12:43.296+0000] {logging_mixin.py:120} INFO - [2023-08-26T17:12:43.296+0000] {dag.py:3340} INFO - Setting next_dagrun for tutorial_taskflow_api to None, run_after=None
[2023-08-26T17:12:43.306+0000] {processor.py:176} INFO - Processing /home/airflow/.local/lib/python3.7/site-packages/airflow/example_dags/tutorial_taskflow_api.py took 0.068 seconds
[2023-08-26T17:13:13.384+0000] {processor.py:154} INFO - Started process (PID=1216) to work on /home/airflow/.local/lib/python3.7/site-packages/airflow/example_dags/tutorial_taskflow_api.py
[2023-08-26T17:13:13.385+0000] {processor.py:756} INFO - Processing file /home/airflow/.local/lib/python3.7/site-packages/airflow/example_dags/tutorial_taskflow_api.py for tasks to queue
[2023-08-26T17:13:13.386+0000] {logging_mixin.py:120} INFO - [2023-08-26T17:13:13.386+0000] {dagbag.py:537} INFO - Filling up the DagBag from /home/airflow/.local/lib/python3.7/site-packages/airflow/example_dags/tutorial_taskflow_api.py
[2023-08-26T17:13:13.403+0000] {processor.py:766} INFO - DAG(s) dict_keys(['tutorial_taskflow_api']) retrieved from /home/airflow/.local/lib/python3.7/site-packages/airflow/example_dags/tutorial_taskflow_api.py
[2023-08-26T17:13:13.433+0000] {logging_mixin.py:120} INFO - [2023-08-26T17:13:13.433+0000] {dag.py:2585} INFO - Sync 1 DAGs
[2023-08-26T17:13:13.450+0000] {logging_mixin.py:120} INFO - [2023-08-26T17:13:13.450+0000] {dag.py:3340} INFO - Setting next_dagrun for tutorial_taskflow_api to None, run_after=None
[2023-08-26T17:13:13.462+0000] {processor.py:176} INFO - Processing /home/airflow/.local/lib/python3.7/site-packages/airflow/example_dags/tutorial_taskflow_api.py took 0.083 seconds
[2023-08-26T17:13:43.857+0000] {processor.py:154} INFO - Started process (PID=1279) to work on /home/airflow/.local/lib/python3.7/site-packages/airflow/example_dags/tutorial_taskflow_api.py
[2023-08-26T17:13:43.858+0000] {processor.py:756} INFO - Processing file /home/airflow/.local/lib/python3.7/site-packages/airflow/example_dags/tutorial_taskflow_api.py for tasks to queue
[2023-08-26T17:13:43.859+0000] {logging_mixin.py:120} INFO - [2023-08-26T17:13:43.859+0000] {dagbag.py:537} INFO - Filling up the DagBag from /home/airflow/.local/lib/python3.7/site-packages/airflow/example_dags/tutorial_taskflow_api.py
[2023-08-26T17:13:43.873+0000] {processor.py:766} INFO - DAG(s) dict_keys(['tutorial_taskflow_api']) retrieved from /home/airflow/.local/lib/python3.7/site-packages/airflow/example_dags/tutorial_taskflow_api.py
[2023-08-26T17:13:43.897+0000] {logging_mixin.py:120} INFO - [2023-08-26T17:13:43.897+0000] {dag.py:2585} INFO - Sync 1 DAGs
[2023-08-26T17:13:43.910+0000] {logging_mixin.py:120} INFO - [2023-08-26T17:13:43.910+0000] {dag.py:3340} INFO - Setting next_dagrun for tutorial_taskflow_api to None, run_after=None
[2023-08-26T17:13:43.920+0000] {processor.py:176} INFO - Processing /home/airflow/.local/lib/python3.7/site-packages/airflow/example_dags/tutorial_taskflow_api.py took 0.066 seconds
[2023-08-26T17:14:14.868+0000] {processor.py:154} INFO - Started process (PID=1342) to work on /home/airflow/.local/lib/python3.7/site-packages/airflow/example_dags/tutorial_taskflow_api.py
[2023-08-26T17:14:14.868+0000] {processor.py:756} INFO - Processing file /home/airflow/.local/lib/python3.7/site-packages/airflow/example_dags/tutorial_taskflow_api.py for tasks to queue
[2023-08-26T17:14:14.869+0000] {logging_mixin.py:120} INFO - [2023-08-26T17:14:14.869+0000] {dagbag.py:537} INFO - Filling up the DagBag from /home/airflow/.local/lib/python3.7/site-packages/airflow/example_dags/tutorial_taskflow_api.py
[2023-08-26T17:14:14.883+0000] {processor.py:766} INFO - DAG(s) dict_keys(['tutorial_taskflow_api']) retrieved from /home/airflow/.local/lib/python3.7/site-packages/airflow/example_dags/tutorial_taskflow_api.py
[2023-08-26T17:14:14.911+0000] {logging_mixin.py:120} INFO - [2023-08-26T17:14:14.911+0000] {dag.py:2585} INFO - Sync 1 DAGs
[2023-08-26T17:14:14.927+0000] {logging_mixin.py:120} INFO - [2023-08-26T17:14:14.926+0000] {dag.py:3340} INFO - Setting next_dagrun for tutorial_taskflow_api to None, run_after=None
[2023-08-26T17:14:14.939+0000] {processor.py:176} INFO - Processing /home/airflow/.local/lib/python3.7/site-packages/airflow/example_dags/tutorial_taskflow_api.py took 0.074 seconds
[2023-08-26T17:14:45.074+0000] {processor.py:154} INFO - Started process (PID=1407) to work on /home/airflow/.local/lib/python3.7/site-packages/airflow/example_dags/tutorial_taskflow_api.py
[2023-08-26T17:14:45.075+0000] {processor.py:756} INFO - Processing file /home/airflow/.local/lib/python3.7/site-packages/airflow/example_dags/tutorial_taskflow_api.py for tasks to queue
[2023-08-26T17:14:45.075+0000] {logging_mixin.py:120} INFO - [2023-08-26T17:14:45.075+0000] {dagbag.py:537} INFO - Filling up the DagBag from /home/airflow/.local/lib/python3.7/site-packages/airflow/example_dags/tutorial_taskflow_api.py
[2023-08-26T17:14:45.086+0000] {processor.py:766} INFO - DAG(s) dict_keys(['tutorial_taskflow_api']) retrieved from /home/airflow/.local/lib/python3.7/site-packages/airflow/example_dags/tutorial_taskflow_api.py
[2023-08-26T17:14:45.112+0000] {logging_mixin.py:120} INFO - [2023-08-26T17:14:45.111+0000] {dag.py:2585} INFO - Sync 1 DAGs
[2023-08-26T17:14:45.126+0000] {logging_mixin.py:120} INFO - [2023-08-26T17:14:45.126+0000] {dag.py:3340} INFO - Setting next_dagrun for tutorial_taskflow_api to None, run_after=None
[2023-08-26T17:14:45.136+0000] {processor.py:176} INFO - Processing /home/airflow/.local/lib/python3.7/site-packages/airflow/example_dags/tutorial_taskflow_api.py took 0.064 seconds
[2023-08-26T17:15:15.285+0000] {processor.py:154} INFO - Started process (PID=1461) to work on /home/airflow/.local/lib/python3.7/site-packages/airflow/example_dags/tutorial_taskflow_api.py
[2023-08-26T17:15:15.286+0000] {processor.py:756} INFO - Processing file /home/airflow/.local/lib/python3.7/site-packages/airflow/example_dags/tutorial_taskflow_api.py for tasks to queue
[2023-08-26T17:15:15.287+0000] {logging_mixin.py:120} INFO - [2023-08-26T17:15:15.287+0000] {dagbag.py:537} INFO - Filling up the DagBag from /home/airflow/.local/lib/python3.7/site-packages/airflow/example_dags/tutorial_taskflow_api.py
[2023-08-26T17:15:15.301+0000] {processor.py:766} INFO - DAG(s) dict_keys(['tutorial_taskflow_api']) retrieved from /home/airflow/.local/lib/python3.7/site-packages/airflow/example_dags/tutorial_taskflow_api.py
[2023-08-26T17:15:15.325+0000] {logging_mixin.py:120} INFO - [2023-08-26T17:15:15.325+0000] {dag.py:2585} INFO - Sync 1 DAGs
[2023-08-26T17:15:15.338+0000] {logging_mixin.py:120} INFO - [2023-08-26T17:15:15.338+0000] {dag.py:3340} INFO - Setting next_dagrun for tutorial_taskflow_api to None, run_after=None
[2023-08-26T17:15:15.348+0000] {processor.py:176} INFO - Processing /home/airflow/.local/lib/python3.7/site-packages/airflow/example_dags/tutorial_taskflow_api.py took 0.070 seconds
[2023-08-26T17:15:45.473+0000] {processor.py:154} INFO - Started process (PID=1525) to work on /home/airflow/.local/lib/python3.7/site-packages/airflow/example_dags/tutorial_taskflow_api.py
[2023-08-26T17:15:45.473+0000] {processor.py:756} INFO - Processing file /home/airflow/.local/lib/python3.7/site-packages/airflow/example_dags/tutorial_taskflow_api.py for tasks to queue
[2023-08-26T17:15:45.474+0000] {logging_mixin.py:120} INFO - [2023-08-26T17:15:45.474+0000] {dagbag.py:537} INFO - Filling up the DagBag from /home/airflow/.local/lib/python3.7/site-packages/airflow/example_dags/tutorial_taskflow_api.py
[2023-08-26T17:15:45.487+0000] {processor.py:766} INFO - DAG(s) dict_keys(['tutorial_taskflow_api']) retrieved from /home/airflow/.local/lib/python3.7/site-packages/airflow/example_dags/tutorial_taskflow_api.py
[2023-08-26T17:15:45.511+0000] {logging_mixin.py:120} INFO - [2023-08-26T17:15:45.511+0000] {dag.py:2585} INFO - Sync 1 DAGs
[2023-08-26T17:15:45.524+0000] {logging_mixin.py:120} INFO - [2023-08-26T17:15:45.524+0000] {dag.py:3340} INFO - Setting next_dagrun for tutorial_taskflow_api to None, run_after=None
[2023-08-26T17:15:45.535+0000] {processor.py:176} INFO - Processing /home/airflow/.local/lib/python3.7/site-packages/airflow/example_dags/tutorial_taskflow_api.py took 0.065 seconds
[2023-08-26T17:16:16.484+0000] {processor.py:154} INFO - Started process (PID=1588) to work on /home/airflow/.local/lib/python3.7/site-packages/airflow/example_dags/tutorial_taskflow_api.py
[2023-08-26T17:16:16.485+0000] {processor.py:756} INFO - Processing file /home/airflow/.local/lib/python3.7/site-packages/airflow/example_dags/tutorial_taskflow_api.py for tasks to queue
[2023-08-26T17:16:16.485+0000] {logging_mixin.py:120} INFO - [2023-08-26T17:16:16.485+0000] {dagbag.py:537} INFO - Filling up the DagBag from /home/airflow/.local/lib/python3.7/site-packages/airflow/example_dags/tutorial_taskflow_api.py
[2023-08-26T17:16:16.499+0000] {processor.py:766} INFO - DAG(s) dict_keys(['tutorial_taskflow_api']) retrieved from /home/airflow/.local/lib/python3.7/site-packages/airflow/example_dags/tutorial_taskflow_api.py
[2023-08-26T17:16:16.527+0000] {logging_mixin.py:120} INFO - [2023-08-26T17:16:16.527+0000] {dag.py:2585} INFO - Sync 1 DAGs
[2023-08-26T17:16:16.542+0000] {logging_mixin.py:120} INFO - [2023-08-26T17:16:16.542+0000] {dag.py:3340} INFO - Setting next_dagrun for tutorial_taskflow_api to None, run_after=None
[2023-08-26T17:16:16.554+0000] {processor.py:176} INFO - Processing /home/airflow/.local/lib/python3.7/site-packages/airflow/example_dags/tutorial_taskflow_api.py took 0.072 seconds
[2023-08-26T17:16:47.456+0000] {processor.py:154} INFO - Started process (PID=1651) to work on /home/airflow/.local/lib/python3.7/site-packages/airflow/example_dags/tutorial_taskflow_api.py
[2023-08-26T17:16:47.457+0000] {processor.py:756} INFO - Processing file /home/airflow/.local/lib/python3.7/site-packages/airflow/example_dags/tutorial_taskflow_api.py for tasks to queue
[2023-08-26T17:16:47.457+0000] {logging_mixin.py:120} INFO - [2023-08-26T17:16:47.457+0000] {dagbag.py:537} INFO - Filling up the DagBag from /home/airflow/.local/lib/python3.7/site-packages/airflow/example_dags/tutorial_taskflow_api.py
[2023-08-26T17:16:47.473+0000] {processor.py:766} INFO - DAG(s) dict_keys(['tutorial_taskflow_api']) retrieved from /home/airflow/.local/lib/python3.7/site-packages/airflow/example_dags/tutorial_taskflow_api.py
[2023-08-26T17:16:47.503+0000] {logging_mixin.py:120} INFO - [2023-08-26T17:16:47.502+0000] {dag.py:2585} INFO - Sync 1 DAGs
[2023-08-26T17:16:47.521+0000] {logging_mixin.py:120} INFO - [2023-08-26T17:16:47.521+0000] {dag.py:3340} INFO - Setting next_dagrun for tutorial_taskflow_api to None, run_after=None
[2023-08-26T17:16:47.535+0000] {processor.py:176} INFO - Processing /home/airflow/.local/lib/python3.7/site-packages/airflow/example_dags/tutorial_taskflow_api.py took 0.082 seconds
[2023-08-26T17:17:17.586+0000] {processor.py:154} INFO - Started process (PID=1715) to work on /home/airflow/.local/lib/python3.7/site-packages/airflow/example_dags/tutorial_taskflow_api.py
[2023-08-26T17:17:17.587+0000] {processor.py:756} INFO - Processing file /home/airflow/.local/lib/python3.7/site-packages/airflow/example_dags/tutorial_taskflow_api.py for tasks to queue
[2023-08-26T17:17:17.588+0000] {logging_mixin.py:120} INFO - [2023-08-26T17:17:17.587+0000] {dagbag.py:537} INFO - Filling up the DagBag from /home/airflow/.local/lib/python3.7/site-packages/airflow/example_dags/tutorial_taskflow_api.py
[2023-08-26T17:17:17.601+0000] {processor.py:766} INFO - DAG(s) dict_keys(['tutorial_taskflow_api']) retrieved from /home/airflow/.local/lib/python3.7/site-packages/airflow/example_dags/tutorial_taskflow_api.py
[2023-08-26T17:17:17.629+0000] {logging_mixin.py:120} INFO - [2023-08-26T17:17:17.629+0000] {dag.py:2585} INFO - Sync 1 DAGs
[2023-08-26T17:17:17.646+0000] {logging_mixin.py:120} INFO - [2023-08-26T17:17:17.646+0000] {dag.py:3340} INFO - Setting next_dagrun for tutorial_taskflow_api to None, run_after=None
[2023-08-26T17:17:17.662+0000] {processor.py:176} INFO - Processing /home/airflow/.local/lib/python3.7/site-packages/airflow/example_dags/tutorial_taskflow_api.py took 0.079 seconds
[2023-08-26T17:17:47.731+0000] {processor.py:154} INFO - Started process (PID=1776) to work on /home/airflow/.local/lib/python3.7/site-packages/airflow/example_dags/tutorial_taskflow_api.py
[2023-08-26T17:17:47.732+0000] {processor.py:756} INFO - Processing file /home/airflow/.local/lib/python3.7/site-packages/airflow/example_dags/tutorial_taskflow_api.py for tasks to queue
[2023-08-26T17:17:47.733+0000] {logging_mixin.py:120} INFO - [2023-08-26T17:17:47.733+0000] {dagbag.py:537} INFO - Filling up the DagBag from /home/airflow/.local/lib/python3.7/site-packages/airflow/example_dags/tutorial_taskflow_api.py
[2023-08-26T17:17:47.744+0000] {processor.py:766} INFO - DAG(s) dict_keys(['tutorial_taskflow_api']) retrieved from /home/airflow/.local/lib/python3.7/site-packages/airflow/example_dags/tutorial_taskflow_api.py
[2023-08-26T17:17:47.769+0000] {logging_mixin.py:120} INFO - [2023-08-26T17:17:47.769+0000] {dag.py:2585} INFO - Sync 1 DAGs
[2023-08-26T17:17:47.782+0000] {logging_mixin.py:120} INFO - [2023-08-26T17:17:47.782+0000] {dag.py:3340} INFO - Setting next_dagrun for tutorial_taskflow_api to None, run_after=None
[2023-08-26T17:17:47.791+0000] {processor.py:176} INFO - Processing /home/airflow/.local/lib/python3.7/site-packages/airflow/example_dags/tutorial_taskflow_api.py took 0.062 seconds
[2023-08-26T17:18:18.761+0000] {processor.py:154} INFO - Started process (PID=1838) to work on /home/airflow/.local/lib/python3.7/site-packages/airflow/example_dags/tutorial_taskflow_api.py
[2023-08-26T17:18:18.762+0000] {processor.py:756} INFO - Processing file /home/airflow/.local/lib/python3.7/site-packages/airflow/example_dags/tutorial_taskflow_api.py for tasks to queue
[2023-08-26T17:18:18.763+0000] {logging_mixin.py:120} INFO - [2023-08-26T17:18:18.763+0000] {dagbag.py:537} INFO - Filling up the DagBag from /home/airflow/.local/lib/python3.7/site-packages/airflow/example_dags/tutorial_taskflow_api.py
[2023-08-26T17:18:18.778+0000] {processor.py:766} INFO - DAG(s) dict_keys(['tutorial_taskflow_api']) retrieved from /home/airflow/.local/lib/python3.7/site-packages/airflow/example_dags/tutorial_taskflow_api.py
[2023-08-26T17:18:18.806+0000] {logging_mixin.py:120} INFO - [2023-08-26T17:18:18.806+0000] {dag.py:2585} INFO - Sync 1 DAGs
[2023-08-26T17:18:18.822+0000] {logging_mixin.py:120} INFO - [2023-08-26T17:18:18.822+0000] {dag.py:3340} INFO - Setting next_dagrun for tutorial_taskflow_api to None, run_after=None
[2023-08-26T17:18:18.834+0000] {processor.py:176} INFO - Processing /home/airflow/.local/lib/python3.7/site-packages/airflow/example_dags/tutorial_taskflow_api.py took 0.076 seconds
[2023-08-26T17:18:49.049+0000] {processor.py:154} INFO - Started process (PID=1893) to work on /home/airflow/.local/lib/python3.7/site-packages/airflow/example_dags/tutorial_taskflow_api.py
[2023-08-26T17:18:49.050+0000] {processor.py:756} INFO - Processing file /home/airflow/.local/lib/python3.7/site-packages/airflow/example_dags/tutorial_taskflow_api.py for tasks to queue
[2023-08-26T17:18:49.051+0000] {logging_mixin.py:120} INFO - [2023-08-26T17:18:49.051+0000] {dagbag.py:537} INFO - Filling up the DagBag from /home/airflow/.local/lib/python3.7/site-packages/airflow/example_dags/tutorial_taskflow_api.py
[2023-08-26T17:18:49.062+0000] {processor.py:766} INFO - DAG(s) dict_keys(['tutorial_taskflow_api']) retrieved from /home/airflow/.local/lib/python3.7/site-packages/airflow/example_dags/tutorial_taskflow_api.py
[2023-08-26T17:18:49.091+0000] {logging_mixin.py:120} INFO - [2023-08-26T17:18:49.091+0000] {dag.py:2585} INFO - Sync 1 DAGs
[2023-08-26T17:18:49.104+0000] {logging_mixin.py:120} INFO - [2023-08-26T17:18:49.104+0000] {dag.py:3340} INFO - Setting next_dagrun for tutorial_taskflow_api to None, run_after=None
[2023-08-26T17:18:49.115+0000] {processor.py:176} INFO - Processing /home/airflow/.local/lib/python3.7/site-packages/airflow/example_dags/tutorial_taskflow_api.py took 0.068 seconds
[2023-08-26T17:19:19.478+0000] {processor.py:154} INFO - Started process (PID=1956) to work on /home/airflow/.local/lib/python3.7/site-packages/airflow/example_dags/tutorial_taskflow_api.py
[2023-08-26T17:19:19.479+0000] {processor.py:756} INFO - Processing file /home/airflow/.local/lib/python3.7/site-packages/airflow/example_dags/tutorial_taskflow_api.py for tasks to queue
[2023-08-26T17:19:19.480+0000] {logging_mixin.py:120} INFO - [2023-08-26T17:19:19.480+0000] {dagbag.py:537} INFO - Filling up the DagBag from /home/airflow/.local/lib/python3.7/site-packages/airflow/example_dags/tutorial_taskflow_api.py
[2023-08-26T17:19:19.492+0000] {processor.py:766} INFO - DAG(s) dict_keys(['tutorial_taskflow_api']) retrieved from /home/airflow/.local/lib/python3.7/site-packages/airflow/example_dags/tutorial_taskflow_api.py
[2023-08-26T17:19:19.519+0000] {logging_mixin.py:120} INFO - [2023-08-26T17:19:19.519+0000] {dag.py:2585} INFO - Sync 1 DAGs
[2023-08-26T17:19:19.532+0000] {logging_mixin.py:120} INFO - [2023-08-26T17:19:19.532+0000] {dag.py:3340} INFO - Setting next_dagrun for tutorial_taskflow_api to None, run_after=None
[2023-08-26T17:19:19.543+0000] {processor.py:176} INFO - Processing /home/airflow/.local/lib/python3.7/site-packages/airflow/example_dags/tutorial_taskflow_api.py took 0.067 seconds
[2023-08-26T17:19:50.555+0000] {processor.py:154} INFO - Started process (PID=2019) to work on /home/airflow/.local/lib/python3.7/site-packages/airflow/example_dags/tutorial_taskflow_api.py
[2023-08-26T17:19:50.556+0000] {processor.py:756} INFO - Processing file /home/airflow/.local/lib/python3.7/site-packages/airflow/example_dags/tutorial_taskflow_api.py for tasks to queue
[2023-08-26T17:19:50.557+0000] {logging_mixin.py:120} INFO - [2023-08-26T17:19:50.557+0000] {dagbag.py:537} INFO - Filling up the DagBag from /home/airflow/.local/lib/python3.7/site-packages/airflow/example_dags/tutorial_taskflow_api.py
[2023-08-26T17:19:50.569+0000] {processor.py:766} INFO - DAG(s) dict_keys(['tutorial_taskflow_api']) retrieved from /home/airflow/.local/lib/python3.7/site-packages/airflow/example_dags/tutorial_taskflow_api.py
[2023-08-26T17:19:50.594+0000] {logging_mixin.py:120} INFO - [2023-08-26T17:19:50.594+0000] {dag.py:2585} INFO - Sync 1 DAGs
[2023-08-26T17:19:50.608+0000] {logging_mixin.py:120} INFO - [2023-08-26T17:19:50.608+0000] {dag.py:3340} INFO - Setting next_dagrun for tutorial_taskflow_api to None, run_after=None
[2023-08-26T17:19:50.620+0000] {processor.py:176} INFO - Processing /home/airflow/.local/lib/python3.7/site-packages/airflow/example_dags/tutorial_taskflow_api.py took 0.067 seconds
[2023-08-26T17:20:21.627+0000] {processor.py:154} INFO - Started process (PID=2082) to work on /home/airflow/.local/lib/python3.7/site-packages/airflow/example_dags/tutorial_taskflow_api.py
[2023-08-26T17:20:21.630+0000] {processor.py:756} INFO - Processing file /home/airflow/.local/lib/python3.7/site-packages/airflow/example_dags/tutorial_taskflow_api.py for tasks to queue
[2023-08-26T17:20:21.631+0000] {logging_mixin.py:120} INFO - [2023-08-26T17:20:21.631+0000] {dagbag.py:537} INFO - Filling up the DagBag from /home/airflow/.local/lib/python3.7/site-packages/airflow/example_dags/tutorial_taskflow_api.py
[2023-08-26T17:20:21.643+0000] {processor.py:766} INFO - DAG(s) dict_keys(['tutorial_taskflow_api']) retrieved from /home/airflow/.local/lib/python3.7/site-packages/airflow/example_dags/tutorial_taskflow_api.py
[2023-08-26T17:20:21.668+0000] {logging_mixin.py:120} INFO - [2023-08-26T17:20:21.668+0000] {dag.py:2585} INFO - Sync 1 DAGs
[2023-08-26T17:20:21.682+0000] {logging_mixin.py:120} INFO - [2023-08-26T17:20:21.682+0000] {dag.py:3340} INFO - Setting next_dagrun for tutorial_taskflow_api to None, run_after=None
[2023-08-26T17:20:21.691+0000] {processor.py:176} INFO - Processing /home/airflow/.local/lib/python3.7/site-packages/airflow/example_dags/tutorial_taskflow_api.py took 0.065 seconds
[2023-08-26T17:20:51.990+0000] {processor.py:154} INFO - Started process (PID=2145) to work on /home/airflow/.local/lib/python3.7/site-packages/airflow/example_dags/tutorial_taskflow_api.py
[2023-08-26T17:20:51.991+0000] {processor.py:756} INFO - Processing file /home/airflow/.local/lib/python3.7/site-packages/airflow/example_dags/tutorial_taskflow_api.py for tasks to queue
[2023-08-26T17:20:51.992+0000] {logging_mixin.py:120} INFO - [2023-08-26T17:20:51.991+0000] {dagbag.py:537} INFO - Filling up the DagBag from /home/airflow/.local/lib/python3.7/site-packages/airflow/example_dags/tutorial_taskflow_api.py
[2023-08-26T17:20:52.006+0000] {processor.py:766} INFO - DAG(s) dict_keys(['tutorial_taskflow_api']) retrieved from /home/airflow/.local/lib/python3.7/site-packages/airflow/example_dags/tutorial_taskflow_api.py
[2023-08-26T17:20:52.035+0000] {logging_mixin.py:120} INFO - [2023-08-26T17:20:52.035+0000] {dag.py:2585} INFO - Sync 1 DAGs
[2023-08-26T17:20:52.052+0000] {logging_mixin.py:120} INFO - [2023-08-26T17:20:52.051+0000] {dag.py:3340} INFO - Setting next_dagrun for tutorial_taskflow_api to None, run_after=None
[2023-08-26T17:20:52.063+0000] {processor.py:176} INFO - Processing /home/airflow/.local/lib/python3.7/site-packages/airflow/example_dags/tutorial_taskflow_api.py took 0.076 seconds
[2023-08-26T17:21:22.110+0000] {processor.py:154} INFO - Started process (PID=2208) to work on /home/airflow/.local/lib/python3.7/site-packages/airflow/example_dags/tutorial_taskflow_api.py
[2023-08-26T17:21:22.111+0000] {processor.py:756} INFO - Processing file /home/airflow/.local/lib/python3.7/site-packages/airflow/example_dags/tutorial_taskflow_api.py for tasks to queue
[2023-08-26T17:21:22.111+0000] {logging_mixin.py:120} INFO - [2023-08-26T17:21:22.111+0000] {dagbag.py:537} INFO - Filling up the DagBag from /home/airflow/.local/lib/python3.7/site-packages/airflow/example_dags/tutorial_taskflow_api.py
[2023-08-26T17:21:22.124+0000] {processor.py:766} INFO - DAG(s) dict_keys(['tutorial_taskflow_api']) retrieved from /home/airflow/.local/lib/python3.7/site-packages/airflow/example_dags/tutorial_taskflow_api.py
[2023-08-26T17:21:22.155+0000] {logging_mixin.py:120} INFO - [2023-08-26T17:21:22.154+0000] {dag.py:2585} INFO - Sync 1 DAGs
[2023-08-26T17:21:22.176+0000] {logging_mixin.py:120} INFO - [2023-08-26T17:21:22.175+0000] {dag.py:3340} INFO - Setting next_dagrun for tutorial_taskflow_api to None, run_after=None
[2023-08-26T17:21:22.192+0000] {processor.py:176} INFO - Processing /home/airflow/.local/lib/python3.7/site-packages/airflow/example_dags/tutorial_taskflow_api.py took 0.084 seconds
[2023-08-26T17:21:52.573+0000] {processor.py:154} INFO - Started process (PID=2262) to work on /home/airflow/.local/lib/python3.7/site-packages/airflow/example_dags/tutorial_taskflow_api.py
[2023-08-26T17:21:52.575+0000] {processor.py:756} INFO - Processing file /home/airflow/.local/lib/python3.7/site-packages/airflow/example_dags/tutorial_taskflow_api.py for tasks to queue
[2023-08-26T17:21:52.575+0000] {logging_mixin.py:120} INFO - [2023-08-26T17:21:52.575+0000] {dagbag.py:537} INFO - Filling up the DagBag from /home/airflow/.local/lib/python3.7/site-packages/airflow/example_dags/tutorial_taskflow_api.py
[2023-08-26T17:21:52.592+0000] {processor.py:766} INFO - DAG(s) dict_keys(['tutorial_taskflow_api']) retrieved from /home/airflow/.local/lib/python3.7/site-packages/airflow/example_dags/tutorial_taskflow_api.py
[2023-08-26T17:21:52.628+0000] {logging_mixin.py:120} INFO - [2023-08-26T17:21:52.627+0000] {dag.py:2585} INFO - Sync 1 DAGs
[2023-08-26T17:21:52.647+0000] {logging_mixin.py:120} INFO - [2023-08-26T17:21:52.646+0000] {dag.py:3340} INFO - Setting next_dagrun for tutorial_taskflow_api to None, run_after=None
[2023-08-26T17:21:52.660+0000] {processor.py:176} INFO - Processing /home/airflow/.local/lib/python3.7/site-packages/airflow/example_dags/tutorial_taskflow_api.py took 0.091 seconds
[2023-08-26T17:22:22.758+0000] {processor.py:154} INFO - Started process (PID=2325) to work on /home/airflow/.local/lib/python3.7/site-packages/airflow/example_dags/tutorial_taskflow_api.py
[2023-08-26T17:22:22.758+0000] {processor.py:756} INFO - Processing file /home/airflow/.local/lib/python3.7/site-packages/airflow/example_dags/tutorial_taskflow_api.py for tasks to queue
[2023-08-26T17:22:22.759+0000] {logging_mixin.py:120} INFO - [2023-08-26T17:22:22.759+0000] {dagbag.py:537} INFO - Filling up the DagBag from /home/airflow/.local/lib/python3.7/site-packages/airflow/example_dags/tutorial_taskflow_api.py
[2023-08-26T17:22:22.770+0000] {processor.py:766} INFO - DAG(s) dict_keys(['tutorial_taskflow_api']) retrieved from /home/airflow/.local/lib/python3.7/site-packages/airflow/example_dags/tutorial_taskflow_api.py
[2023-08-26T17:22:22.799+0000] {logging_mixin.py:120} INFO - [2023-08-26T17:22:22.799+0000] {dag.py:2585} INFO - Sync 1 DAGs
[2023-08-26T17:22:22.813+0000] {logging_mixin.py:120} INFO - [2023-08-26T17:22:22.813+0000] {dag.py:3340} INFO - Setting next_dagrun for tutorial_taskflow_api to None, run_after=None
[2023-08-26T17:22:22.824+0000] {processor.py:176} INFO - Processing /home/airflow/.local/lib/python3.7/site-packages/airflow/example_dags/tutorial_taskflow_api.py took 0.070 seconds
[2023-08-26T17:22:53.012+0000] {processor.py:154} INFO - Started process (PID=2386) to work on /home/airflow/.local/lib/python3.7/site-packages/airflow/example_dags/tutorial_taskflow_api.py
[2023-08-26T17:22:53.013+0000] {processor.py:756} INFO - Processing file /home/airflow/.local/lib/python3.7/site-packages/airflow/example_dags/tutorial_taskflow_api.py for tasks to queue
[2023-08-26T17:22:53.014+0000] {logging_mixin.py:120} INFO - [2023-08-26T17:22:53.014+0000] {dagbag.py:537} INFO - Filling up the DagBag from /home/airflow/.local/lib/python3.7/site-packages/airflow/example_dags/tutorial_taskflow_api.py
[2023-08-26T17:22:53.027+0000] {processor.py:766} INFO - DAG(s) dict_keys(['tutorial_taskflow_api']) retrieved from /home/airflow/.local/lib/python3.7/site-packages/airflow/example_dags/tutorial_taskflow_api.py
[2023-08-26T17:22:53.057+0000] {logging_mixin.py:120} INFO - [2023-08-26T17:22:53.057+0000] {dag.py:2585} INFO - Sync 1 DAGs
[2023-08-26T17:22:53.072+0000] {logging_mixin.py:120} INFO - [2023-08-26T17:22:53.072+0000] {dag.py:3340} INFO - Setting next_dagrun for tutorial_taskflow_api to None, run_after=None
[2023-08-26T17:22:53.082+0000] {processor.py:176} INFO - Processing /home/airflow/.local/lib/python3.7/site-packages/airflow/example_dags/tutorial_taskflow_api.py took 0.072 seconds
[2023-08-26T17:23:23.320+0000] {processor.py:154} INFO - Started process (PID=2449) to work on /home/airflow/.local/lib/python3.7/site-packages/airflow/example_dags/tutorial_taskflow_api.py
[2023-08-26T17:23:23.321+0000] {processor.py:756} INFO - Processing file /home/airflow/.local/lib/python3.7/site-packages/airflow/example_dags/tutorial_taskflow_api.py for tasks to queue
[2023-08-26T17:23:23.321+0000] {logging_mixin.py:120} INFO - [2023-08-26T17:23:23.321+0000] {dagbag.py:537} INFO - Filling up the DagBag from /home/airflow/.local/lib/python3.7/site-packages/airflow/example_dags/tutorial_taskflow_api.py
[2023-08-26T17:23:23.334+0000] {processor.py:766} INFO - DAG(s) dict_keys(['tutorial_taskflow_api']) retrieved from /home/airflow/.local/lib/python3.7/site-packages/airflow/example_dags/tutorial_taskflow_api.py
[2023-08-26T17:23:23.360+0000] {logging_mixin.py:120} INFO - [2023-08-26T17:23:23.360+0000] {dag.py:2585} INFO - Sync 1 DAGs
[2023-08-26T17:23:23.376+0000] {logging_mixin.py:120} INFO - [2023-08-26T17:23:23.376+0000] {dag.py:3340} INFO - Setting next_dagrun for tutorial_taskflow_api to None, run_after=None
[2023-08-26T17:23:23.391+0000] {processor.py:176} INFO - Processing /home/airflow/.local/lib/python3.7/site-packages/airflow/example_dags/tutorial_taskflow_api.py took 0.073 seconds
[2023-08-26T17:23:53.636+0000] {processor.py:154} INFO - Started process (PID=2511) to work on /home/airflow/.local/lib/python3.7/site-packages/airflow/example_dags/tutorial_taskflow_api.py
[2023-08-26T17:23:53.636+0000] {processor.py:756} INFO - Processing file /home/airflow/.local/lib/python3.7/site-packages/airflow/example_dags/tutorial_taskflow_api.py for tasks to queue
[2023-08-26T17:23:53.637+0000] {logging_mixin.py:120} INFO - [2023-08-26T17:23:53.637+0000] {dagbag.py:537} INFO - Filling up the DagBag from /home/airflow/.local/lib/python3.7/site-packages/airflow/example_dags/tutorial_taskflow_api.py
[2023-08-26T17:23:53.652+0000] {processor.py:766} INFO - DAG(s) dict_keys(['tutorial_taskflow_api']) retrieved from /home/airflow/.local/lib/python3.7/site-packages/airflow/example_dags/tutorial_taskflow_api.py
[2023-08-26T17:23:53.681+0000] {logging_mixin.py:120} INFO - [2023-08-26T17:23:53.681+0000] {dag.py:2585} INFO - Sync 1 DAGs
[2023-08-26T17:23:53.695+0000] {logging_mixin.py:120} INFO - [2023-08-26T17:23:53.695+0000] {dag.py:3340} INFO - Setting next_dagrun for tutorial_taskflow_api to None, run_after=None
[2023-08-26T17:23:53.705+0000] {processor.py:176} INFO - Processing /home/airflow/.local/lib/python3.7/site-packages/airflow/example_dags/tutorial_taskflow_api.py took 0.071 seconds
[2023-08-26T17:24:23.741+0000] {processor.py:154} INFO - Started process (PID=2566) to work on /home/airflow/.local/lib/python3.7/site-packages/airflow/example_dags/tutorial_taskflow_api.py
[2023-08-26T17:24:23.742+0000] {processor.py:756} INFO - Processing file /home/airflow/.local/lib/python3.7/site-packages/airflow/example_dags/tutorial_taskflow_api.py for tasks to queue
[2023-08-26T17:24:23.742+0000] {logging_mixin.py:120} INFO - [2023-08-26T17:24:23.742+0000] {dagbag.py:537} INFO - Filling up the DagBag from /home/airflow/.local/lib/python3.7/site-packages/airflow/example_dags/tutorial_taskflow_api.py
[2023-08-26T17:24:23.754+0000] {processor.py:766} INFO - DAG(s) dict_keys(['tutorial_taskflow_api']) retrieved from /home/airflow/.local/lib/python3.7/site-packages/airflow/example_dags/tutorial_taskflow_api.py
[2023-08-26T17:24:23.780+0000] {logging_mixin.py:120} INFO - [2023-08-26T17:24:23.780+0000] {dag.py:2585} INFO - Sync 1 DAGs
[2023-08-26T17:24:23.794+0000] {logging_mixin.py:120} INFO - [2023-08-26T17:24:23.794+0000] {dag.py:3340} INFO - Setting next_dagrun for tutorial_taskflow_api to None, run_after=None
[2023-08-26T17:24:23.804+0000] {processor.py:176} INFO - Processing /home/airflow/.local/lib/python3.7/site-packages/airflow/example_dags/tutorial_taskflow_api.py took 0.065 seconds
[2023-08-26T17:24:54.093+0000] {processor.py:154} INFO - Started process (PID=2630) to work on /home/airflow/.local/lib/python3.7/site-packages/airflow/example_dags/tutorial_taskflow_api.py
[2023-08-26T17:24:54.093+0000] {processor.py:756} INFO - Processing file /home/airflow/.local/lib/python3.7/site-packages/airflow/example_dags/tutorial_taskflow_api.py for tasks to queue
[2023-08-26T17:24:54.094+0000] {logging_mixin.py:120} INFO - [2023-08-26T17:24:54.094+0000] {dagbag.py:537} INFO - Filling up the DagBag from /home/airflow/.local/lib/python3.7/site-packages/airflow/example_dags/tutorial_taskflow_api.py
[2023-08-26T17:24:54.106+0000] {processor.py:766} INFO - DAG(s) dict_keys(['tutorial_taskflow_api']) retrieved from /home/airflow/.local/lib/python3.7/site-packages/airflow/example_dags/tutorial_taskflow_api.py
[2023-08-26T17:24:54.133+0000] {logging_mixin.py:120} INFO - [2023-08-26T17:24:54.133+0000] {dag.py:2585} INFO - Sync 1 DAGs
[2023-08-26T17:24:54.146+0000] {logging_mixin.py:120} INFO - [2023-08-26T17:24:54.146+0000] {dag.py:3340} INFO - Setting next_dagrun for tutorial_taskflow_api to None, run_after=None
[2023-08-26T17:24:54.156+0000] {processor.py:176} INFO - Processing /home/airflow/.local/lib/python3.7/site-packages/airflow/example_dags/tutorial_taskflow_api.py took 0.065 seconds
[2023-08-26T17:25:24.433+0000] {processor.py:154} INFO - Started process (PID=2694) to work on /home/airflow/.local/lib/python3.7/site-packages/airflow/example_dags/tutorial_taskflow_api.py
[2023-08-26T17:25:24.434+0000] {processor.py:756} INFO - Processing file /home/airflow/.local/lib/python3.7/site-packages/airflow/example_dags/tutorial_taskflow_api.py for tasks to queue
[2023-08-26T17:25:24.435+0000] {logging_mixin.py:120} INFO - [2023-08-26T17:25:24.434+0000] {dagbag.py:537} INFO - Filling up the DagBag from /home/airflow/.local/lib/python3.7/site-packages/airflow/example_dags/tutorial_taskflow_api.py
[2023-08-26T17:25:24.446+0000] {processor.py:766} INFO - DAG(s) dict_keys(['tutorial_taskflow_api']) retrieved from /home/airflow/.local/lib/python3.7/site-packages/airflow/example_dags/tutorial_taskflow_api.py
[2023-08-26T17:25:24.472+0000] {logging_mixin.py:120} INFO - [2023-08-26T17:25:24.472+0000] {dag.py:2585} INFO - Sync 1 DAGs
[2023-08-26T17:25:24.485+0000] {logging_mixin.py:120} INFO - [2023-08-26T17:25:24.485+0000] {dag.py:3340} INFO - Setting next_dagrun for tutorial_taskflow_api to None, run_after=None
[2023-08-26T17:25:24.495+0000] {processor.py:176} INFO - Processing /home/airflow/.local/lib/python3.7/site-packages/airflow/example_dags/tutorial_taskflow_api.py took 0.064 seconds
[2023-08-26T17:25:54.616+0000] {processor.py:154} INFO - Started process (PID=2756) to work on /home/airflow/.local/lib/python3.7/site-packages/airflow/example_dags/tutorial_taskflow_api.py
[2023-08-26T17:25:54.617+0000] {processor.py:756} INFO - Processing file /home/airflow/.local/lib/python3.7/site-packages/airflow/example_dags/tutorial_taskflow_api.py for tasks to queue
[2023-08-26T17:25:54.617+0000] {logging_mixin.py:120} INFO - [2023-08-26T17:25:54.617+0000] {dagbag.py:537} INFO - Filling up the DagBag from /home/airflow/.local/lib/python3.7/site-packages/airflow/example_dags/tutorial_taskflow_api.py
[2023-08-26T17:25:54.630+0000] {processor.py:766} INFO - DAG(s) dict_keys(['tutorial_taskflow_api']) retrieved from /home/airflow/.local/lib/python3.7/site-packages/airflow/example_dags/tutorial_taskflow_api.py
[2023-08-26T17:25:54.655+0000] {logging_mixin.py:120} INFO - [2023-08-26T17:25:54.655+0000] {dag.py:2585} INFO - Sync 1 DAGs
[2023-08-26T17:25:54.668+0000] {logging_mixin.py:120} INFO - [2023-08-26T17:25:54.668+0000] {dag.py:3340} INFO - Setting next_dagrun for tutorial_taskflow_api to None, run_after=None
[2023-08-26T17:25:54.678+0000] {processor.py:176} INFO - Processing /home/airflow/.local/lib/python3.7/site-packages/airflow/example_dags/tutorial_taskflow_api.py took 0.064 seconds
[2023-08-26T17:26:24.797+0000] {processor.py:154} INFO - Started process (PID=2819) to work on /home/airflow/.local/lib/python3.7/site-packages/airflow/example_dags/tutorial_taskflow_api.py
[2023-08-26T17:26:24.797+0000] {processor.py:756} INFO - Processing file /home/airflow/.local/lib/python3.7/site-packages/airflow/example_dags/tutorial_taskflow_api.py for tasks to queue
[2023-08-26T17:26:24.798+0000] {logging_mixin.py:120} INFO - [2023-08-26T17:26:24.798+0000] {dagbag.py:537} INFO - Filling up the DagBag from /home/airflow/.local/lib/python3.7/site-packages/airflow/example_dags/tutorial_taskflow_api.py
[2023-08-26T17:26:24.811+0000] {processor.py:766} INFO - DAG(s) dict_keys(['tutorial_taskflow_api']) retrieved from /home/airflow/.local/lib/python3.7/site-packages/airflow/example_dags/tutorial_taskflow_api.py
[2023-08-26T17:26:24.836+0000] {logging_mixin.py:120} INFO - [2023-08-26T17:26:24.836+0000] {dag.py:2585} INFO - Sync 1 DAGs
[2023-08-26T17:26:24.850+0000] {logging_mixin.py:120} INFO - [2023-08-26T17:26:24.850+0000] {dag.py:3340} INFO - Setting next_dagrun for tutorial_taskflow_api to None, run_after=None
[2023-08-26T17:26:24.860+0000] {processor.py:176} INFO - Processing /home/airflow/.local/lib/python3.7/site-packages/airflow/example_dags/tutorial_taskflow_api.py took 0.065 seconds
[2023-08-26T17:26:55.754+0000] {processor.py:154} INFO - Started process (PID=2873) to work on /home/airflow/.local/lib/python3.7/site-packages/airflow/example_dags/tutorial_taskflow_api.py
[2023-08-26T17:26:55.754+0000] {processor.py:756} INFO - Processing file /home/airflow/.local/lib/python3.7/site-packages/airflow/example_dags/tutorial_taskflow_api.py for tasks to queue
[2023-08-26T17:26:55.755+0000] {logging_mixin.py:120} INFO - [2023-08-26T17:26:55.755+0000] {dagbag.py:537} INFO - Filling up the DagBag from /home/airflow/.local/lib/python3.7/site-packages/airflow/example_dags/tutorial_taskflow_api.py
[2023-08-26T17:26:55.767+0000] {processor.py:766} INFO - DAG(s) dict_keys(['tutorial_taskflow_api']) retrieved from /home/airflow/.local/lib/python3.7/site-packages/airflow/example_dags/tutorial_taskflow_api.py
[2023-08-26T17:26:55.795+0000] {logging_mixin.py:120} INFO - [2023-08-26T17:26:55.795+0000] {dag.py:2585} INFO - Sync 1 DAGs
[2023-08-26T17:26:55.808+0000] {logging_mixin.py:120} INFO - [2023-08-26T17:26:55.808+0000] {dag.py:3340} INFO - Setting next_dagrun for tutorial_taskflow_api to None, run_after=None
[2023-08-26T17:26:55.818+0000] {processor.py:176} INFO - Processing /home/airflow/.local/lib/python3.7/site-packages/airflow/example_dags/tutorial_taskflow_api.py took 0.066 seconds
[2023-08-26T17:27:26.764+0000] {processor.py:154} INFO - Started process (PID=2934) to work on /home/airflow/.local/lib/python3.7/site-packages/airflow/example_dags/tutorial_taskflow_api.py
[2023-08-26T17:27:26.764+0000] {processor.py:756} INFO - Processing file /home/airflow/.local/lib/python3.7/site-packages/airflow/example_dags/tutorial_taskflow_api.py for tasks to queue
[2023-08-26T17:27:26.765+0000] {logging_mixin.py:120} INFO - [2023-08-26T17:27:26.765+0000] {dagbag.py:537} INFO - Filling up the DagBag from /home/airflow/.local/lib/python3.7/site-packages/airflow/example_dags/tutorial_taskflow_api.py
[2023-08-26T17:27:26.780+0000] {processor.py:766} INFO - DAG(s) dict_keys(['tutorial_taskflow_api']) retrieved from /home/airflow/.local/lib/python3.7/site-packages/airflow/example_dags/tutorial_taskflow_api.py
[2023-08-26T17:27:26.807+0000] {logging_mixin.py:120} INFO - [2023-08-26T17:27:26.807+0000] {dag.py:2585} INFO - Sync 1 DAGs
[2023-08-26T17:27:26.823+0000] {logging_mixin.py:120} INFO - [2023-08-26T17:27:26.823+0000] {dag.py:3340} INFO - Setting next_dagrun for tutorial_taskflow_api to None, run_after=None
[2023-08-26T17:27:26.835+0000] {processor.py:176} INFO - Processing /home/airflow/.local/lib/python3.7/site-packages/airflow/example_dags/tutorial_taskflow_api.py took 0.073 seconds
[2023-08-26T17:27:56.910+0000] {processor.py:154} INFO - Started process (PID=2996) to work on /home/airflow/.local/lib/python3.7/site-packages/airflow/example_dags/tutorial_taskflow_api.py
[2023-08-26T17:27:56.911+0000] {processor.py:756} INFO - Processing file /home/airflow/.local/lib/python3.7/site-packages/airflow/example_dags/tutorial_taskflow_api.py for tasks to queue
[2023-08-26T17:27:56.911+0000] {logging_mixin.py:120} INFO - [2023-08-26T17:27:56.911+0000] {dagbag.py:537} INFO - Filling up the DagBag from /home/airflow/.local/lib/python3.7/site-packages/airflow/example_dags/tutorial_taskflow_api.py
[2023-08-26T17:27:56.924+0000] {processor.py:766} INFO - DAG(s) dict_keys(['tutorial_taskflow_api']) retrieved from /home/airflow/.local/lib/python3.7/site-packages/airflow/example_dags/tutorial_taskflow_api.py
[2023-08-26T17:27:56.951+0000] {logging_mixin.py:120} INFO - [2023-08-26T17:27:56.951+0000] {dag.py:2585} INFO - Sync 1 DAGs
[2023-08-26T17:27:56.965+0000] {logging_mixin.py:120} INFO - [2023-08-26T17:27:56.965+0000] {dag.py:3340} INFO - Setting next_dagrun for tutorial_taskflow_api to None, run_after=None
[2023-08-26T17:27:56.976+0000] {processor.py:176} INFO - Processing /home/airflow/.local/lib/python3.7/site-packages/airflow/example_dags/tutorial_taskflow_api.py took 0.069 seconds
[2023-08-26T17:28:27.025+0000] {processor.py:154} INFO - Started process (PID=3059) to work on /home/airflow/.local/lib/python3.7/site-packages/airflow/example_dags/tutorial_taskflow_api.py
[2023-08-26T17:28:27.025+0000] {processor.py:756} INFO - Processing file /home/airflow/.local/lib/python3.7/site-packages/airflow/example_dags/tutorial_taskflow_api.py for tasks to queue
[2023-08-26T17:28:27.026+0000] {logging_mixin.py:120} INFO - [2023-08-26T17:28:27.026+0000] {dagbag.py:537} INFO - Filling up the DagBag from /home/airflow/.local/lib/python3.7/site-packages/airflow/example_dags/tutorial_taskflow_api.py
[2023-08-26T17:28:27.038+0000] {processor.py:766} INFO - DAG(s) dict_keys(['tutorial_taskflow_api']) retrieved from /home/airflow/.local/lib/python3.7/site-packages/airflow/example_dags/tutorial_taskflow_api.py
[2023-08-26T17:28:27.065+0000] {logging_mixin.py:120} INFO - [2023-08-26T17:28:27.065+0000] {dag.py:2585} INFO - Sync 1 DAGs
[2023-08-26T17:28:27.081+0000] {logging_mixin.py:120} INFO - [2023-08-26T17:28:27.081+0000] {dag.py:3340} INFO - Setting next_dagrun for tutorial_taskflow_api to None, run_after=None
[2023-08-26T17:28:27.092+0000] {processor.py:176} INFO - Processing /home/airflow/.local/lib/python3.7/site-packages/airflow/example_dags/tutorial_taskflow_api.py took 0.070 seconds
[2023-08-26T17:28:58.198+0000] {processor.py:154} INFO - Started process (PID=3121) to work on /home/airflow/.local/lib/python3.7/site-packages/airflow/example_dags/tutorial_taskflow_api.py
[2023-08-26T17:28:58.199+0000] {processor.py:756} INFO - Processing file /home/airflow/.local/lib/python3.7/site-packages/airflow/example_dags/tutorial_taskflow_api.py for tasks to queue
[2023-08-26T17:28:58.199+0000] {logging_mixin.py:120} INFO - [2023-08-26T17:28:58.199+0000] {dagbag.py:537} INFO - Filling up the DagBag from /home/airflow/.local/lib/python3.7/site-packages/airflow/example_dags/tutorial_taskflow_api.py
[2023-08-26T17:28:58.213+0000] {processor.py:766} INFO - DAG(s) dict_keys(['tutorial_taskflow_api']) retrieved from /home/airflow/.local/lib/python3.7/site-packages/airflow/example_dags/tutorial_taskflow_api.py
[2023-08-26T17:28:58.240+0000] {logging_mixin.py:120} INFO - [2023-08-26T17:28:58.240+0000] {dag.py:2585} INFO - Sync 1 DAGs
[2023-08-26T17:28:58.254+0000] {logging_mixin.py:120} INFO - [2023-08-26T17:28:58.254+0000] {dag.py:3340} INFO - Setting next_dagrun for tutorial_taskflow_api to None, run_after=None
[2023-08-26T17:28:58.264+0000] {processor.py:176} INFO - Processing /home/airflow/.local/lib/python3.7/site-packages/airflow/example_dags/tutorial_taskflow_api.py took 0.068 seconds
[2023-08-26T17:29:28.474+0000] {processor.py:154} INFO - Started process (PID=3184) to work on /home/airflow/.local/lib/python3.7/site-packages/airflow/example_dags/tutorial_taskflow_api.py
[2023-08-26T17:29:28.475+0000] {processor.py:756} INFO - Processing file /home/airflow/.local/lib/python3.7/site-packages/airflow/example_dags/tutorial_taskflow_api.py for tasks to queue
[2023-08-26T17:29:28.475+0000] {logging_mixin.py:120} INFO - [2023-08-26T17:29:28.475+0000] {dagbag.py:537} INFO - Filling up the DagBag from /home/airflow/.local/lib/python3.7/site-packages/airflow/example_dags/tutorial_taskflow_api.py
[2023-08-26T17:29:28.489+0000] {processor.py:766} INFO - DAG(s) dict_keys(['tutorial_taskflow_api']) retrieved from /home/airflow/.local/lib/python3.7/site-packages/airflow/example_dags/tutorial_taskflow_api.py
[2023-08-26T17:29:28.517+0000] {logging_mixin.py:120} INFO - [2023-08-26T17:29:28.517+0000] {dag.py:2585} INFO - Sync 1 DAGs
[2023-08-26T17:29:28.531+0000] {logging_mixin.py:120} INFO - [2023-08-26T17:29:28.531+0000] {dag.py:3340} INFO - Setting next_dagrun for tutorial_taskflow_api to None, run_after=None
[2023-08-26T17:29:28.543+0000] {processor.py:176} INFO - Processing /home/airflow/.local/lib/python3.7/site-packages/airflow/example_dags/tutorial_taskflow_api.py took 0.071 seconds
[2023-08-26T17:29:58.730+0000] {processor.py:154} INFO - Started process (PID=3244) to work on /home/airflow/.local/lib/python3.7/site-packages/airflow/example_dags/tutorial_taskflow_api.py
[2023-08-26T17:29:58.731+0000] {processor.py:756} INFO - Processing file /home/airflow/.local/lib/python3.7/site-packages/airflow/example_dags/tutorial_taskflow_api.py for tasks to queue
[2023-08-26T17:29:58.732+0000] {logging_mixin.py:120} INFO - [2023-08-26T17:29:58.731+0000] {dagbag.py:537} INFO - Filling up the DagBag from /home/airflow/.local/lib/python3.7/site-packages/airflow/example_dags/tutorial_taskflow_api.py
[2023-08-26T17:29:58.749+0000] {processor.py:766} INFO - DAG(s) dict_keys(['tutorial_taskflow_api']) retrieved from /home/airflow/.local/lib/python3.7/site-packages/airflow/example_dags/tutorial_taskflow_api.py
[2023-08-26T17:29:58.791+0000] {logging_mixin.py:120} INFO - [2023-08-26T17:29:58.791+0000] {dag.py:2585} INFO - Sync 1 DAGs
[2023-08-26T17:29:58.811+0000] {logging_mixin.py:120} INFO - [2023-08-26T17:29:58.810+0000] {dag.py:3340} INFO - Setting next_dagrun for tutorial_taskflow_api to None, run_after=None
[2023-08-26T17:29:58.825+0000] {processor.py:176} INFO - Processing /home/airflow/.local/lib/python3.7/site-packages/airflow/example_dags/tutorial_taskflow_api.py took 0.099 seconds
[2023-08-26T17:30:28.918+0000] {processor.py:154} INFO - Started process (PID=3301) to work on /home/airflow/.local/lib/python3.7/site-packages/airflow/example_dags/tutorial_taskflow_api.py
[2023-08-26T17:30:28.919+0000] {processor.py:756} INFO - Processing file /home/airflow/.local/lib/python3.7/site-packages/airflow/example_dags/tutorial_taskflow_api.py for tasks to queue
[2023-08-26T17:30:28.919+0000] {logging_mixin.py:120} INFO - [2023-08-26T17:30:28.919+0000] {dagbag.py:537} INFO - Filling up the DagBag from /home/airflow/.local/lib/python3.7/site-packages/airflow/example_dags/tutorial_taskflow_api.py
[2023-08-26T17:30:28.932+0000] {processor.py:766} INFO - DAG(s) dict_keys(['tutorial_taskflow_api']) retrieved from /home/airflow/.local/lib/python3.7/site-packages/airflow/example_dags/tutorial_taskflow_api.py
[2023-08-26T17:30:28.958+0000] {logging_mixin.py:120} INFO - [2023-08-26T17:30:28.958+0000] {dag.py:2585} INFO - Sync 1 DAGs
[2023-08-26T17:30:28.973+0000] {logging_mixin.py:120} INFO - [2023-08-26T17:30:28.972+0000] {dag.py:3340} INFO - Setting next_dagrun for tutorial_taskflow_api to None, run_after=None
[2023-08-26T17:30:28.982+0000] {processor.py:176} INFO - Processing /home/airflow/.local/lib/python3.7/site-packages/airflow/example_dags/tutorial_taskflow_api.py took 0.066 seconds
[2023-08-26T17:30:59.095+0000] {processor.py:154} INFO - Started process (PID=3364) to work on /home/airflow/.local/lib/python3.7/site-packages/airflow/example_dags/tutorial_taskflow_api.py
[2023-08-26T17:30:59.096+0000] {processor.py:756} INFO - Processing file /home/airflow/.local/lib/python3.7/site-packages/airflow/example_dags/tutorial_taskflow_api.py for tasks to queue
[2023-08-26T17:30:59.096+0000] {logging_mixin.py:120} INFO - [2023-08-26T17:30:59.096+0000] {dagbag.py:537} INFO - Filling up the DagBag from /home/airflow/.local/lib/python3.7/site-packages/airflow/example_dags/tutorial_taskflow_api.py
[2023-08-26T17:30:59.109+0000] {processor.py:766} INFO - DAG(s) dict_keys(['tutorial_taskflow_api']) retrieved from /home/airflow/.local/lib/python3.7/site-packages/airflow/example_dags/tutorial_taskflow_api.py
[2023-08-26T17:30:59.140+0000] {logging_mixin.py:120} INFO - [2023-08-26T17:30:59.140+0000] {dag.py:2585} INFO - Sync 1 DAGs
[2023-08-26T17:30:59.155+0000] {logging_mixin.py:120} INFO - [2023-08-26T17:30:59.155+0000] {dag.py:3340} INFO - Setting next_dagrun for tutorial_taskflow_api to None, run_after=None
[2023-08-26T17:30:59.166+0000] {processor.py:176} INFO - Processing /home/airflow/.local/lib/python3.7/site-packages/airflow/example_dags/tutorial_taskflow_api.py took 0.073 seconds
[2023-08-26T17:31:29.369+0000] {processor.py:154} INFO - Started process (PID=3427) to work on /home/airflow/.local/lib/python3.7/site-packages/airflow/example_dags/tutorial_taskflow_api.py
[2023-08-26T17:31:29.370+0000] {processor.py:756} INFO - Processing file /home/airflow/.local/lib/python3.7/site-packages/airflow/example_dags/tutorial_taskflow_api.py for tasks to queue
[2023-08-26T17:31:29.371+0000] {logging_mixin.py:120} INFO - [2023-08-26T17:31:29.371+0000] {dagbag.py:537} INFO - Filling up the DagBag from /home/airflow/.local/lib/python3.7/site-packages/airflow/example_dags/tutorial_taskflow_api.py
[2023-08-26T17:31:29.384+0000] {processor.py:766} INFO - DAG(s) dict_keys(['tutorial_taskflow_api']) retrieved from /home/airflow/.local/lib/python3.7/site-packages/airflow/example_dags/tutorial_taskflow_api.py
[2023-08-26T17:31:29.413+0000] {logging_mixin.py:120} INFO - [2023-08-26T17:31:29.413+0000] {dag.py:2585} INFO - Sync 1 DAGs
[2023-08-26T17:31:29.427+0000] {logging_mixin.py:120} INFO - [2023-08-26T17:31:29.427+0000] {dag.py:3340} INFO - Setting next_dagrun for tutorial_taskflow_api to None, run_after=None
[2023-08-26T17:31:29.437+0000] {processor.py:176} INFO - Processing /home/airflow/.local/lib/python3.7/site-packages/airflow/example_dags/tutorial_taskflow_api.py took 0.070 seconds
