[2023-08-26T17:03:31.374+0000] {processor.py:154} INFO - Started process (PID=40) to work on /home/airflow/.local/lib/python3.7/site-packages/airflow/example_dags/tutorial.py
[2023-08-26T17:03:31.375+0000] {processor.py:756} INFO - Processing file /home/airflow/.local/lib/python3.7/site-packages/airflow/example_dags/tutorial.py for tasks to queue
[2023-08-26T17:03:31.376+0000] {logging_mixin.py:120} INFO - [2023-08-26T17:03:31.376+0000] {dagbag.py:537} INFO - Filling up the DagBag from /home/airflow/.local/lib/python3.7/site-packages/airflow/example_dags/tutorial.py
[2023-08-26T17:03:31.393+0000] {processor.py:766} INFO - DAG(s) dict_keys(['tutorial']) retrieved from /home/airflow/.local/lib/python3.7/site-packages/airflow/example_dags/tutorial.py
[2023-08-26T17:03:31.487+0000] {logging_mixin.py:120} INFO - [2023-08-26T17:03:31.487+0000] {manager.py:507} INFO - Created Permission View: can edit on DAG:tutorial
[2023-08-26T17:03:31.493+0000] {logging_mixin.py:120} INFO - [2023-08-26T17:03:31.493+0000] {manager.py:507} INFO - Created Permission View: can read on DAG:tutorial
[2023-08-26T17:03:31.498+0000] {logging_mixin.py:120} INFO - [2023-08-26T17:03:31.498+0000] {manager.py:507} INFO - Created Permission View: can delete on DAG:tutorial
[2023-08-26T17:03:31.498+0000] {logging_mixin.py:120} INFO - [2023-08-26T17:03:31.498+0000] {dag.py:2585} INFO - Sync 1 DAGs
[2023-08-26T17:03:31.508+0000] {logging_mixin.py:120} INFO - [2023-08-26T17:03:31.508+0000] {dag.py:2606} INFO - Creating ORM DAG for tutorial
[2023-08-26T17:03:31.517+0000] {logging_mixin.py:120} INFO - [2023-08-26T17:03:31.517+0000] {dag.py:3340} INFO - Setting next_dagrun for tutorial to 2023-08-25T17:03:31.516891+00:00, run_after=2023-08-26T17:03:31.516891+00:00
[2023-08-26T17:03:31.536+0000] {processor.py:176} INFO - Processing /home/airflow/.local/lib/python3.7/site-packages/airflow/example_dags/tutorial.py took 0.165 seconds
[2023-08-26T17:04:01.645+0000] {processor.py:154} INFO - Started process (PID=102) to work on /home/airflow/.local/lib/python3.7/site-packages/airflow/example_dags/tutorial.py
[2023-08-26T17:04:01.646+0000] {processor.py:756} INFO - Processing file /home/airflow/.local/lib/python3.7/site-packages/airflow/example_dags/tutorial.py for tasks to queue
[2023-08-26T17:04:01.646+0000] {logging_mixin.py:120} INFO - [2023-08-26T17:04:01.646+0000] {dagbag.py:537} INFO - Filling up the DagBag from /home/airflow/.local/lib/python3.7/site-packages/airflow/example_dags/tutorial.py
[2023-08-26T17:04:01.656+0000] {processor.py:766} INFO - DAG(s) dict_keys(['tutorial']) retrieved from /home/airflow/.local/lib/python3.7/site-packages/airflow/example_dags/tutorial.py
[2023-08-26T17:04:01.680+0000] {logging_mixin.py:120} INFO - [2023-08-26T17:04:01.680+0000] {dag.py:2585} INFO - Sync 1 DAGs
[2023-08-26T17:04:01.693+0000] {logging_mixin.py:120} INFO - [2023-08-26T17:04:01.692+0000] {dag.py:3340} INFO - Setting next_dagrun for tutorial to 2023-08-25T17:04:01.692778+00:00, run_after=2023-08-26T17:04:01.692778+00:00
[2023-08-26T17:04:01.707+0000] {processor.py:176} INFO - Processing /home/airflow/.local/lib/python3.7/site-packages/airflow/example_dags/tutorial.py took 0.064 seconds
[2023-08-26T17:04:32.524+0000] {processor.py:154} INFO - Started process (PID=166) to work on /home/airflow/.local/lib/python3.7/site-packages/airflow/example_dags/tutorial.py
[2023-08-26T17:04:32.525+0000] {processor.py:756} INFO - Processing file /home/airflow/.local/lib/python3.7/site-packages/airflow/example_dags/tutorial.py for tasks to queue
[2023-08-26T17:04:32.525+0000] {logging_mixin.py:120} INFO - [2023-08-26T17:04:32.525+0000] {dagbag.py:537} INFO - Filling up the DagBag from /home/airflow/.local/lib/python3.7/site-packages/airflow/example_dags/tutorial.py
[2023-08-26T17:04:32.536+0000] {processor.py:766} INFO - DAG(s) dict_keys(['tutorial']) retrieved from /home/airflow/.local/lib/python3.7/site-packages/airflow/example_dags/tutorial.py
[2023-08-26T17:04:32.560+0000] {logging_mixin.py:120} INFO - [2023-08-26T17:04:32.560+0000] {dag.py:2585} INFO - Sync 1 DAGs
[2023-08-26T17:04:32.574+0000] {logging_mixin.py:120} INFO - [2023-08-26T17:04:32.574+0000] {dag.py:3340} INFO - Setting next_dagrun for tutorial to 2023-08-25T17:04:32.574311+00:00, run_after=2023-08-26T17:04:32.574311+00:00
[2023-08-26T17:04:32.585+0000] {processor.py:176} INFO - Processing /home/airflow/.local/lib/python3.7/site-packages/airflow/example_dags/tutorial.py took 0.062 seconds
[2023-08-26T17:05:03.422+0000] {processor.py:154} INFO - Started process (PID=229) to work on /home/airflow/.local/lib/python3.7/site-packages/airflow/example_dags/tutorial.py
[2023-08-26T17:05:03.423+0000] {processor.py:756} INFO - Processing file /home/airflow/.local/lib/python3.7/site-packages/airflow/example_dags/tutorial.py for tasks to queue
[2023-08-26T17:05:03.423+0000] {logging_mixin.py:120} INFO - [2023-08-26T17:05:03.423+0000] {dagbag.py:537} INFO - Filling up the DagBag from /home/airflow/.local/lib/python3.7/site-packages/airflow/example_dags/tutorial.py
[2023-08-26T17:05:03.434+0000] {processor.py:766} INFO - DAG(s) dict_keys(['tutorial']) retrieved from /home/airflow/.local/lib/python3.7/site-packages/airflow/example_dags/tutorial.py
[2023-08-26T17:05:03.460+0000] {logging_mixin.py:120} INFO - [2023-08-26T17:05:03.460+0000] {dag.py:2585} INFO - Sync 1 DAGs
[2023-08-26T17:05:03.474+0000] {logging_mixin.py:120} INFO - [2023-08-26T17:05:03.474+0000] {dag.py:3340} INFO - Setting next_dagrun for tutorial to 2023-08-25T17:05:03.474458+00:00, run_after=2023-08-26T17:05:03.474458+00:00
[2023-08-26T17:05:03.485+0000] {processor.py:176} INFO - Processing /home/airflow/.local/lib/python3.7/site-packages/airflow/example_dags/tutorial.py took 0.065 seconds
[2023-08-26T17:05:34.346+0000] {processor.py:154} INFO - Started process (PID=293) to work on /home/airflow/.local/lib/python3.7/site-packages/airflow/example_dags/tutorial.py
[2023-08-26T17:05:34.347+0000] {processor.py:756} INFO - Processing file /home/airflow/.local/lib/python3.7/site-packages/airflow/example_dags/tutorial.py for tasks to queue
[2023-08-26T17:05:34.347+0000] {logging_mixin.py:120} INFO - [2023-08-26T17:05:34.347+0000] {dagbag.py:537} INFO - Filling up the DagBag from /home/airflow/.local/lib/python3.7/site-packages/airflow/example_dags/tutorial.py
[2023-08-26T17:05:34.357+0000] {processor.py:766} INFO - DAG(s) dict_keys(['tutorial']) retrieved from /home/airflow/.local/lib/python3.7/site-packages/airflow/example_dags/tutorial.py
[2023-08-26T17:05:34.384+0000] {logging_mixin.py:120} INFO - [2023-08-26T17:05:34.384+0000] {dag.py:2585} INFO - Sync 1 DAGs
[2023-08-26T17:05:34.398+0000] {logging_mixin.py:120} INFO - [2023-08-26T17:05:34.398+0000] {dag.py:3340} INFO - Setting next_dagrun for tutorial to 2023-08-25T17:05:34.398450+00:00, run_after=2023-08-26T17:05:34.398450+00:00
[2023-08-26T17:05:34.410+0000] {processor.py:176} INFO - Processing /home/airflow/.local/lib/python3.7/site-packages/airflow/example_dags/tutorial.py took 0.067 seconds
[2023-08-26T17:06:04.590+0000] {processor.py:154} INFO - Started process (PID=347) to work on /home/airflow/.local/lib/python3.7/site-packages/airflow/example_dags/tutorial.py
[2023-08-26T17:06:04.591+0000] {processor.py:756} INFO - Processing file /home/airflow/.local/lib/python3.7/site-packages/airflow/example_dags/tutorial.py for tasks to queue
[2023-08-26T17:06:04.592+0000] {logging_mixin.py:120} INFO - [2023-08-26T17:06:04.591+0000] {dagbag.py:537} INFO - Filling up the DagBag from /home/airflow/.local/lib/python3.7/site-packages/airflow/example_dags/tutorial.py
[2023-08-26T17:06:04.601+0000] {processor.py:766} INFO - DAG(s) dict_keys(['tutorial']) retrieved from /home/airflow/.local/lib/python3.7/site-packages/airflow/example_dags/tutorial.py
[2023-08-26T17:06:04.626+0000] {logging_mixin.py:120} INFO - [2023-08-26T17:06:04.626+0000] {dag.py:2585} INFO - Sync 1 DAGs
[2023-08-26T17:06:04.640+0000] {logging_mixin.py:120} INFO - [2023-08-26T17:06:04.640+0000] {dag.py:3340} INFO - Setting next_dagrun for tutorial to 2023-08-25T17:06:04.639909+00:00, run_after=2023-08-26T17:06:04.639909+00:00
[2023-08-26T17:06:04.650+0000] {processor.py:176} INFO - Processing /home/airflow/.local/lib/python3.7/site-packages/airflow/example_dags/tutorial.py took 0.062 seconds
[2023-08-26T17:06:35.701+0000] {processor.py:154} INFO - Started process (PID=410) to work on /home/airflow/.local/lib/python3.7/site-packages/airflow/example_dags/tutorial.py
[2023-08-26T17:06:35.702+0000] {processor.py:756} INFO - Processing file /home/airflow/.local/lib/python3.7/site-packages/airflow/example_dags/tutorial.py for tasks to queue
[2023-08-26T17:06:35.702+0000] {logging_mixin.py:120} INFO - [2023-08-26T17:06:35.702+0000] {dagbag.py:537} INFO - Filling up the DagBag from /home/airflow/.local/lib/python3.7/site-packages/airflow/example_dags/tutorial.py
[2023-08-26T17:06:35.712+0000] {processor.py:766} INFO - DAG(s) dict_keys(['tutorial']) retrieved from /home/airflow/.local/lib/python3.7/site-packages/airflow/example_dags/tutorial.py
[2023-08-26T17:06:35.738+0000] {logging_mixin.py:120} INFO - [2023-08-26T17:06:35.738+0000] {dag.py:2585} INFO - Sync 1 DAGs
[2023-08-26T17:06:35.753+0000] {logging_mixin.py:120} INFO - [2023-08-26T17:06:35.752+0000] {dag.py:3340} INFO - Setting next_dagrun for tutorial to 2023-08-25T17:06:35.752790+00:00, run_after=2023-08-26T17:06:35.752790+00:00
[2023-08-26T17:06:35.763+0000] {processor.py:176} INFO - Processing /home/airflow/.local/lib/python3.7/site-packages/airflow/example_dags/tutorial.py took 0.064 seconds
[2023-08-26T17:07:06.563+0000] {processor.py:154} INFO - Started process (PID=472) to work on /home/airflow/.local/lib/python3.7/site-packages/airflow/example_dags/tutorial.py
[2023-08-26T17:07:06.564+0000] {processor.py:756} INFO - Processing file /home/airflow/.local/lib/python3.7/site-packages/airflow/example_dags/tutorial.py for tasks to queue
[2023-08-26T17:07:06.564+0000] {logging_mixin.py:120} INFO - [2023-08-26T17:07:06.564+0000] {dagbag.py:537} INFO - Filling up the DagBag from /home/airflow/.local/lib/python3.7/site-packages/airflow/example_dags/tutorial.py
[2023-08-26T17:07:06.575+0000] {processor.py:766} INFO - DAG(s) dict_keys(['tutorial']) retrieved from /home/airflow/.local/lib/python3.7/site-packages/airflow/example_dags/tutorial.py
[2023-08-26T17:07:06.602+0000] {logging_mixin.py:120} INFO - [2023-08-26T17:07:06.602+0000] {dag.py:2585} INFO - Sync 1 DAGs
[2023-08-26T17:07:06.615+0000] {logging_mixin.py:120} INFO - [2023-08-26T17:07:06.615+0000] {dag.py:3340} INFO - Setting next_dagrun for tutorial to 2023-08-25T17:07:06.615633+00:00, run_after=2023-08-26T17:07:06.615633+00:00
[2023-08-26T17:07:06.631+0000] {processor.py:176} INFO - Processing /home/airflow/.local/lib/python3.7/site-packages/airflow/example_dags/tutorial.py took 0.070 seconds
[2023-08-26T17:07:37.843+0000] {processor.py:154} INFO - Started process (PID=535) to work on /home/airflow/.local/lib/python3.7/site-packages/airflow/example_dags/tutorial.py
[2023-08-26T17:07:37.844+0000] {processor.py:756} INFO - Processing file /home/airflow/.local/lib/python3.7/site-packages/airflow/example_dags/tutorial.py for tasks to queue
[2023-08-26T17:07:37.844+0000] {logging_mixin.py:120} INFO - [2023-08-26T17:07:37.844+0000] {dagbag.py:537} INFO - Filling up the DagBag from /home/airflow/.local/lib/python3.7/site-packages/airflow/example_dags/tutorial.py
[2023-08-26T17:07:37.858+0000] {processor.py:766} INFO - DAG(s) dict_keys(['tutorial']) retrieved from /home/airflow/.local/lib/python3.7/site-packages/airflow/example_dags/tutorial.py
[2023-08-26T17:07:37.893+0000] {logging_mixin.py:120} INFO - [2023-08-26T17:07:37.893+0000] {dag.py:2585} INFO - Sync 1 DAGs
[2023-08-26T17:07:37.913+0000] {logging_mixin.py:120} INFO - [2023-08-26T17:07:37.913+0000] {dag.py:3340} INFO - Setting next_dagrun for tutorial to 2023-08-25T17:07:37.913307+00:00, run_after=2023-08-26T17:07:37.913307+00:00
[2023-08-26T17:07:37.928+0000] {processor.py:176} INFO - Processing /home/airflow/.local/lib/python3.7/site-packages/airflow/example_dags/tutorial.py took 0.089 seconds
[2023-08-26T17:08:08.856+0000] {processor.py:154} INFO - Started process (PID=598) to work on /home/airflow/.local/lib/python3.7/site-packages/airflow/example_dags/tutorial.py
[2023-08-26T17:08:08.856+0000] {processor.py:756} INFO - Processing file /home/airflow/.local/lib/python3.7/site-packages/airflow/example_dags/tutorial.py for tasks to queue
[2023-08-26T17:08:08.857+0000] {logging_mixin.py:120} INFO - [2023-08-26T17:08:08.857+0000] {dagbag.py:537} INFO - Filling up the DagBag from /home/airflow/.local/lib/python3.7/site-packages/airflow/example_dags/tutorial.py
[2023-08-26T17:08:08.866+0000] {processor.py:766} INFO - DAG(s) dict_keys(['tutorial']) retrieved from /home/airflow/.local/lib/python3.7/site-packages/airflow/example_dags/tutorial.py
[2023-08-26T17:08:08.890+0000] {logging_mixin.py:120} INFO - [2023-08-26T17:08:08.890+0000] {dag.py:2585} INFO - Sync 1 DAGs
[2023-08-26T17:08:08.902+0000] {logging_mixin.py:120} INFO - [2023-08-26T17:08:08.902+0000] {dag.py:3340} INFO - Setting next_dagrun for tutorial to 2023-08-25T17:08:08.902267+00:00, run_after=2023-08-26T17:08:08.902267+00:00
[2023-08-26T17:08:08.912+0000] {processor.py:176} INFO - Processing /home/airflow/.local/lib/python3.7/site-packages/airflow/example_dags/tutorial.py took 0.058 seconds
[2023-08-26T17:08:39.856+0000] {processor.py:154} INFO - Started process (PID=661) to work on /home/airflow/.local/lib/python3.7/site-packages/airflow/example_dags/tutorial.py
[2023-08-26T17:08:39.858+0000] {processor.py:756} INFO - Processing file /home/airflow/.local/lib/python3.7/site-packages/airflow/example_dags/tutorial.py for tasks to queue
[2023-08-26T17:08:39.858+0000] {logging_mixin.py:120} INFO - [2023-08-26T17:08:39.858+0000] {dagbag.py:537} INFO - Filling up the DagBag from /home/airflow/.local/lib/python3.7/site-packages/airflow/example_dags/tutorial.py
[2023-08-26T17:08:39.874+0000] {processor.py:766} INFO - DAG(s) dict_keys(['tutorial']) retrieved from /home/airflow/.local/lib/python3.7/site-packages/airflow/example_dags/tutorial.py
[2023-08-26T17:08:39.908+0000] {logging_mixin.py:120} INFO - [2023-08-26T17:08:39.908+0000] {dag.py:2585} INFO - Sync 1 DAGs
[2023-08-26T17:08:39.924+0000] {logging_mixin.py:120} INFO - [2023-08-26T17:08:39.924+0000] {dag.py:3340} INFO - Setting next_dagrun for tutorial to 2023-08-25T17:08:39.923875+00:00, run_after=2023-08-26T17:08:39.923875+00:00
[2023-08-26T17:08:39.936+0000] {processor.py:176} INFO - Processing /home/airflow/.local/lib/python3.7/site-packages/airflow/example_dags/tutorial.py took 0.084 seconds
[2023-08-26T17:09:10.012+0000] {processor.py:154} INFO - Started process (PID=723) to work on /home/airflow/.local/lib/python3.7/site-packages/airflow/example_dags/tutorial.py
[2023-08-26T17:09:10.012+0000] {processor.py:756} INFO - Processing file /home/airflow/.local/lib/python3.7/site-packages/airflow/example_dags/tutorial.py for tasks to queue
[2023-08-26T17:09:10.013+0000] {logging_mixin.py:120} INFO - [2023-08-26T17:09:10.013+0000] {dagbag.py:537} INFO - Filling up the DagBag from /home/airflow/.local/lib/python3.7/site-packages/airflow/example_dags/tutorial.py
[2023-08-26T17:09:10.022+0000] {processor.py:766} INFO - DAG(s) dict_keys(['tutorial']) retrieved from /home/airflow/.local/lib/python3.7/site-packages/airflow/example_dags/tutorial.py
[2023-08-26T17:09:10.055+0000] {logging_mixin.py:120} INFO - [2023-08-26T17:09:10.055+0000] {dag.py:2585} INFO - Sync 1 DAGs
[2023-08-26T17:09:10.075+0000] {logging_mixin.py:120} INFO - [2023-08-26T17:09:10.074+0000] {dag.py:3340} INFO - Setting next_dagrun for tutorial to 2023-08-25T17:09:10.074640+00:00, run_after=2023-08-26T17:09:10.074640+00:00
[2023-08-26T17:09:10.095+0000] {processor.py:176} INFO - Processing /home/airflow/.local/lib/python3.7/site-packages/airflow/example_dags/tutorial.py took 0.085 seconds
[2023-08-26T17:09:40.329+0000] {processor.py:154} INFO - Started process (PID=777) to work on /home/airflow/.local/lib/python3.7/site-packages/airflow/example_dags/tutorial.py
[2023-08-26T17:09:40.331+0000] {processor.py:756} INFO - Processing file /home/airflow/.local/lib/python3.7/site-packages/airflow/example_dags/tutorial.py for tasks to queue
[2023-08-26T17:09:40.331+0000] {logging_mixin.py:120} INFO - [2023-08-26T17:09:40.331+0000] {dagbag.py:537} INFO - Filling up the DagBag from /home/airflow/.local/lib/python3.7/site-packages/airflow/example_dags/tutorial.py
[2023-08-26T17:09:40.348+0000] {processor.py:766} INFO - DAG(s) dict_keys(['tutorial']) retrieved from /home/airflow/.local/lib/python3.7/site-packages/airflow/example_dags/tutorial.py
[2023-08-26T17:09:40.383+0000] {logging_mixin.py:120} INFO - [2023-08-26T17:09:40.383+0000] {dag.py:2585} INFO - Sync 1 DAGs
[2023-08-26T17:09:40.399+0000] {logging_mixin.py:120} INFO - [2023-08-26T17:09:40.399+0000] {dag.py:3340} INFO - Setting next_dagrun for tutorial to 2023-08-25T17:09:40.399162+00:00, run_after=2023-08-26T17:09:40.399162+00:00
[2023-08-26T17:09:40.412+0000] {processor.py:176} INFO - Processing /home/airflow/.local/lib/python3.7/site-packages/airflow/example_dags/tutorial.py took 0.085 seconds
[2023-08-26T17:10:10.509+0000] {processor.py:154} INFO - Started process (PID=840) to work on /home/airflow/.local/lib/python3.7/site-packages/airflow/example_dags/tutorial.py
[2023-08-26T17:10:10.510+0000] {processor.py:756} INFO - Processing file /home/airflow/.local/lib/python3.7/site-packages/airflow/example_dags/tutorial.py for tasks to queue
[2023-08-26T17:10:10.510+0000] {logging_mixin.py:120} INFO - [2023-08-26T17:10:10.510+0000] {dagbag.py:537} INFO - Filling up the DagBag from /home/airflow/.local/lib/python3.7/site-packages/airflow/example_dags/tutorial.py
[2023-08-26T17:10:10.521+0000] {processor.py:766} INFO - DAG(s) dict_keys(['tutorial']) retrieved from /home/airflow/.local/lib/python3.7/site-packages/airflow/example_dags/tutorial.py
[2023-08-26T17:10:10.551+0000] {logging_mixin.py:120} INFO - [2023-08-26T17:10:10.551+0000] {dag.py:2585} INFO - Sync 1 DAGs
[2023-08-26T17:10:10.567+0000] {logging_mixin.py:120} INFO - [2023-08-26T17:10:10.567+0000] {dag.py:3340} INFO - Setting next_dagrun for tutorial to 2023-08-25T17:10:10.566909+00:00, run_after=2023-08-26T17:10:10.566909+00:00
[2023-08-26T17:10:10.581+0000] {processor.py:176} INFO - Processing /home/airflow/.local/lib/python3.7/site-packages/airflow/example_dags/tutorial.py took 0.075 seconds
[2023-08-26T17:10:40.641+0000] {processor.py:154} INFO - Started process (PID=903) to work on /home/airflow/.local/lib/python3.7/site-packages/airflow/example_dags/tutorial.py
[2023-08-26T17:10:40.642+0000] {processor.py:756} INFO - Processing file /home/airflow/.local/lib/python3.7/site-packages/airflow/example_dags/tutorial.py for tasks to queue
[2023-08-26T17:10:40.642+0000] {logging_mixin.py:120} INFO - [2023-08-26T17:10:40.642+0000] {dagbag.py:537} INFO - Filling up the DagBag from /home/airflow/.local/lib/python3.7/site-packages/airflow/example_dags/tutorial.py
[2023-08-26T17:10:40.654+0000] {processor.py:766} INFO - DAG(s) dict_keys(['tutorial']) retrieved from /home/airflow/.local/lib/python3.7/site-packages/airflow/example_dags/tutorial.py
[2023-08-26T17:10:40.685+0000] {logging_mixin.py:120} INFO - [2023-08-26T17:10:40.685+0000] {dag.py:2585} INFO - Sync 1 DAGs
[2023-08-26T17:10:40.704+0000] {logging_mixin.py:120} INFO - [2023-08-26T17:10:40.704+0000] {dag.py:3340} INFO - Setting next_dagrun for tutorial to 2023-08-25T17:10:40.703903+00:00, run_after=2023-08-26T17:10:40.703903+00:00
[2023-08-26T17:10:40.717+0000] {processor.py:176} INFO - Processing /home/airflow/.local/lib/python3.7/site-packages/airflow/example_dags/tutorial.py took 0.079 seconds
[2023-08-26T17:11:10.941+0000] {processor.py:154} INFO - Started process (PID=966) to work on /home/airflow/.local/lib/python3.7/site-packages/airflow/example_dags/tutorial.py
[2023-08-26T17:11:10.942+0000] {processor.py:756} INFO - Processing file /home/airflow/.local/lib/python3.7/site-packages/airflow/example_dags/tutorial.py for tasks to queue
[2023-08-26T17:11:10.942+0000] {logging_mixin.py:120} INFO - [2023-08-26T17:11:10.942+0000] {dagbag.py:537} INFO - Filling up the DagBag from /home/airflow/.local/lib/python3.7/site-packages/airflow/example_dags/tutorial.py
[2023-08-26T17:11:10.951+0000] {processor.py:766} INFO - DAG(s) dict_keys(['tutorial']) retrieved from /home/airflow/.local/lib/python3.7/site-packages/airflow/example_dags/tutorial.py
[2023-08-26T17:11:10.977+0000] {logging_mixin.py:120} INFO - [2023-08-26T17:11:10.977+0000] {dag.py:2585} INFO - Sync 1 DAGs
[2023-08-26T17:11:10.993+0000] {logging_mixin.py:120} INFO - [2023-08-26T17:11:10.993+0000] {dag.py:3340} INFO - Setting next_dagrun for tutorial to 2023-08-25T17:11:10.993060+00:00, run_after=2023-08-26T17:11:10.993060+00:00
[2023-08-26T17:11:11.005+0000] {processor.py:176} INFO - Processing /home/airflow/.local/lib/python3.7/site-packages/airflow/example_dags/tutorial.py took 0.066 seconds
[2023-08-26T17:11:41.937+0000] {processor.py:154} INFO - Started process (PID=1028) to work on /home/airflow/.local/lib/python3.7/site-packages/airflow/example_dags/tutorial.py
[2023-08-26T17:11:41.938+0000] {processor.py:756} INFO - Processing file /home/airflow/.local/lib/python3.7/site-packages/airflow/example_dags/tutorial.py for tasks to queue
[2023-08-26T17:11:41.939+0000] {logging_mixin.py:120} INFO - [2023-08-26T17:11:41.939+0000] {dagbag.py:537} INFO - Filling up the DagBag from /home/airflow/.local/lib/python3.7/site-packages/airflow/example_dags/tutorial.py
[2023-08-26T17:11:41.954+0000] {processor.py:766} INFO - DAG(s) dict_keys(['tutorial']) retrieved from /home/airflow/.local/lib/python3.7/site-packages/airflow/example_dags/tutorial.py
[2023-08-26T17:11:41.987+0000] {logging_mixin.py:120} INFO - [2023-08-26T17:11:41.987+0000] {dag.py:2585} INFO - Sync 1 DAGs
[2023-08-26T17:11:42.002+0000] {logging_mixin.py:120} INFO - [2023-08-26T17:11:42.002+0000] {dag.py:3340} INFO - Setting next_dagrun for tutorial to 2023-08-25T17:11:42.002338+00:00, run_after=2023-08-26T17:11:42.002338+00:00
[2023-08-26T17:11:42.012+0000] {processor.py:176} INFO - Processing /home/airflow/.local/lib/python3.7/site-packages/airflow/example_dags/tutorial.py took 0.079 seconds
[2023-08-26T17:12:12.931+0000] {processor.py:154} INFO - Started process (PID=1091) to work on /home/airflow/.local/lib/python3.7/site-packages/airflow/example_dags/tutorial.py
[2023-08-26T17:12:12.931+0000] {processor.py:756} INFO - Processing file /home/airflow/.local/lib/python3.7/site-packages/airflow/example_dags/tutorial.py for tasks to queue
[2023-08-26T17:12:12.932+0000] {logging_mixin.py:120} INFO - [2023-08-26T17:12:12.931+0000] {dagbag.py:537} INFO - Filling up the DagBag from /home/airflow/.local/lib/python3.7/site-packages/airflow/example_dags/tutorial.py
[2023-08-26T17:12:12.940+0000] {processor.py:766} INFO - DAG(s) dict_keys(['tutorial']) retrieved from /home/airflow/.local/lib/python3.7/site-packages/airflow/example_dags/tutorial.py
[2023-08-26T17:12:12.967+0000] {logging_mixin.py:120} INFO - [2023-08-26T17:12:12.967+0000] {dag.py:2585} INFO - Sync 1 DAGs
[2023-08-26T17:12:12.981+0000] {logging_mixin.py:120} INFO - [2023-08-26T17:12:12.981+0000] {dag.py:3340} INFO - Setting next_dagrun for tutorial to 2023-08-25T17:12:12.981578+00:00, run_after=2023-08-26T17:12:12.981578+00:00
[2023-08-26T17:12:12.995+0000] {processor.py:176} INFO - Processing /home/airflow/.local/lib/python3.7/site-packages/airflow/example_dags/tutorial.py took 0.066 seconds
[2023-08-26T17:12:43.069+0000] {processor.py:154} INFO - Started process (PID=1150) to work on /home/airflow/.local/lib/python3.7/site-packages/airflow/example_dags/tutorial.py
[2023-08-26T17:12:43.070+0000] {processor.py:756} INFO - Processing file /home/airflow/.local/lib/python3.7/site-packages/airflow/example_dags/tutorial.py for tasks to queue
[2023-08-26T17:12:43.071+0000] {logging_mixin.py:120} INFO - [2023-08-26T17:12:43.070+0000] {dagbag.py:537} INFO - Filling up the DagBag from /home/airflow/.local/lib/python3.7/site-packages/airflow/example_dags/tutorial.py
[2023-08-26T17:12:43.085+0000] {processor.py:766} INFO - DAG(s) dict_keys(['tutorial']) retrieved from /home/airflow/.local/lib/python3.7/site-packages/airflow/example_dags/tutorial.py
[2023-08-26T17:12:43.114+0000] {logging_mixin.py:120} INFO - [2023-08-26T17:12:43.114+0000] {dag.py:2585} INFO - Sync 1 DAGs
[2023-08-26T17:12:43.128+0000] {logging_mixin.py:120} INFO - [2023-08-26T17:12:43.128+0000] {dag.py:3340} INFO - Setting next_dagrun for tutorial to 2023-08-25T17:12:43.128010+00:00, run_after=2023-08-26T17:12:43.128010+00:00
[2023-08-26T17:12:43.138+0000] {processor.py:176} INFO - Processing /home/airflow/.local/lib/python3.7/site-packages/airflow/example_dags/tutorial.py took 0.073 seconds
[2023-08-26T17:13:13.215+0000] {processor.py:154} INFO - Started process (PID=1213) to work on /home/airflow/.local/lib/python3.7/site-packages/airflow/example_dags/tutorial.py
[2023-08-26T17:13:13.217+0000] {processor.py:756} INFO - Processing file /home/airflow/.local/lib/python3.7/site-packages/airflow/example_dags/tutorial.py for tasks to queue
[2023-08-26T17:13:13.218+0000] {logging_mixin.py:120} INFO - [2023-08-26T17:13:13.218+0000] {dagbag.py:537} INFO - Filling up the DagBag from /home/airflow/.local/lib/python3.7/site-packages/airflow/example_dags/tutorial.py
[2023-08-26T17:13:13.234+0000] {processor.py:766} INFO - DAG(s) dict_keys(['tutorial']) retrieved from /home/airflow/.local/lib/python3.7/site-packages/airflow/example_dags/tutorial.py
[2023-08-26T17:13:13.269+0000] {logging_mixin.py:120} INFO - [2023-08-26T17:13:13.269+0000] {dag.py:2585} INFO - Sync 1 DAGs
[2023-08-26T17:13:13.285+0000] {logging_mixin.py:120} INFO - [2023-08-26T17:13:13.285+0000] {dag.py:3340} INFO - Setting next_dagrun for tutorial to 2023-08-25T17:13:13.285374+00:00, run_after=2023-08-26T17:13:13.285374+00:00
[2023-08-26T17:13:13.297+0000] {processor.py:176} INFO - Processing /home/airflow/.local/lib/python3.7/site-packages/airflow/example_dags/tutorial.py took 0.086 seconds
[2023-08-26T17:13:43.671+0000] {processor.py:154} INFO - Started process (PID=1277) to work on /home/airflow/.local/lib/python3.7/site-packages/airflow/example_dags/tutorial.py
[2023-08-26T17:13:43.672+0000] {processor.py:756} INFO - Processing file /home/airflow/.local/lib/python3.7/site-packages/airflow/example_dags/tutorial.py for tasks to queue
[2023-08-26T17:13:43.673+0000] {logging_mixin.py:120} INFO - [2023-08-26T17:13:43.673+0000] {dagbag.py:537} INFO - Filling up the DagBag from /home/airflow/.local/lib/python3.7/site-packages/airflow/example_dags/tutorial.py
[2023-08-26T17:13:43.685+0000] {processor.py:766} INFO - DAG(s) dict_keys(['tutorial']) retrieved from /home/airflow/.local/lib/python3.7/site-packages/airflow/example_dags/tutorial.py
[2023-08-26T17:13:43.719+0000] {logging_mixin.py:120} INFO - [2023-08-26T17:13:43.718+0000] {dag.py:2585} INFO - Sync 1 DAGs
[2023-08-26T17:13:43.734+0000] {logging_mixin.py:120} INFO - [2023-08-26T17:13:43.734+0000] {dag.py:3340} INFO - Setting next_dagrun for tutorial to 2023-08-25T17:13:43.734283+00:00, run_after=2023-08-26T17:13:43.734283+00:00
[2023-08-26T17:13:43.744+0000] {processor.py:176} INFO - Processing /home/airflow/.local/lib/python3.7/site-packages/airflow/example_dags/tutorial.py took 0.076 seconds
[2023-08-26T17:14:14.678+0000] {processor.py:154} INFO - Started process (PID=1340) to work on /home/airflow/.local/lib/python3.7/site-packages/airflow/example_dags/tutorial.py
[2023-08-26T17:14:14.679+0000] {processor.py:756} INFO - Processing file /home/airflow/.local/lib/python3.7/site-packages/airflow/example_dags/tutorial.py for tasks to queue
[2023-08-26T17:14:14.680+0000] {logging_mixin.py:120} INFO - [2023-08-26T17:14:14.680+0000] {dagbag.py:537} INFO - Filling up the DagBag from /home/airflow/.local/lib/python3.7/site-packages/airflow/example_dags/tutorial.py
[2023-08-26T17:14:14.690+0000] {processor.py:766} INFO - DAG(s) dict_keys(['tutorial']) retrieved from /home/airflow/.local/lib/python3.7/site-packages/airflow/example_dags/tutorial.py
[2023-08-26T17:14:14.717+0000] {logging_mixin.py:120} INFO - [2023-08-26T17:14:14.717+0000] {dag.py:2585} INFO - Sync 1 DAGs
[2023-08-26T17:14:14.732+0000] {logging_mixin.py:120} INFO - [2023-08-26T17:14:14.731+0000] {dag.py:3340} INFO - Setting next_dagrun for tutorial to 2023-08-25T17:14:14.731723+00:00, run_after=2023-08-26T17:14:14.731723+00:00
[2023-08-26T17:14:14.746+0000] {processor.py:176} INFO - Processing /home/airflow/.local/lib/python3.7/site-packages/airflow/example_dags/tutorial.py took 0.071 seconds
[2023-08-26T17:14:44.833+0000] {processor.py:154} INFO - Started process (PID=1404) to work on /home/airflow/.local/lib/python3.7/site-packages/airflow/example_dags/tutorial.py
[2023-08-26T17:14:44.834+0000] {processor.py:756} INFO - Processing file /home/airflow/.local/lib/python3.7/site-packages/airflow/example_dags/tutorial.py for tasks to queue
[2023-08-26T17:14:44.834+0000] {logging_mixin.py:120} INFO - [2023-08-26T17:14:44.834+0000] {dagbag.py:537} INFO - Filling up the DagBag from /home/airflow/.local/lib/python3.7/site-packages/airflow/example_dags/tutorial.py
[2023-08-26T17:14:44.844+0000] {processor.py:766} INFO - DAG(s) dict_keys(['tutorial']) retrieved from /home/airflow/.local/lib/python3.7/site-packages/airflow/example_dags/tutorial.py
[2023-08-26T17:14:44.873+0000] {logging_mixin.py:120} INFO - [2023-08-26T17:14:44.873+0000] {dag.py:2585} INFO - Sync 1 DAGs
[2023-08-26T17:14:44.887+0000] {logging_mixin.py:120} INFO - [2023-08-26T17:14:44.887+0000] {dag.py:3340} INFO - Setting next_dagrun for tutorial to 2023-08-25T17:14:44.887636+00:00, run_after=2023-08-26T17:14:44.887636+00:00
[2023-08-26T17:14:44.897+0000] {processor.py:176} INFO - Processing /home/airflow/.local/lib/python3.7/site-packages/airflow/example_dags/tutorial.py took 0.066 seconds
[2023-08-26T17:15:15.026+0000] {processor.py:154} INFO - Started process (PID=1458) to work on /home/airflow/.local/lib/python3.7/site-packages/airflow/example_dags/tutorial.py
[2023-08-26T17:15:15.027+0000] {processor.py:756} INFO - Processing file /home/airflow/.local/lib/python3.7/site-packages/airflow/example_dags/tutorial.py for tasks to queue
[2023-08-26T17:15:15.028+0000] {logging_mixin.py:120} INFO - [2023-08-26T17:15:15.028+0000] {dagbag.py:537} INFO - Filling up the DagBag from /home/airflow/.local/lib/python3.7/site-packages/airflow/example_dags/tutorial.py
[2023-08-26T17:15:15.036+0000] {processor.py:766} INFO - DAG(s) dict_keys(['tutorial']) retrieved from /home/airflow/.local/lib/python3.7/site-packages/airflow/example_dags/tutorial.py
[2023-08-26T17:15:15.063+0000] {logging_mixin.py:120} INFO - [2023-08-26T17:15:15.063+0000] {dag.py:2585} INFO - Sync 1 DAGs
[2023-08-26T17:15:15.076+0000] {logging_mixin.py:120} INFO - [2023-08-26T17:15:15.076+0000] {dag.py:3340} INFO - Setting next_dagrun for tutorial to 2023-08-25T17:15:15.075920+00:00, run_after=2023-08-26T17:15:15.075920+00:00
[2023-08-26T17:15:15.085+0000] {processor.py:176} INFO - Processing /home/airflow/.local/lib/python3.7/site-packages/airflow/example_dags/tutorial.py took 0.060 seconds
[2023-08-26T17:15:45.203+0000] {processor.py:154} INFO - Started process (PID=1522) to work on /home/airflow/.local/lib/python3.7/site-packages/airflow/example_dags/tutorial.py
[2023-08-26T17:15:45.204+0000] {processor.py:756} INFO - Processing file /home/airflow/.local/lib/python3.7/site-packages/airflow/example_dags/tutorial.py for tasks to queue
[2023-08-26T17:15:45.204+0000] {logging_mixin.py:120} INFO - [2023-08-26T17:15:45.204+0000] {dagbag.py:537} INFO - Filling up the DagBag from /home/airflow/.local/lib/python3.7/site-packages/airflow/example_dags/tutorial.py
[2023-08-26T17:15:45.213+0000] {processor.py:766} INFO - DAG(s) dict_keys(['tutorial']) retrieved from /home/airflow/.local/lib/python3.7/site-packages/airflow/example_dags/tutorial.py
[2023-08-26T17:15:45.239+0000] {logging_mixin.py:120} INFO - [2023-08-26T17:15:45.238+0000] {dag.py:2585} INFO - Sync 1 DAGs
[2023-08-26T17:15:45.252+0000] {logging_mixin.py:120} INFO - [2023-08-26T17:15:45.252+0000] {dag.py:3340} INFO - Setting next_dagrun for tutorial to 2023-08-25T17:15:45.252006+00:00, run_after=2023-08-26T17:15:45.252006+00:00
[2023-08-26T17:15:45.262+0000] {processor.py:176} INFO - Processing /home/airflow/.local/lib/python3.7/site-packages/airflow/example_dags/tutorial.py took 0.061 seconds
[2023-08-26T17:16:15.350+0000] {processor.py:154} INFO - Started process (PID=1585) to work on /home/airflow/.local/lib/python3.7/site-packages/airflow/example_dags/tutorial.py
[2023-08-26T17:16:15.351+0000] {processor.py:756} INFO - Processing file /home/airflow/.local/lib/python3.7/site-packages/airflow/example_dags/tutorial.py for tasks to queue
[2023-08-26T17:16:15.351+0000] {logging_mixin.py:120} INFO - [2023-08-26T17:16:15.351+0000] {dagbag.py:537} INFO - Filling up the DagBag from /home/airflow/.local/lib/python3.7/site-packages/airflow/example_dags/tutorial.py
[2023-08-26T17:16:15.360+0000] {processor.py:766} INFO - DAG(s) dict_keys(['tutorial']) retrieved from /home/airflow/.local/lib/python3.7/site-packages/airflow/example_dags/tutorial.py
[2023-08-26T17:16:15.388+0000] {logging_mixin.py:120} INFO - [2023-08-26T17:16:15.388+0000] {dag.py:2585} INFO - Sync 1 DAGs
[2023-08-26T17:16:15.402+0000] {logging_mixin.py:120} INFO - [2023-08-26T17:16:15.402+0000] {dag.py:3340} INFO - Setting next_dagrun for tutorial to 2023-08-25T17:16:15.402626+00:00, run_after=2023-08-26T17:16:15.402626+00:00
[2023-08-26T17:16:15.413+0000] {processor.py:176} INFO - Processing /home/airflow/.local/lib/python3.7/site-packages/airflow/example_dags/tutorial.py took 0.065 seconds
[2023-08-26T17:16:46.343+0000] {processor.py:154} INFO - Started process (PID=1648) to work on /home/airflow/.local/lib/python3.7/site-packages/airflow/example_dags/tutorial.py
[2023-08-26T17:16:46.344+0000] {processor.py:756} INFO - Processing file /home/airflow/.local/lib/python3.7/site-packages/airflow/example_dags/tutorial.py for tasks to queue
[2023-08-26T17:16:46.345+0000] {logging_mixin.py:120} INFO - [2023-08-26T17:16:46.345+0000] {dagbag.py:537} INFO - Filling up the DagBag from /home/airflow/.local/lib/python3.7/site-packages/airflow/example_dags/tutorial.py
[2023-08-26T17:16:46.355+0000] {processor.py:766} INFO - DAG(s) dict_keys(['tutorial']) retrieved from /home/airflow/.local/lib/python3.7/site-packages/airflow/example_dags/tutorial.py
[2023-08-26T17:16:46.387+0000] {logging_mixin.py:120} INFO - [2023-08-26T17:16:46.386+0000] {dag.py:2585} INFO - Sync 1 DAGs
[2023-08-26T17:16:46.405+0000] {logging_mixin.py:120} INFO - [2023-08-26T17:16:46.404+0000] {dag.py:3340} INFO - Setting next_dagrun for tutorial to 2023-08-25T17:16:46.404740+00:00, run_after=2023-08-26T17:16:46.404740+00:00
[2023-08-26T17:16:46.420+0000] {processor.py:176} INFO - Processing /home/airflow/.local/lib/python3.7/site-packages/airflow/example_dags/tutorial.py took 0.080 seconds
[2023-08-26T17:17:17.401+0000] {processor.py:154} INFO - Started process (PID=1712) to work on /home/airflow/.local/lib/python3.7/site-packages/airflow/example_dags/tutorial.py
[2023-08-26T17:17:17.402+0000] {processor.py:756} INFO - Processing file /home/airflow/.local/lib/python3.7/site-packages/airflow/example_dags/tutorial.py for tasks to queue
[2023-08-26T17:17:17.403+0000] {logging_mixin.py:120} INFO - [2023-08-26T17:17:17.403+0000] {dagbag.py:537} INFO - Filling up the DagBag from /home/airflow/.local/lib/python3.7/site-packages/airflow/example_dags/tutorial.py
[2023-08-26T17:17:17.412+0000] {processor.py:766} INFO - DAG(s) dict_keys(['tutorial']) retrieved from /home/airflow/.local/lib/python3.7/site-packages/airflow/example_dags/tutorial.py
[2023-08-26T17:17:17.440+0000] {logging_mixin.py:120} INFO - [2023-08-26T17:17:17.440+0000] {dag.py:2585} INFO - Sync 1 DAGs
[2023-08-26T17:17:17.456+0000] {logging_mixin.py:120} INFO - [2023-08-26T17:17:17.456+0000] {dag.py:3340} INFO - Setting next_dagrun for tutorial to 2023-08-25T17:17:17.456320+00:00, run_after=2023-08-26T17:17:17.456320+00:00
[2023-08-26T17:17:17.469+0000] {processor.py:176} INFO - Processing /home/airflow/.local/lib/python3.7/site-packages/airflow/example_dags/tutorial.py took 0.070 seconds
[2023-08-26T17:17:47.581+0000] {processor.py:154} INFO - Started process (PID=1774) to work on /home/airflow/.local/lib/python3.7/site-packages/airflow/example_dags/tutorial.py
[2023-08-26T17:17:47.582+0000] {processor.py:756} INFO - Processing file /home/airflow/.local/lib/python3.7/site-packages/airflow/example_dags/tutorial.py for tasks to queue
[2023-08-26T17:17:47.582+0000] {logging_mixin.py:120} INFO - [2023-08-26T17:17:47.582+0000] {dagbag.py:537} INFO - Filling up the DagBag from /home/airflow/.local/lib/python3.7/site-packages/airflow/example_dags/tutorial.py
[2023-08-26T17:17:47.591+0000] {processor.py:766} INFO - DAG(s) dict_keys(['tutorial']) retrieved from /home/airflow/.local/lib/python3.7/site-packages/airflow/example_dags/tutorial.py
[2023-08-26T17:17:47.615+0000] {logging_mixin.py:120} INFO - [2023-08-26T17:17:47.615+0000] {dag.py:2585} INFO - Sync 1 DAGs
[2023-08-26T17:17:47.628+0000] {logging_mixin.py:120} INFO - [2023-08-26T17:17:47.628+0000] {dag.py:3340} INFO - Setting next_dagrun for tutorial to 2023-08-25T17:17:47.628545+00:00, run_after=2023-08-26T17:17:47.628545+00:00
[2023-08-26T17:17:47.638+0000] {processor.py:176} INFO - Processing /home/airflow/.local/lib/python3.7/site-packages/airflow/example_dags/tutorial.py took 0.059 seconds
[2023-08-26T17:18:18.671+0000] {processor.py:154} INFO - Started process (PID=1836) to work on /home/airflow/.local/lib/python3.7/site-packages/airflow/example_dags/tutorial.py
[2023-08-26T17:18:18.672+0000] {processor.py:756} INFO - Processing file /home/airflow/.local/lib/python3.7/site-packages/airflow/example_dags/tutorial.py for tasks to queue
[2023-08-26T17:18:18.673+0000] {logging_mixin.py:120} INFO - [2023-08-26T17:18:18.673+0000] {dagbag.py:537} INFO - Filling up the DagBag from /home/airflow/.local/lib/python3.7/site-packages/airflow/example_dags/tutorial.py
[2023-08-26T17:18:18.682+0000] {processor.py:766} INFO - DAG(s) dict_keys(['tutorial']) retrieved from /home/airflow/.local/lib/python3.7/site-packages/airflow/example_dags/tutorial.py
[2023-08-26T17:18:18.711+0000] {logging_mixin.py:120} INFO - [2023-08-26T17:18:18.711+0000] {dag.py:2585} INFO - Sync 1 DAGs
[2023-08-26T17:18:18.727+0000] {logging_mixin.py:120} INFO - [2023-08-26T17:18:18.727+0000] {dag.py:3340} INFO - Setting next_dagrun for tutorial to 2023-08-25T17:18:18.727404+00:00, run_after=2023-08-26T17:18:18.727404+00:00
[2023-08-26T17:18:18.742+0000] {processor.py:176} INFO - Processing /home/airflow/.local/lib/python3.7/site-packages/airflow/example_dags/tutorial.py took 0.073 seconds
[2023-08-26T17:18:48.971+0000] {processor.py:154} INFO - Started process (PID=1891) to work on /home/airflow/.local/lib/python3.7/site-packages/airflow/example_dags/tutorial.py
[2023-08-26T17:18:48.972+0000] {processor.py:756} INFO - Processing file /home/airflow/.local/lib/python3.7/site-packages/airflow/example_dags/tutorial.py for tasks to queue
[2023-08-26T17:18:48.972+0000] {logging_mixin.py:120} INFO - [2023-08-26T17:18:48.972+0000] {dagbag.py:537} INFO - Filling up the DagBag from /home/airflow/.local/lib/python3.7/site-packages/airflow/example_dags/tutorial.py
[2023-08-26T17:18:48.981+0000] {processor.py:766} INFO - DAG(s) dict_keys(['tutorial']) retrieved from /home/airflow/.local/lib/python3.7/site-packages/airflow/example_dags/tutorial.py
[2023-08-26T17:18:49.008+0000] {logging_mixin.py:120} INFO - [2023-08-26T17:18:49.008+0000] {dag.py:2585} INFO - Sync 1 DAGs
[2023-08-26T17:18:49.022+0000] {logging_mixin.py:120} INFO - [2023-08-26T17:18:49.021+0000] {dag.py:3340} INFO - Setting next_dagrun for tutorial to 2023-08-25T17:18:49.021809+00:00, run_after=2023-08-26T17:18:49.021809+00:00
[2023-08-26T17:18:49.032+0000] {processor.py:176} INFO - Processing /home/airflow/.local/lib/python3.7/site-packages/airflow/example_dags/tutorial.py took 0.063 seconds
[2023-08-26T17:19:19.377+0000] {processor.py:154} INFO - Started process (PID=1954) to work on /home/airflow/.local/lib/python3.7/site-packages/airflow/example_dags/tutorial.py
[2023-08-26T17:19:19.378+0000] {processor.py:756} INFO - Processing file /home/airflow/.local/lib/python3.7/site-packages/airflow/example_dags/tutorial.py for tasks to queue
[2023-08-26T17:19:19.378+0000] {logging_mixin.py:120} INFO - [2023-08-26T17:19:19.378+0000] {dagbag.py:537} INFO - Filling up the DagBag from /home/airflow/.local/lib/python3.7/site-packages/airflow/example_dags/tutorial.py
[2023-08-26T17:19:19.388+0000] {processor.py:766} INFO - DAG(s) dict_keys(['tutorial']) retrieved from /home/airflow/.local/lib/python3.7/site-packages/airflow/example_dags/tutorial.py
[2023-08-26T17:19:19.418+0000] {logging_mixin.py:120} INFO - [2023-08-26T17:19:19.418+0000] {dag.py:2585} INFO - Sync 1 DAGs
[2023-08-26T17:19:19.437+0000] {logging_mixin.py:120} INFO - [2023-08-26T17:19:19.437+0000] {dag.py:3340} INFO - Setting next_dagrun for tutorial to 2023-08-25T17:19:19.436938+00:00, run_after=2023-08-26T17:19:19.436938+00:00
[2023-08-26T17:19:19.451+0000] {processor.py:176} INFO - Processing /home/airflow/.local/lib/python3.7/site-packages/airflow/example_dags/tutorial.py took 0.076 seconds
[2023-08-26T17:19:50.480+0000] {processor.py:154} INFO - Started process (PID=2017) to work on /home/airflow/.local/lib/python3.7/site-packages/airflow/example_dags/tutorial.py
[2023-08-26T17:19:50.481+0000] {processor.py:756} INFO - Processing file /home/airflow/.local/lib/python3.7/site-packages/airflow/example_dags/tutorial.py for tasks to queue
[2023-08-26T17:19:50.481+0000] {logging_mixin.py:120} INFO - [2023-08-26T17:19:50.481+0000] {dagbag.py:537} INFO - Filling up the DagBag from /home/airflow/.local/lib/python3.7/site-packages/airflow/example_dags/tutorial.py
[2023-08-26T17:19:50.491+0000] {processor.py:766} INFO - DAG(s) dict_keys(['tutorial']) retrieved from /home/airflow/.local/lib/python3.7/site-packages/airflow/example_dags/tutorial.py
[2023-08-26T17:19:50.516+0000] {logging_mixin.py:120} INFO - [2023-08-26T17:19:50.516+0000] {dag.py:2585} INFO - Sync 1 DAGs
[2023-08-26T17:19:50.530+0000] {logging_mixin.py:120} INFO - [2023-08-26T17:19:50.530+0000] {dag.py:3340} INFO - Setting next_dagrun for tutorial to 2023-08-25T17:19:50.530099+00:00, run_after=2023-08-26T17:19:50.530099+00:00
[2023-08-26T17:19:50.540+0000] {processor.py:176} INFO - Processing /home/airflow/.local/lib/python3.7/site-packages/airflow/example_dags/tutorial.py took 0.062 seconds
[2023-08-26T17:20:21.517+0000] {processor.py:154} INFO - Started process (PID=2080) to work on /home/airflow/.local/lib/python3.7/site-packages/airflow/example_dags/tutorial.py
[2023-08-26T17:20:21.518+0000] {processor.py:756} INFO - Processing file /home/airflow/.local/lib/python3.7/site-packages/airflow/example_dags/tutorial.py for tasks to queue
[2023-08-26T17:20:21.519+0000] {logging_mixin.py:120} INFO - [2023-08-26T17:20:21.519+0000] {dagbag.py:537} INFO - Filling up the DagBag from /home/airflow/.local/lib/python3.7/site-packages/airflow/example_dags/tutorial.py
[2023-08-26T17:20:21.534+0000] {processor.py:766} INFO - DAG(s) dict_keys(['tutorial']) retrieved from /home/airflow/.local/lib/python3.7/site-packages/airflow/example_dags/tutorial.py
[2023-08-26T17:20:21.573+0000] {logging_mixin.py:120} INFO - [2023-08-26T17:20:21.573+0000] {dag.py:2585} INFO - Sync 1 DAGs
[2023-08-26T17:20:21.596+0000] {logging_mixin.py:120} INFO - [2023-08-26T17:20:21.596+0000] {dag.py:3340} INFO - Setting next_dagrun for tutorial to 2023-08-25T17:20:21.596073+00:00, run_after=2023-08-26T17:20:21.596073+00:00
[2023-08-26T17:20:21.611+0000] {processor.py:176} INFO - Processing /home/airflow/.local/lib/python3.7/site-packages/airflow/example_dags/tutorial.py took 0.098 seconds
[2023-08-26T17:20:51.792+0000] {processor.py:154} INFO - Started process (PID=2143) to work on /home/airflow/.local/lib/python3.7/site-packages/airflow/example_dags/tutorial.py
[2023-08-26T17:20:51.793+0000] {processor.py:756} INFO - Processing file /home/airflow/.local/lib/python3.7/site-packages/airflow/example_dags/tutorial.py for tasks to queue
[2023-08-26T17:20:51.794+0000] {logging_mixin.py:120} INFO - [2023-08-26T17:20:51.794+0000] {dagbag.py:537} INFO - Filling up the DagBag from /home/airflow/.local/lib/python3.7/site-packages/airflow/example_dags/tutorial.py
[2023-08-26T17:20:51.805+0000] {processor.py:766} INFO - DAG(s) dict_keys(['tutorial']) retrieved from /home/airflow/.local/lib/python3.7/site-packages/airflow/example_dags/tutorial.py
[2023-08-26T17:20:51.835+0000] {logging_mixin.py:120} INFO - [2023-08-26T17:20:51.835+0000] {dag.py:2585} INFO - Sync 1 DAGs
[2023-08-26T17:20:51.852+0000] {logging_mixin.py:120} INFO - [2023-08-26T17:20:51.852+0000] {dag.py:3340} INFO - Setting next_dagrun for tutorial to 2023-08-25T17:20:51.851964+00:00, run_after=2023-08-26T17:20:51.851964+00:00
[2023-08-26T17:20:51.865+0000] {processor.py:176} INFO - Processing /home/airflow/.local/lib/python3.7/site-packages/airflow/example_dags/tutorial.py took 0.076 seconds
[2023-08-26T17:21:21.931+0000] {processor.py:154} INFO - Started process (PID=2197) to work on /home/airflow/.local/lib/python3.7/site-packages/airflow/example_dags/tutorial.py
[2023-08-26T17:21:21.933+0000] {processor.py:756} INFO - Processing file /home/airflow/.local/lib/python3.7/site-packages/airflow/example_dags/tutorial.py for tasks to queue
[2023-08-26T17:21:21.933+0000] {logging_mixin.py:120} INFO - [2023-08-26T17:21:21.933+0000] {dagbag.py:537} INFO - Filling up the DagBag from /home/airflow/.local/lib/python3.7/site-packages/airflow/example_dags/tutorial.py
[2023-08-26T17:21:21.943+0000] {processor.py:766} INFO - DAG(s) dict_keys(['tutorial']) retrieved from /home/airflow/.local/lib/python3.7/site-packages/airflow/example_dags/tutorial.py
[2023-08-26T17:21:21.975+0000] {logging_mixin.py:120} INFO - [2023-08-26T17:21:21.975+0000] {dag.py:2585} INFO - Sync 1 DAGs
[2023-08-26T17:21:21.989+0000] {logging_mixin.py:120} INFO - [2023-08-26T17:21:21.989+0000] {dag.py:3340} INFO - Setting next_dagrun for tutorial to 2023-08-25T17:21:21.989164+00:00, run_after=2023-08-26T17:21:21.989164+00:00
[2023-08-26T17:21:22.004+0000] {processor.py:176} INFO - Processing /home/airflow/.local/lib/python3.7/site-packages/airflow/example_dags/tutorial.py took 0.076 seconds
[2023-08-26T17:21:52.478+0000] {processor.py:154} INFO - Started process (PID=2260) to work on /home/airflow/.local/lib/python3.7/site-packages/airflow/example_dags/tutorial.py
[2023-08-26T17:21:52.479+0000] {processor.py:756} INFO - Processing file /home/airflow/.local/lib/python3.7/site-packages/airflow/example_dags/tutorial.py for tasks to queue
[2023-08-26T17:21:52.479+0000] {logging_mixin.py:120} INFO - [2023-08-26T17:21:52.479+0000] {dagbag.py:537} INFO - Filling up the DagBag from /home/airflow/.local/lib/python3.7/site-packages/airflow/example_dags/tutorial.py
[2023-08-26T17:21:52.488+0000] {processor.py:766} INFO - DAG(s) dict_keys(['tutorial']) retrieved from /home/airflow/.local/lib/python3.7/site-packages/airflow/example_dags/tutorial.py
[2023-08-26T17:21:52.513+0000] {logging_mixin.py:120} INFO - [2023-08-26T17:21:52.513+0000] {dag.py:2585} INFO - Sync 1 DAGs
[2023-08-26T17:21:52.527+0000] {logging_mixin.py:120} INFO - [2023-08-26T17:21:52.527+0000] {dag.py:3340} INFO - Setting next_dagrun for tutorial to 2023-08-25T17:21:52.527240+00:00, run_after=2023-08-26T17:21:52.527240+00:00
[2023-08-26T17:21:52.541+0000] {processor.py:176} INFO - Processing /home/airflow/.local/lib/python3.7/site-packages/airflow/example_dags/tutorial.py took 0.065 seconds
[2023-08-26T17:22:22.676+0000] {processor.py:154} INFO - Started process (PID=2323) to work on /home/airflow/.local/lib/python3.7/site-packages/airflow/example_dags/tutorial.py
[2023-08-26T17:22:22.676+0000] {processor.py:756} INFO - Processing file /home/airflow/.local/lib/python3.7/site-packages/airflow/example_dags/tutorial.py for tasks to queue
[2023-08-26T17:22:22.677+0000] {logging_mixin.py:120} INFO - [2023-08-26T17:22:22.677+0000] {dagbag.py:537} INFO - Filling up the DagBag from /home/airflow/.local/lib/python3.7/site-packages/airflow/example_dags/tutorial.py
[2023-08-26T17:22:22.686+0000] {processor.py:766} INFO - DAG(s) dict_keys(['tutorial']) retrieved from /home/airflow/.local/lib/python3.7/site-packages/airflow/example_dags/tutorial.py
[2023-08-26T17:22:22.711+0000] {logging_mixin.py:120} INFO - [2023-08-26T17:22:22.711+0000] {dag.py:2585} INFO - Sync 1 DAGs
[2023-08-26T17:22:22.725+0000] {logging_mixin.py:120} INFO - [2023-08-26T17:22:22.725+0000] {dag.py:3340} INFO - Setting next_dagrun for tutorial to 2023-08-25T17:22:22.725390+00:00, run_after=2023-08-26T17:22:22.725390+00:00
[2023-08-26T17:22:22.736+0000] {processor.py:176} INFO - Processing /home/airflow/.local/lib/python3.7/site-packages/airflow/example_dags/tutorial.py took 0.063 seconds
[2023-08-26T17:22:52.935+0000] {processor.py:154} INFO - Started process (PID=2384) to work on /home/airflow/.local/lib/python3.7/site-packages/airflow/example_dags/tutorial.py
[2023-08-26T17:22:52.936+0000] {processor.py:756} INFO - Processing file /home/airflow/.local/lib/python3.7/site-packages/airflow/example_dags/tutorial.py for tasks to queue
[2023-08-26T17:22:52.936+0000] {logging_mixin.py:120} INFO - [2023-08-26T17:22:52.936+0000] {dagbag.py:537} INFO - Filling up the DagBag from /home/airflow/.local/lib/python3.7/site-packages/airflow/example_dags/tutorial.py
[2023-08-26T17:22:52.946+0000] {processor.py:766} INFO - DAG(s) dict_keys(['tutorial']) retrieved from /home/airflow/.local/lib/python3.7/site-packages/airflow/example_dags/tutorial.py
[2023-08-26T17:22:52.971+0000] {logging_mixin.py:120} INFO - [2023-08-26T17:22:52.971+0000] {dag.py:2585} INFO - Sync 1 DAGs
[2023-08-26T17:22:52.986+0000] {logging_mixin.py:120} INFO - [2023-08-26T17:22:52.986+0000] {dag.py:3340} INFO - Setting next_dagrun for tutorial to 2023-08-25T17:22:52.986226+00:00, run_after=2023-08-26T17:22:52.986226+00:00
[2023-08-26T17:22:52.996+0000] {processor.py:176} INFO - Processing /home/airflow/.local/lib/python3.7/site-packages/airflow/example_dags/tutorial.py took 0.063 seconds
[2023-08-26T17:23:23.235+0000] {processor.py:154} INFO - Started process (PID=2447) to work on /home/airflow/.local/lib/python3.7/site-packages/airflow/example_dags/tutorial.py
[2023-08-26T17:23:23.236+0000] {processor.py:756} INFO - Processing file /home/airflow/.local/lib/python3.7/site-packages/airflow/example_dags/tutorial.py for tasks to queue
[2023-08-26T17:23:23.236+0000] {logging_mixin.py:120} INFO - [2023-08-26T17:23:23.236+0000] {dagbag.py:537} INFO - Filling up the DagBag from /home/airflow/.local/lib/python3.7/site-packages/airflow/example_dags/tutorial.py
[2023-08-26T17:23:23.246+0000] {processor.py:766} INFO - DAG(s) dict_keys(['tutorial']) retrieved from /home/airflow/.local/lib/python3.7/site-packages/airflow/example_dags/tutorial.py
[2023-08-26T17:23:23.276+0000] {logging_mixin.py:120} INFO - [2023-08-26T17:23:23.276+0000] {dag.py:2585} INFO - Sync 1 DAGs
[2023-08-26T17:23:23.293+0000] {logging_mixin.py:120} INFO - [2023-08-26T17:23:23.293+0000] {dag.py:3340} INFO - Setting next_dagrun for tutorial to 2023-08-25T17:23:23.292823+00:00, run_after=2023-08-26T17:23:23.292823+00:00
[2023-08-26T17:23:23.303+0000] {processor.py:176} INFO - Processing /home/airflow/.local/lib/python3.7/site-packages/airflow/example_dags/tutorial.py took 0.070 seconds
[2023-08-26T17:23:53.557+0000] {processor.py:154} INFO - Started process (PID=2509) to work on /home/airflow/.local/lib/python3.7/site-packages/airflow/example_dags/tutorial.py
[2023-08-26T17:23:53.558+0000] {processor.py:756} INFO - Processing file /home/airflow/.local/lib/python3.7/site-packages/airflow/example_dags/tutorial.py for tasks to queue
[2023-08-26T17:23:53.559+0000] {logging_mixin.py:120} INFO - [2023-08-26T17:23:53.558+0000] {dagbag.py:537} INFO - Filling up the DagBag from /home/airflow/.local/lib/python3.7/site-packages/airflow/example_dags/tutorial.py
[2023-08-26T17:23:53.569+0000] {processor.py:766} INFO - DAG(s) dict_keys(['tutorial']) retrieved from /home/airflow/.local/lib/python3.7/site-packages/airflow/example_dags/tutorial.py
[2023-08-26T17:23:53.596+0000] {logging_mixin.py:120} INFO - [2023-08-26T17:23:53.596+0000] {dag.py:2585} INFO - Sync 1 DAGs
[2023-08-26T17:23:53.609+0000] {logging_mixin.py:120} INFO - [2023-08-26T17:23:53.609+0000] {dag.py:3340} INFO - Setting next_dagrun for tutorial to 2023-08-25T17:23:53.609705+00:00, run_after=2023-08-26T17:23:53.609705+00:00
[2023-08-26T17:23:53.621+0000] {processor.py:176} INFO - Processing /home/airflow/.local/lib/python3.7/site-packages/airflow/example_dags/tutorial.py took 0.066 seconds
[2023-08-26T17:24:23.653+0000] {processor.py:154} INFO - Started process (PID=2564) to work on /home/airflow/.local/lib/python3.7/site-packages/airflow/example_dags/tutorial.py
[2023-08-26T17:24:23.653+0000] {processor.py:756} INFO - Processing file /home/airflow/.local/lib/python3.7/site-packages/airflow/example_dags/tutorial.py for tasks to queue
[2023-08-26T17:24:23.654+0000] {logging_mixin.py:120} INFO - [2023-08-26T17:24:23.654+0000] {dagbag.py:537} INFO - Filling up the DagBag from /home/airflow/.local/lib/python3.7/site-packages/airflow/example_dags/tutorial.py
[2023-08-26T17:24:23.663+0000] {processor.py:766} INFO - DAG(s) dict_keys(['tutorial']) retrieved from /home/airflow/.local/lib/python3.7/site-packages/airflow/example_dags/tutorial.py
[2023-08-26T17:24:23.688+0000] {logging_mixin.py:120} INFO - [2023-08-26T17:24:23.688+0000] {dag.py:2585} INFO - Sync 1 DAGs
[2023-08-26T17:24:23.703+0000] {logging_mixin.py:120} INFO - [2023-08-26T17:24:23.703+0000] {dag.py:3340} INFO - Setting next_dagrun for tutorial to 2023-08-25T17:24:23.702955+00:00, run_after=2023-08-26T17:24:23.702955+00:00
[2023-08-26T17:24:23.713+0000] {processor.py:176} INFO - Processing /home/airflow/.local/lib/python3.7/site-packages/airflow/example_dags/tutorial.py took 0.062 seconds
[2023-08-26T17:24:54.002+0000] {processor.py:154} INFO - Started process (PID=2628) to work on /home/airflow/.local/lib/python3.7/site-packages/airflow/example_dags/tutorial.py
[2023-08-26T17:24:54.002+0000] {processor.py:756} INFO - Processing file /home/airflow/.local/lib/python3.7/site-packages/airflow/example_dags/tutorial.py for tasks to queue
[2023-08-26T17:24:54.003+0000] {logging_mixin.py:120} INFO - [2023-08-26T17:24:54.003+0000] {dagbag.py:537} INFO - Filling up the DagBag from /home/airflow/.local/lib/python3.7/site-packages/airflow/example_dags/tutorial.py
[2023-08-26T17:24:54.013+0000] {processor.py:766} INFO - DAG(s) dict_keys(['tutorial']) retrieved from /home/airflow/.local/lib/python3.7/site-packages/airflow/example_dags/tutorial.py
[2023-08-26T17:24:54.040+0000] {logging_mixin.py:120} INFO - [2023-08-26T17:24:54.040+0000] {dag.py:2585} INFO - Sync 1 DAGs
[2023-08-26T17:24:54.055+0000] {logging_mixin.py:120} INFO - [2023-08-26T17:24:54.055+0000] {dag.py:3340} INFO - Setting next_dagrun for tutorial to 2023-08-25T17:24:54.054860+00:00, run_after=2023-08-26T17:24:54.054860+00:00
[2023-08-26T17:24:54.065+0000] {processor.py:176} INFO - Processing /home/airflow/.local/lib/python3.7/site-packages/airflow/example_dags/tutorial.py took 0.065 seconds
[2023-08-26T17:25:24.343+0000] {processor.py:154} INFO - Started process (PID=2692) to work on /home/airflow/.local/lib/python3.7/site-packages/airflow/example_dags/tutorial.py
[2023-08-26T17:25:24.344+0000] {processor.py:756} INFO - Processing file /home/airflow/.local/lib/python3.7/site-packages/airflow/example_dags/tutorial.py for tasks to queue
[2023-08-26T17:25:24.344+0000] {logging_mixin.py:120} INFO - [2023-08-26T17:25:24.344+0000] {dagbag.py:537} INFO - Filling up the DagBag from /home/airflow/.local/lib/python3.7/site-packages/airflow/example_dags/tutorial.py
[2023-08-26T17:25:24.353+0000] {processor.py:766} INFO - DAG(s) dict_keys(['tutorial']) retrieved from /home/airflow/.local/lib/python3.7/site-packages/airflow/example_dags/tutorial.py
[2023-08-26T17:25:24.388+0000] {logging_mixin.py:120} INFO - [2023-08-26T17:25:24.388+0000] {dag.py:2585} INFO - Sync 1 DAGs
[2023-08-26T17:25:24.405+0000] {logging_mixin.py:120} INFO - [2023-08-26T17:25:24.405+0000] {dag.py:3340} INFO - Setting next_dagrun for tutorial to 2023-08-25T17:25:24.405539+00:00, run_after=2023-08-26T17:25:24.405539+00:00
[2023-08-26T17:25:24.416+0000] {processor.py:176} INFO - Processing /home/airflow/.local/lib/python3.7/site-packages/airflow/example_dags/tutorial.py took 0.075 seconds
[2023-08-26T17:25:54.542+0000] {processor.py:154} INFO - Started process (PID=2754) to work on /home/airflow/.local/lib/python3.7/site-packages/airflow/example_dags/tutorial.py
[2023-08-26T17:25:54.543+0000] {processor.py:756} INFO - Processing file /home/airflow/.local/lib/python3.7/site-packages/airflow/example_dags/tutorial.py for tasks to queue
[2023-08-26T17:25:54.543+0000] {logging_mixin.py:120} INFO - [2023-08-26T17:25:54.543+0000] {dagbag.py:537} INFO - Filling up the DagBag from /home/airflow/.local/lib/python3.7/site-packages/airflow/example_dags/tutorial.py
[2023-08-26T17:25:54.552+0000] {processor.py:766} INFO - DAG(s) dict_keys(['tutorial']) retrieved from /home/airflow/.local/lib/python3.7/site-packages/airflow/example_dags/tutorial.py
[2023-08-26T17:25:54.577+0000] {logging_mixin.py:120} INFO - [2023-08-26T17:25:54.577+0000] {dag.py:2585} INFO - Sync 1 DAGs
[2023-08-26T17:25:54.591+0000] {logging_mixin.py:120} INFO - [2023-08-26T17:25:54.591+0000] {dag.py:3340} INFO - Setting next_dagrun for tutorial to 2023-08-25T17:25:54.590958+00:00, run_after=2023-08-26T17:25:54.590958+00:00
[2023-08-26T17:25:54.600+0000] {processor.py:176} INFO - Processing /home/airflow/.local/lib/python3.7/site-packages/airflow/example_dags/tutorial.py took 0.061 seconds
[2023-08-26T17:26:24.625+0000] {processor.py:154} INFO - Started process (PID=2817) to work on /home/airflow/.local/lib/python3.7/site-packages/airflow/example_dags/tutorial.py
[2023-08-26T17:26:24.626+0000] {processor.py:756} INFO - Processing file /home/airflow/.local/lib/python3.7/site-packages/airflow/example_dags/tutorial.py for tasks to queue
[2023-08-26T17:26:24.626+0000] {logging_mixin.py:120} INFO - [2023-08-26T17:26:24.626+0000] {dagbag.py:537} INFO - Filling up the DagBag from /home/airflow/.local/lib/python3.7/site-packages/airflow/example_dags/tutorial.py
[2023-08-26T17:26:24.639+0000] {processor.py:766} INFO - DAG(s) dict_keys(['tutorial']) retrieved from /home/airflow/.local/lib/python3.7/site-packages/airflow/example_dags/tutorial.py
[2023-08-26T17:26:24.670+0000] {logging_mixin.py:120} INFO - [2023-08-26T17:26:24.669+0000] {dag.py:2585} INFO - Sync 1 DAGs
[2023-08-26T17:26:24.684+0000] {logging_mixin.py:120} INFO - [2023-08-26T17:26:24.684+0000] {dag.py:3340} INFO - Setting next_dagrun for tutorial to 2023-08-25T17:26:24.684284+00:00, run_after=2023-08-26T17:26:24.684284+00:00
[2023-08-26T17:26:24.694+0000] {processor.py:176} INFO - Processing /home/airflow/.local/lib/python3.7/site-packages/airflow/example_dags/tutorial.py took 0.072 seconds
[2023-08-26T17:26:55.678+0000] {processor.py:154} INFO - Started process (PID=2871) to work on /home/airflow/.local/lib/python3.7/site-packages/airflow/example_dags/tutorial.py
[2023-08-26T17:26:55.679+0000] {processor.py:756} INFO - Processing file /home/airflow/.local/lib/python3.7/site-packages/airflow/example_dags/tutorial.py for tasks to queue
[2023-08-26T17:26:55.679+0000] {logging_mixin.py:120} INFO - [2023-08-26T17:26:55.679+0000] {dagbag.py:537} INFO - Filling up the DagBag from /home/airflow/.local/lib/python3.7/site-packages/airflow/example_dags/tutorial.py
[2023-08-26T17:26:55.689+0000] {processor.py:766} INFO - DAG(s) dict_keys(['tutorial']) retrieved from /home/airflow/.local/lib/python3.7/site-packages/airflow/example_dags/tutorial.py
[2023-08-26T17:26:55.714+0000] {logging_mixin.py:120} INFO - [2023-08-26T17:26:55.713+0000] {dag.py:2585} INFO - Sync 1 DAGs
[2023-08-26T17:26:55.728+0000] {logging_mixin.py:120} INFO - [2023-08-26T17:26:55.728+0000] {dag.py:3340} INFO - Setting next_dagrun for tutorial to 2023-08-25T17:26:55.728226+00:00, run_after=2023-08-26T17:26:55.728226+00:00
[2023-08-26T17:26:55.739+0000] {processor.py:176} INFO - Processing /home/airflow/.local/lib/python3.7/site-packages/airflow/example_dags/tutorial.py took 0.063 seconds
[2023-08-26T17:27:26.678+0000] {processor.py:154} INFO - Started process (PID=2932) to work on /home/airflow/.local/lib/python3.7/site-packages/airflow/example_dags/tutorial.py
[2023-08-26T17:27:26.679+0000] {processor.py:756} INFO - Processing file /home/airflow/.local/lib/python3.7/site-packages/airflow/example_dags/tutorial.py for tasks to queue
[2023-08-26T17:27:26.680+0000] {logging_mixin.py:120} INFO - [2023-08-26T17:27:26.680+0000] {dagbag.py:537} INFO - Filling up the DagBag from /home/airflow/.local/lib/python3.7/site-packages/airflow/example_dags/tutorial.py
[2023-08-26T17:27:26.691+0000] {processor.py:766} INFO - DAG(s) dict_keys(['tutorial']) retrieved from /home/airflow/.local/lib/python3.7/site-packages/airflow/example_dags/tutorial.py
[2023-08-26T17:27:26.720+0000] {logging_mixin.py:120} INFO - [2023-08-26T17:27:26.720+0000] {dag.py:2585} INFO - Sync 1 DAGs
[2023-08-26T17:27:26.735+0000] {logging_mixin.py:120} INFO - [2023-08-26T17:27:26.735+0000] {dag.py:3340} INFO - Setting next_dagrun for tutorial to 2023-08-25T17:27:26.735111+00:00, run_after=2023-08-26T17:27:26.735111+00:00
[2023-08-26T17:27:26.747+0000] {processor.py:176} INFO - Processing /home/airflow/.local/lib/python3.7/site-packages/airflow/example_dags/tutorial.py took 0.071 seconds
[2023-08-26T17:27:56.834+0000] {processor.py:154} INFO - Started process (PID=2994) to work on /home/airflow/.local/lib/python3.7/site-packages/airflow/example_dags/tutorial.py
[2023-08-26T17:27:56.835+0000] {processor.py:756} INFO - Processing file /home/airflow/.local/lib/python3.7/site-packages/airflow/example_dags/tutorial.py for tasks to queue
[2023-08-26T17:27:56.836+0000] {logging_mixin.py:120} INFO - [2023-08-26T17:27:56.836+0000] {dagbag.py:537} INFO - Filling up the DagBag from /home/airflow/.local/lib/python3.7/site-packages/airflow/example_dags/tutorial.py
[2023-08-26T17:27:56.845+0000] {processor.py:766} INFO - DAG(s) dict_keys(['tutorial']) retrieved from /home/airflow/.local/lib/python3.7/site-packages/airflow/example_dags/tutorial.py
[2023-08-26T17:27:56.871+0000] {logging_mixin.py:120} INFO - [2023-08-26T17:27:56.871+0000] {dag.py:2585} INFO - Sync 1 DAGs
[2023-08-26T17:27:56.885+0000] {logging_mixin.py:120} INFO - [2023-08-26T17:27:56.885+0000] {dag.py:3340} INFO - Setting next_dagrun for tutorial to 2023-08-25T17:27:56.884973+00:00, run_after=2023-08-26T17:27:56.884973+00:00
[2023-08-26T17:27:56.895+0000] {processor.py:176} INFO - Processing /home/airflow/.local/lib/python3.7/site-packages/airflow/example_dags/tutorial.py took 0.062 seconds
[2023-08-26T17:28:26.946+0000] {processor.py:154} INFO - Started process (PID=3057) to work on /home/airflow/.local/lib/python3.7/site-packages/airflow/example_dags/tutorial.py
[2023-08-26T17:28:26.946+0000] {processor.py:756} INFO - Processing file /home/airflow/.local/lib/python3.7/site-packages/airflow/example_dags/tutorial.py for tasks to queue
[2023-08-26T17:28:26.947+0000] {logging_mixin.py:120} INFO - [2023-08-26T17:28:26.947+0000] {dagbag.py:537} INFO - Filling up the DagBag from /home/airflow/.local/lib/python3.7/site-packages/airflow/example_dags/tutorial.py
[2023-08-26T17:28:26.956+0000] {processor.py:766} INFO - DAG(s) dict_keys(['tutorial']) retrieved from /home/airflow/.local/lib/python3.7/site-packages/airflow/example_dags/tutorial.py
[2023-08-26T17:28:26.980+0000] {logging_mixin.py:120} INFO - [2023-08-26T17:28:26.980+0000] {dag.py:2585} INFO - Sync 1 DAGs
[2023-08-26T17:28:26.994+0000] {logging_mixin.py:120} INFO - [2023-08-26T17:28:26.994+0000] {dag.py:3340} INFO - Setting next_dagrun for tutorial to 2023-08-25T17:28:26.994172+00:00, run_after=2023-08-26T17:28:26.994172+00:00
[2023-08-26T17:28:27.003+0000] {processor.py:176} INFO - Processing /home/airflow/.local/lib/python3.7/site-packages/airflow/example_dags/tutorial.py took 0.060 seconds
[2023-08-26T17:28:58.120+0000] {processor.py:154} INFO - Started process (PID=3119) to work on /home/airflow/.local/lib/python3.7/site-packages/airflow/example_dags/tutorial.py
[2023-08-26T17:28:58.121+0000] {processor.py:756} INFO - Processing file /home/airflow/.local/lib/python3.7/site-packages/airflow/example_dags/tutorial.py for tasks to queue
[2023-08-26T17:28:58.122+0000] {logging_mixin.py:120} INFO - [2023-08-26T17:28:58.122+0000] {dagbag.py:537} INFO - Filling up the DagBag from /home/airflow/.local/lib/python3.7/site-packages/airflow/example_dags/tutorial.py
[2023-08-26T17:28:58.131+0000] {processor.py:766} INFO - DAG(s) dict_keys(['tutorial']) retrieved from /home/airflow/.local/lib/python3.7/site-packages/airflow/example_dags/tutorial.py
[2023-08-26T17:28:58.157+0000] {logging_mixin.py:120} INFO - [2023-08-26T17:28:58.157+0000] {dag.py:2585} INFO - Sync 1 DAGs
[2023-08-26T17:28:58.172+0000] {logging_mixin.py:120} INFO - [2023-08-26T17:28:58.172+0000] {dag.py:3340} INFO - Setting next_dagrun for tutorial to 2023-08-25T17:28:58.171997+00:00, run_after=2023-08-26T17:28:58.171997+00:00
[2023-08-26T17:28:58.183+0000] {processor.py:176} INFO - Processing /home/airflow/.local/lib/python3.7/site-packages/airflow/example_dags/tutorial.py took 0.065 seconds
[2023-08-26T17:29:28.388+0000] {processor.py:154} INFO - Started process (PID=3182) to work on /home/airflow/.local/lib/python3.7/site-packages/airflow/example_dags/tutorial.py
[2023-08-26T17:29:28.389+0000] {processor.py:756} INFO - Processing file /home/airflow/.local/lib/python3.7/site-packages/airflow/example_dags/tutorial.py for tasks to queue
[2023-08-26T17:29:28.390+0000] {logging_mixin.py:120} INFO - [2023-08-26T17:29:28.390+0000] {dagbag.py:537} INFO - Filling up the DagBag from /home/airflow/.local/lib/python3.7/site-packages/airflow/example_dags/tutorial.py
[2023-08-26T17:29:28.401+0000] {processor.py:766} INFO - DAG(s) dict_keys(['tutorial']) retrieved from /home/airflow/.local/lib/python3.7/site-packages/airflow/example_dags/tutorial.py
[2023-08-26T17:29:28.431+0000] {logging_mixin.py:120} INFO - [2023-08-26T17:29:28.431+0000] {dag.py:2585} INFO - Sync 1 DAGs
[2023-08-26T17:29:28.446+0000] {logging_mixin.py:120} INFO - [2023-08-26T17:29:28.446+0000] {dag.py:3340} INFO - Setting next_dagrun for tutorial to 2023-08-25T17:29:28.446187+00:00, run_after=2023-08-26T17:29:28.446187+00:00
[2023-08-26T17:29:28.458+0000] {processor.py:176} INFO - Processing /home/airflow/.local/lib/python3.7/site-packages/airflow/example_dags/tutorial.py took 0.075 seconds
[2023-08-26T17:29:58.535+0000] {processor.py:154} INFO - Started process (PID=3236) to work on /home/airflow/.local/lib/python3.7/site-packages/airflow/example_dags/tutorial.py
[2023-08-26T17:29:58.536+0000] {processor.py:756} INFO - Processing file /home/airflow/.local/lib/python3.7/site-packages/airflow/example_dags/tutorial.py for tasks to queue
[2023-08-26T17:29:58.536+0000] {logging_mixin.py:120} INFO - [2023-08-26T17:29:58.536+0000] {dagbag.py:537} INFO - Filling up the DagBag from /home/airflow/.local/lib/python3.7/site-packages/airflow/example_dags/tutorial.py
[2023-08-26T17:29:58.547+0000] {processor.py:766} INFO - DAG(s) dict_keys(['tutorial']) retrieved from /home/airflow/.local/lib/python3.7/site-packages/airflow/example_dags/tutorial.py
[2023-08-26T17:29:58.578+0000] {logging_mixin.py:120} INFO - [2023-08-26T17:29:58.578+0000] {dag.py:2585} INFO - Sync 1 DAGs
[2023-08-26T17:29:58.598+0000] {logging_mixin.py:120} INFO - [2023-08-26T17:29:58.597+0000] {dag.py:3340} INFO - Setting next_dagrun for tutorial to 2023-08-25T17:29:58.597637+00:00, run_after=2023-08-26T17:29:58.597637+00:00
[2023-08-26T17:29:58.612+0000] {processor.py:176} INFO - Processing /home/airflow/.local/lib/python3.7/site-packages/airflow/example_dags/tutorial.py took 0.080 seconds
[2023-08-26T17:30:28.840+0000] {processor.py:154} INFO - Started process (PID=3299) to work on /home/airflow/.local/lib/python3.7/site-packages/airflow/example_dags/tutorial.py
[2023-08-26T17:30:28.841+0000] {processor.py:756} INFO - Processing file /home/airflow/.local/lib/python3.7/site-packages/airflow/example_dags/tutorial.py for tasks to queue
[2023-08-26T17:30:28.842+0000] {logging_mixin.py:120} INFO - [2023-08-26T17:30:28.842+0000] {dagbag.py:537} INFO - Filling up the DagBag from /home/airflow/.local/lib/python3.7/site-packages/airflow/example_dags/tutorial.py
[2023-08-26T17:30:28.852+0000] {processor.py:766} INFO - DAG(s) dict_keys(['tutorial']) retrieved from /home/airflow/.local/lib/python3.7/site-packages/airflow/example_dags/tutorial.py
[2023-08-26T17:30:28.877+0000] {logging_mixin.py:120} INFO - [2023-08-26T17:30:28.877+0000] {dag.py:2585} INFO - Sync 1 DAGs
[2023-08-26T17:30:28.892+0000] {logging_mixin.py:120} INFO - [2023-08-26T17:30:28.892+0000] {dag.py:3340} INFO - Setting next_dagrun for tutorial to 2023-08-25T17:30:28.892334+00:00, run_after=2023-08-26T17:30:28.892334+00:00
[2023-08-26T17:30:28.903+0000] {processor.py:176} INFO - Processing /home/airflow/.local/lib/python3.7/site-packages/airflow/example_dags/tutorial.py took 0.065 seconds
[2023-08-26T17:30:58.990+0000] {processor.py:154} INFO - Started process (PID=3362) to work on /home/airflow/.local/lib/python3.7/site-packages/airflow/example_dags/tutorial.py
[2023-08-26T17:30:58.991+0000] {processor.py:756} INFO - Processing file /home/airflow/.local/lib/python3.7/site-packages/airflow/example_dags/tutorial.py for tasks to queue
[2023-08-26T17:30:58.991+0000] {logging_mixin.py:120} INFO - [2023-08-26T17:30:58.991+0000] {dagbag.py:537} INFO - Filling up the DagBag from /home/airflow/.local/lib/python3.7/site-packages/airflow/example_dags/tutorial.py
[2023-08-26T17:30:59.003+0000] {processor.py:766} INFO - DAG(s) dict_keys(['tutorial']) retrieved from /home/airflow/.local/lib/python3.7/site-packages/airflow/example_dags/tutorial.py
[2023-08-26T17:30:59.034+0000] {logging_mixin.py:120} INFO - [2023-08-26T17:30:59.034+0000] {dag.py:2585} INFO - Sync 1 DAGs
[2023-08-26T17:30:59.051+0000] {logging_mixin.py:120} INFO - [2023-08-26T17:30:59.051+0000] {dag.py:3340} INFO - Setting next_dagrun for tutorial to 2023-08-25T17:30:59.051486+00:00, run_after=2023-08-26T17:30:59.051486+00:00
[2023-08-26T17:30:59.064+0000] {processor.py:176} INFO - Processing /home/airflow/.local/lib/python3.7/site-packages/airflow/example_dags/tutorial.py took 0.076 seconds
[2023-08-26T17:31:29.291+0000] {processor.py:154} INFO - Started process (PID=3425) to work on /home/airflow/.local/lib/python3.7/site-packages/airflow/example_dags/tutorial.py
[2023-08-26T17:31:29.292+0000] {processor.py:756} INFO - Processing file /home/airflow/.local/lib/python3.7/site-packages/airflow/example_dags/tutorial.py for tasks to queue
[2023-08-26T17:31:29.292+0000] {logging_mixin.py:120} INFO - [2023-08-26T17:31:29.292+0000] {dagbag.py:537} INFO - Filling up the DagBag from /home/airflow/.local/lib/python3.7/site-packages/airflow/example_dags/tutorial.py
[2023-08-26T17:31:29.302+0000] {processor.py:766} INFO - DAG(s) dict_keys(['tutorial']) retrieved from /home/airflow/.local/lib/python3.7/site-packages/airflow/example_dags/tutorial.py
[2023-08-26T17:31:29.328+0000] {logging_mixin.py:120} INFO - [2023-08-26T17:31:29.328+0000] {dag.py:2585} INFO - Sync 1 DAGs
[2023-08-26T17:31:29.343+0000] {logging_mixin.py:120} INFO - [2023-08-26T17:31:29.343+0000] {dag.py:3340} INFO - Setting next_dagrun for tutorial to 2023-08-25T17:31:29.343063+00:00, run_after=2023-08-26T17:31:29.343063+00:00
[2023-08-26T17:31:29.354+0000] {processor.py:176} INFO - Processing /home/airflow/.local/lib/python3.7/site-packages/airflow/example_dags/tutorial.py took 0.065 seconds
